#
# A fatal error has been detected by the Java Runtime Environment:
#
#  EXCEPTION_ACCESS_VIOLATION (0xc0000005) at pc=0x00007ffbc2d066f0, pid=7264, tid=19660
#
# JRE version: Java(TM) SE Runtime Environment (19.0.1+10) (build 19.0.1+10-21)
# Java VM: Java HotSpot(TM) 64-Bit Server VM (19.0.1+10-21, mixed mode, sharing, tiered, compressed oops, compressed class ptrs, g1 gc, windows-amd64)
# Problematic frame:
# C  [glass.dll+0x266f0]
#
# No core dump will be written. Minidumps are not enabled by default on client versions of Windows
#
# If you would like to submit a bug report, please visit:
#   https://bugreport.java.com/bugreport/crash.jsp
#

---------------  S U M M A R Y ------------

Command Line: --module-path=C:\Users\Gabriel\Downloads\teste4\Trabalho-Final-POO\batalha-pokemon\target\classes;C:\Users\Gabriel\.m2\repository\org\openjfx\javafx-base\13\javafx-base-13-win.jar;C:\Users\Gabriel\.m2\repository\org\openjfx\javafx-controls\13\javafx-controls-13-win.jar;C:\Users\Gabriel\.m2\repository\org\openjfx\javafx-fxml\13\javafx-fxml-13-win.jar;C:\Users\Gabriel\.m2\repository\org\openjfx\javafx-graphics\13\javafx-graphics-13-win.jar --add-modules=poo -Djdk.module.main=poo poo/poo.App

Host: Intel(R) Core(TM) i7-6700HQ CPU @ 2.60GHz, 8 cores, 7G,  Windows 10 , 64 bit Build 19041 (10.0.19041.2251)
Time: Wed Nov 30 11:29:45 2022 Hora oficial do Brasil elapsed time: 59.377175 seconds (0d 0h 0m 59s)

---------------  T H R E A D  ---------------

Current thread (0x000002771cf9b430):  VMThread "VM Thread" [stack: 0x0000008003e00000,0x0000008003f00000] [id=19660]

Stack: [0x0000008003e00000,0x0000008003f00000],  sp=0x0000008003eff170,  free space=1020k
Native frames: (J=compiled Java code, j=interpreted, Vv=VM code, C=native code)
C  [glass.dll+0x266f0]


siginfo: EXCEPTION_ACCESS_VIOLATION (0xc0000005), reading address 0x0000000000000000


Registers:
RAX=0x0000000000000000, RBX=0x000002771cface08, RCX=0x000002771cf9b430, RDX=0x0000008003eff170
RSP=0x0000008003eff170, RBP=0x0000027722080318, RSI=0x00000277220802f0, RDI=0x0000df74c3eed1b4
R8 =0x0000000000010002, R9 =0x0000df74c3eed1b4, R10=0x0000000000008000, R11=0x0000008003eff110
R12=0x00007ffbc2d03b84, R13=0x00007ffbb88472a0, R14=0x0000008003eff278, R15=0x00000277220802f0
RIP=0x00007ffbc2d066f0, EFLAGS=0x0000000000010202


Register to memory mapping:

RIP=0x00007ffbc2d066f0 glass.dll
RAX=0x0 is NULL
RBX=0x000002771cface08 is a global jni handle
RCX=0x000002771cf9b430 points into unknown readable memory: 0x00007ffbb86545e8 | e8 45 65 b8 fb 7f 00 00
RDX=0x0000008003eff170 points into unknown readable memory: 0x0000000000000000 | 00 00 00 00 00 00 00 00
RSP=0x0000008003eff170 points into unknown readable memory: 0x0000000000000000 | 00 00 00 00 00 00 00 00
RBP=0x0000027722080318 points into unknown readable memory: 0x0000df74c3eed1b4 | b4 d1 ee c3 74 df 00 00
RSI=0x00000277220802f0 points into unknown readable memory: 0x66c0df733c52fcb7 | b7 fc 52 3c 73 df c0 66
RDI=0x0000df74c3eed1b4 is an unknown value
R8 =0x0000000000010002 is an unknown value
R9 =0x0000df74c3eed1b4 is an unknown value
R10=0x0000000000008000 is an unknown value
R11=0x0000008003eff110 points into unknown readable memory: 0x00000277220802f0 | f0 02 08 22 77 02 00 00
R12=0x00007ffbc2d03b84 glass.dll
R13=0x00007ffbb88472a0 jvm.dll
R14=0x0000008003eff278 points into unknown readable memory: 0x0000008003eff260 | 60 f2 ef 03 80 00 00 00
R15=0x00000277220802f0 points into unknown readable memory: 0x66c0df733c52fcb7 | b7 fc 52 3c 73 df c0 66


Top of Stack: (sp=0x0000008003eff170)
0x0000008003eff170:   0000000000000000 00007ffbe653f05b
0x0000008003eff180:   0000027722080300 00000277220802f0
0x0000008003eff190:   fffffffffffffffe 00007ffbc2d03b84
0x0000008003eff1a0:   00000277220802f8 00007ffbe65442d6
0x0000008003eff1b0:   0000027722080300 0000027700000000
0x0000008003eff1c0:   0000027722080318 00000277220802f0
0x0000008003eff1d0:   fffffffffffffffe 0000000000000000
0x0000008003eff1e0:   0000000000000001 00007ffbc2ce0000
0x0000008003eff1f0:   0000008003eff268 00007ffbe65441fb
0x0000008003eff200:   0000000000000000 0000008003eff278
0x0000008003eff210:   0000008003eff530 00007ffbe6620e40
0x0000008003eff220:   0000000000000000 00007ffbe65441b4
0x0000008003eff230:   0000000000000000 0000000000000001
0x0000008003eff240:   0000000000000001 0000008003eff268
0x0000008003eff250:   0000000000000006 00007ffbc2d03a12
0x0000008003eff260:   00007ffbc2d1d118 0000008000000002 

Instructions: (pc=0x00007ffbc2d066f0)
0x00007ffbc2d065f0:   8b 4d 60 e8 98 c9 ff ff 48 8b 55 68 48 8b 8d 08
0x00007ffbc2d06600:   01 00 00 e8 49 be ff ff 33 d2 33 c9 e8 49 de ff
0x00007ffbc2d06610:   ff 90 cc cc cc cc cc cc cc cc cc cc cc cc cc cc
0x00007ffbc2d06620:   48 8d 8a 80 00 00 00 e9 14 e9 fe ff 48 89 54 24
0x00007ffbc2d06630:   10 55 48 83 ec 20 48 8b ea 48 8d 05 dd ca ff ff
0x00007ffbc2d06640:   48 83 c4 20 5d c3 cc 40 55 48 8b ea 48 8b 01 33
0x00007ffbc2d06650:   c9 81 38 05 00 00 c0 0f 94 c1 8b c1 5d c3 cc 40
0x00007ffbc2d06660:   55 48 83 ec 20 48 8b ea 8a 4d 40 48 83 c4 20 5d
0x00007ffbc2d06670:   e9 df cd ff ff cc 40 55 48 83 ec 20 48 8b ea e8
0x00007ffbc2d06680:   fc cb ff ff 8a 4d 38 48 83 c4 20 5d e9 c3 cd ff
0x00007ffbc2d06690:   ff cc 40 55 48 83 ec 30 48 8b ea 48 8b 01 8b 10
0x00007ffbc2d066a0:   48 89 4c 24 28 89 54 24 20 4c 8d 0d a4 d1 ff ff
0x00007ffbc2d066b0:   4c 8b 45 70 8b 55 68 48 8b 4d 60 e8 30 cb ff ff
0x00007ffbc2d066c0:   90 48 83 c4 30 5d c3 cc cc cc cc cc cc cc cc cc
0x00007ffbc2d066d0:   40 53 48 83 ec 30 48 c7 44 24 20 fe ff ff ff 48
0x00007ffbc2d066e0:   8b 1d 2a 64 01 00 48 85 db 74 16 e8 90 85 ff ff
0x00007ffbc2d066f0:   4c 8b 00 48 8b d3 48 8b c8 41 ff 90 b0 00 00 00
0x00007ffbc2d06700:   90 48 83 c4 30 5b c3 cc cc cc cc cc cc cc cc cc
0x00007ffbc2d06710:   40 53 48 83 ec 20 48 8b 1d 9b 65 01 00 48 85 db
0x00007ffbc2d06720:   74 57 b8 ff ff ff ff f0 0f c1 43 10 83 f8 01 75
0x00007ffbc2d06730:   3d 48 85 db 74 38 48 8b 0b 48 85 c9 74 0d ff 15
0x00007ffbc2d06740:   64 0b 00 00 48 c7 03 00 00 00 00 48 8b 4b 08 48
0x00007ffbc2d06750:   85 c9 74 0d e8 37 c8 ff ff 48 c7 43 08 00 00 00
0x00007ffbc2d06760:   00 ba 18 00 00 00 48 8b cb e8 22 c8 ff ff 48 c7
0x00007ffbc2d06770:   05 3f 65 01 00 00 00 00 00 48 83 c4 20 5b c3 cc
0x00007ffbc2d06780:   40 53 48 83 ec 20 48 8b 1d 0b 65 01 00 48 85 db
0x00007ffbc2d06790:   74 57 b8 ff ff ff ff f0 0f c1 43 10 83 f8 01 75
0x00007ffbc2d067a0:   3d 48 85 db 74 38 48 8b 0b 48 85 c9 74 0d ff 15
0x00007ffbc2d067b0:   f4 0a 00 00 48 c7 03 00 00 00 00 48 8b 4b 08 48
0x00007ffbc2d067c0:   85 c9 74 0d e8 c7 c7 ff ff 48 c7 43 08 00 00 00
0x00007ffbc2d067d0:   00 ba 18 00 00 00 48 8b cb e8 b2 c7 ff ff 48 c7
0x00007ffbc2d067e0:   05 af 64 01 00 00 00 00 00 48 83 c4 20 5b c3 cc 


Stack slot to memory mapping:
stack at sp + 0 slots: 0x0 is NULL
stack at sp + 1 slots: 0x00007ffbe653f05b ucrtbase.dll
stack at sp + 2 slots: 0x0000027722080300 points into unknown readable memory: 0x0000df74c3eed1b4 | b4 d1 ee c3 74 df 00 00
stack at sp + 3 slots: 0x00000277220802f0 points into unknown readable memory: 0x66c0df733c52fcb7 | b7 fc 52 3c 73 df c0 66
stack at sp + 4 slots: 0xfffffffffffffffe is an unknown value
stack at sp + 5 slots: 0x00007ffbc2d03b84 glass.dll
stack at sp + 6 slots: 0x00000277220802f8 points into unknown readable memory: 0x0000df74c3eed1b4 | b4 d1 ee c3 74 df 00 00
stack at sp + 7 slots: 0x00007ffbe65442d6 ucrtbase.dll

VM_Operation (0x0000008004eea450): Exit, mode: safepoint, requested by thread 0x0000027721fa5a00


---------------  P R O C E S S  ---------------

Threads class SMR info:
_java_thread_list=0x0000027721c24e10, length=20, elements={
0x000002777e6fc150, 0x000002771cfb0d80, 0x000002771cfb1f80, 0x000002771cfb4eb0,
0x000002771cfb7dc0, 0x000002771cfb8300, 0x000002771cfc1980, 0x000002771cfc6db0,
0x000002771cfc9340, 0x000002771cfe1910, 0x000002771cf890a0, 0x00000277215f18f0,
0x0000027721ad7590, 0x0000027721fa5040, 0x0000027721fa5a00, 0x00000277221a6a00,
0x00000277221dcc60, 0x00000277224b5e30, 0x00000277224b7370, 0x00000277224b68d0
}

Java Threads: ( => current thread )
  0x000002777e6fc150 JavaThread "main" [_thread_blocked, id=13540, stack(0x0000008003800000,0x0000008003900000)]
  0x000002771cfb0d80 JavaThread "Reference Handler" daemon [_thread_blocked, id=1828, stack(0x0000008003f00000,0x0000008004000000)]
  0x000002771cfb1f80 JavaThread "Finalizer" daemon [_thread_blocked, id=23436, stack(0x0000008004000000,0x0000008004100000)]
  0x000002771cfb4eb0 JavaThread "Signal Dispatcher" daemon [_thread_blocked, id=23212, stack(0x0000008004100000,0x0000008004200000)]
  0x000002771cfb7dc0 JavaThread "Attach Listener" daemon [_thread_blocked, id=21304, stack(0x0000008004200000,0x0000008004300000)]
  0x000002771cfb8300 JavaThread "Service Thread" daemon [_thread_blocked, id=21780, stack(0x0000008004300000,0x0000008004400000)]
  0x000002771cfc1980 JavaThread "Monitor Deflation Thread" daemon [_thread_blocked, id=17252, stack(0x0000008004400000,0x0000008004500000)]
  0x000002771cfc6db0 JavaThread "C2 CompilerThread0" daemon [_thread_blocked, id=17572, stack(0x0000008004500000,0x0000008004600000)]
  0x000002771cfc9340 JavaThread "C1 CompilerThread0" daemon [_thread_blocked, id=20476, stack(0x0000008004600000,0x0000008004700000)]
  0x000002771cfe1910 JavaThread "Sweeper thread" daemon [_thread_blocked, id=1332, stack(0x0000008004700000,0x0000008004800000)]
  0x000002771cf890a0 JavaThread "Common-Cleaner" daemon [_thread_blocked, id=3092, stack(0x0000008004800000,0x0000008004900000)]
  0x00000277215f18f0 JavaThread "Notification Thread" daemon [_thread_blocked, id=19508, stack(0x0000008004b00000,0x0000008004c00000)]
  0x0000027721ad7590 JavaThread "QuantumRenderer-0" daemon [_thread_blocked, id=4636, stack(0x0000008004a00000,0x0000008004b00000)]
  0x0000027721fa5040 JavaThread "InvokeLaterDispatcher" daemon [_thread_blocked, id=19252, stack(0x0000008004d00000,0x0000008004e00000)]
  0x0000027721fa5a00 JavaThread "JavaFX Application Thread" [_thread_blocked, id=24292, stack(0x0000008004e00000,0x0000008004f00000)]
  0x00000277221a6a00 JavaThread "Thread-1" daemon [_thread_in_native, id=19276, stack(0x0000008004900000,0x0000008004a00000)]
  0x00000277221dcc60 JavaThread "JavaFX-Launcher" [_thread_blocked, id=9848, stack(0x0000008005200000,0x0000008005300000)]
  0x00000277224b5e30 JavaThread "Prism Font Disposer" daemon [_thread_blocked, id=17364, stack(0x0000008005c00000,0x0000008005d00000)]
  0x00000277224b7370 JavaThread "Cleaner-0" daemon [_thread_blocked, id=23916, stack(0x0000008005d00000,0x0000008005e00000)]
  0x00000277224b68d0 JavaThread "Logging-Cleaner" [_thread_blocked, id=2004, stack(0x0000008005f00000,0x0000008006000000)]

Other Threads:
=>0x000002771cf9b430 VMThread "VM Thread" [stack: 0x0000008003e00000,0x0000008003f00000] [id=19660]
  0x000002777e75bb60 WorkerThread "GC Thread#0" [stack: 0x0000008003900000,0x0000008003a00000] [id=7864]
  0x0000027722470010 WorkerThread "GC Thread#1" [stack: 0x0000008005400000,0x0000008005500000] [id=19296]
  0x00000277224702e0 WorkerThread "GC Thread#2" [stack: 0x0000008005500000,0x0000008005600000] [id=4136]
  0x00000277224cb290 WorkerThread "GC Thread#3" [stack: 0x0000008005600000,0x0000008005700000] [id=17388]
  0x00000277224c9c10 WorkerThread "GC Thread#4" [stack: 0x0000008005700000,0x0000008005800000] [id=21752]
  0x00000277224ca480 WorkerThread "GC Thread#5" [stack: 0x0000008005800000,0x0000008005900000] [id=15532]
  0x00000277224c9940 WorkerThread "GC Thread#6" [stack: 0x0000008005300000,0x0000008005400000] [id=12536]
  0x00000277224c9ee0 WorkerThread "GC Thread#7" [stack: 0x0000008005e00000,0x0000008005f00000] [id=6472]
  0x000002777e76ca20 ConcurrentGCThread "G1 Main Marker" terminated
  0x000002777e76dbf0 WorkerThread "G1 Conc#0" [stack: 0x0000008003b00000,0x0000008003c00000] [id=4656]
  0x000002771ce580f0 ConcurrentGCThread "G1 Refine#0" terminated
  0x000002771ce58a40 ConcurrentGCThread "G1 Service" terminated

Threads with active compile tasks:

VM state: at safepoint (shutting down)

VM Mutex/Monitor currently owned by a thread:  ([mutex/lock_event])
[0x000002777e6f8ae0] Threads_lock - owner thread: 0x000002771cf9b430
[0x000002777e6f7970] Heap_lock - owner thread: 0x0000027721fa5a00

Heap address: 0x0000000081200000, size: 2030 MB, Compressed Oops mode: 32-bit

CDS archive(s) mapped at: [0x0000000800000000-0x0000000800c40000-0x0000000800c40000), size 12845056, SharedBaseAddress: 0x0000000800000000, ArchiveRelocationMode: 0.
Compressed class space mapped at: 0x0000000801000000-0x0000000841000000, reserved size: 1073741824
Narrow klass base: 0x0000000800000000, Narrow klass shift: 0, Narrow klass range: 0x100000000

GC Precious Log:
 CardTable entry size: 512
 Card Set container configuration: InlinePtr #cards 5 size 8 Array Of Cards #cards 12 size 40 Howl #buckets 4 coarsen threshold 1843 Howl Bitmap #cards 512 size 80 coarsen threshold 460 Card regions per heap region 1 cards per card region 2048
 CPUs: 8 total, 8 available
 Memory: 8112M
 Large Page Support: Disabled
 NUMA Support: Disabled
 Compressed Oops: Enabled (32-bit)
 Heap Region Size: 1M
 Heap Min Capacity: 8M
 Heap Initial Capacity: 128M
 Heap Max Capacity: 2030M
 Pre-touch: Disabled
 Parallel Workers: 8
 Concurrent Workers: 2
 Concurrent Refinement Workers: 8
 Periodic GC: Disabled

Heap:
 garbage-first heap   total 131072K, used 38811K [0x0000000081200000, 0x0000000100000000)
  region size 1024K, 23 young (23552K), 5 survivors (5120K)
 Metaspace       used 17036K, committed 17344K, reserved 1114112K
  class space    used 2369K, committed 2496K, reserved 1048576K

Heap Regions: E=young(eden), S=young(survivor), O=old, HS=humongous(starts), HC=humongous(continues), CS=collection set, F=free, OA=open archive, CA=closed archive, TAMS=top-at-mark-start (previous, next)
|   0|0x0000000081200000, 0x0000000081300000, 0x0000000081300000|100%|HS|  |TAMS 0x0000000081200000, 0x0000000081200000| Complete 
|   1|0x0000000081300000, 0x0000000081400000, 0x0000000081400000|100%|HC|  |TAMS 0x0000000081300000, 0x0000000081300000| Complete 
|   2|0x0000000081400000, 0x0000000081500000, 0x0000000081500000|100%|HC|  |TAMS 0x0000000081400000, 0x0000000081400000| Complete 
|   3|0x0000000081500000, 0x0000000081600000, 0x0000000081600000|100%|HC|  |TAMS 0x0000000081500000, 0x0000000081500000| Complete 
|   4|0x0000000081600000, 0x0000000081700000, 0x0000000081700000|100%|HC|  |TAMS 0x0000000081600000, 0x0000000081600000| Complete 
|   5|0x0000000081700000, 0x0000000081800000, 0x0000000081800000|100%|HC|  |TAMS 0x0000000081700000, 0x0000000081700000| Complete 
|   6|0x0000000081800000, 0x0000000081900000, 0x0000000081900000|100%|HS|  |TAMS 0x0000000081800000, 0x0000000081800000| Complete 
|   7|0x0000000081900000, 0x0000000081a00000, 0x0000000081a00000|100%|HC|  |TAMS 0x0000000081900000, 0x0000000081900000| Complete 
|   8|0x0000000081a00000, 0x0000000081b00000, 0x0000000081b00000|100%| O|  |TAMS 0x0000000081a00000, 0x0000000081a00000| Untracked 
|   9|0x0000000081b00000, 0x0000000081c00000, 0x0000000081c00000|100%| O|  |TAMS 0x0000000081b00000, 0x0000000081b00000| Untracked 
|  10|0x0000000081c00000, 0x0000000081c8ee00, 0x0000000081d00000| 55%| O|  |TAMS 0x0000000081c00000, 0x0000000081c00000| Untracked 
|  11|0x0000000081d00000, 0x0000000081e00000, 0x0000000081e00000|100%|HS|  |TAMS 0x0000000081d00000, 0x0000000081d00000| Complete 
|  12|0x0000000081e00000, 0x0000000081f00000, 0x0000000081f00000|100%|HC|  |TAMS 0x0000000081e00000, 0x0000000081e00000| Complete 
|  13|0x0000000081f00000, 0x0000000082000000, 0x0000000082000000|100%|HC|  |TAMS 0x0000000081f00000, 0x0000000081f00000| Complete 
|  14|0x0000000082000000, 0x0000000082100000, 0x0000000082100000|100%|HS|  |TAMS 0x0000000082000000, 0x0000000082000000| Complete 
|  15|0x0000000082100000, 0x0000000082200000, 0x0000000082200000|100%|HC|  |TAMS 0x0000000082100000, 0x0000000082100000| Complete 
|  16|0x0000000082200000, 0x0000000082300000, 0x0000000082300000|100%|HC|  |TAMS 0x0000000082200000, 0x0000000082200000| Complete 
|  17|0x0000000082300000, 0x0000000082300000, 0x0000000082400000|  0%| F|  |TAMS 0x0000000082300000, 0x0000000082300000| Untracked 
|  18|0x0000000082400000, 0x0000000082400000, 0x0000000082500000|  0%| F|  |TAMS 0x0000000082400000, 0x0000000082400000| Untracked 
|  19|0x0000000082500000, 0x0000000082500000, 0x0000000082600000|  0%| F|  |TAMS 0x0000000082500000, 0x0000000082500000| Untracked 
|  20|0x0000000082600000, 0x0000000082600000, 0x0000000082700000|  0%| F|  |TAMS 0x0000000082600000, 0x0000000082600000| Untracked 
|  21|0x0000000082700000, 0x0000000082700000, 0x0000000082800000|  0%| F|  |TAMS 0x0000000082700000, 0x0000000082700000| Untracked 
|  22|0x0000000082800000, 0x0000000082800000, 0x0000000082900000|  0%| F|  |TAMS 0x0000000082800000, 0x0000000082800000| Untracked 
|  23|0x0000000082900000, 0x0000000082900000, 0x0000000082a00000|  0%| F|  |TAMS 0x0000000082900000, 0x0000000082900000| Untracked 
|  24|0x0000000082a00000, 0x0000000082a00000, 0x0000000082b00000|  0%| F|  |TAMS 0x0000000082a00000, 0x0000000082a00000| Untracked 
|  25|0x0000000082b00000, 0x0000000082b00000, 0x0000000082c00000|  0%| F|  |TAMS 0x0000000082b00000, 0x0000000082b00000| Untracked 
|  26|0x0000000082c00000, 0x0000000082c00000, 0x0000000082d00000|  0%| F|  |TAMS 0x0000000082c00000, 0x0000000082c00000| Untracked 
|  27|0x0000000082d00000, 0x0000000082d00000, 0x0000000082e00000|  0%| F|  |TAMS 0x0000000082d00000, 0x0000000082d00000| Untracked 
|  28|0x0000000082e00000, 0x0000000082e00000, 0x0000000082f00000|  0%| F|  |TAMS 0x0000000082e00000, 0x0000000082e00000| Untracked 
|  29|0x0000000082f00000, 0x0000000082f00000, 0x0000000083000000|  0%| F|  |TAMS 0x0000000082f00000, 0x0000000082f00000| Untracked 
|  30|0x0000000083000000, 0x0000000083000000, 0x0000000083100000|  0%| F|  |TAMS 0x0000000083000000, 0x0000000083000000| Untracked 
|  31|0x0000000083100000, 0x0000000083100000, 0x0000000083200000|  0%| F|  |TAMS 0x0000000083100000, 0x0000000083100000| Untracked 
|  32|0x0000000083200000, 0x0000000083200000, 0x0000000083300000|  0%| F|  |TAMS 0x0000000083200000, 0x0000000083200000| Untracked 
|  33|0x0000000083300000, 0x0000000083300000, 0x0000000083400000|  0%| F|  |TAMS 0x0000000083300000, 0x0000000083300000| Untracked 
|  34|0x0000000083400000, 0x0000000083400000, 0x0000000083500000|  0%| F|  |TAMS 0x0000000083400000, 0x0000000083400000| Untracked 
|  35|0x0000000083500000, 0x0000000083500000, 0x0000000083600000|  0%| F|  |TAMS 0x0000000083500000, 0x0000000083500000| Untracked 
|  36|0x0000000083600000, 0x0000000083600000, 0x0000000083700000|  0%| F|  |TAMS 0x0000000083600000, 0x0000000083600000| Untracked 
|  37|0x0000000083700000, 0x0000000083700000, 0x0000000083800000|  0%| F|  |TAMS 0x0000000083700000, 0x0000000083700000| Untracked 
|  38|0x0000000083800000, 0x0000000083800000, 0x0000000083900000|  0%| F|  |TAMS 0x0000000083800000, 0x0000000083800000| Untracked 
|  39|0x0000000083900000, 0x0000000083900000, 0x0000000083a00000|  0%| F|  |TAMS 0x0000000083900000, 0x0000000083900000| Untracked 
|  40|0x0000000083a00000, 0x0000000083a00000, 0x0000000083b00000|  0%| F|  |TAMS 0x0000000083a00000, 0x0000000083a00000| Untracked 
|  41|0x0000000083b00000, 0x0000000083b00000, 0x0000000083c00000|  0%| F|  |TAMS 0x0000000083b00000, 0x0000000083b00000| Untracked 
|  42|0x0000000083c00000, 0x0000000083c00000, 0x0000000083d00000|  0%| F|  |TAMS 0x0000000083c00000, 0x0000000083c00000| Untracked 
|  43|0x0000000083d00000, 0x0000000083d00000, 0x0000000083e00000|  0%| F|  |TAMS 0x0000000083d00000, 0x0000000083d00000| Untracked 
|  44|0x0000000083e00000, 0x0000000083e00000, 0x0000000083f00000|  0%| F|  |TAMS 0x0000000083e00000, 0x0000000083e00000| Untracked 
|  45|0x0000000083f00000, 0x0000000083f00000, 0x0000000084000000|  0%| F|  |TAMS 0x0000000083f00000, 0x0000000083f00000| Untracked 
|  46|0x0000000084000000, 0x0000000084000000, 0x0000000084100000|  0%| F|  |TAMS 0x0000000084000000, 0x0000000084000000| Untracked 
|  47|0x0000000084100000, 0x0000000084100000, 0x0000000084200000|  0%| F|  |TAMS 0x0000000084100000, 0x0000000084100000| Untracked 
|  48|0x0000000084200000, 0x0000000084200000, 0x0000000084300000|  0%| F|  |TAMS 0x0000000084200000, 0x0000000084200000| Untracked 
|  49|0x0000000084300000, 0x0000000084300000, 0x0000000084400000|  0%| F|  |TAMS 0x0000000084300000, 0x0000000084300000| Untracked 
|  50|0x0000000084400000, 0x0000000084400000, 0x0000000084500000|  0%| F|  |TAMS 0x0000000084400000, 0x0000000084400000| Untracked 
|  51|0x0000000084500000, 0x0000000084500000, 0x0000000084600000|  0%| F|  |TAMS 0x0000000084500000, 0x0000000084500000| Untracked 
|  52|0x0000000084600000, 0x0000000084600000, 0x0000000084700000|  0%| F|  |TAMS 0x0000000084600000, 0x0000000084600000| Untracked 
|  53|0x0000000084700000, 0x0000000084700000, 0x0000000084800000|  0%| F|  |TAMS 0x0000000084700000, 0x0000000084700000| Untracked 
|  54|0x0000000084800000, 0x0000000084800000, 0x0000000084900000|  0%| F|  |TAMS 0x0000000084800000, 0x0000000084800000| Untracked 
|  55|0x0000000084900000, 0x0000000084900000, 0x0000000084a00000|  0%| F|  |TAMS 0x0000000084900000, 0x0000000084900000| Untracked 
|  56|0x0000000084a00000, 0x0000000084a00000, 0x0000000084b00000|  0%| F|  |TAMS 0x0000000084a00000, 0x0000000084a00000| Untracked 
|  57|0x0000000084b00000, 0x0000000084b00000, 0x0000000084c00000|  0%| F|  |TAMS 0x0000000084b00000, 0x0000000084b00000| Untracked 
|  58|0x0000000084c00000, 0x0000000084c00000, 0x0000000084d00000|  0%| F|  |TAMS 0x0000000084c00000, 0x0000000084c00000| Untracked 
|  59|0x0000000084d00000, 0x0000000084d00000, 0x0000000084e00000|  0%| F|  |TAMS 0x0000000084d00000, 0x0000000084d00000| Untracked 
|  60|0x0000000084e00000, 0x0000000084e00000, 0x0000000084f00000|  0%| F|  |TAMS 0x0000000084e00000, 0x0000000084e00000| Untracked 
|  61|0x0000000084f00000, 0x0000000084f00000, 0x0000000085000000|  0%| F|  |TAMS 0x0000000084f00000, 0x0000000084f00000| Untracked 
|  62|0x0000000085000000, 0x0000000085000000, 0x0000000085100000|  0%| F|  |TAMS 0x0000000085000000, 0x0000000085000000| Untracked 
|  63|0x0000000085100000, 0x0000000085100000, 0x0000000085200000|  0%| F|  |TAMS 0x0000000085100000, 0x0000000085100000| Untracked 
|  64|0x0000000085200000, 0x0000000085200000, 0x0000000085300000|  0%| F|  |TAMS 0x0000000085200000, 0x0000000085200000| Untracked 
|  65|0x0000000085300000, 0x0000000085300000, 0x0000000085400000|  0%| F|  |TAMS 0x0000000085300000, 0x0000000085300000| Untracked 
|  66|0x0000000085400000, 0x0000000085400000, 0x0000000085500000|  0%| F|  |TAMS 0x0000000085400000, 0x0000000085400000| Untracked 
|  67|0x0000000085500000, 0x0000000085500000, 0x0000000085600000|  0%| F|  |TAMS 0x0000000085500000, 0x0000000085500000| Untracked 
|  68|0x0000000085600000, 0x0000000085600000, 0x0000000085700000|  0%| F|  |TAMS 0x0000000085600000, 0x0000000085600000| Untracked 
|  69|0x0000000085700000, 0x0000000085700000, 0x0000000085800000|  0%| F|  |TAMS 0x0000000085700000, 0x0000000085700000| Untracked 
|  70|0x0000000085800000, 0x0000000085800000, 0x0000000085900000|  0%| F|  |TAMS 0x0000000085800000, 0x0000000085800000| Untracked 
|  71|0x0000000085900000, 0x0000000085900000, 0x0000000085a00000|  0%| F|  |TAMS 0x0000000085900000, 0x0000000085900000| Untracked 
|  72|0x0000000085a00000, 0x0000000085a00000, 0x0000000085b00000|  0%| F|  |TAMS 0x0000000085a00000, 0x0000000085a00000| Untracked 
|  73|0x0000000085b00000, 0x0000000085b00000, 0x0000000085c00000|  0%| F|  |TAMS 0x0000000085b00000, 0x0000000085b00000| Untracked 
|  74|0x0000000085c00000, 0x0000000085c00000, 0x0000000085d00000|  0%| F|  |TAMS 0x0000000085c00000, 0x0000000085c00000| Untracked 
|  75|0x0000000085d00000, 0x0000000085d00000, 0x0000000085e00000|  0%| F|  |TAMS 0x0000000085d00000, 0x0000000085d00000| Untracked 
|  76|0x0000000085e00000, 0x0000000085e00000, 0x0000000085f00000|  0%| F|  |TAMS 0x0000000085e00000, 0x0000000085e00000| Untracked 
|  77|0x0000000085f00000, 0x0000000085f00000, 0x0000000086000000|  0%| F|  |TAMS 0x0000000085f00000, 0x0000000085f00000| Untracked 
|  78|0x0000000086000000, 0x0000000086000000, 0x0000000086100000|  0%| F|  |TAMS 0x0000000086000000, 0x0000000086000000| Untracked 
|  79|0x0000000086100000, 0x0000000086100000, 0x0000000086200000|  0%| F|  |TAMS 0x0000000086100000, 0x0000000086100000| Untracked 
|  80|0x0000000086200000, 0x0000000086200000, 0x0000000086300000|  0%| F|  |TAMS 0x0000000086200000, 0x0000000086200000| Untracked 
|  81|0x0000000086300000, 0x0000000086300000, 0x0000000086400000|  0%| F|  |TAMS 0x0000000086300000, 0x0000000086300000| Untracked 
|  82|0x0000000086400000, 0x0000000086400000, 0x0000000086500000|  0%| F|  |TAMS 0x0000000086400000, 0x0000000086400000| Untracked 
|  83|0x0000000086500000, 0x0000000086500000, 0x0000000086600000|  0%| F|  |TAMS 0x0000000086500000, 0x0000000086500000| Untracked 
|  84|0x0000000086600000, 0x0000000086600000, 0x0000000086700000|  0%| F|  |TAMS 0x0000000086600000, 0x0000000086600000| Untracked 
|  85|0x0000000086700000, 0x0000000086700000, 0x0000000086800000|  0%| F|  |TAMS 0x0000000086700000, 0x0000000086700000| Untracked 
|  86|0x0000000086800000, 0x00000000868580c0, 0x0000000086900000| 34%| S|CS|TAMS 0x0000000086800000, 0x0000000086800000| Complete 
|  87|0x0000000086900000, 0x0000000086a00000, 0x0000000086a00000|100%| S|CS|TAMS 0x0000000086900000, 0x0000000086900000| Complete 
|  88|0x0000000086a00000, 0x0000000086b00000, 0x0000000086b00000|100%| S|CS|TAMS 0x0000000086a00000, 0x0000000086a00000| Complete 
|  89|0x0000000086b00000, 0x0000000086c00000, 0x0000000086c00000|100%| S|CS|TAMS 0x0000000086b00000, 0x0000000086b00000| Complete 
|  90|0x0000000086c00000, 0x0000000086d00000, 0x0000000086d00000|100%| S|CS|TAMS 0x0000000086c00000, 0x0000000086c00000| Complete 
|  91|0x0000000086d00000, 0x0000000086d00000, 0x0000000086e00000|  0%| F|  |TAMS 0x0000000086d00000, 0x0000000086d00000| Untracked 
|  92|0x0000000086e00000, 0x0000000086e00000, 0x0000000086f00000|  0%| F|  |TAMS 0x0000000086e00000, 0x0000000086e00000| Untracked 
|  93|0x0000000086f00000, 0x0000000086f00000, 0x0000000087000000|  0%| F|  |TAMS 0x0000000086f00000, 0x0000000086f00000| Untracked 
|  94|0x0000000087000000, 0x0000000087000000, 0x0000000087100000|  0%| F|  |TAMS 0x0000000087000000, 0x0000000087000000| Untracked 
|  95|0x0000000087100000, 0x0000000087100000, 0x0000000087200000|  0%| F|  |TAMS 0x0000000087100000, 0x0000000087100000| Untracked 
|  96|0x0000000087200000, 0x0000000087200000, 0x0000000087300000|  0%| F|  |TAMS 0x0000000087200000, 0x0000000087200000| Untracked 
|  97|0x0000000087300000, 0x0000000087300000, 0x0000000087400000|  0%| F|  |TAMS 0x0000000087300000, 0x0000000087300000| Untracked 
|  98|0x0000000087400000, 0x0000000087400000, 0x0000000087500000|  0%| F|  |TAMS 0x0000000087400000, 0x0000000087400000| Untracked 
|  99|0x0000000087500000, 0x0000000087500000, 0x0000000087600000|  0%| F|  |TAMS 0x0000000087500000, 0x0000000087500000| Untracked 
| 100|0x0000000087600000, 0x0000000087600000, 0x0000000087700000|  0%| F|  |TAMS 0x0000000087600000, 0x0000000087600000| Untracked 
| 101|0x0000000087700000, 0x0000000087700000, 0x0000000087800000|  0%| F|  |TAMS 0x0000000087700000, 0x0000000087700000| Untracked 
| 102|0x0000000087800000, 0x0000000087800000, 0x0000000087900000|  0%| F|  |TAMS 0x0000000087800000, 0x0000000087800000| Untracked 
| 103|0x0000000087900000, 0x0000000087900000, 0x0000000087a00000|  0%| F|  |TAMS 0x0000000087900000, 0x0000000087900000| Untracked 
| 104|0x0000000087a00000, 0x0000000087a00000, 0x0000000087b00000|  0%| F|  |TAMS 0x0000000087a00000, 0x0000000087a00000| Untracked 
| 105|0x0000000087b00000, 0x0000000087b00000, 0x0000000087c00000|  0%| F|  |TAMS 0x0000000087b00000, 0x0000000087b00000| Untracked 
| 106|0x0000000087c00000, 0x0000000087c00000, 0x0000000087d00000|  0%| F|  |TAMS 0x0000000087c00000, 0x0000000087c00000| Untracked 
| 107|0x0000000087d00000, 0x0000000087d00000, 0x0000000087e00000|  0%| F|  |TAMS 0x0000000087d00000, 0x0000000087d00000| Untracked 
| 108|0x0000000087e00000, 0x0000000087e00000, 0x0000000087f00000|  0%| F|  |TAMS 0x0000000087e00000, 0x0000000087e00000| Untracked 
| 109|0x0000000087f00000, 0x0000000087f00000, 0x0000000088000000|  0%| F|  |TAMS 0x0000000087f00000, 0x0000000087f00000| Untracked 
| 110|0x0000000088000000, 0x0000000088000800, 0x0000000088100000|  0%| E|  |TAMS 0x0000000088000000, 0x0000000088000000| Complete 
| 111|0x0000000088100000, 0x0000000088200000, 0x0000000088200000|100%| E|CS|TAMS 0x0000000088100000, 0x0000000088100000| Complete 
| 112|0x0000000088200000, 0x0000000088300000, 0x0000000088300000|100%| E|CS|TAMS 0x0000000088200000, 0x0000000088200000| Complete 
| 113|0x0000000088300000, 0x0000000088400000, 0x0000000088400000|100%| E|CS|TAMS 0x0000000088300000, 0x0000000088300000| Complete 
| 114|0x0000000088400000, 0x0000000088500000, 0x0000000088500000|100%| E|CS|TAMS 0x0000000088400000, 0x0000000088400000| Complete 
| 115|0x0000000088500000, 0x0000000088600000, 0x0000000088600000|100%| E|CS|TAMS 0x0000000088500000, 0x0000000088500000| Complete 
| 116|0x0000000088600000, 0x0000000088700000, 0x0000000088700000|100%| E|CS|TAMS 0x0000000088600000, 0x0000000088600000| Complete 
| 117|0x0000000088700000, 0x0000000088800000, 0x0000000088800000|100%| E|CS|TAMS 0x0000000088700000, 0x0000000088700000| Complete 
| 118|0x0000000088800000, 0x0000000088900000, 0x0000000088900000|100%| E|CS|TAMS 0x0000000088800000, 0x0000000088800000| Complete 
| 119|0x0000000088900000, 0x0000000088a00000, 0x0000000088a00000|100%| E|CS|TAMS 0x0000000088900000, 0x0000000088900000| Complete 
| 120|0x0000000088a00000, 0x0000000088b00000, 0x0000000088b00000|100%| E|CS|TAMS 0x0000000088a00000, 0x0000000088a00000| Complete 
| 121|0x0000000088b00000, 0x0000000088c00000, 0x0000000088c00000|100%| E|CS|TAMS 0x0000000088b00000, 0x0000000088b00000| Complete 
| 122|0x0000000088c00000, 0x0000000088d00000, 0x0000000088d00000|100%| E|CS|TAMS 0x0000000088c00000, 0x0000000088c00000| Complete 
| 123|0x0000000088d00000, 0x0000000088e00000, 0x0000000088e00000|100%| E|CS|TAMS 0x0000000088d00000, 0x0000000088d00000| Complete 
| 124|0x0000000088e00000, 0x0000000088f00000, 0x0000000088f00000|100%| E|CS|TAMS 0x0000000088e00000, 0x0000000088e00000| Complete 
| 125|0x0000000088f00000, 0x0000000089000000, 0x0000000089000000|100%| E|CS|TAMS 0x0000000088f00000, 0x0000000088f00000| Complete 
| 126|0x0000000089000000, 0x0000000089100000, 0x0000000089100000|100%| E|CS|TAMS 0x0000000089000000, 0x0000000089000000| Complete 
| 127|0x0000000089100000, 0x0000000089200000, 0x0000000089200000|100%| E|CS|TAMS 0x0000000089100000, 0x0000000089100000| Complete 

Card table byte_map: [0x000002777ef10000,0x000002777f310000] _byte_map_base: 0x000002777eb07000

Marking Bits (Prev, Next): (CMBitMap*) 0x000002777e75c190, (CMBitMap*) 0x000002777e75c1d0
 Prev Bits: [0x0000027716ea0000, 0x0000027718e58000)
 Next Bits: [0x0000027718e60000, 0x000002771ae18000)

Polling page: 0x000002777c530000

Metaspace:

Usage:
  Non-class:     14.32 MB used.
      Class:      2.31 MB used.
       Both:     16.64 MB used.

Virtual space:
  Non-class space:       64.00 MB reserved,      14.50 MB ( 23%) committed,  1 nodes.
      Class space:        1.00 GB reserved,       2.44 MB ( <1%) committed,  1 nodes.
             Both:        1.06 GB reserved,      16.94 MB (  2%) committed. 

Chunk freelists:
   Non-Class:  992.00 KB
       Class:  1.39 MB
        Both:  2.36 MB

MaxMetaspaceSize: unlimited
CompressedClassSpaceSize: 1.00 GB
Initial GC threshold: 21.00 MB
Current GC threshold: 21.00 MB
CDS: on
MetaspaceReclaimPolicy: balanced
 - commit_granule_bytes: 65536.
 - commit_granule_words: 8192.
 - virtual_space_node_default_size: 8388608.
 - enlarge_chunks_in_place: 1.
 - new_chunks_are_fully_committed: 0.
 - uncommit_free_chunks: 1.
 - use_allocation_guard: 0.


Internal statistics:

num_allocs_failed_limit: 0.
num_arena_births: 328.
num_arena_deaths: 0.
num_vsnodes_births: 2.
num_vsnodes_deaths: 0.
num_space_committed: 271.
num_space_uncommitted: 0.
num_chunks_returned_to_freelist: 0.
num_chunks_taken_from_freelist: 893.
num_chunk_merges: 0.
num_chunk_splits: 648.
num_chunks_enlarged: 513.
num_inconsistent_stats: 0.

CodeHeap 'non-profiled nmethods': size=120000Kb used=1889Kb max_used=1889Kb free=118111Kb
 bounds [0x000002770f970000, 0x000002770fbe0000, 0x0000027716ea0000]
CodeHeap 'profiled nmethods': size=120000Kb used=9095Kb max_used=9095Kb free=110904Kb
 bounds [0x0000027707ea0000, 0x0000027708790000, 0x000002770f3d0000]
CodeHeap 'non-nmethods': size=5760Kb used=1544Kb max_used=1614Kb free=4215Kb
 bounds [0x000002770f3d0000, 0x000002770f640000, 0x000002770f970000]
 total_blobs=5072 nmethods=4243 adapters=738
 compilation: enabled
              stopped_count=0, restarted_count=0
 full_count=0

Compilation events (20 events):
Event: 45.105 Thread 0x000002771cfc9340 nmethod 4235 0x000002770877d310 code [0x000002770877d560, 0x000002770877e178]
Event: 45.125 Thread 0x000002771cfc6db0 nmethod 4226 0x000002770fb45190 code [0x000002770fb453c0, 0x000002770fb45dd0]
Event: 45.282 Thread 0x000002771cfc9340 4236       3       com.sun.javafx.geom.transform.Identity::deriveWithTranslation (52 bytes)
Event: 45.282 Thread 0x000002771cfc9340 nmethod 4236 0x000002770877e610 code [0x000002770877e800, 0x000002770877ed58]
Event: 45.314 Thread 0x000002771cfc6db0 4237       4       com.sun.javafx.event.EventHandlerManager::dispatchCapturingEvent (23 bytes)
Event: 45.326 Thread 0x000002771cfc6db0 nmethod 4237 0x000002770fb46610 code [0x000002770fb46840, 0x000002770fb46ff0]
Event: 45.345 Thread 0x000002771cfc6db0 4238       4       java.util.EnumMap$ValueIterator::next (50 bytes)
Event: 45.348 Thread 0x000002771cfc6db0 nmethod 4238 0x000002770fb47810 code [0x000002770fb479a0, 0x000002770fb47bb8]
Event: 45.348 Thread 0x000002771cfc6db0 4239       4       javafx.scene.Scene$ClickCounter::moved (52 bytes)
Event: 45.350 Thread 0x000002771cfc6db0 nmethod 4239 0x000002770fb47e10 code [0x000002770fb48000, 0x000002770fb48218]
Event: 58.153 Thread 0x000002771cfc9340 4240       3       com.sun.javafx.geom.RectBounds::contains (51 bytes)
Event: 58.154 Thread 0x000002771cfc9340 nmethod 4240 0x000002770877ef10 code [0x000002770877f0c0, 0x000002770877f518]
Event: 58.154 Thread 0x000002771cfc9340 4241       3       com.sun.javafx.scene.NodeHelper::computeContains (11 bytes)
Event: 58.154 Thread 0x000002771cfc9340 nmethod 4241 0x000002770877f610 code [0x000002770877f7c0, 0x000002770877f9b8]
Event: 58.620 Thread 0x000002771cfc9340 4242       3       com.sun.javafx.event.CompositeEventHandler::dispatchCapturingEvent (40 bytes)
Event: 58.620 Thread 0x000002771cfc9340 nmethod 4242 0x000002770877fa90 code [0x000002770877fc60, 0x0000027708780048]
Event: 58.641 Thread 0x000002771cfc9340 4243       3       com.sun.javafx.event.CompositeEventHandler$NormalEventHandlerRecord::handleCapturingEvent (1 bytes)
Event: 58.641 Thread 0x000002771cfc9340 nmethod 4243 0x0000027708780190 code [0x0000027708780320, 0x0000027708780438]
Event: 58.890 Thread 0x000002771cfc9340 4244       3       java.util.AbstractCollection::toArray (144 bytes)
Event: 58.892 Thread 0x000002771cfc9340 nmethod 4244 0x0000027708780510 code [0x00000277087807e0, 0x0000027708781a18]

GC Heap History (4 events):
Event: 0.823 GC heap before
{Heap before GC invocations=0 (full 0):
 garbage-first heap   total 131072K, used 22528K [0x0000000081200000, 0x0000000100000000)
  region size 1024K, 23 young (23552K), 0 survivors (0K)
 Metaspace       used 5829K, committed 6080K, reserved 1114112K
  class space    used 713K, committed 832K, reserved 1048576K
}
Event: 0.827 GC heap after
{Heap after GC invocations=1 (full 0):
 garbage-first heap   total 131072K, used 2831K [0x0000000081200000, 0x0000000100000000)
  region size 1024K, 3 young (3072K), 3 survivors (3072K)
 Metaspace       used 5829K, committed 6080K, reserved 1114112K
  class space    used 713K, committed 832K, reserved 1048576K
}
Event: 21.165 GC heap before
{Heap before GC invocations=1 (full 0):
 garbage-first heap   total 131072K, used 44815K [0x0000000081200000, 0x0000000100000000)
  region size 1024K, 37 young (37888K), 3 survivors (3072K)
 Metaspace       used 14712K, committed 15040K, reserved 1114112K
  class space    used 2047K, committed 2176K, reserved 1048576K
}
Event: 21.174 GC heap after
{Heap after GC invocations=2 (full 0):
 garbage-first heap   total 131072K, used 15259K [0x0000000081200000, 0x0000000100000000)
  region size 1024K, 5 young (5120K), 5 survivors (5120K)
 Metaspace       used 14712K, committed 15040K, reserved 1114112K
  class space    used 2047K, committed 2176K, reserved 1048576K
}

Dll operation events (20 events):
Event: 0.462 Loaded shared library C:\Users\Gabriel\.openjfx\cache\13\api-ms-win-crt-filesystem-l1-1-0.dll
Event: 0.465 Loaded shared library C:\Users\Gabriel\.openjfx\cache\13\api-ms-win-crt-heap-l1-1-0.dll
Event: 0.468 Loaded shared library C:\Users\Gabriel\.openjfx\cache\13\api-ms-win-crt-locale-l1-1-0.dll
Event: 0.471 Loaded shared library C:\Users\Gabriel\.openjfx\cache\13\api-ms-win-crt-math-l1-1-0.dll
Event: 0.474 Loaded shared library C:\Users\Gabriel\.openjfx\cache\13\api-ms-win-crt-multibyte-l1-1-0.dll
Event: 0.478 Loaded shared library C:\Users\Gabriel\.openjfx\cache\13\api-ms-win-crt-private-l1-1-0.dll
Event: 0.481 Loaded shared library C:\Users\Gabriel\.openjfx\cache\13\api-ms-win-crt-process-l1-1-0.dll
Event: 0.484 Loaded shared library C:\Users\Gabriel\.openjfx\cache\13\api-ms-win-crt-runtime-l1-1-0.dll
Event: 0.487 Loaded shared library C:\Users\Gabriel\.openjfx\cache\13\api-ms-win-crt-stdio-l1-1-0.dll
Event: 0.490 Loaded shared library C:\Users\Gabriel\.openjfx\cache\13\api-ms-win-crt-string-l1-1-0.dll
Event: 0.493 Loaded shared library C:\Users\Gabriel\.openjfx\cache\13\api-ms-win-crt-time-l1-1-0.dll
Event: 0.496 Loaded shared library C:\Users\Gabriel\.openjfx\cache\13\api-ms-win-crt-utility-l1-1-0.dll
Event: 0.515 Loaded shared library C:\Users\Gabriel\.openjfx\cache\13\ucrtbase.dll
Event: 0.520 Loaded shared library C:\Users\Gabriel\.openjfx\cache\13\vcruntime140.dll
Event: 0.531 Loaded shared library C:\Users\Gabriel\.openjfx\cache\13\msvcp140.dll
Event: 0.539 Loaded shared library C:\Users\Gabriel\.openjfx\cache\13\concrt140.dll
Event: 0.583 Loaded shared library C:\Users\Gabriel\.openjfx\cache\13\prism_d3d.dll
Event: 0.629 Loaded shared library C:\Users\Gabriel\.openjfx\cache\13\glass.dll
Event: 0.853 Loaded shared library C:\Users\Gabriel\.openjfx\cache\13\javafx_font.dll
Event: 1.242 Loaded shared library C:\Program Files\Java\jdk-19\bin\jimage.dll

Deoptimization events (20 events):
Event: 42.730 Thread 0x0000027721ad7590 DEOPT PACKING pc=0x000002770fa6a8b8 sp=0x0000008004afd8c0
Event: 42.730 Thread 0x0000027721ad7590 DEOPT UNPACKING pc=0x000002770f436da3 sp=0x0000008004afd7e8 mode 2
Event: 42.730 Thread 0x0000027721ad7590 Uncommon trap: trap_request=0xffffff66 fr.pc=0x000002770fac6c14 relative=0x00000000000000d4
Event: 42.730 Thread 0x0000027721ad7590 Uncommon trap: reason=speculate_class_check action=maybe_recompile pc=0x000002770fac6c14 method=com.sun.javafx.geom.transform.AffineBase.getType()I @ 9 c2
Event: 42.730 Thread 0x0000027721ad7590 DEOPT PACKING pc=0x000002770fac6c14 sp=0x0000008004afdad0
Event: 42.730 Thread 0x0000027721ad7590 DEOPT UNPACKING pc=0x000002770f436da3 sp=0x0000008004afda10 mode 2
Event: 42.730 Thread 0x0000027721ad7590 Uncommon trap: trap_request=0xffffffde fr.pc=0x000002770faa0364 relative=0x00000000000000a4
Event: 42.730 Thread 0x0000027721ad7590 Uncommon trap: reason=class_check action=maybe_recompile pc=0x000002770faa0364 method=com.sun.javafx.geom.transform.AffineBase.getType()I @ 9 c2
Event: 42.730 Thread 0x0000027721ad7590 DEOPT PACKING pc=0x000002770faa0364 sp=0x0000008004afd9c0
Event: 42.730 Thread 0x0000027721ad7590 DEOPT UNPACKING pc=0x000002770f436da3 sp=0x0000008004afd960 mode 2
Event: 42.731 Thread 0x0000027721ad7590 Uncommon trap: trap_request=0xffffffde fr.pc=0x000002770faa0364 relative=0x00000000000000a4
Event: 42.731 Thread 0x0000027721ad7590 Uncommon trap: reason=class_check action=maybe_recompile pc=0x000002770faa0364 method=com.sun.javafx.geom.transform.AffineBase.getType()I @ 9 c2
Event: 42.731 Thread 0x0000027721ad7590 DEOPT PACKING pc=0x000002770faa0364 sp=0x0000008004afd9c0
Event: 42.731 Thread 0x0000027721ad7590 DEOPT UNPACKING pc=0x000002770f436da3 sp=0x0000008004afd960 mode 2
Event: 43.350 Thread 0x0000027721fa5a00 Uncommon trap: trap_request=0xffffff45 fr.pc=0x000002770fae7080 relative=0x0000000000001040
Event: 43.350 Thread 0x0000027721fa5a00 Uncommon trap: reason=unstable_if action=reinterpret pc=0x000002770fae7080 method=javafx.scene.Parent.setChildDirty(Ljavafx/scene/Node;Z)V @ 22 c2
Event: 43.350 Thread 0x0000027721fa5a00 DEOPT PACKING pc=0x000002770fae7080 sp=0x0000008004efc870
Event: 43.350 Thread 0x0000027721fa5a00 DEOPT UNPACKING pc=0x000002770f436da3 sp=0x0000008004efc548 mode 2
Event: 44.133 Thread 0x0000027721ad7590 DEOPT PACKING pc=0x00000277086c69da sp=0x0000008004afdc80
Event: 44.133 Thread 0x0000027721ad7590 DEOPT UNPACKING pc=0x000002770f437543 sp=0x0000008004afd098 mode 0

Classes loaded (20 events):
Event: 11.466 Loading class sun/text/RuleBasedBreakIterator
Event: 11.466 Loading class sun/text/RuleBasedBreakIterator done
Event: 11.467 Loading class sun/text/CompactByteArray
Event: 11.467 Loading class sun/text/CompactByteArray done
Event: 11.467 Loading class sun/text/SupplementaryCharacterData
Event: 11.467 Loading class sun/text/SupplementaryCharacterData done
Event: 11.467 Loading class java/text/BreakIterator$BreakIteratorCache
Event: 11.468 Loading class java/text/BreakIterator$BreakIteratorCache done
Event: 27.749 Loading class java/text/StringCharacterIterator
Event: 27.749 Loading class java/text/StringCharacterIterator done
Event: 39.873 Loading class java/util/BitSet
Event: 39.873 Loading class java/util/BitSet done
Event: 42.527 Loading class java/util/BitSet$1BitSetSpliterator
Event: 42.527 Loading class java/util/BitSet$1BitSetSpliterator done
Event: 42.528 Loading class java/util/stream/IntPipeline$1
Event: 42.528 Loading class java/util/stream/IntPipeline$1 done
Event: 42.529 Loading class java/util/stream/IntPipeline$1$1
Event: 42.529 Loading class java/util/stream/IntPipeline$1$1 done
Event: 58.995 Loading class java/util/LinkedList$ListItr
Event: 58.996 Loading class java/util/LinkedList$ListItr done

Classes unloaded (0 events):
No events

Classes redefined (0 events):
No events

Internal exceptions (20 events):
Event: 1.561 Thread 0x0000027721fa5a00 Exception <a 'java/lang/NoSuchMethodError'{0x0000000087e51b80}: 'java.lang.Object java.lang.invoke.DirectMethodHandle$Holder.invokeStatic(java.lang.Object, java.lang.Object, java.lang.Object, java.lang.Object, int)'> (0x0000000087e51b80) 
thrown [s\open\src\hotspot\share\interpreter\linkResolver.cpp, line 774]
Event: 1.563 Thread 0x0000027721fa5a00 Exception <a 'java/lang/NoSuchMethodError'{0x0000000087e5a5b0}: 'int java.lang.invoke.DirectMethodHandle$Holder.invokeSpecial(java.lang.Object, java.lang.Object, java.lang.Object)'> (0x0000000087e5a5b0) 
thrown [s\open\src\hotspot\share\interpreter\linkResolver.cpp, line 774]
Event: 1.603 Thread 0x0000027721fa5a00 Exception <a 'java/lang/NoSuchMethodError'{0x0000000087d0d540}: 'java.lang.Object java.lang.invoke.DirectMethodHandle$Holder.newInvokeSpecial(java.lang.Object, java.lang.Object, int)'> (0x0000000087d0d540) 
thrown [s\open\src\hotspot\share\interpreter\linkResolver.cpp, line 774]
Event: 1.719 Thread 0x0000027721fa5a00 Exception <a 'java/lang/ClassNotFoundException'{0x0000000087b7b698}: com/sun/javafx/scene/control/skin/resources/controls> (0x0000000087b7b698) 
thrown [s\open\src\hotspot\share\prims\jni.cpp, line 536]
Event: 1.720 Thread 0x0000027721fa5a00 Exception <a 'java/lang/ClassNotFoundException'{0x0000000087b88fd0}: com/sun/javafx/scene/control/skin/resources/controls_pt> (0x0000000087b88fd0) 
thrown [s\open\src\hotspot\share\prims\jni.cpp, line 536]
Event: 1.720 Thread 0x0000027721fa5a00 Exception <a 'java/lang/ClassNotFoundException'{0x0000000087b89f78}: com/sun/javafx/scene/control/skin/resources/controls_pt_BR> (0x0000000087b89f78) 
thrown [s\open\src\hotspot\share\prims\jni.cpp, line 536]
Event: 1.768 Thread 0x0000027721fa5a00 Exception <a 'java/lang/NoSuchMethodError'{0x000000008760ab40}: 'void java.lang.invoke.DirectMethodHandle$Holder.invokeSpecial(java.lang.Object, java.lang.Object, java.lang.Object, java.lang.Object, java.lang.Object, java.lang.Object)'> (0x000000008760ab40) 
thrown [s\open\src\hotspot\share\interpreter\linkResolver.cpp, line 774]
Event: 1.869 Thread 0x0000027721ad7590 Exception <a 'java/lang/NoSuchMethodError'{0x0000000087348c48}: 'int java.lang.invoke.DirectMethodHandle$Holder.invokeStaticInit(java.lang.Object, java.lang.Object)'> (0x0000000087348c48) 
thrown [s\open\src\hotspot\share\interpreter\linkResolver.cpp, line 774]
Event: 1.896 Thread 0x0000027721ad7590 Exception <a 'java/lang/NoSuchMethodError'{0x00000000873cc178}: 'java.lang.Object java.lang.invoke.Invokers$Holder.invokeExact_MT(java.lang.Object, java.lang.Object, java.lang.Object, java.lang.Object, java.lang.Object)'> (0x00000000873cc178) 
thrown [s\open\src\hotspot\share\interpreter\linkResolver.cpp, line 774]
Event: 3.158 Thread 0x0000027721fa5a00 Exception <a 'java/lang/NoSuchMethodError'{0x00000000870ac6b0}: 'long java.lang.invoke.DirectMethodHandle$Holder.invokeStatic(java.lang.Object, java.lang.Object, java.lang.Object)'> (0x00000000870ac6b0) 
thrown [s\open\src\hotspot\share\interpreter\linkResolver.cpp, line 774]
Event: 3.158 Thread 0x0000027721fa5a00 Exception <a 'java/lang/NoSuchMethodError'{0x00000000870affd8}: 'long java.lang.invoke.DirectMethodHandle$Holder.invokeStaticInit(java.lang.Object, java.lang.Object, java.lang.Object)'> (0x00000000870affd8) 
thrown [s\open\src\hotspot\share\interpreter\linkResolver.cpp, line 774]
Event: 3.163 Thread 0x0000027721fa5a00 Exception <a 'java/lang/NoSuchMethodError'{0x00000000870c8968}: 'java.lang.Object java.lang.invoke.DirectMethodHandle$Holder.newInvokeSpecial(java.lang.Object, java.lang.Object, long)'> (0x00000000870c8968) 
thrown [s\open\src\hotspot\share\interpreter\linkResolver.cpp, line 774]
Event: 3.165 Thread 0x0000027721fa5a00 Exception <a 'java/lang/NoSuchMethodError'{0x00000000870cc4f0}: 'java.lang.Object java.lang.invoke.Invokers$Holder.linkToTargetMethod(java.lang.Object, long, java.lang.Object)'> (0x00000000870cc4f0) 
thrown [s\open\src\hotspot\share\interpreter\linkResolver.cpp, line 774]
Event: 16.074 Thread 0x0000027721fa5a00 Exception <a 'java/lang/NoSuchMethodError'{0x0000000086d30620}: 'java.lang.Object java.lang.invoke.DirectMethodHandle$Holder.newInvokeSpecial(java.lang.Object, java.lang.Object, int, int, int, int, int, java.lang.Object)'> (0x0000000086d30620) 
thrown [s\open\src\hotspot\share\interpreter\linkResolver.cpp, line 774]
Event: 16.076 Thread 0x0000027721fa5a00 Exception <a 'java/lang/NoSuchMethodError'{0x0000000086d44310}: 'java.lang.Object java.lang.invoke.DirectMethodHandle$Holder.newInvokeSpecial(java.lang.Object, java.lang.Object, java.lang.Object, int, int, int, int, int)'> (0x0000000086d44310) 
thrown [s\open\src\hotspot\share\interpreter\linkResolver.cpp, line 774]
Event: 16.077 Thread 0x0000027721fa5a00 Exception <a 'java/lang/NoSuchMethodError'{0x0000000086d4c640}: 'java.lang.Object java.lang.invoke.Invokers$Holder.linkToTargetMethod(java.lang.Object, java.lang.Object, int, int, int, int, int, java.lang.Object)'> (0x0000000086d4c640) 
thrown [s\open\src\hotspot\share\interpreter\linkResolver.cpp, line 774]
Event: 39.919 Thread 0x0000027721fa5a00 Implicit null exception at 0x000002770faeec00 to 0x000002770faeef5c
Event: 39.919 Thread 0x0000027721fa5a00 Implicit null exception at 0x000002770faa1850 to 0x000002770faa18ec
Event: 39.947 Thread 0x0000027721ad7590 Implicit null exception at 0x000002770faac7e0 to 0x000002770faacf99
Event: 42.549 Thread 0x0000027721fa5a00 Exception <a 'java/lang/NoSuchMethodError'{0x0000000088904bd8}: 'void java.lang.invoke.DirectMethodHandle$Holder.invokeSpecialIFC(java.lang.Object, java.lang.Object, java.lang.Object, java.lang.Object)'> (0x0000000088904bd8) 
thrown [s\open\src\hotspot\share\interpreter\linkResolver.cpp, line 774]

VM Operations (20 events):
Event: 42.510 Executing VM operation: HandshakeAllThreads done
Event: 42.528 Executing VM operation: HandshakeAllThreads
Event: 42.528 Executing VM operation: HandshakeAllThreads done
Event: 42.539 Executing VM operation: HandshakeAllThreads
Event: 42.539 Executing VM operation: HandshakeAllThreads done
Event: 42.563 Executing VM operation: HandshakeAllThreads
Event: 42.564 Executing VM operation: HandshakeAllThreads done
Event: 42.676 Executing VM operation: HandshakeAllThreads
Event: 42.676 Executing VM operation: HandshakeAllThreads done
Event: 42.695 Executing VM operation: HandshakeAllThreads
Event: 42.695 Executing VM operation: HandshakeAllThreads done
Event: 43.351 Executing VM operation: ICBufferFull
Event: 43.351 Executing VM operation: ICBufferFull done
Event: 44.978 Executing VM operation: ICBufferFull
Event: 44.978 Executing VM operation: ICBufferFull done
Event: 46.978 Executing VM operation: Cleanup
Event: 46.978 Executing VM operation: Cleanup done
Event: 58.981 Executing VM operation: Cleanup
Event: 58.982 Executing VM operation: Cleanup done
Event: 58.996 Executing VM operation: Exit

Events (20 events):
Event: 0.547 Thread 0x000002772158b630 Thread exited: 0x000002772158b630
Event: 0.574 Thread 0x0000027721ad7590 Thread added: 0x0000027721ad7590
Event: 0.630 Thread 0x0000027721fa5040 Thread added: 0x0000027721fa5040
Event: 0.634 Thread 0x0000027721fa5a00 Thread added: 0x0000027721fa5a00
Event: 0.672 Thread 0x000002772158b0b0 Thread exited: 0x000002772158b0b0
Event: 0.708 Thread 0x00000277221a6a00 Thread added: 0x00000277221a6a00
Event: 0.729 Thread 0x00000277221dcc60 Thread added: 0x00000277221dcc60
Event: 0.805 Thread 0x000002772220b2a0 Thread added: 0x000002772220b2a0
Event: 1.492 Thread 0x00000277224b5e30 Thread added: 0x00000277224b5e30
Event: 1.942 Thread 0x00000277224b7370 Thread added: 0x00000277224b7370
Event: 1.988 Thread 0x000002772220b2a0 Thread exited: 0x000002772220b2a0
Event: 39.934 Thread 0x0000027721f04080 Thread added: 0x0000027721f04080
Event: 40.369 Thread 0x0000027721f04080 Thread exited: 0x0000027721f04080
Event: 42.493 Thread 0x0000027721f04080 Thread added: 0x0000027721f04080
Event: 42.618 Thread 0x000002772c5d7d80 Thread added: 0x000002772c5d7d80
Event: 43.236 Thread 0x000002772c5d7d80 Thread exited: 0x000002772c5d7d80
Event: 43.351 Thread 0x0000027721f04080 Thread exited: 0x0000027721f04080
Event: 58.991 Thread 0x00000277224b68d0 Thread added: 0x00000277224b68d0
Event: 58.991 Thread 0x00000277224b7e10 Thread added: 0x00000277224b7e10
Event: 58.995 Thread 0x00000277224b7e10 Thread exited: 0x00000277224b7e10


Dynamic libraries:
0x00007ff6bc370000 - 0x00007ff6bc380000 	C:\Program Files\Java\jdk-19\bin\java.exe
0x00007ffbe8630000 - 0x00007ffbe8828000 	C:\Windows\SYSTEM32\ntdll.dll
0x00007ffbe69e0000 - 0x00007ffbe6a9f000 	C:\Windows\System32\KERNEL32.DLL
0x00007ffbe6170000 - 0x00007ffbe6442000 	C:\Windows\System32\KERNELBASE.dll
0x00007ffbe6530000 - 0x00007ffbe6630000 	C:\Windows\System32\ucrtbase.dll
0x00007ffbd41f0000 - 0x00007ffbd4208000 	C:\Program Files\Java\jdk-19\bin\jli.dll
0x00007ffbd40c0000 - 0x00007ffbd40db000 	C:\Program Files\Java\jdk-19\bin\VCRUNTIME140.dll
0x00007ffbe6bd0000 - 0x00007ffbe6c7e000 	C:\Windows\System32\ADVAPI32.dll
0x00007ffbe8420000 - 0x00007ffbe84be000 	C:\Windows\System32\msvcrt.dll
0x00007ffbe6fb0000 - 0x00007ffbe704c000 	C:\Windows\System32\sechost.dll
0x00007ffbe84c0000 - 0x00007ffbe85e5000 	C:\Windows\System32\RPCRT4.dll
0x00007ffbe8200000 - 0x00007ffbe839d000 	C:\Windows\System32\USER32.dll
0x00007ffbd70e0000 - 0x00007ffbd737a000 	C:\Windows\WinSxS\amd64_microsoft.windows.common-controls_6595b64144ccf1df_6.0.19041.1110_none_60b5254171f9507e\COMCTL32.dll
0x00007ffbe6450000 - 0x00007ffbe6472000 	C:\Windows\System32\win32u.dll
0x00007ffbe81d0000 - 0x00007ffbe81fb000 	C:\Windows\System32\GDI32.dll
0x00007ffbe5f20000 - 0x00007ffbe602f000 	C:\Windows\System32\gdi32full.dll
0x00007ffbe6060000 - 0x00007ffbe60fd000 	C:\Windows\System32\msvcp_win.dll
0x00007ffbdde50000 - 0x00007ffbdde5a000 	C:\Windows\SYSTEM32\VERSION.dll
0x00007ffbe6dc0000 - 0x00007ffbe6df2000 	C:\Windows\System32\IMM32.DLL
0x00007ffbdfd00000 - 0x00007ffbdfd0c000 	C:\Program Files\Java\jdk-19\bin\vcruntime140_1.dll
0x00007ffbc6420000 - 0x00007ffbc64ae000 	C:\Program Files\Java\jdk-19\bin\msvcp140.dll
0x00007ffbb7c30000 - 0x00007ffbb88f0000 	C:\Program Files\Java\jdk-19\bin\server\jvm.dll
0x00007ffbd8810000 - 0x00007ffbd8837000 	C:\Windows\SYSTEM32\WINMM.dll
0x00007ffbe0400000 - 0x00007ffbe0409000 	C:\Windows\SYSTEM32\WSOCK32.dll
0x00007ffbe83a0000 - 0x00007ffbe840b000 	C:\Windows\System32\WS2_32.dll
0x00007ffbe4570000 - 0x00007ffbe4582000 	C:\Windows\SYSTEM32\kernel.appcore.dll
0x00007ffbdfca0000 - 0x00007ffbdfcaa000 	C:\Program Files\Java\jdk-19\bin\jimage.dll
0x00007ffbd2850000 - 0x00007ffbd2a34000 	C:\Windows\SYSTEM32\DBGHELP.DLL
0x00007ffbd23f0000 - 0x00007ffbd241c000 	C:\Windows\SYSTEM32\dbgcore.DLL
0x00007ffbe5d30000 - 0x00007ffbe5db2000 	C:\Windows\System32\bcryptPrimitives.dll
0x00007ffbd21f0000 - 0x00007ffbd2216000 	C:\Program Files\Java\jdk-19\bin\java.dll
0x00007ffbc3690000 - 0x00007ffbc3767000 	C:\Program Files\Java\jdk-19\bin\jsvml.dll
0x00007ffbe7810000 - 0x00007ffbe7f53000 	C:\Windows\System32\SHELL32.dll
0x00007ffbe3dd0000 - 0x00007ffbe4562000 	C:\Windows\SYSTEM32\windows.storage.dll
0x00007ffbe6680000 - 0x00007ffbe69d4000 	C:\Windows\System32\combase.dll
0x00007ffbe5790000 - 0x00007ffbe57c0000 	C:\Windows\SYSTEM32\Wldp.dll
0x00007ffbe6d10000 - 0x00007ffbe6dbd000 	C:\Windows\System32\SHCORE.dll
0x00007ffbe8090000 - 0x00007ffbe80e5000 	C:\Windows\System32\shlwapi.dll
0x00007ffbe5c70000 - 0x00007ffbe5c8f000 	C:\Windows\SYSTEM32\profapi.dll
0x00007ffbd3f70000 - 0x00007ffbd3f83000 	C:\Program Files\Java\jdk-19\bin\net.dll
0x00007ffbd9bd0000 - 0x00007ffbd9cdc000 	C:\Windows\SYSTEM32\WINHTTP.dll
0x00007ffbe54f0000 - 0x00007ffbe555a000 	C:\Windows\system32\mswsock.dll
0x00007ffbd2150000 - 0x00007ffbd2166000 	C:\Program Files\Java\jdk-19\bin\nio.dll
0x00007ffbd2130000 - 0x00007ffbd2148000 	C:\Program Files\Java\jdk-19\bin\zip.dll
0x000002771d170000 - 0x000002771d173000 	C:\Users\Gabriel\.openjfx\cache\13\api-ms-win-core-console-l1-1-0.dll
0x000002771d180000 - 0x000002771d183000 	C:\Users\Gabriel\.openjfx\cache\13\api-ms-win-core-datetime-l1-1-0.dll
0x000002771d190000 - 0x000002771d193000 	C:\Users\Gabriel\.openjfx\cache\13\api-ms-win-core-debug-l1-1-0.dll
0x000002771d1a0000 - 0x000002771d1a3000 	C:\Users\Gabriel\.openjfx\cache\13\api-ms-win-core-errorhandling-l1-1-0.dll
0x000002771d1b0000 - 0x000002771d1b4000 	C:\Users\Gabriel\.openjfx\cache\13\api-ms-win-core-file-l1-1-0.dll
0x000002771d1c0000 - 0x000002771d1c3000 	C:\Users\Gabriel\.openjfx\cache\13\api-ms-win-core-file-l1-2-0.dll
0x000002771d1d0000 - 0x000002771d1d3000 	C:\Users\Gabriel\.openjfx\cache\13\api-ms-win-core-file-l2-1-0.dll
0x000002771d1e0000 - 0x000002771d1e3000 	C:\Users\Gabriel\.openjfx\cache\13\api-ms-win-core-handle-l1-1-0.dll
0x000002771d1f0000 - 0x000002771d1f3000 	C:\Users\Gabriel\.openjfx\cache\13\api-ms-win-core-heap-l1-1-0.dll
0x000002771d200000 - 0x000002771d203000 	C:\Users\Gabriel\.openjfx\cache\13\api-ms-win-core-interlocked-l1-1-0.dll
0x000002771d210000 - 0x000002771d213000 	C:\Users\Gabriel\.openjfx\cache\13\api-ms-win-core-libraryloader-l1-1-0.dll
0x000002771d220000 - 0x000002771d223000 	C:\Users\Gabriel\.openjfx\cache\13\api-ms-win-core-localization-l1-2-0.dll
0x000002771d230000 - 0x000002771d233000 	C:\Users\Gabriel\.openjfx\cache\13\api-ms-win-core-memory-l1-1-0.dll
0x000002771d240000 - 0x000002771d243000 	C:\Users\Gabriel\.openjfx\cache\13\api-ms-win-core-namedpipe-l1-1-0.dll
0x000002771d250000 - 0x000002771d253000 	C:\Users\Gabriel\.openjfx\cache\13\api-ms-win-core-processenvironment-l1-1-0.dll
0x000002771d260000 - 0x000002771d263000 	C:\Users\Gabriel\.openjfx\cache\13\api-ms-win-core-processthreads-l1-1-0.dll
0x000002771d270000 - 0x000002771d273000 	C:\Users\Gabriel\.openjfx\cache\13\api-ms-win-core-processthreads-l1-1-1.dll
0x000002771d280000 - 0x000002771d283000 	C:\Users\Gabriel\.openjfx\cache\13\api-ms-win-core-profile-l1-1-0.dll
0x000002771d290000 - 0x000002771d293000 	C:\Users\Gabriel\.openjfx\cache\13\api-ms-win-core-rtlsupport-l1-1-0.dll
0x000002771d2a0000 - 0x000002771d2a3000 	C:\Users\Gabriel\.openjfx\cache\13\api-ms-win-core-string-l1-1-0.dll
0x000002771d2b0000 - 0x000002771d2b3000 	C:\Users\Gabriel\.openjfx\cache\13\api-ms-win-core-synch-l1-1-0.dll
0x000002771d2c0000 - 0x000002771d2c3000 	C:\Users\Gabriel\.openjfx\cache\13\api-ms-win-core-synch-l1-2-0.dll
0x000002771d2d0000 - 0x000002771d2d3000 	C:\Users\Gabriel\.openjfx\cache\13\api-ms-win-core-sysinfo-l1-1-0.dll
0x000002771d2e0000 - 0x000002771d2e3000 	C:\Users\Gabriel\.openjfx\cache\13\api-ms-win-core-timezone-l1-1-0.dll
0x000002771d2f0000 - 0x000002771d2f3000 	C:\Users\Gabriel\.openjfx\cache\13\api-ms-win-core-util-l1-1-0.dll
0x000002771d300000 - 0x000002771d303000 	C:\Users\Gabriel\.openjfx\cache\13\api-ms-win-crt-conio-l1-1-0.dll
0x000002771d310000 - 0x000002771d314000 	C:\Users\Gabriel\.openjfx\cache\13\api-ms-win-crt-convert-l1-1-0.dll
0x000002771d320000 - 0x000002771d323000 	C:\Users\Gabriel\.openjfx\cache\13\api-ms-win-crt-environment-l1-1-0.dll
0x000002771d330000 - 0x000002771d333000 	C:\Users\Gabriel\.openjfx\cache\13\api-ms-win-crt-filesystem-l1-1-0.dll
0x000002771d340000 - 0x000002771d343000 	C:\Users\Gabriel\.openjfx\cache\13\api-ms-win-crt-heap-l1-1-0.dll
0x000002771d350000 - 0x000002771d353000 	C:\Users\Gabriel\.openjfx\cache\13\api-ms-win-crt-locale-l1-1-0.dll
0x000002771d360000 - 0x000002771d365000 	C:\Users\Gabriel\.openjfx\cache\13\api-ms-win-crt-math-l1-1-0.dll
0x000002771d370000 - 0x000002771d375000 	C:\Users\Gabriel\.openjfx\cache\13\api-ms-win-crt-multibyte-l1-1-0.dll
0x000002771d380000 - 0x000002771d390000 	C:\Users\Gabriel\.openjfx\cache\13\api-ms-win-crt-private-l1-1-0.dll
0x000002771d390000 - 0x000002771d393000 	C:\Users\Gabriel\.openjfx\cache\13\api-ms-win-crt-process-l1-1-0.dll
0x000002771d3a0000 - 0x000002771d3a4000 	C:\Users\Gabriel\.openjfx\cache\13\api-ms-win-crt-runtime-l1-1-0.dll
0x000002771d3b0000 - 0x000002771d3b4000 	C:\Users\Gabriel\.openjfx\cache\13\api-ms-win-crt-stdio-l1-1-0.dll
0x000002771d3c0000 - 0x000002771d3c4000 	C:\Users\Gabriel\.openjfx\cache\13\api-ms-win-crt-string-l1-1-0.dll
0x000002771d3d0000 - 0x000002771d3d3000 	C:\Users\Gabriel\.openjfx\cache\13\api-ms-win-crt-time-l1-1-0.dll
0x000002771d3e0000 - 0x000002771d3e3000 	C:\Users\Gabriel\.openjfx\cache\13\api-ms-win-crt-utility-l1-1-0.dll
0x00007ffbbf640000 - 0x00007ffbbf73c000 	C:\Users\Gabriel\.openjfx\cache\13\ucrtbase.dll
0x00007ffbcbd80000 - 0x00007ffbcbd95000 	C:\Users\Gabriel\.openjfx\cache\13\vcruntime140.dll
0x00007ffbc35f0000 - 0x00007ffbc368b000 	C:\Users\Gabriel\.openjfx\cache\13\msvcp140.dll
0x00007ffbc9190000 - 0x00007ffbc91e1000 	C:\Users\Gabriel\.openjfx\cache\13\concrt140.dll
0x00007ffbc63f0000 - 0x00007ffbc6413000 	C:\Users\Gabriel\.openjfx\cache\13\prism_d3d.dll
0x00007ffbd2220000 - 0x00007ffbd23ef000 	C:\Windows\system32\d3d9.dll
0x00007ffbe3900000 - 0x00007ffbe392f000 	C:\Windows\SYSTEM32\dwmapi.dll
0x00007ffbe3720000 - 0x00007ffbe37be000 	C:\Windows\system32\uxtheme.dll
0x00007ffb65c40000 - 0x00007ffb6b44d000 	C:\Windows\System32\DriverStore\FileRepository\igdlh64.inf_amd64_6d1fd205efa7f979\igdumdim64.dll
0x00007ffbe7f60000 - 0x00007ffbe802d000 	C:\Windows\System32\OLEAUT32.dll
0x00007ffbe7060000 - 0x00007ffbe718a000 	C:\Windows\System32\ole32.dll
0x00007ffbe7280000 - 0x00007ffbe76e8000 	C:\Windows\System32\SETUPAPI.dll
0x00007ffbe6630000 - 0x00007ffbe667e000 	C:\Windows\System32\cfgmgr32.dll
0x00007ffbe6030000 - 0x00007ffbe6057000 	C:\Windows\System32\bcrypt.dll
0x00007ffbc2ce0000 - 0x00007ffbc2d25000 	C:\Users\Gabriel\.openjfx\cache\13\glass.dll
0x00007ffbe7190000 - 0x00007ffbe726a000 	C:\Windows\System32\COMDLG32.dll
0x00007ffbe76f0000 - 0x00007ffbe7805000 	C:\Windows\System32\MSCTF.dll
0x00007ffbd8840000 - 0x00007ffbd999e000 	C:\Windows\System32\DriverStore\FileRepository\igdlh64.inf_amd64_6d1fd205efa7f979\igc64.dll
0x00007ffbdb820000 - 0x00007ffbdb85b000 	C:\Windows\SYSTEM32\dxcore.dll
0x00007ffbcbd60000 - 0x00007ffbcbd74000 	C:\Users\Gabriel\.openjfx\cache\13\javafx_font.dll
0x00007ffbca680000 - 0x00007ffbca8ff000 	C:\Windows\SYSTEM32\dwrite.dll
0x00007ffbe6aa0000 - 0x00007ffbe6b4f000 	C:\Windows\System32\clbcatq.dll
0x00007ffbde9d0000 - 0x00007ffbdeb84000 	C:\Windows\SYSTEM32\WindowsCodecs.dll
0x00007ffbc8420000 - 0x00007ffbc845e000 	C:\Windows\system32\dataexchange.dll
0x00007ffbe2780000 - 0x00007ffbe2963000 	C:\Windows\system32\dcomp.dll
0x00007ffbe1af0000 - 0x00007ffbe1d53000 	C:\Windows\system32\d3d11.dll
0x00007ffbe45f0000 - 0x00007ffbe46e3000 	C:\Windows\system32\dxgi.dll
0x00007ffbdef60000 - 0x00007ffbdf160000 	C:\Windows\system32\twinapi.appcore.dll
0x00007ffbc2ca0000 - 0x00007ffbc2cd4000 	C:\Program Files\Common Files\Microsoft Shared\Ink\rtscom.dll
0x00007ffbce590000 - 0x00007ffbce689000 	C:\Windows\SYSTEM32\textinputframework.dll
0x00007ffbe3050000 - 0x00007ffbe3142000 	C:\Windows\System32\CoreMessaging.dll
0x00007ffbe2970000 - 0x00007ffbe2cce000 	C:\Windows\System32\CoreUIComponents.dll
0x00007ffbe4ec0000 - 0x00007ffbe4ef3000 	C:\Windows\SYSTEM32\ntmarta.dll
0x00007ffbe1990000 - 0x00007ffbe1ae4000 	C:\Windows\SYSTEM32\wintypes.dll
0x00007ffbd86f0000 - 0x00007ffbd8756000 	C:\Windows\system32\Oleacc.dll

dbghelp: loaded successfully - version: 4.0.5 - missing functions: none
symbol engine: initialized successfully - sym options: 0x614 - pdb path: .;C:\Program Files\Java\jdk-19\bin;C:\Windows\SYSTEM32;C:\Windows\WinSxS\amd64_microsoft.windows.common-controls_6595b64144ccf1df_6.0.19041.1110_none_60b5254171f9507e;C:\Program Files\Java\jdk-19\bin\server;C:\Users\Gabriel\.openjfx\cache\13;C:\Windows\System32\DriverStore\FileRepository\igdlh64.inf_amd64_6d1fd205efa7f979;C:\Program Files\Common Files\Microsoft Shared\Ink

VM Arguments:
jvm_args: --module-path=C:\Users\Gabriel\Downloads\teste4\Trabalho-Final-POO\batalha-pokemon\target\classes;C:\Users\Gabriel\.m2\repository\org\openjfx\javafx-base\13\javafx-base-13-win.jar;C:\Users\Gabriel\.m2\repository\org\openjfx\javafx-controls\13\javafx-controls-13-win.jar;C:\Users\Gabriel\.m2\repository\org\openjfx\javafx-fxml\13\javafx-fxml-13-win.jar;C:\Users\Gabriel\.m2\repository\org\openjfx\javafx-graphics\13\javafx-graphics-13-win.jar --add-modules=poo -Djdk.module.main=poo 
java_command: poo/poo.App
java_class_path (initial): C:\Users\Gabriel\.m2\repository\org\openjfx\javafx-base\13\javafx-base-13.jar;C:\Users\Gabriel\.m2\repository\org\openjfx\javafx-controls\13\javafx-controls-13.jar;C:\Users\Gabriel\.m2\repository\org\openjfx\javafx-fxml\13\javafx-fxml-13.jar;C:\Users\Gabriel\.m2\repository\org\openjfx\javafx-graphics\13\javafx-graphics-13.jar
Launcher Type: SUN_STANDARD

[Global flags]
     intx CICompilerCount                          = 4                                         {product} {ergonomic}
     uint ConcGCThreads                            = 2                                         {product} {ergonomic}
     uint G1ConcRefinementThreads                  = 8                                         {product} {ergonomic}
   size_t G1HeapRegionSize                         = 1048576                                   {product} {ergonomic}
    uintx GCDrainStackTargetSize                   = 64                                        {product} {ergonomic}
   size_t InitialHeapSize                          = 134217728                                 {product} {ergonomic}
   size_t MarkStackSize                            = 4194304                                   {product} {ergonomic}
   size_t MaxHeapSize                              = 2128609280                                {product} {ergonomic}
   size_t MaxNewSize                               = 1277165568                                {product} {ergonomic}
   size_t MinHeapDeltaBytes                        = 1048576                                   {product} {ergonomic}
   size_t MinHeapSize                              = 8388608                                   {product} {ergonomic}
    uintx NonNMethodCodeHeapSize                   = 5839372                                {pd product} {ergonomic}
    uintx NonProfiledCodeHeapSize                  = 122909434                              {pd product} {ergonomic}
    uintx ProfiledCodeHeapSize                     = 122909434                              {pd product} {ergonomic}
    uintx ReservedCodeCacheSize                    = 251658240                              {pd product} {ergonomic}
     bool SegmentedCodeCache                       = true                                      {product} {ergonomic}
   size_t SoftMaxHeapSize                          = 2128609280                             {manageable} {ergonomic}
     bool UseCompressedClassPointers               = true                           {product lp64_product} {ergonomic}
     bool UseCompressedOops                        = true                           {product lp64_product} {ergonomic}
     bool UseG1GC                                  = true                                      {product} {ergonomic}
     bool UseLargePagesIndividualAllocation        = false                                  {pd product} {ergonomic}

Logging:
Log output configuration:
 #0: stdout all=off uptime,level,tags foldmultilines=false
 #1: stderr all=off uptime,level,tags foldmultilines=false

Environment Variables:
JAVA_HOME=C:\Program Files\Java\jdk-19
PATH=C:\Program Files\Common Files\Oracle\Java\javapath;C:\Program Files\Eclipse Adoptium\jdk-17.0.4.101-hotspot\bin;C:\Program Files (x86)\Common Files\Oracle\Java\javapath;C:\Windows\system32;C:\Windows;C:\Windows\System32\Wbem;C:\Windows\System32\WindowsPowerShell\v1.0\;C:\Windows\System32\OpenSSH\;C:\Program Files\Git\cmd;C:\Users\Gabriel\AppData\Local\Microsoft\WindowsApps;C:\Users\Gabriel\AppData\Local\Programs\Microsoft VS Code\bin;C:\Users\Gabriel\AppData\Local\GitHubDesktop\bin;C:\Program Files (x86)\Maven\apache-maven-3.8.6\bin;C:\Program Files\Java\jdk-19\bin;
USERNAME=Gabriel
LANG=pt_BR.UTF-8
OS=Windows_NT
PROCESSOR_IDENTIFIER=Intel64 Family 6 Model 94 Stepping 3, GenuineIntel
TMP=C:\Users\Gabriel\AppData\Local\Temp
TEMP=C:\Users\Gabriel\AppData\Local\Temp



---------------  S Y S T E M  ---------------

OS:
 Windows 10 , 64 bit Build 19041 (10.0.19041.2251)
OS uptime: 2 days 10:28 hours

CPU: total 8 (initial active 8) (4 cores per cpu, 2 threads per core) family 6 model 94 stepping 3 microcode 0xcc, cx8, cmov, fxsr, ht, mmx, 3dnowpref, sse, sse2, sse3, ssse3, sse4.1, sse4.2, popcnt, lzcnt, tsc, tscinvbit, avx, avx2, aes, erms, clmul, bmi1, bmi2, rtm, adx, fma, vzeroupper, clflush, clflushopt, rdtscp

Memory: 4k page, system-wide physical 8112M (1060M free)
TotalPageFile size 19930M (AvailPageFile size 2571M)
current process WorkingSet (physical memory assigned to process): 194M, peak: 216M
current process commit charge ("private bytes"): 329M, peak: 347M

vm_info: Java HotSpot(TM) 64-Bit Server VM (19.0.1+10-21) for windows-amd64 JRE (19.0.1+10-21), built on 2022-09-14T12:45:06Z by "mach5one" with MS VC++ 17.1 (VS2022)

END.
