#
# A fatal error has been detected by the Java Runtime Environment:
#
#  EXCEPTION_ACCESS_VIOLATION (0xc0000005) at pc=0x00007ffbc2d066f0, pid=22108, tid=21336
#
# JRE version: Java(TM) SE Runtime Environment (19.0.1+10) (build 19.0.1+10-21)
# Java VM: Java HotSpot(TM) 64-Bit Server VM (19.0.1+10-21, mixed mode, sharing, tiered, compressed oops, compressed class ptrs, g1 gc, windows-amd64)
# Problematic frame:
# C  [glass.dll+0x266f0]
#
# No core dump will be written. Minidumps are not enabled by default on client versions of Windows
#
# If you would like to submit a bug report, please visit:
#   https://bugreport.java.com/bugreport/crash.jsp
#

---------------  S U M M A R Y ------------

Command Line: --module-path=C:\Users\Gabriel\Downloads\teste4\Trabalho-Final-POO\batalha-pokemon\target\classes;C:\Users\Gabriel\.m2\repository\org\openjfx\javafx-base\13\javafx-base-13-win.jar;C:\Users\Gabriel\.m2\repository\org\openjfx\javafx-controls\13\javafx-controls-13-win.jar;C:\Users\Gabriel\.m2\repository\org\openjfx\javafx-fxml\13\javafx-fxml-13-win.jar;C:\Users\Gabriel\.m2\repository\org\openjfx\javafx-graphics\13\javafx-graphics-13-win.jar --add-modules=poo -Djdk.module.main=poo poo/poo.App

Host: Intel(R) Core(TM) i7-6700HQ CPU @ 2.60GHz, 8 cores, 7G,  Windows 10 , 64 bit Build 19041 (10.0.19041.2251)
Time: Wed Nov 30 12:13:12 2022 Hora oficial do Brasil elapsed time: 944.666161 seconds (0d 0h 15m 44s)

---------------  T H R E A D  ---------------

Current thread (0x000002473fd5a540):  VMThread "VM Thread" [stack: 0x000000ead4100000,0x000000ead4200000] [id=21336]

Stack: [0x000000ead4100000,0x000000ead4200000],  sp=0x000000ead41ff490,  free space=1021k
Native frames: (J=compiled Java code, j=interpreted, Vv=VM code, C=native code)
C  [glass.dll+0x266f0]


siginfo: EXCEPTION_ACCESS_VIOLATION (0xc0000005), reading address 0x0000000000000000


Registers:
RAX=0x0000000000000000, RBX=0x000002473fd66d10, RCX=0x000002473fd5a540, RDX=0x000000ead41ff490
RSP=0x000000ead41ff490, RBP=0x0000024744d9ed68, RSI=0x0000024744d9ed40, RDI=0x0000f5077b7b1e66
R8 =0x0000000000010002, R9 =0x0000f5077b7b1e66, R10=0x0000000000008000, R11=0x000000ead41ff430
R12=0x00007ffbc2d03b84, R13=0x00007ffbb88472a0, R14=0x000000ead41ff598, R15=0x0000024744d9ed40
RIP=0x00007ffbc2d066f0, EFLAGS=0x0000000000010206


Register to memory mapping:

RIP=0x00007ffbc2d066f0 glass.dll
RAX=0x0 is NULL
RBX=0x000002473fd66d10 is a global jni handle
RCX=0x000002473fd5a540 points into unknown readable memory: 0x00007ffbb86545e8 | e8 45 65 b8 fb 7f 00 00
RDX=0x000000ead41ff490 points into unknown readable memory: 0x0000000000000000 | 00 00 00 00 00 00 00 00
RSP=0x000000ead41ff490 points into unknown readable memory: 0x0000000000000000 | 00 00 00 00 00 00 00 00
RBP=0x0000024744d9ed68 points into unknown readable memory: 0x0000f5077b7b1e66 | 66 1e 7b 7b 07 f5 00 00
RSI=0x0000024744d9ed40 points into unknown readable memory: 0xb40d6e077b64e096 | 96 e0 64 7b 07 6e 0d b4
RDI=0x0000f5077b7b1e66 is an unknown value
R8 =0x0000000000010002 is an unknown value
R9 =0x0000f5077b7b1e66 is an unknown value
R10=0x0000000000008000 is an unknown value
R11=0x000000ead41ff430 points into unknown readable memory: 0x0000024744d9ed40 | 40 ed d9 44 47 02 00 00
R12=0x00007ffbc2d03b84 glass.dll
R13=0x00007ffbb88472a0 jvm.dll
R14=0x000000ead41ff598 points into unknown readable memory: 0x000000ead41ff580 | 80 f5 1f d4 ea 00 00 00
R15=0x0000024744d9ed40 points into unknown readable memory: 0xb40d6e077b64e096 | 96 e0 64 7b 07 6e 0d b4


Top of Stack: (sp=0x000000ead41ff490)
0x000000ead41ff490:   0000000000000000 00007ffbe653f05b
0x000000ead41ff4a0:   0000024744d9ed50 0000024744d9ed40
0x000000ead41ff4b0:   fffffffffffffffe 00007ffbc2d03b84
0x000000ead41ff4c0:   0000024744d9ed48 00007ffbe65442d6
0x000000ead41ff4d0:   0000024744d9ed50 0000024700000000
0x000000ead41ff4e0:   0000024744d9ed68 0000024744d9ed40
0x000000ead41ff4f0:   fffffffffffffffe 0000000000000000
0x000000ead41ff500:   0000000000000001 00007ffbc2ce0000
0x000000ead41ff510:   000000ead41ff588 00007ffbe65441fb
0x000000ead41ff520:   0000000000000000 000000ead41ff598
0x000000ead41ff530:   000000ead41ff850 00007ffbe6620e40
0x000000ead41ff540:   0000000000000000 00007ffbe65441b4
0x000000ead41ff550:   0000000000000000 0000000000000001
0x000000ead41ff560:   0000000000000001 000000ead41ff588
0x000000ead41ff570:   0000000000000006 00007ffbc2d03a12
0x000000ead41ff580:   00007ffbc2d1d118 000000ea00000002 

Instructions: (pc=0x00007ffbc2d066f0)
0x00007ffbc2d065f0:   8b 4d 60 e8 98 c9 ff ff 48 8b 55 68 48 8b 8d 08
0x00007ffbc2d06600:   01 00 00 e8 49 be ff ff 33 d2 33 c9 e8 49 de ff
0x00007ffbc2d06610:   ff 90 cc cc cc cc cc cc cc cc cc cc cc cc cc cc
0x00007ffbc2d06620:   48 8d 8a 80 00 00 00 e9 14 e9 fe ff 48 89 54 24
0x00007ffbc2d06630:   10 55 48 83 ec 20 48 8b ea 48 8d 05 dd ca ff ff
0x00007ffbc2d06640:   48 83 c4 20 5d c3 cc 40 55 48 8b ea 48 8b 01 33
0x00007ffbc2d06650:   c9 81 38 05 00 00 c0 0f 94 c1 8b c1 5d c3 cc 40
0x00007ffbc2d06660:   55 48 83 ec 20 48 8b ea 8a 4d 40 48 83 c4 20 5d
0x00007ffbc2d06670:   e9 df cd ff ff cc 40 55 48 83 ec 20 48 8b ea e8
0x00007ffbc2d06680:   fc cb ff ff 8a 4d 38 48 83 c4 20 5d e9 c3 cd ff
0x00007ffbc2d06690:   ff cc 40 55 48 83 ec 30 48 8b ea 48 8b 01 8b 10
0x00007ffbc2d066a0:   48 89 4c 24 28 89 54 24 20 4c 8d 0d a4 d1 ff ff
0x00007ffbc2d066b0:   4c 8b 45 70 8b 55 68 48 8b 4d 60 e8 30 cb ff ff
0x00007ffbc2d066c0:   90 48 83 c4 30 5d c3 cc cc cc cc cc cc cc cc cc
0x00007ffbc2d066d0:   40 53 48 83 ec 30 48 c7 44 24 20 fe ff ff ff 48
0x00007ffbc2d066e0:   8b 1d 2a 64 01 00 48 85 db 74 16 e8 90 85 ff ff
0x00007ffbc2d066f0:   4c 8b 00 48 8b d3 48 8b c8 41 ff 90 b0 00 00 00
0x00007ffbc2d06700:   90 48 83 c4 30 5b c3 cc cc cc cc cc cc cc cc cc
0x00007ffbc2d06710:   40 53 48 83 ec 20 48 8b 1d 9b 65 01 00 48 85 db
0x00007ffbc2d06720:   74 57 b8 ff ff ff ff f0 0f c1 43 10 83 f8 01 75
0x00007ffbc2d06730:   3d 48 85 db 74 38 48 8b 0b 48 85 c9 74 0d ff 15
0x00007ffbc2d06740:   64 0b 00 00 48 c7 03 00 00 00 00 48 8b 4b 08 48
0x00007ffbc2d06750:   85 c9 74 0d e8 37 c8 ff ff 48 c7 43 08 00 00 00
0x00007ffbc2d06760:   00 ba 18 00 00 00 48 8b cb e8 22 c8 ff ff 48 c7
0x00007ffbc2d06770:   05 3f 65 01 00 00 00 00 00 48 83 c4 20 5b c3 cc
0x00007ffbc2d06780:   40 53 48 83 ec 20 48 8b 1d 0b 65 01 00 48 85 db
0x00007ffbc2d06790:   74 57 b8 ff ff ff ff f0 0f c1 43 10 83 f8 01 75
0x00007ffbc2d067a0:   3d 48 85 db 74 38 48 8b 0b 48 85 c9 74 0d ff 15
0x00007ffbc2d067b0:   f4 0a 00 00 48 c7 03 00 00 00 00 48 8b 4b 08 48
0x00007ffbc2d067c0:   85 c9 74 0d e8 c7 c7 ff ff 48 c7 43 08 00 00 00
0x00007ffbc2d067d0:   00 ba 18 00 00 00 48 8b cb e8 b2 c7 ff ff 48 c7
0x00007ffbc2d067e0:   05 af 64 01 00 00 00 00 00 48 83 c4 20 5b c3 cc 


Stack slot to memory mapping:
stack at sp + 0 slots: 0x0 is NULL
stack at sp + 1 slots: 0x00007ffbe653f05b ucrtbase.dll
stack at sp + 2 slots: 0x0000024744d9ed50 points into unknown readable memory: 0x0000f5077b7b1e66 | 66 1e 7b 7b 07 f5 00 00
stack at sp + 3 slots: 0x0000024744d9ed40 points into unknown readable memory: 0xb40d6e077b64e096 | 96 e0 64 7b 07 6e 0d b4
stack at sp + 4 slots: 0xfffffffffffffffe is an unknown value
stack at sp + 5 slots: 0x00007ffbc2d03b84 glass.dll
stack at sp + 6 slots: 0x0000024744d9ed48 points into unknown readable memory: 0x0000f5077b7b1e66 | 66 1e 7b 7b 07 f5 00 00
stack at sp + 7 slots: 0x00007ffbe65442d6 ucrtbase.dll

VM_Operation (0x000000ead50f7110): Exit, mode: safepoint, requested by thread 0x0000024744dd1800


---------------  P R O C E S S  ---------------

Threads class SMR info:
_java_thread_list=0x000002474457ef00, length=19, elements={
0x000002471f59c1c0, 0x000002473fd73e70, 0x000002473fd74870, 0x000002473fd76b20,
0x000002473fd79070, 0x000002473fd795b0, 0x000002473fd7dc40, 0x000002473fd849d0,
0x000002473fd8cf60, 0x000002473fd974e0, 0x000002473fd4aaf0, 0x00000247448dcf70,
0x00000247446d67d0, 0x0000024744b26800, 0x0000024744dd1800, 0x0000024744f97db0,
0x00000247450349f0, 0x000002474512a370, 0x00000247451298d0
}

Java Threads: ( => current thread )
  0x000002471f59c1c0 JavaThread "main" [_thread_blocked, id=7480, stack(0x000000ead3b00000,0x000000ead3c00000)]
  0x000002473fd73e70 JavaThread "Reference Handler" daemon [_thread_blocked, id=24040, stack(0x000000ead4200000,0x000000ead4300000)]
  0x000002473fd74870 JavaThread "Finalizer" daemon [_thread_blocked, id=10924, stack(0x000000ead4300000,0x000000ead4400000)]
  0x000002473fd76b20 JavaThread "Signal Dispatcher" daemon [_thread_blocked, id=21716, stack(0x000000ead4400000,0x000000ead4500000)]
  0x000002473fd79070 JavaThread "Attach Listener" daemon [_thread_blocked, id=16356, stack(0x000000ead4500000,0x000000ead4600000)]
  0x000002473fd795b0 JavaThread "Service Thread" daemon [_thread_blocked, id=14232, stack(0x000000ead4600000,0x000000ead4700000)]
  0x000002473fd7dc40 JavaThread "Monitor Deflation Thread" daemon [_thread_blocked, id=23088, stack(0x000000ead4700000,0x000000ead4800000)]
  0x000002473fd849d0 JavaThread "C2 CompilerThread0" daemon [_thread_blocked, id=21012, stack(0x000000ead4800000,0x000000ead4900000)]
  0x000002473fd8cf60 JavaThread "C1 CompilerThread0" daemon [_thread_blocked, id=20392, stack(0x000000ead4900000,0x000000ead4a00000)]
  0x000002473fd974e0 JavaThread "Sweeper thread" daemon [_thread_blocked, id=11984, stack(0x000000ead4a00000,0x000000ead4b00000)]
  0x000002473fd4aaf0 JavaThread "Common-Cleaner" daemon [_thread_blocked, id=21356, stack(0x000000ead4b00000,0x000000ead4c00000)]
  0x00000247448dcf70 JavaThread "Notification Thread" daemon [_thread_blocked, id=11384, stack(0x000000ead4e00000,0x000000ead4f00000)]
  0x00000247446d67d0 JavaThread "QuantumRenderer-0" daemon [_thread_blocked, id=15732, stack(0x000000ead4c00000,0x000000ead4d00000)]
  0x0000024744b26800 JavaThread "InvokeLaterDispatcher" daemon [_thread_blocked, id=5440, stack(0x000000ead4d00000,0x000000ead4e00000)]
  0x0000024744dd1800 JavaThread "JavaFX Application Thread" [_thread_blocked, id=21824, stack(0x000000ead5000000,0x000000ead5100000)]
  0x0000024744f97db0 JavaThread "Thread-1" daemon [_thread_in_native, id=16952, stack(0x000000ead5400000,0x000000ead5500000)]
  0x00000247450349f0 JavaThread "JavaFX-Launcher" [_thread_blocked, id=18812, stack(0x000000ead5500000,0x000000ead5600000)]
  0x000002474512a370 JavaThread "Prism Font Disposer" daemon [_thread_blocked, id=24168, stack(0x000000ead5f00000,0x000000ead6000000)]
  0x00000247451298d0 JavaThread "Cleaner-0" daemon [_thread_blocked, id=20616, stack(0x000000ead5b00000,0x000000ead5c00000)]

Other Threads:
=>0x000002473fd5a540 VMThread "VM Thread" [stack: 0x000000ead4100000,0x000000ead4200000] [id=21336]
  0x000002471f5fbbd0 WorkerThread "GC Thread#0" [stack: 0x000000ead3c00000,0x000000ead3d00000] [id=15060]
  0x00000247450dfa10 WorkerThread "GC Thread#1" [stack: 0x000000ead5600000,0x000000ead5700000] [id=1280]
  0x00000247450dfce0 WorkerThread "GC Thread#2" [stack: 0x000000ead5700000,0x000000ead5800000] [id=5908]
  0x000002473fda62f0 WorkerThread "GC Thread#3" [stack: 0x000000ead5800000,0x000000ead5900000] [id=15024]
  0x000002473fda6890 WorkerThread "GC Thread#4" [stack: 0x000000ead5900000,0x000000ead5a00000] [id=21592]
  0x000002473fda76a0 WorkerThread "GC Thread#5" [stack: 0x000000ead5a00000,0x000000ead5b00000] [id=24156]
  0x000002473fda73d0 WorkerThread "GC Thread#6" [stack: 0x000000ead6000000,0x000000ead6100000] [id=3928]
  0x000002473fda5a80 WorkerThread "GC Thread#7" [stack: 0x000000ead6100000,0x000000ead6200000] [id=9548]
  0x000002471f60ca90 ConcurrentGCThread "G1 Main Marker" terminated
  0x000002471f60dc60 WorkerThread "G1 Conc#0" [stack: 0x000000ead3e00000,0x000000ead3f00000] [id=24116]
  0x000002473fc160e0 ConcurrentGCThread "G1 Refine#0" terminated
  0x000002473fc16830 ConcurrentGCThread "G1 Service" terminated

Threads with active compile tasks:

VM state: at safepoint (shutting down)

VM Mutex/Monitor currently owned by a thread:  ([mutex/lock_event])
[0x000002471f596e50] Threads_lock - owner thread: 0x000002473fd5a540
[0x000002471f5977e0] Heap_lock - owner thread: 0x0000024744dd1800

Heap address: 0x0000000081200000, size: 2030 MB, Compressed Oops mode: 32-bit

CDS archive(s) mapped at: [0x0000000800000000-0x0000000800c40000-0x0000000800c40000), size 12845056, SharedBaseAddress: 0x0000000800000000, ArchiveRelocationMode: 0.
Compressed class space mapped at: 0x0000000801000000-0x0000000841000000, reserved size: 1073741824
Narrow klass base: 0x0000000800000000, Narrow klass shift: 0, Narrow klass range: 0x100000000

GC Precious Log:
 CardTable entry size: 512
 Card Set container configuration: InlinePtr #cards 5 size 8 Array Of Cards #cards 12 size 40 Howl #buckets 4 coarsen threshold 1843 Howl Bitmap #cards 512 size 80 coarsen threshold 460 Card regions per heap region 1 cards per card region 2048
 CPUs: 8 total, 8 available
 Memory: 8112M
 Large Page Support: Disabled
 NUMA Support: Disabled
 Compressed Oops: Enabled (32-bit)
 Heap Region Size: 1M
 Heap Min Capacity: 8M
 Heap Initial Capacity: 128M
 Heap Max Capacity: 2030M
 Pre-touch: Disabled
 Parallel Workers: 8
 Concurrent Workers: 2
 Concurrent Refinement Workers: 8
 Periodic GC: Disabled

Heap:
 garbage-first heap   total 131072K, used 71783K [0x0000000081200000, 0x0000000100000000)
  region size 1024K, 31 young (31744K), 9 survivors (9216K)
 Metaspace       used 18327K, committed 18624K, reserved 1114112K
  class space    used 2423K, committed 2560K, reserved 1048576K

Heap Regions: E=young(eden), S=young(survivor), O=old, HS=humongous(starts), HC=humongous(continues), CS=collection set, F=free, OA=open archive, CA=closed archive, TAMS=top-at-mark-start (previous, next)
|   0|0x0000000081200000, 0x0000000081300000, 0x0000000081300000|100%|HS|  |TAMS 0x0000000081200000, 0x0000000081200000| Complete 
|   1|0x0000000081300000, 0x0000000081400000, 0x0000000081400000|100%|HC|  |TAMS 0x0000000081300000, 0x0000000081300000| Complete 
|   2|0x0000000081400000, 0x0000000081500000, 0x0000000081500000|100%|HC|  |TAMS 0x0000000081400000, 0x0000000081400000| Complete 
|   3|0x0000000081500000, 0x0000000081600000, 0x0000000081600000|100%|HC|  |TAMS 0x0000000081500000, 0x0000000081500000| Complete 
|   4|0x0000000081600000, 0x0000000081700000, 0x0000000081700000|100%|HC|  |TAMS 0x0000000081600000, 0x0000000081600000| Complete 
|   5|0x0000000081700000, 0x0000000081800000, 0x0000000081800000|100%|HC|  |TAMS 0x0000000081700000, 0x0000000081700000| Complete 
|   6|0x0000000081800000, 0x0000000081900000, 0x0000000081900000|100%|HS|  |TAMS 0x0000000081800000, 0x0000000081800000| Complete 
|   7|0x0000000081900000, 0x0000000081a00000, 0x0000000081a00000|100%|HC|  |TAMS 0x0000000081900000, 0x0000000081900000| Complete 
|   8|0x0000000081a00000, 0x0000000081b00000, 0x0000000081b00000|100%|HS|  |TAMS 0x0000000081a00000, 0x0000000081a00000| Complete 
|   9|0x0000000081b00000, 0x0000000081c00000, 0x0000000081c00000|100%|HC|  |TAMS 0x0000000081b00000, 0x0000000081b00000| Complete 
|  10|0x0000000081c00000, 0x0000000081d00000, 0x0000000081d00000|100%|HC|  |TAMS 0x0000000081c00000, 0x0000000081c00000| Complete 
|  11|0x0000000081d00000, 0x0000000081e00000, 0x0000000081e00000|100%| O|  |TAMS 0x0000000081d00000, 0x0000000081d00000| Untracked 
|  12|0x0000000081e00000, 0x0000000081f00000, 0x0000000081f00000|100%| O|  |TAMS 0x0000000081e00000, 0x0000000081e00000| Untracked 
|  13|0x0000000081f00000, 0x0000000081f89200, 0x0000000082000000| 53%| O|  |TAMS 0x0000000081f00000, 0x0000000081f00000| Untracked 
|  14|0x0000000082000000, 0x0000000082100000, 0x0000000082100000|100%|HS|  |TAMS 0x0000000082000000, 0x0000000082000000| Complete 
|  15|0x0000000082100000, 0x0000000082200000, 0x0000000082200000|100%|HC|  |TAMS 0x0000000082100000, 0x0000000082100000| Complete 
|  16|0x0000000082200000, 0x0000000082300000, 0x0000000082300000|100%|HC|  |TAMS 0x0000000082200000, 0x0000000082200000| Complete 
|  17|0x0000000082300000, 0x0000000082400000, 0x0000000082400000|100%|HS|  |TAMS 0x0000000082300000, 0x0000000082300000| Complete 
|  18|0x0000000082400000, 0x0000000082500000, 0x0000000082500000|100%|HC|  |TAMS 0x0000000082400000, 0x0000000082400000| Complete 
|  19|0x0000000082500000, 0x0000000082600000, 0x0000000082600000|100%|HC|  |TAMS 0x0000000082500000, 0x0000000082500000| Complete 
|  20|0x0000000082600000, 0x0000000082700000, 0x0000000082700000|100%|HS|  |TAMS 0x0000000082600000, 0x0000000082600000| Complete 
|  21|0x0000000082700000, 0x0000000082800000, 0x0000000082800000|100%|HC|  |TAMS 0x0000000082700000, 0x0000000082700000| Complete 
|  22|0x0000000082800000, 0x0000000082900000, 0x0000000082900000|100%|HC|  |TAMS 0x0000000082800000, 0x0000000082800000| Complete 
|  23|0x0000000082900000, 0x0000000082a00000, 0x0000000082a00000|100%|HS|  |TAMS 0x0000000082900000, 0x0000000082900000| Complete 
|  24|0x0000000082a00000, 0x0000000082b00000, 0x0000000082b00000|100%|HC|  |TAMS 0x0000000082a00000, 0x0000000082a00000| Complete 
|  25|0x0000000082b00000, 0x0000000082c00000, 0x0000000082c00000|100%|HC|  |TAMS 0x0000000082b00000, 0x0000000082b00000| Complete 
|  26|0x0000000082c00000, 0x0000000082d00000, 0x0000000082d00000|100%|HS|  |TAMS 0x0000000082c00000, 0x0000000082c00000| Complete 
|  27|0x0000000082d00000, 0x0000000082e00000, 0x0000000082e00000|100%|HC|  |TAMS 0x0000000082d00000, 0x0000000082d00000| Complete 
|  28|0x0000000082e00000, 0x0000000082f00000, 0x0000000082f00000|100%|HC|  |TAMS 0x0000000082e00000, 0x0000000082e00000| Complete 
|  29|0x0000000082f00000, 0x0000000083000000, 0x0000000083000000|100%|HS|  |TAMS 0x0000000082f00000, 0x0000000082f00000| Complete 
|  30|0x0000000083000000, 0x0000000083100000, 0x0000000083100000|100%|HC|  |TAMS 0x0000000083000000, 0x0000000083000000| Complete 
|  31|0x0000000083100000, 0x0000000083200000, 0x0000000083200000|100%|HC|  |TAMS 0x0000000083100000, 0x0000000083100000| Complete 
|  32|0x0000000083200000, 0x0000000083300000, 0x0000000083300000|100%|HS|  |TAMS 0x0000000083200000, 0x0000000083200000| Complete 
|  33|0x0000000083300000, 0x0000000083400000, 0x0000000083400000|100%|HC|  |TAMS 0x0000000083300000, 0x0000000083300000| Complete 
|  34|0x0000000083400000, 0x0000000083500000, 0x0000000083500000|100%|HC|  |TAMS 0x0000000083400000, 0x0000000083400000| Complete 
|  35|0x0000000083500000, 0x0000000083600000, 0x0000000083600000|100%|HS|  |TAMS 0x0000000083500000, 0x0000000083500000| Complete 
|  36|0x0000000083600000, 0x0000000083700000, 0x0000000083700000|100%|HC|  |TAMS 0x0000000083600000, 0x0000000083600000| Complete 
|  37|0x0000000083700000, 0x0000000083800000, 0x0000000083800000|100%|HC|  |TAMS 0x0000000083700000, 0x0000000083700000| Complete 
|  38|0x0000000083800000, 0x0000000083900000, 0x0000000083900000|100%|HS|  |TAMS 0x0000000083800000, 0x0000000083800000| Complete 
|  39|0x0000000083900000, 0x0000000083a00000, 0x0000000083a00000|100%|HC|  |TAMS 0x0000000083900000, 0x0000000083900000| Complete 
|  40|0x0000000083a00000, 0x0000000083b00000, 0x0000000083b00000|100%|HC|  |TAMS 0x0000000083a00000, 0x0000000083a00000| Complete 
|  41|0x0000000083b00000, 0x0000000083b00000, 0x0000000083c00000|  0%| F|  |TAMS 0x0000000083b00000, 0x0000000083b00000| Untracked 
|  42|0x0000000083c00000, 0x0000000083c00000, 0x0000000083d00000|  0%| F|  |TAMS 0x0000000083c00000, 0x0000000083c00000| Untracked 
|  43|0x0000000083d00000, 0x0000000083d90c00, 0x0000000083e00000| 56%| S|CS|TAMS 0x0000000083d00000, 0x0000000083d00000| Complete 
|  44|0x0000000083e00000, 0x0000000083f00000, 0x0000000083f00000|100%| S|CS|TAMS 0x0000000083e00000, 0x0000000083e00000| Complete 
|  45|0x0000000083f00000, 0x0000000084000000, 0x0000000084000000|100%| S|CS|TAMS 0x0000000083f00000, 0x0000000083f00000| Complete 
|  46|0x0000000084000000, 0x0000000084100000, 0x0000000084100000|100%| S|CS|TAMS 0x0000000084000000, 0x0000000084000000| Complete 
|  47|0x0000000084100000, 0x0000000084200000, 0x0000000084200000|100%| S|CS|TAMS 0x0000000084100000, 0x0000000084100000| Complete 
|  48|0x0000000084200000, 0x0000000084300000, 0x0000000084300000|100%| S|CS|TAMS 0x0000000084200000, 0x0000000084200000| Complete 
|  49|0x0000000084300000, 0x0000000084400000, 0x0000000084400000|100%| S|CS|TAMS 0x0000000084300000, 0x0000000084300000| Complete 
|  50|0x0000000084400000, 0x0000000084500000, 0x0000000084500000|100%| S|CS|TAMS 0x0000000084400000, 0x0000000084400000| Complete 
|  51|0x0000000084500000, 0x0000000084600000, 0x0000000084600000|100%| S|CS|TAMS 0x0000000084500000, 0x0000000084500000| Complete 
|  52|0x0000000084600000, 0x0000000084600000, 0x0000000084700000|  0%| F|  |TAMS 0x0000000084600000, 0x0000000084600000| Untracked 
|  53|0x0000000084700000, 0x0000000084700000, 0x0000000084800000|  0%| F|  |TAMS 0x0000000084700000, 0x0000000084700000| Untracked 
|  54|0x0000000084800000, 0x0000000084800000, 0x0000000084900000|  0%| F|  |TAMS 0x0000000084800000, 0x0000000084800000| Untracked 
|  55|0x0000000084900000, 0x0000000084900000, 0x0000000084a00000|  0%| F|  |TAMS 0x0000000084900000, 0x0000000084900000| Untracked 
|  56|0x0000000084a00000, 0x0000000084a00000, 0x0000000084b00000|  0%| F|  |TAMS 0x0000000084a00000, 0x0000000084a00000| Untracked 
|  57|0x0000000084b00000, 0x0000000084b00000, 0x0000000084c00000|  0%| F|  |TAMS 0x0000000084b00000, 0x0000000084b00000| Untracked 
|  58|0x0000000084c00000, 0x0000000084c00000, 0x0000000084d00000|  0%| F|  |TAMS 0x0000000084c00000, 0x0000000084c00000| Untracked 
|  59|0x0000000084d00000, 0x0000000084d00000, 0x0000000084e00000|  0%| F|  |TAMS 0x0000000084d00000, 0x0000000084d00000| Untracked 
|  60|0x0000000084e00000, 0x0000000084e00000, 0x0000000084f00000|  0%| F|  |TAMS 0x0000000084e00000, 0x0000000084e00000| Untracked 
|  61|0x0000000084f00000, 0x0000000084f00000, 0x0000000085000000|  0%| F|  |TAMS 0x0000000084f00000, 0x0000000084f00000| Untracked 
|  62|0x0000000085000000, 0x0000000085000000, 0x0000000085100000|  0%| F|  |TAMS 0x0000000085000000, 0x0000000085000000| Untracked 
|  63|0x0000000085100000, 0x0000000085100000, 0x0000000085200000|  0%| F|  |TAMS 0x0000000085100000, 0x0000000085100000| Untracked 
|  64|0x0000000085200000, 0x0000000085200000, 0x0000000085300000|  0%| F|  |TAMS 0x0000000085200000, 0x0000000085200000| Untracked 
|  65|0x0000000085300000, 0x0000000085300000, 0x0000000085400000|  0%| F|  |TAMS 0x0000000085300000, 0x0000000085300000| Untracked 
|  66|0x0000000085400000, 0x0000000085400000, 0x0000000085500000|  0%| F|  |TAMS 0x0000000085400000, 0x0000000085400000| Untracked 
|  67|0x0000000085500000, 0x0000000085500000, 0x0000000085600000|  0%| F|  |TAMS 0x0000000085500000, 0x0000000085500000| Untracked 
|  68|0x0000000085600000, 0x0000000085600000, 0x0000000085700000|  0%| F|  |TAMS 0x0000000085600000, 0x0000000085600000| Untracked 
|  69|0x0000000085700000, 0x0000000085700000, 0x0000000085800000|  0%| F|  |TAMS 0x0000000085700000, 0x0000000085700000| Untracked 
|  70|0x0000000085800000, 0x0000000085800000, 0x0000000085900000|  0%| F|  |TAMS 0x0000000085800000, 0x0000000085800000| Untracked 
|  71|0x0000000085900000, 0x0000000085900000, 0x0000000085a00000|  0%| F|  |TAMS 0x0000000085900000, 0x0000000085900000| Untracked 
|  72|0x0000000085a00000, 0x0000000085a00000, 0x0000000085b00000|  0%| F|  |TAMS 0x0000000085a00000, 0x0000000085a00000| Untracked 
|  73|0x0000000085b00000, 0x0000000085b00000, 0x0000000085c00000|  0%| F|  |TAMS 0x0000000085b00000, 0x0000000085b00000| Untracked 
|  74|0x0000000085c00000, 0x0000000085c00000, 0x0000000085d00000|  0%| F|  |TAMS 0x0000000085c00000, 0x0000000085c00000| Untracked 
|  75|0x0000000085d00000, 0x0000000085d00000, 0x0000000085e00000|  0%| F|  |TAMS 0x0000000085d00000, 0x0000000085d00000| Untracked 
|  76|0x0000000085e00000, 0x0000000085e00000, 0x0000000085f00000|  0%| F|  |TAMS 0x0000000085e00000, 0x0000000085e00000| Untracked 
|  77|0x0000000085f00000, 0x0000000085f00000, 0x0000000086000000|  0%| F|  |TAMS 0x0000000085f00000, 0x0000000085f00000| Untracked 
|  78|0x0000000086000000, 0x0000000086000000, 0x0000000086100000|  0%| F|  |TAMS 0x0000000086000000, 0x0000000086000000| Untracked 
|  79|0x0000000086100000, 0x0000000086100000, 0x0000000086200000|  0%| F|  |TAMS 0x0000000086100000, 0x0000000086100000| Untracked 
|  80|0x0000000086200000, 0x0000000086200000, 0x0000000086300000|  0%| F|  |TAMS 0x0000000086200000, 0x0000000086200000| Untracked 
|  81|0x0000000086300000, 0x0000000086300000, 0x0000000086400000|  0%| F|  |TAMS 0x0000000086300000, 0x0000000086300000| Untracked 
|  82|0x0000000086400000, 0x0000000086400000, 0x0000000086500000|  0%| F|  |TAMS 0x0000000086400000, 0x0000000086400000| Untracked 
|  83|0x0000000086500000, 0x0000000086500000, 0x0000000086600000|  0%| F|  |TAMS 0x0000000086500000, 0x0000000086500000| Untracked 
|  84|0x0000000086600000, 0x0000000086600000, 0x0000000086700000|  0%| F|  |TAMS 0x0000000086600000, 0x0000000086600000| Untracked 
|  85|0x0000000086700000, 0x0000000086700000, 0x0000000086800000|  0%| F|  |TAMS 0x0000000086700000, 0x0000000086700000| Untracked 
|  86|0x0000000086800000, 0x0000000086800000, 0x0000000086900000|  0%| F|  |TAMS 0x0000000086800000, 0x0000000086800000| Untracked 
|  87|0x0000000086900000, 0x0000000086900000, 0x0000000086a00000|  0%| F|  |TAMS 0x0000000086900000, 0x0000000086900000| Untracked 
|  88|0x0000000086a00000, 0x0000000086a00000, 0x0000000086b00000|  0%| F|  |TAMS 0x0000000086a00000, 0x0000000086a00000| Untracked 
|  89|0x0000000086b00000, 0x0000000086b00000, 0x0000000086c00000|  0%| F|  |TAMS 0x0000000086b00000, 0x0000000086b00000| Untracked 
|  90|0x0000000086c00000, 0x0000000086c00000, 0x0000000086d00000|  0%| F|  |TAMS 0x0000000086c00000, 0x0000000086c00000| Untracked 
|  91|0x0000000086d00000, 0x0000000086d00000, 0x0000000086e00000|  0%| F|  |TAMS 0x0000000086d00000, 0x0000000086d00000| Untracked 
|  92|0x0000000086e00000, 0x0000000086e00000, 0x0000000086f00000|  0%| F|  |TAMS 0x0000000086e00000, 0x0000000086e00000| Untracked 
|  93|0x0000000086f00000, 0x0000000086f00000, 0x0000000087000000|  0%| F|  |TAMS 0x0000000086f00000, 0x0000000086f00000| Untracked 
|  94|0x0000000087000000, 0x0000000087000000, 0x0000000087100000|  0%| F|  |TAMS 0x0000000087000000, 0x0000000087000000| Untracked 
|  95|0x0000000087100000, 0x0000000087100000, 0x0000000087200000|  0%| F|  |TAMS 0x0000000087100000, 0x0000000087100000| Untracked 
|  96|0x0000000087200000, 0x0000000087200000, 0x0000000087300000|  0%| F|  |TAMS 0x0000000087200000, 0x0000000087200000| Untracked 
|  97|0x0000000087300000, 0x0000000087300000, 0x0000000087400000|  0%| F|  |TAMS 0x0000000087300000, 0x0000000087300000| Untracked 
|  98|0x0000000087400000, 0x0000000087400000, 0x0000000087500000|  0%| F|  |TAMS 0x0000000087400000, 0x0000000087400000| Untracked 
|  99|0x0000000087500000, 0x0000000087500000, 0x0000000087600000|  0%| F|  |TAMS 0x0000000087500000, 0x0000000087500000| Untracked 
| 100|0x0000000087600000, 0x0000000087600000, 0x0000000087700000|  0%| F|  |TAMS 0x0000000087600000, 0x0000000087600000| Untracked 
| 101|0x0000000087700000, 0x0000000087700000, 0x0000000087800000|  0%| F|  |TAMS 0x0000000087700000, 0x0000000087700000| Untracked 
| 102|0x0000000087800000, 0x0000000087800000, 0x0000000087900000|  0%| F|  |TAMS 0x0000000087800000, 0x0000000087800000| Untracked 
| 103|0x0000000087900000, 0x0000000087900000, 0x0000000087a00000|  0%| F|  |TAMS 0x0000000087900000, 0x0000000087900000| Untracked 
| 104|0x0000000087a00000, 0x0000000087a00000, 0x0000000087b00000|  0%| F|  |TAMS 0x0000000087a00000, 0x0000000087a00000| Untracked 
| 105|0x0000000087b00000, 0x0000000087b00000, 0x0000000087c00000|  0%| F|  |TAMS 0x0000000087b00000, 0x0000000087b00000| Untracked 
| 106|0x0000000087c00000, 0x0000000087ccc0a0, 0x0000000087d00000| 79%| E|  |TAMS 0x0000000087c00000, 0x0000000087c00000| Complete 
| 107|0x0000000087d00000, 0x0000000087e00000, 0x0000000087e00000|100%| E|CS|TAMS 0x0000000087d00000, 0x0000000087d00000| Complete 
| 108|0x0000000087e00000, 0x0000000087f00000, 0x0000000087f00000|100%| E|CS|TAMS 0x0000000087e00000, 0x0000000087e00000| Complete 
| 109|0x0000000087f00000, 0x0000000088000000, 0x0000000088000000|100%| E|CS|TAMS 0x0000000087f00000, 0x0000000087f00000| Complete 
| 110|0x0000000088000000, 0x0000000088100000, 0x0000000088100000|100%| E|CS|TAMS 0x0000000088000000, 0x0000000088000000| Complete 
| 111|0x0000000088100000, 0x0000000088200000, 0x0000000088200000|100%| E|CS|TAMS 0x0000000088100000, 0x0000000088100000| Complete 
| 112|0x0000000088200000, 0x0000000088300000, 0x0000000088300000|100%| E|CS|TAMS 0x0000000088200000, 0x0000000088200000| Complete 
| 113|0x0000000088300000, 0x0000000088400000, 0x0000000088400000|100%| E|CS|TAMS 0x0000000088300000, 0x0000000088300000| Complete 
| 114|0x0000000088400000, 0x0000000088500000, 0x0000000088500000|100%| E|CS|TAMS 0x0000000088400000, 0x0000000088400000| Complete 
| 115|0x0000000088500000, 0x0000000088600000, 0x0000000088600000|100%| E|CS|TAMS 0x0000000088500000, 0x0000000088500000| Complete 
| 116|0x0000000088600000, 0x0000000088700000, 0x0000000088700000|100%| E|CS|TAMS 0x0000000088600000, 0x0000000088600000| Complete 
| 117|0x0000000088700000, 0x0000000088800000, 0x0000000088800000|100%| E|CS|TAMS 0x0000000088700000, 0x0000000088700000| Complete 
| 118|0x0000000088800000, 0x0000000088900000, 0x0000000088900000|100%| E|CS|TAMS 0x0000000088800000, 0x0000000088800000| Complete 
| 119|0x0000000088900000, 0x0000000088a00000, 0x0000000088a00000|100%| E|CS|TAMS 0x0000000088900000, 0x0000000088900000| Complete 
| 120|0x0000000088a00000, 0x0000000088b00000, 0x0000000088b00000|100%| E|CS|TAMS 0x0000000088a00000, 0x0000000088a00000| Complete 
| 121|0x0000000088b00000, 0x0000000088c00000, 0x0000000088c00000|100%| E|CS|TAMS 0x0000000088b00000, 0x0000000088b00000| Complete 
| 122|0x0000000088c00000, 0x0000000088d00000, 0x0000000088d00000|100%| E|CS|TAMS 0x0000000088c00000, 0x0000000088c00000| Complete 
| 123|0x0000000088d00000, 0x0000000088e00000, 0x0000000088e00000|100%| E|CS|TAMS 0x0000000088d00000, 0x0000000088d00000| Complete 
| 124|0x0000000088e00000, 0x0000000088f00000, 0x0000000088f00000|100%| E|CS|TAMS 0x0000000088e00000, 0x0000000088e00000| Complete 
| 125|0x0000000088f00000, 0x0000000089000000, 0x0000000089000000|100%| E|CS|TAMS 0x0000000088f00000, 0x0000000088f00000| Complete 
| 126|0x0000000089000000, 0x0000000089100000, 0x0000000089100000|100%| E|CS|TAMS 0x0000000089000000, 0x0000000089000000| Complete 
| 127|0x0000000089100000, 0x0000000089200000, 0x0000000089200000|100%| E|CS|TAMS 0x0000000089100000, 0x0000000089100000| Complete 

Card table byte_map: [0x0000024738b50000,0x0000024738f50000] _byte_map_base: 0x0000024738747000

Marking Bits (Prev, Next): (CMBitMap*) 0x000002471f5fc200, (CMBitMap*) 0x000002471f5fc240
 Prev Bits: [0x0000024739350000, 0x000002473b308000)
 Next Bits: [0x000002473b310000, 0x000002473d2c8000)

Polling page: 0x000002471f670000

Metaspace:

Usage:
  Non-class:     15.53 MB used.
      Class:      2.37 MB used.
       Both:     17.90 MB used.

Virtual space:
  Non-class space:       64.00 MB reserved,      15.69 MB ( 25%) committed,  1 nodes.
      Class space:        1.00 GB reserved,       2.50 MB ( <1%) committed,  1 nodes.
             Both:        1.06 GB reserved,      18.19 MB (  2%) committed. 

Chunk freelists:
   Non-Class:  0 bytes
       Class:  1.35 MB
        Both:  1.35 MB

MaxMetaspaceSize: unlimited
CompressedClassSpaceSize: 1.00 GB
Initial GC threshold: 21.00 MB
Current GC threshold: 21.00 MB
CDS: on
MetaspaceReclaimPolicy: balanced
 - commit_granule_bytes: 65536.
 - commit_granule_words: 8192.
 - virtual_space_node_default_size: 8388608.
 - enlarge_chunks_in_place: 1.
 - new_chunks_are_fully_committed: 0.
 - uncommit_free_chunks: 1.
 - use_allocation_guard: 0.


Internal statistics:

num_allocs_failed_limit: 0.
num_arena_births: 336.
num_arena_deaths: 0.
num_vsnodes_births: 2.
num_vsnodes_deaths: 0.
num_space_committed: 291.
num_space_uncommitted: 0.
num_chunks_returned_to_freelist: 0.
num_chunks_taken_from_freelist: 952.
num_chunk_merges: 0.
num_chunk_splits: 689.
num_chunks_enlarged: 543.
num_inconsistent_stats: 0.

CodeHeap 'non-profiled nmethods': size=120000Kb used=3420Kb max_used=3420Kb free=116580Kb
 bounds [0x00000247307b0000, 0x0000024730b10000, 0x0000024737ce0000]
CodeHeap 'profiled nmethods': size=120000Kb used=10932Kb max_used=11607Kb free=109067Kb
 bounds [0x0000024728ce0000, 0x0000024729850000, 0x0000024730210000]
CodeHeap 'non-nmethods': size=5760Kb used=1544Kb max_used=1660Kb free=4215Kb
 bounds [0x0000024730210000, 0x0000024730480000, 0x00000247307b0000]
 total_blobs=6211 nmethods=5379 adapters=742
 compilation: enabled
              stopped_count=0, restarted_count=0
 full_count=0

Compilation events (20 events):
Event: 302.519 Thread 0x000002473fd849d0 6123       4       com.sun.prism.impl.ps.BaseShaderGraphics::drawString (818 bytes)
Event: 302.532 Thread 0x000002473fd8cf60 6125       3       javafx.scene.control.ButtonBase::isArmed (8 bytes)
Event: 302.533 Thread 0x000002473fd8cf60 nmethod 6125 0x00000247290eb210 code [0x00000247290eb420, 0x00000247290ebc48]
Event: 302.533 Thread 0x000002473fd8cf60 6126       3       javafx.scene.control.ButtonBase::armedProperty (8 bytes)
Event: 302.534 Thread 0x000002473fd8cf60 nmethod 6126 0x00000247292e1a10 code [0x00000247292e1be0, 0x00000247292e2118]
Event: 302.748 Thread 0x000002473fd849d0 nmethod 6123 0x0000024730af8390 code [0x0000024730af88c0, 0x0000024730afe750]
Event: 302.749 Thread 0x000002473fd849d0 6124       4       com.sun.prism.impl.BaseContext::getGlyphCache (36 bytes)
Event: 302.760 Thread 0x000002473fd849d0 nmethod 6124 0x0000024730b03a10 code [0x0000024730b03be0, 0x0000024730b04088]
Event: 339.877 Thread 0x000002473fd849d0 6127  s    4       com.sun.javafx.tk.quantum.QuantumToolkit::pauseTimer (93 bytes)
Event: 339.880 Thread 0x000002473fd849d0 nmethod 6127 0x0000024730b04510 code [0x0000024730b046a0, 0x0000024730b04a98]
Event: 378.806 Thread 0x000002473fd849d0 6128       4       com.sun.javafx.tk.quantum.QuantumToolkit::postPulse (133 bytes)
Event: 378.856 Thread 0x000002473fd849d0 nmethod 6128 0x0000024730b04c10 code [0x0000024730b04e40, 0x0000024730b065c0]
Event: 781.483 Thread 0x000002473fd8cf60 6129       3       java.util.concurrent.locks.LockSupport::setBlocker (12 bytes)
Event: 781.483 Thread 0x000002473fd8cf60 nmethod 6129 0x00000247292e1590 code [0x00000247292e1740, 0x00000247292e1948]
Event: 944.273 Thread 0x000002473fd8cf60 6130       3       java.lang.invoke.MethodHandles$Lookup::ensureDefineClassPermission (38 bytes)
Event: 944.273 Thread 0x000002473fd8cf60 nmethod 6130 0x00000247292e0f90 code [0x00000247292e1160, 0x00000247292e14b8]
Event: 944.273 Thread 0x000002473fd8cf60 6131       3       java.lang.invoke.MethodHandles$Lookup::makeHiddenClassDefiner (22 bytes)
Event: 944.274 Thread 0x000002473fd8cf60 nmethod 6131 0x00000247292e0a90 code [0x00000247292e0c60, 0x00000247292e0e48]
Event: 944.274 Thread 0x000002473fd8cf60 6132       3       java.lang.invoke.MethodHandles$Lookup$ClassDefiner::defineClassAsLookup (19 bytes)
Event: 944.274 Thread 0x000002473fd8cf60 nmethod 6132 0x00000247292e0610 code [0x00000247292e07c0, 0x00000247292e09b8]

GC Heap History (6 events):
Event: 1.508 GC heap before
{Heap before GC invocations=0 (full 0):
 garbage-first heap   total 131072K, used 22528K [0x0000000081200000, 0x0000000100000000)
  region size 1024K, 23 young (23552K), 0 survivors (0K)
 Metaspace       used 5701K, committed 5952K, reserved 1114112K
  class space    used 671K, committed 832K, reserved 1048576K
}
Event: 1.513 GC heap after
{Heap after GC invocations=1 (full 0):
 garbage-first heap   total 131072K, used 2969K [0x0000000081200000, 0x0000000100000000)
  region size 1024K, 3 young (3072K), 3 survivors (3072K)
 Metaspace       used 5701K, committed 5952K, reserved 1114112K
  class space    used 671K, committed 832K, reserved 1048576K
}
Event: 7.843 GC heap before
{Heap before GC invocations=1 (full 0):
 garbage-first heap   total 131072K, used 47001K [0x0000000081200000, 0x0000000100000000)
  region size 1024K, 36 young (36864K), 3 survivors (3072K)
 Metaspace       used 14571K, committed 14912K, reserved 1114112K
  class space    used 2098K, committed 2240K, reserved 1048576K
}
Event: 7.853 GC heap after
{Heap after GC invocations=2 (full 0):
 garbage-first heap   total 131072K, used 17956K [0x0000000081200000, 0x0000000100000000)
  region size 1024K, 4 young (4096K), 4 survivors (4096K)
 Metaspace       used 14571K, committed 14912K, reserved 1114112K
  class space    used 2098K, committed 2240K, reserved 1048576K
}
Event: 181.460 GC heap before
{Heap before GC invocations=2 (full 0):
 garbage-first heap   total 131072K, used 107044K [0x0000000081200000, 0x0000000100000000)
  region size 1024K, 76 young (77824K), 4 survivors (4096K)
 Metaspace       used 18168K, committed 18496K, reserved 1114112K
  class space    used 2415K, committed 2560K, reserved 1048576K
}
Event: 181.471 GC heap after
{Heap after GC invocations=3 (full 0):
 garbage-first heap   total 131072K, used 37991K [0x0000000081200000, 0x0000000100000000)
  region size 1024K, 9 young (9216K), 9 survivors (9216K)
 Metaspace       used 18168K, committed 18496K, reserved 1114112K
  class space    used 2415K, committed 2560K, reserved 1048576K
}

Dll operation events (20 events):
Event: 0.911 Loaded shared library C:\Users\Gabriel\.openjfx\cache\13\api-ms-win-crt-filesystem-l1-1-0.dll
Event: 0.916 Loaded shared library C:\Users\Gabriel\.openjfx\cache\13\api-ms-win-crt-heap-l1-1-0.dll
Event: 0.926 Loaded shared library C:\Users\Gabriel\.openjfx\cache\13\api-ms-win-crt-locale-l1-1-0.dll
Event: 0.930 Loaded shared library C:\Users\Gabriel\.openjfx\cache\13\api-ms-win-crt-math-l1-1-0.dll
Event: 0.934 Loaded shared library C:\Users\Gabriel\.openjfx\cache\13\api-ms-win-crt-multibyte-l1-1-0.dll
Event: 0.942 Loaded shared library C:\Users\Gabriel\.openjfx\cache\13\api-ms-win-crt-private-l1-1-0.dll
Event: 0.946 Loaded shared library C:\Users\Gabriel\.openjfx\cache\13\api-ms-win-crt-process-l1-1-0.dll
Event: 0.951 Loaded shared library C:\Users\Gabriel\.openjfx\cache\13\api-ms-win-crt-runtime-l1-1-0.dll
Event: 0.960 Loaded shared library C:\Users\Gabriel\.openjfx\cache\13\api-ms-win-crt-stdio-l1-1-0.dll
Event: 0.964 Loaded shared library C:\Users\Gabriel\.openjfx\cache\13\api-ms-win-crt-string-l1-1-0.dll
Event: 0.973 Loaded shared library C:\Users\Gabriel\.openjfx\cache\13\api-ms-win-crt-time-l1-1-0.dll
Event: 0.978 Loaded shared library C:\Users\Gabriel\.openjfx\cache\13\api-ms-win-crt-utility-l1-1-0.dll
Event: 1.011 Loaded shared library C:\Users\Gabriel\.openjfx\cache\13\ucrtbase.dll
Event: 1.017 Loaded shared library C:\Users\Gabriel\.openjfx\cache\13\vcruntime140.dll
Event: 1.035 Loaded shared library C:\Users\Gabriel\.openjfx\cache\13\msvcp140.dll
Event: 1.049 Loaded shared library C:\Users\Gabriel\.openjfx\cache\13\concrt140.dll
Event: 1.133 Loaded shared library C:\Users\Gabriel\.openjfx\cache\13\prism_d3d.dll
Event: 1.228 Loaded shared library C:\Users\Gabriel\.openjfx\cache\13\glass.dll
Event: 1.575 Loaded shared library C:\Users\Gabriel\.openjfx\cache\13\javafx_font.dll
Event: 2.103 Loaded shared library C:\Program Files\Java\jdk-19\bin\jimage.dll

Deoptimization events (20 events):
Event: 181.575 Thread 0x00000247446d67d0 Uncommon trap: trap_request=0xffffff45 fr.pc=0x0000024730aa0050 relative=0x0000000000000ed0
Event: 181.575 Thread 0x00000247446d67d0 Uncommon trap: reason=unstable_if action=reinterpret pc=0x0000024730aa0050 method=com.sun.prism.impl.ps.PaintHelper.initGradient(Lcom/sun/prism/paint/Gradient;)I @ 8 c2
Event: 181.575 Thread 0x00000247446d67d0 DEOPT PACKING pc=0x0000024730aa0050 sp=0x000000ead4cfdf70
Event: 181.575 Thread 0x00000247446d67d0 DEOPT UNPACKING pc=0x0000024730276da3 sp=0x000000ead4cfde80 mode 2
Event: 182.148 Thread 0x0000024744dd1800 Uncommon trap: trap_request=0xfffffff4 fr.pc=0x0000024730a560bc relative=0x000000000000077c
Event: 182.149 Thread 0x0000024744dd1800 Uncommon trap: reason=null_check action=make_not_entrant pc=0x0000024730a560bc method=com.sun.javafx.font.LogicalFont.getStrike(FLcom/sun/javafx/geom/transform/BaseTransform;I)Lcom/sun/javafx/font/FontStrike; @ 23 c2
Event: 182.149 Thread 0x0000024744dd1800 DEOPT PACKING pc=0x0000024730a560bc sp=0x000000ead50f66b0
Event: 182.149 Thread 0x0000024744dd1800 DEOPT UNPACKING pc=0x0000024730276da3 sp=0x000000ead50f65f8 mode 2
Event: 297.286 Thread 0x00000247446d67d0 Uncommon trap: trap_request=0xffffff45 fr.pc=0x0000024730a9a6e4 relative=0x00000000000010c4
Event: 297.286 Thread 0x00000247446d67d0 Uncommon trap: reason=unstable_if action=reinterpret pc=0x0000024730a9a6e4 method=com.sun.javafx.tk.quantum.QuantumToolkit.postPulse()V @ 98 c2
Event: 297.286 Thread 0x00000247446d67d0 DEOPT PACKING pc=0x0000024730a9a6e4 sp=0x000000ead4cfed30
Event: 297.286 Thread 0x00000247446d67d0 DEOPT UNPACKING pc=0x0000024730276da3 sp=0x000000ead4cfed18 mode 2
Event: 944.272 Thread 0x00000247446d67d0 Uncommon trap: trap_request=0xffffff45 fr.pc=0x00000247309a0480 relative=0x00000000000004e0
Event: 944.272 Thread 0x00000247446d67d0 Uncommon trap: reason=unstable_if action=reinterpret pc=0x00000247309a0480 method=java.util.concurrent.locks.AbstractQueuedSynchronizer$ConditionNode.isReleasable()Z @ 14 c2
Event: 944.272 Thread 0x00000247446d67d0 DEOPT PACKING pc=0x00000247309a0480 sp=0x000000ead4cfed20
Event: 944.272 Thread 0x00000247446d67d0 DEOPT UNPACKING pc=0x0000024730276da3 sp=0x000000ead4cfeb48 mode 2
Event: 944.273 Thread 0x00000247446d67d0 Uncommon trap: trap_request=0xffffffc6 fr.pc=0x00000247309a2ba0 relative=0x00000000000003e0
Event: 944.273 Thread 0x00000247446d67d0 Uncommon trap: reason=bimorphic_or_optimized_type_check action=maybe_recompile pc=0x00000247309a2ba0 method=java.util.AbstractList.listIterator()Ljava/util/ListIterator; @ 2 c2
Event: 944.273 Thread 0x00000247446d67d0 DEOPT PACKING pc=0x00000247309a2ba0 sp=0x000000ead4cfee00
Event: 944.273 Thread 0x00000247446d67d0 DEOPT UNPACKING pc=0x0000024730276da3 sp=0x000000ead4cfedd8 mode 2

Classes loaded (20 events):
Event: 25.304 Loading class java/util/stream/Node$Builder$OfInt done
Event: 25.304 Loading class java/util/stream/SpinedBuffer$OfInt
Event: 25.304 Loading class java/util/stream/SpinedBuffer$OfPrimitive
Event: 25.304 Loading class java/util/stream/AbstractSpinedBuffer
Event: 25.304 Loading class java/util/stream/AbstractSpinedBuffer done
Event: 25.304 Loading class java/util/stream/SpinedBuffer$OfPrimitive done
Event: 25.304 Loading class java/util/stream/SpinedBuffer$OfInt done
Event: 25.304 Loading class java/util/stream/Nodes$IntSpinedNodeBuilder done
Event: 214.759 Loading class java/util/stream/ReferencePipeline$4
Event: 214.759 Loading class java/util/stream/ReferencePipeline$4 done
Event: 214.759 Loading class java/util/function/IntBinaryOperator
Event: 214.760 Loading class java/util/function/IntBinaryOperator done
Event: 214.760 Loading class java/util/stream/ReduceOps$6
Event: 214.761 Loading class java/util/stream/ReduceOps$6 done
Event: 214.761 Loading class java/util/stream/ReduceOps$5ReducingSink
Event: 214.761 Loading class java/util/stream/ReduceOps$5ReducingSink done
Event: 214.761 Loading class java/util/stream/ReferencePipeline$4$1
Event: 214.761 Loading class java/util/stream/ReferencePipeline$4$1 done
Event: 944.273 Loading class java/util/LinkedList$ListItr
Event: 944.274 Loading class java/util/LinkedList$ListItr done

Classes unloaded (0 events):
No events

Classes redefined (0 events):
No events

Internal exceptions (20 events):
Event: 2.607 Thread 0x0000024744dd1800 Exception <a 'java/lang/NoSuchMethodError'{0x0000000087d94730}: 'java.lang.Object java.lang.invoke.DirectMethodHandle$Holder.newInvokeSpecial(java.lang.Object, java.lang.Object, int)'> (0x0000000087d94730) 
thrown [s\open\src\hotspot\share\interpreter\linkResolver.cpp, line 774]
Event: 2.748 Thread 0x0000024744dd1800 Exception <a 'java/lang/ClassNotFoundException'{0x0000000087bf09d8}: com/sun/javafx/scene/control/skin/resources/controls> (0x0000000087bf09d8) 
thrown [s\open\src\hotspot\share\prims\jni.cpp, line 536]
Event: 2.749 Thread 0x0000024744dd1800 Exception <a 'java/lang/ClassNotFoundException'{0x0000000087bfe560}: com/sun/javafx/scene/control/skin/resources/controls_pt> (0x0000000087bfe560) 
thrown [s\open\src\hotspot\share\prims\jni.cpp, line 536]
Event: 2.749 Thread 0x0000024744dd1800 Exception <a 'java/lang/ClassNotFoundException'{0x0000000087bff508}: com/sun/javafx/scene/control/skin/resources/controls_pt_BR> (0x0000000087bff508) 
thrown [s\open\src\hotspot\share\prims\jni.cpp, line 536]
Event: 2.861 Thread 0x0000024744dd1800 Exception <a 'java/lang/NoSuchMethodError'{0x000000008767f130}: 'void java.lang.invoke.DirectMethodHandle$Holder.invokeSpecial(java.lang.Object, java.lang.Object, java.lang.Object, java.lang.Object, java.lang.Object, java.lang.Object)'> (0x000000008767f130) 
thrown [s\open\src\hotspot\share\interpreter\linkResolver.cpp, line 774]
Event: 3.026 Thread 0x00000247446d67d0 Exception <a 'java/lang/NoSuchMethodError'{0x0000000087356328}: 'int java.lang.invoke.DirectMethodHandle$Holder.invokeStaticInit(java.lang.Object, java.lang.Object)'> (0x0000000087356328) 
thrown [s\open\src\hotspot\share\interpreter\linkResolver.cpp, line 774]
Event: 3.066 Thread 0x00000247446d67d0 Exception <a 'java/lang/NoSuchMethodError'{0x0000000087217318}: 'java.lang.Object java.lang.invoke.Invokers$Holder.invokeExact_MT(java.lang.Object, java.lang.Object, java.lang.Object, java.lang.Object, java.lang.Object)'> (0x0000000087217318) 
thrown [s\open\src\hotspot\share\interpreter\linkResolver.cpp, line 774]
Event: 4.398 Thread 0x0000024744dd1800 Exception <a 'java/lang/NoSuchMethodError'{0x00000000870c5e88}: 'long java.lang.invoke.DirectMethodHandle$Holder.invokeStatic(java.lang.Object, java.lang.Object, java.lang.Object)'> (0x00000000870c5e88) 
thrown [s\open\src\hotspot\share\interpreter\linkResolver.cpp, line 774]
Event: 4.398 Thread 0x0000024744dd1800 Exception <a 'java/lang/NoSuchMethodError'{0x00000000870c97b0}: 'long java.lang.invoke.DirectMethodHandle$Holder.invokeStaticInit(java.lang.Object, java.lang.Object, java.lang.Object)'> (0x00000000870c97b0) 
thrown [s\open\src\hotspot\share\interpreter\linkResolver.cpp, line 774]
Event: 4.401 Thread 0x0000024744dd1800 Exception <a 'java/lang/NoSuchMethodError'{0x00000000870e1f00}: 'java.lang.Object java.lang.invoke.DirectMethodHandle$Holder.newInvokeSpecial(java.lang.Object, java.lang.Object, long)'> (0x00000000870e1f00) 
thrown [s\open\src\hotspot\share\interpreter\linkResolver.cpp, line 774]
Event: 4.401 Thread 0x0000024744dd1800 Exception <a 'java/lang/NoSuchMethodError'{0x00000000870e5a88}: 'java.lang.Object java.lang.invoke.Invokers$Holder.linkToTargetMethod(java.lang.Object, long, java.lang.Object)'> (0x00000000870e5a88) 
thrown [s\open\src\hotspot\share\interpreter\linkResolver.cpp, line 774]
Event: 8.847 Thread 0x0000024744dd1800 Exception <a 'java/lang/NoSuchMethodError'{0x0000000088edb650}: 'void java.lang.invoke.DirectMethodHandle$Holder.invokeSpecialIFC(java.lang.Object, java.lang.Object, java.lang.Object, java.lang.Object)'> (0x0000000088edb650) 
thrown [s\open\src\hotspot\share\interpreter\linkResolver.cpp, line 774]
Event: 9.799 Thread 0x00000247446d67d0 Exception <a 'java/lang/NoSuchMethodError'{0x0000000088f5e4e0}: 'java.lang.Object java.lang.invoke.DirectMethodHandle$Holder.invokeStaticInit(java.lang.Object, int)'> (0x0000000088f5e4e0) 
thrown [s\open\src\hotspot\share\interpreter\linkResolver.cpp, line 774]
Event: 10.182 Thread 0x0000024744dd1800 Implicit null exception at 0x0000024730909d60 to 0x000002473090b914
Event: 12.560 Thread 0x0000024744dd1800 Implicit null exception at 0x00000247308e5d40 to 0x00000247308eaa1c
Event: 16.334 Thread 0x0000024744dd1800 Implicit null exception at 0x0000024730940ba2 to 0x0000024730941328
Event: 19.741 Thread 0x0000024744dd1800 Exception <a 'java/lang/NoSuchMethodError'{0x0000000088167358}: 'java.lang.Object java.lang.invoke.DirectMethodHandle$Holder.newInvokeSpecial(java.lang.Object, java.lang.Object, int, int, int, int, int, java.lang.Object)'> (0x0000000088167358) 
thrown [s\open\src\hotspot\share\interpreter\linkResolver.cpp, line 774]
Event: 19.743 Thread 0x0000024744dd1800 Exception <a 'java/lang/NoSuchMethodError'{0x000000008817a888}: 'java.lang.Object java.lang.invoke.DirectMethodHandle$Holder.newInvokeSpecial(java.lang.Object, java.lang.Object, java.lang.Object, int, int, int, int, int)'> (0x000000008817a888) 
thrown [s\open\src\hotspot\share\interpreter\linkResolver.cpp, line 774]
Event: 19.745 Thread 0x0000024744dd1800 Exception <a 'java/lang/NoSuchMethodError'{0x00000000881823a8}: 'java.lang.Object java.lang.invoke.Invokers$Holder.linkToTargetMethod(java.lang.Object, java.lang.Object, int, int, int, int, int, java.lang.Object)'> (0x00000000881823a8) 
thrown [s\open\src\hotspot\share\interpreter\linkResolver.cpp, line 774]
Event: 58.228 Thread 0x0000024744dd1800 Implicit null exception at 0x00000247309fcc2c to 0x00000247309fcd38

VM Operations (20 events):
Event: 208.485 Executing VM operation: Cleanup done
Event: 209.486 Executing VM operation: Cleanup
Event: 209.486 Executing VM operation: Cleanup done
Event: 213.489 Executing VM operation: Cleanup
Event: 213.489 Executing VM operation: Cleanup done
Event: 214.489 Executing VM operation: Cleanup
Event: 214.489 Executing VM operation: Cleanup done
Event: 216.490 Executing VM operation: Cleanup
Event: 216.490 Executing VM operation: Cleanup done
Event: 218.491 Executing VM operation: Cleanup
Event: 218.491 Executing VM operation: Cleanup done
Event: 220.492 Executing VM operation: Cleanup
Event: 220.492 Executing VM operation: Cleanup done
Event: 221.493 Executing VM operation: Cleanup
Event: 221.493 Executing VM operation: Cleanup done
Event: 222.493 Executing VM operation: Cleanup
Event: 222.493 Executing VM operation: Cleanup done
Event: 300.531 Executing VM operation: Cleanup
Event: 300.532 Executing VM operation: Cleanup done
Event: 944.274 Executing VM operation: Exit

Events (20 events):
Event: 104.074 Thread 0x000002473fd974e0 flushing nmethod 0x0000024729324d10
Event: 104.074 Thread 0x000002473fd974e0 flushing nmethod 0x0000024729329e10
Event: 104.074 Thread 0x000002473fd974e0 flushing nmethod 0x0000024729331f90
Event: 104.074 Thread 0x000002473fd974e0 flushing nmethod 0x0000024729333390
Event: 104.074 Thread 0x000002473fd974e0 flushing nmethod 0x0000024729344990
Event: 104.074 Thread 0x000002473fd974e0 flushing nmethod 0x0000024729383010
Event: 104.074 Thread 0x000002473fd974e0 flushing nmethod 0x0000024729392210
Event: 104.075 Thread 0x000002473fd974e0 flushing nmethod 0x000002472940a610
Event: 104.075 Thread 0x000002473fd974e0 flushing nmethod 0x000002472940c590
Event: 104.075 Thread 0x000002473fd974e0 flushing nmethod 0x000002472943d510
Event: 104.075 Thread 0x000002473fd974e0 flushing nmethod 0x000002472946b710
Event: 104.075 Thread 0x000002473fd974e0 flushing nmethod 0x0000024729476e90
Event: 104.075 Thread 0x000002473fd974e0 flushing nmethod 0x00000247294b9710
Event: 104.075 Thread 0x000002473fd974e0 flushing nmethod 0x000002472952c090
Event: 104.076 Thread 0x000002473fd974e0 flushing nmethod 0x00000247296b1310
Event: 104.076 Thread 0x000002473fd974e0 flushing nmethod 0x00000247296f5e10
Event: 944.271 Thread 0x00000247451288e0 Thread added: 0x00000247451288e0
Event: 944.271 Thread 0x00000247451278f0 Thread added: 0x00000247451278f0
Event: 944.271 Thread 0x00000247451288e0 Thread exited: 0x00000247451288e0
Event: 944.273 Thread 0x00000247451278f0 Thread exited: 0x00000247451278f0


Dynamic libraries:
0x00007ff6bc370000 - 0x00007ff6bc380000 	C:\Program Files\Java\jdk-19\bin\java.exe
0x00007ffbe8630000 - 0x00007ffbe8828000 	C:\Windows\SYSTEM32\ntdll.dll
0x00007ffbe69e0000 - 0x00007ffbe6a9f000 	C:\Windows\System32\KERNEL32.DLL
0x00007ffbe6170000 - 0x00007ffbe6442000 	C:\Windows\System32\KERNELBASE.dll
0x00007ffbe6530000 - 0x00007ffbe6630000 	C:\Windows\System32\ucrtbase.dll
0x00007ffbd40c0000 - 0x00007ffbd40db000 	C:\Program Files\Java\jdk-19\bin\VCRUNTIME140.dll
0x00007ffbd41f0000 - 0x00007ffbd4208000 	C:\Program Files\Java\jdk-19\bin\jli.dll
0x00007ffbe6bd0000 - 0x00007ffbe6c7e000 	C:\Windows\System32\ADVAPI32.dll
0x00007ffbe8420000 - 0x00007ffbe84be000 	C:\Windows\System32\msvcrt.dll
0x00007ffbe6fb0000 - 0x00007ffbe704c000 	C:\Windows\System32\sechost.dll
0x00007ffbe84c0000 - 0x00007ffbe85e5000 	C:\Windows\System32\RPCRT4.dll
0x00007ffbe8200000 - 0x00007ffbe839d000 	C:\Windows\System32\USER32.dll
0x00007ffbd70e0000 - 0x00007ffbd737a000 	C:\Windows\WinSxS\amd64_microsoft.windows.common-controls_6595b64144ccf1df_6.0.19041.1110_none_60b5254171f9507e\COMCTL32.dll
0x00007ffbe6450000 - 0x00007ffbe6472000 	C:\Windows\System32\win32u.dll
0x00007ffbe81d0000 - 0x00007ffbe81fb000 	C:\Windows\System32\GDI32.dll
0x00007ffbe5f20000 - 0x00007ffbe602f000 	C:\Windows\System32\gdi32full.dll
0x00007ffbe6060000 - 0x00007ffbe60fd000 	C:\Windows\System32\msvcp_win.dll
0x00007ffbdde50000 - 0x00007ffbdde5a000 	C:\Windows\SYSTEM32\VERSION.dll
0x00007ffbe6dc0000 - 0x00007ffbe6df2000 	C:\Windows\System32\IMM32.DLL
0x00007ffbdfd00000 - 0x00007ffbdfd0c000 	C:\Program Files\Java\jdk-19\bin\vcruntime140_1.dll
0x00007ffbc6420000 - 0x00007ffbc64ae000 	C:\Program Files\Java\jdk-19\bin\msvcp140.dll
0x00007ffbb7c30000 - 0x00007ffbb88f0000 	C:\Program Files\Java\jdk-19\bin\server\jvm.dll
0x00007ffbd8810000 - 0x00007ffbd8837000 	C:\Windows\SYSTEM32\WINMM.dll
0x00007ffbe0400000 - 0x00007ffbe0409000 	C:\Windows\SYSTEM32\WSOCK32.dll
0x00007ffbe83a0000 - 0x00007ffbe840b000 	C:\Windows\System32\WS2_32.dll
0x00007ffbe4570000 - 0x00007ffbe4582000 	C:\Windows\SYSTEM32\kernel.appcore.dll
0x00007ffbdfca0000 - 0x00007ffbdfcaa000 	C:\Program Files\Java\jdk-19\bin\jimage.dll
0x00007ffbd2850000 - 0x00007ffbd2a34000 	C:\Windows\SYSTEM32\DBGHELP.DLL
0x00007ffbd23f0000 - 0x00007ffbd241c000 	C:\Windows\SYSTEM32\dbgcore.DLL
0x00007ffbe5d30000 - 0x00007ffbe5db2000 	C:\Windows\System32\bcryptPrimitives.dll
0x00007ffbd21f0000 - 0x00007ffbd2216000 	C:\Program Files\Java\jdk-19\bin\java.dll
0x00007ffbc3690000 - 0x00007ffbc3767000 	C:\Program Files\Java\jdk-19\bin\jsvml.dll
0x00007ffbe7810000 - 0x00007ffbe7f53000 	C:\Windows\System32\SHELL32.dll
0x00007ffbe3dd0000 - 0x00007ffbe4562000 	C:\Windows\SYSTEM32\windows.storage.dll
0x00007ffbe6680000 - 0x00007ffbe69d4000 	C:\Windows\System32\combase.dll
0x00007ffbe5790000 - 0x00007ffbe57c0000 	C:\Windows\SYSTEM32\Wldp.dll
0x00007ffbe6d10000 - 0x00007ffbe6dbd000 	C:\Windows\System32\SHCORE.dll
0x00007ffbe8090000 - 0x00007ffbe80e5000 	C:\Windows\System32\shlwapi.dll
0x00007ffbe5c70000 - 0x00007ffbe5c8f000 	C:\Windows\SYSTEM32\profapi.dll
0x00007ffbd3f70000 - 0x00007ffbd3f83000 	C:\Program Files\Java\jdk-19\bin\net.dll
0x00007ffbd9bd0000 - 0x00007ffbd9cdc000 	C:\Windows\SYSTEM32\WINHTTP.dll
0x00007ffbe54f0000 - 0x00007ffbe555a000 	C:\Windows\system32\mswsock.dll
0x00007ffbd2150000 - 0x00007ffbd2166000 	C:\Program Files\Java\jdk-19\bin\nio.dll
0x00007ffbd2130000 - 0x00007ffbd2148000 	C:\Program Files\Java\jdk-19\bin\zip.dll
0x000002473ff30000 - 0x000002473ff33000 	C:\Users\Gabriel\.openjfx\cache\13\api-ms-win-core-console-l1-1-0.dll
0x000002473ff40000 - 0x000002473ff43000 	C:\Users\Gabriel\.openjfx\cache\13\api-ms-win-core-datetime-l1-1-0.dll
0x000002473ff50000 - 0x000002473ff53000 	C:\Users\Gabriel\.openjfx\cache\13\api-ms-win-core-debug-l1-1-0.dll
0x000002473ff60000 - 0x000002473ff63000 	C:\Users\Gabriel\.openjfx\cache\13\api-ms-win-core-errorhandling-l1-1-0.dll
0x000002473ff70000 - 0x000002473ff74000 	C:\Users\Gabriel\.openjfx\cache\13\api-ms-win-core-file-l1-1-0.dll
0x000002473ff80000 - 0x000002473ff83000 	C:\Users\Gabriel\.openjfx\cache\13\api-ms-win-core-file-l1-2-0.dll
0x000002473ff90000 - 0x000002473ff93000 	C:\Users\Gabriel\.openjfx\cache\13\api-ms-win-core-file-l2-1-0.dll
0x000002473ffa0000 - 0x000002473ffa3000 	C:\Users\Gabriel\.openjfx\cache\13\api-ms-win-core-handle-l1-1-0.dll
0x000002473ffb0000 - 0x000002473ffb3000 	C:\Users\Gabriel\.openjfx\cache\13\api-ms-win-core-heap-l1-1-0.dll
0x000002473ffc0000 - 0x000002473ffc3000 	C:\Users\Gabriel\.openjfx\cache\13\api-ms-win-core-interlocked-l1-1-0.dll
0x000002473ffd0000 - 0x000002473ffd3000 	C:\Users\Gabriel\.openjfx\cache\13\api-ms-win-core-libraryloader-l1-1-0.dll
0x000002473ffe0000 - 0x000002473ffe3000 	C:\Users\Gabriel\.openjfx\cache\13\api-ms-win-core-localization-l1-2-0.dll
0x000002473fff0000 - 0x000002473fff3000 	C:\Users\Gabriel\.openjfx\cache\13\api-ms-win-core-memory-l1-1-0.dll
0x0000024745bd0000 - 0x0000024745bd3000 	C:\Users\Gabriel\.openjfx\cache\13\api-ms-win-core-namedpipe-l1-1-0.dll
0x0000024745be0000 - 0x0000024745be3000 	C:\Users\Gabriel\.openjfx\cache\13\api-ms-win-core-processenvironment-l1-1-0.dll
0x0000024745bf0000 - 0x0000024745bf3000 	C:\Users\Gabriel\.openjfx\cache\13\api-ms-win-core-processthreads-l1-1-0.dll
0x0000024745c00000 - 0x0000024745c03000 	C:\Users\Gabriel\.openjfx\cache\13\api-ms-win-core-processthreads-l1-1-1.dll
0x0000024745c10000 - 0x0000024745c13000 	C:\Users\Gabriel\.openjfx\cache\13\api-ms-win-core-profile-l1-1-0.dll
0x0000024745c20000 - 0x0000024745c23000 	C:\Users\Gabriel\.openjfx\cache\13\api-ms-win-core-rtlsupport-l1-1-0.dll
0x0000024745c30000 - 0x0000024745c33000 	C:\Users\Gabriel\.openjfx\cache\13\api-ms-win-core-string-l1-1-0.dll
0x0000024745c40000 - 0x0000024745c43000 	C:\Users\Gabriel\.openjfx\cache\13\api-ms-win-core-synch-l1-1-0.dll
0x0000024745c50000 - 0x0000024745c53000 	C:\Users\Gabriel\.openjfx\cache\13\api-ms-win-core-synch-l1-2-0.dll
0x0000024745c60000 - 0x0000024745c63000 	C:\Users\Gabriel\.openjfx\cache\13\api-ms-win-core-sysinfo-l1-1-0.dll
0x0000024745c70000 - 0x0000024745c73000 	C:\Users\Gabriel\.openjfx\cache\13\api-ms-win-core-timezone-l1-1-0.dll
0x0000024745c80000 - 0x0000024745c83000 	C:\Users\Gabriel\.openjfx\cache\13\api-ms-win-core-util-l1-1-0.dll
0x0000024745c90000 - 0x0000024745c93000 	C:\Users\Gabriel\.openjfx\cache\13\api-ms-win-crt-conio-l1-1-0.dll
0x0000024745ca0000 - 0x0000024745ca4000 	C:\Users\Gabriel\.openjfx\cache\13\api-ms-win-crt-convert-l1-1-0.dll
0x0000024745cb0000 - 0x0000024745cb3000 	C:\Users\Gabriel\.openjfx\cache\13\api-ms-win-crt-environment-l1-1-0.dll
0x0000024745cc0000 - 0x0000024745cc3000 	C:\Users\Gabriel\.openjfx\cache\13\api-ms-win-crt-filesystem-l1-1-0.dll
0x0000024745cd0000 - 0x0000024745cd3000 	C:\Users\Gabriel\.openjfx\cache\13\api-ms-win-crt-heap-l1-1-0.dll
0x0000024745ce0000 - 0x0000024745ce3000 	C:\Users\Gabriel\.openjfx\cache\13\api-ms-win-crt-locale-l1-1-0.dll
0x0000024745cf0000 - 0x0000024745cf5000 	C:\Users\Gabriel\.openjfx\cache\13\api-ms-win-crt-math-l1-1-0.dll
0x0000024745d00000 - 0x0000024745d05000 	C:\Users\Gabriel\.openjfx\cache\13\api-ms-win-crt-multibyte-l1-1-0.dll
0x0000024745d10000 - 0x0000024745d20000 	C:\Users\Gabriel\.openjfx\cache\13\api-ms-win-crt-private-l1-1-0.dll
0x0000024745d20000 - 0x0000024745d23000 	C:\Users\Gabriel\.openjfx\cache\13\api-ms-win-crt-process-l1-1-0.dll
0x0000024745d30000 - 0x0000024745d34000 	C:\Users\Gabriel\.openjfx\cache\13\api-ms-win-crt-runtime-l1-1-0.dll
0x0000024745d40000 - 0x0000024745d44000 	C:\Users\Gabriel\.openjfx\cache\13\api-ms-win-crt-stdio-l1-1-0.dll
0x0000024745d50000 - 0x0000024745d54000 	C:\Users\Gabriel\.openjfx\cache\13\api-ms-win-crt-string-l1-1-0.dll
0x0000024745d60000 - 0x0000024745d63000 	C:\Users\Gabriel\.openjfx\cache\13\api-ms-win-crt-time-l1-1-0.dll
0x0000024745d70000 - 0x0000024745d73000 	C:\Users\Gabriel\.openjfx\cache\13\api-ms-win-crt-utility-l1-1-0.dll
0x00007ffbbf640000 - 0x00007ffbbf73c000 	C:\Users\Gabriel\.openjfx\cache\13\ucrtbase.dll
0x00007ffbcbd80000 - 0x00007ffbcbd95000 	C:\Users\Gabriel\.openjfx\cache\13\vcruntime140.dll
0x00007ffbc35f0000 - 0x00007ffbc368b000 	C:\Users\Gabriel\.openjfx\cache\13\msvcp140.dll
0x00007ffbc9190000 - 0x00007ffbc91e1000 	C:\Users\Gabriel\.openjfx\cache\13\concrt140.dll
0x00007ffbc63f0000 - 0x00007ffbc6413000 	C:\Users\Gabriel\.openjfx\cache\13\prism_d3d.dll
0x00007ffbd2220000 - 0x00007ffbd23ef000 	C:\Windows\system32\d3d9.dll
0x00007ffbe3900000 - 0x00007ffbe392f000 	C:\Windows\SYSTEM32\dwmapi.dll
0x00007ffbe3720000 - 0x00007ffbe37be000 	C:\Windows\system32\uxtheme.dll
0x00007ffb65c40000 - 0x00007ffb6b44d000 	C:\Windows\System32\DriverStore\FileRepository\igdlh64.inf_amd64_6d1fd205efa7f979\igdumdim64.dll
0x00007ffbe7f60000 - 0x00007ffbe802d000 	C:\Windows\System32\OLEAUT32.dll
0x00007ffbe7060000 - 0x00007ffbe718a000 	C:\Windows\System32\ole32.dll
0x00007ffbe7280000 - 0x00007ffbe76e8000 	C:\Windows\System32\SETUPAPI.dll
0x00007ffbe6630000 - 0x00007ffbe667e000 	C:\Windows\System32\cfgmgr32.dll
0x00007ffbe6030000 - 0x00007ffbe6057000 	C:\Windows\System32\bcrypt.dll
0x00007ffbc2ce0000 - 0x00007ffbc2d25000 	C:\Users\Gabriel\.openjfx\cache\13\glass.dll
0x00007ffbe7190000 - 0x00007ffbe726a000 	C:\Windows\System32\COMDLG32.dll
0x00007ffbe76f0000 - 0x00007ffbe7805000 	C:\Windows\System32\MSCTF.dll
0x00007ffbd8840000 - 0x00007ffbd999e000 	C:\Windows\System32\DriverStore\FileRepository\igdlh64.inf_amd64_6d1fd205efa7f979\igc64.dll
0x00007ffbdb820000 - 0x00007ffbdb85b000 	C:\Windows\SYSTEM32\dxcore.dll
0x00007ffbcbd60000 - 0x00007ffbcbd74000 	C:\Users\Gabriel\.openjfx\cache\13\javafx_font.dll
0x00007ffbca680000 - 0x00007ffbca8ff000 	C:\Windows\SYSTEM32\dwrite.dll
0x00007ffbe6aa0000 - 0x00007ffbe6b4f000 	C:\Windows\System32\clbcatq.dll
0x00007ffbde9d0000 - 0x00007ffbdeb84000 	C:\Windows\SYSTEM32\WindowsCodecs.dll
0x00007ffbc8420000 - 0x00007ffbc845e000 	C:\Windows\system32\dataexchange.dll
0x00007ffbe2780000 - 0x00007ffbe2963000 	C:\Windows\system32\dcomp.dll
0x00007ffbe1af0000 - 0x00007ffbe1d53000 	C:\Windows\system32\d3d11.dll
0x00007ffbe45f0000 - 0x00007ffbe46e3000 	C:\Windows\system32\dxgi.dll
0x00007ffbdef60000 - 0x00007ffbdf160000 	C:\Windows\system32\twinapi.appcore.dll
0x00007ffbc2ca0000 - 0x00007ffbc2cd4000 	C:\Program Files\Common Files\Microsoft Shared\Ink\rtscom.dll
0x00007ffbce590000 - 0x00007ffbce689000 	C:\Windows\SYSTEM32\textinputframework.dll
0x00007ffbe2970000 - 0x00007ffbe2cce000 	C:\Windows\System32\CoreUIComponents.dll
0x00007ffbe4ec0000 - 0x00007ffbe4ef3000 	C:\Windows\SYSTEM32\ntmarta.dll
0x00007ffbe3050000 - 0x00007ffbe3142000 	C:\Windows\System32\CoreMessaging.dll
0x00007ffbe1990000 - 0x00007ffbe1ae4000 	C:\Windows\SYSTEM32\wintypes.dll
0x00007ffbd86f0000 - 0x00007ffbd8756000 	C:\Windows\system32\Oleacc.dll

dbghelp: loaded successfully - version: 4.0.5 - missing functions: none
symbol engine: initialized successfully - sym options: 0x614 - pdb path: .;C:\Program Files\Java\jdk-19\bin;C:\Windows\SYSTEM32;C:\Windows\WinSxS\amd64_microsoft.windows.common-controls_6595b64144ccf1df_6.0.19041.1110_none_60b5254171f9507e;C:\Program Files\Java\jdk-19\bin\server;C:\Users\Gabriel\.openjfx\cache\13;C:\Windows\System32\DriverStore\FileRepository\igdlh64.inf_amd64_6d1fd205efa7f979;C:\Program Files\Common Files\Microsoft Shared\Ink

VM Arguments:
jvm_args: --module-path=C:\Users\Gabriel\Downloads\teste4\Trabalho-Final-POO\batalha-pokemon\target\classes;C:\Users\Gabriel\.m2\repository\org\openjfx\javafx-base\13\javafx-base-13-win.jar;C:\Users\Gabriel\.m2\repository\org\openjfx\javafx-controls\13\javafx-controls-13-win.jar;C:\Users\Gabriel\.m2\repository\org\openjfx\javafx-fxml\13\javafx-fxml-13-win.jar;C:\Users\Gabriel\.m2\repository\org\openjfx\javafx-graphics\13\javafx-graphics-13-win.jar --add-modules=poo -Djdk.module.main=poo 
java_command: poo/poo.App
java_class_path (initial): C:\Users\Gabriel\.m2\repository\org\openjfx\javafx-base\13\javafx-base-13.jar;C:\Users\Gabriel\.m2\repository\org\openjfx\javafx-controls\13\javafx-controls-13.jar;C:\Users\Gabriel\.m2\repository\org\openjfx\javafx-fxml\13\javafx-fxml-13.jar;C:\Users\Gabriel\.m2\repository\org\openjfx\javafx-graphics\13\javafx-graphics-13.jar
Launcher Type: SUN_STANDARD

[Global flags]
     intx CICompilerCount                          = 4                                         {product} {ergonomic}
     uint ConcGCThreads                            = 2                                         {product} {ergonomic}
     uint G1ConcRefinementThreads                  = 8                                         {product} {ergonomic}
   size_t G1HeapRegionSize                         = 1048576                                   {product} {ergonomic}
    uintx GCDrainStackTargetSize                   = 64                                        {product} {ergonomic}
   size_t InitialHeapSize                          = 134217728                                 {product} {ergonomic}
   size_t MarkStackSize                            = 4194304                                   {product} {ergonomic}
   size_t MaxHeapSize                              = 2128609280                                {product} {ergonomic}
   size_t MaxNewSize                               = 1277165568                                {product} {ergonomic}
   size_t MinHeapDeltaBytes                        = 1048576                                   {product} {ergonomic}
   size_t MinHeapSize                              = 8388608                                   {product} {ergonomic}
    uintx NonNMethodCodeHeapSize                   = 5839372                                {pd product} {ergonomic}
    uintx NonProfiledCodeHeapSize                  = 122909434                              {pd product} {ergonomic}
    uintx ProfiledCodeHeapSize                     = 122909434                              {pd product} {ergonomic}
    uintx ReservedCodeCacheSize                    = 251658240                              {pd product} {ergonomic}
     bool SegmentedCodeCache                       = true                                      {product} {ergonomic}
   size_t SoftMaxHeapSize                          = 2128609280                             {manageable} {ergonomic}
     bool UseCompressedClassPointers               = true                           {product lp64_product} {ergonomic}
     bool UseCompressedOops                        = true                           {product lp64_product} {ergonomic}
     bool UseG1GC                                  = true                                      {product} {ergonomic}
     bool UseLargePagesIndividualAllocation        = false                                  {pd product} {ergonomic}

Logging:
Log output configuration:
 #0: stdout all=off uptime,level,tags foldmultilines=false
 #1: stderr all=off uptime,level,tags foldmultilines=false

Environment Variables:
JAVA_HOME=C:\Program Files\Java\jdk-19
PATH=C:\Program Files\Common Files\Oracle\Java\javapath;C:\Program Files\Eclipse Adoptium\jdk-17.0.4.101-hotspot\bin;C:\Program Files (x86)\Common Files\Oracle\Java\javapath;C:\Windows\system32;C:\Windows;C:\Windows\System32\Wbem;C:\Windows\System32\WindowsPowerShell\v1.0\;C:\Windows\System32\OpenSSH\;C:\Program Files\Git\cmd;C:\Users\Gabriel\AppData\Local\Microsoft\WindowsApps;C:\Users\Gabriel\AppData\Local\Programs\Microsoft VS Code\bin;C:\Users\Gabriel\AppData\Local\GitHubDesktop\bin;C:\Program Files (x86)\Maven\apache-maven-3.8.6\bin;C:\Program Files\Java\jdk-19\bin;
USERNAME=Gabriel
LANG=pt_BR.UTF-8
OS=Windows_NT
PROCESSOR_IDENTIFIER=Intel64 Family 6 Model 94 Stepping 3, GenuineIntel
TMP=C:\Users\Gabriel\AppData\Local\Temp
TEMP=C:\Users\Gabriel\AppData\Local\Temp



---------------  S Y S T E M  ---------------

OS:
 Windows 10 , 64 bit Build 19041 (10.0.19041.2251)
OS uptime: 2 days 11:11 hours

CPU: total 8 (initial active 8) (4 cores per cpu, 2 threads per core) family 6 model 94 stepping 3 microcode 0xcc, cx8, cmov, fxsr, ht, mmx, 3dnowpref, sse, sse2, sse3, ssse3, sse4.1, sse4.2, popcnt, lzcnt, tsc, tscinvbit, avx, avx2, aes, erms, clmul, bmi1, bmi2, rtm, adx, fma, vzeroupper, clflush, clflushopt, rdtscp

Memory: 4k page, system-wide physical 8112M (774M free)
TotalPageFile size 22017M (AvailPageFile size 2676M)
current process WorkingSet (physical memory assigned to process): 316M, peak: 323M
current process commit charge ("private bytes"): 379M, peak: 395M

vm_info: Java HotSpot(TM) 64-Bit Server VM (19.0.1+10-21) for windows-amd64 JRE (19.0.1+10-21), built on 2022-09-14T12:45:06Z by "mach5one" with MS VC++ 17.1 (VS2022)

END.
