#
# A fatal error has been detected by the Java Runtime Environment:
#
#  EXCEPTION_ACCESS_VIOLATION (0xc0000005) at pc=0x00007ffbc2cd66f0, pid=9140, tid=4136
#
# JRE version: Java(TM) SE Runtime Environment (19.0.1+10) (build 19.0.1+10-21)
# Java VM: Java HotSpot(TM) 64-Bit Server VM (19.0.1+10-21, mixed mode, sharing, tiered, compressed oops, compressed class ptrs, g1 gc, windows-amd64)
# Problematic frame:
# C  [glass.dll+0x266f0]
#
# No core dump will be written. Minidumps are not enabled by default on client versions of Windows
#
# If you would like to submit a bug report, please visit:
#   https://bugreport.java.com/bugreport/crash.jsp
#

---------------  S U M M A R Y ------------

Command Line: --module-path=C:\Users\Gabriel\Downloads\teste4\Trabalho-Final-POO\batalha-pokemon\target\classes;C:\Users\Gabriel\.m2\repository\org\openjfx\javafx-base\13\javafx-base-13-win.jar;C:\Users\Gabriel\.m2\repository\org\openjfx\javafx-controls\13\javafx-controls-13-win.jar;C:\Users\Gabriel\.m2\repository\org\openjfx\javafx-fxml\13\javafx-fxml-13-win.jar;C:\Users\Gabriel\.m2\repository\org\openjfx\javafx-graphics\13\javafx-graphics-13-win.jar --add-modules=poo -Djdk.module.main=poo poo/poo.App

Host: Intel(R) Core(TM) i7-6700HQ CPU @ 2.60GHz, 8 cores, 7G,  Windows 10 , 64 bit Build 19041 (10.0.19041.2251)
Time: Wed Nov 30 10:36:06 2022 Hora oficial do Brasil elapsed time: 45.738933 seconds (0d 0h 0m 45s)

---------------  T H R E A D  ---------------

Current thread (0x000002a21e222ed0):  VMThread "VM Thread" [stack: 0x000000e4c4200000,0x000000e4c4300000] [id=4136]

Stack: [0x000000e4c4200000,0x000000e4c4300000],  sp=0x000000e4c42ff3a0,  free space=1020k
Native frames: (J=compiled Java code, j=interpreted, Vv=VM code, C=native code)
C  [glass.dll+0x266f0]


siginfo: EXCEPTION_ACCESS_VIOLATION (0xc0000005), reading address 0x0000000000000000


Registers:
RAX=0x0000000000000000, RBX=0x000002a21e236890, RCX=0x000002a21e222ed0, RDX=0x000000e4c42ff3a0
RSP=0x000000e4c42ff3a0, RBP=0x000002a222f1d658, RSI=0x000002a222f1d630, RDI=0x0000c80ba6c6a93e
R8 =0x0000000000010002, R9 =0x0000c80ba6c6a93e, R10=0x0000000000008000, R11=0x000000e4c42ff340
R12=0x00007ffbc2cd3b84, R13=0x00007ffb761172a0, R14=0x000000e4c42ff4a8, R15=0x000002a222f1d630
RIP=0x00007ffbc2cd66f0, EFLAGS=0x0000000000010202


Register to memory mapping:

RIP=0x00007ffbc2cd66f0 glass.dll
RAX=0x0 is NULL
RBX=0x000002a21e236890 is a global jni handle
RCX=0x000002a21e222ed0 points into unknown readable memory: 0x00007ffb75f245e8 | e8 45 f2 75 fb 7f 00 00
RDX=0x000000e4c42ff3a0 points into unknown readable memory: 0x0000000000000000 | 00 00 00 00 00 00 00 00
RSP=0x000000e4c42ff3a0 points into unknown readable memory: 0x0000000000000000 | 00 00 00 00 00 00 00 00
RBP=0x000002a222f1d658 points into unknown readable memory: 0x0000c80ba6c6a93e | 3e a9 c6 a6 0b c8 00 00
RSI=0x000002a222f1d630 points into unknown readable memory: 0x0000d7f55675e4a5 | a5 e4 75 56 f5 d7 00 00
RDI=0x0000c80ba6c6a93e is an unknown value
R8 =0x0000000000010002 is an unknown value
R9 =0x0000c80ba6c6a93e is an unknown value
R10=0x0000000000008000 is an unknown value
R11=0x000000e4c42ff340 points into unknown readable memory: 0x000002a222f1d630 | 30 d6 f1 22 a2 02 00 00
R12=0x00007ffbc2cd3b84 glass.dll
R13=0x00007ffb761172a0 jvm.dll
R14=0x000000e4c42ff4a8 points into unknown readable memory: 0x000000e4c42ff490 | 90 f4 2f c4 e4 00 00 00
R15=0x000002a222f1d630 points into unknown readable memory: 0x0000d7f55675e4a5 | a5 e4 75 56 f5 d7 00 00


Top of Stack: (sp=0x000000e4c42ff3a0)
0x000000e4c42ff3a0:   0000000000000000 00007ffbe653f05b
0x000000e4c42ff3b0:   000002a222f1d640 000002a222f1d630
0x000000e4c42ff3c0:   fffffffffffffffe 00007ffbc2cd3b84
0x000000e4c42ff3d0:   000002a222f1d638 00007ffbe65442d6
0x000000e4c42ff3e0:   000002a222f1d640 000002a200000000
0x000000e4c42ff3f0:   000002a222f1d658 000002a222f1d630
0x000000e4c42ff400:   fffffffffffffffe 0000000000000000
0x000000e4c42ff410:   0000000000000001 00007ffbc2cb0000
0x000000e4c42ff420:   000000e4c42ff498 00007ffbe65441fb
0x000000e4c42ff430:   0000000000000000 000000e4c42ff4a8
0x000000e4c42ff440:   000000e4c42ff760 00007ffbe6620e40
0x000000e4c42ff450:   0000000000000000 00007ffbe65441b4
0x000000e4c42ff460:   0000000000000000 0000000000000001
0x000000e4c42ff470:   0000000000000001 000000e4c42ff498
0x000000e4c42ff480:   0000000000000006 00007ffbc2cd3a12
0x000000e4c42ff490:   00007ffbc2ced118 000000e400000002 

Instructions: (pc=0x00007ffbc2cd66f0)
0x00007ffbc2cd65f0:   8b 4d 60 e8 98 c9 ff ff 48 8b 55 68 48 8b 8d 08
0x00007ffbc2cd6600:   01 00 00 e8 49 be ff ff 33 d2 33 c9 e8 49 de ff
0x00007ffbc2cd6610:   ff 90 cc cc cc cc cc cc cc cc cc cc cc cc cc cc
0x00007ffbc2cd6620:   48 8d 8a 80 00 00 00 e9 14 e9 fe ff 48 89 54 24
0x00007ffbc2cd6630:   10 55 48 83 ec 20 48 8b ea 48 8d 05 dd ca ff ff
0x00007ffbc2cd6640:   48 83 c4 20 5d c3 cc 40 55 48 8b ea 48 8b 01 33
0x00007ffbc2cd6650:   c9 81 38 05 00 00 c0 0f 94 c1 8b c1 5d c3 cc 40
0x00007ffbc2cd6660:   55 48 83 ec 20 48 8b ea 8a 4d 40 48 83 c4 20 5d
0x00007ffbc2cd6670:   e9 df cd ff ff cc 40 55 48 83 ec 20 48 8b ea e8
0x00007ffbc2cd6680:   fc cb ff ff 8a 4d 38 48 83 c4 20 5d e9 c3 cd ff
0x00007ffbc2cd6690:   ff cc 40 55 48 83 ec 30 48 8b ea 48 8b 01 8b 10
0x00007ffbc2cd66a0:   48 89 4c 24 28 89 54 24 20 4c 8d 0d a4 d1 ff ff
0x00007ffbc2cd66b0:   4c 8b 45 70 8b 55 68 48 8b 4d 60 e8 30 cb ff ff
0x00007ffbc2cd66c0:   90 48 83 c4 30 5d c3 cc cc cc cc cc cc cc cc cc
0x00007ffbc2cd66d0:   40 53 48 83 ec 30 48 c7 44 24 20 fe ff ff ff 48
0x00007ffbc2cd66e0:   8b 1d 2a 64 01 00 48 85 db 74 16 e8 90 85 ff ff
0x00007ffbc2cd66f0:   4c 8b 00 48 8b d3 48 8b c8 41 ff 90 b0 00 00 00
0x00007ffbc2cd6700:   90 48 83 c4 30 5b c3 cc cc cc cc cc cc cc cc cc
0x00007ffbc2cd6710:   40 53 48 83 ec 20 48 8b 1d 9b 65 01 00 48 85 db
0x00007ffbc2cd6720:   74 57 b8 ff ff ff ff f0 0f c1 43 10 83 f8 01 75
0x00007ffbc2cd6730:   3d 48 85 db 74 38 48 8b 0b 48 85 c9 74 0d ff 15
0x00007ffbc2cd6740:   64 0b 00 00 48 c7 03 00 00 00 00 48 8b 4b 08 48
0x00007ffbc2cd6750:   85 c9 74 0d e8 37 c8 ff ff 48 c7 43 08 00 00 00
0x00007ffbc2cd6760:   00 ba 18 00 00 00 48 8b cb e8 22 c8 ff ff 48 c7
0x00007ffbc2cd6770:   05 3f 65 01 00 00 00 00 00 48 83 c4 20 5b c3 cc
0x00007ffbc2cd6780:   40 53 48 83 ec 20 48 8b 1d 0b 65 01 00 48 85 db
0x00007ffbc2cd6790:   74 57 b8 ff ff ff ff f0 0f c1 43 10 83 f8 01 75
0x00007ffbc2cd67a0:   3d 48 85 db 74 38 48 8b 0b 48 85 c9 74 0d ff 15
0x00007ffbc2cd67b0:   f4 0a 00 00 48 c7 03 00 00 00 00 48 8b 4b 08 48
0x00007ffbc2cd67c0:   85 c9 74 0d e8 c7 c7 ff ff 48 c7 43 08 00 00 00
0x00007ffbc2cd67d0:   00 ba 18 00 00 00 48 8b cb e8 b2 c7 ff ff 48 c7
0x00007ffbc2cd67e0:   05 af 64 01 00 00 00 00 00 48 83 c4 20 5b c3 cc 


Stack slot to memory mapping:
stack at sp + 0 slots: 0x0 is NULL
stack at sp + 1 slots: 0x00007ffbe653f05b ucrtbase.dll
stack at sp + 2 slots: 0x000002a222f1d640 points into unknown readable memory: 0x0000c80ba6c6a93e | 3e a9 c6 a6 0b c8 00 00
stack at sp + 3 slots: 0x000002a222f1d630 points into unknown readable memory: 0x0000d7f55675e4a5 | a5 e4 75 56 f5 d7 00 00
stack at sp + 4 slots: 0xfffffffffffffffe is an unknown value
stack at sp + 5 slots: 0x00007ffbc2cd3b84 glass.dll
stack at sp + 6 slots: 0x000002a222f1d638 points into unknown readable memory: 0x0000c80ba6c6a93e | 3e a9 c6 a6 0b c8 00 00
stack at sp + 7 slots: 0x00007ffbe65442d6 ucrtbase.dll

VM_Operation (0x000000e4c53f9b30): Exit, mode: safepoint, requested by thread 0x000002a222f4d3d0


---------------  P R O C E S S  ---------------

Threads class SMR info:
_java_thread_list=0x000002a22321e560, length=19, elements={
0x000002a27f98c200, 0x000002a21e23b830, 0x000002a21e23c620, 0x000002a21e23ecc0,
0x000002a21e241600, 0x000002a21e241f30, 0x000002a21e2429a0, 0x000002a21e248c50,
0x000002a21e251710, 0x000002a21e255880, 0x000002a21e212c90, 0x000002a2226c8150,
0x000002a222a99c50, 0x000002a222f38fe0, 0x000002a222f4d3d0, 0x000002a22322f740,
0x000002a223191aa0, 0x000002a22338f530, 0x000002a22338efe0
}

Java Threads: ( => current thread )
  0x000002a27f98c200 JavaThread "main" [_thread_blocked, id=16928, stack(0x000000e4c3c00000,0x000000e4c3d00000)]
  0x000002a21e23b830 JavaThread "Reference Handler" daemon [_thread_blocked, id=4108, stack(0x000000e4c4300000,0x000000e4c4400000)]
  0x000002a21e23c620 JavaThread "Finalizer" daemon [_thread_blocked, id=6972, stack(0x000000e4c4400000,0x000000e4c4500000)]
  0x000002a21e23ecc0 JavaThread "Signal Dispatcher" daemon [_thread_blocked, id=22952, stack(0x000000e4c4500000,0x000000e4c4600000)]
  0x000002a21e241600 JavaThread "Attach Listener" daemon [_thread_blocked, id=148, stack(0x000000e4c4600000,0x000000e4c4700000)]
  0x000002a21e241f30 JavaThread "Service Thread" daemon [_thread_blocked, id=22128, stack(0x000000e4c4700000,0x000000e4c4800000)]
  0x000002a21e2429a0 JavaThread "Monitor Deflation Thread" daemon [_thread_blocked, id=20968, stack(0x000000e4c4800000,0x000000e4c4900000)]
  0x000002a21e248c50 JavaThread "C2 CompilerThread0" daemon [_thread_blocked, id=10216, stack(0x000000e4c4900000,0x000000e4c4a00000)]
  0x000002a21e251710 JavaThread "C1 CompilerThread0" daemon [_thread_blocked, id=6964, stack(0x000000e4c4a00000,0x000000e4c4b00000)]
  0x000002a21e255880 JavaThread "Sweeper thread" daemon [_thread_blocked, id=21868, stack(0x000000e4c4b00000,0x000000e4c4c00000)]
  0x000002a21e212c90 JavaThread "Common-Cleaner" daemon [_thread_blocked, id=4320, stack(0x000000e4c4c00000,0x000000e4c4d00000)]
  0x000002a2226c8150 JavaThread "Notification Thread" daemon [_thread_blocked, id=14892, stack(0x000000e4c4f00000,0x000000e4c5000000)]
  0x000002a222a99c50 JavaThread "QuantumRenderer-0" daemon [_thread_blocked, id=22932, stack(0x000000e4c5100000,0x000000e4c5200000)]
  0x000002a222f38fe0 JavaThread "InvokeLaterDispatcher" daemon [_thread_blocked, id=18444, stack(0x000000e4c5200000,0x000000e4c5300000)]
  0x000002a222f4d3d0 JavaThread "JavaFX Application Thread" [_thread_blocked, id=10428, stack(0x000000e4c5300000,0x000000e4c5400000)]
  0x000002a22322f740 JavaThread "Thread-1" daemon [_thread_in_native, id=18164, stack(0x000000e4c5700000,0x000000e4c5800000)]
  0x000002a223191aa0 JavaThread "JavaFX-Launcher" [_thread_blocked, id=10784, stack(0x000000e4c5800000,0x000000e4c5900000)]
  0x000002a22338f530 JavaThread "Prism Font Disposer" daemon [_thread_blocked, id=23508, stack(0x000000e4c6100000,0x000000e4c6200000)]
  0x000002a22338efe0 JavaThread "Cleaner-0" daemon [_thread_blocked, id=15488, stack(0x000000e4c4d00000,0x000000e4c4e00000)]

Other Threads:
=>0x000002a21e222ed0 VMThread "VM Thread" [stack: 0x000000e4c4200000,0x000000e4c4300000] [id=4136]
  0x000002a27f9ebc50 WorkerThread "GC Thread#0" [stack: 0x000000e4c3d00000,0x000000e4c3e00000] [id=21236]
  0x000002a2232977d0 WorkerThread "GC Thread#1" [stack: 0x000000e4c5900000,0x000000e4c5a00000] [id=4236]
  0x000002a2232a2140 WorkerThread "GC Thread#2" [stack: 0x000000e4c5a00000,0x000000e4c5b00000] [id=13256]
  0x000002a2232e9060 WorkerThread "GC Thread#3" [stack: 0x000000e4c5b00000,0x000000e4c5c00000] [id=17660]
  0x000002a2232e98d0 WorkerThread "GC Thread#4" [stack: 0x000000e4c5c00000,0x000000e4c5d00000] [id=4840]
  0x000002a2232ea410 WorkerThread "GC Thread#5" [stack: 0x000000e4c5d00000,0x000000e4c5e00000] [id=11636]
  0x000002a2232ea6e0 WorkerThread "GC Thread#6" [stack: 0x000000e4c4e00000,0x000000e4c4f00000] [id=14296]
  0x000002a2232e9330 WorkerThread "GC Thread#7" [stack: 0x000000e4c6200000,0x000000e4c6300000] [id=21736]
  0x000002a27f9fcb10 ConcurrentGCThread "G1 Main Marker" terminated
  0x000002a27f9fdce0 WorkerThread "G1 Conc#0" [stack: 0x000000e4c3f00000,0x000000e4c4000000] [id=4208]
  0x000002a21e0de190 ConcurrentGCThread "G1 Refine#0" terminated
  0x000002a21e0deae0 ConcurrentGCThread "G1 Service" terminated

Threads with active compile tasks:
C2 CompilerThread0  
[error occurred during error reporting (printing all threads), id 0xc0000005, EXCEPTION_ACCESS_VIOLATION (0xc0000005) at pc=0x00007ffb75d10753]

VM state: at safepoint (shutting down)

VM Mutex/Monitor currently owned by a thread:  ([mutex/lock_event])
[0x000002a27f9874d0] Threads_lock - owner thread: 0x000002a21e222ed0
[0x000002a27f987560] Heap_lock - owner thread: 0x000002a222f4d3d0

Heap address: 0x0000000081200000, size: 2030 MB, Compressed Oops mode: 32-bit

CDS archive(s) mapped at: [0x0000000800000000-0x0000000800c40000-0x0000000800c40000), size 12845056, SharedBaseAddress: 0x0000000800000000, ArchiveRelocationMode: 0.
Compressed class space mapped at: 0x0000000801000000-0x0000000841000000, reserved size: 1073741824
Narrow klass base: 0x0000000800000000, Narrow klass shift: 0, Narrow klass range: 0x100000000

GC Precious Log:
 CardTable entry size: 512
 Card Set container configuration: InlinePtr #cards 5 size 8 Array Of Cards #cards 12 size 40 Howl #buckets 4 coarsen threshold 1843 Howl Bitmap #cards 512 size 80 coarsen threshold 460 Card regions per heap region 1 cards per card region 2048
 CPUs: 8 total, 8 available
 Memory: 8112M
 Large Page Support: Disabled
 NUMA Support: Disabled
 Compressed Oops: Enabled (32-bit)
 Heap Region Size: 1M
 Heap Min Capacity: 8M
 Heap Initial Capacity: 128M
 Heap Max Capacity: 2030M
 Pre-touch: Disabled
 Parallel Workers: 8
 Concurrent Workers: 2
 Concurrent Refinement Workers: 8
 Periodic GC: Disabled

Heap:
 garbage-first heap   total 131072K, used 38897K [0x0000000081200000, 0x0000000100000000)
  region size 1024K, 23 young (23552K), 5 survivors (5120K)
 Metaspace       used 16946K, committed 17280K, reserved 1114112K
  class space    used 2393K, committed 2560K, reserved 1048576K

Heap Regions: E=young(eden), S=young(survivor), O=old, HS=humongous(starts), HC=humongous(continues), CS=collection set, F=free, OA=open archive, CA=closed archive, TAMS=top-at-mark-start (previous, next)
|   0|0x0000000081200000, 0x0000000081300000, 0x0000000081300000|100%|HS|  |TAMS 0x0000000081200000, 0x0000000081200000| Complete 
|   1|0x0000000081300000, 0x0000000081400000, 0x0000000081400000|100%|HC|  |TAMS 0x0000000081300000, 0x0000000081300000| Complete 
|   2|0x0000000081400000, 0x0000000081500000, 0x0000000081500000|100%|HC|  |TAMS 0x0000000081400000, 0x0000000081400000| Complete 
|   3|0x0000000081500000, 0x0000000081600000, 0x0000000081600000|100%|HC|  |TAMS 0x0000000081500000, 0x0000000081500000| Complete 
|   4|0x0000000081600000, 0x0000000081700000, 0x0000000081700000|100%|HC|  |TAMS 0x0000000081600000, 0x0000000081600000| Complete 
|   5|0x0000000081700000, 0x0000000081800000, 0x0000000081800000|100%|HC|  |TAMS 0x0000000081700000, 0x0000000081700000| Complete 
|   6|0x0000000081800000, 0x0000000081900000, 0x0000000081900000|100%|HS|  |TAMS 0x0000000081800000, 0x0000000081800000| Complete 
|   7|0x0000000081900000, 0x0000000081a00000, 0x0000000081a00000|100%|HC|  |TAMS 0x0000000081900000, 0x0000000081900000| Complete 
|   8|0x0000000081a00000, 0x0000000081b00000, 0x0000000081b00000|100%|HS|  |TAMS 0x0000000081a00000, 0x0000000081a00000| Complete 
|   9|0x0000000081b00000, 0x0000000081c00000, 0x0000000081c00000|100%|HC|  |TAMS 0x0000000081b00000, 0x0000000081b00000| Complete 
|  10|0x0000000081c00000, 0x0000000081d00000, 0x0000000081d00000|100%|HC|  |TAMS 0x0000000081c00000, 0x0000000081c00000| Complete 
|  11|0x0000000081d00000, 0x0000000081e00000, 0x0000000081e00000|100%|HS|  |TAMS 0x0000000081d00000, 0x0000000081d00000| Complete 
|  12|0x0000000081e00000, 0x0000000081f00000, 0x0000000081f00000|100%|HC|  |TAMS 0x0000000081e00000, 0x0000000081e00000| Complete 
|  13|0x0000000081f00000, 0x0000000082000000, 0x0000000082000000|100%|HC|  |TAMS 0x0000000081f00000, 0x0000000081f00000| Complete 
|  14|0x0000000082000000, 0x0000000082100000, 0x0000000082100000|100%| O|  |TAMS 0x0000000082000000, 0x0000000082000000| Untracked 
|  15|0x0000000082100000, 0x0000000082200000, 0x0000000082200000|100%| O|  |TAMS 0x0000000082100000, 0x0000000082100000| Untracked 
|  16|0x0000000082200000, 0x0000000082283e00, 0x0000000082300000| 51%| O|  |TAMS 0x0000000082200000, 0x0000000082200000| Untracked 
|  17|0x0000000082300000, 0x0000000082300000, 0x0000000082400000|  0%| F|  |TAMS 0x0000000082300000, 0x0000000082300000| Untracked 
|  18|0x0000000082400000, 0x0000000082400000, 0x0000000082500000|  0%| F|  |TAMS 0x0000000082400000, 0x0000000082400000| Untracked 
|  19|0x0000000082500000, 0x0000000082500000, 0x0000000082600000|  0%| F|  |TAMS 0x0000000082500000, 0x0000000082500000| Untracked 
|  20|0x0000000082600000, 0x0000000082600000, 0x0000000082700000|  0%| F|  |TAMS 0x0000000082600000, 0x0000000082600000| Untracked 
|  21|0x0000000082700000, 0x0000000082700000, 0x0000000082800000|  0%| F|  |TAMS 0x0000000082700000, 0x0000000082700000| Untracked 
|  22|0x0000000082800000, 0x0000000082800000, 0x0000000082900000|  0%| F|  |TAMS 0x0000000082800000, 0x0000000082800000| Untracked 
|  23|0x0000000082900000, 0x0000000082900000, 0x0000000082a00000|  0%| F|  |TAMS 0x0000000082900000, 0x0000000082900000| Untracked 
|  24|0x0000000082a00000, 0x0000000082a00000, 0x0000000082b00000|  0%| F|  |TAMS 0x0000000082a00000, 0x0000000082a00000| Untracked 
|  25|0x0000000082b00000, 0x0000000082b00000, 0x0000000082c00000|  0%| F|  |TAMS 0x0000000082b00000, 0x0000000082b00000| Untracked 
|  26|0x0000000082c00000, 0x0000000082c00000, 0x0000000082d00000|  0%| F|  |TAMS 0x0000000082c00000, 0x0000000082c00000| Untracked 
|  27|0x0000000082d00000, 0x0000000082d00000, 0x0000000082e00000|  0%| F|  |TAMS 0x0000000082d00000, 0x0000000082d00000| Untracked 
|  28|0x0000000082e00000, 0x0000000082e00000, 0x0000000082f00000|  0%| F|  |TAMS 0x0000000082e00000, 0x0000000082e00000| Untracked 
|  29|0x0000000082f00000, 0x0000000082f00000, 0x0000000083000000|  0%| F|  |TAMS 0x0000000082f00000, 0x0000000082f00000| Untracked 
|  30|0x0000000083000000, 0x0000000083000000, 0x0000000083100000|  0%| F|  |TAMS 0x0000000083000000, 0x0000000083000000| Untracked 
|  31|0x0000000083100000, 0x0000000083100000, 0x0000000083200000|  0%| F|  |TAMS 0x0000000083100000, 0x0000000083100000| Untracked 
|  32|0x0000000083200000, 0x0000000083200000, 0x0000000083300000|  0%| F|  |TAMS 0x0000000083200000, 0x0000000083200000| Untracked 
|  33|0x0000000083300000, 0x0000000083300000, 0x0000000083400000|  0%| F|  |TAMS 0x0000000083300000, 0x0000000083300000| Untracked 
|  34|0x0000000083400000, 0x0000000083400000, 0x0000000083500000|  0%| F|  |TAMS 0x0000000083400000, 0x0000000083400000| Untracked 
|  35|0x0000000083500000, 0x0000000083500000, 0x0000000083600000|  0%| F|  |TAMS 0x0000000083500000, 0x0000000083500000| Untracked 
|  36|0x0000000083600000, 0x0000000083600000, 0x0000000083700000|  0%| F|  |TAMS 0x0000000083600000, 0x0000000083600000| Untracked 
|  37|0x0000000083700000, 0x0000000083700000, 0x0000000083800000|  0%| F|  |TAMS 0x0000000083700000, 0x0000000083700000| Untracked 
|  38|0x0000000083800000, 0x0000000083800000, 0x0000000083900000|  0%| F|  |TAMS 0x0000000083800000, 0x0000000083800000| Untracked 
|  39|0x0000000083900000, 0x0000000083900000, 0x0000000083a00000|  0%| F|  |TAMS 0x0000000083900000, 0x0000000083900000| Untracked 
|  40|0x0000000083a00000, 0x0000000083a00000, 0x0000000083b00000|  0%| F|  |TAMS 0x0000000083a00000, 0x0000000083a00000| Untracked 
|  41|0x0000000083b00000, 0x0000000083b00000, 0x0000000083c00000|  0%| F|  |TAMS 0x0000000083b00000, 0x0000000083b00000| Untracked 
|  42|0x0000000083c00000, 0x0000000083c00000, 0x0000000083d00000|  0%| F|  |TAMS 0x0000000083c00000, 0x0000000083c00000| Untracked 
|  43|0x0000000083d00000, 0x0000000083d00000, 0x0000000083e00000|  0%| F|  |TAMS 0x0000000083d00000, 0x0000000083d00000| Untracked 
|  44|0x0000000083e00000, 0x0000000083e00000, 0x0000000083f00000|  0%| F|  |TAMS 0x0000000083e00000, 0x0000000083e00000| Untracked 
|  45|0x0000000083f00000, 0x0000000083f00000, 0x0000000084000000|  0%| F|  |TAMS 0x0000000083f00000, 0x0000000083f00000| Untracked 
|  46|0x0000000084000000, 0x0000000084000000, 0x0000000084100000|  0%| F|  |TAMS 0x0000000084000000, 0x0000000084000000| Untracked 
|  47|0x0000000084100000, 0x0000000084100000, 0x0000000084200000|  0%| F|  |TAMS 0x0000000084100000, 0x0000000084100000| Untracked 
|  48|0x0000000084200000, 0x0000000084200000, 0x0000000084300000|  0%| F|  |TAMS 0x0000000084200000, 0x0000000084200000| Untracked 
|  49|0x0000000084300000, 0x0000000084300000, 0x0000000084400000|  0%| F|  |TAMS 0x0000000084300000, 0x0000000084300000| Untracked 
|  50|0x0000000084400000, 0x0000000084400000, 0x0000000084500000|  0%| F|  |TAMS 0x0000000084400000, 0x0000000084400000| Untracked 
|  51|0x0000000084500000, 0x0000000084500000, 0x0000000084600000|  0%| F|  |TAMS 0x0000000084500000, 0x0000000084500000| Untracked 
|  52|0x0000000084600000, 0x0000000084600000, 0x0000000084700000|  0%| F|  |TAMS 0x0000000084600000, 0x0000000084600000| Untracked 
|  53|0x0000000084700000, 0x0000000084700000, 0x0000000084800000|  0%| F|  |TAMS 0x0000000084700000, 0x0000000084700000| Untracked 
|  54|0x0000000084800000, 0x0000000084800000, 0x0000000084900000|  0%| F|  |TAMS 0x0000000084800000, 0x0000000084800000| Untracked 
|  55|0x0000000084900000, 0x0000000084900000, 0x0000000084a00000|  0%| F|  |TAMS 0x0000000084900000, 0x0000000084900000| Untracked 
|  56|0x0000000084a00000, 0x0000000084a00000, 0x0000000084b00000|  0%| F|  |TAMS 0x0000000084a00000, 0x0000000084a00000| Untracked 
|  57|0x0000000084b00000, 0x0000000084b00000, 0x0000000084c00000|  0%| F|  |TAMS 0x0000000084b00000, 0x0000000084b00000| Untracked 
|  58|0x0000000084c00000, 0x0000000084c00000, 0x0000000084d00000|  0%| F|  |TAMS 0x0000000084c00000, 0x0000000084c00000| Untracked 
|  59|0x0000000084d00000, 0x0000000084d00000, 0x0000000084e00000|  0%| F|  |TAMS 0x0000000084d00000, 0x0000000084d00000| Untracked 
|  60|0x0000000084e00000, 0x0000000084e00000, 0x0000000084f00000|  0%| F|  |TAMS 0x0000000084e00000, 0x0000000084e00000| Untracked 
|  61|0x0000000084f00000, 0x0000000084f00000, 0x0000000085000000|  0%| F|  |TAMS 0x0000000084f00000, 0x0000000084f00000| Untracked 
|  62|0x0000000085000000, 0x0000000085000000, 0x0000000085100000|  0%| F|  |TAMS 0x0000000085000000, 0x0000000085000000| Untracked 
|  63|0x0000000085100000, 0x0000000085100000, 0x0000000085200000|  0%| F|  |TAMS 0x0000000085100000, 0x0000000085100000| Untracked 
|  64|0x0000000085200000, 0x0000000085200000, 0x0000000085300000|  0%| F|  |TAMS 0x0000000085200000, 0x0000000085200000| Untracked 
|  65|0x0000000085300000, 0x0000000085300000, 0x0000000085400000|  0%| F|  |TAMS 0x0000000085300000, 0x0000000085300000| Untracked 
|  66|0x0000000085400000, 0x0000000085400000, 0x0000000085500000|  0%| F|  |TAMS 0x0000000085400000, 0x0000000085400000| Untracked 
|  67|0x0000000085500000, 0x0000000085500000, 0x0000000085600000|  0%| F|  |TAMS 0x0000000085500000, 0x0000000085500000| Untracked 
|  68|0x0000000085600000, 0x0000000085600000, 0x0000000085700000|  0%| F|  |TAMS 0x0000000085600000, 0x0000000085600000| Untracked 
|  69|0x0000000085700000, 0x0000000085700000, 0x0000000085800000|  0%| F|  |TAMS 0x0000000085700000, 0x0000000085700000| Untracked 
|  70|0x0000000085800000, 0x0000000085800000, 0x0000000085900000|  0%| F|  |TAMS 0x0000000085800000, 0x0000000085800000| Untracked 
|  71|0x0000000085900000, 0x0000000085900000, 0x0000000085a00000|  0%| F|  |TAMS 0x0000000085900000, 0x0000000085900000| Untracked 
|  72|0x0000000085a00000, 0x0000000085a00000, 0x0000000085b00000|  0%| F|  |TAMS 0x0000000085a00000, 0x0000000085a00000| Untracked 
|  73|0x0000000085b00000, 0x0000000085b00000, 0x0000000085c00000|  0%| F|  |TAMS 0x0000000085b00000, 0x0000000085b00000| Untracked 
|  74|0x0000000085c00000, 0x0000000085c00000, 0x0000000085d00000|  0%| F|  |TAMS 0x0000000085c00000, 0x0000000085c00000| Untracked 
|  75|0x0000000085d00000, 0x0000000085d00000, 0x0000000085e00000|  0%| F|  |TAMS 0x0000000085d00000, 0x0000000085d00000| Untracked 
|  76|0x0000000085e00000, 0x0000000085e00000, 0x0000000085f00000|  0%| F|  |TAMS 0x0000000085e00000, 0x0000000085e00000| Untracked 
|  77|0x0000000085f00000, 0x0000000085f00000, 0x0000000086000000|  0%| F|  |TAMS 0x0000000085f00000, 0x0000000085f00000| Untracked 
|  78|0x0000000086000000, 0x0000000086000000, 0x0000000086100000|  0%| F|  |TAMS 0x0000000086000000, 0x0000000086000000| Untracked 
|  79|0x0000000086100000, 0x0000000086100000, 0x0000000086200000|  0%| F|  |TAMS 0x0000000086100000, 0x0000000086100000| Untracked 
|  80|0x0000000086200000, 0x0000000086200000, 0x0000000086300000|  0%| F|  |TAMS 0x0000000086200000, 0x0000000086200000| Untracked 
|  81|0x0000000086300000, 0x0000000086300000, 0x0000000086400000|  0%| F|  |TAMS 0x0000000086300000, 0x0000000086300000| Untracked 
|  82|0x0000000086400000, 0x0000000086400000, 0x0000000086500000|  0%| F|  |TAMS 0x0000000086400000, 0x0000000086400000| Untracked 
|  83|0x0000000086500000, 0x0000000086500000, 0x0000000086600000|  0%| F|  |TAMS 0x0000000086500000, 0x0000000086500000| Untracked 
|  84|0x0000000086600000, 0x0000000086600000, 0x0000000086700000|  0%| F|  |TAMS 0x0000000086600000, 0x0000000086600000| Untracked 
|  85|0x0000000086700000, 0x0000000086700000, 0x0000000086800000|  0%| F|  |TAMS 0x0000000086700000, 0x0000000086700000| Untracked 
|  86|0x0000000086800000, 0x0000000086878658, 0x0000000086900000| 47%| S|CS|TAMS 0x0000000086800000, 0x0000000086800000| Complete 
|  87|0x0000000086900000, 0x0000000086a00000, 0x0000000086a00000|100%| S|CS|TAMS 0x0000000086900000, 0x0000000086900000| Complete 
|  88|0x0000000086a00000, 0x0000000086b00000, 0x0000000086b00000|100%| S|CS|TAMS 0x0000000086a00000, 0x0000000086a00000| Complete 
|  89|0x0000000086b00000, 0x0000000086c00000, 0x0000000086c00000|100%| S|CS|TAMS 0x0000000086b00000, 0x0000000086b00000| Complete 
|  90|0x0000000086c00000, 0x0000000086d00000, 0x0000000086d00000|100%| S|CS|TAMS 0x0000000086c00000, 0x0000000086c00000| Complete 
|  91|0x0000000086d00000, 0x0000000086d00000, 0x0000000086e00000|  0%| F|  |TAMS 0x0000000086d00000, 0x0000000086d00000| Untracked 
|  92|0x0000000086e00000, 0x0000000086e00000, 0x0000000086f00000|  0%| F|  |TAMS 0x0000000086e00000, 0x0000000086e00000| Untracked 
|  93|0x0000000086f00000, 0x0000000086f00000, 0x0000000087000000|  0%| F|  |TAMS 0x0000000086f00000, 0x0000000086f00000| Untracked 
|  94|0x0000000087000000, 0x0000000087000000, 0x0000000087100000|  0%| F|  |TAMS 0x0000000087000000, 0x0000000087000000| Untracked 
|  95|0x0000000087100000, 0x0000000087100000, 0x0000000087200000|  0%| F|  |TAMS 0x0000000087100000, 0x0000000087100000| Untracked 
|  96|0x0000000087200000, 0x0000000087200000, 0x0000000087300000|  0%| F|  |TAMS 0x0000000087200000, 0x0000000087200000| Untracked 
|  97|0x0000000087300000, 0x0000000087300000, 0x0000000087400000|  0%| F|  |TAMS 0x0000000087300000, 0x0000000087300000| Untracked 
|  98|0x0000000087400000, 0x0000000087400000, 0x0000000087500000|  0%| F|  |TAMS 0x0000000087400000, 0x0000000087400000| Untracked 
|  99|0x0000000087500000, 0x0000000087500000, 0x0000000087600000|  0%| F|  |TAMS 0x0000000087500000, 0x0000000087500000| Untracked 
| 100|0x0000000087600000, 0x0000000087600000, 0x0000000087700000|  0%| F|  |TAMS 0x0000000087600000, 0x0000000087600000| Untracked 
| 101|0x0000000087700000, 0x0000000087700000, 0x0000000087800000|  0%| F|  |TAMS 0x0000000087700000, 0x0000000087700000| Untracked 
| 102|0x0000000087800000, 0x0000000087800000, 0x0000000087900000|  0%| F|  |TAMS 0x0000000087800000, 0x0000000087800000| Untracked 
| 103|0x0000000087900000, 0x0000000087900000, 0x0000000087a00000|  0%| F|  |TAMS 0x0000000087900000, 0x0000000087900000| Untracked 
| 104|0x0000000087a00000, 0x0000000087a00000, 0x0000000087b00000|  0%| F|  |TAMS 0x0000000087a00000, 0x0000000087a00000| Untracked 
| 105|0x0000000087b00000, 0x0000000087b00000, 0x0000000087c00000|  0%| F|  |TAMS 0x0000000087b00000, 0x0000000087b00000| Untracked 
| 106|0x0000000087c00000, 0x0000000087c00000, 0x0000000087d00000|  0%| F|  |TAMS 0x0000000087c00000, 0x0000000087c00000| Untracked 
| 107|0x0000000087d00000, 0x0000000087d00000, 0x0000000087e00000|  0%| F|  |TAMS 0x0000000087d00000, 0x0000000087d00000| Untracked 
| 108|0x0000000087e00000, 0x0000000087e00000, 0x0000000087f00000|  0%| F|  |TAMS 0x0000000087e00000, 0x0000000087e00000| Untracked 
| 109|0x0000000087f00000, 0x0000000087f00000, 0x0000000088000000|  0%| F|  |TAMS 0x0000000087f00000, 0x0000000087f00000| Untracked 
| 110|0x0000000088000000, 0x00000000880dd808, 0x0000000088100000| 86%| E|  |TAMS 0x0000000088000000, 0x0000000088000000| Complete 
| 111|0x0000000088100000, 0x0000000088200000, 0x0000000088200000|100%| E|CS|TAMS 0x0000000088100000, 0x0000000088100000| Complete 
| 112|0x0000000088200000, 0x0000000088300000, 0x0000000088300000|100%| E|CS|TAMS 0x0000000088200000, 0x0000000088200000| Complete 
| 113|0x0000000088300000, 0x0000000088400000, 0x0000000088400000|100%| E|CS|TAMS 0x0000000088300000, 0x0000000088300000| Complete 
| 114|0x0000000088400000, 0x0000000088500000, 0x0000000088500000|100%| E|CS|TAMS 0x0000000088400000, 0x0000000088400000| Complete 
| 115|0x0000000088500000, 0x0000000088600000, 0x0000000088600000|100%| E|CS|TAMS 0x0000000088500000, 0x0000000088500000| Complete 
| 116|0x0000000088600000, 0x0000000088700000, 0x0000000088700000|100%| E|CS|TAMS 0x0000000088600000, 0x0000000088600000| Complete 
| 117|0x0000000088700000, 0x0000000088800000, 0x0000000088800000|100%| E|CS|TAMS 0x0000000088700000, 0x0000000088700000| Complete 
| 118|0x0000000088800000, 0x0000000088900000, 0x0000000088900000|100%| E|CS|TAMS 0x0000000088800000, 0x0000000088800000| Complete 
| 119|0x0000000088900000, 0x0000000088a00000, 0x0000000088a00000|100%| E|CS|TAMS 0x0000000088900000, 0x0000000088900000| Complete 
| 120|0x0000000088a00000, 0x0000000088b00000, 0x0000000088b00000|100%| E|CS|TAMS 0x0000000088a00000, 0x0000000088a00000| Complete 
| 121|0x0000000088b00000, 0x0000000088c00000, 0x0000000088c00000|100%| E|CS|TAMS 0x0000000088b00000, 0x0000000088b00000| Complete 
| 122|0x0000000088c00000, 0x0000000088d00000, 0x0000000088d00000|100%| E|CS|TAMS 0x0000000088c00000, 0x0000000088c00000| Complete 
| 123|0x0000000088d00000, 0x0000000088e00000, 0x0000000088e00000|100%| E|CS|TAMS 0x0000000088d00000, 0x0000000088d00000| Complete 
| 124|0x0000000088e00000, 0x0000000088f00000, 0x0000000088f00000|100%| E|CS|TAMS 0x0000000088e00000, 0x0000000088e00000| Complete 
| 125|0x0000000088f00000, 0x0000000089000000, 0x0000000089000000|100%| E|CS|TAMS 0x0000000088f00000, 0x0000000088f00000| Complete 
| 126|0x0000000089000000, 0x0000000089100000, 0x0000000089100000|100%| E|CS|TAMS 0x0000000089000000, 0x0000000089000000| Complete 
| 127|0x0000000089100000, 0x0000000089200000, 0x0000000089200000|100%| E|CS|TAMS 0x0000000089100000, 0x0000000089100000| Complete 

Card table byte_map: [0x000002a2172a0000,0x000002a2176a0000] _byte_map_base: 0x000002a216e97000

Marking Bits (Prev, Next): (CMBitMap*) 0x000002a27f9ec280, (CMBitMap*) 0x000002a27f9ec2c0
 Prev Bits: [0x000002a217aa0000, 0x000002a219a58000)
 Next Bits: [0x000002a219a60000, 0x000002a21ba18000)

Polling page: 0x000002a27d8c0000

Metaspace:

Usage:
  Non-class:     14.21 MB used.
      Class:      2.34 MB used.
       Both:     16.55 MB used.

Virtual space:
  Non-class space:       64.00 MB reserved,      14.38 MB ( 22%) committed,  1 nodes.
      Class space:        1.00 GB reserved,       2.50 MB ( <1%) committed,  1 nodes.
             Both:        1.06 GB reserved,      16.88 MB (  2%) committed. 

Chunk freelists:
   Non-Class:  1.05 MB
       Class:  1.36 MB
        Both:  2.41 MB

MaxMetaspaceSize: unlimited
CompressedClassSpaceSize: 1.00 GB
Initial GC threshold: 21.00 MB
Current GC threshold: 21.00 MB
CDS: on
MetaspaceReclaimPolicy: balanced
 - commit_granule_bytes: 65536.
 - commit_granule_words: 8192.
 - virtual_space_node_default_size: 8388608.
 - enlarge_chunks_in_place: 1.
 - new_chunks_are_fully_committed: 0.
 - uncommit_free_chunks: 1.
 - use_allocation_guard: 0.


Internal statistics:

num_allocs_failed_limit: 0.
num_arena_births: 320.
num_arena_deaths: 0.
num_vsnodes_births: 2.
num_vsnodes_deaths: 0.
num_space_committed: 270.
num_space_uncommitted: 0.
num_chunks_returned_to_freelist: 0.
num_chunks_taken_from_freelist: 887.
num_chunk_merges: 0.
num_chunk_splits: 641.
num_chunks_enlarged: 506.
num_inconsistent_stats: 0.

CodeHeap 'non-profiled nmethods': size=120000Kb used=1709Kb max_used=1709Kb free=118290Kb
 bounds [0x000002a20f970000, 0x000002a20fbe0000, 0x000002a216ea0000]
CodeHeap 'profiled nmethods': size=120000Kb used=7962Kb max_used=7962Kb free=112037Kb
 bounds [0x000002a207ea0000, 0x000002a208670000, 0x000002a20f3d0000]
CodeHeap 'non-nmethods': size=5760Kb used=1543Kb max_used=1637Kb free=4216Kb
 bounds [0x000002a20f3d0000, 0x000002a20f640000, 0x000002a20f970000]
 total_blobs=4739 nmethods=3910 adapters=738
 compilation: enabled
              stopped_count=0, restarted_count=0
 full_count=0

Compilation events (20 events):
Event: 44.321 Thread 0x000002a21e248c50 nmethod 3901 0x000002a20fb18a90 code [0x000002a20fb18d20, 0x000002a20fb19d08]
Event: 44.509 Thread 0x000002a21e248c50 3902       4       com.sun.javafx.event.CompositeEventDispatcher::dispatchCapturingEvent (35 bytes)
Event: 44.510 Thread 0x000002a21e248c50 nmethod 3902 0x000002a20fb1a890 code [0x000002a20fb1aa20, 0x000002a20fb1ab38]
Event: 45.243 Thread 0x000002a21e251710 3903       3       javafx.scene.text.Text::fontSmoothingTypeProperty (27 bytes)
Event: 45.244 Thread 0x000002a21e251710 nmethod 3903 0x000002a208664a90 code [0x000002a208664c60, 0x000002a208665028]
Event: 45.244 Thread 0x000002a21e251710 3904       3       javafx.scene.layout.GridPane::getNumberOfRows (9 bytes)
Event: 45.244 Thread 0x000002a21e251710 nmethod 3904 0x000002a208665190 code [0x000002a208665340, 0x000002a208665488]
Event: 45.245 Thread 0x000002a21e251710 3905       3       javafx.scene.layout.Region::layoutInArea (28 bytes)
Event: 45.245 Thread 0x000002a21e251710 nmethod 3905 0x000002a208665510 code [0x000002a2086656c0, 0x000002a208665848]
Event: 45.246 Thread 0x000002a21e248c50 3906       4       java.util.ArrayList$Itr::hasNext (20 bytes)
Event: 45.246 Thread 0x000002a21e248c50 nmethod 3906 0x000002a20fb1ac90 code [0x000002a20fb1ae20, 0x000002a20fb1aeb8]
Event: 45.326 Thread 0x000002a21e251710 3908       3       javafx.scene.Node::requestCssStateTransition (40 bytes)
Event: 45.326 Thread 0x000002a21e251710 nmethod 3908 0x000002a208665910 code [0x000002a208665b00, 0x000002a208666118]
Event: 45.326 Thread 0x000002a21e251710 3907       1       java.util.stream.ReferencePipeline$StatelessOp::opIsStateful (2 bytes)
Event: 45.326 Thread 0x000002a21e251710 nmethod 3907 0x000002a20fb1af90 code [0x000002a20fb1b120, 0x000002a20fb1b1f8]
Event: 45.329 Thread 0x000002a21e251710 3909       3       javafx.scene.Node::focusedPropertyImpl (24 bytes)
Event: 45.329 Thread 0x000002a21e251710 nmethod 3909 0x000002a208666290 code [0x000002a208666460, 0x000002a2086668b8]
Event: 45.340 Thread 0x000002a21e248c50 3910       4       com.sun.javafx.css.PseudoClassState::getIndex (86 bytes)
Event: 45.340 Thread 0x000002a21e248c50 nmethod 3910 0x000002a20fb1b290 code [0x000002a20fb1b420, 0x000002a20fb1b4b8]
Event: 45.354 Thread 0x000002a21e248c50 3911   !   4       java.lang.invoke.MemberName::getMethodType (211 bytes)

GC Heap History (4 events):
Event: 0.742 GC heap before
{Heap before GC invocations=0 (full 0):
 garbage-first heap   total 131072K, used 22528K [0x0000000081200000, 0x0000000100000000)
  region size 1024K, 23 young (23552K), 0 survivors (0K)
 Metaspace       used 5704K, committed 5952K, reserved 1114112K
  class space    used 670K, committed 832K, reserved 1048576K
}
Event: 0.746 GC heap after
{Heap after GC invocations=1 (full 0):
 garbage-first heap   total 131072K, used 2726K [0x0000000081200000, 0x0000000100000000)
  region size 1024K, 3 young (3072K), 3 survivors (3072K)
 Metaspace       used 5704K, committed 5952K, reserved 1114112K
  class space    used 670K, committed 832K, reserved 1048576K
}
Event: 5.699 GC heap before
{Heap before GC invocations=1 (full 0):
 garbage-first heap   total 131072K, used 51878K [0x0000000081200000, 0x0000000100000000)
  region size 1024K, 37 young (37888K), 3 survivors (3072K)
 Metaspace       used 14528K, committed 14784K, reserved 1114112K
  class space    used 2115K, committed 2240K, reserved 1048576K
}
Event: 5.707 GC heap after
{Heap after GC invocations=2 (full 0):
 garbage-first heap   total 131072K, used 21489K [0x0000000081200000, 0x0000000100000000)
  region size 1024K, 5 young (5120K), 5 survivors (5120K)
 Metaspace       used 14528K, committed 14784K, reserved 1114112K
  class space    used 2115K, committed 2240K, reserved 1048576K
}

Dll operation events (20 events):
Event: 0.427 Loaded shared library C:\Users\Gabriel\.openjfx\cache\13\api-ms-win-crt-filesystem-l1-1-0.dll
Event: 0.429 Loaded shared library C:\Users\Gabriel\.openjfx\cache\13\api-ms-win-crt-heap-l1-1-0.dll
Event: 0.432 Loaded shared library C:\Users\Gabriel\.openjfx\cache\13\api-ms-win-crt-locale-l1-1-0.dll
Event: 0.435 Loaded shared library C:\Users\Gabriel\.openjfx\cache\13\api-ms-win-crt-math-l1-1-0.dll
Event: 0.438 Loaded shared library C:\Users\Gabriel\.openjfx\cache\13\api-ms-win-crt-multibyte-l1-1-0.dll
Event: 0.442 Loaded shared library C:\Users\Gabriel\.openjfx\cache\13\api-ms-win-crt-private-l1-1-0.dll
Event: 0.445 Loaded shared library C:\Users\Gabriel\.openjfx\cache\13\api-ms-win-crt-process-l1-1-0.dll
Event: 0.448 Loaded shared library C:\Users\Gabriel\.openjfx\cache\13\api-ms-win-crt-runtime-l1-1-0.dll
Event: 0.451 Loaded shared library C:\Users\Gabriel\.openjfx\cache\13\api-ms-win-crt-stdio-l1-1-0.dll
Event: 0.454 Loaded shared library C:\Users\Gabriel\.openjfx\cache\13\api-ms-win-crt-string-l1-1-0.dll
Event: 0.456 Loaded shared library C:\Users\Gabriel\.openjfx\cache\13\api-ms-win-crt-time-l1-1-0.dll
Event: 0.460 Loaded shared library C:\Users\Gabriel\.openjfx\cache\13\api-ms-win-crt-utility-l1-1-0.dll
Event: 0.477 Loaded shared library C:\Users\Gabriel\.openjfx\cache\13\ucrtbase.dll
Event: 0.481 Loaded shared library C:\Users\Gabriel\.openjfx\cache\13\vcruntime140.dll
Event: 0.491 Loaded shared library C:\Users\Gabriel\.openjfx\cache\13\msvcp140.dll
Event: 0.498 Loaded shared library C:\Users\Gabriel\.openjfx\cache\13\concrt140.dll
Event: 0.533 Loaded shared library C:\Users\Gabriel\.openjfx\cache\13\prism_d3d.dll
Event: 0.578 Loaded shared library C:\Users\Gabriel\.openjfx\cache\13\glass.dll
Event: 0.781 Loaded shared library C:\Users\Gabriel\.openjfx\cache\13\javafx_font.dll
Event: 1.135 Loaded shared library C:\Program Files\Java\jdk-19\bin\jimage.dll

Deoptimization events (20 events):
Event: 37.547 Thread 0x000002a222a99c50 Uncommon trap: trap_request=0xffffff45 fr.pc=0x000002a20fab8534 relative=0x0000000000000094
Event: 37.547 Thread 0x000002a222a99c50 Uncommon trap: reason=unstable_if action=reinterpret pc=0x000002a20fab8534 method=java.lang.Math.round(F)I @ 36 c2
Event: 37.547 Thread 0x000002a222a99c50 DEOPT PACKING pc=0x000002a20fab8534 sp=0x000000e4c51fc180
Event: 37.547 Thread 0x000002a222a99c50 DEOPT UNPACKING pc=0x000002a20f436da3 sp=0x000000e4c51fc0f8 mode 2
Event: 42.746 Thread 0x000002a222f4d3d0 Uncommon trap: trap_request=0xffffffbe fr.pc=0x000002a20fb07d9c relative=0x0000000000006a5c
Event: 42.746 Thread 0x000002a222f4d3d0 Uncommon trap: reason=profile_predicate action=maybe_recompile pc=0x000002a20fb07d9c method=javafx.scene.CssStyleHelper.transitionToState(Ljavafx/scene/Node;)V @ 285 c2
Event: 42.746 Thread 0x000002a222f4d3d0 DEOPT PACKING pc=0x000002a20fb07d9c sp=0x000000e4c53faba0
Event: 42.746 Thread 0x000002a222f4d3d0 DEOPT UNPACKING pc=0x000002a20f436da3 sp=0x000000e4c53fab28 mode 2
Event: 42.874 Thread 0x000002a222f4d3d0 Uncommon trap: trap_request=0xffffffbe fr.pc=0x000002a20fb07d9c relative=0x0000000000006a5c
Event: 42.874 Thread 0x000002a222f4d3d0 Uncommon trap: reason=profile_predicate action=maybe_recompile pc=0x000002a20fb07d9c method=javafx.scene.CssStyleHelper.transitionToState(Ljavafx/scene/Node;)V @ 285 c2
Event: 42.874 Thread 0x000002a222f4d3d0 DEOPT PACKING pc=0x000002a20fb07d9c sp=0x000000e4c53faba0
Event: 42.874 Thread 0x000002a222f4d3d0 DEOPT UNPACKING pc=0x000002a20f436da3 sp=0x000000e4c53fab28 mode 2
Event: 43.050 Thread 0x000002a222f4d3d0 Uncommon trap: trap_request=0xffffffbe fr.pc=0x000002a20fb07d9c relative=0x0000000000006a5c
Event: 43.050 Thread 0x000002a222f4d3d0 Uncommon trap: reason=profile_predicate action=maybe_recompile pc=0x000002a20fb07d9c method=javafx.scene.CssStyleHelper.transitionToState(Ljavafx/scene/Node;)V @ 285 c2
Event: 43.050 Thread 0x000002a222f4d3d0 DEOPT PACKING pc=0x000002a20fb07d9c sp=0x000000e4c53faba0
Event: 43.050 Thread 0x000002a222f4d3d0 DEOPT UNPACKING pc=0x000002a20f436da3 sp=0x000000e4c53fab28 mode 2
Event: 43.242 Thread 0x000002a222f4d3d0 Uncommon trap: trap_request=0xffffffbe fr.pc=0x000002a20fb07d9c relative=0x0000000000006a5c
Event: 43.242 Thread 0x000002a222f4d3d0 Uncommon trap: reason=profile_predicate action=maybe_recompile pc=0x000002a20fb07d9c method=javafx.scene.CssStyleHelper.transitionToState(Ljavafx/scene/Node;)V @ 285 c2
Event: 43.242 Thread 0x000002a222f4d3d0 DEOPT PACKING pc=0x000002a20fb07d9c sp=0x000000e4c53faba0
Event: 43.242 Thread 0x000002a222f4d3d0 DEOPT UNPACKING pc=0x000002a20f436da3 sp=0x000000e4c53fab28 mode 2

Classes loaded (20 events):
Event: 3.353 Loading class jdk/internal/foreign/MemorySessionImpl
Event: 3.354 Loading class java/lang/foreign/MemorySession
Event: 3.354 Loading class java/lang/foreign/SegmentAllocator
Event: 3.354 Loading class java/lang/foreign/SegmentAllocator done
Event: 3.354 Loading class java/lang/foreign/MemorySession done
Event: 3.354 Loading class jdk/internal/foreign/MemorySessionImpl done
Event: 3.354 Loading class sun/text/CompactByteArray
Event: 3.354 Loading class sun/text/CompactByteArray done
Event: 3.354 Loading class sun/text/SupplementaryCharacterData
Event: 3.355 Loading class sun/text/SupplementaryCharacterData done
Event: 3.355 Loading class java/text/BreakIterator$BreakIteratorCache
Event: 3.355 Loading class java/text/BreakIterator$BreakIteratorCache done
Event: 5.737 Loading class java/util/BitSet$1BitSetSpliterator
Event: 5.738 Loading class java/util/BitSet$1BitSetSpliterator done
Event: 5.738 Loading class java/util/stream/IntPipeline$1
Event: 5.739 Loading class java/util/stream/IntPipeline$1 done
Event: 5.739 Loading class java/util/stream/IntPipeline$1$1
Event: 5.739 Loading class java/util/stream/IntPipeline$1$1 done
Event: 45.356 Loading class java/util/LinkedList$ListItr
Event: 45.356 Loading class java/util/LinkedList$ListItr done

Classes unloaded (0 events):
No events

Classes redefined (0 events):
No events

Internal exceptions (20 events):
Event: 1.463 Thread 0x000002a222f4d3d0 Exception <a 'java/lang/NoSuchMethodError'{0x0000000087ed26f0}: 'int java.lang.invoke.DirectMethodHandle$Holder.invokeSpecial(java.lang.Object, java.lang.Object, java.lang.Object, int)'> (0x0000000087ed26f0) 
thrown [s\open\src\hotspot\share\interpreter\linkResolver.cpp, line 774]
Event: 1.465 Thread 0x000002a222f4d3d0 Exception <a 'java/lang/NoSuchMethodError'{0x0000000087ee4b18}: 'java.lang.Object java.lang.invoke.DirectMethodHandle$Holder.invokeStatic(java.lang.Object, java.lang.Object, java.lang.Object, java.lang.Object, int)'> (0x0000000087ee4b18) 
thrown [s\open\src\hotspot\share\interpreter\linkResolver.cpp, line 774]
Event: 1.466 Thread 0x000002a222f4d3d0 Exception <a 'java/lang/NoSuchMethodError'{0x0000000087eed548}: 'int java.lang.invoke.DirectMethodHandle$Holder.invokeSpecial(java.lang.Object, java.lang.Object, java.lang.Object)'> (0x0000000087eed548) 
thrown [s\open\src\hotspot\share\interpreter\linkResolver.cpp, line 774]
Event: 1.495 Thread 0x000002a222f4d3d0 Exception <a 'java/lang/NoSuchMethodError'{0x0000000087d9fa08}: 'java.lang.Object java.lang.invoke.DirectMethodHandle$Holder.newInvokeSpecial(java.lang.Object, java.lang.Object, int)'> (0x0000000087d9fa08) 
thrown [s\open\src\hotspot\share\interpreter\linkResolver.cpp, line 774]
Event: 1.587 Thread 0x000002a222f4d3d0 Exception <a 'java/lang/ClassNotFoundException'{0x0000000087bf8670}: com/sun/javafx/scene/control/skin/resources/controls> (0x0000000087bf8670) 
thrown [s\open\src\hotspot\share\prims\jni.cpp, line 536]
Event: 1.590 Thread 0x000002a222f4d3d0 Exception <a 'java/lang/ClassNotFoundException'{0x0000000087708490}: com/sun/javafx/scene/control/skin/resources/controls_pt> (0x0000000087708490) 
thrown [s\open\src\hotspot\share\prims\jni.cpp, line 536]
Event: 1.590 Thread 0x000002a222f4d3d0 Exception <a 'java/lang/ClassNotFoundException'{0x0000000087709438}: com/sun/javafx/scene/control/skin/resources/controls_pt_BR> (0x0000000087709438) 
thrown [s\open\src\hotspot\share\prims\jni.cpp, line 536]
Event: 1.643 Thread 0x000002a222f4d3d0 Exception <a 'java/lang/NoSuchMethodError'{0x0000000087688588}: 'void java.lang.invoke.DirectMethodHandle$Holder.invokeSpecial(java.lang.Object, java.lang.Object, java.lang.Object, java.lang.Object, java.lang.Object, java.lang.Object)'> (0x0000000087688588) 
thrown [s\open\src\hotspot\share\interpreter\linkResolver.cpp, line 774]
Event: 1.758 Thread 0x000002a222a99c50 Exception <a 'java/lang/NoSuchMethodError'{0x000000008738b178}: 'int java.lang.invoke.DirectMethodHandle$Holder.invokeStaticInit(java.lang.Object, java.lang.Object)'> (0x000000008738b178) 
thrown [s\open\src\hotspot\share\interpreter\linkResolver.cpp, line 774]
Event: 1.789 Thread 0x000002a222a99c50 Exception <a 'java/lang/NoSuchMethodError'{0x000000008724e5f8}: 'java.lang.Object java.lang.invoke.Invokers$Holder.invokeExact_MT(java.lang.Object, java.lang.Object, java.lang.Object, java.lang.Object, java.lang.Object)'> (0x000000008724e5f8) 
thrown [s\open\src\hotspot\share\interpreter\linkResolver.cpp, line 774]
Event: 3.195 Thread 0x000002a222f4d3d0 Exception <a 'java/lang/NoSuchMethodError'{0x0000000086f5dc68}: 'long java.lang.invoke.DirectMethodHandle$Holder.invokeStatic(java.lang.Object, java.lang.Object, java.lang.Object)'> (0x0000000086f5dc68) 
thrown [s\open\src\hotspot\share\interpreter\linkResolver.cpp, line 774]
Event: 3.195 Thread 0x000002a222f4d3d0 Exception <a 'java/lang/NoSuchMethodError'{0x0000000086f61590}: 'long java.lang.invoke.DirectMethodHandle$Holder.invokeStaticInit(java.lang.Object, java.lang.Object, java.lang.Object)'> (0x0000000086f61590) 
thrown [s\open\src\hotspot\share\interpreter\linkResolver.cpp, line 774]
Event: 3.197 Thread 0x000002a222f4d3d0 Exception <a 'java/lang/NoSuchMethodError'{0x0000000086f79f30}: 'java.lang.Object java.lang.invoke.DirectMethodHandle$Holder.newInvokeSpecial(java.lang.Object, java.lang.Object, long)'> (0x0000000086f79f30) 
thrown [s\open\src\hotspot\share\interpreter\linkResolver.cpp, line 774]
Event: 3.198 Thread 0x000002a222f4d3d0 Exception <a 'java/lang/NoSuchMethodError'{0x0000000086f7dab8}: 'java.lang.Object java.lang.invoke.Invokers$Holder.linkToTargetMethod(java.lang.Object, long, java.lang.Object)'> (0x0000000086f7dab8) 
thrown [s\open\src\hotspot\share\interpreter\linkResolver.cpp, line 774]
Event: 5.751 Thread 0x000002a222f4d3d0 Exception <a 'java/lang/NoSuchMethodError'{0x00000000890c4510}: 'void java.lang.invoke.DirectMethodHandle$Holder.invokeSpecialIFC(java.lang.Object, java.lang.Object, java.lang.Object, java.lang.Object)'> (0x00000000890c4510) 
thrown [s\open\src\hotspot\share\interpreter\linkResolver.cpp, line 774]
Event: 16.635 Thread 0x000002a222f4d3d0 Implicit null exception at 0x000002a20fa9a9e4 to 0x000002a20fa9c050
Event: 16.925 Thread 0x000002a222a99c50 Exception <a 'java/lang/NoSuchMethodError'{0x0000000088ba6fd8}: 'java.lang.Object java.lang.invoke.DirectMethodHandle$Holder.invokeStaticInit(java.lang.Object, int)'> (0x0000000088ba6fd8) 
thrown [s\open\src\hotspot\share\interpreter\linkResolver.cpp, line 774]
Event: 17.275 Thread 0x000002a222f4d3d0 Implicit null exception at 0x000002a20fab31a4 to 0x000002a20fab43b4
Event: 21.062 Thread 0x000002a222f4d3d0 Implicit null exception at 0x000002a20faba7c2 to 0x000002a20fabaf2c
Event: 34.568 Thread 0x000002a222f4d3d0 Implicit null exception at 0x000002a20fa8d604 to 0x000002a20fa912cc

VM Operations (20 events):
Event: 21.743 Executing VM operation: Cleanup done
Event: 23.744 Executing VM operation: Cleanup
Event: 23.744 Executing VM operation: Cleanup done
Event: 34.747 Executing VM operation: Cleanup
Event: 34.747 Executing VM operation: Cleanup done
Event: 35.748 Executing VM operation: Cleanup
Event: 35.748 Executing VM operation: Cleanup done
Event: 36.748 Executing VM operation: Cleanup
Event: 36.748 Executing VM operation: Cleanup done
Event: 37.748 Executing VM operation: Cleanup
Event: 37.748 Executing VM operation: Cleanup done
Event: 38.749 Executing VM operation: Cleanup
Event: 38.749 Executing VM operation: Cleanup done
Event: 42.750 Executing VM operation: Cleanup
Event: 42.750 Executing VM operation: Cleanup done
Event: 43.750 Executing VM operation: Cleanup
Event: 43.750 Executing VM operation: Cleanup done
Event: 44.751 Executing VM operation: Cleanup
Event: 44.751 Executing VM operation: Cleanup done
Event: 45.357 Executing VM operation: Exit

Events (20 events):
Event: 16.881 Thread 0x000002a2233d6f70 Thread added: 0x000002a2233d6f70
Event: 16.916 Thread 0x000002a2237b37c0 Thread added: 0x000002a2237b37c0
Event: 17.178 Thread 0x000002a2237b37c0 Thread exited: 0x000002a2237b37c0
Event: 17.178 Thread 0x000002a2233d6f70 Thread exited: 0x000002a2233d6f70
Event: 21.078 Thread 0x000002a223281b90 Thread added: 0x000002a223281b90
Event: 21.194 Thread 0x000002a223281b90 Thread exited: 0x000002a223281b90
Event: 34.624 Thread 0x000002a222606190 Thread added: 0x000002a222606190
Event: 34.829 Thread 0x000002a222606190 Thread exited: 0x000002a222606190
Event: 36.801 Thread 0x000002a22374c2f0 Thread added: 0x000002a22374c2f0
Event: 36.941 Thread 0x000002a22374c2f0 Thread exited: 0x000002a22374c2f0
Event: 37.378 Thread 0x000002a22374c2f0 Thread added: 0x000002a22374c2f0
Event: 37.468 Thread 0x000002a2233d4b30 Thread added: 0x000002a2233d4b30
Event: 37.701 Thread 0x000002a2233d4b30 Thread exited: 0x000002a2233d4b30
Event: 37.701 Thread 0x000002a22374c2f0 Thread exited: 0x000002a22374c2f0
Event: 38.107 Thread 0x000002a22374c2f0 Thread added: 0x000002a22374c2f0
Event: 38.362 Thread 0x000002a22374c2f0 Thread exited: 0x000002a22374c2f0
Event: 45.352 Thread 0x000002a2226b7340 Thread added: 0x000002a2226b7340
Event: 45.352 Thread 0x000002a2226b8dd0 Thread added: 0x000002a2226b8dd0
Event: 45.353 Thread 0x000002a2226b7340 Thread exited: 0x000002a2226b7340
Event: 45.356 Thread 0x000002a2226b8dd0 Thread exited: 0x000002a2226b8dd0


Dynamic libraries:
0x00007ff6bc370000 - 0x00007ff6bc380000 	C:\Program Files\Java\jdk-19\bin\java.exe
0x00007ffbe8630000 - 0x00007ffbe8828000 	C:\Windows\SYSTEM32\ntdll.dll
0x00007ffbe69e0000 - 0x00007ffbe6a9f000 	C:\Windows\System32\KERNEL32.DLL
0x00007ffbe6170000 - 0x00007ffbe6442000 	C:\Windows\System32\KERNELBASE.dll
0x00007ffbe6530000 - 0x00007ffbe6630000 	C:\Windows\System32\ucrtbase.dll
0x00007ffbd2150000 - 0x00007ffbd2168000 	C:\Program Files\Java\jdk-19\bin\jli.dll
0x00007ffbd2200000 - 0x00007ffbd221b000 	C:\Program Files\Java\jdk-19\bin\VCRUNTIME140.dll
0x00007ffbe6bd0000 - 0x00007ffbe6c7e000 	C:\Windows\System32\ADVAPI32.dll
0x00007ffbe8420000 - 0x00007ffbe84be000 	C:\Windows\System32\msvcrt.dll
0x00007ffbe6fb0000 - 0x00007ffbe704c000 	C:\Windows\System32\sechost.dll
0x00007ffbe84c0000 - 0x00007ffbe85e5000 	C:\Windows\System32\RPCRT4.dll
0x00007ffbe8200000 - 0x00007ffbe839d000 	C:\Windows\System32\USER32.dll
0x00007ffbd70e0000 - 0x00007ffbd737a000 	C:\Windows\WinSxS\amd64_microsoft.windows.common-controls_6595b64144ccf1df_6.0.19041.1110_none_60b5254171f9507e\COMCTL32.dll
0x00007ffbe6450000 - 0x00007ffbe6472000 	C:\Windows\System32\win32u.dll
0x00007ffbe81d0000 - 0x00007ffbe81fb000 	C:\Windows\System32\GDI32.dll
0x00007ffbe5f20000 - 0x00007ffbe602f000 	C:\Windows\System32\gdi32full.dll
0x00007ffbe6060000 - 0x00007ffbe60fd000 	C:\Windows\System32\msvcp_win.dll
0x00007ffbdde50000 - 0x00007ffbdde5a000 	C:\Windows\SYSTEM32\VERSION.dll
0x00007ffbe6dc0000 - 0x00007ffbe6df2000 	C:\Windows\System32\IMM32.DLL
0x00007ffbdfd00000 - 0x00007ffbdfd0c000 	C:\Program Files\Java\jdk-19\bin\vcruntime140_1.dll
0x00007ffbc6420000 - 0x00007ffbc64ae000 	C:\Program Files\Java\jdk-19\bin\msvcp140.dll
0x00007ffb75500000 - 0x00007ffb761c0000 	C:\Program Files\Java\jdk-19\bin\server\jvm.dll
0x00007ffbd8810000 - 0x00007ffbd8837000 	C:\Windows\SYSTEM32\WINMM.dll
0x00007ffbe0400000 - 0x00007ffbe0409000 	C:\Windows\SYSTEM32\WSOCK32.dll
0x00007ffbe83a0000 - 0x00007ffbe840b000 	C:\Windows\System32\WS2_32.dll
0x00007ffbe4570000 - 0x00007ffbe4582000 	C:\Windows\SYSTEM32\kernel.appcore.dll
0x00007ffbdfca0000 - 0x00007ffbdfcaa000 	C:\Program Files\Java\jdk-19\bin\jimage.dll
0x00007ffbd2850000 - 0x00007ffbd2a34000 	C:\Windows\SYSTEM32\DBGHELP.DLL
0x00007ffbd23f0000 - 0x00007ffbd241c000 	C:\Windows\SYSTEM32\dbgcore.DLL
0x00007ffbe5d30000 - 0x00007ffbe5db2000 	C:\Windows\System32\bcryptPrimitives.dll
0x00007ffbcbd70000 - 0x00007ffbcbd96000 	C:\Program Files\Java\jdk-19\bin\java.dll
0x00007ffbc3690000 - 0x00007ffbc3767000 	C:\Program Files\Java\jdk-19\bin\jsvml.dll
0x00007ffbe7810000 - 0x00007ffbe7f53000 	C:\Windows\System32\SHELL32.dll
0x00007ffbe3dd0000 - 0x00007ffbe4562000 	C:\Windows\SYSTEM32\windows.storage.dll
0x00007ffbe6680000 - 0x00007ffbe69d4000 	C:\Windows\System32\combase.dll
0x00007ffbe5790000 - 0x00007ffbe57c0000 	C:\Windows\SYSTEM32\Wldp.dll
0x00007ffbe6d10000 - 0x00007ffbe6dbd000 	C:\Windows\System32\SHCORE.dll
0x00007ffbe8090000 - 0x00007ffbe80e5000 	C:\Windows\System32\shlwapi.dll
0x00007ffbe5c70000 - 0x00007ffbe5c8f000 	C:\Windows\SYSTEM32\profapi.dll
0x00007ffbd2130000 - 0x00007ffbd2143000 	C:\Program Files\Java\jdk-19\bin\net.dll
0x00007ffbd9bd0000 - 0x00007ffbd9cdc000 	C:\Windows\SYSTEM32\WINHTTP.dll
0x00007ffbe54f0000 - 0x00007ffbe555a000 	C:\Windows\system32\mswsock.dll
0x00007ffbc8700000 - 0x00007ffbc8716000 	C:\Program Files\Java\jdk-19\bin\nio.dll
0x00007ffbc6400000 - 0x00007ffbc6418000 	C:\Program Files\Java\jdk-19\bin\zip.dll
0x000002a21e3d0000 - 0x000002a21e3d3000 	C:\Users\Gabriel\.openjfx\cache\13\api-ms-win-core-console-l1-1-0.dll
0x000002a21e3e0000 - 0x000002a21e3e3000 	C:\Users\Gabriel\.openjfx\cache\13\api-ms-win-core-datetime-l1-1-0.dll
0x000002a21e3f0000 - 0x000002a21e3f3000 	C:\Users\Gabriel\.openjfx\cache\13\api-ms-win-core-debug-l1-1-0.dll
0x000002a223fd0000 - 0x000002a223fd3000 	C:\Users\Gabriel\.openjfx\cache\13\api-ms-win-core-errorhandling-l1-1-0.dll
0x000002a223fe0000 - 0x000002a223fe4000 	C:\Users\Gabriel\.openjfx\cache\13\api-ms-win-core-file-l1-1-0.dll
0x000002a223ff0000 - 0x000002a223ff3000 	C:\Users\Gabriel\.openjfx\cache\13\api-ms-win-core-file-l1-2-0.dll
0x000002a224000000 - 0x000002a224003000 	C:\Users\Gabriel\.openjfx\cache\13\api-ms-win-core-file-l2-1-0.dll
0x000002a224010000 - 0x000002a224013000 	C:\Users\Gabriel\.openjfx\cache\13\api-ms-win-core-handle-l1-1-0.dll
0x000002a224020000 - 0x000002a224023000 	C:\Users\Gabriel\.openjfx\cache\13\api-ms-win-core-heap-l1-1-0.dll
0x000002a224030000 - 0x000002a224033000 	C:\Users\Gabriel\.openjfx\cache\13\api-ms-win-core-interlocked-l1-1-0.dll
0x000002a224040000 - 0x000002a224043000 	C:\Users\Gabriel\.openjfx\cache\13\api-ms-win-core-libraryloader-l1-1-0.dll
0x000002a224050000 - 0x000002a224053000 	C:\Users\Gabriel\.openjfx\cache\13\api-ms-win-core-localization-l1-2-0.dll
0x000002a224060000 - 0x000002a224063000 	C:\Users\Gabriel\.openjfx\cache\13\api-ms-win-core-memory-l1-1-0.dll
0x000002a224070000 - 0x000002a224073000 	C:\Users\Gabriel\.openjfx\cache\13\api-ms-win-core-namedpipe-l1-1-0.dll
0x000002a224080000 - 0x000002a224083000 	C:\Users\Gabriel\.openjfx\cache\13\api-ms-win-core-processenvironment-l1-1-0.dll
0x000002a224090000 - 0x000002a224093000 	C:\Users\Gabriel\.openjfx\cache\13\api-ms-win-core-processthreads-l1-1-0.dll
0x000002a2240a0000 - 0x000002a2240a3000 	C:\Users\Gabriel\.openjfx\cache\13\api-ms-win-core-processthreads-l1-1-1.dll
0x000002a2240b0000 - 0x000002a2240b3000 	C:\Users\Gabriel\.openjfx\cache\13\api-ms-win-core-profile-l1-1-0.dll
0x000002a2240c0000 - 0x000002a2240c3000 	C:\Users\Gabriel\.openjfx\cache\13\api-ms-win-core-rtlsupport-l1-1-0.dll
0x000002a2240d0000 - 0x000002a2240d3000 	C:\Users\Gabriel\.openjfx\cache\13\api-ms-win-core-string-l1-1-0.dll
0x000002a2240e0000 - 0x000002a2240e3000 	C:\Users\Gabriel\.openjfx\cache\13\api-ms-win-core-synch-l1-1-0.dll
0x000002a2240f0000 - 0x000002a2240f3000 	C:\Users\Gabriel\.openjfx\cache\13\api-ms-win-core-synch-l1-2-0.dll
0x000002a224100000 - 0x000002a224103000 	C:\Users\Gabriel\.openjfx\cache\13\api-ms-win-core-sysinfo-l1-1-0.dll
0x000002a224110000 - 0x000002a224113000 	C:\Users\Gabriel\.openjfx\cache\13\api-ms-win-core-timezone-l1-1-0.dll
0x000002a224120000 - 0x000002a224123000 	C:\Users\Gabriel\.openjfx\cache\13\api-ms-win-core-util-l1-1-0.dll
0x000002a224130000 - 0x000002a224133000 	C:\Users\Gabriel\.openjfx\cache\13\api-ms-win-crt-conio-l1-1-0.dll
0x000002a224140000 - 0x000002a224144000 	C:\Users\Gabriel\.openjfx\cache\13\api-ms-win-crt-convert-l1-1-0.dll
0x000002a224150000 - 0x000002a224153000 	C:\Users\Gabriel\.openjfx\cache\13\api-ms-win-crt-environment-l1-1-0.dll
0x000002a224160000 - 0x000002a224163000 	C:\Users\Gabriel\.openjfx\cache\13\api-ms-win-crt-filesystem-l1-1-0.dll
0x000002a224170000 - 0x000002a224173000 	C:\Users\Gabriel\.openjfx\cache\13\api-ms-win-crt-heap-l1-1-0.dll
0x000002a224180000 - 0x000002a224183000 	C:\Users\Gabriel\.openjfx\cache\13\api-ms-win-crt-locale-l1-1-0.dll
0x000002a224190000 - 0x000002a224195000 	C:\Users\Gabriel\.openjfx\cache\13\api-ms-win-crt-math-l1-1-0.dll
0x000002a2241a0000 - 0x000002a2241a5000 	C:\Users\Gabriel\.openjfx\cache\13\api-ms-win-crt-multibyte-l1-1-0.dll
0x000002a2241b0000 - 0x000002a2241c0000 	C:\Users\Gabriel\.openjfx\cache\13\api-ms-win-crt-private-l1-1-0.dll
0x000002a2241c0000 - 0x000002a2241c3000 	C:\Users\Gabriel\.openjfx\cache\13\api-ms-win-crt-process-l1-1-0.dll
0x000002a2241d0000 - 0x000002a2241d4000 	C:\Users\Gabriel\.openjfx\cache\13\api-ms-win-crt-runtime-l1-1-0.dll
0x000002a2241e0000 - 0x000002a2241e4000 	C:\Users\Gabriel\.openjfx\cache\13\api-ms-win-crt-stdio-l1-1-0.dll
0x000002a2241f0000 - 0x000002a2241f4000 	C:\Users\Gabriel\.openjfx\cache\13\api-ms-win-crt-string-l1-1-0.dll
0x000002a224200000 - 0x000002a224203000 	C:\Users\Gabriel\.openjfx\cache\13\api-ms-win-crt-time-l1-1-0.dll
0x000002a224210000 - 0x000002a224213000 	C:\Users\Gabriel\.openjfx\cache\13\api-ms-win-crt-utility-l1-1-0.dll
0x00007ffbba890000 - 0x00007ffbba98c000 	C:\Users\Gabriel\.openjfx\cache\13\ucrtbase.dll
0x00007ffbc3670000 - 0x00007ffbc3685000 	C:\Users\Gabriel\.openjfx\cache\13\vcruntime140.dll
0x00007ffbbf6a0000 - 0x00007ffbbf73b000 	C:\Users\Gabriel\.openjfx\cache\13\msvcp140.dll
0x00007ffbc3610000 - 0x00007ffbc3661000 	C:\Users\Gabriel\.openjfx\cache\13\concrt140.dll
0x00007ffbc2d00000 - 0x00007ffbc2d23000 	C:\Users\Gabriel\.openjfx\cache\13\prism_d3d.dll
0x00007ffbd2220000 - 0x00007ffbd23ef000 	C:\Windows\system32\d3d9.dll
0x00007ffbe3900000 - 0x00007ffbe392f000 	C:\Windows\SYSTEM32\dwmapi.dll
0x00007ffbe3720000 - 0x00007ffbe37be000 	C:\Windows\system32\uxtheme.dll
0x00007ffb65c40000 - 0x00007ffb6b44d000 	C:\Windows\System32\DriverStore\FileRepository\igdlh64.inf_amd64_6d1fd205efa7f979\igdumdim64.dll
0x00007ffbe7f60000 - 0x00007ffbe802d000 	C:\Windows\System32\OLEAUT32.dll
0x00007ffbe7060000 - 0x00007ffbe718a000 	C:\Windows\System32\ole32.dll
0x00007ffbe7280000 - 0x00007ffbe76e8000 	C:\Windows\System32\SETUPAPI.dll
0x00007ffbe6630000 - 0x00007ffbe667e000 	C:\Windows\System32\cfgmgr32.dll
0x00007ffbe6030000 - 0x00007ffbe6057000 	C:\Windows\System32\bcrypt.dll
0x00007ffbc2cb0000 - 0x00007ffbc2cf5000 	C:\Users\Gabriel\.openjfx\cache\13\glass.dll
0x00007ffbe7190000 - 0x00007ffbe726a000 	C:\Windows\System32\COMDLG32.dll
0x00007ffbe76f0000 - 0x00007ffbe7805000 	C:\Windows\System32\MSCTF.dll
0x00007ffbd8840000 - 0x00007ffbd999e000 	C:\Windows\System32\DriverStore\FileRepository\igdlh64.inf_amd64_6d1fd205efa7f979\igc64.dll
0x00007ffbdb820000 - 0x00007ffbdb85b000 	C:\Windows\SYSTEM32\dxcore.dll
0x00007ffbc35f0000 - 0x00007ffbc3604000 	C:\Users\Gabriel\.openjfx\cache\13\javafx_font.dll
0x00007ffbca680000 - 0x00007ffbca8ff000 	C:\Windows\SYSTEM32\dwrite.dll
0x00007ffbe6aa0000 - 0x00007ffbe6b4f000 	C:\Windows\System32\clbcatq.dll
0x00007ffbde9d0000 - 0x00007ffbdeb84000 	C:\Windows\SYSTEM32\WindowsCodecs.dll
0x00007ffbc8420000 - 0x00007ffbc845e000 	C:\Windows\system32\dataexchange.dll
0x00007ffbe1af0000 - 0x00007ffbe1d53000 	C:\Windows\system32\d3d11.dll
0x00007ffbe2780000 - 0x00007ffbe2963000 	C:\Windows\system32\dcomp.dll
0x00007ffbe45f0000 - 0x00007ffbe46e3000 	C:\Windows\system32\dxgi.dll
0x00007ffbdef60000 - 0x00007ffbdf160000 	C:\Windows\system32\twinapi.appcore.dll
0x00007ffbc1930000 - 0x00007ffbc1964000 	C:\Program Files\Common Files\Microsoft Shared\Ink\rtscom.dll
0x00007ffbce590000 - 0x00007ffbce689000 	C:\Windows\SYSTEM32\textinputframework.dll
0x00007ffbe3050000 - 0x00007ffbe3142000 	C:\Windows\System32\CoreMessaging.dll
0x00007ffbe2970000 - 0x00007ffbe2cce000 	C:\Windows\System32\CoreUIComponents.dll
0x00007ffbe4ec0000 - 0x00007ffbe4ef3000 	C:\Windows\SYSTEM32\ntmarta.dll
0x00007ffbe1990000 - 0x00007ffbe1ae4000 	C:\Windows\SYSTEM32\wintypes.dll
0x00007ffbd86f0000 - 0x00007ffbd8756000 	C:\Windows\system32\Oleacc.dll

dbghelp: loaded successfully - version: 4.0.5 - missing functions: none
symbol engine: initialized successfully - sym options: 0x614 - pdb path: .;C:\Program Files\Java\jdk-19\bin;C:\Windows\SYSTEM32;C:\Windows\WinSxS\amd64_microsoft.windows.common-controls_6595b64144ccf1df_6.0.19041.1110_none_60b5254171f9507e;C:\Program Files\Java\jdk-19\bin\server;C:\Users\Gabriel\.openjfx\cache\13;C:\Windows\System32\DriverStore\FileRepository\igdlh64.inf_amd64_6d1fd205efa7f979;C:\Program Files\Common Files\Microsoft Shared\Ink

VM Arguments:
jvm_args: --module-path=C:\Users\Gabriel\Downloads\teste4\Trabalho-Final-POO\batalha-pokemon\target\classes;C:\Users\Gabriel\.m2\repository\org\openjfx\javafx-base\13\javafx-base-13-win.jar;C:\Users\Gabriel\.m2\repository\org\openjfx\javafx-controls\13\javafx-controls-13-win.jar;C:\Users\Gabriel\.m2\repository\org\openjfx\javafx-fxml\13\javafx-fxml-13-win.jar;C:\Users\Gabriel\.m2\repository\org\openjfx\javafx-graphics\13\javafx-graphics-13-win.jar --add-modules=poo -Djdk.module.main=poo 
java_command: poo/poo.App
java_class_path (initial): C:\Users\Gabriel\.m2\repository\org\openjfx\javafx-base\13\javafx-base-13.jar;C:\Users\Gabriel\.m2\repository\org\openjfx\javafx-controls\13\javafx-controls-13.jar;C:\Users\Gabriel\.m2\repository\org\openjfx\javafx-fxml\13\javafx-fxml-13.jar;C:\Users\Gabriel\.m2\repository\org\openjfx\javafx-graphics\13\javafx-graphics-13.jar
Launcher Type: SUN_STANDARD

[Global flags]
     intx CICompilerCount                          = 4                                         {product} {ergonomic}
     uint ConcGCThreads                            = 2                                         {product} {ergonomic}
     uint G1ConcRefinementThreads                  = 8                                         {product} {ergonomic}
   size_t G1HeapRegionSize                         = 1048576                                   {product} {ergonomic}
    uintx GCDrainStackTargetSize                   = 64                                        {product} {ergonomic}
   size_t InitialHeapSize                          = 134217728                                 {product} {ergonomic}
   size_t MarkStackSize                            = 4194304                                   {product} {ergonomic}
   size_t MaxHeapSize                              = 2128609280                                {product} {ergonomic}
   size_t MaxNewSize                               = 1277165568                                {product} {ergonomic}
   size_t MinHeapDeltaBytes                        = 1048576                                   {product} {ergonomic}
   size_t MinHeapSize                              = 8388608                                   {product} {ergonomic}
    uintx NonNMethodCodeHeapSize                   = 5839372                                {pd product} {ergonomic}
    uintx NonProfiledCodeHeapSize                  = 122909434                              {pd product} {ergonomic}
    uintx ProfiledCodeHeapSize                     = 122909434                              {pd product} {ergonomic}
    uintx ReservedCodeCacheSize                    = 251658240                              {pd product} {ergonomic}
     bool SegmentedCodeCache                       = true                                      {product} {ergonomic}
   size_t SoftMaxHeapSize                          = 2128609280                             {manageable} {ergonomic}
     bool UseCompressedClassPointers               = true                           {product lp64_product} {ergonomic}
     bool UseCompressedOops                        = true                           {product lp64_product} {ergonomic}
     bool UseG1GC                                  = true                                      {product} {ergonomic}
     bool UseLargePagesIndividualAllocation        = false                                  {pd product} {ergonomic}

Logging:
Log output configuration:
 #0: stdout all=off uptime,level,tags foldmultilines=false
 #1: stderr all=off uptime,level,tags foldmultilines=false

Environment Variables:
JAVA_HOME=C:\Program Files\Java\jdk-19
PATH=C:\Program Files\Common Files\Oracle\Java\javapath;C:\Program Files\Eclipse Adoptium\jdk-17.0.4.101-hotspot\bin;C:\Program Files (x86)\Common Files\Oracle\Java\javapath;C:\Windows\system32;C:\Windows;C:\Windows\System32\Wbem;C:\Windows\System32\WindowsPowerShell\v1.0\;C:\Windows\System32\OpenSSH\;C:\Program Files\Git\cmd;C:\Users\Gabriel\AppData\Local\Microsoft\WindowsApps;C:\Users\Gabriel\AppData\Local\Programs\Microsoft VS Code\bin;C:\Users\Gabriel\AppData\Local\GitHubDesktop\bin;C:\Program Files (x86)\Maven\apache-maven-3.8.6\bin;C:\Program Files\Java\jdk-19\bin;
USERNAME=Gabriel
LANG=pt_BR.UTF-8
OS=Windows_NT
PROCESSOR_IDENTIFIER=Intel64 Family 6 Model 94 Stepping 3, GenuineIntel
TMP=C:\Users\Gabriel\AppData\Local\Temp
TEMP=C:\Users\Gabriel\AppData\Local\Temp



---------------  S Y S T E M  ---------------

OS:
 Windows 10 , 64 bit Build 19041 (10.0.19041.2251)
OS uptime: 2 days 9:34 hours

CPU: total 8 (initial active 8) (4 cores per cpu, 2 threads per core) family 6 model 94 stepping 3 microcode 0xcc, cx8, cmov, fxsr, ht, mmx, 3dnowpref, sse, sse2, sse3, ssse3, sse4.1, sse4.2, popcnt, lzcnt, tsc, tscinvbit, avx, avx2, aes, erms, clmul, bmi1, bmi2, rtm, adx, fma, vzeroupper, clflush, clflushopt, rdtscp

Memory: 4k page, system-wide physical 8112M (2031M free)
TotalPageFile size 19888M (AvailPageFile size 3431M)
current process WorkingSet (physical memory assigned to process): 201M, peak: 237M
current process commit charge ("private bytes"): 325M, peak: 363M

vm_info: Java HotSpot(TM) 64-Bit Server VM (19.0.1+10-21) for windows-amd64 JRE (19.0.1+10-21), built on 2022-09-14T12:45:06Z by "mach5one" with MS VC++ 17.1 (VS2022)

END.
