#
# A fatal error has been detected by the Java Runtime Environment:
#
#  EXCEPTION_ACCESS_VIOLATION (0xc0000005) at pc=0x00007ffbc02866f0, pid=20144, tid=20172
#
# JRE version: Java(TM) SE Runtime Environment (19.0.1+10) (build 19.0.1+10-21)
# Java VM: Java HotSpot(TM) 64-Bit Server VM (19.0.1+10-21, mixed mode, sharing, tiered, compressed oops, compressed class ptrs, g1 gc, windows-amd64)
# Problematic frame:
# C  [glass.dll+0x266f0]
#
# No core dump will be written. Minidumps are not enabled by default on client versions of Windows
#
# If you would like to submit a bug report, please visit:
#   https://bugreport.java.com/bugreport/crash.jsp
#

---------------  S U M M A R Y ------------

Command Line: --module-path=C:\Users\Gabriel\Downloads\teste4\Trabalho-Final-POO\batalha-pokemon\target\classes;C:\Users\Gabriel\.m2\repository\org\openjfx\javafx-base\13\javafx-base-13-win.jar;C:\Users\Gabriel\.m2\repository\org\openjfx\javafx-controls\13\javafx-controls-13-win.jar;C:\Users\Gabriel\.m2\repository\org\openjfx\javafx-fxml\13\javafx-fxml-13-win.jar;C:\Users\Gabriel\.m2\repository\org\openjfx\javafx-graphics\13\javafx-graphics-13-win.jar --add-modules=poo -Djdk.module.main=poo poo/poo.App

Host: Intel(R) Core(TM) i7-6700HQ CPU @ 2.60GHz, 8 cores, 7G,  Windows 10 , 64 bit Build 19041 (10.0.19041.2251)
Time: Wed Nov 30 02:36:23 2022 Hora oficial do Brasil elapsed time: 112.111318 seconds (0d 0h 1m 52s)

---------------  T H R E A D  ---------------

Current thread (0x0000017ccbb79450):  VMThread "VM Thread" [stack: 0x0000000925200000,0x0000000925300000] [id=20172]

Stack: [0x0000000925200000,0x0000000925300000],  sp=0x00000009252ff460,  free space=1021k
Native frames: (J=compiled Java code, j=interpreted, Vv=VM code, C=native code)
C  [glass.dll+0x266f0]


siginfo: EXCEPTION_ACCESS_VIOLATION (0xc0000005), reading address 0x0000000000000000


Registers:
RAX=0x0000000000000000, RBX=0x0000017ccbb83c08, RCX=0x0000017ccbb79450, RDX=0x00000009252ff460
RSP=0x00000009252ff460, RBP=0x0000017cd0615de8, RSI=0x0000017cd0615dc0, RDI=0x000068ee6824a3e7
R8 =0x0000000000010002, R9 =0x000068ee6824a3e7, R10=0x0000000000008000, R11=0x00000009252ff400
R12=0x00007ffbc0283b84, R13=0x00007ffb761172a0, R14=0x00000009252ff568, R15=0x0000017cd0615dc0
RIP=0x00007ffbc02866f0, EFLAGS=0x0000000000010202


Register to memory mapping:

RIP=0x00007ffbc02866f0 glass.dll
RAX=0x0 is NULL
RBX=0x0000017ccbb83c08 is a global jni handle
RCX=0x0000017ccbb79450 points into unknown readable memory: 0x00007ffb75f245e8 | e8 45 f2 75 fb 7f 00 00
RDX=0x00000009252ff460 points into unknown readable memory: 0x0000000000000000 | 00 00 00 00 00 00 00 00
RSP=0x00000009252ff460 points into unknown readable memory: 0x0000000000000000 | 00 00 00 00 00 00 00 00
RBP=0x0000017cd0615de8 points into unknown readable memory: 0x000068ee6824a3e7 | e7 a3 24 68 ee 68 00 00
RSI=0x0000017cd0615dc0 points into unknown readable memory: 0x141b5eee681b5e07 | 07 5e 1b 68 ee 5e 1b 14
RDI=0x000068ee6824a3e7 is an unknown value
R8 =0x0000000000010002 is an unknown value
R9 =0x000068ee6824a3e7 is an unknown value
R10=0x0000000000008000 is an unknown value
R11=0x00000009252ff400 points into unknown readable memory: 0x0000017cd0615dc0 | c0 5d 61 d0 7c 01 00 00
R12=0x00007ffbc0283b84 glass.dll
R13=0x00007ffb761172a0 jvm.dll
R14=0x00000009252ff568 points into unknown readable memory: 0x00000009252ff550 | 50 f5 2f 25 09 00 00 00
R15=0x0000017cd0615dc0 points into unknown readable memory: 0x141b5eee681b5e07 | 07 5e 1b 68 ee 5e 1b 14


Top of Stack: (sp=0x00000009252ff460)
0x00000009252ff460:   0000000000000000 00007ffbe653f05b
0x00000009252ff470:   0000017cd0615dd0 0000017cd0615dc0
0x00000009252ff480:   fffffffffffffffe 00007ffbc0283b84
0x00000009252ff490:   0000017cd0615dc8 00007ffbe65442d6
0x00000009252ff4a0:   0000017cd0615dd0 0000017c00000000
0x00000009252ff4b0:   0000017cd0615de8 0000017cd0615dc0
0x00000009252ff4c0:   fffffffffffffffe 0000000000000000
0x00000009252ff4d0:   0000000000000001 00007ffbc0260000
0x00000009252ff4e0:   00000009252ff558 00007ffbe65441fb
0x00000009252ff4f0:   0000000000000000 00000009252ff568
0x00000009252ff500:   00000009252ff820 00007ffbe6620e40
0x00000009252ff510:   0000000000000000 00007ffbe65441b4
0x00000009252ff520:   0000000000000000 0000000000000001
0x00000009252ff530:   0000000000000001 00000009252ff558
0x00000009252ff540:   0000000000000006 00007ffbc0283a12
0x00000009252ff550:   00007ffbc029d118 0000000900000002 

Instructions: (pc=0x00007ffbc02866f0)
0x00007ffbc02865f0:   8b 4d 60 e8 98 c9 ff ff 48 8b 55 68 48 8b 8d 08
0x00007ffbc0286600:   01 00 00 e8 49 be ff ff 33 d2 33 c9 e8 49 de ff
0x00007ffbc0286610:   ff 90 cc cc cc cc cc cc cc cc cc cc cc cc cc cc
0x00007ffbc0286620:   48 8d 8a 80 00 00 00 e9 14 e9 fe ff 48 89 54 24
0x00007ffbc0286630:   10 55 48 83 ec 20 48 8b ea 48 8d 05 dd ca ff ff
0x00007ffbc0286640:   48 83 c4 20 5d c3 cc 40 55 48 8b ea 48 8b 01 33
0x00007ffbc0286650:   c9 81 38 05 00 00 c0 0f 94 c1 8b c1 5d c3 cc 40
0x00007ffbc0286660:   55 48 83 ec 20 48 8b ea 8a 4d 40 48 83 c4 20 5d
0x00007ffbc0286670:   e9 df cd ff ff cc 40 55 48 83 ec 20 48 8b ea e8
0x00007ffbc0286680:   fc cb ff ff 8a 4d 38 48 83 c4 20 5d e9 c3 cd ff
0x00007ffbc0286690:   ff cc 40 55 48 83 ec 30 48 8b ea 48 8b 01 8b 10
0x00007ffbc02866a0:   48 89 4c 24 28 89 54 24 20 4c 8d 0d a4 d1 ff ff
0x00007ffbc02866b0:   4c 8b 45 70 8b 55 68 48 8b 4d 60 e8 30 cb ff ff
0x00007ffbc02866c0:   90 48 83 c4 30 5d c3 cc cc cc cc cc cc cc cc cc
0x00007ffbc02866d0:   40 53 48 83 ec 30 48 c7 44 24 20 fe ff ff ff 48
0x00007ffbc02866e0:   8b 1d 2a 64 01 00 48 85 db 74 16 e8 90 85 ff ff
0x00007ffbc02866f0:   4c 8b 00 48 8b d3 48 8b c8 41 ff 90 b0 00 00 00
0x00007ffbc0286700:   90 48 83 c4 30 5b c3 cc cc cc cc cc cc cc cc cc
0x00007ffbc0286710:   40 53 48 83 ec 20 48 8b 1d 9b 65 01 00 48 85 db
0x00007ffbc0286720:   74 57 b8 ff ff ff ff f0 0f c1 43 10 83 f8 01 75
0x00007ffbc0286730:   3d 48 85 db 74 38 48 8b 0b 48 85 c9 74 0d ff 15
0x00007ffbc0286740:   64 0b 00 00 48 c7 03 00 00 00 00 48 8b 4b 08 48
0x00007ffbc0286750:   85 c9 74 0d e8 37 c8 ff ff 48 c7 43 08 00 00 00
0x00007ffbc0286760:   00 ba 18 00 00 00 48 8b cb e8 22 c8 ff ff 48 c7
0x00007ffbc0286770:   05 3f 65 01 00 00 00 00 00 48 83 c4 20 5b c3 cc
0x00007ffbc0286780:   40 53 48 83 ec 20 48 8b 1d 0b 65 01 00 48 85 db
0x00007ffbc0286790:   74 57 b8 ff ff ff ff f0 0f c1 43 10 83 f8 01 75
0x00007ffbc02867a0:   3d 48 85 db 74 38 48 8b 0b 48 85 c9 74 0d ff 15
0x00007ffbc02867b0:   f4 0a 00 00 48 c7 03 00 00 00 00 48 8b 4b 08 48
0x00007ffbc02867c0:   85 c9 74 0d e8 c7 c7 ff ff 48 c7 43 08 00 00 00
0x00007ffbc02867d0:   00 ba 18 00 00 00 48 8b cb e8 b2 c7 ff ff 48 c7
0x00007ffbc02867e0:   05 af 64 01 00 00 00 00 00 48 83 c4 20 5b c3 cc 


Stack slot to memory mapping:
stack at sp + 0 slots: 0x0 is NULL
stack at sp + 1 slots: 0x00007ffbe653f05b ucrtbase.dll
stack at sp + 2 slots: 0x0000017cd0615dd0 points into unknown readable memory: 0x000068ee6824a3e7 | e7 a3 24 68 ee 68 00 00
stack at sp + 3 slots: 0x0000017cd0615dc0 points into unknown readable memory: 0x141b5eee681b5e07 | 07 5e 1b 68 ee 5e 1b 14
stack at sp + 4 slots: 0xfffffffffffffffe is an unknown value
stack at sp + 5 slots: 0x00007ffbc0283b84 glass.dll
stack at sp + 6 slots: 0x0000017cd0615dc8 points into unknown readable memory: 0x000068ee6824a3e7 | e7 a3 24 68 ee 68 00 00
stack at sp + 7 slots: 0x00007ffbe65442d6 ucrtbase.dll

VM_Operation (0x00000009261fc3f0): Exit, mode: safepoint, requested by thread 0x0000017cd0629f90


---------------  P R O C E S S  ---------------

Threads class SMR info:
_java_thread_list=0x0000017cd54d3810, length=18, elements={
0x0000017cab1be7a0, 0x0000017ccbb91cf0, 0x0000017ccbb926f0, 0x0000017ccbb97500,
0x0000017ccbb97b80, 0x0000017ccbba2120, 0x0000017ccbbb3850, 0x0000017ccbba6bc0,
0x0000017ccbba7140, 0x0000017ccbb69040, 0x0000017cd032a7d0, 0x0000017cd040d0f0,
0x0000017cd06295d0, 0x0000017cd0629f90, 0x0000017cd07d8c30, 0x0000017cd067a600,
0x0000017cd530adf0, 0x0000017cd530a350
}

Java Threads: ( => current thread )
  0x0000017cab1be7a0 JavaThread "main" [_thread_blocked, id=9892, stack(0x0000000924c00000,0x0000000924d00000)]
  0x0000017ccbb91cf0 JavaThread "Reference Handler" daemon [_thread_blocked, id=19476, stack(0x0000000925300000,0x0000000925400000)]
  0x0000017ccbb926f0 JavaThread "Finalizer" daemon [_thread_blocked, id=22300, stack(0x0000000925400000,0x0000000925500000)]
  0x0000017ccbb97500 JavaThread "Attach Listener" daemon [_thread_blocked, id=19192, stack(0x0000000925600000,0x0000000925700000)]
  0x0000017ccbb97b80 JavaThread "Service Thread" daemon [_thread_blocked, id=16740, stack(0x0000000925700000,0x0000000925800000)]
  0x0000017ccbba2120 JavaThread "Monitor Deflation Thread" daemon [_thread_blocked, id=22272, stack(0x0000000925800000,0x0000000925900000)]
  0x0000017ccbbb3850 JavaThread "C2 CompilerThread0" daemon [_thread_blocked, id=11924, stack(0x0000000925900000,0x0000000925a00000)]
  0x0000017ccbba6bc0 JavaThread "C1 CompilerThread0" daemon [_thread_blocked, id=4344, stack(0x0000000925a00000,0x0000000925b00000)]
  0x0000017ccbba7140 JavaThread "Sweeper thread" daemon [_thread_blocked, id=12952, stack(0x0000000925b00000,0x0000000925c00000)]
  0x0000017ccbb69040 JavaThread "Common-Cleaner" daemon [_thread_blocked, id=2192, stack(0x0000000925c00000,0x0000000925d00000)]
  0x0000017cd032a7d0 JavaThread "Notification Thread" daemon [_thread_blocked, id=13840, stack(0x0000000925f00000,0x0000000926000000)]
  0x0000017cd040d0f0 JavaThread "QuantumRenderer-0" daemon [_thread_blocked, id=19044, stack(0x0000000925d00000,0x0000000925e00000)]
  0x0000017cd06295d0 JavaThread "InvokeLaterDispatcher" daemon [_thread_blocked, id=19944, stack(0x0000000925e00000,0x0000000925f00000)]
  0x0000017cd0629f90 JavaThread "JavaFX Application Thread" [_thread_blocked, id=19000, stack(0x0000000926100000,0x0000000926200000)]
  0x0000017cd07d8c30 JavaThread "Thread-1" daemon [_thread_in_native, id=17400, stack(0x0000000926500000,0x0000000926600000)]
  0x0000017cd067a600 JavaThread "JavaFX-Launcher" [_thread_blocked, id=22436, stack(0x0000000926600000,0x0000000926700000)]
  0x0000017cd530adf0 JavaThread "Prism Font Disposer" daemon [_thread_blocked, id=16696, stack(0x0000000926c00000,0x0000000926d00000)]
  0x0000017cd530a350 JavaThread "Cleaner-0" daemon [_thread_blocked, id=2456, stack(0x0000000927000000,0x0000000927100000)]

Other Threads:
=>0x0000017ccbb79450 VMThread "VM Thread" [stack: 0x0000000925200000,0x0000000925300000] [id=20172]
  0x0000017cad3bbbf0 WorkerThread "GC Thread#0" [stack: 0x0000000924d00000,0x0000000924e00000] [id=2920]
  0x0000017cd526a2c0 WorkerThread "GC Thread#1" [stack: 0x0000000926700000,0x0000000926800000] [id=4124]
  0x0000017cd52407b0 WorkerThread "GC Thread#2" [stack: 0x0000000926800000,0x0000000926900000] [id=488]
  0x0000017cd525f620 WorkerThread "GC Thread#3" [stack: 0x0000000926900000,0x0000000926a00000] [id=22388]
  0x0000017cd525fe90 WorkerThread "GC Thread#4" [stack: 0x0000000926a00000,0x0000000926b00000] [id=20784]
  0x0000017cd525fbc0 WorkerThread "GC Thread#5" [stack: 0x0000000926b00000,0x0000000926c00000] [id=13584]
  0x0000017cd5260430 WorkerThread "GC Thread#6" [stack: 0x0000000927200000,0x0000000927300000] [id=23072]
  0x0000017cd525f8f0 WorkerThread "GC Thread#7" [stack: 0x0000000927300000,0x0000000927400000] [id=19660]
  0x0000017cad3cd250 ConcurrentGCThread "G1 Main Marker" terminated
  0x0000017cad3cdc80 WorkerThread "G1 Conc#0" [stack: 0x0000000924f00000,0x0000000925000000] [id=23492]
  0x0000017ccba370f0 ConcurrentGCThread "G1 Refine#0" terminated
  0x0000017ccba39760 ConcurrentGCThread "G1 Service" terminated

Threads with active compile tasks:
C2 CompilerThread0  
[error occurred during error reporting (printing all threads), id 0xc0000005, EXCEPTION_ACCESS_VIOLATION (0xc0000005) at pc=0x00007ffb75d10753]

VM state: at safepoint (shutting down)

VM Mutex/Monitor currently owned by a thread:  ([mutex/lock_event])
[0x0000017cab1ba170] Threads_lock - owner thread: 0x0000017ccbb79450
[0x0000017cab1ba290] Heap_lock - owner thread: 0x0000017cd0629f90

Heap address: 0x0000000081200000, size: 2030 MB, Compressed Oops mode: 32-bit

CDS archive(s) mapped at: [0x0000000800000000-0x0000000800c40000-0x0000000800c40000), size 12845056, SharedBaseAddress: 0x0000000800000000, ArchiveRelocationMode: 0.
Compressed class space mapped at: 0x0000000801000000-0x0000000841000000, reserved size: 1073741824
Narrow klass base: 0x0000000800000000, Narrow klass shift: 0, Narrow klass range: 0x100000000

GC Precious Log:
 CardTable entry size: 512
 Card Set container configuration: InlinePtr #cards 5 size 8 Array Of Cards #cards 12 size 40 Howl #buckets 4 coarsen threshold 1843 Howl Bitmap #cards 512 size 80 coarsen threshold 460 Card regions per heap region 1 cards per card region 2048
 CPUs: 8 total, 8 available
 Memory: 8112M
 Large Page Support: Disabled
 NUMA Support: Disabled
 Compressed Oops: Enabled (32-bit)
 Heap Region Size: 1M
 Heap Min Capacity: 8M
 Heap Initial Capacity: 128M
 Heap Max Capacity: 2030M
 Pre-touch: Disabled
 Parallel Workers: 8
 Concurrent Workers: 2
 Concurrent Refinement Workers: 8
 Periodic GC: Disabled

Heap:
 garbage-first heap   total 131072K, used 57952K [0x0000000081200000, 0x0000000100000000)
  region size 1024K, 35 young (35840K), 5 survivors (5120K)
 Metaspace       used 17627K, committed 17920K, reserved 1114112K
  class space    used 2415K, committed 2560K, reserved 1048576K

Heap Regions: E=young(eden), S=young(survivor), O=old, HS=humongous(starts), HC=humongous(continues), CS=collection set, F=free, OA=open archive, CA=closed archive, TAMS=top-at-mark-start (previous, next)
|   0|0x0000000081200000, 0x0000000081300000, 0x0000000081300000|100%|HS|  |TAMS 0x0000000081200000, 0x0000000081200000| Complete 
|   1|0x0000000081300000, 0x0000000081400000, 0x0000000081400000|100%|HC|  |TAMS 0x0000000081300000, 0x0000000081300000| Complete 
|   2|0x0000000081400000, 0x0000000081500000, 0x0000000081500000|100%|HC|  |TAMS 0x0000000081400000, 0x0000000081400000| Complete 
|   3|0x0000000081500000, 0x0000000081600000, 0x0000000081600000|100%|HC|  |TAMS 0x0000000081500000, 0x0000000081500000| Complete 
|   4|0x0000000081600000, 0x0000000081700000, 0x0000000081700000|100%|HC|  |TAMS 0x0000000081600000, 0x0000000081600000| Complete 
|   5|0x0000000081700000, 0x0000000081800000, 0x0000000081800000|100%|HC|  |TAMS 0x0000000081700000, 0x0000000081700000| Complete 
|   6|0x0000000081800000, 0x0000000081900000, 0x0000000081900000|100%|HS|  |TAMS 0x0000000081800000, 0x0000000081800000| Complete 
|   7|0x0000000081900000, 0x0000000081a00000, 0x0000000081a00000|100%|HC|  |TAMS 0x0000000081900000, 0x0000000081900000| Complete 
|   8|0x0000000081a00000, 0x0000000081b00000, 0x0000000081b00000|100%|HC|  |TAMS 0x0000000081a00000, 0x0000000081a00000| Complete 
|   9|0x0000000081b00000, 0x0000000081c00000, 0x0000000081c00000|100%|HS|  |TAMS 0x0000000081b00000, 0x0000000081b00000| Complete 
|  10|0x0000000081c00000, 0x0000000081d00000, 0x0000000081d00000|100%|HC|  |TAMS 0x0000000081c00000, 0x0000000081c00000| Complete 
|  11|0x0000000081d00000, 0x0000000081e00000, 0x0000000081e00000|100%| O|  |TAMS 0x0000000081d00000, 0x0000000081d00000| Untracked 
|  12|0x0000000081e00000, 0x0000000081f00000, 0x0000000081f00000|100%| O|  |TAMS 0x0000000081e00000, 0x0000000081e00000| Untracked 
|  13|0x0000000081f00000, 0x0000000081f8d800, 0x0000000082000000| 55%| O|  |TAMS 0x0000000081f00000, 0x0000000081f00000| Untracked 
|  14|0x0000000082000000, 0x0000000082100000, 0x0000000082100000|100%|HS|  |TAMS 0x0000000082000000, 0x0000000082000000| Complete 
|  15|0x0000000082100000, 0x0000000082200000, 0x0000000082200000|100%|HC|  |TAMS 0x0000000082100000, 0x0000000082100000| Complete 
|  16|0x0000000082200000, 0x0000000082300000, 0x0000000082300000|100%|HC|  |TAMS 0x0000000082200000, 0x0000000082200000| Complete 
|  17|0x0000000082300000, 0x0000000082400000, 0x0000000082400000|100%|HS|  |TAMS 0x0000000082300000, 0x0000000082300000| Complete 
|  18|0x0000000082400000, 0x0000000082500000, 0x0000000082500000|100%|HC|  |TAMS 0x0000000082400000, 0x0000000082400000| Complete 
|  19|0x0000000082500000, 0x0000000082600000, 0x0000000082600000|100%|HC|  |TAMS 0x0000000082500000, 0x0000000082500000| Complete 
|  20|0x0000000082600000, 0x0000000082700000, 0x0000000082700000|100%|HS|  |TAMS 0x0000000082600000, 0x0000000082600000| Complete 
|  21|0x0000000082700000, 0x0000000082800000, 0x0000000082800000|100%|HS|  |TAMS 0x0000000082700000, 0x0000000082700000| Complete 
|  22|0x0000000082800000, 0x0000000082900000, 0x0000000082900000|100%|HC|  |TAMS 0x0000000082800000, 0x0000000082800000| Complete 
|  23|0x0000000082900000, 0x0000000082a00000, 0x0000000082a00000|100%|HC|  |TAMS 0x0000000082900000, 0x0000000082900000| Complete 
|  24|0x0000000082a00000, 0x0000000082a00000, 0x0000000082b00000|  0%| F|  |TAMS 0x0000000082a00000, 0x0000000082a00000| Untracked 
|  25|0x0000000082b00000, 0x0000000082b00000, 0x0000000082c00000|  0%| F|  |TAMS 0x0000000082b00000, 0x0000000082b00000| Untracked 
|  26|0x0000000082c00000, 0x0000000082c00000, 0x0000000082d00000|  0%| F|  |TAMS 0x0000000082c00000, 0x0000000082c00000| Untracked 
|  27|0x0000000082d00000, 0x0000000082d00000, 0x0000000082e00000|  0%| F|  |TAMS 0x0000000082d00000, 0x0000000082d00000| Untracked 
|  28|0x0000000082e00000, 0x0000000082e00000, 0x0000000082f00000|  0%| F|  |TAMS 0x0000000082e00000, 0x0000000082e00000| Untracked 
|  29|0x0000000082f00000, 0x0000000082f00000, 0x0000000083000000|  0%| F|  |TAMS 0x0000000082f00000, 0x0000000082f00000| Untracked 
|  30|0x0000000083000000, 0x0000000083000000, 0x0000000083100000|  0%| F|  |TAMS 0x0000000083000000, 0x0000000083000000| Untracked 
|  31|0x0000000083100000, 0x0000000083100000, 0x0000000083200000|  0%| F|  |TAMS 0x0000000083100000, 0x0000000083100000| Untracked 
|  32|0x0000000083200000, 0x0000000083200000, 0x0000000083300000|  0%| F|  |TAMS 0x0000000083200000, 0x0000000083200000| Untracked 
|  33|0x0000000083300000, 0x0000000083300000, 0x0000000083400000|  0%| F|  |TAMS 0x0000000083300000, 0x0000000083300000| Untracked 
|  34|0x0000000083400000, 0x0000000083400000, 0x0000000083500000|  0%| F|  |TAMS 0x0000000083400000, 0x0000000083400000| Untracked 
|  35|0x0000000083500000, 0x0000000083500000, 0x0000000083600000|  0%| F|  |TAMS 0x0000000083500000, 0x0000000083500000| Untracked 
|  36|0x0000000083600000, 0x0000000083600000, 0x0000000083700000|  0%| F|  |TAMS 0x0000000083600000, 0x0000000083600000| Untracked 
|  37|0x0000000083700000, 0x0000000083700000, 0x0000000083800000|  0%| F|  |TAMS 0x0000000083700000, 0x0000000083700000| Untracked 
|  38|0x0000000083800000, 0x0000000083800000, 0x0000000083900000|  0%| F|  |TAMS 0x0000000083800000, 0x0000000083800000| Untracked 
|  39|0x0000000083900000, 0x0000000083900000, 0x0000000083a00000|  0%| F|  |TAMS 0x0000000083900000, 0x0000000083900000| Untracked 
|  40|0x0000000083a00000, 0x0000000083a00000, 0x0000000083b00000|  0%| F|  |TAMS 0x0000000083a00000, 0x0000000083a00000| Untracked 
|  41|0x0000000083b00000, 0x0000000083b00000, 0x0000000083c00000|  0%| F|  |TAMS 0x0000000083b00000, 0x0000000083b00000| Untracked 
|  42|0x0000000083c00000, 0x0000000083c00000, 0x0000000083d00000|  0%| F|  |TAMS 0x0000000083c00000, 0x0000000083c00000| Untracked 
|  43|0x0000000083d00000, 0x0000000083d00000, 0x0000000083e00000|  0%| F|  |TAMS 0x0000000083d00000, 0x0000000083d00000| Untracked 
|  44|0x0000000083e00000, 0x0000000083e00000, 0x0000000083f00000|  0%| F|  |TAMS 0x0000000083e00000, 0x0000000083e00000| Untracked 
|  45|0x0000000083f00000, 0x0000000083f00000, 0x0000000084000000|  0%| F|  |TAMS 0x0000000083f00000, 0x0000000083f00000| Untracked 
|  46|0x0000000084000000, 0x0000000084000000, 0x0000000084100000|  0%| F|  |TAMS 0x0000000084000000, 0x0000000084000000| Untracked 
|  47|0x0000000084100000, 0x0000000084100000, 0x0000000084200000|  0%| F|  |TAMS 0x0000000084100000, 0x0000000084100000| Untracked 
|  48|0x0000000084200000, 0x0000000084200000, 0x0000000084300000|  0%| F|  |TAMS 0x0000000084200000, 0x0000000084200000| Untracked 
|  49|0x0000000084300000, 0x0000000084300000, 0x0000000084400000|  0%| F|  |TAMS 0x0000000084300000, 0x0000000084300000| Untracked 
|  50|0x0000000084400000, 0x0000000084400000, 0x0000000084500000|  0%| F|  |TAMS 0x0000000084400000, 0x0000000084400000| Untracked 
|  51|0x0000000084500000, 0x0000000084500000, 0x0000000084600000|  0%| F|  |TAMS 0x0000000084500000, 0x0000000084500000| Untracked 
|  52|0x0000000084600000, 0x0000000084600000, 0x0000000084700000|  0%| F|  |TAMS 0x0000000084600000, 0x0000000084600000| Untracked 
|  53|0x0000000084700000, 0x0000000084700000, 0x0000000084800000|  0%| F|  |TAMS 0x0000000084700000, 0x0000000084700000| Untracked 
|  54|0x0000000084800000, 0x0000000084800000, 0x0000000084900000|  0%| F|  |TAMS 0x0000000084800000, 0x0000000084800000| Untracked 
|  55|0x0000000084900000, 0x0000000084900000, 0x0000000084a00000|  0%| F|  |TAMS 0x0000000084900000, 0x0000000084900000| Untracked 
|  56|0x0000000084a00000, 0x0000000084a00000, 0x0000000084b00000|  0%| F|  |TAMS 0x0000000084a00000, 0x0000000084a00000| Untracked 
|  57|0x0000000084b00000, 0x0000000084b00000, 0x0000000084c00000|  0%| F|  |TAMS 0x0000000084b00000, 0x0000000084b00000| Untracked 
|  58|0x0000000084c00000, 0x0000000084c00000, 0x0000000084d00000|  0%| F|  |TAMS 0x0000000084c00000, 0x0000000084c00000| Untracked 
|  59|0x0000000084d00000, 0x0000000084d00000, 0x0000000084e00000|  0%| F|  |TAMS 0x0000000084d00000, 0x0000000084d00000| Untracked 
|  60|0x0000000084e00000, 0x0000000084e00000, 0x0000000084f00000|  0%| F|  |TAMS 0x0000000084e00000, 0x0000000084e00000| Untracked 
|  61|0x0000000084f00000, 0x0000000084f00000, 0x0000000085000000|  0%| F|  |TAMS 0x0000000084f00000, 0x0000000084f00000| Untracked 
|  62|0x0000000085000000, 0x0000000085000000, 0x0000000085100000|  0%| F|  |TAMS 0x0000000085000000, 0x0000000085000000| Untracked 
|  63|0x0000000085100000, 0x0000000085100000, 0x0000000085200000|  0%| F|  |TAMS 0x0000000085100000, 0x0000000085100000| Untracked 
|  64|0x0000000085200000, 0x0000000085200000, 0x0000000085300000|  0%| F|  |TAMS 0x0000000085200000, 0x0000000085200000| Untracked 
|  65|0x0000000085300000, 0x0000000085300000, 0x0000000085400000|  0%| F|  |TAMS 0x0000000085300000, 0x0000000085300000| Untracked 
|  66|0x0000000085400000, 0x0000000085400000, 0x0000000085500000|  0%| F|  |TAMS 0x0000000085400000, 0x0000000085400000| Untracked 
|  67|0x0000000085500000, 0x0000000085500000, 0x0000000085600000|  0%| F|  |TAMS 0x0000000085500000, 0x0000000085500000| Untracked 
|  68|0x0000000085600000, 0x0000000085600000, 0x0000000085700000|  0%| F|  |TAMS 0x0000000085600000, 0x0000000085600000| Untracked 
|  69|0x0000000085700000, 0x0000000085700000, 0x0000000085800000|  0%| F|  |TAMS 0x0000000085700000, 0x0000000085700000| Untracked 
|  70|0x0000000085800000, 0x0000000085800000, 0x0000000085900000|  0%| F|  |TAMS 0x0000000085800000, 0x0000000085800000| Untracked 
|  71|0x0000000085900000, 0x0000000085900000, 0x0000000085a00000|  0%| F|  |TAMS 0x0000000085900000, 0x0000000085900000| Untracked 
|  72|0x0000000085a00000, 0x0000000085a00000, 0x0000000085b00000|  0%| F|  |TAMS 0x0000000085a00000, 0x0000000085a00000| Untracked 
|  73|0x0000000085b00000, 0x0000000085b00000, 0x0000000085c00000|  0%| F|  |TAMS 0x0000000085b00000, 0x0000000085b00000| Untracked 
|  74|0x0000000085c00000, 0x0000000085c00000, 0x0000000085d00000|  0%| F|  |TAMS 0x0000000085c00000, 0x0000000085c00000| Untracked 
|  75|0x0000000085d00000, 0x0000000085d00000, 0x0000000085e00000|  0%| F|  |TAMS 0x0000000085d00000, 0x0000000085d00000| Untracked 
|  76|0x0000000085e00000, 0x0000000085e00000, 0x0000000085f00000|  0%| F|  |TAMS 0x0000000085e00000, 0x0000000085e00000| Untracked 
|  77|0x0000000085f00000, 0x0000000085f00000, 0x0000000086000000|  0%| F|  |TAMS 0x0000000085f00000, 0x0000000085f00000| Untracked 
|  78|0x0000000086000000, 0x0000000086000000, 0x0000000086100000|  0%| F|  |TAMS 0x0000000086000000, 0x0000000086000000| Untracked 
|  79|0x0000000086100000, 0x0000000086100000, 0x0000000086200000|  0%| F|  |TAMS 0x0000000086100000, 0x0000000086100000| Untracked 
|  80|0x0000000086200000, 0x0000000086200000, 0x0000000086300000|  0%| F|  |TAMS 0x0000000086200000, 0x0000000086200000| Untracked 
|  81|0x0000000086300000, 0x0000000086300000, 0x0000000086400000|  0%| F|  |TAMS 0x0000000086300000, 0x0000000086300000| Untracked 
|  82|0x0000000086400000, 0x0000000086400000, 0x0000000086500000|  0%| F|  |TAMS 0x0000000086400000, 0x0000000086400000| Untracked 
|  83|0x0000000086500000, 0x0000000086500000, 0x0000000086600000|  0%| F|  |TAMS 0x0000000086500000, 0x0000000086500000| Untracked 
|  84|0x0000000086600000, 0x0000000086600000, 0x0000000086700000|  0%| F|  |TAMS 0x0000000086600000, 0x0000000086600000| Untracked 
|  85|0x0000000086700000, 0x0000000086700000, 0x0000000086800000|  0%| F|  |TAMS 0x0000000086700000, 0x0000000086700000| Untracked 
|  86|0x0000000086800000, 0x0000000086800000, 0x0000000086900000|  0%| F|  |TAMS 0x0000000086800000, 0x0000000086800000| Untracked 
|  87|0x0000000086900000, 0x000000008690ab48, 0x0000000086a00000|  4%| S|CS|TAMS 0x0000000086900000, 0x0000000086900000| Complete 
|  88|0x0000000086a00000, 0x0000000086b00000, 0x0000000086b00000|100%| S|CS|TAMS 0x0000000086a00000, 0x0000000086a00000| Complete 
|  89|0x0000000086b00000, 0x0000000086c00000, 0x0000000086c00000|100%| S|CS|TAMS 0x0000000086b00000, 0x0000000086b00000| Complete 
|  90|0x0000000086c00000, 0x0000000086d00000, 0x0000000086d00000|100%| S|CS|TAMS 0x0000000086c00000, 0x0000000086c00000| Complete 
|  91|0x0000000086d00000, 0x0000000086e00000, 0x0000000086e00000|100%| S|CS|TAMS 0x0000000086d00000, 0x0000000086d00000| Complete 
|  92|0x0000000086e00000, 0x0000000086e00000, 0x0000000086f00000|  0%| F|  |TAMS 0x0000000086e00000, 0x0000000086e00000| Untracked 
|  93|0x0000000086f00000, 0x0000000086f00000, 0x0000000087000000|  0%| F|  |TAMS 0x0000000086f00000, 0x0000000086f00000| Untracked 
|  94|0x0000000087000000, 0x0000000087000000, 0x0000000087100000|  0%| F|  |TAMS 0x0000000087000000, 0x0000000087000000| Untracked 
|  95|0x0000000087100000, 0x0000000087100000, 0x0000000087200000|  0%| F|  |TAMS 0x0000000087100000, 0x0000000087100000| Untracked 
|  96|0x0000000087200000, 0x0000000087200000, 0x0000000087300000|  0%| F|  |TAMS 0x0000000087200000, 0x0000000087200000| Untracked 
|  97|0x0000000087300000, 0x0000000087300000, 0x0000000087400000|  0%| F|  |TAMS 0x0000000087300000, 0x0000000087300000| Untracked 
|  98|0x0000000087400000, 0x00000000874a65a0, 0x0000000087500000| 64%| E|  |TAMS 0x0000000087400000, 0x0000000087400000| Complete 
|  99|0x0000000087500000, 0x0000000087600000, 0x0000000087600000|100%| E|CS|TAMS 0x0000000087500000, 0x0000000087500000| Complete 
| 100|0x0000000087600000, 0x0000000087700000, 0x0000000087700000|100%| E|CS|TAMS 0x0000000087600000, 0x0000000087600000| Complete 
| 101|0x0000000087700000, 0x0000000087800000, 0x0000000087800000|100%| E|CS|TAMS 0x0000000087700000, 0x0000000087700000| Complete 
| 102|0x0000000087800000, 0x0000000087900000, 0x0000000087900000|100%| E|CS|TAMS 0x0000000087800000, 0x0000000087800000| Complete 
| 103|0x0000000087900000, 0x0000000087a00000, 0x0000000087a00000|100%| E|CS|TAMS 0x0000000087900000, 0x0000000087900000| Complete 
| 104|0x0000000087a00000, 0x0000000087b00000, 0x0000000087b00000|100%| E|CS|TAMS 0x0000000087a00000, 0x0000000087a00000| Complete 
| 105|0x0000000087b00000, 0x0000000087c00000, 0x0000000087c00000|100%| E|CS|TAMS 0x0000000087b00000, 0x0000000087b00000| Complete 
| 106|0x0000000087c00000, 0x0000000087d00000, 0x0000000087d00000|100%| E|CS|TAMS 0x0000000087c00000, 0x0000000087c00000| Complete 
| 107|0x0000000087d00000, 0x0000000087e00000, 0x0000000087e00000|100%| E|CS|TAMS 0x0000000087d00000, 0x0000000087d00000| Complete 
| 108|0x0000000087e00000, 0x0000000087f00000, 0x0000000087f00000|100%| E|CS|TAMS 0x0000000087e00000, 0x0000000087e00000| Complete 
| 109|0x0000000087f00000, 0x0000000088000000, 0x0000000088000000|100%| E|CS|TAMS 0x0000000087f00000, 0x0000000087f00000| Complete 
| 110|0x0000000088000000, 0x0000000088100000, 0x0000000088100000|100%| E|CS|TAMS 0x0000000088000000, 0x0000000088000000| Complete 
| 111|0x0000000088100000, 0x0000000088200000, 0x0000000088200000|100%| E|CS|TAMS 0x0000000088100000, 0x0000000088100000| Complete 
| 112|0x0000000088200000, 0x0000000088300000, 0x0000000088300000|100%| E|CS|TAMS 0x0000000088200000, 0x0000000088200000| Complete 
| 113|0x0000000088300000, 0x0000000088400000, 0x0000000088400000|100%| E|CS|TAMS 0x0000000088300000, 0x0000000088300000| Complete 
| 114|0x0000000088400000, 0x0000000088500000, 0x0000000088500000|100%| E|CS|TAMS 0x0000000088400000, 0x0000000088400000| Complete 
| 115|0x0000000088500000, 0x0000000088600000, 0x0000000088600000|100%| E|CS|TAMS 0x0000000088500000, 0x0000000088500000| Complete 
| 116|0x0000000088600000, 0x0000000088700000, 0x0000000088700000|100%| E|CS|TAMS 0x0000000088600000, 0x0000000088600000| Complete 
| 117|0x0000000088700000, 0x0000000088800000, 0x0000000088800000|100%| E|CS|TAMS 0x0000000088700000, 0x0000000088700000| Complete 
| 118|0x0000000088800000, 0x0000000088900000, 0x0000000088900000|100%| E|CS|TAMS 0x0000000088800000, 0x0000000088800000| Complete 
| 119|0x0000000088900000, 0x0000000088a00000, 0x0000000088a00000|100%| E|CS|TAMS 0x0000000088900000, 0x0000000088900000| Complete 
| 120|0x0000000088a00000, 0x0000000088b00000, 0x0000000088b00000|100%| E|CS|TAMS 0x0000000088a00000, 0x0000000088a00000| Complete 
| 121|0x0000000088b00000, 0x0000000088c00000, 0x0000000088c00000|100%| E|CS|TAMS 0x0000000088b00000, 0x0000000088b00000| Complete 
| 122|0x0000000088c00000, 0x0000000088d00000, 0x0000000088d00000|100%| E|CS|TAMS 0x0000000088c00000, 0x0000000088c00000| Complete 
| 123|0x0000000088d00000, 0x0000000088e00000, 0x0000000088e00000|100%| E|CS|TAMS 0x0000000088d00000, 0x0000000088d00000| Complete 
| 124|0x0000000088e00000, 0x0000000088f00000, 0x0000000088f00000|100%| E|CS|TAMS 0x0000000088e00000, 0x0000000088e00000| Complete 
| 125|0x0000000088f00000, 0x0000000089000000, 0x0000000089000000|100%| E|CS|TAMS 0x0000000088f00000, 0x0000000088f00000| Complete 
| 126|0x0000000089000000, 0x0000000089100000, 0x0000000089100000|100%| E|CS|TAMS 0x0000000089000000, 0x0000000089000000| Complete 
| 127|0x0000000089100000, 0x0000000089200000, 0x0000000089200000|100%| E|CS|TAMS 0x0000000089100000, 0x0000000089100000| Complete 

Card table byte_map: [0x0000017cc4a00000,0x0000017cc4e00000] _byte_map_base: 0x0000017cc45f7000

Marking Bits (Prev, Next): (CMBitMap*) 0x0000017cad3bc220, (CMBitMap*) 0x0000017cad3bc260
 Prev Bits: [0x0000017cc5200000, 0x0000017cc71b8000)
 Next Bits: [0x0000017cc71c0000, 0x0000017cc9178000)

Polling page: 0x0000017cab2f0000

Metaspace:

Usage:
  Non-class:     14.86 MB used.
      Class:      2.36 MB used.
       Both:     17.21 MB used.

Virtual space:
  Non-class space:       64.00 MB reserved,      15.00 MB ( 23%) committed,  1 nodes.
      Class space:        1.00 GB reserved,       2.50 MB ( <1%) committed,  1 nodes.
             Both:        1.06 GB reserved,      17.50 MB (  2%) committed. 

Chunk freelists:
   Non-Class:  544.00 KB
       Class:  1.35 MB
        Both:  1.88 MB

MaxMetaspaceSize: unlimited
CompressedClassSpaceSize: 1.00 GB
Initial GC threshold: 21.00 MB
Current GC threshold: 21.00 MB
CDS: on
MetaspaceReclaimPolicy: balanced
 - commit_granule_bytes: 65536.
 - commit_granule_words: 8192.
 - virtual_space_node_default_size: 8388608.
 - enlarge_chunks_in_place: 1.
 - new_chunks_are_fully_committed: 0.
 - uncommit_free_chunks: 1.
 - use_allocation_guard: 0.


Internal statistics:

num_allocs_failed_limit: 0.
num_arena_births: 332.
num_arena_deaths: 0.
num_vsnodes_births: 2.
num_vsnodes_deaths: 0.
num_space_committed: 280.
num_space_uncommitted: 0.
num_chunks_returned_to_freelist: 0.
num_chunks_taken_from_freelist: 915.
num_chunk_merges: 0.
num_chunk_splits: 667.
num_chunks_enlarged: 527.
num_inconsistent_stats: 0.

CodeHeap 'non-profiled nmethods': size=120000Kb used=2485Kb max_used=2485Kb free=117514Kb
 bounds [0x0000017cbcda0000, 0x0000017cbd010000, 0x0000017cc42d0000]
CodeHeap 'profiled nmethods': size=120000Kb used=9846Kb max_used=9846Kb free=110153Kb
 bounds [0x0000017cb52d0000, 0x0000017cb5c70000, 0x0000017cbc800000]
CodeHeap 'non-nmethods': size=5760Kb used=1548Kb max_used=1632Kb free=4212Kb
 bounds [0x0000017cbc800000, 0x0000017cbca70000, 0x0000017cbcda0000]
 total_blobs=5577 nmethods=4745 adapters=742
 compilation: enabled
              stopped_count=0, restarted_count=0
 full_count=0

Compilation events (20 events):
Event: 84.190 Thread 0x0000017ccbbb3850 nmethod 4740 0x0000017cbd009e10 code [0x0000017cbd00a020, 0x0000017cbd00b528]
Event: 87.245 Thread 0x0000017ccbbb3850 4741       4       com.sun.javafx.tk.quantum.QuantumToolkit$$Lambda$79/0x0000000801039778::run (8 bytes)
Event: 87.246 Thread 0x0000017ccbbb3850 nmethod 4741 0x0000017cbd00be90 code [0x0000017cbd00c020, 0x0000017cbd00c118]
Event: 110.990 Thread 0x0000017ccbba6bc0 4742       3       javafx.scene.layout.GridPane$CompositeSize::computeTotalWithMultiSize (297 bytes)
Event: 110.992 Thread 0x0000017ccbba6bc0 nmethod 4742 0x0000017cb5c69b10 code [0x0000017cb5c69e40, 0x0000017cb5c6b1d8]
Event: 111.214 Thread 0x0000017ccbbb3850 4743       4       java.lang.StringLatin1::toUpperCase (186 bytes)
Event: 111.214 Thread 0x0000017ccbba6bc0 4744       3       java.util.concurrent.locks.AbstractQueuedSynchronizer::acquireSharedInterruptibly (36 bytes)
Event: 111.215 Thread 0x0000017ccbba6bc0 nmethod 4744 0x0000017cb5c6b890 code [0x0000017cb5c6ba80, 0x0000017cb5c6c038]
Event: 111.216 Thread 0x0000017ccbba6bc0 4745       3       com.sun.marlin.DTransformingPathConsumer2D$CurveClipSplitter::splitCurve (98 bytes)
Event: 111.217 Thread 0x0000017ccbba6bc0 nmethod 4745 0x0000017cb5c6c210 code [0x0000017cb5c6c3e0, 0x0000017cb5c6c838]
Event: 111.217 Thread 0x0000017ccbba6bc0 4746       3       com.sun.marlin.DHelpers::fastCurvelen (76 bytes)
Event: 111.217 Thread 0x0000017ccbba6bc0 nmethod 4746 0x0000017cb5c6ca90 code [0x0000017cb5c6cc60, 0x0000017cb5c6ce58]
Event: 111.248 Thread 0x0000017ccbbb3850 nmethod 4743 0x0000017cbd00c210 code [0x0000017cbd00c3e0, 0x0000017cbd00cd98]
Event: 111.615 Thread 0x0000017ccbba6bc0 4747       3       java.lang.String::contains (19 bytes)
Event: 111.615 Thread 0x0000017ccbbb3850 4748       4       javafx.scene.layout.Region::boundedSize (44 bytes)
Event: 111.615 Thread 0x0000017ccbba6bc0 nmethod 4747 0x0000017cb5c6cf10 code [0x0000017cb5c6d0c0, 0x0000017cb5c6d338]
Event: 111.615 Thread 0x0000017ccbbb3850 nmethod 4748 0x0000017cbd00d210 code [0x0000017cbd00d380, 0x0000017cbd00d3f8]
Event: 111.661 Thread 0x0000017ccbba6bc0 4749       3       java.util.Collection::stream (11 bytes)
Event: 111.661 Thread 0x0000017ccbba6bc0 nmethod 4749 0x0000017cb5c6d410 code [0x0000017cb5c6d5c0, 0x0000017cb5c6d7b8]
Event: 111.710 Thread 0x0000017ccbbb3850 4750       4       java.util.concurrent.ConcurrentHashMap::addCount (280 bytes)

GC Heap History (4 events):
Event: 1.435 GC heap before
{Heap before GC invocations=0 (full 0):
 garbage-first heap   total 131072K, used 22528K [0x0000000081200000, 0x0000000100000000)
  region size 1024K, 23 young (23552K), 0 survivors (0K)
 Metaspace       used 5808K, committed 6016K, reserved 1114112K
  class space    used 705K, committed 832K, reserved 1048576K
}
Event: 1.440 GC heap after
{Heap after GC invocations=1 (full 0):
 garbage-first heap   total 131072K, used 3053K [0x0000000081200000, 0x0000000100000000)
  region size 1024K, 3 young (3072K), 3 survivors (3072K)
 Metaspace       used 5808K, committed 6016K, reserved 1114112K
  class space    used 705K, committed 832K, reserved 1048576K
}
Event: 4.993 GC heap before
{Heap before GC invocations=1 (full 0):
 garbage-first heap   total 131072K, used 47085K [0x0000000081200000, 0x0000000100000000)
  region size 1024K, 36 young (36864K), 3 survivors (3072K)
 Metaspace       used 14431K, committed 14720K, reserved 1114112K
  class space    used 2111K, committed 2240K, reserved 1048576K
}
Event: 5.006 GC heap after
{Heap after GC invocations=2 (full 0):
 garbage-first heap   total 131072K, used 18016K [0x0000000081200000, 0x0000000100000000)
  region size 1024K, 5 young (5120K), 5 survivors (5120K)
 Metaspace       used 14431K, committed 14720K, reserved 1114112K
  class space    used 2111K, committed 2240K, reserved 1048576K
}

Dll operation events (20 events):
Event: 0.895 Loaded shared library C:\Users\Gabriel\.openjfx\cache\13\api-ms-win-crt-heap-l1-1-0.dll
Event: 0.901 Loaded shared library C:\Users\Gabriel\.openjfx\cache\13\api-ms-win-crt-locale-l1-1-0.dll
Event: 0.912 Loaded shared library C:\Users\Gabriel\.openjfx\cache\13\api-ms-win-crt-math-l1-1-0.dll
Event: 0.918 Loaded shared library C:\Users\Gabriel\.openjfx\cache\13\api-ms-win-crt-multibyte-l1-1-0.dll
Event: 0.928 Loaded shared library C:\Users\Gabriel\.openjfx\cache\13\api-ms-win-crt-private-l1-1-0.dll
Event: 0.933 Loaded shared library C:\Users\Gabriel\.openjfx\cache\13\api-ms-win-crt-process-l1-1-0.dll
Event: 0.936 Loaded shared library C:\Users\Gabriel\.openjfx\cache\13\api-ms-win-crt-runtime-l1-1-0.dll
Event: 0.943 Loaded shared library C:\Users\Gabriel\.openjfx\cache\13\api-ms-win-crt-stdio-l1-1-0.dll
Event: 0.948 Loaded shared library C:\Users\Gabriel\.openjfx\cache\13\api-ms-win-crt-string-l1-1-0.dll
Event: 0.952 Loaded shared library C:\Users\Gabriel\.openjfx\cache\13\api-ms-win-crt-time-l1-1-0.dll
Event: 0.958 Loaded shared library C:\Users\Gabriel\.openjfx\cache\13\api-ms-win-crt-utility-l1-1-0.dll
Event: 0.984 Loaded shared library C:\Users\Gabriel\.openjfx\cache\13\ucrtbase.dll
Event: 0.988 Loaded shared library C:\Users\Gabriel\.openjfx\cache\13\vcruntime140.dll
Event: 1.002 Loaded shared library C:\Users\Gabriel\.openjfx\cache\13\msvcp140.dll
Event: 1.013 Loaded shared library C:\Users\Gabriel\.openjfx\cache\13\concrt140.dll
Event: 1.076 Loaded shared library C:\Users\Gabriel\.openjfx\cache\13\prism_d3d.dll
Event: 1.137 Loaded shared library C:\Users\Gabriel\.openjfx\cache\13\glass.dll
Event: 1.483 Loaded shared library C:\Users\Gabriel\.openjfx\cache\13\javafx_font.dll
Event: 2.368 Loaded shared library C:\Program Files\Java\jdk-19\bin\jimage.dll
Event: 50.900 Loaded shared library C:\Users\Gabriel\.openjfx\cache\13\javafx_iio.dll

Deoptimization events (20 events):
Event: 20.257 Thread 0x0000017cd0629f90 DEOPT PACKING pc=0x0000017cbcf340ac sp=0x00000009261fbf70
Event: 20.257 Thread 0x0000017cd0629f90 DEOPT UNPACKING pc=0x0000017cbc866da3 sp=0x00000009261fbeb8 mode 2
Event: 28.015 Thread 0x0000017cd0629f90 Uncommon trap: trap_request=0xffffff45 fr.pc=0x0000017cbcf7f598 relative=0x0000000000006c18
Event: 28.015 Thread 0x0000017cd0629f90 Uncommon trap: reason=unstable_if action=reinterpret pc=0x0000017cbcf7f598 method=javafx.scene.CssStyleHelper.transitionToState(Ljavafx/scene/Node;)V @ 323 c2
Event: 28.015 Thread 0x0000017cd0629f90 DEOPT PACKING pc=0x0000017cbcf7f598 sp=0x00000009261fd260
Event: 28.015 Thread 0x0000017cd0629f90 DEOPT UNPACKING pc=0x0000017cbc866da3 sp=0x00000009261fd1f0 mode 2
Event: 29.113 Thread 0x0000017cd0629f90 Uncommon trap: trap_request=0xffffff45 fr.pc=0x0000017cbcf587c4 relative=0x0000000000000124
Event: 29.113 Thread 0x0000017cd0629f90 Uncommon trap: reason=unstable_if action=reinterpret pc=0x0000017cbcf587c4 method=com.sun.javafx.text.TextRun.getPosX(I)F @ 75 c2
Event: 29.113 Thread 0x0000017cd0629f90 DEOPT PACKING pc=0x0000017cbcf587c4 sp=0x00000009261fbac0
Event: 29.113 Thread 0x0000017cd0629f90 DEOPT UNPACKING pc=0x0000017cbc866da3 sp=0x00000009261fba58 mode 2
Event: 31.275 Thread 0x0000017cd0629f90 Uncommon trap: trap_request=0xffffff45 fr.pc=0x0000017cbcf28134 relative=0x0000000000001274
Event: 31.275 Thread 0x0000017cd0629f90 Uncommon trap: reason=unstable_if action=reinterpret pc=0x0000017cbcf28134 method=javafx.scene.Node.intersectsBounds(Lcom/sun/javafx/geom/PickRay;)D @ 902 c2
Event: 31.275 Thread 0x0000017cd0629f90 DEOPT PACKING pc=0x0000017cbcf28134 sp=0x00000009261fcd00
Event: 31.275 Thread 0x0000017cd0629f90 DEOPT UNPACKING pc=0x0000017cbc866da3 sp=0x00000009261fcbd8 mode 2
Event: 50.901 Thread 0x0000017cd0629f90 Uncommon trap: trap_request=0xffffff45 fr.pc=0x0000017cbcef2e38 relative=0x0000000000000e38
Event: 50.901 Thread 0x0000017cd0629f90 Uncommon trap: reason=unstable_if action=reinterpret pc=0x0000017cbcef2e38 method=java.io.SequenceInputStream.read([BII)I @ 49 c2
Event: 50.901 Thread 0x0000017cd0629f90 DEOPT PACKING pc=0x0000017cbcef2e38 sp=0x00000009261f9260
Event: 50.901 Thread 0x0000017cd0629f90 DEOPT UNPACKING pc=0x0000017cbc866da3 sp=0x00000009261f9288 mode 2
Event: 52.032 Thread 0x0000017cd0629f90 DEOPT PACKING pc=0x0000017cb591a318 sp=0x00000009261fdad0
Event: 52.032 Thread 0x0000017cd0629f90 DEOPT UNPACKING pc=0x0000017cbc867543 sp=0x00000009261fcfc0 mode 0

Classes loaded (20 events):
Event: 12.118 Loading class java/util/stream/ReduceOps$9
Event: 12.118 Loading class java/util/stream/ReduceOps$9 done
Event: 12.118 Loading class java/util/stream/ReduceOps$CountingSink$OfInt
Event: 12.118 Loading class java/util/stream/ReduceOps$CountingSink
Event: 12.118 Loading class java/util/stream/ReduceOps$CountingSink done
Event: 12.118 Loading class java/util/stream/ReduceOps$CountingSink$OfInt done
Event: 12.120 Loading class java/util/stream/Nodes$IntSpinedNodeBuilder
Event: 12.121 Loading class java/util/stream/Node$Builder$OfInt
Event: 12.121 Loading class java/util/stream/Node$Builder$OfInt done
Event: 12.121 Loading class java/util/stream/SpinedBuffer$OfInt
Event: 12.121 Loading class java/util/stream/SpinedBuffer$OfPrimitive
Event: 12.121 Loading class java/util/stream/AbstractSpinedBuffer
Event: 12.121 Loading class java/util/stream/AbstractSpinedBuffer done
Event: 12.121 Loading class java/util/stream/SpinedBuffer$OfPrimitive done
Event: 12.121 Loading class java/util/stream/SpinedBuffer$OfInt done
Event: 12.122 Loading class java/util/stream/Nodes$IntSpinedNodeBuilder done
Event: 50.891 Loading class java/lang/Math$RandomNumberGeneratorHolder
Event: 50.891 Loading class java/lang/Math$RandomNumberGeneratorHolder done
Event: 111.710 Loading class java/util/LinkedList$ListItr
Event: 111.711 Loading class java/util/LinkedList$ListItr done

Classes unloaded (0 events):
No events

Classes redefined (0 events):
No events

Internal exceptions (20 events):
Event: 2.947 Thread 0x0000017cd0629f90 Exception <a 'java/lang/NoSuchMethodError'{0x0000000087e79fd8}: 'int java.lang.invoke.DirectMethodHandle$Holder.invokeSpecial(java.lang.Object, java.lang.Object, java.lang.Object)'> (0x0000000087e79fd8) 
thrown [s\open\src\hotspot\share\interpreter\linkResolver.cpp, line 774]
Event: 3.000 Thread 0x0000017cd0629f90 Exception <a 'java/lang/NoSuchMethodError'{0x0000000087d31fa8}: 'java.lang.Object java.lang.invoke.DirectMethodHandle$Holder.newInvokeSpecial(java.lang.Object, java.lang.Object, int)'> (0x0000000087d31fa8) 
thrown [s\open\src\hotspot\share\interpreter\linkResolver.cpp, line 774]
Event: 3.159 Thread 0x0000017cd0629f90 Exception <a 'java/lang/ClassNotFoundException'{0x0000000087b8b678}: com/sun/javafx/scene/control/skin/resources/controls> (0x0000000087b8b678) 
thrown [s\open\src\hotspot\share\prims\jni.cpp, line 536]
Event: 3.163 Thread 0x0000017cd0629f90 Exception <a 'java/lang/ClassNotFoundException'{0x0000000087b98fb0}: com/sun/javafx/scene/control/skin/resources/controls_pt> (0x0000000087b98fb0) 
thrown [s\open\src\hotspot\share\prims\jni.cpp, line 536]
Event: 3.164 Thread 0x0000017cd0629f90 Exception <a 'java/lang/ClassNotFoundException'{0x0000000087b99f58}: com/sun/javafx/scene/control/skin/resources/controls_pt_BR> (0x0000000087b99f58) 
thrown [s\open\src\hotspot\share\prims\jni.cpp, line 536]
Event: 3.283 Thread 0x0000017cd0629f90 Exception <a 'java/lang/NoSuchMethodError'{0x000000008761a4c8}: 'void java.lang.invoke.DirectMethodHandle$Holder.invokeSpecial(java.lang.Object, java.lang.Object, java.lang.Object, java.lang.Object, java.lang.Object, java.lang.Object)'> (0x000000008761a4c8) 
thrown [s\open\src\hotspot\share\interpreter\linkResolver.cpp, line 774]
Event: 3.753 Thread 0x0000017cd040d0f0 Exception <a 'java/lang/NoSuchMethodError'{0x00000000872d18f8}: 'int java.lang.invoke.DirectMethodHandle$Holder.invokeStaticInit(java.lang.Object, java.lang.Object)'> (0x00000000872d18f8) 
thrown [s\open\src\hotspot\share\interpreter\linkResolver.cpp, line 774]
Event: 3.786 Thread 0x0000017cd040d0f0 Exception <a 'java/lang/NoSuchMethodError'{0x0000000087156958}: 'java.lang.Object java.lang.invoke.Invokers$Holder.invokeExact_MT(java.lang.Object, java.lang.Object, java.lang.Object, java.lang.Object, java.lang.Object)'> (0x0000000087156958) 
thrown [s\open\src\hotspot\share\interpreter\linkResolver.cpp, line 774]
Event: 4.895 Thread 0x0000017cd0629f90 Exception <a 'java/lang/NoSuchMethodError'{0x0000000086e82518}: 'long java.lang.invoke.DirectMethodHandle$Holder.invokeStatic(java.lang.Object, java.lang.Object, java.lang.Object)'> (0x0000000086e82518) 
thrown [s\open\src\hotspot\share\interpreter\linkResolver.cpp, line 774]
Event: 4.895 Thread 0x0000017cd0629f90 Exception <a 'java/lang/NoSuchMethodError'{0x0000000086e85e40}: 'long java.lang.invoke.DirectMethodHandle$Holder.invokeStaticInit(java.lang.Object, java.lang.Object, java.lang.Object)'> (0x0000000086e85e40) 
thrown [s\open\src\hotspot\share\interpreter\linkResolver.cpp, line 774]
Event: 4.898 Thread 0x0000017cd0629f90 Exception <a 'java/lang/NoSuchMethodError'{0x0000000086e9e590}: 'java.lang.Object java.lang.invoke.DirectMethodHandle$Holder.newInvokeSpecial(java.lang.Object, java.lang.Object, long)'> (0x0000000086e9e590) 
thrown [s\open\src\hotspot\share\interpreter\linkResolver.cpp, line 774]
Event: 4.898 Thread 0x0000017cd0629f90 Exception <a 'java/lang/NoSuchMethodError'{0x0000000086ea2118}: 'java.lang.Object java.lang.invoke.Invokers$Holder.linkToTargetMethod(java.lang.Object, long, java.lang.Object)'> (0x0000000086ea2118) 
thrown [s\open\src\hotspot\share\interpreter\linkResolver.cpp, line 774]
Event: 5.083 Thread 0x0000017cd0629f90 Exception <a 'java/lang/NoSuchMethodError'{0x00000000890c9b10}: 'void java.lang.invoke.DirectMethodHandle$Holder.invokeSpecialIFC(java.lang.Object, java.lang.Object, java.lang.Object, java.lang.Object)'> (0x00000000890c9b10) 
thrown [s\open\src\hotspot\share\interpreter\linkResolver.cpp, line 774]
Event: 7.112 Thread 0x0000017cd040d0f0 Exception <a 'java/lang/NoSuchMethodError'{0x0000000088b2eb38}: 'java.lang.Object java.lang.invoke.DirectMethodHandle$Holder.invokeStaticInit(java.lang.Object, int)'> (0x0000000088b2eb38) 
thrown [s\open\src\hotspot\share\interpreter\linkResolver.cpp, line 774]
Event: 7.455 Thread 0x0000017cd0629f90 Implicit null exception at 0x0000017cbced5f64 to 0x0000017cbced9a08
Event: 16.443 Thread 0x0000017cd0629f90 Exception <a 'java/lang/NoSuchMethodError'{0x0000000088365d00}: 'java.lang.Object java.lang.invoke.DirectMethodHandle$Holder.newInvokeSpecial(java.lang.Object, java.lang.Object, int, int, int, int, int, java.lang.Object)'> (0x0000000088365d00) 
thrown [s\open\src\hotspot\share\interpreter\linkResolver.cpp, line 774]
Event: 16.445 Thread 0x0000017cd0629f90 Exception <a 'java/lang/NoSuchMethodError'{0x00000000883791e8}: 'java.lang.Object java.lang.invoke.DirectMethodHandle$Holder.newInvokeSpecial(java.lang.Object, java.lang.Object, java.lang.Object, int, int, int, int, int)'> (0x00000000883791e8) 
thrown [s\open\src\hotspot\share\interpreter\linkResolver.cpp, line 774]
Event: 16.445 Thread 0x0000017cd0629f90 Exception <a 'java/lang/NoSuchMethodError'{0x0000000088380d08}: 'java.lang.Object java.lang.invoke.Invokers$Holder.linkToTargetMethod(java.lang.Object, java.lang.Object, int, int, int, int, int, java.lang.Object)'> (0x0000000088380d08) 
thrown [s\open\src\hotspot\share\interpreter\linkResolver.cpp, line 774]
Event: 17.605 Thread 0x0000017cd0629f90 Implicit null exception at 0x0000017cbcf23b42 to 0x0000017cbcf24364
Event: 17.605 Thread 0x0000017cd0629f90 Implicit null exception at 0x0000017cbcf1c4c9 to 0x0000017cbcf1c57c

VM Operations (20 events):
Event: 64.278 Executing VM operation: Cleanup done
Event: 65.279 Executing VM operation: Cleanup
Event: 65.279 Executing VM operation: Cleanup done
Event: 66.279 Executing VM operation: Cleanup
Event: 66.279 Executing VM operation: Cleanup done
Event: 67.280 Executing VM operation: Cleanup
Event: 67.280 Executing VM operation: Cleanup done
Event: 69.281 Executing VM operation: Cleanup
Event: 69.281 Executing VM operation: Cleanup done
Event: 70.281 Executing VM operation: Cleanup
Event: 70.281 Executing VM operation: Cleanup done
Event: 71.282 Executing VM operation: Cleanup
Event: 71.282 Executing VM operation: Cleanup done
Event: 73.284 Executing VM operation: Cleanup
Event: 73.284 Executing VM operation: Cleanup done
Event: 74.284 Executing VM operation: Cleanup
Event: 74.284 Executing VM operation: Cleanup done
Event: 111.313 Executing VM operation: Cleanup
Event: 111.313 Executing VM operation: Cleanup done
Event: 111.711 Executing VM operation: Exit

Events (20 events):
Event: 11.947 Thread 0x0000017cd02a91b0 Thread exited: 0x0000017cd02a91b0
Event: 13.055 Thread 0x0000017cd5ca7a20 Thread added: 0x0000017cd5ca7a20
Event: 13.195 Thread 0x0000017cd5ca7a20 Thread exited: 0x0000017cd5ca7a20
Event: 13.609 Thread 0x0000017cdb1b12f0 Thread added: 0x0000017cdb1b12f0
Event: 13.805 Thread 0x0000017cdb1b12f0 Thread exited: 0x0000017cdb1b12f0
Event: 18.633 Thread 0x0000017cd5c8fab0 Thread added: 0x0000017cd5c8fab0
Event: 18.827 Thread 0x0000017cd5c8fab0 Thread exited: 0x0000017cd5c8fab0
Event: 20.027 Thread 0x0000017cd5bc0740 Thread added: 0x0000017cd5bc0740
Event: 20.205 Thread 0x0000017cd5bc0740 Thread exited: 0x0000017cd5bc0740
Event: 20.979 Thread 0x0000017cdb0139b0 Thread added: 0x0000017cdb0139b0
Event: 21.387 Thread 0x0000017cdb0139b0 Thread exited: 0x0000017cdb0139b0
Event: 40.846 Thread 0x0000017cd580d920 Thread added: 0x0000017cd580d920
Event: 41.611 Thread 0x0000017cd580d920 Thread exited: 0x0000017cd580d920
Event: 42.860 Thread 0x0000017cd5a25580 Thread added: 0x0000017cd5a25580
Event: 43.440 Thread 0x0000017cd5a25580 Thread exited: 0x0000017cd5a25580
Event: 111.698 Thread 0x0000017cd530b890 Thread added: 0x0000017cd530b890
Event: 111.698 Thread 0x0000017cd530d320 Thread added: 0x0000017cd530d320
Event: 111.706 Thread 0x0000017cd530b890 Thread exited: 0x0000017cd530b890
Event: 111.711 Thread 0x0000017cd530d320 Thread exited: 0x0000017cd530d320
Event: 111.711 Thread 0x0000017ccbb94fb0 Thread exited: 0x0000017ccbb94fb0


Dynamic libraries:
0x00007ff6bc370000 - 0x00007ff6bc380000 	C:\Program Files\Java\jdk-19\bin\java.exe
0x00007ffbe8630000 - 0x00007ffbe8828000 	C:\Windows\SYSTEM32\ntdll.dll
0x00007ffbe69e0000 - 0x00007ffbe6a9f000 	C:\Windows\System32\KERNEL32.DLL
0x00007ffbe6170000 - 0x00007ffbe6442000 	C:\Windows\System32\KERNELBASE.dll
0x00007ffbe6530000 - 0x00007ffbe6630000 	C:\Windows\System32\ucrtbase.dll
0x00007ffbd3f70000 - 0x00007ffbd3f8b000 	C:\Program Files\Java\jdk-19\bin\VCRUNTIME140.dll
0x00007ffbd3e90000 - 0x00007ffbd3ea8000 	C:\Program Files\Java\jdk-19\bin\jli.dll
0x00007ffbe6bd0000 - 0x00007ffbe6c7e000 	C:\Windows\System32\ADVAPI32.dll
0x00007ffbe8420000 - 0x00007ffbe84be000 	C:\Windows\System32\msvcrt.dll
0x00007ffbe6fb0000 - 0x00007ffbe704c000 	C:\Windows\System32\sechost.dll
0x00007ffbe84c0000 - 0x00007ffbe85e5000 	C:\Windows\System32\RPCRT4.dll
0x00007ffbe8200000 - 0x00007ffbe839d000 	C:\Windows\System32\USER32.dll
0x00007ffbe6450000 - 0x00007ffbe6472000 	C:\Windows\System32\win32u.dll
0x00007ffbe81d0000 - 0x00007ffbe81fb000 	C:\Windows\System32\GDI32.dll
0x00007ffbe5f20000 - 0x00007ffbe602f000 	C:\Windows\System32\gdi32full.dll
0x00007ffbe6060000 - 0x00007ffbe60fd000 	C:\Windows\System32\msvcp_win.dll
0x00007ffbd70e0000 - 0x00007ffbd737a000 	C:\Windows\WinSxS\amd64_microsoft.windows.common-controls_6595b64144ccf1df_6.0.19041.1110_none_60b5254171f9507e\COMCTL32.dll
0x00007ffbdde50000 - 0x00007ffbdde5a000 	C:\Windows\SYSTEM32\VERSION.dll
0x00007ffbe6dc0000 - 0x00007ffbe6df2000 	C:\Windows\System32\IMM32.DLL
0x00007ffbdfca0000 - 0x00007ffbdfcac000 	C:\Program Files\Java\jdk-19\bin\vcruntime140_1.dll
0x00007ffbc2ca0000 - 0x00007ffbc2d2e000 	C:\Program Files\Java\jdk-19\bin\msvcp140.dll
0x00007ffb75500000 - 0x00007ffb761c0000 	C:\Program Files\Java\jdk-19\bin\server\jvm.dll
0x00007ffbd8810000 - 0x00007ffbd8837000 	C:\Windows\SYSTEM32\WINMM.dll
0x00007ffbe0400000 - 0x00007ffbe0409000 	C:\Windows\SYSTEM32\WSOCK32.dll
0x00007ffbe83a0000 - 0x00007ffbe840b000 	C:\Windows\System32\ws2_32.DLL
0x00007ffbe4570000 - 0x00007ffbe4582000 	C:\Windows\SYSTEM32\kernel.appcore.dll
0x00007ffbded50000 - 0x00007ffbded5a000 	C:\Program Files\Java\jdk-19\bin\jimage.dll
0x00007ffbd2850000 - 0x00007ffbd2a34000 	C:\Windows\SYSTEM32\DBGHELP.DLL
0x00007ffbd23f0000 - 0x00007ffbd241c000 	C:\Windows\SYSTEM32\dbgcore.DLL
0x00007ffbe5d30000 - 0x00007ffbe5db2000 	C:\Windows\System32\bcryptPrimitives.dll
0x00007ffbd21f0000 - 0x00007ffbd2216000 	C:\Program Files\Java\jdk-19\bin\java.dll
0x00007ffbc19d0000 - 0x00007ffbc1aa7000 	C:\Program Files\Java\jdk-19\bin\jsvml.dll
0x00007ffbe7810000 - 0x00007ffbe7f53000 	C:\Windows\System32\SHELL32.dll
0x00007ffbe3dd0000 - 0x00007ffbe4562000 	C:\Windows\SYSTEM32\windows.storage.dll
0x00007ffbe6680000 - 0x00007ffbe69d4000 	C:\Windows\System32\combase.dll
0x00007ffbe5790000 - 0x00007ffbe57c0000 	C:\Windows\SYSTEM32\Wldp.dll
0x00007ffbe6d10000 - 0x00007ffbe6dbd000 	C:\Windows\System32\SHCORE.dll
0x00007ffbe8090000 - 0x00007ffbe80e5000 	C:\Windows\System32\shlwapi.dll
0x00007ffbe5c70000 - 0x00007ffbe5c8f000 	C:\Windows\SYSTEM32\profapi.dll
0x00007ffbd3e70000 - 0x00007ffbd3e83000 	C:\Program Files\Java\jdk-19\bin\net.dll
0x00007ffbd9bd0000 - 0x00007ffbd9cdc000 	C:\Windows\SYSTEM32\WINHTTP.dll
0x00007ffbe54f0000 - 0x00007ffbe555a000 	C:\Windows\system32\mswsock.dll
0x00007ffbd2150000 - 0x00007ffbd2166000 	C:\Program Files\Java\jdk-19\bin\nio.dll
0x00007ffbd2130000 - 0x00007ffbd2148000 	C:\Program Files\Java\jdk-19\bin\zip.dll
0x0000017cab350000 - 0x0000017cab353000 	C:\Users\Gabriel\.openjfx\cache\13\api-ms-win-core-console-l1-1-0.dll
0x0000017cab360000 - 0x0000017cab363000 	C:\Users\Gabriel\.openjfx\cache\13\api-ms-win-core-datetime-l1-1-0.dll
0x0000017cab370000 - 0x0000017cab373000 	C:\Users\Gabriel\.openjfx\cache\13\api-ms-win-core-debug-l1-1-0.dll
0x0000017cad300000 - 0x0000017cad303000 	C:\Users\Gabriel\.openjfx\cache\13\api-ms-win-core-errorhandling-l1-1-0.dll
0x0000017cad310000 - 0x0000017cad314000 	C:\Users\Gabriel\.openjfx\cache\13\api-ms-win-core-file-l1-1-0.dll
0x0000017cad320000 - 0x0000017cad323000 	C:\Users\Gabriel\.openjfx\cache\13\api-ms-win-core-file-l1-2-0.dll
0x0000017cd0920000 - 0x0000017cd0923000 	C:\Users\Gabriel\.openjfx\cache\13\api-ms-win-core-file-l2-1-0.dll
0x0000017cd0930000 - 0x0000017cd0933000 	C:\Users\Gabriel\.openjfx\cache\13\api-ms-win-core-handle-l1-1-0.dll
0x0000017cd0940000 - 0x0000017cd0943000 	C:\Users\Gabriel\.openjfx\cache\13\api-ms-win-core-heap-l1-1-0.dll
0x0000017cd0950000 - 0x0000017cd0953000 	C:\Users\Gabriel\.openjfx\cache\13\api-ms-win-core-interlocked-l1-1-0.dll
0x0000017cd0960000 - 0x0000017cd0963000 	C:\Users\Gabriel\.openjfx\cache\13\api-ms-win-core-libraryloader-l1-1-0.dll
0x0000017cd0970000 - 0x0000017cd0973000 	C:\Users\Gabriel\.openjfx\cache\13\api-ms-win-core-localization-l1-2-0.dll
0x0000017cd0980000 - 0x0000017cd0983000 	C:\Users\Gabriel\.openjfx\cache\13\api-ms-win-core-memory-l1-1-0.dll
0x0000017cd0990000 - 0x0000017cd0993000 	C:\Users\Gabriel\.openjfx\cache\13\api-ms-win-core-namedpipe-l1-1-0.dll
0x0000017cd09a0000 - 0x0000017cd09a3000 	C:\Users\Gabriel\.openjfx\cache\13\api-ms-win-core-processenvironment-l1-1-0.dll
0x0000017cd09b0000 - 0x0000017cd09b3000 	C:\Users\Gabriel\.openjfx\cache\13\api-ms-win-core-processthreads-l1-1-0.dll
0x0000017cd09c0000 - 0x0000017cd09c3000 	C:\Users\Gabriel\.openjfx\cache\13\api-ms-win-core-processthreads-l1-1-1.dll
0x0000017cd09d0000 - 0x0000017cd09d3000 	C:\Users\Gabriel\.openjfx\cache\13\api-ms-win-core-profile-l1-1-0.dll
0x0000017cd09e0000 - 0x0000017cd09e3000 	C:\Users\Gabriel\.openjfx\cache\13\api-ms-win-core-rtlsupport-l1-1-0.dll
0x0000017cd09f0000 - 0x0000017cd09f3000 	C:\Users\Gabriel\.openjfx\cache\13\api-ms-win-core-string-l1-1-0.dll
0x0000017cd0a00000 - 0x0000017cd0a03000 	C:\Users\Gabriel\.openjfx\cache\13\api-ms-win-core-synch-l1-1-0.dll
0x0000017cd0a10000 - 0x0000017cd0a13000 	C:\Users\Gabriel\.openjfx\cache\13\api-ms-win-core-synch-l1-2-0.dll
0x0000017cd0a20000 - 0x0000017cd0a23000 	C:\Users\Gabriel\.openjfx\cache\13\api-ms-win-core-sysinfo-l1-1-0.dll
0x0000017cd0a30000 - 0x0000017cd0a33000 	C:\Users\Gabriel\.openjfx\cache\13\api-ms-win-core-timezone-l1-1-0.dll
0x0000017cd0a40000 - 0x0000017cd0a43000 	C:\Users\Gabriel\.openjfx\cache\13\api-ms-win-core-util-l1-1-0.dll
0x0000017cd0a50000 - 0x0000017cd0a53000 	C:\Users\Gabriel\.openjfx\cache\13\api-ms-win-crt-conio-l1-1-0.dll
0x0000017cd0a60000 - 0x0000017cd0a64000 	C:\Users\Gabriel\.openjfx\cache\13\api-ms-win-crt-convert-l1-1-0.dll
0x0000017cd0a70000 - 0x0000017cd0a73000 	C:\Users\Gabriel\.openjfx\cache\13\api-ms-win-crt-environment-l1-1-0.dll
0x0000017cd0a80000 - 0x0000017cd0a83000 	C:\Users\Gabriel\.openjfx\cache\13\api-ms-win-crt-filesystem-l1-1-0.dll
0x0000017cd0a90000 - 0x0000017cd0a93000 	C:\Users\Gabriel\.openjfx\cache\13\api-ms-win-crt-heap-l1-1-0.dll
0x0000017cd0aa0000 - 0x0000017cd0aa3000 	C:\Users\Gabriel\.openjfx\cache\13\api-ms-win-crt-locale-l1-1-0.dll
0x0000017cd0ab0000 - 0x0000017cd0ab5000 	C:\Users\Gabriel\.openjfx\cache\13\api-ms-win-crt-math-l1-1-0.dll
0x0000017cd0ac0000 - 0x0000017cd0ac5000 	C:\Users\Gabriel\.openjfx\cache\13\api-ms-win-crt-multibyte-l1-1-0.dll
0x0000017cd0ad0000 - 0x0000017cd0ae0000 	C:\Users\Gabriel\.openjfx\cache\13\api-ms-win-crt-private-l1-1-0.dll
0x0000017cd0ae0000 - 0x0000017cd0ae3000 	C:\Users\Gabriel\.openjfx\cache\13\api-ms-win-crt-process-l1-1-0.dll
0x0000017cd0af0000 - 0x0000017cd0af4000 	C:\Users\Gabriel\.openjfx\cache\13\api-ms-win-crt-runtime-l1-1-0.dll
0x0000017cd0b00000 - 0x0000017cd0b04000 	C:\Users\Gabriel\.openjfx\cache\13\api-ms-win-crt-stdio-l1-1-0.dll
0x0000017cd0b10000 - 0x0000017cd0b14000 	C:\Users\Gabriel\.openjfx\cache\13\api-ms-win-crt-string-l1-1-0.dll
0x0000017cd0b20000 - 0x0000017cd0b23000 	C:\Users\Gabriel\.openjfx\cache\13\api-ms-win-crt-time-l1-1-0.dll
0x0000017cd0b30000 - 0x0000017cd0b33000 	C:\Users\Gabriel\.openjfx\cache\13\api-ms-win-crt-utility-l1-1-0.dll
0x00007ffbc18d0000 - 0x00007ffbc19cc000 	C:\Users\Gabriel\.openjfx\cache\13\ucrtbase.dll
0x00007ffbcbd70000 - 0x00007ffbcbd85000 	C:\Users\Gabriel\.openjfx\cache\13\vcruntime140.dll
0x00007ffbbf6a0000 - 0x00007ffbbf73b000 	C:\Users\Gabriel\.openjfx\cache\13\msvcp140.dll
0x00007ffbc6400000 - 0x00007ffbc6451000 	C:\Users\Gabriel\.openjfx\cache\13\concrt140.dll
0x00007ffbc0c60000 - 0x00007ffbc0c83000 	C:\Users\Gabriel\.openjfx\cache\13\prism_d3d.dll
0x00007ffbd2220000 - 0x00007ffbd23ef000 	C:\Windows\system32\d3d9.dll
0x00007ffbe3900000 - 0x00007ffbe392f000 	C:\Windows\SYSTEM32\dwmapi.dll
0x00007ffbe3720000 - 0x00007ffbe37be000 	C:\Windows\system32\uxtheme.dll
0x00007ffb65c40000 - 0x00007ffb6b44d000 	C:\Windows\System32\DriverStore\FileRepository\igdlh64.inf_amd64_6d1fd205efa7f979\igdumdim64.dll
0x00007ffbe7f60000 - 0x00007ffbe802d000 	C:\Windows\System32\OLEAUT32.dll
0x00007ffbe7060000 - 0x00007ffbe718a000 	C:\Windows\System32\ole32.dll
0x00007ffbe7280000 - 0x00007ffbe76e8000 	C:\Windows\System32\SETUPAPI.dll
0x00007ffbe6630000 - 0x00007ffbe667e000 	C:\Windows\System32\cfgmgr32.dll
0x00007ffbe6030000 - 0x00007ffbe6057000 	C:\Windows\System32\bcrypt.dll
0x00007ffbc0260000 - 0x00007ffbc02a5000 	C:\Users\Gabriel\.openjfx\cache\13\glass.dll
0x00007ffbe7190000 - 0x00007ffbe726a000 	C:\Windows\System32\COMDLG32.dll
0x00007ffbe76f0000 - 0x00007ffbe7805000 	C:\Windows\System32\MSCTF.dll
0x00007ffbd8840000 - 0x00007ffbd999e000 	C:\Windows\System32\DriverStore\FileRepository\igdlh64.inf_amd64_6d1fd205efa7f979\igc64.dll
0x00007ffbdb820000 - 0x00007ffbdb85b000 	C:\Windows\SYSTEM32\dxcore.dll
0x00007ffbc8700000 - 0x00007ffbc8714000 	C:\Users\Gabriel\.openjfx\cache\13\javafx_font.dll
0x00007ffbca680000 - 0x00007ffbca8ff000 	C:\Windows\SYSTEM32\dwrite.dll
0x00007ffbe6aa0000 - 0x00007ffbe6b4f000 	C:\Windows\System32\clbcatq.dll
0x00007ffbde9d0000 - 0x00007ffbdeb84000 	C:\Windows\SYSTEM32\WindowsCodecs.dll
0x00007ffbc8420000 - 0x00007ffbc845e000 	C:\Windows\system32\dataexchange.dll
0x00007ffbe1af0000 - 0x00007ffbe1d53000 	C:\Windows\system32\d3d11.dll
0x00007ffbe45f0000 - 0x00007ffbe46e3000 	C:\Windows\system32\dxgi.dll
0x00007ffbe2780000 - 0x00007ffbe2963000 	C:\Windows\system32\dcomp.dll
0x00007ffbdef60000 - 0x00007ffbdf160000 	C:\Windows\system32\twinapi.appcore.dll
0x00007ffbdeda0000 - 0x00007ffbdedd4000 	C:\Program Files\Common Files\Microsoft Shared\Ink\rtscom.dll
0x00007ffbce590000 - 0x00007ffbce689000 	C:\Windows\SYSTEM32\textinputframework.dll
0x00007ffbe2970000 - 0x00007ffbe2cce000 	C:\Windows\System32\CoreUIComponents.dll
0x00007ffbe3050000 - 0x00007ffbe3142000 	C:\Windows\System32\CoreMessaging.dll
0x00007ffbe4ec0000 - 0x00007ffbe4ef3000 	C:\Windows\SYSTEM32\ntmarta.dll
0x00007ffbe1990000 - 0x00007ffbe1ae4000 	C:\Windows\SYSTEM32\wintypes.dll
0x00007ffbd86f0000 - 0x00007ffbd8756000 	C:\Windows\system32\Oleacc.dll
0x00007ffbc6480000 - 0x00007ffbc64ac000 	C:\Users\Gabriel\.openjfx\cache\13\javafx_iio.dll

dbghelp: loaded successfully - version: 4.0.5 - missing functions: none
symbol engine: initialized successfully - sym options: 0x614 - pdb path: .;C:\Program Files\Java\jdk-19\bin;C:\Windows\SYSTEM32;C:\Windows\WinSxS\amd64_microsoft.windows.common-controls_6595b64144ccf1df_6.0.19041.1110_none_60b5254171f9507e;C:\Program Files\Java\jdk-19\bin\server;C:\Users\Gabriel\.openjfx\cache\13;C:\Windows\System32\DriverStore\FileRepository\igdlh64.inf_amd64_6d1fd205efa7f979;C:\Program Files\Common Files\Microsoft Shared\Ink

VM Arguments:
jvm_args: --module-path=C:\Users\Gabriel\Downloads\teste4\Trabalho-Final-POO\batalha-pokemon\target\classes;C:\Users\Gabriel\.m2\repository\org\openjfx\javafx-base\13\javafx-base-13-win.jar;C:\Users\Gabriel\.m2\repository\org\openjfx\javafx-controls\13\javafx-controls-13-win.jar;C:\Users\Gabriel\.m2\repository\org\openjfx\javafx-fxml\13\javafx-fxml-13-win.jar;C:\Users\Gabriel\.m2\repository\org\openjfx\javafx-graphics\13\javafx-graphics-13-win.jar --add-modules=poo -Djdk.module.main=poo 
java_command: poo/poo.App
java_class_path (initial): C:\Users\Gabriel\.m2\repository\org\openjfx\javafx-base\13\javafx-base-13.jar;C:\Users\Gabriel\.m2\repository\org\openjfx\javafx-controls\13\javafx-controls-13.jar;C:\Users\Gabriel\.m2\repository\org\openjfx\javafx-fxml\13\javafx-fxml-13.jar;C:\Users\Gabriel\.m2\repository\org\openjfx\javafx-graphics\13\javafx-graphics-13.jar
Launcher Type: SUN_STANDARD

[Global flags]
     intx CICompilerCount                          = 4                                         {product} {ergonomic}
     uint ConcGCThreads                            = 2                                         {product} {ergonomic}
     uint G1ConcRefinementThreads                  = 8                                         {product} {ergonomic}
   size_t G1HeapRegionSize                         = 1048576                                   {product} {ergonomic}
    uintx GCDrainStackTargetSize                   = 64                                        {product} {ergonomic}
   size_t InitialHeapSize                          = 134217728                                 {product} {ergonomic}
   size_t MarkStackSize                            = 4194304                                   {product} {ergonomic}
   size_t MaxHeapSize                              = 2128609280                                {product} {ergonomic}
   size_t MaxNewSize                               = 1277165568                                {product} {ergonomic}
   size_t MinHeapDeltaBytes                        = 1048576                                   {product} {ergonomic}
   size_t MinHeapSize                              = 8388608                                   {product} {ergonomic}
    uintx NonNMethodCodeHeapSize                   = 5839372                                {pd product} {ergonomic}
    uintx NonProfiledCodeHeapSize                  = 122909434                              {pd product} {ergonomic}
    uintx ProfiledCodeHeapSize                     = 122909434                              {pd product} {ergonomic}
    uintx ReservedCodeCacheSize                    = 251658240                              {pd product} {ergonomic}
     bool SegmentedCodeCache                       = true                                      {product} {ergonomic}
   size_t SoftMaxHeapSize                          = 2128609280                             {manageable} {ergonomic}
     bool UseCompressedClassPointers               = true                           {product lp64_product} {ergonomic}
     bool UseCompressedOops                        = true                           {product lp64_product} {ergonomic}
     bool UseG1GC                                  = true                                      {product} {ergonomic}
     bool UseLargePagesIndividualAllocation        = false                                  {pd product} {ergonomic}

Logging:
Log output configuration:
 #0: stdout all=off uptime,level,tags foldmultilines=false
 #1: stderr all=off uptime,level,tags foldmultilines=false

Environment Variables:
JAVA_HOME=C:\Program Files\Java\jdk-19
PATH=C:\Program Files\Common Files\Oracle\Java\javapath;C:\Program Files\Eclipse Adoptium\jdk-17.0.4.101-hotspot\bin;C:\Program Files (x86)\Common Files\Oracle\Java\javapath;C:\Windows\system32;C:\Windows;C:\Windows\System32\Wbem;C:\Windows\System32\WindowsPowerShell\v1.0\;C:\Windows\System32\OpenSSH\;C:\Program Files\Git\cmd;C:\Users\Gabriel\AppData\Local\Microsoft\WindowsApps;C:\Users\Gabriel\AppData\Local\Programs\Microsoft VS Code\bin;C:\Users\Gabriel\AppData\Local\GitHubDesktop\bin;C:\Program Files (x86)\Maven\apache-maven-3.8.6\bin;C:\Program Files\Java\jdk-19\bin;
USERNAME=Gabriel
LANG=pt_BR.UTF-8
OS=Windows_NT
PROCESSOR_IDENTIFIER=Intel64 Family 6 Model 94 Stepping 3, GenuineIntel
TMP=C:\Users\Gabriel\AppData\Local\Temp
TEMP=C:\Users\Gabriel\AppData\Local\Temp



---------------  S Y S T E M  ---------------

OS:
 Windows 10 , 64 bit Build 19041 (10.0.19041.2251)
OS uptime: 2 days 1:34 hours

CPU: total 8 (initial active 8) (4 cores per cpu, 2 threads per core) family 6 model 94 stepping 3 microcode 0xcc, cx8, cmov, fxsr, ht, mmx, 3dnowpref, sse, sse2, sse3, ssse3, sse4.1, sse4.2, popcnt, lzcnt, tsc, tscinvbit, avx, avx2, aes, erms, clmul, bmi1, bmi2, rtm, adx, fma, vzeroupper, clflush, clflushopt, rdtscp

Memory: 4k page, system-wide physical 8112M (666M free)
TotalPageFile size 19888M (AvailPageFile size 7605M)
current process WorkingSet (physical memory assigned to process): 217M, peak: 253M
current process commit charge ("private bytes"): 341M, peak: 371M

vm_info: Java HotSpot(TM) 64-Bit Server VM (19.0.1+10-21) for windows-amd64 JRE (19.0.1+10-21), built on 2022-09-14T12:45:06Z by "mach5one" with MS VC++ 17.1 (VS2022)

END.
