#
# A fatal error has been detected by the Java Runtime Environment:
#
#  EXCEPTION_ACCESS_VIOLATION (0xc0000005) at pc=0x00007ffbc02866f0, pid=23112, tid=19812
#
# JRE version: Java(TM) SE Runtime Environment (19.0.1+10) (build 19.0.1+10-21)
# Java VM: Java HotSpot(TM) 64-Bit Server VM (19.0.1+10-21, mixed mode, sharing, tiered, compressed oops, compressed class ptrs, g1 gc, windows-amd64)
# Problematic frame:
# C  [glass.dll+0x266f0]
#
# No core dump will be written. Minidumps are not enabled by default on client versions of Windows
#
# If you would like to submit a bug report, please visit:
#   https://bugreport.java.com/bugreport/crash.jsp
#

---------------  S U M M A R Y ------------

Command Line: --module-path=C:\Users\Gabriel\Downloads\teste4\Trabalho-Final-POO\batalha-pokemon\target\classes;C:\Users\Gabriel\.m2\repository\org\openjfx\javafx-base\13\javafx-base-13-win.jar;C:\Users\Gabriel\.m2\repository\org\openjfx\javafx-controls\13\javafx-controls-13-win.jar;C:\Users\Gabriel\.m2\repository\org\openjfx\javafx-fxml\13\javafx-fxml-13-win.jar;C:\Users\Gabriel\.m2\repository\org\openjfx\javafx-graphics\13\javafx-graphics-13-win.jar --add-modules=poo -Djdk.module.main=poo poo/poo.App

Host: Intel(R) Core(TM) i7-6700HQ CPU @ 2.60GHz, 8 cores, 7G,  Windows 10 , 64 bit Build 19041 (10.0.19041.2251)
Time: Wed Nov 30 02:17:21 2022 Hora oficial do Brasil elapsed time: 9.599758 seconds (0d 0h 0m 9s)

---------------  T H R E A D  ---------------

Current thread (0x000002448620ae60):  VMThread "VM Thread" [stack: 0x0000007c4b700000,0x0000007c4b800000] [id=19812]

Stack: [0x0000007c4b700000,0x0000007c4b800000],  sp=0x0000007c4b7ff280,  free space=1020k
Native frames: (J=compiled Java code, j=interpreted, Vv=VM code, C=native code)
C  [glass.dll+0x266f0]


siginfo: EXCEPTION_ACCESS_VIOLATION (0xc0000005), reading address 0x0000000000000000


Registers:
RAX=0x0000000000000000, RBX=0x0000024486221308, RCX=0x000002448620ae60, RDX=0x0000007c4b7ff280
RSP=0x0000007c4b7ff280, RBP=0x000002448b04f7a8, RSI=0x000002448b04f780, RDI=0x0000a5e805e3faae
R8 =0x0000000000010002, R9 =0x0000a5e805e3faae, R10=0x0000000000008000, R11=0x0000007c4b7ff220
R12=0x00007ffbc0283b84, R13=0x00007ffb761172a0, R14=0x0000007c4b7ff388, R15=0x000002448b04f780
RIP=0x00007ffbc02866f0, EFLAGS=0x0000000000010206


Register to memory mapping:

RIP=0x00007ffbc02866f0 glass.dll
RAX=0x0 is NULL
RBX=0x0000024486221308 is a global jni handle
RCX=0x000002448620ae60 points into unknown readable memory: 0x00007ffb75f245e8 | e8 45 f2 75 fb 7f 00 00
RDX=0x0000007c4b7ff280 points into unknown readable memory: 0x0000000000000000 | 00 00 00 00 00 00 00 00
RSP=0x0000007c4b7ff280 points into unknown readable memory: 0x0000000000000000 | 00 00 00 00 00 00 00 00
RBP=0x000002448b04f7a8 points into unknown readable memory: 0x0000a5e805e3faae | ae fa e3 05 e8 a5 00 00
RSI=0x000002448b04f780 points into unknown readable memory: 0x0d9ba5e81a1d0aa4 | a4 0a 1d 1a e8 a5 9b 0d
RDI=0x0000a5e805e3faae is an unknown value
R8 =0x0000000000010002 is an unknown value
R9 =0x0000a5e805e3faae is an unknown value
R10=0x0000000000008000 is an unknown value
R11=0x0000007c4b7ff220 points into unknown readable memory: 0x000002448b04f780 | 80 f7 04 8b 44 02 00 00
R12=0x00007ffbc0283b84 glass.dll
R13=0x00007ffb761172a0 jvm.dll
R14=0x0000007c4b7ff388 points into unknown readable memory: 0x0000007c4b7ff370 | 70 f3 7f 4b 7c 00 00 00
R15=0x000002448b04f780 points into unknown readable memory: 0x0d9ba5e81a1d0aa4 | a4 0a 1d 1a e8 a5 9b 0d


Top of Stack: (sp=0x0000007c4b7ff280)
0x0000007c4b7ff280:   0000000000000000 00007ffbe653f05b
0x0000007c4b7ff290:   000002448b04f790 000002448b04f780
0x0000007c4b7ff2a0:   fffffffffffffffe 00007ffbc0283b84
0x0000007c4b7ff2b0:   000002448b04f788 00007ffbe65442d6
0x0000007c4b7ff2c0:   000002448b04f790 0000024400000000
0x0000007c4b7ff2d0:   000002448b04f7a8 000002448b04f780
0x0000007c4b7ff2e0:   fffffffffffffffe 0000000000000000
0x0000007c4b7ff2f0:   0000000000000001 00007ffbc0260000
0x0000007c4b7ff300:   0000007c4b7ff378 00007ffbe65441fb
0x0000007c4b7ff310:   0000000000000000 0000007c4b7ff388
0x0000007c4b7ff320:   0000007c4b7ff640 00007ffbe6620e40
0x0000007c4b7ff330:   0000000000000000 00007ffbe65441b4
0x0000007c4b7ff340:   0000000000000000 0000000000000001
0x0000007c4b7ff350:   0000000000000001 0000007c4b7ff378
0x0000007c4b7ff360:   0000000000000006 00007ffbc0283a12
0x0000007c4b7ff370:   00007ffbc029d118 0000007c00000002 

Instructions: (pc=0x00007ffbc02866f0)
0x00007ffbc02865f0:   8b 4d 60 e8 98 c9 ff ff 48 8b 55 68 48 8b 8d 08
0x00007ffbc0286600:   01 00 00 e8 49 be ff ff 33 d2 33 c9 e8 49 de ff
0x00007ffbc0286610:   ff 90 cc cc cc cc cc cc cc cc cc cc cc cc cc cc
0x00007ffbc0286620:   48 8d 8a 80 00 00 00 e9 14 e9 fe ff 48 89 54 24
0x00007ffbc0286630:   10 55 48 83 ec 20 48 8b ea 48 8d 05 dd ca ff ff
0x00007ffbc0286640:   48 83 c4 20 5d c3 cc 40 55 48 8b ea 48 8b 01 33
0x00007ffbc0286650:   c9 81 38 05 00 00 c0 0f 94 c1 8b c1 5d c3 cc 40
0x00007ffbc0286660:   55 48 83 ec 20 48 8b ea 8a 4d 40 48 83 c4 20 5d
0x00007ffbc0286670:   e9 df cd ff ff cc 40 55 48 83 ec 20 48 8b ea e8
0x00007ffbc0286680:   fc cb ff ff 8a 4d 38 48 83 c4 20 5d e9 c3 cd ff
0x00007ffbc0286690:   ff cc 40 55 48 83 ec 30 48 8b ea 48 8b 01 8b 10
0x00007ffbc02866a0:   48 89 4c 24 28 89 54 24 20 4c 8d 0d a4 d1 ff ff
0x00007ffbc02866b0:   4c 8b 45 70 8b 55 68 48 8b 4d 60 e8 30 cb ff ff
0x00007ffbc02866c0:   90 48 83 c4 30 5d c3 cc cc cc cc cc cc cc cc cc
0x00007ffbc02866d0:   40 53 48 83 ec 30 48 c7 44 24 20 fe ff ff ff 48
0x00007ffbc02866e0:   8b 1d 2a 64 01 00 48 85 db 74 16 e8 90 85 ff ff
0x00007ffbc02866f0:   4c 8b 00 48 8b d3 48 8b c8 41 ff 90 b0 00 00 00
0x00007ffbc0286700:   90 48 83 c4 30 5b c3 cc cc cc cc cc cc cc cc cc
0x00007ffbc0286710:   40 53 48 83 ec 20 48 8b 1d 9b 65 01 00 48 85 db
0x00007ffbc0286720:   74 57 b8 ff ff ff ff f0 0f c1 43 10 83 f8 01 75
0x00007ffbc0286730:   3d 48 85 db 74 38 48 8b 0b 48 85 c9 74 0d ff 15
0x00007ffbc0286740:   64 0b 00 00 48 c7 03 00 00 00 00 48 8b 4b 08 48
0x00007ffbc0286750:   85 c9 74 0d e8 37 c8 ff ff 48 c7 43 08 00 00 00
0x00007ffbc0286760:   00 ba 18 00 00 00 48 8b cb e8 22 c8 ff ff 48 c7
0x00007ffbc0286770:   05 3f 65 01 00 00 00 00 00 48 83 c4 20 5b c3 cc
0x00007ffbc0286780:   40 53 48 83 ec 20 48 8b 1d 0b 65 01 00 48 85 db
0x00007ffbc0286790:   74 57 b8 ff ff ff ff f0 0f c1 43 10 83 f8 01 75
0x00007ffbc02867a0:   3d 48 85 db 74 38 48 8b 0b 48 85 c9 74 0d ff 15
0x00007ffbc02867b0:   f4 0a 00 00 48 c7 03 00 00 00 00 48 8b 4b 08 48
0x00007ffbc02867c0:   85 c9 74 0d e8 c7 c7 ff ff 48 c7 43 08 00 00 00
0x00007ffbc02867d0:   00 ba 18 00 00 00 48 8b cb e8 b2 c7 ff ff 48 c7
0x00007ffbc02867e0:   05 af 64 01 00 00 00 00 00 48 83 c4 20 5b c3 cc 


Stack slot to memory mapping:
stack at sp + 0 slots: 0x0 is NULL
stack at sp + 1 slots: 0x00007ffbe653f05b ucrtbase.dll
stack at sp + 2 slots: 0x000002448b04f790 points into unknown readable memory: 0x0000a5e805e3faae | ae fa e3 05 e8 a5 00 00
stack at sp + 3 slots: 0x000002448b04f780 points into unknown readable memory: 0x0d9ba5e81a1d0aa4 | a4 0a 1d 1a e8 a5 9b 0d
stack at sp + 4 slots: 0xfffffffffffffffe is an unknown value
stack at sp + 5 slots: 0x00007ffbc0283b84 glass.dll
stack at sp + 6 slots: 0x000002448b04f788 points into unknown readable memory: 0x0000a5e805e3faae | ae fa e3 05 e8 a5 00 00
stack at sp + 7 slots: 0x00007ffbe65442d6 ucrtbase.dll

VM_Operation (0x0000007c4c7fc270): Exit, mode: safepoint, requested by thread 0x000002448b067f70


---------------  P R O C E S S  ---------------

Threads class SMR info:
_java_thread_list=0x000002448b2d6130, length=18, elements={
0x00000244e593e7d0, 0x0000024486225270, 0x0000024486227bb0, 0x0000024486229c20,
0x000002448622a550, 0x000002448622b100, 0x0000024486243820, 0x0000024486267300,
0x0000024486270440, 0x000002448a495520, 0x000002448ac169f0, 0x000002448acba4d0,
0x000002448b082120, 0x000002448b067f70, 0x000002448b14cd20, 0x000002448b26b0e0,
0x000002448b549cf0, 0x000002448b54a240
}

Java Threads: ( => current thread )
  0x00000244e593e7d0 JavaThread "main" [_thread_blocked, id=19372, stack(0x0000007c4b100000,0x0000007c4b200000)]
  0x0000024486225270 JavaThread "Reference Handler" daemon [_thread_blocked, id=19508, stack(0x0000007c4b800000,0x0000007c4b900000)]
  0x0000024486227bb0 JavaThread "Finalizer" daemon [_thread_blocked, id=16344, stack(0x0000007c4b900000,0x0000007c4ba00000)]
  0x0000024486229c20 JavaThread "Attach Listener" daemon [_thread_blocked, id=4200, stack(0x0000007c4bb00000,0x0000007c4bc00000)]
  0x000002448622a550 JavaThread "Service Thread" daemon [_thread_blocked, id=22080, stack(0x0000007c4bc00000,0x0000007c4bd00000)]
  0x000002448622b100 JavaThread "Monitor Deflation Thread" daemon [_thread_blocked, id=21288, stack(0x0000007c4bd00000,0x0000007c4be00000)]
  0x0000024486243820 JavaThread "C2 CompilerThread0" daemon [_thread_blocked, id=21752, stack(0x0000007c4be00000,0x0000007c4bf00000)]
  0x0000024486267300 JavaThread "C1 CompilerThread0" daemon [_thread_blocked, id=17832, stack(0x0000007c4bf00000,0x0000007c4c000000)]
  0x0000024486270440 JavaThread "Sweeper thread" daemon [_thread_blocked, id=7708, stack(0x0000007c4c000000,0x0000007c4c100000)]
  0x000002448a495520 JavaThread "Common-Cleaner" daemon [_thread_blocked, id=18324, stack(0x0000007c4c100000,0x0000007c4c200000)]
  0x000002448ac169f0 JavaThread "Notification Thread" daemon [_thread_blocked, id=20296, stack(0x0000007c4c400000,0x0000007c4c500000)]
  0x000002448acba4d0 JavaThread "QuantumRenderer-0" daemon [_thread_blocked, id=21832, stack(0x0000007c4c200000,0x0000007c4c300000)]
  0x000002448b082120 JavaThread "InvokeLaterDispatcher" daemon [_thread_blocked, id=22952, stack(0x0000007c4c600000,0x0000007c4c700000)]
  0x000002448b067f70 JavaThread "JavaFX Application Thread" [_thread_blocked, id=22772, stack(0x0000007c4c700000,0x0000007c4c800000)]
  0x000002448b14cd20 JavaThread "Thread-1" daemon [_thread_in_native, id=12632, stack(0x0000007c4cb00000,0x0000007c4cc00000)]
  0x000002448b26b0e0 JavaThread "JavaFX-Launcher" [_thread_blocked, id=11652, stack(0x0000007c4cc00000,0x0000007c4cd00000)]
  0x000002448b549cf0 JavaThread "Prism Font Disposer" daemon [_thread_blocked, id=2500, stack(0x0000007c4d600000,0x0000007c4d700000)]
  0x000002448b54a240 JavaThread "Cleaner-0" daemon [_thread_blocked, id=20116, stack(0x0000007c4d200000,0x0000007c4d300000)]

Other Threads:
=>0x000002448620ae60 VMThread "VM Thread" [stack: 0x0000007c4b700000,0x0000007c4b800000] [id=19812]
  0x00000244e79eba70 WorkerThread "GC Thread#0" [stack: 0x0000007c4b200000,0x0000007c4b300000] [id=15868]
  0x000002448b22e5d0 WorkerThread "GC Thread#1" [stack: 0x0000007c4cd00000,0x0000007c4ce00000] [id=20140]
  0x000002448b22e8a0 WorkerThread "GC Thread#2" [stack: 0x0000007c4ce00000,0x0000007c4cf00000] [id=20520]
  0x000002448b2a7d10 WorkerThread "GC Thread#3" [stack: 0x0000007c4cf00000,0x0000007c4d000000] [id=17152]
  0x000002448b2a7a40 WorkerThread "GC Thread#4" [stack: 0x0000007c4d000000,0x0000007c4d100000] [id=18544]
  0x000002448b2a71d0 WorkerThread "GC Thread#5" [stack: 0x0000007c4d100000,0x0000007c4d200000] [id=21372]
  0x000002448b2a8850 WorkerThread "GC Thread#6" [stack: 0x0000007c4d700000,0x0000007c4d800000] [id=19312]
  0x000002448b2a8b20 WorkerThread "GC Thread#7" [stack: 0x0000007c4d800000,0x0000007c4d900000] [id=5388]
  0x00000244e79fc790 ConcurrentGCThread "G1 Main Marker" terminated
  0x00000244e79fd360 WorkerThread "G1 Conc#0" [stack: 0x0000007c4b400000,0x0000007c4b500000] [id=2016]
  0x00000244e7a5e2c0 ConcurrentGCThread "G1 Refine#0" terminated
  0x00000244860c9500 ConcurrentGCThread "G1 Service" terminated

Threads with active compile tasks:
C2 CompilerThread0  
[error occurred during error reporting (printing all threads), id 0xc0000005, EXCEPTION_ACCESS_VIOLATION (0xc0000005) at pc=0x00007ffb75d10753]

VM state: at safepoint (shutting down)

VM Mutex/Monitor currently owned by a thread:  ([mutex/lock_event])
[0x00000244e593a980] Threads_lock - owner thread: 0x000002448620ae60
[0x00000244e593aa10] Heap_lock - owner thread: 0x000002448b067f70

Heap address: 0x0000000081200000, size: 2030 MB, Compressed Oops mode: 32-bit

CDS archive(s) mapped at: [0x0000000800000000-0x0000000800c40000-0x0000000800c40000), size 12845056, SharedBaseAddress: 0x0000000800000000, ArchiveRelocationMode: 0.
Compressed class space mapped at: 0x0000000801000000-0x0000000841000000, reserved size: 1073741824
Narrow klass base: 0x0000000800000000, Narrow klass shift: 0, Narrow klass range: 0x100000000

GC Precious Log:
 CardTable entry size: 512
 Card Set container configuration: InlinePtr #cards 5 size 8 Array Of Cards #cards 12 size 40 Howl #buckets 4 coarsen threshold 1843 Howl Bitmap #cards 512 size 80 coarsen threshold 460 Card regions per heap region 1 cards per card region 2048
 CPUs: 8 total, 8 available
 Memory: 8112M
 Large Page Support: Disabled
 NUMA Support: Disabled
 Compressed Oops: Enabled (32-bit)
 Heap Region Size: 1M
 Heap Min Capacity: 8M
 Heap Initial Capacity: 128M
 Heap Max Capacity: 2030M
 Pre-touch: Disabled
 Parallel Workers: 8
 Concurrent Workers: 2
 Concurrent Refinement Workers: 8
 Periodic GC: Disabled

Heap:
 garbage-first heap   total 131072K, used 24408K [0x0000000081200000, 0x0000000100000000)
  region size 1024K, 12 young (12288K), 5 survivors (5120K)
 Metaspace       used 15783K, committed 16064K, reserved 1114112K
  class space    used 2352K, committed 2496K, reserved 1048576K

Heap Regions: E=young(eden), S=young(survivor), O=old, HS=humongous(starts), HC=humongous(continues), CS=collection set, F=free, OA=open archive, CA=closed archive, TAMS=top-at-mark-start (previous, next)
|   0|0x0000000081200000, 0x0000000081300000, 0x0000000081300000|100%|HS|  |TAMS 0x0000000081200000, 0x0000000081200000| Complete 
|   1|0x0000000081300000, 0x0000000081400000, 0x0000000081400000|100%|HC|  |TAMS 0x0000000081300000, 0x0000000081300000| Complete 
|   2|0x0000000081400000, 0x0000000081500000, 0x0000000081500000|100%|HC|  |TAMS 0x0000000081400000, 0x0000000081400000| Complete 
|   3|0x0000000081500000, 0x0000000081600000, 0x0000000081600000|100%|HC|  |TAMS 0x0000000081500000, 0x0000000081500000| Complete 
|   4|0x0000000081600000, 0x0000000081700000, 0x0000000081700000|100%|HC|  |TAMS 0x0000000081600000, 0x0000000081600000| Complete 
|   5|0x0000000081700000, 0x0000000081800000, 0x0000000081800000|100%|HC|  |TAMS 0x0000000081700000, 0x0000000081700000| Complete 
|   6|0x0000000081800000, 0x0000000081900000, 0x0000000081900000|100%|HS|  |TAMS 0x0000000081800000, 0x0000000081800000| Complete 
|   7|0x0000000081900000, 0x0000000081a00000, 0x0000000081a00000|100%|HC|  |TAMS 0x0000000081900000, 0x0000000081900000| Complete 
|   8|0x0000000081a00000, 0x0000000081b00000, 0x0000000081b00000|100%|HC|  |TAMS 0x0000000081a00000, 0x0000000081a00000| Complete 
|   9|0x0000000081b00000, 0x0000000081c00000, 0x0000000081c00000|100%|HS|  |TAMS 0x0000000081b00000, 0x0000000081b00000| Complete 
|  10|0x0000000081c00000, 0x0000000081d00000, 0x0000000081d00000|100%|HC|  |TAMS 0x0000000081c00000, 0x0000000081c00000| Complete 
|  11|0x0000000081d00000, 0x0000000081e00000, 0x0000000081e00000|100%| O|  |TAMS 0x0000000081d00000, 0x0000000081d00000| Untracked 
|  12|0x0000000081e00000, 0x0000000081f00000, 0x0000000081f00000|100%| O|  |TAMS 0x0000000081e00000, 0x0000000081e00000| Untracked 
|  13|0x0000000081f00000, 0x0000000081f92c00, 0x0000000082000000| 57%| O|  |TAMS 0x0000000081f00000, 0x0000000081f00000| Untracked 
|  14|0x0000000082000000, 0x0000000082000000, 0x0000000082100000|  0%| F|  |TAMS 0x0000000082000000, 0x0000000082000000| Untracked 
|  15|0x0000000082100000, 0x0000000082100000, 0x0000000082200000|  0%| F|  |TAMS 0x0000000082100000, 0x0000000082100000| Untracked 
|  16|0x0000000082200000, 0x0000000082200000, 0x0000000082300000|  0%| F|  |TAMS 0x0000000082200000, 0x0000000082200000| Untracked 
|  17|0x0000000082300000, 0x0000000082300000, 0x0000000082400000|  0%| F|  |TAMS 0x0000000082300000, 0x0000000082300000| Untracked 
|  18|0x0000000082400000, 0x0000000082400000, 0x0000000082500000|  0%| F|  |TAMS 0x0000000082400000, 0x0000000082400000| Untracked 
|  19|0x0000000082500000, 0x0000000082500000, 0x0000000082600000|  0%| F|  |TAMS 0x0000000082500000, 0x0000000082500000| Untracked 
|  20|0x0000000082600000, 0x0000000082600000, 0x0000000082700000|  0%| F|  |TAMS 0x0000000082600000, 0x0000000082600000| Untracked 
|  21|0x0000000082700000, 0x0000000082700000, 0x0000000082800000|  0%| F|  |TAMS 0x0000000082700000, 0x0000000082700000| Untracked 
|  22|0x0000000082800000, 0x0000000082800000, 0x0000000082900000|  0%| F|  |TAMS 0x0000000082800000, 0x0000000082800000| Untracked 
|  23|0x0000000082900000, 0x0000000082900000, 0x0000000082a00000|  0%| F|  |TAMS 0x0000000082900000, 0x0000000082900000| Untracked 
|  24|0x0000000082a00000, 0x0000000082a00000, 0x0000000082b00000|  0%| F|  |TAMS 0x0000000082a00000, 0x0000000082a00000| Untracked 
|  25|0x0000000082b00000, 0x0000000082b00000, 0x0000000082c00000|  0%| F|  |TAMS 0x0000000082b00000, 0x0000000082b00000| Untracked 
|  26|0x0000000082c00000, 0x0000000082c00000, 0x0000000082d00000|  0%| F|  |TAMS 0x0000000082c00000, 0x0000000082c00000| Untracked 
|  27|0x0000000082d00000, 0x0000000082d00000, 0x0000000082e00000|  0%| F|  |TAMS 0x0000000082d00000, 0x0000000082d00000| Untracked 
|  28|0x0000000082e00000, 0x0000000082e00000, 0x0000000082f00000|  0%| F|  |TAMS 0x0000000082e00000, 0x0000000082e00000| Untracked 
|  29|0x0000000082f00000, 0x0000000082f00000, 0x0000000083000000|  0%| F|  |TAMS 0x0000000082f00000, 0x0000000082f00000| Untracked 
|  30|0x0000000083000000, 0x0000000083000000, 0x0000000083100000|  0%| F|  |TAMS 0x0000000083000000, 0x0000000083000000| Untracked 
|  31|0x0000000083100000, 0x0000000083100000, 0x0000000083200000|  0%| F|  |TAMS 0x0000000083100000, 0x0000000083100000| Untracked 
|  32|0x0000000083200000, 0x0000000083200000, 0x0000000083300000|  0%| F|  |TAMS 0x0000000083200000, 0x0000000083200000| Untracked 
|  33|0x0000000083300000, 0x0000000083300000, 0x0000000083400000|  0%| F|  |TAMS 0x0000000083300000, 0x0000000083300000| Untracked 
|  34|0x0000000083400000, 0x0000000083400000, 0x0000000083500000|  0%| F|  |TAMS 0x0000000083400000, 0x0000000083400000| Untracked 
|  35|0x0000000083500000, 0x0000000083500000, 0x0000000083600000|  0%| F|  |TAMS 0x0000000083500000, 0x0000000083500000| Untracked 
|  36|0x0000000083600000, 0x0000000083600000, 0x0000000083700000|  0%| F|  |TAMS 0x0000000083600000, 0x0000000083600000| Untracked 
|  37|0x0000000083700000, 0x0000000083700000, 0x0000000083800000|  0%| F|  |TAMS 0x0000000083700000, 0x0000000083700000| Untracked 
|  38|0x0000000083800000, 0x0000000083800000, 0x0000000083900000|  0%| F|  |TAMS 0x0000000083800000, 0x0000000083800000| Untracked 
|  39|0x0000000083900000, 0x0000000083900000, 0x0000000083a00000|  0%| F|  |TAMS 0x0000000083900000, 0x0000000083900000| Untracked 
|  40|0x0000000083a00000, 0x0000000083a00000, 0x0000000083b00000|  0%| F|  |TAMS 0x0000000083a00000, 0x0000000083a00000| Untracked 
|  41|0x0000000083b00000, 0x0000000083b00000, 0x0000000083c00000|  0%| F|  |TAMS 0x0000000083b00000, 0x0000000083b00000| Untracked 
|  42|0x0000000083c00000, 0x0000000083c00000, 0x0000000083d00000|  0%| F|  |TAMS 0x0000000083c00000, 0x0000000083c00000| Untracked 
|  43|0x0000000083d00000, 0x0000000083d00000, 0x0000000083e00000|  0%| F|  |TAMS 0x0000000083d00000, 0x0000000083d00000| Untracked 
|  44|0x0000000083e00000, 0x0000000083e00000, 0x0000000083f00000|  0%| F|  |TAMS 0x0000000083e00000, 0x0000000083e00000| Untracked 
|  45|0x0000000083f00000, 0x0000000083f00000, 0x0000000084000000|  0%| F|  |TAMS 0x0000000083f00000, 0x0000000083f00000| Untracked 
|  46|0x0000000084000000, 0x0000000084000000, 0x0000000084100000|  0%| F|  |TAMS 0x0000000084000000, 0x0000000084000000| Untracked 
|  47|0x0000000084100000, 0x0000000084100000, 0x0000000084200000|  0%| F|  |TAMS 0x0000000084100000, 0x0000000084100000| Untracked 
|  48|0x0000000084200000, 0x0000000084200000, 0x0000000084300000|  0%| F|  |TAMS 0x0000000084200000, 0x0000000084200000| Untracked 
|  49|0x0000000084300000, 0x0000000084300000, 0x0000000084400000|  0%| F|  |TAMS 0x0000000084300000, 0x0000000084300000| Untracked 
|  50|0x0000000084400000, 0x0000000084400000, 0x0000000084500000|  0%| F|  |TAMS 0x0000000084400000, 0x0000000084400000| Untracked 
|  51|0x0000000084500000, 0x0000000084500000, 0x0000000084600000|  0%| F|  |TAMS 0x0000000084500000, 0x0000000084500000| Untracked 
|  52|0x0000000084600000, 0x0000000084600000, 0x0000000084700000|  0%| F|  |TAMS 0x0000000084600000, 0x0000000084600000| Untracked 
|  53|0x0000000084700000, 0x0000000084700000, 0x0000000084800000|  0%| F|  |TAMS 0x0000000084700000, 0x0000000084700000| Untracked 
|  54|0x0000000084800000, 0x0000000084800000, 0x0000000084900000|  0%| F|  |TAMS 0x0000000084800000, 0x0000000084800000| Untracked 
|  55|0x0000000084900000, 0x0000000084900000, 0x0000000084a00000|  0%| F|  |TAMS 0x0000000084900000, 0x0000000084900000| Untracked 
|  56|0x0000000084a00000, 0x0000000084a00000, 0x0000000084b00000|  0%| F|  |TAMS 0x0000000084a00000, 0x0000000084a00000| Untracked 
|  57|0x0000000084b00000, 0x0000000084b00000, 0x0000000084c00000|  0%| F|  |TAMS 0x0000000084b00000, 0x0000000084b00000| Untracked 
|  58|0x0000000084c00000, 0x0000000084c00000, 0x0000000084d00000|  0%| F|  |TAMS 0x0000000084c00000, 0x0000000084c00000| Untracked 
|  59|0x0000000084d00000, 0x0000000084d00000, 0x0000000084e00000|  0%| F|  |TAMS 0x0000000084d00000, 0x0000000084d00000| Untracked 
|  60|0x0000000084e00000, 0x0000000084e00000, 0x0000000084f00000|  0%| F|  |TAMS 0x0000000084e00000, 0x0000000084e00000| Untracked 
|  61|0x0000000084f00000, 0x0000000084f00000, 0x0000000085000000|  0%| F|  |TAMS 0x0000000084f00000, 0x0000000084f00000| Untracked 
|  62|0x0000000085000000, 0x0000000085000000, 0x0000000085100000|  0%| F|  |TAMS 0x0000000085000000, 0x0000000085000000| Untracked 
|  63|0x0000000085100000, 0x0000000085100000, 0x0000000085200000|  0%| F|  |TAMS 0x0000000085100000, 0x0000000085100000| Untracked 
|  64|0x0000000085200000, 0x0000000085200000, 0x0000000085300000|  0%| F|  |TAMS 0x0000000085200000, 0x0000000085200000| Untracked 
|  65|0x0000000085300000, 0x0000000085300000, 0x0000000085400000|  0%| F|  |TAMS 0x0000000085300000, 0x0000000085300000| Untracked 
|  66|0x0000000085400000, 0x0000000085400000, 0x0000000085500000|  0%| F|  |TAMS 0x0000000085400000, 0x0000000085400000| Untracked 
|  67|0x0000000085500000, 0x0000000085500000, 0x0000000085600000|  0%| F|  |TAMS 0x0000000085500000, 0x0000000085500000| Untracked 
|  68|0x0000000085600000, 0x0000000085600000, 0x0000000085700000|  0%| F|  |TAMS 0x0000000085600000, 0x0000000085600000| Untracked 
|  69|0x0000000085700000, 0x0000000085700000, 0x0000000085800000|  0%| F|  |TAMS 0x0000000085700000, 0x0000000085700000| Untracked 
|  70|0x0000000085800000, 0x0000000085800000, 0x0000000085900000|  0%| F|  |TAMS 0x0000000085800000, 0x0000000085800000| Untracked 
|  71|0x0000000085900000, 0x0000000085900000, 0x0000000085a00000|  0%| F|  |TAMS 0x0000000085900000, 0x0000000085900000| Untracked 
|  72|0x0000000085a00000, 0x0000000085a00000, 0x0000000085b00000|  0%| F|  |TAMS 0x0000000085a00000, 0x0000000085a00000| Untracked 
|  73|0x0000000085b00000, 0x0000000085b00000, 0x0000000085c00000|  0%| F|  |TAMS 0x0000000085b00000, 0x0000000085b00000| Untracked 
|  74|0x0000000085c00000, 0x0000000085c00000, 0x0000000085d00000|  0%| F|  |TAMS 0x0000000085c00000, 0x0000000085c00000| Untracked 
|  75|0x0000000085d00000, 0x0000000085d00000, 0x0000000085e00000|  0%| F|  |TAMS 0x0000000085d00000, 0x0000000085d00000| Untracked 
|  76|0x0000000085e00000, 0x0000000085e00000, 0x0000000085f00000|  0%| F|  |TAMS 0x0000000085e00000, 0x0000000085e00000| Untracked 
|  77|0x0000000085f00000, 0x0000000085f00000, 0x0000000086000000|  0%| F|  |TAMS 0x0000000085f00000, 0x0000000085f00000| Untracked 
|  78|0x0000000086000000, 0x0000000086000000, 0x0000000086100000|  0%| F|  |TAMS 0x0000000086000000, 0x0000000086000000| Untracked 
|  79|0x0000000086100000, 0x0000000086100000, 0x0000000086200000|  0%| F|  |TAMS 0x0000000086100000, 0x0000000086100000| Untracked 
|  80|0x0000000086200000, 0x0000000086200000, 0x0000000086300000|  0%| F|  |TAMS 0x0000000086200000, 0x0000000086200000| Untracked 
|  81|0x0000000086300000, 0x0000000086300000, 0x0000000086400000|  0%| F|  |TAMS 0x0000000086300000, 0x0000000086300000| Untracked 
|  82|0x0000000086400000, 0x0000000086400000, 0x0000000086500000|  0%| F|  |TAMS 0x0000000086400000, 0x0000000086400000| Untracked 
|  83|0x0000000086500000, 0x0000000086500000, 0x0000000086600000|  0%| F|  |TAMS 0x0000000086500000, 0x0000000086500000| Untracked 
|  84|0x0000000086600000, 0x0000000086600000, 0x0000000086700000|  0%| F|  |TAMS 0x0000000086600000, 0x0000000086600000| Untracked 
|  85|0x0000000086700000, 0x0000000086700000, 0x0000000086800000|  0%| F|  |TAMS 0x0000000086700000, 0x0000000086700000| Untracked 
|  86|0x0000000086800000, 0x00000000868436f0, 0x0000000086900000| 26%| S|CS|TAMS 0x0000000086800000, 0x0000000086800000| Complete 
|  87|0x0000000086900000, 0x0000000086a00000, 0x0000000086a00000|100%| S|CS|TAMS 0x0000000086900000, 0x0000000086900000| Complete 
|  88|0x0000000086a00000, 0x0000000086b00000, 0x0000000086b00000|100%| S|CS|TAMS 0x0000000086a00000, 0x0000000086a00000| Complete 
|  89|0x0000000086b00000, 0x0000000086c00000, 0x0000000086c00000|100%| S|CS|TAMS 0x0000000086b00000, 0x0000000086b00000| Complete 
|  90|0x0000000086c00000, 0x0000000086d00000, 0x0000000086d00000|100%| S|CS|TAMS 0x0000000086c00000, 0x0000000086c00000| Complete 
|  91|0x0000000086d00000, 0x0000000086d00000, 0x0000000086e00000|  0%| F|  |TAMS 0x0000000086d00000, 0x0000000086d00000| Untracked 
|  92|0x0000000086e00000, 0x0000000086e00000, 0x0000000086f00000|  0%| F|  |TAMS 0x0000000086e00000, 0x0000000086e00000| Untracked 
|  93|0x0000000086f00000, 0x0000000086f00000, 0x0000000087000000|  0%| F|  |TAMS 0x0000000086f00000, 0x0000000086f00000| Untracked 
|  94|0x0000000087000000, 0x0000000087000000, 0x0000000087100000|  0%| F|  |TAMS 0x0000000087000000, 0x0000000087000000| Untracked 
|  95|0x0000000087100000, 0x0000000087100000, 0x0000000087200000|  0%| F|  |TAMS 0x0000000087100000, 0x0000000087100000| Untracked 
|  96|0x0000000087200000, 0x0000000087200000, 0x0000000087300000|  0%| F|  |TAMS 0x0000000087200000, 0x0000000087200000| Untracked 
|  97|0x0000000087300000, 0x0000000087300000, 0x0000000087400000|  0%| F|  |TAMS 0x0000000087300000, 0x0000000087300000| Untracked 
|  98|0x0000000087400000, 0x0000000087400000, 0x0000000087500000|  0%| F|  |TAMS 0x0000000087400000, 0x0000000087400000| Untracked 
|  99|0x0000000087500000, 0x0000000087500000, 0x0000000087600000|  0%| F|  |TAMS 0x0000000087500000, 0x0000000087500000| Untracked 
| 100|0x0000000087600000, 0x0000000087600000, 0x0000000087700000|  0%| F|  |TAMS 0x0000000087600000, 0x0000000087600000| Untracked 
| 101|0x0000000087700000, 0x0000000087700000, 0x0000000087800000|  0%| F|  |TAMS 0x0000000087700000, 0x0000000087700000| Untracked 
| 102|0x0000000087800000, 0x0000000087800000, 0x0000000087900000|  0%| F|  |TAMS 0x0000000087800000, 0x0000000087800000| Untracked 
| 103|0x0000000087900000, 0x0000000087900000, 0x0000000087a00000|  0%| F|  |TAMS 0x0000000087900000, 0x0000000087900000| Untracked 
| 104|0x0000000087a00000, 0x0000000087a00000, 0x0000000087b00000|  0%| F|  |TAMS 0x0000000087a00000, 0x0000000087a00000| Untracked 
| 105|0x0000000087b00000, 0x0000000087b00000, 0x0000000087c00000|  0%| F|  |TAMS 0x0000000087b00000, 0x0000000087b00000| Untracked 
| 106|0x0000000087c00000, 0x0000000087c00000, 0x0000000087d00000|  0%| F|  |TAMS 0x0000000087c00000, 0x0000000087c00000| Untracked 
| 107|0x0000000087d00000, 0x0000000087d00000, 0x0000000087e00000|  0%| F|  |TAMS 0x0000000087d00000, 0x0000000087d00000| Untracked 
| 108|0x0000000087e00000, 0x0000000087e00000, 0x0000000087f00000|  0%| F|  |TAMS 0x0000000087e00000, 0x0000000087e00000| Untracked 
| 109|0x0000000087f00000, 0x0000000087f00000, 0x0000000088000000|  0%| F|  |TAMS 0x0000000087f00000, 0x0000000087f00000| Untracked 
| 110|0x0000000088000000, 0x0000000088000000, 0x0000000088100000|  0%| F|  |TAMS 0x0000000088000000, 0x0000000088000000| Untracked 
| 111|0x0000000088100000, 0x0000000088100000, 0x0000000088200000|  0%| F|  |TAMS 0x0000000088100000, 0x0000000088100000| Untracked 
| 112|0x0000000088200000, 0x0000000088200000, 0x0000000088300000|  0%| F|  |TAMS 0x0000000088200000, 0x0000000088200000| Untracked 
| 113|0x0000000088300000, 0x0000000088300000, 0x0000000088400000|  0%| F|  |TAMS 0x0000000088300000, 0x0000000088300000| Untracked 
| 114|0x0000000088400000, 0x0000000088400000, 0x0000000088500000|  0%| F|  |TAMS 0x0000000088400000, 0x0000000088400000| Untracked 
| 115|0x0000000088500000, 0x0000000088500000, 0x0000000088600000|  0%| F|  |TAMS 0x0000000088500000, 0x0000000088500000| Untracked 
| 116|0x0000000088600000, 0x0000000088600000, 0x0000000088700000|  0%| F|  |TAMS 0x0000000088600000, 0x0000000088600000| Untracked 
| 117|0x0000000088700000, 0x0000000088700000, 0x0000000088800000|  0%| F|  |TAMS 0x0000000088700000, 0x0000000088700000| Untracked 
| 118|0x0000000088800000, 0x0000000088800000, 0x0000000088900000|  0%| F|  |TAMS 0x0000000088800000, 0x0000000088800000| Untracked 
| 119|0x0000000088900000, 0x0000000088900000, 0x0000000088a00000|  0%| F|  |TAMS 0x0000000088900000, 0x0000000088900000| Untracked 
| 120|0x0000000088a00000, 0x0000000088a00000, 0x0000000088b00000|  0%| F|  |TAMS 0x0000000088a00000, 0x0000000088a00000| Untracked 
| 121|0x0000000088b00000, 0x0000000088be14b8, 0x0000000088c00000| 88%| E|  |TAMS 0x0000000088b00000, 0x0000000088b00000| Complete 
| 122|0x0000000088c00000, 0x0000000088d00000, 0x0000000088d00000|100%| E|CS|TAMS 0x0000000088c00000, 0x0000000088c00000| Complete 
| 123|0x0000000088d00000, 0x0000000088e00000, 0x0000000088e00000|100%| E|CS|TAMS 0x0000000088d00000, 0x0000000088d00000| Complete 
| 124|0x0000000088e00000, 0x0000000088f00000, 0x0000000088f00000|100%| E|CS|TAMS 0x0000000088e00000, 0x0000000088e00000| Complete 
| 125|0x0000000088f00000, 0x0000000089000000, 0x0000000089000000|100%| E|CS|TAMS 0x0000000088f00000, 0x0000000088f00000| Complete 
| 126|0x0000000089000000, 0x0000000089100000, 0x0000000089100000|100%| E|CS|TAMS 0x0000000089000000, 0x0000000089000000| Complete 
| 127|0x0000000089100000, 0x0000000089200000, 0x0000000089200000|100%| E|CS|TAMS 0x0000000089100000, 0x0000000089100000| Complete 

Card table byte_map: [0x00000244ff030000,0x00000244ff430000] _byte_map_base: 0x00000244fec27000

Marking Bits (Prev, Next): (CMBitMap*) 0x00000244e79ec0a0, (CMBitMap*) 0x00000244e79ec0e0
 Prev Bits: [0x0000024480000000, 0x0000024481fb8000)
 Next Bits: [0x0000024481fc0000, 0x0000024483f78000)

Polling page: 0x00000244e5950000

Metaspace:

Usage:
  Non-class:     13.12 MB used.
      Class:      2.30 MB used.
       Both:     15.41 MB used.

Virtual space:
  Non-class space:       64.00 MB reserved,      13.25 MB ( 21%) committed,  1 nodes.
      Class space:        1.00 GB reserved,       2.44 MB ( <1%) committed,  1 nodes.
             Both:        1.06 GB reserved,      15.69 MB (  1%) committed. 

Chunk freelists:
   Non-Class:  2.06 MB
       Class:  1.41 MB
        Both:  3.47 MB

MaxMetaspaceSize: unlimited
CompressedClassSpaceSize: 1.00 GB
Initial GC threshold: 21.00 MB
Current GC threshold: 21.00 MB
CDS: on
MetaspaceReclaimPolicy: balanced
 - commit_granule_bytes: 65536.
 - commit_granule_words: 8192.
 - virtual_space_node_default_size: 8388608.
 - enlarge_chunks_in_place: 1.
 - new_chunks_are_fully_committed: 0.
 - uncommit_free_chunks: 1.
 - use_allocation_guard: 0.


Internal statistics:

num_allocs_failed_limit: 0.
num_arena_births: 312.
num_arena_deaths: 0.
num_vsnodes_births: 2.
num_vsnodes_deaths: 0.
num_space_committed: 251.
num_space_uncommitted: 0.
num_chunks_returned_to_freelist: 0.
num_chunks_taken_from_freelist: 829.
num_chunk_merges: 0.
num_chunk_splits: 600.
num_chunks_enlarged: 472.
num_inconsistent_stats: 0.

CodeHeap 'non-profiled nmethods': size=120000Kb used=1093Kb max_used=1093Kb free=118907Kb
 bounds [0x00000244f73d0000, 0x00000244f7640000, 0x00000244fe900000]
CodeHeap 'profiled nmethods': size=120000Kb used=4995Kb max_used=4995Kb free=115004Kb
 bounds [0x00000244ef900000, 0x00000244efdf0000, 0x00000244f6e30000]
CodeHeap 'non-nmethods': size=5760Kb used=1540Kb max_used=1600Kb free=4219Kb
 bounds [0x00000244f6e30000, 0x00000244f70a0000, 0x00000244f73d0000]
 total_blobs=3537 nmethods=2713 adapters=734
 compilation: enabled
              stopped_count=0, restarted_count=0
 full_count=0

Compilation events (20 events):
Event: 8.980 Thread 0x0000024486267300 2702       1       com.sun.javafx.geom.DirtyRegionContainer::size (5 bytes)
Event: 8.980 Thread 0x0000024486267300 nmethod 2702 0x00000244f74e0d10 code [0x00000244f74e0ea0, 0x00000244f74e0f58]
Event: 8.980 Thread 0x0000024486267300 2710       3       com.sun.prism.d3d.D3DRTTexture::getResourceHandle (17 bytes)
Event: 8.981 Thread 0x0000024486267300 nmethod 2710 0x00000244efddb810 code [0x00000244efddb9e0, 0x00000244efddbf68]
Event: 8.982 Thread 0x0000024486267300 2711       3       java.util.WeakHashMap$EntryIterator::next (5 bytes)
Event: 8.982 Thread 0x0000024486267300 nmethod 2711 0x00000244efddc110 code [0x00000244efddc2c0, 0x00000244efddc4e8]
Event: 8.982 Thread 0x0000024486267300 2712       3       java.util.WeakHashMap$EntryIterator::next (5 bytes)
Event: 8.982 Thread 0x0000024486267300 nmethod 2712 0x00000244efddc590 code [0x00000244efddc740, 0x00000244efddc908]
Event: 8.989 Thread 0x0000024486267300 2713       3       java.util.concurrent.locks.ReentrantLock::<init> (16 bytes)
Event: 8.990 Thread 0x0000024486267300 nmethod 2713 0x00000244efddc990 code [0x00000244efddcb60, 0x00000244efddcf58]
Event: 8.990 Thread 0x0000024486267300 2714       3       java.util.concurrent.locks.ReentrantLock$NonfairSync::<init> (5 bytes)
Event: 8.990 Thread 0x0000024486267300 nmethod 2714 0x00000244efddd110 code [0x00000244efddd2c0, 0x00000244efddd538]
Event: 9.017 Thread 0x0000024486267300 2716       3       javafx.scene.Parent::pickChildrenNode (53 bytes)
Event: 9.017 Thread 0x0000024486267300 nmethod 2716 0x00000244efddd690 code [0x00000244efddd880, 0x00000244efddddd8]
Event: 9.074 Thread 0x0000024486267300 2717       3       javafx.scene.Node$$Lambda$107/0x00000008010bf948::changed (17 bytes)
Event: 9.077 Thread 0x0000024486267300 nmethod 2717 0x00000244efdddf90 code [0x00000244efdde200, 0x00000244efddefd8]
Event: 9.077 Thread 0x0000024486267300 2718       3       javafx.scene.Node::lambda$new$2 (5 bytes)
Event: 9.078 Thread 0x0000024486267300 nmethod 2718 0x00000244efddf410 code [0x00000244efddf660, 0x00000244efde01f8]
Event: 9.078 Thread 0x0000024486267300 2719       3       com.sun.javafx.tk.quantum.QuantumToolkit::checkFxUserThread (12 bytes)
Event: 9.079 Thread 0x0000024486267300 nmethod 2719 0x00000244efde0590 code [0x00000244efde0780, 0x00000244efde0c48]

GC Heap History (4 events):
Event: 1.904 GC heap before
{Heap before GC invocations=0 (full 0):
 garbage-first heap   total 131072K, used 22528K [0x0000000081200000, 0x0000000100000000)
  region size 1024K, 23 young (23552K), 0 survivors (0K)
 Metaspace       used 5811K, committed 6016K, reserved 1114112K
  class space    used 701K, committed 832K, reserved 1048576K
}
Event: 1.908 GC heap after
{Heap after GC invocations=1 (full 0):
 garbage-first heap   total 131072K, used 2812K [0x0000000081200000, 0x0000000100000000)
  region size 1024K, 3 young (3072K), 3 survivors (3072K)
 Metaspace       used 5811K, committed 6016K, reserved 1114112K
  class space    used 701K, committed 832K, reserved 1048576K
}
Event: 7.221 GC heap before
{Heap before GC invocations=1 (full 0):
 garbage-first heap   total 131072K, used 47868K [0x0000000081200000, 0x0000000100000000)
  region size 1024K, 37 young (37888K), 3 survivors (3072K)
 Metaspace       used 14566K, committed 14912K, reserved 1114112K
  class space    used 2134K, committed 2304K, reserved 1048576K
}
Event: 7.232 GC heap after
{Heap after GC invocations=2 (full 0):
 garbage-first heap   total 131072K, used 18264K [0x0000000081200000, 0x0000000100000000)
  region size 1024K, 5 young (5120K), 5 survivors (5120K)
 Metaspace       used 14566K, committed 14912K, reserved 1114112K
  class space    used 2134K, committed 2304K, reserved 1048576K
}

Dll operation events (20 events):
Event: 1.242 Loaded shared library C:\Users\Gabriel\.openjfx\cache\13\api-ms-win-crt-filesystem-l1-1-0.dll
Event: 1.252 Loaded shared library C:\Users\Gabriel\.openjfx\cache\13\api-ms-win-crt-heap-l1-1-0.dll
Event: 1.256 Loaded shared library C:\Users\Gabriel\.openjfx\cache\13\api-ms-win-crt-locale-l1-1-0.dll
Event: 1.266 Loaded shared library C:\Users\Gabriel\.openjfx\cache\13\api-ms-win-crt-math-l1-1-0.dll
Event: 1.272 Loaded shared library C:\Users\Gabriel\.openjfx\cache\13\api-ms-win-crt-multibyte-l1-1-0.dll
Event: 1.279 Loaded shared library C:\Users\Gabriel\.openjfx\cache\13\api-ms-win-crt-private-l1-1-0.dll
Event: 1.286 Loaded shared library C:\Users\Gabriel\.openjfx\cache\13\api-ms-win-crt-process-l1-1-0.dll
Event: 1.290 Loaded shared library C:\Users\Gabriel\.openjfx\cache\13\api-ms-win-crt-runtime-l1-1-0.dll
Event: 1.298 Loaded shared library C:\Users\Gabriel\.openjfx\cache\13\api-ms-win-crt-stdio-l1-1-0.dll
Event: 1.304 Loaded shared library C:\Users\Gabriel\.openjfx\cache\13\api-ms-win-crt-string-l1-1-0.dll
Event: 1.307 Loaded shared library C:\Users\Gabriel\.openjfx\cache\13\api-ms-win-crt-time-l1-1-0.dll
Event: 1.313 Loaded shared library C:\Users\Gabriel\.openjfx\cache\13\api-ms-win-crt-utility-l1-1-0.dll
Event: 1.340 Loaded shared library C:\Users\Gabriel\.openjfx\cache\13\ucrtbase.dll
Event: 1.350 Loaded shared library C:\Users\Gabriel\.openjfx\cache\13\vcruntime140.dll
Event: 1.366 Loaded shared library C:\Users\Gabriel\.openjfx\cache\13\msvcp140.dll
Event: 1.385 Loaded shared library C:\Users\Gabriel\.openjfx\cache\13\concrt140.dll
Event: 1.474 Loaded shared library C:\Users\Gabriel\.openjfx\cache\13\prism_d3d.dll
Event: 1.569 Loaded shared library C:\Users\Gabriel\.openjfx\cache\13\glass.dll
Event: 1.952 Loaded shared library C:\Users\Gabriel\.openjfx\cache\13\javafx_font.dll
Event: 2.473 Loaded shared library C:\Program Files\Java\jdk-19\bin\jimage.dll

Deoptimization events (20 events):
Event: 3.776 Thread 0x000002448b067f70 Uncommon trap: trap_request=0xffffff45 fr.pc=0x00000244f73e041c relative=0x00000000000000fc
Event: 3.776 Thread 0x000002448b067f70 Uncommon trap: reason=unstable_if action=reinterpret pc=0x00000244f73e041c method=java.lang.StringLatin1.lastIndexOf([BI[BII)I @ 86 c2
Event: 3.776 Thread 0x000002448b067f70 DEOPT PACKING pc=0x00000244f73e041c sp=0x0000007c4c7fc620
Event: 3.776 Thread 0x000002448b067f70 DEOPT UNPACKING pc=0x00000244f6e96da3 sp=0x0000007c4c7fc578 mode 2
Event: 3.878 Thread 0x000002448acba4d0 Uncommon trap: trap_request=0xffffff45 fr.pc=0x00000244f743ce00 relative=0x0000000000000c40
Event: 3.878 Thread 0x000002448acba4d0 Uncommon trap: reason=unstable_if action=reinterpret pc=0x00000244f743ce00 method=java.io.BufferedInputStream.read1([BII)I @ 22 c2
Event: 3.878 Thread 0x000002448acba4d0 DEOPT PACKING pc=0x00000244f743ce00 sp=0x0000007c4c2fe010
Event: 3.878 Thread 0x000002448acba4d0 DEOPT UNPACKING pc=0x00000244f6e96da3 sp=0x0000007c4c2fdf18 mode 2
Event: 3.878 Thread 0x000002448acba4d0 Uncommon trap: trap_request=0xffffff45 fr.pc=0x00000244f743a4d8 relative=0x0000000000000418
Event: 3.878 Thread 0x000002448acba4d0 Uncommon trap: reason=unstable_if action=reinterpret pc=0x00000244f743a4d8 method=java.io.BufferedInputStream.fill()V @ 189 c2
Event: 3.878 Thread 0x000002448acba4d0 DEOPT PACKING pc=0x00000244f743a4d8 sp=0x0000007c4c2fdf20
Event: 3.878 Thread 0x000002448acba4d0 DEOPT UNPACKING pc=0x00000244f6e96da3 sp=0x0000007c4c2fde78 mode 2
Event: 4.156 Thread 0x000002448acba4d0 DEOPT PACKING pc=0x00000244efca7c44 sp=0x0000007c4c2fdcc0
Event: 4.156 Thread 0x000002448acba4d0 DEOPT UNPACKING pc=0x00000244f6e97543 sp=0x0000007c4c2fd118 mode 0
Event: 8.059 Thread 0x000002448acba4d0 DEOPT PACKING pc=0x00000244efd8a65a sp=0x0000007c4c2fe480
Event: 8.059 Thread 0x000002448acba4d0 DEOPT UNPACKING pc=0x00000244f6e97543 sp=0x0000007c4c2fd8b8 mode 0
Event: 8.062 Thread 0x000002448acba4d0 DEOPT PACKING pc=0x00000244efcc1b42 sp=0x0000007c4c2fe0a0
Event: 8.062 Thread 0x000002448acba4d0 DEOPT UNPACKING pc=0x00000244f6e97543 sp=0x0000007c4c2fd530 mode 0
Event: 8.973 Thread 0x000002448acba4d0 DEOPT PACKING pc=0x00000244efcc43f7 sp=0x0000007c4c2fe2f0
Event: 8.973 Thread 0x000002448acba4d0 DEOPT UNPACKING pc=0x00000244f6e97543 sp=0x0000007c4c2fd710 mode 0

Classes loaded (20 events):
Event: 3.966 Loading class sun/misc/Unsafe
Event: 3.966 Loading class sun/misc/Unsafe done
Event: 3.968 Loading class java/lang/invoke/DirectMethodHandle$StaticAccessor
Event: 3.969 Loading class java/lang/invoke/DirectMethodHandle$StaticAccessor done
Event: 4.049 Loading class java/util/EnumMap$Values
Event: 4.050 Loading class java/util/EnumMap$Values done
Event: 4.050 Loading class java/util/EnumMap$ValueIterator
Event: 4.050 Loading class java/util/EnumMap$EnumMapIterator
Event: 4.051 Loading class java/util/EnumMap$EnumMapIterator done
Event: 4.051 Loading class java/util/EnumMap$ValueIterator done
Event: 7.065 Loading class java/io/UnsupportedEncodingException
Event: 7.066 Loading class java/io/UnsupportedEncodingException done
Event: 7.270 Loading class java/util/BitSet$1BitSetSpliterator
Event: 7.270 Loading class java/util/BitSet$1BitSetSpliterator done
Event: 7.272 Loading class java/util/stream/IntPipeline$1
Event: 7.272 Loading class java/util/stream/IntPipeline$1 done
Event: 7.272 Loading class java/util/stream/IntPipeline$1$1
Event: 7.273 Loading class java/util/stream/IntPipeline$1$1 done
Event: 9.187 Loading class java/util/LinkedList$ListItr
Event: 9.187 Loading class java/util/LinkedList$ListItr done

Classes unloaded (0 events):
No events

Classes redefined (0 events):
No events

Internal exceptions (20 events):
Event: 2.553 Thread 0x000002448b067f70 Implicit null exception at 0x00000244f73e872f to 0x00000244f73e891c
Event: 2.757 Thread 0x000002448b067f70 Implicit null exception at 0x00000244f7429712 to 0x00000244f7429dc0
Event: 2.890 Thread 0x000002448b067f70 Exception <a 'java/lang/NoSuchMethodError'{0x0000000087f22520}: 'java.lang.Object java.lang.invoke.DirectMethodHandle$Holder.invokeInterface(java.lang.Object, java.lang.Object, java.lang.Object)'> (0x0000000087f22520) 
thrown [s\open\src\hotspot\share\interpreter\linkResolver.cpp, line 774]
Event: 2.890 Thread 0x000002448b067f70 Exception <a 'java/lang/IncompatibleClassChangeError'{0x0000000087f25eb0}: Found class java.lang.Object, but interface was expected> (0x0000000087f25eb0) 
thrown [s\open\src\hotspot\share\interpreter\linkResolver.cpp, line 841]
Event: 3.012 Thread 0x000002448b067f70 Exception <a 'java/lang/NoSuchMethodError'{0x0000000087ef92c8}: 'int java.lang.invoke.DirectMethodHandle$Holder.invokeSpecial(java.lang.Object, java.lang.Object, int)'> (0x0000000087ef92c8) 
thrown [s\open\src\hotspot\share\interpreter\linkResolver.cpp, line 774]
Event: 3.016 Thread 0x000002448b067f70 Exception <a 'java/lang/NoSuchMethodError'{0x0000000087d01c38}: 'int java.lang.invoke.DirectMethodHandle$Holder.invokeSpecial(java.lang.Object, java.lang.Object, java.lang.Object, int)'> (0x0000000087d01c38) 
thrown [s\open\src\hotspot\share\interpreter\linkResolver.cpp, line 774]
Event: 3.019 Thread 0x000002448b067f70 Exception <a 'java/lang/NoSuchMethodError'{0x0000000087d14060}: 'java.lang.Object java.lang.invoke.DirectMethodHandle$Holder.invokeStatic(java.lang.Object, java.lang.Object, java.lang.Object, java.lang.Object, int)'> (0x0000000087d14060) 
thrown [s\open\src\hotspot\share\interpreter\linkResolver.cpp, line 774]
Event: 3.021 Thread 0x000002448b067f70 Exception <a 'java/lang/NoSuchMethodError'{0x0000000087d1ca90}: 'int java.lang.invoke.DirectMethodHandle$Holder.invokeSpecial(java.lang.Object, java.lang.Object, java.lang.Object)'> (0x0000000087d1ca90) 
thrown [s\open\src\hotspot\share\interpreter\linkResolver.cpp, line 774]
Event: 3.090 Thread 0x000002448b067f70 Exception <a 'java/lang/NoSuchMethodError'{0x0000000087dd4c38}: 'java.lang.Object java.lang.invoke.DirectMethodHandle$Holder.newInvokeSpecial(java.lang.Object, java.lang.Object, int)'> (0x0000000087dd4c38) 
thrown [s\open\src\hotspot\share\interpreter\linkResolver.cpp, line 774]
Event: 3.258 Thread 0x000002448b067f70 Exception <a 'java/lang/ClassNotFoundException'{0x0000000087731688}: com/sun/javafx/scene/control/skin/resources/controls> (0x0000000087731688) 
thrown [s\open\src\hotspot\share\prims\jni.cpp, line 536]
Event: 3.261 Thread 0x000002448b067f70 Exception <a 'java/lang/ClassNotFoundException'{0x000000008773efc0}: com/sun/javafx/scene/control/skin/resources/controls_pt> (0x000000008773efc0) 
thrown [s\open\src\hotspot\share\prims\jni.cpp, line 536]
Event: 3.262 Thread 0x000002448b067f70 Exception <a 'java/lang/ClassNotFoundException'{0x00000000877401b0}: com/sun/javafx/scene/control/skin/resources/controls_pt_BR> (0x00000000877401b0) 
thrown [s\open\src\hotspot\share\prims\jni.cpp, line 536]
Event: 3.404 Thread 0x000002448b067f70 Exception <a 'java/lang/NoSuchMethodError'{0x00000000876bf5a0}: 'void java.lang.invoke.DirectMethodHandle$Holder.invokeSpecial(java.lang.Object, java.lang.Object, java.lang.Object, java.lang.Object, java.lang.Object, java.lang.Object)'> (0x00000000876bf5a0) 
thrown [s\open\src\hotspot\share\interpreter\linkResolver.cpp, line 774]
Event: 3.848 Thread 0x000002448acba4d0 Exception <a 'java/lang/NoSuchMethodError'{0x000000008719b680}: 'int java.lang.invoke.DirectMethodHandle$Holder.invokeStaticInit(java.lang.Object, java.lang.Object)'> (0x000000008719b680) 
thrown [s\open\src\hotspot\share\interpreter\linkResolver.cpp, line 774]
Event: 3.877 Thread 0x000002448acba4d0 Exception <a 'java/lang/NoSuchMethodError'{0x0000000087020488}: 'java.lang.Object java.lang.invoke.Invokers$Holder.invokeExact_MT(java.lang.Object, java.lang.Object, java.lang.Object, java.lang.Object, java.lang.Object)'> (0x0000000087020488) 
thrown [s\open\src\hotspot\share\interpreter\linkResolver.cpp, line 774]
Event: 7.086 Thread 0x000002448b067f70 Exception <a 'java/lang/NoSuchMethodError'{0x0000000086d1f878}: 'long java.lang.invoke.DirectMethodHandle$Holder.invokeStatic(java.lang.Object, java.lang.Object, java.lang.Object)'> (0x0000000086d1f878) 
thrown [s\open\src\hotspot\share\interpreter\linkResolver.cpp, line 774]
Event: 7.086 Thread 0x000002448b067f70 Exception <a 'java/lang/NoSuchMethodError'{0x0000000086d231a0}: 'long java.lang.invoke.DirectMethodHandle$Holder.invokeStaticInit(java.lang.Object, java.lang.Object, java.lang.Object)'> (0x0000000086d231a0) 
thrown [s\open\src\hotspot\share\interpreter\linkResolver.cpp, line 774]
Event: 7.088 Thread 0x000002448b067f70 Exception <a 'java/lang/NoSuchMethodError'{0x0000000086d3b8f0}: 'java.lang.Object java.lang.invoke.DirectMethodHandle$Holder.newInvokeSpecial(java.lang.Object, java.lang.Object, long)'> (0x0000000086d3b8f0) 
thrown [s\open\src\hotspot\share\interpreter\linkResolver.cpp, line 774]
Event: 7.088 Thread 0x000002448b067f70 Exception <a 'java/lang/NoSuchMethodError'{0x0000000086d3f478}: 'java.lang.Object java.lang.invoke.Invokers$Holder.linkToTargetMethod(java.lang.Object, long, java.lang.Object)'> (0x0000000086d3f478) 
thrown [s\open\src\hotspot\share\interpreter\linkResolver.cpp, line 774]
Event: 7.303 Thread 0x000002448b067f70 Exception <a 'java/lang/NoSuchMethodError'{0x000000008906be80}: 'void java.lang.invoke.DirectMethodHandle$Holder.invokeSpecialIFC(java.lang.Object, java.lang.Object, java.lang.Object, java.lang.Object)'> (0x000000008906be80) 
thrown [s\open\src\hotspot\share\interpreter\linkResolver.cpp, line 774]

VM Operations (20 events):
Event: 2.855 Executing VM operation: ICBufferFull done
Event: 3.073 Executing VM operation: HandshakeAllThreads
Event: 3.073 Executing VM operation: HandshakeAllThreads done
Event: 3.125 Executing VM operation: HandshakeAllThreads
Event: 3.125 Executing VM operation: HandshakeAllThreads done
Event: 3.397 Executing VM operation: HandshakeAllThreads
Event: 3.397 Executing VM operation: HandshakeAllThreads done
Event: 3.589 Executing VM operation: ICBufferFull
Event: 3.589 Executing VM operation: ICBufferFull done
Event: 4.590 Executing VM operation: Cleanup
Event: 4.590 Executing VM operation: Cleanup done
Event: 6.591 Executing VM operation: Cleanup
Event: 6.591 Executing VM operation: Cleanup done
Event: 7.221 Executing VM operation: G1CollectForAllocation
Event: 7.232 Executing VM operation: G1CollectForAllocation done
Event: 7.272 Executing VM operation: HandshakeAllThreads
Event: 7.272 Executing VM operation: HandshakeAllThreads done
Event: 8.272 Executing VM operation: Cleanup
Event: 8.272 Executing VM operation: Cleanup done
Event: 9.188 Executing VM operation: Exit

Events (20 events):
Event: 1.583 Thread 0x000002448b067f70 Thread added: 0x000002448b067f70
Event: 1.693 Thread 0x000002448b14cd20 Thread added: 0x000002448b14cd20
Event: 1.752 Thread 0x000002448b26b0e0 Thread added: 0x000002448b26b0e0
Event: 2.003 Thread 0x000002448b2de850 Thread added: 0x000002448b2de850
Event: 2.881 Thread 0x000002448b549cf0 Thread added: 0x000002448b549cf0
Event: 3.259 Thread 0x000002448b2de850 Thread exited: 0x000002448b2de850
Event: 3.955 Thread 0x000002448b54a240 Thread added: 0x000002448b54a240
Event: 4.154 Thread 0x000002448b674910 Thread added: 0x000002448b674910
Event: 5.224 Thread 0x000002448b674910 Thread exited: 0x000002448b674910
Event: 7.245 Thread 0x000002448b644e90 Thread added: 0x000002448b644e90
Event: 7.564 Thread 0x000002448aa864d0 Thread added: 0x000002448aa864d0
Event: 8.046 Thread 0x000002448aa864d0 Thread exited: 0x000002448aa864d0
Event: 8.046 Thread 0x000002448b644e90 Thread exited: 0x000002448b644e90
Event: 8.056 Thread 0x000002448b644e90 Thread added: 0x000002448b644e90
Event: 8.313 Thread 0x000002448b644e90 Thread exited: 0x000002448b644e90
Event: 9.075 Thread 0x000002448b54a790 Thread added: 0x000002448b54a790
Event: 9.075 Thread 0x000002448b54b230 Thread added: 0x000002448b54b230
Event: 9.181 Thread 0x000002448b54a790 Thread exited: 0x000002448b54a790
Event: 9.187 Thread 0x000002448b54b230 Thread exited: 0x000002448b54b230
Event: 9.188 Thread 0x00000244862292f0 Thread exited: 0x00000244862292f0


Dynamic libraries:
0x00007ff6bc370000 - 0x00007ff6bc380000 	C:\Program Files\Java\jdk-19\bin\java.exe
0x00007ffbe8630000 - 0x00007ffbe8828000 	C:\Windows\SYSTEM32\ntdll.dll
0x00007ffbe69e0000 - 0x00007ffbe6a9f000 	C:\Windows\System32\KERNEL32.DLL
0x00007ffbe6170000 - 0x00007ffbe6442000 	C:\Windows\System32\KERNELBASE.dll
0x00007ffbe6530000 - 0x00007ffbe6630000 	C:\Windows\System32\ucrtbase.dll
0x00007ffbd2200000 - 0x00007ffbd2218000 	C:\Program Files\Java\jdk-19\bin\jli.dll
0x00007ffbe6bd0000 - 0x00007ffbe6c7e000 	C:\Windows\System32\ADVAPI32.dll
0x00007ffbe8420000 - 0x00007ffbe84be000 	C:\Windows\System32\msvcrt.dll
0x00007ffbe6fb0000 - 0x00007ffbe704c000 	C:\Windows\System32\sechost.dll
0x00007ffbe84c0000 - 0x00007ffbe85e5000 	C:\Windows\System32\RPCRT4.dll
0x00007ffbe8200000 - 0x00007ffbe839d000 	C:\Windows\System32\USER32.dll
0x00007ffbe6450000 - 0x00007ffbe6472000 	C:\Windows\System32\win32u.dll
0x00007ffbe81d0000 - 0x00007ffbe81fb000 	C:\Windows\System32\GDI32.dll
0x00007ffbe5f20000 - 0x00007ffbe602f000 	C:\Windows\System32\gdi32full.dll
0x00007ffbe6060000 - 0x00007ffbe60fd000 	C:\Windows\System32\msvcp_win.dll
0x00007ffbd3e70000 - 0x00007ffbd3e8b000 	C:\Program Files\Java\jdk-19\bin\VCRUNTIME140.dll
0x00007ffbd70e0000 - 0x00007ffbd737a000 	C:\Windows\WinSxS\amd64_microsoft.windows.common-controls_6595b64144ccf1df_6.0.19041.1110_none_60b5254171f9507e\COMCTL32.dll
0x00007ffbdde50000 - 0x00007ffbdde5a000 	C:\Windows\SYSTEM32\VERSION.dll
0x00007ffbe6dc0000 - 0x00007ffbe6df2000 	C:\Windows\System32\IMM32.DLL
0x00007ffbdfd00000 - 0x00007ffbdfd0c000 	C:\Program Files\Java\jdk-19\bin\vcruntime140_1.dll
0x00007ffbc1a20000 - 0x00007ffbc1aae000 	C:\Program Files\Java\jdk-19\bin\msvcp140.dll
0x00007ffb75500000 - 0x00007ffb761c0000 	C:\Program Files\Java\jdk-19\bin\server\jvm.dll
0x00007ffbe0400000 - 0x00007ffbe0409000 	C:\Windows\SYSTEM32\WSOCK32.dll
0x00007ffbe83a0000 - 0x00007ffbe840b000 	C:\Windows\System32\WS2_32.dll
0x00007ffbd8810000 - 0x00007ffbd8837000 	C:\Windows\SYSTEM32\WINMM.dll
0x00007ffbe4570000 - 0x00007ffbe4582000 	C:\Windows\SYSTEM32\kernel.appcore.dll
0x00007ffbdfca0000 - 0x00007ffbdfcaa000 	C:\Program Files\Java\jdk-19\bin\jimage.dll
0x00007ffbd2850000 - 0x00007ffbd2a34000 	C:\Windows\SYSTEM32\DBGHELP.DLL
0x00007ffbd23f0000 - 0x00007ffbd241c000 	C:\Windows\SYSTEM32\dbgcore.DLL
0x00007ffbe5d30000 - 0x00007ffbe5db2000 	C:\Windows\System32\bcryptPrimitives.dll
0x00007ffbc2ca0000 - 0x00007ffbc2cc6000 	C:\Program Files\Java\jdk-19\bin\java.dll
0x00007ffbc1940000 - 0x00007ffbc1a17000 	C:\Program Files\Java\jdk-19\bin\jsvml.dll
0x00007ffbe7810000 - 0x00007ffbe7f53000 	C:\Windows\System32\SHELL32.dll
0x00007ffbe3dd0000 - 0x00007ffbe4562000 	C:\Windows\SYSTEM32\windows.storage.dll
0x00007ffbe6680000 - 0x00007ffbe69d4000 	C:\Windows\System32\combase.dll
0x00007ffbe5790000 - 0x00007ffbe57c0000 	C:\Windows\SYSTEM32\Wldp.dll
0x00007ffbe6d10000 - 0x00007ffbe6dbd000 	C:\Windows\System32\SHCORE.dll
0x00007ffbe8090000 - 0x00007ffbe80e5000 	C:\Windows\System32\shlwapi.dll
0x00007ffbe5c70000 - 0x00007ffbe5c8f000 	C:\Windows\SYSTEM32\profapi.dll
0x00007ffbcbd70000 - 0x00007ffbcbd83000 	C:\Program Files\Java\jdk-19\bin\net.dll
0x00007ffbd9bd0000 - 0x00007ffbd9cdc000 	C:\Windows\SYSTEM32\WINHTTP.dll
0x00007ffbe54f0000 - 0x00007ffbe555a000 	C:\Windows\system32\mswsock.dll
0x00007ffbc8700000 - 0x00007ffbc8716000 	C:\Program Files\Java\jdk-19\bin\nio.dll
0x00007ffbc7e60000 - 0x00007ffbc7e78000 	C:\Program Files\Java\jdk-19\bin\zip.dll
0x00000244863e0000 - 0x00000244863e3000 	C:\Users\Gabriel\.openjfx\cache\13\api-ms-win-core-console-l1-1-0.dll
0x00000244863f0000 - 0x00000244863f3000 	C:\Users\Gabriel\.openjfx\cache\13\api-ms-win-core-datetime-l1-1-0.dll
0x000002448bfd0000 - 0x000002448bfd3000 	C:\Users\Gabriel\.openjfx\cache\13\api-ms-win-core-debug-l1-1-0.dll
0x000002448bfe0000 - 0x000002448bfe3000 	C:\Users\Gabriel\.openjfx\cache\13\api-ms-win-core-errorhandling-l1-1-0.dll
0x000002448bff0000 - 0x000002448bff4000 	C:\Users\Gabriel\.openjfx\cache\13\api-ms-win-core-file-l1-1-0.dll
0x000002448c000000 - 0x000002448c003000 	C:\Users\Gabriel\.openjfx\cache\13\api-ms-win-core-file-l1-2-0.dll
0x000002448c010000 - 0x000002448c013000 	C:\Users\Gabriel\.openjfx\cache\13\api-ms-win-core-file-l2-1-0.dll
0x000002448c020000 - 0x000002448c023000 	C:\Users\Gabriel\.openjfx\cache\13\api-ms-win-core-handle-l1-1-0.dll
0x000002448c030000 - 0x000002448c033000 	C:\Users\Gabriel\.openjfx\cache\13\api-ms-win-core-heap-l1-1-0.dll
0x000002448c040000 - 0x000002448c043000 	C:\Users\Gabriel\.openjfx\cache\13\api-ms-win-core-interlocked-l1-1-0.dll
0x000002448c050000 - 0x000002448c053000 	C:\Users\Gabriel\.openjfx\cache\13\api-ms-win-core-libraryloader-l1-1-0.dll
0x000002448c060000 - 0x000002448c063000 	C:\Users\Gabriel\.openjfx\cache\13\api-ms-win-core-localization-l1-2-0.dll
0x000002448c070000 - 0x000002448c073000 	C:\Users\Gabriel\.openjfx\cache\13\api-ms-win-core-memory-l1-1-0.dll
0x000002448c080000 - 0x000002448c083000 	C:\Users\Gabriel\.openjfx\cache\13\api-ms-win-core-namedpipe-l1-1-0.dll
0x000002448c090000 - 0x000002448c093000 	C:\Users\Gabriel\.openjfx\cache\13\api-ms-win-core-processenvironment-l1-1-0.dll
0x000002448c0a0000 - 0x000002448c0a3000 	C:\Users\Gabriel\.openjfx\cache\13\api-ms-win-core-processthreads-l1-1-0.dll
0x000002448c0b0000 - 0x000002448c0b3000 	C:\Users\Gabriel\.openjfx\cache\13\api-ms-win-core-processthreads-l1-1-1.dll
0x000002448c0c0000 - 0x000002448c0c3000 	C:\Users\Gabriel\.openjfx\cache\13\api-ms-win-core-profile-l1-1-0.dll
0x000002448c0d0000 - 0x000002448c0d3000 	C:\Users\Gabriel\.openjfx\cache\13\api-ms-win-core-rtlsupport-l1-1-0.dll
0x000002448c0e0000 - 0x000002448c0e3000 	C:\Users\Gabriel\.openjfx\cache\13\api-ms-win-core-string-l1-1-0.dll
0x000002448c0f0000 - 0x000002448c0f3000 	C:\Users\Gabriel\.openjfx\cache\13\api-ms-win-core-synch-l1-1-0.dll
0x000002448c100000 - 0x000002448c103000 	C:\Users\Gabriel\.openjfx\cache\13\api-ms-win-core-synch-l1-2-0.dll
0x000002448c110000 - 0x000002448c113000 	C:\Users\Gabriel\.openjfx\cache\13\api-ms-win-core-sysinfo-l1-1-0.dll
0x000002448c120000 - 0x000002448c123000 	C:\Users\Gabriel\.openjfx\cache\13\api-ms-win-core-timezone-l1-1-0.dll
0x000002448c130000 - 0x000002448c133000 	C:\Users\Gabriel\.openjfx\cache\13\api-ms-win-core-util-l1-1-0.dll
0x000002448c140000 - 0x000002448c143000 	C:\Users\Gabriel\.openjfx\cache\13\api-ms-win-crt-conio-l1-1-0.dll
0x000002448c150000 - 0x000002448c154000 	C:\Users\Gabriel\.openjfx\cache\13\api-ms-win-crt-convert-l1-1-0.dll
0x000002448c160000 - 0x000002448c163000 	C:\Users\Gabriel\.openjfx\cache\13\api-ms-win-crt-environment-l1-1-0.dll
0x000002448c170000 - 0x000002448c173000 	C:\Users\Gabriel\.openjfx\cache\13\api-ms-win-crt-filesystem-l1-1-0.dll
0x000002448c180000 - 0x000002448c183000 	C:\Users\Gabriel\.openjfx\cache\13\api-ms-win-crt-heap-l1-1-0.dll
0x000002448c190000 - 0x000002448c193000 	C:\Users\Gabriel\.openjfx\cache\13\api-ms-win-crt-locale-l1-1-0.dll
0x000002448c1a0000 - 0x000002448c1a5000 	C:\Users\Gabriel\.openjfx\cache\13\api-ms-win-crt-math-l1-1-0.dll
0x000002448c1b0000 - 0x000002448c1b5000 	C:\Users\Gabriel\.openjfx\cache\13\api-ms-win-crt-multibyte-l1-1-0.dll
0x000002448c1c0000 - 0x000002448c1d0000 	C:\Users\Gabriel\.openjfx\cache\13\api-ms-win-crt-private-l1-1-0.dll
0x000002448c1d0000 - 0x000002448c1d3000 	C:\Users\Gabriel\.openjfx\cache\13\api-ms-win-crt-process-l1-1-0.dll
0x000002448c1e0000 - 0x000002448c1e4000 	C:\Users\Gabriel\.openjfx\cache\13\api-ms-win-crt-runtime-l1-1-0.dll
0x000002448c1f0000 - 0x000002448c1f4000 	C:\Users\Gabriel\.openjfx\cache\13\api-ms-win-crt-stdio-l1-1-0.dll
0x000002448c200000 - 0x000002448c204000 	C:\Users\Gabriel\.openjfx\cache\13\api-ms-win-crt-string-l1-1-0.dll
0x000002448c210000 - 0x000002448c213000 	C:\Users\Gabriel\.openjfx\cache\13\api-ms-win-crt-time-l1-1-0.dll
0x000002448c220000 - 0x000002448c223000 	C:\Users\Gabriel\.openjfx\cache\13\api-ms-win-crt-utility-l1-1-0.dll
0x00007ffbba890000 - 0x00007ffbba98c000 	C:\Users\Gabriel\.openjfx\cache\13\ucrtbase.dll
0x00007ffbd2150000 - 0x00007ffbd2165000 	C:\Users\Gabriel\.openjfx\cache\13\vcruntime140.dll
0x00007ffbbf6a0000 - 0x00007ffbbf73b000 	C:\Users\Gabriel\.openjfx\cache\13\msvcp140.dll
0x00007ffbc18e0000 - 0x00007ffbc1931000 	C:\Users\Gabriel\.openjfx\cache\13\concrt140.dll
0x00007ffbc0c60000 - 0x00007ffbc0c83000 	C:\Users\Gabriel\.openjfx\cache\13\prism_d3d.dll
0x00007ffbd2220000 - 0x00007ffbd23ef000 	C:\Windows\system32\d3d9.dll
0x00007ffbe3900000 - 0x00007ffbe392f000 	C:\Windows\SYSTEM32\dwmapi.dll
0x00007ffbe3720000 - 0x00007ffbe37be000 	C:\Windows\system32\uxtheme.dll
0x00007ffb65c40000 - 0x00007ffb6b44d000 	C:\Windows\System32\DriverStore\FileRepository\igdlh64.inf_amd64_6d1fd205efa7f979\igdumdim64.dll
0x00007ffbe7f60000 - 0x00007ffbe802d000 	C:\Windows\System32\OLEAUT32.dll
0x00007ffbe7060000 - 0x00007ffbe718a000 	C:\Windows\System32\ole32.dll
0x00007ffbe7280000 - 0x00007ffbe76e8000 	C:\Windows\System32\SETUPAPI.dll
0x00007ffbe6630000 - 0x00007ffbe667e000 	C:\Windows\System32\cfgmgr32.dll
0x00007ffbe6030000 - 0x00007ffbe6057000 	C:\Windows\System32\bcrypt.dll
0x00007ffbc0260000 - 0x00007ffbc02a5000 	C:\Users\Gabriel\.openjfx\cache\13\glass.dll
0x00007ffbe7190000 - 0x00007ffbe726a000 	C:\Windows\System32\COMDLG32.dll
0x00007ffbe76f0000 - 0x00007ffbe7805000 	C:\Windows\System32\MSCTF.dll
0x00007ffbd8840000 - 0x00007ffbd999e000 	C:\Windows\System32\DriverStore\FileRepository\igdlh64.inf_amd64_6d1fd205efa7f979\igc64.dll
0x00007ffbdb820000 - 0x00007ffbdb85b000 	C:\Windows\SYSTEM32\dxcore.dll
0x00007ffbd2130000 - 0x00007ffbd2144000 	C:\Users\Gabriel\.openjfx\cache\13\javafx_font.dll
0x00007ffbca680000 - 0x00007ffbca8ff000 	C:\Windows\SYSTEM32\dwrite.dll
0x00007ffbe6aa0000 - 0x00007ffbe6b4f000 	C:\Windows\System32\clbcatq.dll
0x00007ffbde9d0000 - 0x00007ffbdeb84000 	C:\Windows\SYSTEM32\WindowsCodecs.dll
0x00007ffbc8420000 - 0x00007ffbc845e000 	C:\Windows\system32\dataexchange.dll
0x00007ffbe2780000 - 0x00007ffbe2963000 	C:\Windows\system32\dcomp.dll
0x00007ffbe1af0000 - 0x00007ffbe1d53000 	C:\Windows\system32\d3d11.dll
0x00007ffbe45f0000 - 0x00007ffbe46e3000 	C:\Windows\system32\dxgi.dll
0x00007ffbdef60000 - 0x00007ffbdf160000 	C:\Windows\system32\twinapi.appcore.dll
0x00007ffbdeda0000 - 0x00007ffbdedd4000 	C:\Program Files\Common Files\Microsoft Shared\Ink\rtscom.dll
0x00007ffbce590000 - 0x00007ffbce689000 	C:\Windows\SYSTEM32\textinputframework.dll
0x00007ffbe2970000 - 0x00007ffbe2cce000 	C:\Windows\System32\CoreUIComponents.dll
0x00007ffbe3050000 - 0x00007ffbe3142000 	C:\Windows\System32\CoreMessaging.dll
0x00007ffbe4ec0000 - 0x00007ffbe4ef3000 	C:\Windows\SYSTEM32\ntmarta.dll
0x00007ffbe1990000 - 0x00007ffbe1ae4000 	C:\Windows\SYSTEM32\wintypes.dll
0x00007ffbd86f0000 - 0x00007ffbd8756000 	C:\Windows\system32\Oleacc.dll

dbghelp: loaded successfully - version: 4.0.5 - missing functions: none
symbol engine: initialized successfully - sym options: 0x614 - pdb path: .;C:\Program Files\Java\jdk-19\bin;C:\Windows\SYSTEM32;C:\Windows\WinSxS\amd64_microsoft.windows.common-controls_6595b64144ccf1df_6.0.19041.1110_none_60b5254171f9507e;C:\Program Files\Java\jdk-19\bin\server;C:\Users\Gabriel\.openjfx\cache\13;C:\Windows\System32\DriverStore\FileRepository\igdlh64.inf_amd64_6d1fd205efa7f979;C:\Program Files\Common Files\Microsoft Shared\Ink

VM Arguments:
jvm_args: --module-path=C:\Users\Gabriel\Downloads\teste4\Trabalho-Final-POO\batalha-pokemon\target\classes;C:\Users\Gabriel\.m2\repository\org\openjfx\javafx-base\13\javafx-base-13-win.jar;C:\Users\Gabriel\.m2\repository\org\openjfx\javafx-controls\13\javafx-controls-13-win.jar;C:\Users\Gabriel\.m2\repository\org\openjfx\javafx-fxml\13\javafx-fxml-13-win.jar;C:\Users\Gabriel\.m2\repository\org\openjfx\javafx-graphics\13\javafx-graphics-13-win.jar --add-modules=poo -Djdk.module.main=poo 
java_command: poo/poo.App
java_class_path (initial): C:\Users\Gabriel\.m2\repository\org\openjfx\javafx-base\13\javafx-base-13.jar;C:\Users\Gabriel\.m2\repository\org\openjfx\javafx-controls\13\javafx-controls-13.jar;C:\Users\Gabriel\.m2\repository\org\openjfx\javafx-fxml\13\javafx-fxml-13.jar;C:\Users\Gabriel\.m2\repository\org\openjfx\javafx-graphics\13\javafx-graphics-13.jar
Launcher Type: SUN_STANDARD

[Global flags]
     intx CICompilerCount                          = 4                                         {product} {ergonomic}
     uint ConcGCThreads                            = 2                                         {product} {ergonomic}
     uint G1ConcRefinementThreads                  = 8                                         {product} {ergonomic}
   size_t G1HeapRegionSize                         = 1048576                                   {product} {ergonomic}
    uintx GCDrainStackTargetSize                   = 64                                        {product} {ergonomic}
   size_t InitialHeapSize                          = 134217728                                 {product} {ergonomic}
   size_t MarkStackSize                            = 4194304                                   {product} {ergonomic}
   size_t MaxHeapSize                              = 2128609280                                {product} {ergonomic}
   size_t MaxNewSize                               = 1277165568                                {product} {ergonomic}
   size_t MinHeapDeltaBytes                        = 1048576                                   {product} {ergonomic}
   size_t MinHeapSize                              = 8388608                                   {product} {ergonomic}
    uintx NonNMethodCodeHeapSize                   = 5839372                                {pd product} {ergonomic}
    uintx NonProfiledCodeHeapSize                  = 122909434                              {pd product} {ergonomic}
    uintx ProfiledCodeHeapSize                     = 122909434                              {pd product} {ergonomic}
    uintx ReservedCodeCacheSize                    = 251658240                              {pd product} {ergonomic}
     bool SegmentedCodeCache                       = true                                      {product} {ergonomic}
   size_t SoftMaxHeapSize                          = 2128609280                             {manageable} {ergonomic}
     bool UseCompressedClassPointers               = true                           {product lp64_product} {ergonomic}
     bool UseCompressedOops                        = true                           {product lp64_product} {ergonomic}
     bool UseG1GC                                  = true                                      {product} {ergonomic}
     bool UseLargePagesIndividualAllocation        = false                                  {pd product} {ergonomic}

Logging:
Log output configuration:
 #0: stdout all=off uptime,level,tags foldmultilines=false
 #1: stderr all=off uptime,level,tags foldmultilines=false

Environment Variables:
JAVA_HOME=C:\Program Files\Java\jdk-19
PATH=C:\Program Files\Common Files\Oracle\Java\javapath;C:\Program Files\Eclipse Adoptium\jdk-17.0.4.101-hotspot\bin;C:\Program Files (x86)\Common Files\Oracle\Java\javapath;C:\Windows\system32;C:\Windows;C:\Windows\System32\Wbem;C:\Windows\System32\WindowsPowerShell\v1.0\;C:\Windows\System32\OpenSSH\;C:\Program Files\Git\cmd;C:\Users\Gabriel\AppData\Local\Microsoft\WindowsApps;C:\Users\Gabriel\AppData\Local\Programs\Microsoft VS Code\bin;C:\Users\Gabriel\AppData\Local\GitHubDesktop\bin;C:\Program Files (x86)\Maven\apache-maven-3.8.6\bin;C:\Program Files\Java\jdk-19\bin;
USERNAME=Gabriel
LANG=pt_BR.UTF-8
OS=Windows_NT
PROCESSOR_IDENTIFIER=Intel64 Family 6 Model 94 Stepping 3, GenuineIntel
TMP=C:\Users\Gabriel\AppData\Local\Temp
TEMP=C:\Users\Gabriel\AppData\Local\Temp



---------------  S Y S T E M  ---------------

OS:
 Windows 10 , 64 bit Build 19041 (10.0.19041.2251)
OS uptime: 2 days 1:15 hours

CPU: total 8 (initial active 8) (4 cores per cpu, 2 threads per core) family 6 model 94 stepping 3 microcode 0xcc, cx8, cmov, fxsr, ht, mmx, 3dnowpref, sse, sse2, sse3, ssse3, sse4.1, sse4.2, popcnt, lzcnt, tsc, tscinvbit, avx, avx2, aes, erms, clmul, bmi1, bmi2, rtm, adx, fma, vzeroupper, clflush, clflushopt, rdtscp

Memory: 4k page, system-wide physical 8112M (732M free)
TotalPageFile size 19888M (AvailPageFile size 7782M)
current process WorkingSet (physical memory assigned to process): 202M, peak: 204M
current process commit charge ("private bytes"): 328M, peak: 330M

vm_info: Java HotSpot(TM) 64-Bit Server VM (19.0.1+10-21) for windows-amd64 JRE (19.0.1+10-21), built on 2022-09-14T12:45:06Z by "mach5one" with MS VC++ 17.1 (VS2022)

END.
