#
# A fatal error has been detected by the Java Runtime Environment:
#
#  EXCEPTION_ACCESS_VIOLATION (0xc0000005) at pc=0x00007ffbbf6766f0, pid=5932, tid=8248
#
# JRE version: Java(TM) SE Runtime Environment (19.0.1+10) (build 19.0.1+10-21)
# Java VM: Java HotSpot(TM) 64-Bit Server VM (19.0.1+10-21, mixed mode, sharing, tiered, compressed oops, compressed class ptrs, g1 gc, windows-amd64)
# Problematic frame:
# C  [glass.dll+0x266f0]
#
# No core dump will be written. Minidumps are not enabled by default on client versions of Windows
#
# If you would like to submit a bug report, please visit:
#   https://bugreport.java.com/bugreport/crash.jsp
#

---------------  S U M M A R Y ------------

Command Line: --module-path=C:\Users\Gabriel\Downloads\teste4\Trabalho-Final-POO\batalha-pokemon\target\classes;C:\Users\Gabriel\.m2\repository\org\openjfx\javafx-base\13\javafx-base-13-win.jar;C:\Users\Gabriel\.m2\repository\org\openjfx\javafx-controls\13\javafx-controls-13-win.jar;C:\Users\Gabriel\.m2\repository\org\openjfx\javafx-fxml\13\javafx-fxml-13-win.jar;C:\Users\Gabriel\.m2\repository\org\openjfx\javafx-graphics\13\javafx-graphics-13-win.jar --add-modules=poo -Djdk.module.main=poo poo/poo.App

Host: Intel(R) Core(TM) i7-6700HQ CPU @ 2.60GHz, 8 cores, 7G,  Windows 10 , 64 bit Build 19041 (10.0.19041.2251)
Time: Wed Nov 30 02:41:46 2022 Hora oficial do Brasil elapsed time: 290.696377 seconds (0d 0h 4m 50s)

---------------  T H R E A D  ---------------

Current thread (0x00000202e339a440):  VMThread "VM Thread" [stack: 0x000000ab39900000,0x000000ab39a00000] [id=8248]

Stack: [0x000000ab39900000,0x000000ab39a00000],  sp=0x000000ab399fee70,  free space=1019k
Native frames: (J=compiled Java code, j=interpreted, Vv=VM code, C=native code)
C  [glass.dll+0x266f0]


siginfo: EXCEPTION_ACCESS_VIOLATION (0xc0000005), reading address 0x0000000000000000


Registers:
RAX=0x0000000000000000, RBX=0x00000202e33aca08, RCX=0x00000202e339a440, RDX=0x000000ab399fee70
RSP=0x000000ab399fee70, RBP=0x00000202e81cd088, RSI=0x00000202e81cd060, RDI=0x0000870066582a40
R8 =0x0000000000010002, R9 =0x0000870066582a40, R10=0x0000000000008000, R11=0x000000ab399fee10
R12=0x00007ffbbf673b84, R13=0x00007ffb761172a0, R14=0x000000ab399fef78, R15=0x00000202e81cd060
RIP=0x00007ffbbf6766f0, EFLAGS=0x0000000000010202


Register to memory mapping:

RIP=0x00007ffbbf6766f0 glass.dll
RAX=0x0 is NULL
RBX=0x00000202e33aca08 is a global jni handle
RCX=0x00000202e339a440 points into unknown readable memory: 0x00007ffb75f245e8 | e8 45 f2 75 fb 7f 00 00
RDX=0x000000ab399fee70 points into unknown readable memory: 0x0000000000000000 | 00 00 00 00 00 00 00 00
RSP=0x000000ab399fee70 points into unknown readable memory: 0x0000000000000000 | 00 00 00 00 00 00 00 00
RBP=0x00000202e81cd088 points into unknown readable memory: 0x0000870066582a40 | 40 2a 58 66 00 87 00 00
RSI=0x00000202e81cd060 points into unknown readable memory: 0x0000f8fbd93f1c2c | 2c 1c 3f d9 fb f8 00 00
RDI=0x0000870066582a40 is an unknown value
R8 =0x0000000000010002 is an unknown value
R9 =0x0000870066582a40 is an unknown value
R10=0x0000000000008000 is an unknown value
R11=0x000000ab399fee10 points into unknown readable memory: 0x00000202e81cd060 | 60 d0 1c e8 02 02 00 00
R12=0x00007ffbbf673b84 glass.dll
R13=0x00007ffb761172a0 jvm.dll
R14=0x000000ab399fef78 points into unknown readable memory: 0x000000ab399fef60 | 60 ef 9f 39 ab 00 00 00
R15=0x00000202e81cd060 points into unknown readable memory: 0x0000f8fbd93f1c2c | 2c 1c 3f d9 fb f8 00 00


Top of Stack: (sp=0x000000ab399fee70)
0x000000ab399fee70:   0000000000000000 00007ffbe653f05b
0x000000ab399fee80:   00000202e81cd070 00000202e81cd060
0x000000ab399fee90:   fffffffffffffffe 00007ffbbf673b84
0x000000ab399feea0:   00000202e81cd068 00007ffbe65442d6
0x000000ab399feeb0:   00000202e81cd070 0000020200000000
0x000000ab399feec0:   00000202e81cd088 00000202e81cd060
0x000000ab399feed0:   fffffffffffffffe 0000000000000000
0x000000ab399feee0:   0000000000000001 00007ffbbf650000
0x000000ab399feef0:   000000ab399fef68 00007ffbe65441fb
0x000000ab399fef00:   0000000000000000 000000ab399fef78
0x000000ab399fef10:   000000ab399ff230 00007ffbe6620e40
0x000000ab399fef20:   0000000000000000 00007ffbe65441b4
0x000000ab399fef30:   0000000000000000 0000000000000001
0x000000ab399fef40:   00007ffb0000000d 000000ab399fef68
0x000000ab399fef50:   0000000000000006 00007ffbbf673a12
0x000000ab399fef60:   00007ffbbf68d118 000000ab00000002 

Instructions: (pc=0x00007ffbbf6766f0)
0x00007ffbbf6765f0:   8b 4d 60 e8 98 c9 ff ff 48 8b 55 68 48 8b 8d 08
0x00007ffbbf676600:   01 00 00 e8 49 be ff ff 33 d2 33 c9 e8 49 de ff
0x00007ffbbf676610:   ff 90 cc cc cc cc cc cc cc cc cc cc cc cc cc cc
0x00007ffbbf676620:   48 8d 8a 80 00 00 00 e9 14 e9 fe ff 48 89 54 24
0x00007ffbbf676630:   10 55 48 83 ec 20 48 8b ea 48 8d 05 dd ca ff ff
0x00007ffbbf676640:   48 83 c4 20 5d c3 cc 40 55 48 8b ea 48 8b 01 33
0x00007ffbbf676650:   c9 81 38 05 00 00 c0 0f 94 c1 8b c1 5d c3 cc 40
0x00007ffbbf676660:   55 48 83 ec 20 48 8b ea 8a 4d 40 48 83 c4 20 5d
0x00007ffbbf676670:   e9 df cd ff ff cc 40 55 48 83 ec 20 48 8b ea e8
0x00007ffbbf676680:   fc cb ff ff 8a 4d 38 48 83 c4 20 5d e9 c3 cd ff
0x00007ffbbf676690:   ff cc 40 55 48 83 ec 30 48 8b ea 48 8b 01 8b 10
0x00007ffbbf6766a0:   48 89 4c 24 28 89 54 24 20 4c 8d 0d a4 d1 ff ff
0x00007ffbbf6766b0:   4c 8b 45 70 8b 55 68 48 8b 4d 60 e8 30 cb ff ff
0x00007ffbbf6766c0:   90 48 83 c4 30 5d c3 cc cc cc cc cc cc cc cc cc
0x00007ffbbf6766d0:   40 53 48 83 ec 30 48 c7 44 24 20 fe ff ff ff 48
0x00007ffbbf6766e0:   8b 1d 2a 64 01 00 48 85 db 74 16 e8 90 85 ff ff
0x00007ffbbf6766f0:   4c 8b 00 48 8b d3 48 8b c8 41 ff 90 b0 00 00 00
0x00007ffbbf676700:   90 48 83 c4 30 5b c3 cc cc cc cc cc cc cc cc cc
0x00007ffbbf676710:   40 53 48 83 ec 20 48 8b 1d 9b 65 01 00 48 85 db
0x00007ffbbf676720:   74 57 b8 ff ff ff ff f0 0f c1 43 10 83 f8 01 75
0x00007ffbbf676730:   3d 48 85 db 74 38 48 8b 0b 48 85 c9 74 0d ff 15
0x00007ffbbf676740:   64 0b 00 00 48 c7 03 00 00 00 00 48 8b 4b 08 48
0x00007ffbbf676750:   85 c9 74 0d e8 37 c8 ff ff 48 c7 43 08 00 00 00
0x00007ffbbf676760:   00 ba 18 00 00 00 48 8b cb e8 22 c8 ff ff 48 c7
0x00007ffbbf676770:   05 3f 65 01 00 00 00 00 00 48 83 c4 20 5b c3 cc
0x00007ffbbf676780:   40 53 48 83 ec 20 48 8b 1d 0b 65 01 00 48 85 db
0x00007ffbbf676790:   74 57 b8 ff ff ff ff f0 0f c1 43 10 83 f8 01 75
0x00007ffbbf6767a0:   3d 48 85 db 74 38 48 8b 0b 48 85 c9 74 0d ff 15
0x00007ffbbf6767b0:   f4 0a 00 00 48 c7 03 00 00 00 00 48 8b 4b 08 48
0x00007ffbbf6767c0:   85 c9 74 0d e8 c7 c7 ff ff 48 c7 43 08 00 00 00
0x00007ffbbf6767d0:   00 ba 18 00 00 00 48 8b cb e8 b2 c7 ff ff 48 c7
0x00007ffbbf6767e0:   05 af 64 01 00 00 00 00 00 48 83 c4 20 5b c3 cc 


Stack slot to memory mapping:
stack at sp + 0 slots: 0x0 is NULL
stack at sp + 1 slots: 0x00007ffbe653f05b ucrtbase.dll
stack at sp + 2 slots: 0x00000202e81cd070 points into unknown readable memory: 0x0000870066582a40 | 40 2a 58 66 00 87 00 00
stack at sp + 3 slots: 0x00000202e81cd060 points into unknown readable memory: 0x0000f8fbd93f1c2c | 2c 1c 3f d9 fb f8 00 00
stack at sp + 4 slots: 0xfffffffffffffffe is an unknown value
stack at sp + 5 slots: 0x00007ffbbf673b84 glass.dll
stack at sp + 6 slots: 0x00000202e81cd068 points into unknown readable memory: 0x0000870066582a40 | 40 2a 58 66 00 87 00 00
stack at sp + 7 slots: 0x00007ffbe65442d6 ucrtbase.dll

VM_Operation (0x000000ab3a9fbf00): Exit, mode: safepoint, requested by thread 0x00000202e78b6760


---------------  P R O C E S S  ---------------

Threads class SMR info:
_java_thread_list=0x00000202f2fba230, length=19, elements={
0x00000202c2a2e7b0, 0x00000202e33b1d90, 0x00000202e33b2b80, 0x00000202e33b9b70,
0x00000202e33ba4a0, 0x00000202e33baf10, 0x00000202e33ceb60, 0x00000202e33d3630,
0x00000202e33df100, 0x00000202e78b7750, 0x00000202e78b5cc0, 0x00000202e78b5770,
0x00000202e78b6210, 0x00000202e78b6760, 0x00000202e78b6cb0, 0x00000202e78b8740,
0x00000202e78b81f0, 0x00000202e8524c00, 0x00000202e8527130
}

Java Threads: ( => current thread )
  0x00000202c2a2e7b0 JavaThread "main" [_thread_blocked, id=5296, stack(0x000000ab39300000,0x000000ab39400000)]
  0x00000202e33b1d90 JavaThread "Reference Handler" daemon [_thread_blocked, id=23100, stack(0x000000ab39a00000,0x000000ab39b00000)]
  0x00000202e33b2b80 JavaThread "Finalizer" daemon [_thread_blocked, id=5196, stack(0x000000ab39b00000,0x000000ab39c00000)]
  0x00000202e33b9b70 JavaThread "Attach Listener" daemon [_thread_blocked, id=19948, stack(0x000000ab39d00000,0x000000ab39e00000)]
  0x00000202e33ba4a0 JavaThread "Service Thread" daemon [_thread_blocked, id=21140, stack(0x000000ab39e00000,0x000000ab39f00000)]
  0x00000202e33baf10 JavaThread "Monitor Deflation Thread" daemon [_thread_blocked, id=424, stack(0x000000ab39f00000,0x000000ab3a000000)]
  0x00000202e33ceb60 JavaThread "C2 CompilerThread0" daemon [_thread_blocked, id=19328, stack(0x000000ab3a000000,0x000000ab3a100000)]
  0x00000202e33d3630 JavaThread "C1 CompilerThread0" daemon [_thread_blocked, id=10504, stack(0x000000ab3a100000,0x000000ab3a200000)]
  0x00000202e33df100 JavaThread "Sweeper thread" daemon [_thread_blocked, id=3200, stack(0x000000ab3a200000,0x000000ab3a300000)]
  0x00000202e78b7750 JavaThread "Common-Cleaner" daemon [_thread_blocked, id=6552, stack(0x000000ab3a300000,0x000000ab3a400000)]
  0x00000202e78b5cc0 JavaThread "Notification Thread" daemon [_thread_blocked, id=17364, stack(0x000000ab3a600000,0x000000ab3a700000)]
  0x00000202e78b5770 JavaThread "QuantumRenderer-0" daemon [_thread_blocked, id=9868, stack(0x000000ab3a500000,0x000000ab3a600000)]
  0x00000202e78b6210 JavaThread "InvokeLaterDispatcher" daemon [_thread_blocked, id=19032, stack(0x000000ab3a800000,0x000000ab3a900000)]
  0x00000202e78b6760 JavaThread "JavaFX Application Thread" [_thread_blocked, id=8572, stack(0x000000ab3a900000,0x000000ab3aa00000)]
  0x00000202e78b6cb0 JavaThread "Thread-1" daemon [_thread_in_native, id=11984, stack(0x000000ab3ad00000,0x000000ab3ae00000)]
  0x00000202e78b8740 JavaThread "JavaFX-Launcher" [_thread_blocked, id=20284, stack(0x000000ab3ae00000,0x000000ab3af00000)]
  0x00000202e78b81f0 JavaThread "Prism Font Disposer" daemon [_thread_blocked, id=3984, stack(0x000000ab3b700000,0x000000ab3b800000)]
  0x00000202e8524c00 JavaThread "Cleaner-0" daemon [_thread_blocked, id=23348, stack(0x000000ab3a400000,0x000000ab3a500000)]
  0x00000202e8527130 JavaThread "Logging-Cleaner" [_thread_blocked, id=2128, stack(0x000000ab39000000,0x000000ab39100000)]

Other Threads:
=>0x00000202e339a440 VMThread "VM Thread" [stack: 0x000000ab39900000,0x000000ab39a00000] [id=8248]
  0x00000202c4bcbf90 WorkerThread "GC Thread#0" [stack: 0x000000ab39400000,0x000000ab39500000] [id=6688]
  0x00000202e82d1040 WorkerThread "GC Thread#1" [stack: 0x000000ab3af00000,0x000000ab3b000000] [id=13788]
  0x00000202e82d1310 WorkerThread "GC Thread#2" [stack: 0x000000ab3b000000,0x000000ab3b100000] [id=17852]
  0x00000202e85b6eb0 WorkerThread "GC Thread#3" [stack: 0x000000ab3b100000,0x000000ab3b200000] [id=1220]
  0x00000202e85b7720 WorkerThread "GC Thread#4" [stack: 0x000000ab3b200000,0x000000ab3b300000] [id=15908]
  0x00000202e85b60a0 WorkerThread "GC Thread#5" [stack: 0x000000ab3b300000,0x000000ab3b400000] [id=19720]
  0x00000202e85b6910 WorkerThread "GC Thread#6" [stack: 0x000000ab3b800000,0x000000ab3b900000] [id=11988]
  0x00000202e85b6640 WorkerThread "GC Thread#7" [stack: 0x000000ab3b900000,0x000000ab3ba00000] [id=11740]
  0x00000202c4bdccb0 ConcurrentGCThread "G1 Main Marker" terminated
  0x00000202c4bdd880 WorkerThread "G1 Conc#0" [stack: 0x000000ab39600000,0x000000ab39700000] [id=9848]
  0x00000202c4c3e300 ConcurrentGCThread "G1 Refine#0" terminated
  0x00000202e325a100 ConcurrentGCThread "G1 Service" terminated

Threads with active compile tasks:

VM state: at safepoint (shutting down)

VM Mutex/Monitor currently owned by a thread:  ([mutex/lock_event])
[0x00000202c2a2b920] Threads_lock - owner thread: 0x00000202e339a440
[0x00000202c2a2bd10] Heap_lock - owner thread: 0x00000202e78b6760

Heap address: 0x0000000081200000, size: 2030 MB, Compressed Oops mode: 32-bit

CDS archive(s) mapped at: [0x0000000800000000-0x0000000800c40000-0x0000000800c40000), size 12845056, SharedBaseAddress: 0x0000000800000000, ArchiveRelocationMode: 0.
Compressed class space mapped at: 0x0000000801000000-0x0000000841000000, reserved size: 1073741824
Narrow klass base: 0x0000000800000000, Narrow klass shift: 0, Narrow klass range: 0x100000000

GC Precious Log:
 CardTable entry size: 512
 Card Set container configuration: InlinePtr #cards 5 size 8 Array Of Cards #cards 12 size 40 Howl #buckets 4 coarsen threshold 1843 Howl Bitmap #cards 512 size 80 coarsen threshold 460 Card regions per heap region 1 cards per card region 2048
 CPUs: 8 total, 8 available
 Memory: 8112M
 Large Page Support: Disabled
 NUMA Support: Disabled
 Compressed Oops: Enabled (32-bit)
 Heap Region Size: 1M
 Heap Min Capacity: 8M
 Heap Initial Capacity: 128M
 Heap Max Capacity: 2030M
 Pre-touch: Disabled
 Parallel Workers: 8
 Concurrent Workers: 2
 Concurrent Refinement Workers: 8
 Periodic GC: Disabled

Heap:
 garbage-first heap   total 131072K, used 60149K [0x0000000081200000, 0x0000000100000000)
  region size 1024K, 38 young (38912K), 5 survivors (5120K)
 Metaspace       used 17666K, committed 17984K, reserved 1114112K
  class space    used 2415K, committed 2560K, reserved 1048576K

Heap Regions: E=young(eden), S=young(survivor), O=old, HS=humongous(starts), HC=humongous(continues), CS=collection set, F=free, OA=open archive, CA=closed archive, TAMS=top-at-mark-start (previous, next)
|   0|0x0000000081200000, 0x0000000081300000, 0x0000000081300000|100%|HS|  |TAMS 0x0000000081200000, 0x0000000081200000| Complete 
|   1|0x0000000081300000, 0x0000000081400000, 0x0000000081400000|100%|HC|  |TAMS 0x0000000081300000, 0x0000000081300000| Complete 
|   2|0x0000000081400000, 0x0000000081500000, 0x0000000081500000|100%|HC|  |TAMS 0x0000000081400000, 0x0000000081400000| Complete 
|   3|0x0000000081500000, 0x0000000081600000, 0x0000000081600000|100%|HC|  |TAMS 0x0000000081500000, 0x0000000081500000| Complete 
|   4|0x0000000081600000, 0x0000000081700000, 0x0000000081700000|100%|HC|  |TAMS 0x0000000081600000, 0x0000000081600000| Complete 
|   5|0x0000000081700000, 0x0000000081800000, 0x0000000081800000|100%|HC|  |TAMS 0x0000000081700000, 0x0000000081700000| Complete 
|   6|0x0000000081800000, 0x0000000081900000, 0x0000000081900000|100%|HS|  |TAMS 0x0000000081800000, 0x0000000081800000| Complete 
|   7|0x0000000081900000, 0x0000000081a00000, 0x0000000081a00000|100%|HC|  |TAMS 0x0000000081900000, 0x0000000081900000| Complete 
|   8|0x0000000081a00000, 0x0000000081b00000, 0x0000000081b00000|100%|HC|  |TAMS 0x0000000081a00000, 0x0000000081a00000| Complete 
|   9|0x0000000081b00000, 0x0000000081c00000, 0x0000000081c00000|100%|HS|  |TAMS 0x0000000081b00000, 0x0000000081b00000| Complete 
|  10|0x0000000081c00000, 0x0000000081d00000, 0x0000000081d00000|100%|HC|  |TAMS 0x0000000081c00000, 0x0000000081c00000| Complete 
|  11|0x0000000081d00000, 0x0000000081e00000, 0x0000000081e00000|100%| O|  |TAMS 0x0000000081d00000, 0x0000000081d00000| Untracked 
|  12|0x0000000081e00000, 0x0000000081f00000, 0x0000000081f00000|100%| O|  |TAMS 0x0000000081e00000, 0x0000000081e00000| Untracked 
|  13|0x0000000081f00000, 0x0000000081f8d400, 0x0000000082000000| 55%| O|  |TAMS 0x0000000081f00000, 0x0000000081f00000| Untracked 
|  14|0x0000000082000000, 0x0000000082100000, 0x0000000082100000|100%|HS|  |TAMS 0x0000000082000000, 0x0000000082000000| Complete 
|  15|0x0000000082100000, 0x0000000082200000, 0x0000000082200000|100%|HC|  |TAMS 0x0000000082100000, 0x0000000082100000| Complete 
|  16|0x0000000082200000, 0x0000000082300000, 0x0000000082300000|100%|HC|  |TAMS 0x0000000082200000, 0x0000000082200000| Complete 
|  17|0x0000000082300000, 0x0000000082400000, 0x0000000082400000|100%|HS|  |TAMS 0x0000000082300000, 0x0000000082300000| Complete 
|  18|0x0000000082400000, 0x0000000082500000, 0x0000000082500000|100%|HC|  |TAMS 0x0000000082400000, 0x0000000082400000| Complete 
|  19|0x0000000082500000, 0x0000000082600000, 0x0000000082600000|100%|HC|  |TAMS 0x0000000082500000, 0x0000000082500000| Complete 
|  20|0x0000000082600000, 0x0000000082700000, 0x0000000082700000|100%|HS|  |TAMS 0x0000000082600000, 0x0000000082600000| Complete 
|  21|0x0000000082700000, 0x0000000082800000, 0x0000000082800000|100%|HC|  |TAMS 0x0000000082700000, 0x0000000082700000| Complete 
|  22|0x0000000082800000, 0x0000000082900000, 0x0000000082900000|100%|HC|  |TAMS 0x0000000082800000, 0x0000000082800000| Complete 
|  23|0x0000000082900000, 0x0000000082900000, 0x0000000082a00000|  0%| F|  |TAMS 0x0000000082900000, 0x0000000082900000| Untracked 
|  24|0x0000000082a00000, 0x0000000082a00000, 0x0000000082b00000|  0%| F|  |TAMS 0x0000000082a00000, 0x0000000082a00000| Untracked 
|  25|0x0000000082b00000, 0x0000000082b00000, 0x0000000082c00000|  0%| F|  |TAMS 0x0000000082b00000, 0x0000000082b00000| Untracked 
|  26|0x0000000082c00000, 0x0000000082c00000, 0x0000000082d00000|  0%| F|  |TAMS 0x0000000082c00000, 0x0000000082c00000| Untracked 
|  27|0x0000000082d00000, 0x0000000082d00000, 0x0000000082e00000|  0%| F|  |TAMS 0x0000000082d00000, 0x0000000082d00000| Untracked 
|  28|0x0000000082e00000, 0x0000000082e00000, 0x0000000082f00000|  0%| F|  |TAMS 0x0000000082e00000, 0x0000000082e00000| Untracked 
|  29|0x0000000082f00000, 0x0000000082f00000, 0x0000000083000000|  0%| F|  |TAMS 0x0000000082f00000, 0x0000000082f00000| Untracked 
|  30|0x0000000083000000, 0x0000000083000000, 0x0000000083100000|  0%| F|  |TAMS 0x0000000083000000, 0x0000000083000000| Untracked 
|  31|0x0000000083100000, 0x0000000083100000, 0x0000000083200000|  0%| F|  |TAMS 0x0000000083100000, 0x0000000083100000| Untracked 
|  32|0x0000000083200000, 0x0000000083200000, 0x0000000083300000|  0%| F|  |TAMS 0x0000000083200000, 0x0000000083200000| Untracked 
|  33|0x0000000083300000, 0x0000000083300000, 0x0000000083400000|  0%| F|  |TAMS 0x0000000083300000, 0x0000000083300000| Untracked 
|  34|0x0000000083400000, 0x0000000083400000, 0x0000000083500000|  0%| F|  |TAMS 0x0000000083400000, 0x0000000083400000| Untracked 
|  35|0x0000000083500000, 0x0000000083500000, 0x0000000083600000|  0%| F|  |TAMS 0x0000000083500000, 0x0000000083500000| Untracked 
|  36|0x0000000083600000, 0x0000000083600000, 0x0000000083700000|  0%| F|  |TAMS 0x0000000083600000, 0x0000000083600000| Untracked 
|  37|0x0000000083700000, 0x0000000083700000, 0x0000000083800000|  0%| F|  |TAMS 0x0000000083700000, 0x0000000083700000| Untracked 
|  38|0x0000000083800000, 0x0000000083800000, 0x0000000083900000|  0%| F|  |TAMS 0x0000000083800000, 0x0000000083800000| Untracked 
|  39|0x0000000083900000, 0x0000000083900000, 0x0000000083a00000|  0%| F|  |TAMS 0x0000000083900000, 0x0000000083900000| Untracked 
|  40|0x0000000083a00000, 0x0000000083a00000, 0x0000000083b00000|  0%| F|  |TAMS 0x0000000083a00000, 0x0000000083a00000| Untracked 
|  41|0x0000000083b00000, 0x0000000083b00000, 0x0000000083c00000|  0%| F|  |TAMS 0x0000000083b00000, 0x0000000083b00000| Untracked 
|  42|0x0000000083c00000, 0x0000000083c00000, 0x0000000083d00000|  0%| F|  |TAMS 0x0000000083c00000, 0x0000000083c00000| Untracked 
|  43|0x0000000083d00000, 0x0000000083d00000, 0x0000000083e00000|  0%| F|  |TAMS 0x0000000083d00000, 0x0000000083d00000| Untracked 
|  44|0x0000000083e00000, 0x0000000083e00000, 0x0000000083f00000|  0%| F|  |TAMS 0x0000000083e00000, 0x0000000083e00000| Untracked 
|  45|0x0000000083f00000, 0x0000000083f00000, 0x0000000084000000|  0%| F|  |TAMS 0x0000000083f00000, 0x0000000083f00000| Untracked 
|  46|0x0000000084000000, 0x0000000084000000, 0x0000000084100000|  0%| F|  |TAMS 0x0000000084000000, 0x0000000084000000| Untracked 
|  47|0x0000000084100000, 0x0000000084100000, 0x0000000084200000|  0%| F|  |TAMS 0x0000000084100000, 0x0000000084100000| Untracked 
|  48|0x0000000084200000, 0x0000000084200000, 0x0000000084300000|  0%| F|  |TAMS 0x0000000084200000, 0x0000000084200000| Untracked 
|  49|0x0000000084300000, 0x0000000084300000, 0x0000000084400000|  0%| F|  |TAMS 0x0000000084300000, 0x0000000084300000| Untracked 
|  50|0x0000000084400000, 0x0000000084400000, 0x0000000084500000|  0%| F|  |TAMS 0x0000000084400000, 0x0000000084400000| Untracked 
|  51|0x0000000084500000, 0x0000000084500000, 0x0000000084600000|  0%| F|  |TAMS 0x0000000084500000, 0x0000000084500000| Untracked 
|  52|0x0000000084600000, 0x0000000084600000, 0x0000000084700000|  0%| F|  |TAMS 0x0000000084600000, 0x0000000084600000| Untracked 
|  53|0x0000000084700000, 0x0000000084700000, 0x0000000084800000|  0%| F|  |TAMS 0x0000000084700000, 0x0000000084700000| Untracked 
|  54|0x0000000084800000, 0x0000000084800000, 0x0000000084900000|  0%| F|  |TAMS 0x0000000084800000, 0x0000000084800000| Untracked 
|  55|0x0000000084900000, 0x0000000084900000, 0x0000000084a00000|  0%| F|  |TAMS 0x0000000084900000, 0x0000000084900000| Untracked 
|  56|0x0000000084a00000, 0x0000000084a00000, 0x0000000084b00000|  0%| F|  |TAMS 0x0000000084a00000, 0x0000000084a00000| Untracked 
|  57|0x0000000084b00000, 0x0000000084b00000, 0x0000000084c00000|  0%| F|  |TAMS 0x0000000084b00000, 0x0000000084b00000| Untracked 
|  58|0x0000000084c00000, 0x0000000084c00000, 0x0000000084d00000|  0%| F|  |TAMS 0x0000000084c00000, 0x0000000084c00000| Untracked 
|  59|0x0000000084d00000, 0x0000000084d00000, 0x0000000084e00000|  0%| F|  |TAMS 0x0000000084d00000, 0x0000000084d00000| Untracked 
|  60|0x0000000084e00000, 0x0000000084e00000, 0x0000000084f00000|  0%| F|  |TAMS 0x0000000084e00000, 0x0000000084e00000| Untracked 
|  61|0x0000000084f00000, 0x0000000084f00000, 0x0000000085000000|  0%| F|  |TAMS 0x0000000084f00000, 0x0000000084f00000| Untracked 
|  62|0x0000000085000000, 0x0000000085000000, 0x0000000085100000|  0%| F|  |TAMS 0x0000000085000000, 0x0000000085000000| Untracked 
|  63|0x0000000085100000, 0x0000000085100000, 0x0000000085200000|  0%| F|  |TAMS 0x0000000085100000, 0x0000000085100000| Untracked 
|  64|0x0000000085200000, 0x0000000085200000, 0x0000000085300000|  0%| F|  |TAMS 0x0000000085200000, 0x0000000085200000| Untracked 
|  65|0x0000000085300000, 0x0000000085300000, 0x0000000085400000|  0%| F|  |TAMS 0x0000000085300000, 0x0000000085300000| Untracked 
|  66|0x0000000085400000, 0x0000000085400000, 0x0000000085500000|  0%| F|  |TAMS 0x0000000085400000, 0x0000000085400000| Untracked 
|  67|0x0000000085500000, 0x0000000085500000, 0x0000000085600000|  0%| F|  |TAMS 0x0000000085500000, 0x0000000085500000| Untracked 
|  68|0x0000000085600000, 0x0000000085600000, 0x0000000085700000|  0%| F|  |TAMS 0x0000000085600000, 0x0000000085600000| Untracked 
|  69|0x0000000085700000, 0x0000000085700000, 0x0000000085800000|  0%| F|  |TAMS 0x0000000085700000, 0x0000000085700000| Untracked 
|  70|0x0000000085800000, 0x0000000085800000, 0x0000000085900000|  0%| F|  |TAMS 0x0000000085800000, 0x0000000085800000| Untracked 
|  71|0x0000000085900000, 0x0000000085900000, 0x0000000085a00000|  0%| F|  |TAMS 0x0000000085900000, 0x0000000085900000| Untracked 
|  72|0x0000000085a00000, 0x0000000085a00000, 0x0000000085b00000|  0%| F|  |TAMS 0x0000000085a00000, 0x0000000085a00000| Untracked 
|  73|0x0000000085b00000, 0x0000000085b00000, 0x0000000085c00000|  0%| F|  |TAMS 0x0000000085b00000, 0x0000000085b00000| Untracked 
|  74|0x0000000085c00000, 0x0000000085c00000, 0x0000000085d00000|  0%| F|  |TAMS 0x0000000085c00000, 0x0000000085c00000| Untracked 
|  75|0x0000000085d00000, 0x0000000085d00000, 0x0000000085e00000|  0%| F|  |TAMS 0x0000000085d00000, 0x0000000085d00000| Untracked 
|  76|0x0000000085e00000, 0x0000000085e00000, 0x0000000085f00000|  0%| F|  |TAMS 0x0000000085e00000, 0x0000000085e00000| Untracked 
|  77|0x0000000085f00000, 0x0000000085f00000, 0x0000000086000000|  0%| F|  |TAMS 0x0000000085f00000, 0x0000000085f00000| Untracked 
|  78|0x0000000086000000, 0x0000000086000000, 0x0000000086100000|  0%| F|  |TAMS 0x0000000086000000, 0x0000000086000000| Untracked 
|  79|0x0000000086100000, 0x0000000086100000, 0x0000000086200000|  0%| F|  |TAMS 0x0000000086100000, 0x0000000086100000| Untracked 
|  80|0x0000000086200000, 0x0000000086200000, 0x0000000086300000|  0%| F|  |TAMS 0x0000000086200000, 0x0000000086200000| Untracked 
|  81|0x0000000086300000, 0x0000000086300000, 0x0000000086400000|  0%| F|  |TAMS 0x0000000086300000, 0x0000000086300000| Untracked 
|  82|0x0000000086400000, 0x0000000086400000, 0x0000000086500000|  0%| F|  |TAMS 0x0000000086400000, 0x0000000086400000| Untracked 
|  83|0x0000000086500000, 0x0000000086500000, 0x0000000086600000|  0%| F|  |TAMS 0x0000000086500000, 0x0000000086500000| Untracked 
|  84|0x0000000086600000, 0x0000000086600000, 0x0000000086700000|  0%| F|  |TAMS 0x0000000086600000, 0x0000000086600000| Untracked 
|  85|0x0000000086700000, 0x0000000086700000, 0x0000000086800000|  0%| F|  |TAMS 0x0000000086700000, 0x0000000086700000| Untracked 
|  86|0x0000000086800000, 0x0000000086830320, 0x0000000086900000| 18%| S|CS|TAMS 0x0000000086800000, 0x0000000086800000| Complete 
|  87|0x0000000086900000, 0x0000000086a00000, 0x0000000086a00000|100%| S|CS|TAMS 0x0000000086900000, 0x0000000086900000| Complete 
|  88|0x0000000086a00000, 0x0000000086b00000, 0x0000000086b00000|100%| S|CS|TAMS 0x0000000086a00000, 0x0000000086a00000| Complete 
|  89|0x0000000086b00000, 0x0000000086c00000, 0x0000000086c00000|100%| S|CS|TAMS 0x0000000086b00000, 0x0000000086b00000| Complete 
|  90|0x0000000086c00000, 0x0000000086d00000, 0x0000000086d00000|100%| S|CS|TAMS 0x0000000086c00000, 0x0000000086c00000| Complete 
|  91|0x0000000086d00000, 0x0000000086d00000, 0x0000000086e00000|  0%| F|  |TAMS 0x0000000086d00000, 0x0000000086d00000| Untracked 
|  92|0x0000000086e00000, 0x0000000086e00000, 0x0000000086f00000|  0%| F|  |TAMS 0x0000000086e00000, 0x0000000086e00000| Untracked 
|  93|0x0000000086f00000, 0x0000000086f00000, 0x0000000087000000|  0%| F|  |TAMS 0x0000000086f00000, 0x0000000086f00000| Untracked 
|  94|0x0000000087000000, 0x0000000087000000, 0x0000000087100000|  0%| F|  |TAMS 0x0000000087000000, 0x0000000087000000| Untracked 
|  95|0x0000000087100000, 0x0000000087168618, 0x0000000087200000| 40%| E|  |TAMS 0x0000000087100000, 0x0000000087100000| Complete 
|  96|0x0000000087200000, 0x0000000087300000, 0x0000000087300000|100%| E|CS|TAMS 0x0000000087200000, 0x0000000087200000| Complete 
|  97|0x0000000087300000, 0x0000000087400000, 0x0000000087400000|100%| E|CS|TAMS 0x0000000087300000, 0x0000000087300000| Complete 
|  98|0x0000000087400000, 0x0000000087500000, 0x0000000087500000|100%| E|CS|TAMS 0x0000000087400000, 0x0000000087400000| Complete 
|  99|0x0000000087500000, 0x0000000087600000, 0x0000000087600000|100%| E|CS|TAMS 0x0000000087500000, 0x0000000087500000| Complete 
| 100|0x0000000087600000, 0x0000000087700000, 0x0000000087700000|100%| E|CS|TAMS 0x0000000087600000, 0x0000000087600000| Complete 
| 101|0x0000000087700000, 0x0000000087800000, 0x0000000087800000|100%| E|CS|TAMS 0x0000000087700000, 0x0000000087700000| Complete 
| 102|0x0000000087800000, 0x0000000087900000, 0x0000000087900000|100%| E|CS|TAMS 0x0000000087800000, 0x0000000087800000| Complete 
| 103|0x0000000087900000, 0x0000000087a00000, 0x0000000087a00000|100%| E|CS|TAMS 0x0000000087900000, 0x0000000087900000| Complete 
| 104|0x0000000087a00000, 0x0000000087b00000, 0x0000000087b00000|100%| E|CS|TAMS 0x0000000087a00000, 0x0000000087a00000| Complete 
| 105|0x0000000087b00000, 0x0000000087c00000, 0x0000000087c00000|100%| E|CS|TAMS 0x0000000087b00000, 0x0000000087b00000| Complete 
| 106|0x0000000087c00000, 0x0000000087d00000, 0x0000000087d00000|100%| E|CS|TAMS 0x0000000087c00000, 0x0000000087c00000| Complete 
| 107|0x0000000087d00000, 0x0000000087e00000, 0x0000000087e00000|100%| E|CS|TAMS 0x0000000087d00000, 0x0000000087d00000| Complete 
| 108|0x0000000087e00000, 0x0000000087f00000, 0x0000000087f00000|100%| E|CS|TAMS 0x0000000087e00000, 0x0000000087e00000| Complete 
| 109|0x0000000087f00000, 0x0000000088000000, 0x0000000088000000|100%| E|CS|TAMS 0x0000000087f00000, 0x0000000087f00000| Complete 
| 110|0x0000000088000000, 0x0000000088100000, 0x0000000088100000|100%| E|CS|TAMS 0x0000000088000000, 0x0000000088000000| Complete 
| 111|0x0000000088100000, 0x0000000088200000, 0x0000000088200000|100%| E|CS|TAMS 0x0000000088100000, 0x0000000088100000| Complete 
| 112|0x0000000088200000, 0x0000000088300000, 0x0000000088300000|100%| E|CS|TAMS 0x0000000088200000, 0x0000000088200000| Complete 
| 113|0x0000000088300000, 0x0000000088400000, 0x0000000088400000|100%| E|CS|TAMS 0x0000000088300000, 0x0000000088300000| Complete 
| 114|0x0000000088400000, 0x0000000088500000, 0x0000000088500000|100%| E|CS|TAMS 0x0000000088400000, 0x0000000088400000| Complete 
| 115|0x0000000088500000, 0x0000000088600000, 0x0000000088600000|100%| E|CS|TAMS 0x0000000088500000, 0x0000000088500000| Complete 
| 116|0x0000000088600000, 0x0000000088700000, 0x0000000088700000|100%| E|CS|TAMS 0x0000000088600000, 0x0000000088600000| Complete 
| 117|0x0000000088700000, 0x0000000088800000, 0x0000000088800000|100%| E|CS|TAMS 0x0000000088700000, 0x0000000088700000| Complete 
| 118|0x0000000088800000, 0x0000000088900000, 0x0000000088900000|100%| E|CS|TAMS 0x0000000088800000, 0x0000000088800000| Complete 
| 119|0x0000000088900000, 0x0000000088a00000, 0x0000000088a00000|100%| E|CS|TAMS 0x0000000088900000, 0x0000000088900000| Complete 
| 120|0x0000000088a00000, 0x0000000088b00000, 0x0000000088b00000|100%| E|CS|TAMS 0x0000000088a00000, 0x0000000088a00000| Complete 
| 121|0x0000000088b00000, 0x0000000088c00000, 0x0000000088c00000|100%| E|CS|TAMS 0x0000000088b00000, 0x0000000088b00000| Complete 
| 122|0x0000000088c00000, 0x0000000088d00000, 0x0000000088d00000|100%| E|CS|TAMS 0x0000000088c00000, 0x0000000088c00000| Complete 
| 123|0x0000000088d00000, 0x0000000088e00000, 0x0000000088e00000|100%| E|CS|TAMS 0x0000000088d00000, 0x0000000088d00000| Complete 
| 124|0x0000000088e00000, 0x0000000088f00000, 0x0000000088f00000|100%| E|CS|TAMS 0x0000000088e00000, 0x0000000088e00000| Complete 
| 125|0x0000000088f00000, 0x0000000089000000, 0x0000000089000000|100%| E|CS|TAMS 0x0000000088f00000, 0x0000000088f00000| Complete 
| 126|0x0000000089000000, 0x0000000089100000, 0x0000000089100000|100%| E|CS|TAMS 0x0000000089000000, 0x0000000089000000| Complete 
| 127|0x0000000089100000, 0x0000000089200000, 0x0000000089200000|100%| E|CS|TAMS 0x0000000089100000, 0x0000000089100000| Complete 

Card table byte_map: [0x00000202dc210000,0x00000202dc610000] _byte_map_base: 0x00000202dbe07000

Marking Bits (Prev, Next): (CMBitMap*) 0x00000202c4bcc5c0, (CMBitMap*) 0x00000202c4bcc600
 Prev Bits: [0x00000202dca10000, 0x00000202de9c8000)
 Next Bits: [0x00000202de9d0000, 0x00000202e0988000)

Polling page: 0x00000202c2ad0000

Metaspace:

Usage:
  Non-class:     14.89 MB used.
      Class:      2.36 MB used.
       Both:     17.25 MB used.

Virtual space:
  Non-class space:       64.00 MB reserved,      15.06 MB ( 24%) committed,  1 nodes.
      Class space:        1.00 GB reserved,       2.50 MB ( <1%) committed,  1 nodes.
             Both:        1.06 GB reserved,      17.56 MB (  2%) committed. 

Chunk freelists:
   Non-Class:  512.00 KB
       Class:  1.35 MB
        Both:  1.85 MB

MaxMetaspaceSize: unlimited
CompressedClassSpaceSize: 1.00 GB
Initial GC threshold: 21.00 MB
Current GC threshold: 21.00 MB
CDS: on
MetaspaceReclaimPolicy: balanced
 - commit_granule_bytes: 65536.
 - commit_granule_words: 8192.
 - virtual_space_node_default_size: 8388608.
 - enlarge_chunks_in_place: 1.
 - new_chunks_are_fully_committed: 0.
 - uncommit_free_chunks: 1.
 - use_allocation_guard: 0.


Internal statistics:

num_allocs_failed_limit: 0.
num_arena_births: 332.
num_arena_deaths: 0.
num_vsnodes_births: 2.
num_vsnodes_deaths: 0.
num_space_committed: 281.
num_space_uncommitted: 0.
num_chunks_returned_to_freelist: 0.
num_chunks_taken_from_freelist: 912.
num_chunk_merges: 0.
num_chunk_splits: 667.
num_chunks_enlarged: 529.
num_inconsistent_stats: 0.

CodeHeap 'non-profiled nmethods': size=120000Kb used=2620Kb max_used=2620Kb free=117379Kb
 bounds [0x00000202d45b0000, 0x00000202d4840000, 0x00000202dbae0000]
CodeHeap 'profiled nmethods': size=120000Kb used=10190Kb max_used=10190Kb free=109809Kb
 bounds [0x00000202ccae0000, 0x00000202cd4e0000, 0x00000202d4010000]
CodeHeap 'non-nmethods': size=5760Kb used=1548Kb max_used=1673Kb free=4211Kb
 bounds [0x00000202d4010000, 0x00000202d4280000, 0x00000202d45b0000]
 total_blobs=5696 nmethods=4864 adapters=742
 compilation: enabled
              stopped_count=0, restarted_count=0
 full_count=0

Compilation events (20 events):
Event: 86.374 Thread 0x00000202e33ceb60 4857       4       com.sun.prism.impl.ps.PaintHelper::setMultiGradient (177 bytes)
Event: 86.417 Thread 0x00000202e33d3630 4859       3       javafx.stage.Window::notifyLocationChanged (17 bytes)
Event: 86.417 Thread 0x00000202e33d3630 nmethod 4859 0x00000202cd4bd410 code [0x00000202cd4bd5c0, 0x00000202cd4bd858]
Event: 86.461 Thread 0x00000202e33ceb60 nmethod 4857 0x00000202d4839910 code [0x00000202d4839c20, 0x00000202d483aff0]
Event: 86.461 Thread 0x00000202e33ceb60 4858       4       com.sun.prism.impl.VertexBuffer::addQuad (444 bytes)
Event: 86.466 Thread 0x00000202e33ceb60 nmethod 4858 0x00000202d483bf10 code [0x00000202d483c0a0, 0x00000202d483c3d8]
Event: 87.616 Thread 0x00000202e33ceb60 4860       4       com.sun.javafx.tk.quantum.QuantumToolkit$$Lambda$79/0x0000000801039778::run (8 bytes)
Event: 87.617 Thread 0x00000202e33ceb60 nmethod 4860 0x00000202d483c610 code [0x00000202d483c7a0, 0x00000202d483c898]
Event: 289.159 Thread 0x00000202e33d3630 4861       3       javafx.scene.layout.GridPane::growOrShrinkRowHeights (423 bytes)
Event: 289.170 Thread 0x00000202e33d3630 nmethod 4861 0x00000202cd4bd990 code [0x00000202cd4bde20, 0x00000202cd4c0558]
Event: 289.170 Thread 0x00000202e33d3630 4862       3       java.nio.FloatBuffer::rewind (7 bytes)
Event: 289.171 Thread 0x00000202e33d3630 nmethod 4862 0x00000202cd4c1490 code [0x00000202cd4c1640, 0x00000202cd4c17b8]
Event: 289.377 Thread 0x00000202e33ceb60 4863       4       javafx.scene.Scene$ClickGenerator::preProcess (348 bytes)
Event: 289.450 Thread 0x00000202e33ceb60 nmethod 4863 0x00000202d483c990 code [0x00000202d483ccc0, 0x00000202d483e1a0]
Event: 289.697 Thread 0x00000202e33d3630 4864       3       com.sun.marlin.DTransformingPathConsumer2D$CurveClipSplitter::splitCurve (98 bytes)
Event: 289.697 Thread 0x00000202e33d3630 nmethod 4864 0x00000202cd4c1890 code [0x00000202cd4c1a60, 0x00000202cd4c1eb8]
Event: 289.698 Thread 0x00000202e33d3630 4865       3       com.sun.marlin.DHelpers::fastCurvelen (76 bytes)
Event: 289.698 Thread 0x00000202e33d3630 nmethod 4865 0x00000202cd4c2110 code [0x00000202cd4c22e0, 0x00000202cd4c24d8]
Event: 289.937 Thread 0x00000202e33d3630 4866       3       javafx.scene.control.skin.LabeledSkinBase::updateDisplayedText (1052 bytes)
Event: 289.956 Thread 0x00000202e33d3630 nmethod 4866 0x00000202cd4c2590 code [0x00000202cd4c34e0, 0x00000202cd4cfcd8]

GC Heap History (4 events):
Event: 1.849 GC heap before
{Heap before GC invocations=0 (full 0):
 garbage-first heap   total 131072K, used 22528K [0x0000000081200000, 0x0000000100000000)
  region size 1024K, 23 young (23552K), 0 survivors (0K)
 Metaspace       used 5812K, committed 6016K, reserved 1114112K
  class space    used 704K, committed 832K, reserved 1048576K
}
Event: 1.853 GC heap after
{Heap after GC invocations=1 (full 0):
 garbage-first heap   total 131072K, used 2849K [0x0000000081200000, 0x0000000100000000)
  region size 1024K, 3 young (3072K), 3 survivors (3072K)
 Metaspace       used 5812K, committed 6016K, reserved 1114112K
  class space    used 704K, committed 832K, reserved 1048576K
}
Event: 6.641 GC heap before
{Heap before GC invocations=1 (full 0):
 garbage-first heap   total 131072K, used 47905K [0x0000000081200000, 0x0000000100000000)
  region size 1024K, 37 young (37888K), 3 survivors (3072K)
 Metaspace       used 14758K, committed 15040K, reserved 1114112K
  class space    used 2170K, committed 2304K, reserved 1048576K
}
Event: 6.653 GC heap after
{Heap after GC invocations=2 (full 0):
 garbage-first heap   total 131072K, used 18165K [0x0000000081200000, 0x0000000100000000)
  region size 1024K, 5 young (5120K), 5 survivors (5120K)
 Metaspace       used 14758K, committed 15040K, reserved 1114112K
  class space    used 2170K, committed 2304K, reserved 1048576K
}

Dll operation events (20 events):
Event: 1.129 Loaded shared library C:\Users\Gabriel\.openjfx\cache\13\api-ms-win-crt-filesystem-l1-1-0.dll
Event: 1.133 Loaded shared library C:\Users\Gabriel\.openjfx\cache\13\api-ms-win-crt-heap-l1-1-0.dll
Event: 1.137 Loaded shared library C:\Users\Gabriel\.openjfx\cache\13\api-ms-win-crt-locale-l1-1-0.dll
Event: 1.147 Loaded shared library C:\Users\Gabriel\.openjfx\cache\13\api-ms-win-crt-math-l1-1-0.dll
Event: 1.164 Loaded shared library C:\Users\Gabriel\.openjfx\cache\13\api-ms-win-crt-multibyte-l1-1-0.dll
Event: 1.171 Loaded shared library C:\Users\Gabriel\.openjfx\cache\13\api-ms-win-crt-private-l1-1-0.dll
Event: 1.182 Loaded shared library C:\Users\Gabriel\.openjfx\cache\13\api-ms-win-crt-process-l1-1-0.dll
Event: 1.187 Loaded shared library C:\Users\Gabriel\.openjfx\cache\13\api-ms-win-crt-runtime-l1-1-0.dll
Event: 1.197 Loaded shared library C:\Users\Gabriel\.openjfx\cache\13\api-ms-win-crt-stdio-l1-1-0.dll
Event: 1.203 Loaded shared library C:\Users\Gabriel\.openjfx\cache\13\api-ms-win-crt-string-l1-1-0.dll
Event: 1.221 Loaded shared library C:\Users\Gabriel\.openjfx\cache\13\api-ms-win-crt-time-l1-1-0.dll
Event: 1.237 Loaded shared library C:\Users\Gabriel\.openjfx\cache\13\api-ms-win-crt-utility-l1-1-0.dll
Event: 1.268 Loaded shared library C:\Users\Gabriel\.openjfx\cache\13\ucrtbase.dll
Event: 1.278 Loaded shared library C:\Users\Gabriel\.openjfx\cache\13\vcruntime140.dll
Event: 1.298 Loaded shared library C:\Users\Gabriel\.openjfx\cache\13\msvcp140.dll
Event: 1.311 Loaded shared library C:\Users\Gabriel\.openjfx\cache\13\concrt140.dll
Event: 1.397 Loaded shared library C:\Users\Gabriel\.openjfx\cache\13\prism_d3d.dll
Event: 1.477 Loaded shared library C:\Users\Gabriel\.openjfx\cache\13\glass.dll
Event: 1.902 Loaded shared library C:\Users\Gabriel\.openjfx\cache\13\javafx_font.dll
Event: 2.551 Loaded shared library C:\Program Files\Java\jdk-19\bin\jimage.dll

Deoptimization events (20 events):
Event: 76.532 Thread 0x00000202e78b6760 Uncommon trap: trap_request=0xffffff45 fr.pc=0x00000202d46fe8b8 relative=0x0000000000002db8
Event: 76.532 Thread 0x00000202e78b6760 Uncommon trap: reason=unstable_if action=reinterpret pc=0x00000202d46fe8b8 method=javafx.scene.CssStyleHelper.getStyle(Ljavafx/css/Styleable;Ljava/lang/String;Lcom/sun/javafx/css/StyleMap;Ljava/util/Set;)Lcom/sun/javafx/css/CascadingStyle; @ 8 c2
Event: 76.532 Thread 0x00000202e78b6760 DEOPT PACKING pc=0x00000202d46fe8b8 sp=0x000000ab3a9fc720
Event: 76.532 Thread 0x00000202e78b6760 DEOPT UNPACKING pc=0x00000202d4076da3 sp=0x000000ab3a9fc670 mode 2
Event: 86.461 Thread 0x00000202e78b5770 Uncommon trap: trap_request=0xffffffbe fr.pc=0x00000202d483a970 relative=0x0000000000000d50
Event: 86.461 Thread 0x00000202e78b5770 Uncommon trap: reason=profile_predicate action=maybe_recompile pc=0x00000202d483a970 method=com.sun.prism.impl.ps.PaintHelper.setMultiGradient(Lcom/sun/prism/ps/Shader;Lcom/sun/prism/paint/Gradient;)V @ 24 c2
Event: 86.461 Thread 0x00000202e78b5770 DEOPT PACKING pc=0x00000202d483a970 sp=0x000000ab3a5fdd60
Event: 86.461 Thread 0x00000202e78b5770 DEOPT UNPACKING pc=0x00000202d4076da3 sp=0x000000ab3a5fdd00 mode 2
Event: 86.461 Thread 0x00000202e78b5770 Uncommon trap: trap_request=0xffffffbe fr.pc=0x00000202d483a970 relative=0x0000000000000d50
Event: 86.461 Thread 0x00000202e78b5770 Uncommon trap: reason=profile_predicate action=maybe_recompile pc=0x00000202d483a970 method=com.sun.prism.impl.ps.PaintHelper.setMultiGradient(Lcom/sun/prism/ps/Shader;Lcom/sun/prism/paint/Gradient;)V @ 24 c2
Event: 86.461 Thread 0x00000202e78b5770 DEOPT PACKING pc=0x00000202d483a970 sp=0x000000ab3a5fdd60
Event: 86.461 Thread 0x00000202e78b5770 DEOPT UNPACKING pc=0x00000202d4076da3 sp=0x000000ab3a5fdd00 mode 2
Event: 86.462 Thread 0x00000202e78b5770 Uncommon trap: trap_request=0xffffffbe fr.pc=0x00000202d483a970 relative=0x0000000000000d50
Event: 86.462 Thread 0x00000202e78b5770 Uncommon trap: reason=profile_predicate action=maybe_recompile pc=0x00000202d483a970 method=com.sun.prism.impl.ps.PaintHelper.setMultiGradient(Lcom/sun/prism/ps/Shader;Lcom/sun/prism/paint/Gradient;)V @ 24 c2
Event: 86.462 Thread 0x00000202e78b5770 DEOPT PACKING pc=0x00000202d483a970 sp=0x000000ab3a5fdd60
Event: 86.462 Thread 0x00000202e78b5770 DEOPT UNPACKING pc=0x00000202d4076da3 sp=0x000000ab3a5fdd00 mode 2
Event: 86.462 Thread 0x00000202e78b5770 Uncommon trap: trap_request=0xffffffbe fr.pc=0x00000202d483a970 relative=0x0000000000000d50
Event: 86.462 Thread 0x00000202e78b5770 Uncommon trap: reason=profile_predicate action=maybe_recompile pc=0x00000202d483a970 method=com.sun.prism.impl.ps.PaintHelper.setMultiGradient(Lcom/sun/prism/ps/Shader;Lcom/sun/prism/paint/Gradient;)V @ 24 c2
Event: 86.462 Thread 0x00000202e78b5770 DEOPT PACKING pc=0x00000202d483a970 sp=0x000000ab3a5fdd60
Event: 86.462 Thread 0x00000202e78b5770 DEOPT UNPACKING pc=0x00000202d4076da3 sp=0x000000ab3a5fdd00 mode 2

Classes loaded (20 events):
Event: 30.778 Loading class java/util/stream/ReduceOps$9
Event: 30.778 Loading class java/util/stream/ReduceOps$9 done
Event: 30.778 Loading class java/util/stream/ReduceOps$CountingSink$OfInt
Event: 30.778 Loading class java/util/stream/ReduceOps$CountingSink
Event: 30.778 Loading class java/util/stream/ReduceOps$CountingSink done
Event: 30.778 Loading class java/util/stream/ReduceOps$CountingSink$OfInt done
Event: 30.779 Loading class java/util/stream/Nodes$IntSpinedNodeBuilder
Event: 30.779 Loading class java/util/stream/Node$Builder$OfInt
Event: 30.779 Loading class java/util/stream/Node$Builder$OfInt done
Event: 30.779 Loading class java/util/stream/SpinedBuffer$OfInt
Event: 30.779 Loading class java/util/stream/SpinedBuffer$OfPrimitive
Event: 30.779 Loading class java/util/stream/AbstractSpinedBuffer
Event: 30.779 Loading class java/util/stream/AbstractSpinedBuffer done
Event: 30.779 Loading class java/util/stream/SpinedBuffer$OfPrimitive done
Event: 30.779 Loading class java/util/stream/SpinedBuffer$OfInt done
Event: 30.780 Loading class java/util/stream/Nodes$IntSpinedNodeBuilder done
Event: 61.729 Loading class java/lang/Math$RandomNumberGeneratorHolder
Event: 61.729 Loading class java/lang/Math$RandomNumberGeneratorHolder done
Event: 290.106 Loading class java/util/LinkedList$ListItr
Event: 290.106 Loading class java/util/LinkedList$ListItr done

Classes unloaded (0 events):
No events

Classes redefined (0 events):
No events

Internal exceptions (20 events):
Event: 3.100 Thread 0x00000202e78b6760 Exception <a 'java/lang/NoSuchMethodError'{0x0000000087e6d380}: 'int java.lang.invoke.DirectMethodHandle$Holder.invokeSpecial(java.lang.Object, java.lang.Object, java.lang.Object)'> (0x0000000087e6d380) 
thrown [s\open\src\hotspot\share\interpreter\linkResolver.cpp, line 774]
Event: 3.181 Thread 0x00000202e78b6760 Exception <a 'java/lang/NoSuchMethodError'{0x0000000087d25570}: 'java.lang.Object java.lang.invoke.DirectMethodHandle$Holder.newInvokeSpecial(java.lang.Object, java.lang.Object, int)'> (0x0000000087d25570) 
thrown [s\open\src\hotspot\share\interpreter\linkResolver.cpp, line 774]
Event: 3.337 Thread 0x00000202e78b6760 Exception <a 'java/lang/ClassNotFoundException'{0x0000000087b7f688}: com/sun/javafx/scene/control/skin/resources/controls> (0x0000000087b7f688) 
thrown [s\open\src\hotspot\share\prims\jni.cpp, line 536]
Event: 3.340 Thread 0x00000202e78b6760 Exception <a 'java/lang/ClassNotFoundException'{0x0000000087b8cfc0}: com/sun/javafx/scene/control/skin/resources/controls_pt> (0x0000000087b8cfc0) 
thrown [s\open\src\hotspot\share\prims\jni.cpp, line 536]
Event: 3.340 Thread 0x00000202e78b6760 Exception <a 'java/lang/ClassNotFoundException'{0x0000000087b8df68}: com/sun/javafx/scene/control/skin/resources/controls_pt_BR> (0x0000000087b8df68) 
thrown [s\open\src\hotspot\share\prims\jni.cpp, line 536]
Event: 3.452 Thread 0x00000202e78b6760 Exception <a 'java/lang/NoSuchMethodError'{0x000000008760e858}: 'void java.lang.invoke.DirectMethodHandle$Holder.invokeSpecial(java.lang.Object, java.lang.Object, java.lang.Object, java.lang.Object, java.lang.Object, java.lang.Object)'> (0x000000008760e858) 
thrown [s\open\src\hotspot\share\interpreter\linkResolver.cpp, line 774]
Event: 3.888 Thread 0x00000202e78b5770 Exception <a 'java/lang/NoSuchMethodError'{0x00000000872d16d0}: 'int java.lang.invoke.DirectMethodHandle$Holder.invokeStaticInit(java.lang.Object, java.lang.Object)'> (0x00000000872d16d0) 
thrown [s\open\src\hotspot\share\interpreter\linkResolver.cpp, line 774]
Event: 3.911 Thread 0x00000202e78b5770 Exception <a 'java/lang/NoSuchMethodError'{0x0000000087156958}: 'java.lang.Object java.lang.invoke.Invokers$Holder.invokeExact_MT(java.lang.Object, java.lang.Object, java.lang.Object, java.lang.Object, java.lang.Object)'> (0x0000000087156958) 
thrown [s\open\src\hotspot\share\interpreter\linkResolver.cpp, line 774]
Event: 6.483 Thread 0x00000202e78b6760 Exception <a 'java/lang/NoSuchMethodError'{0x0000000086e7afd8}: 'long java.lang.invoke.DirectMethodHandle$Holder.invokeStatic(java.lang.Object, java.lang.Object, java.lang.Object)'> (0x0000000086e7afd8) 
thrown [s\open\src\hotspot\share\interpreter\linkResolver.cpp, line 774]
Event: 6.483 Thread 0x00000202e78b6760 Exception <a 'java/lang/NoSuchMethodError'{0x0000000086e7eb50}: 'long java.lang.invoke.DirectMethodHandle$Holder.invokeStaticInit(java.lang.Object, java.lang.Object, java.lang.Object)'> (0x0000000086e7eb50) 
thrown [s\open\src\hotspot\share\interpreter\linkResolver.cpp, line 774]
Event: 6.485 Thread 0x00000202e78b6760 Exception <a 'java/lang/NoSuchMethodError'{0x0000000086e972a0}: 'java.lang.Object java.lang.invoke.DirectMethodHandle$Holder.newInvokeSpecial(java.lang.Object, java.lang.Object, long)'> (0x0000000086e972a0) 
thrown [s\open\src\hotspot\share\interpreter\linkResolver.cpp, line 774]
Event: 6.486 Thread 0x00000202e78b6760 Exception <a 'java/lang/NoSuchMethodError'{0x0000000086e9ae28}: 'java.lang.Object java.lang.invoke.Invokers$Holder.linkToTargetMethod(java.lang.Object, long, java.lang.Object)'> (0x0000000086e9ae28) 
thrown [s\open\src\hotspot\share\interpreter\linkResolver.cpp, line 774]
Event: 6.681 Thread 0x00000202e78b6760 Exception <a 'java/lang/NoSuchMethodError'{0x0000000089159d58}: 'void java.lang.invoke.DirectMethodHandle$Holder.invokeSpecialIFC(java.lang.Object, java.lang.Object, java.lang.Object, java.lang.Object)'> (0x0000000089159d58) 
thrown [s\open\src\hotspot\share\interpreter\linkResolver.cpp, line 774]
Event: 24.176 Thread 0x00000202e78b5770 Exception <a 'java/lang/NoSuchMethodError'{0x0000000088a1def0}: 'java.lang.Object java.lang.invoke.DirectMethodHandle$Holder.invokeStaticInit(java.lang.Object, int)'> (0x0000000088a1def0) 
thrown [s\open\src\hotspot\share\interpreter\linkResolver.cpp, line 774]
Event: 24.946 Thread 0x00000202e78b6760 Implicit null exception at 0x00000202d470720d to 0x00000202d47077f0
Event: 24.947 Thread 0x00000202e78b6760 Implicit null exception at 0x00000202d471a0b2 to 0x00000202d471a100
Event: 39.473 Thread 0x00000202e78b6760 Exception <a 'java/lang/NoSuchMethodError'{0x0000000087f31670}: 'java.lang.Object java.lang.invoke.DirectMethodHandle$Holder.newInvokeSpecial(java.lang.Object, java.lang.Object, int, int, int, int, int, java.lang.Object)'> (0x0000000087f31670) 
thrown [s\open\src\hotspot\share\interpreter\linkResolver.cpp, line 774]
Event: 39.476 Thread 0x00000202e78b6760 Exception <a 'java/lang/NoSuchMethodError'{0x0000000087f44908}: 'java.lang.Object java.lang.invoke.DirectMethodHandle$Holder.newInvokeSpecial(java.lang.Object, java.lang.Object, java.lang.Object, int, int, int, int, int)'> (0x0000000087f44908) 
thrown [s\open\src\hotspot\share\interpreter\linkResolver.cpp, line 774]
Event: 39.477 Thread 0x00000202e78b6760 Exception <a 'java/lang/NoSuchMethodError'{0x0000000087f4c428}: 'java.lang.Object java.lang.invoke.Invokers$Holder.linkToTargetMethod(java.lang.Object, java.lang.Object, int, int, int, int, int, java.lang.Object)'> (0x0000000087f4c428) 
thrown [s\open\src\hotspot\share\interpreter\linkResolver.cpp, line 774]
Event: 72.784 Thread 0x00000202e78b6760 Implicit null exception at 0x00000202d47210d0 to 0x00000202d4721db0

VM Operations (20 events):
Event: 76.003 Executing VM operation: Cleanup done
Event: 77.003 Executing VM operation: Cleanup
Event: 77.004 Executing VM operation: Cleanup done
Event: 80.005 Executing VM operation: Cleanup
Event: 80.005 Executing VM operation: Cleanup done
Event: 81.005 Executing VM operation: Cleanup
Event: 81.006 Executing VM operation: Cleanup done
Event: 82.006 Executing VM operation: Cleanup
Event: 82.006 Executing VM operation: Cleanup done
Event: 83.006 Executing VM operation: Cleanup
Event: 83.006 Executing VM operation: Cleanup done
Event: 84.007 Executing VM operation: Cleanup
Event: 84.007 Executing VM operation: Cleanup done
Event: 85.008 Executing VM operation: Cleanup
Event: 85.008 Executing VM operation: Cleanup done
Event: 86.008 Executing VM operation: Cleanup
Event: 86.009 Executing VM operation: Cleanup done
Event: 87.009 Executing VM operation: Cleanup
Event: 87.009 Executing VM operation: Cleanup done
Event: 290.114 Executing VM operation: Exit

Events (20 events):
Event: 3.411 Thread 0x00000202e33d3bc0 Thread exited: 0x00000202e33d3bc0
Event: 3.969 Thread 0x00000202e8524c00 Thread added: 0x00000202e8524c00
Event: 6.656 Thread 0x00000202e33d4c70 Thread added: 0x00000202e33d4c70
Event: 6.941 Thread 0x00000202e33d46e0 Thread added: 0x00000202e33d46e0
Event: 7.456 Thread 0x00000202e33d4c70 Thread exited: 0x00000202e33d4c70
Event: 7.456 Thread 0x00000202e33d46e0 Thread exited: 0x00000202e33d46e0
Event: 8.200 Thread 0x00000202e33d3bc0 Thread added: 0x00000202e33d3bc0
Event: 8.689 Thread 0x00000202e33d3bc0 Thread exited: 0x00000202e33d3bc0
Event: 24.083 Thread 0x00000202e33d5790 Thread added: 0x00000202e33d5790
Event: 24.512 Thread 0x00000202e33d5790 Thread exited: 0x00000202e33d5790
Event: 32.597 Thread 0x00000202e33d2580 Thread added: 0x00000202e33d2580
Event: 32.929 Thread 0x00000202e33d2580 Thread exited: 0x00000202e33d2580
Event: 34.487 Thread 0x00000202e33d3bc0 Thread added: 0x00000202e33d3bc0
Event: 34.866 Thread 0x00000202e33d3bc0 Thread exited: 0x00000202e33d3bc0
Event: 39.307 Thread 0x00000202e33d30a0 Thread added: 0x00000202e33d30a0
Event: 43.752 Thread 0x00000202e33d30a0 Thread exited: 0x00000202e33d30a0
Event: 290.020 Thread 0x00000202e8527130 Thread added: 0x00000202e8527130
Event: 290.020 Thread 0x00000202e8527680 Thread added: 0x00000202e8527680
Event: 290.104 Thread 0x00000202e8527680 Thread exited: 0x00000202e8527680
Event: 290.112 Thread 0x00000202e33b7230 Thread exited: 0x00000202e33b7230


Dynamic libraries:
0x00007ff6bc370000 - 0x00007ff6bc380000 	C:\Program Files\Java\jdk-19\bin\java.exe
0x00007ffbe8630000 - 0x00007ffbe8828000 	C:\Windows\SYSTEM32\ntdll.dll
0x00007ffbe69e0000 - 0x00007ffbe6a9f000 	C:\Windows\System32\KERNEL32.DLL
0x00007ffbe6170000 - 0x00007ffbe6442000 	C:\Windows\System32\KERNELBASE.dll
0x00007ffbe6530000 - 0x00007ffbe6630000 	C:\Windows\System32\ucrtbase.dll
0x00007ffbd3e70000 - 0x00007ffbd3e88000 	C:\Program Files\Java\jdk-19\bin\jli.dll
0x00007ffbd2200000 - 0x00007ffbd221b000 	C:\Program Files\Java\jdk-19\bin\VCRUNTIME140.dll
0x00007ffbe6bd0000 - 0x00007ffbe6c7e000 	C:\Windows\System32\ADVAPI32.dll
0x00007ffbe8420000 - 0x00007ffbe84be000 	C:\Windows\System32\msvcrt.dll
0x00007ffbe6fb0000 - 0x00007ffbe704c000 	C:\Windows\System32\sechost.dll
0x00007ffbe84c0000 - 0x00007ffbe85e5000 	C:\Windows\System32\RPCRT4.dll
0x00007ffbe8200000 - 0x00007ffbe839d000 	C:\Windows\System32\USER32.dll
0x00007ffbe6450000 - 0x00007ffbe6472000 	C:\Windows\System32\win32u.dll
0x00007ffbe81d0000 - 0x00007ffbe81fb000 	C:\Windows\System32\GDI32.dll
0x00007ffbd70e0000 - 0x00007ffbd737a000 	C:\Windows\WinSxS\amd64_microsoft.windows.common-controls_6595b64144ccf1df_6.0.19041.1110_none_60b5254171f9507e\COMCTL32.dll
0x00007ffbe5f20000 - 0x00007ffbe602f000 	C:\Windows\System32\gdi32full.dll
0x00007ffbe6060000 - 0x00007ffbe60fd000 	C:\Windows\System32\msvcp_win.dll
0x00007ffbdde50000 - 0x00007ffbdde5a000 	C:\Windows\SYSTEM32\VERSION.dll
0x00007ffbe6dc0000 - 0x00007ffbe6df2000 	C:\Windows\System32\IMM32.DLL
0x00007ffbdfd00000 - 0x00007ffbdfd0c000 	C:\Program Files\Java\jdk-19\bin\vcruntime140_1.dll
0x00007ffbc2ca0000 - 0x00007ffbc2d2e000 	C:\Program Files\Java\jdk-19\bin\msvcp140.dll
0x00007ffb75500000 - 0x00007ffb761c0000 	C:\Program Files\Java\jdk-19\bin\server\jvm.dll
0x00007ffbe0400000 - 0x00007ffbe0409000 	C:\Windows\SYSTEM32\WSOCK32.dll
0x00007ffbe83a0000 - 0x00007ffbe840b000 	C:\Windows\System32\WS2_32.dll
0x00007ffbd8810000 - 0x00007ffbd8837000 	C:\Windows\SYSTEM32\WINMM.dll
0x00007ffbe4570000 - 0x00007ffbe4582000 	C:\Windows\SYSTEM32\kernel.appcore.dll
0x00007ffbdfca0000 - 0x00007ffbdfcaa000 	C:\Program Files\Java\jdk-19\bin\jimage.dll
0x00007ffbd2850000 - 0x00007ffbd2a34000 	C:\Windows\SYSTEM32\DBGHELP.DLL
0x00007ffbd23f0000 - 0x00007ffbd241c000 	C:\Windows\SYSTEM32\dbgcore.DLL
0x00007ffbe5d30000 - 0x00007ffbe5db2000 	C:\Windows\System32\bcryptPrimitives.dll
0x00007ffbd2140000 - 0x00007ffbd2166000 	C:\Program Files\Java\jdk-19\bin\java.dll
0x00007ffbc19d0000 - 0x00007ffbc1aa7000 	C:\Program Files\Java\jdk-19\bin\jsvml.dll
0x00007ffbe7810000 - 0x00007ffbe7f53000 	C:\Windows\System32\SHELL32.dll
0x00007ffbe3dd0000 - 0x00007ffbe4562000 	C:\Windows\SYSTEM32\windows.storage.dll
0x00007ffbe6680000 - 0x00007ffbe69d4000 	C:\Windows\System32\combase.dll
0x00007ffbe5790000 - 0x00007ffbe57c0000 	C:\Windows\SYSTEM32\Wldp.dll
0x00007ffbe6d10000 - 0x00007ffbe6dbd000 	C:\Windows\System32\SHCORE.dll
0x00007ffbe8090000 - 0x00007ffbe80e5000 	C:\Windows\System32\shlwapi.dll
0x00007ffbe5c70000 - 0x00007ffbe5c8f000 	C:\Windows\SYSTEM32\profapi.dll
0x00007ffbcbd70000 - 0x00007ffbcbd83000 	C:\Program Files\Java\jdk-19\bin\net.dll
0x00007ffbd9bd0000 - 0x00007ffbd9cdc000 	C:\Windows\SYSTEM32\WINHTTP.dll
0x00007ffbe54f0000 - 0x00007ffbe555a000 	C:\Windows\system32\mswsock.dll
0x00007ffbc8700000 - 0x00007ffbc8716000 	C:\Program Files\Java\jdk-19\bin\nio.dll
0x00007ffbc7e60000 - 0x00007ffbc7e78000 	C:\Program Files\Java\jdk-19\bin\zip.dll
0x00000202c4ab0000 - 0x00000202c4ab3000 	C:\Users\Gabriel\.openjfx\cache\13\api-ms-win-core-console-l1-1-0.dll
0x00000202c4ac0000 - 0x00000202c4ac3000 	C:\Users\Gabriel\.openjfx\cache\13\api-ms-win-core-datetime-l1-1-0.dll
0x00000202c4ad0000 - 0x00000202c4ad3000 	C:\Users\Gabriel\.openjfx\cache\13\api-ms-win-core-debug-l1-1-0.dll
0x00000202c4ae0000 - 0x00000202c4ae3000 	C:\Users\Gabriel\.openjfx\cache\13\api-ms-win-core-errorhandling-l1-1-0.dll
0x00000202c4af0000 - 0x00000202c4af4000 	C:\Users\Gabriel\.openjfx\cache\13\api-ms-win-core-file-l1-1-0.dll
0x00000202c4b00000 - 0x00000202c4b03000 	C:\Users\Gabriel\.openjfx\cache\13\api-ms-win-core-file-l1-2-0.dll
0x00000202c4b10000 - 0x00000202c4b13000 	C:\Users\Gabriel\.openjfx\cache\13\api-ms-win-core-file-l2-1-0.dll
0x00000202c4b20000 - 0x00000202c4b23000 	C:\Users\Gabriel\.openjfx\cache\13\api-ms-win-core-handle-l1-1-0.dll
0x00000202c4b30000 - 0x00000202c4b33000 	C:\Users\Gabriel\.openjfx\cache\13\api-ms-win-core-heap-l1-1-0.dll
0x00000202e3540000 - 0x00000202e3543000 	C:\Users\Gabriel\.openjfx\cache\13\api-ms-win-core-interlocked-l1-1-0.dll
0x00000202e3550000 - 0x00000202e3553000 	C:\Users\Gabriel\.openjfx\cache\13\api-ms-win-core-libraryloader-l1-1-0.dll
0x00000202e3560000 - 0x00000202e3563000 	C:\Users\Gabriel\.openjfx\cache\13\api-ms-win-core-localization-l1-2-0.dll
0x00000202e3570000 - 0x00000202e3573000 	C:\Users\Gabriel\.openjfx\cache\13\api-ms-win-core-memory-l1-1-0.dll
0x00000202e3580000 - 0x00000202e3583000 	C:\Users\Gabriel\.openjfx\cache\13\api-ms-win-core-namedpipe-l1-1-0.dll
0x00000202e3590000 - 0x00000202e3593000 	C:\Users\Gabriel\.openjfx\cache\13\api-ms-win-core-processenvironment-l1-1-0.dll
0x00000202e35a0000 - 0x00000202e35a3000 	C:\Users\Gabriel\.openjfx\cache\13\api-ms-win-core-processthreads-l1-1-0.dll
0x00000202e35b0000 - 0x00000202e35b3000 	C:\Users\Gabriel\.openjfx\cache\13\api-ms-win-core-processthreads-l1-1-1.dll
0x00000202e35c0000 - 0x00000202e35c3000 	C:\Users\Gabriel\.openjfx\cache\13\api-ms-win-core-profile-l1-1-0.dll
0x00000202e35d0000 - 0x00000202e35d3000 	C:\Users\Gabriel\.openjfx\cache\13\api-ms-win-core-rtlsupport-l1-1-0.dll
0x00000202e35e0000 - 0x00000202e35e3000 	C:\Users\Gabriel\.openjfx\cache\13\api-ms-win-core-string-l1-1-0.dll
0x00000202e35f0000 - 0x00000202e35f3000 	C:\Users\Gabriel\.openjfx\cache\13\api-ms-win-core-synch-l1-1-0.dll
0x00000202e3600000 - 0x00000202e3603000 	C:\Users\Gabriel\.openjfx\cache\13\api-ms-win-core-synch-l1-2-0.dll
0x00000202e3610000 - 0x00000202e3613000 	C:\Users\Gabriel\.openjfx\cache\13\api-ms-win-core-sysinfo-l1-1-0.dll
0x00000202e3620000 - 0x00000202e3623000 	C:\Users\Gabriel\.openjfx\cache\13\api-ms-win-core-timezone-l1-1-0.dll
0x00000202e3630000 - 0x00000202e3633000 	C:\Users\Gabriel\.openjfx\cache\13\api-ms-win-core-util-l1-1-0.dll
0x00000202e3640000 - 0x00000202e3643000 	C:\Users\Gabriel\.openjfx\cache\13\api-ms-win-crt-conio-l1-1-0.dll
0x00000202e3650000 - 0x00000202e3654000 	C:\Users\Gabriel\.openjfx\cache\13\api-ms-win-crt-convert-l1-1-0.dll
0x00000202e3660000 - 0x00000202e3663000 	C:\Users\Gabriel\.openjfx\cache\13\api-ms-win-crt-environment-l1-1-0.dll
0x00000202e3670000 - 0x00000202e3673000 	C:\Users\Gabriel\.openjfx\cache\13\api-ms-win-crt-filesystem-l1-1-0.dll
0x00000202e3680000 - 0x00000202e3683000 	C:\Users\Gabriel\.openjfx\cache\13\api-ms-win-crt-heap-l1-1-0.dll
0x00000202e3690000 - 0x00000202e3693000 	C:\Users\Gabriel\.openjfx\cache\13\api-ms-win-crt-locale-l1-1-0.dll
0x00000202e36a0000 - 0x00000202e36a5000 	C:\Users\Gabriel\.openjfx\cache\13\api-ms-win-crt-math-l1-1-0.dll
0x00000202e36b0000 - 0x00000202e36b5000 	C:\Users\Gabriel\.openjfx\cache\13\api-ms-win-crt-multibyte-l1-1-0.dll
0x00000202e36c0000 - 0x00000202e36d0000 	C:\Users\Gabriel\.openjfx\cache\13\api-ms-win-crt-private-l1-1-0.dll
0x00000202e36d0000 - 0x00000202e36d3000 	C:\Users\Gabriel\.openjfx\cache\13\api-ms-win-crt-process-l1-1-0.dll
0x00000202e36e0000 - 0x00000202e36e4000 	C:\Users\Gabriel\.openjfx\cache\13\api-ms-win-crt-runtime-l1-1-0.dll
0x00000202e36f0000 - 0x00000202e36f4000 	C:\Users\Gabriel\.openjfx\cache\13\api-ms-win-crt-stdio-l1-1-0.dll
0x00000202e3700000 - 0x00000202e3704000 	C:\Users\Gabriel\.openjfx\cache\13\api-ms-win-crt-string-l1-1-0.dll
0x00000202e3710000 - 0x00000202e3713000 	C:\Users\Gabriel\.openjfx\cache\13\api-ms-win-crt-time-l1-1-0.dll
0x00000202e3720000 - 0x00000202e3723000 	C:\Users\Gabriel\.openjfx\cache\13\api-ms-win-crt-utility-l1-1-0.dll
0x00007ffbc18d0000 - 0x00007ffbc19cc000 	C:\Users\Gabriel\.openjfx\cache\13\ucrtbase.dll
0x00007ffbc6440000 - 0x00007ffbc6455000 	C:\Users\Gabriel\.openjfx\cache\13\vcruntime140.dll
0x00007ffbbf6a0000 - 0x00007ffbbf73b000 	C:\Users\Gabriel\.openjfx\cache\13\msvcp140.dll
0x00007ffbc0250000 - 0x00007ffbc02a1000 	C:\Users\Gabriel\.openjfx\cache\13\concrt140.dll
0x00007ffbc6410000 - 0x00007ffbc6433000 	C:\Users\Gabriel\.openjfx\cache\13\prism_d3d.dll
0x00007ffbd2220000 - 0x00007ffbd23ef000 	C:\Windows\system32\d3d9.dll
0x00007ffbe3900000 - 0x00007ffbe392f000 	C:\Windows\SYSTEM32\dwmapi.dll
0x00007ffbe3720000 - 0x00007ffbe37be000 	C:\Windows\system32\uxtheme.dll
0x00007ffbe7f60000 - 0x00007ffbe802d000 	C:\Windows\System32\OLEAUT32.dll
0x00007ffbe7060000 - 0x00007ffbe718a000 	C:\Windows\System32\ole32.dll
0x00007ffbe6630000 - 0x00007ffbe667e000 	C:\Windows\System32\cfgmgr32.dll
0x00007ffbe6030000 - 0x00007ffbe6057000 	C:\Windows\System32\bcrypt.dll
0x00007ffbbf650000 - 0x00007ffbbf695000 	C:\Users\Gabriel\.openjfx\cache\13\glass.dll
0x00007ffbe7190000 - 0x00007ffbe726a000 	C:\Windows\System32\COMDLG32.dll
0x00007ffbe76f0000 - 0x00007ffbe7805000 	C:\Windows\System32\MSCTF.dll
0x00007ffbdb820000 - 0x00007ffbdb85b000 	C:\Windows\SYSTEM32\dxcore.dll
0x00007ffbc63f0000 - 0x00007ffbc6404000 	C:\Users\Gabriel\.openjfx\cache\13\javafx_font.dll
0x00007ffbca680000 - 0x00007ffbca8ff000 	C:\Windows\SYSTEM32\dwrite.dll
0x00007ffbe6aa0000 - 0x00007ffbe6b4f000 	C:\Windows\System32\clbcatq.dll
0x00007ffbde9d0000 - 0x00007ffbdeb84000 	C:\Windows\SYSTEM32\WindowsCodecs.dll
0x00007ffbc8420000 - 0x00007ffbc845e000 	C:\Windows\system32\dataexchange.dll
0x00007ffbe1af0000 - 0x00007ffbe1d53000 	C:\Windows\system32\d3d11.dll
0x00007ffbe2780000 - 0x00007ffbe2963000 	C:\Windows\system32\dcomp.dll
0x00007ffbe45f0000 - 0x00007ffbe46e3000 	C:\Windows\system32\dxgi.dll
0x00007ffbdef60000 - 0x00007ffbdf160000 	C:\Windows\system32\twinapi.appcore.dll
0x00007ffbdeda0000 - 0x00007ffbdedd4000 	C:\Program Files\Common Files\Microsoft Shared\Ink\rtscom.dll
0x00007ffbce590000 - 0x00007ffbce689000 	C:\Windows\SYSTEM32\textinputframework.dll
0x00007ffbe2970000 - 0x00007ffbe2cce000 	C:\Windows\System32\CoreUIComponents.dll
0x00007ffbe3050000 - 0x00007ffbe3142000 	C:\Windows\System32\CoreMessaging.dll
0x00007ffbe1990000 - 0x00007ffbe1ae4000 	C:\Windows\SYSTEM32\wintypes.dll
0x00007ffbe4ec0000 - 0x00007ffbe4ef3000 	C:\Windows\SYSTEM32\ntmarta.dll
0x00007ffbd86f0000 - 0x00007ffbd8756000 	C:\Windows\system32\Oleacc.dll
0x00007ffbc9ca0000 - 0x00007ffbc9d4c000 	C:\Windows\SYSTEM32\TextShaping.dll

dbghelp: loaded successfully - version: 4.0.5 - missing functions: none
symbol engine: initialized successfully - sym options: 0x614 - pdb path: .;C:\Program Files\Java\jdk-19\bin;C:\Windows\SYSTEM32;C:\Windows\WinSxS\amd64_microsoft.windows.common-controls_6595b64144ccf1df_6.0.19041.1110_none_60b5254171f9507e;C:\Program Files\Java\jdk-19\bin\server;C:\Users\Gabriel\.openjfx\cache\13;C:\Windows\System32\DriverStore\FileRepository\igdlh64.inf_amd64_6d1fd205efa7f979;C:\Program Files\Common Files\Microsoft Shared\Ink

VM Arguments:
jvm_args: --module-path=C:\Users\Gabriel\Downloads\teste4\Trabalho-Final-POO\batalha-pokemon\target\classes;C:\Users\Gabriel\.m2\repository\org\openjfx\javafx-base\13\javafx-base-13-win.jar;C:\Users\Gabriel\.m2\repository\org\openjfx\javafx-controls\13\javafx-controls-13-win.jar;C:\Users\Gabriel\.m2\repository\org\openjfx\javafx-fxml\13\javafx-fxml-13-win.jar;C:\Users\Gabriel\.m2\repository\org\openjfx\javafx-graphics\13\javafx-graphics-13-win.jar --add-modules=poo -Djdk.module.main=poo 
java_command: poo/poo.App
java_class_path (initial): C:\Users\Gabriel\.m2\repository\org\openjfx\javafx-base\13\javafx-base-13.jar;C:\Users\Gabriel\.m2\repository\org\openjfx\javafx-controls\13\javafx-controls-13.jar;C:\Users\Gabriel\.m2\repository\org\openjfx\javafx-fxml\13\javafx-fxml-13.jar;C:\Users\Gabriel\.m2\repository\org\openjfx\javafx-graphics\13\javafx-graphics-13.jar
Launcher Type: SUN_STANDARD

[Global flags]
     intx CICompilerCount                          = 4                                         {product} {ergonomic}
     uint ConcGCThreads                            = 2                                         {product} {ergonomic}
     uint G1ConcRefinementThreads                  = 8                                         {product} {ergonomic}
   size_t G1HeapRegionSize                         = 1048576                                   {product} {ergonomic}
    uintx GCDrainStackTargetSize                   = 64                                        {product} {ergonomic}
   size_t InitialHeapSize                          = 134217728                                 {product} {ergonomic}
   size_t MarkStackSize                            = 4194304                                   {product} {ergonomic}
   size_t MaxHeapSize                              = 2128609280                                {product} {ergonomic}
   size_t MaxNewSize                               = 1277165568                                {product} {ergonomic}
   size_t MinHeapDeltaBytes                        = 1048576                                   {product} {ergonomic}
   size_t MinHeapSize                              = 8388608                                   {product} {ergonomic}
    uintx NonNMethodCodeHeapSize                   = 5839372                                {pd product} {ergonomic}
    uintx NonProfiledCodeHeapSize                  = 122909434                              {pd product} {ergonomic}
    uintx ProfiledCodeHeapSize                     = 122909434                              {pd product} {ergonomic}
    uintx ReservedCodeCacheSize                    = 251658240                              {pd product} {ergonomic}
     bool SegmentedCodeCache                       = true                                      {product} {ergonomic}
   size_t SoftMaxHeapSize                          = 2128609280                             {manageable} {ergonomic}
     bool UseCompressedClassPointers               = true                           {product lp64_product} {ergonomic}
     bool UseCompressedOops                        = true                           {product lp64_product} {ergonomic}
     bool UseG1GC                                  = true                                      {product} {ergonomic}
     bool UseLargePagesIndividualAllocation        = false                                  {pd product} {ergonomic}

Logging:
Log output configuration:
 #0: stdout all=off uptime,level,tags foldmultilines=false
 #1: stderr all=off uptime,level,tags foldmultilines=false

Environment Variables:
JAVA_HOME=C:\Program Files\Java\jdk-19
PATH=C:\Program Files\Common Files\Oracle\Java\javapath;C:\Program Files\Eclipse Adoptium\jdk-17.0.4.101-hotspot\bin;C:\Program Files (x86)\Common Files\Oracle\Java\javapath;C:\Windows\system32;C:\Windows;C:\Windows\System32\Wbem;C:\Windows\System32\WindowsPowerShell\v1.0\;C:\Windows\System32\OpenSSH\;C:\Program Files\Git\cmd;C:\Users\Gabriel\AppData\Local\Microsoft\WindowsApps;C:\Users\Gabriel\AppData\Local\Programs\Microsoft VS Code\bin;C:\Users\Gabriel\AppData\Local\GitHubDesktop\bin;C:\Program Files (x86)\Maven\apache-maven-3.8.6\bin;C:\Program Files\Java\jdk-19\bin;
USERNAME=Gabriel
LANG=pt_BR.UTF-8
OS=Windows_NT
PROCESSOR_IDENTIFIER=Intel64 Family 6 Model 94 Stepping 3, GenuineIntel
TMP=C:\Users\Gabriel\AppData\Local\Temp
TEMP=C:\Users\Gabriel\AppData\Local\Temp



---------------  S Y S T E M  ---------------

OS:
 Windows 10 , 64 bit Build 19041 (10.0.19041.2251)
OS uptime: 2 days 1:40 hours

CPU: total 8 (initial active 8) (4 cores per cpu, 2 threads per core) family 6 model 94 stepping 3 microcode 0xcc, cx8, cmov, fxsr, ht, mmx, 3dnowpref, sse, sse2, sse3, ssse3, sse4.1, sse4.2, popcnt, lzcnt, tsc, tscinvbit, avx, avx2, aes, erms, clmul, bmi1, bmi2, rtm, adx, fma, vzeroupper, clflush, clflushopt, rdtscp

Memory: 4k page, system-wide physical 8112M (636M free)
TotalPageFile size 19888M (AvailPageFile size 7388M)
current process WorkingSet (physical memory assigned to process): 202M, peak: 262M
current process commit charge ("private bytes"): 315M, peak: 385M

vm_info: Java HotSpot(TM) 64-Bit Server VM (19.0.1+10-21) for windows-amd64 JRE (19.0.1+10-21), built on 2022-09-14T12:45:06Z by "mach5one" with MS VC++ 17.1 (VS2022)

END.
