#
# A fatal error has been detected by the Java Runtime Environment:
#
#  EXCEPTION_ACCESS_VIOLATION (0xc0000005) at pc=0x00007ffbbf7166f0, pid=22692, tid=11424
#
# JRE version: Java(TM) SE Runtime Environment (19.0.1+10) (build 19.0.1+10-21)
# Java VM: Java HotSpot(TM) 64-Bit Server VM (19.0.1+10-21, mixed mode, sharing, tiered, compressed oops, compressed class ptrs, g1 gc, windows-amd64)
# Problematic frame:
# C  [glass.dll+0x266f0]
#
# No core dump will be written. Minidumps are not enabled by default on client versions of Windows
#
# If you would like to submit a bug report, please visit:
#   https://bugreport.java.com/bugreport/crash.jsp
#

---------------  S U M M A R Y ------------

Command Line: --module-path=C:\Users\Gabriel\Downloads\teste4\Trabalho-Final-POO\batalha-pokemon\target\classes;C:\Users\Gabriel\.m2\repository\org\openjfx\javafx-base\13\javafx-base-13-win.jar;C:\Users\Gabriel\.m2\repository\org\openjfx\javafx-controls\13\javafx-controls-13-win.jar;C:\Users\Gabriel\.m2\repository\org\openjfx\javafx-fxml\13\javafx-fxml-13-win.jar;C:\Users\Gabriel\.m2\repository\org\openjfx\javafx-graphics\13\javafx-graphics-13-win.jar --add-modules=poo -Djdk.module.main=poo poo/poo.App

Host: Intel(R) Core(TM) i7-6700HQ CPU @ 2.60GHz, 8 cores, 7G,  Windows 10 , 64 bit Build 19041 (10.0.19041.2251)
Time: Wed Nov 30 01:58:45 2022 Hora oficial do Brasil elapsed time: 6.291380 seconds (0d 0h 0m 6s)

---------------  T H R E A D  ---------------

Current thread (0x00000201a2b10cc0):  VMThread "VM Thread" [stack: 0x0000000d2fd00000,0x0000000d2fe00000] [id=11424]

Stack: [0x0000000d2fd00000,0x0000000d2fe00000],  sp=0x0000000d2fdff390,  free space=1020k
Native frames: (J=compiled Java code, j=interpreted, Vv=VM code, C=native code)
C  [glass.dll+0x266f0]


siginfo: EXCEPTION_ACCESS_VIOLATION (0xc0000005), reading address 0x0000000000000000


Registers:
RAX=0x0000000000000000, RBX=0x00000201a2b1b488, RCX=0x00000201a2b10cc0, RDX=0x0000000d2fdff390
RSP=0x0000000d2fdff390, RBP=0x00000201a7718be8, RSI=0x00000201a7718bc0, RDI=0x0000e5fbc62ff002
R8 =0x0000000000010002, R9 =0x0000e5fbc62ff002, R10=0x0000000000008000, R11=0x0000000d2fdff330
R12=0x00007ffbbf713b84, R13=0x00007ffb761172a0, R14=0x0000000d2fdff498, R15=0x00000201a7718bc0
RIP=0x00007ffbbf7166f0, EFLAGS=0x0000000000010206


Register to memory mapping:

RIP=0x00007ffbbf7166f0 glass.dll
RAX=0x0 is NULL
RBX=0x00000201a2b1b488 is a global jni handle
RCX=0x00000201a2b10cc0 points into unknown readable memory: 0x00007ffb75f245e8 | e8 45 f2 75 fb 7f 00 00
RDX=0x0000000d2fdff390 points into unknown readable memory: 0x0000000000000000 | 00 00 00 00 00 00 00 00
RSP=0x0000000d2fdff390 points into unknown readable memory: 0x0000000000000000 | 00 00 00 00 00 00 00 00
RBP=0x00000201a7718be8 points into unknown readable memory: 0x0000e5fbc62ff002 | 02 f0 2f c6 fb e5 00 00
RSI=0x00000201a7718bc0 points into unknown readable memory: 0x00011a153beb29b2 | b2 29 eb 3b 15 1a 01 00
RDI=0x0000e5fbc62ff002 is an unknown value
R8 =0x0000000000010002 is an unknown value
R9 =0x0000e5fbc62ff002 is an unknown value
R10=0x0000000000008000 is an unknown value
R11=0x0000000d2fdff330 points into unknown readable memory: 0x00000201a7718bc0 | c0 8b 71 a7 01 02 00 00
R12=0x00007ffbbf713b84 glass.dll
R13=0x00007ffb761172a0 jvm.dll
R14=0x0000000d2fdff498 points into unknown readable memory: 0x0000000d2fdff480 | 80 f4 df 2f 0d 00 00 00
R15=0x00000201a7718bc0 points into unknown readable memory: 0x00011a153beb29b2 | b2 29 eb 3b 15 1a 01 00


Top of Stack: (sp=0x0000000d2fdff390)
0x0000000d2fdff390:   0000000000000000 00007ffbe653f05b
0x0000000d2fdff3a0:   00000201a7718bd0 00000201a7718bc0
0x0000000d2fdff3b0:   fffffffffffffffe 00007ffbbf713b84
0x0000000d2fdff3c0:   00000201a7718bc8 00007ffbe65442d6
0x0000000d2fdff3d0:   00000201a7718bd0 0000020100000000
0x0000000d2fdff3e0:   00000201a7718be8 00000201a7718bc0
0x0000000d2fdff3f0:   fffffffffffffffe 0000000000000000
0x0000000d2fdff400:   0000000000000001 00007ffbbf6f0000
0x0000000d2fdff410:   0000000d2fdff488 00007ffbe65441fb
0x0000000d2fdff420:   0000000000000000 0000000d2fdff498
0x0000000d2fdff430:   0000000d2fdff750 00007ffbe6620e40
0x0000000d2fdff440:   0000000000000000 00007ffbe65441b4
0x0000000d2fdff450:   0000000000000000 0000000000000001
0x0000000d2fdff460:   0000000000000001 0000000d2fdff488
0x0000000d2fdff470:   0000000000000006 00007ffbbf713a12
0x0000000d2fdff480:   00007ffbbf72d118 0000000d00000002 

Instructions: (pc=0x00007ffbbf7166f0)
0x00007ffbbf7165f0:   8b 4d 60 e8 98 c9 ff ff 48 8b 55 68 48 8b 8d 08
0x00007ffbbf716600:   01 00 00 e8 49 be ff ff 33 d2 33 c9 e8 49 de ff
0x00007ffbbf716610:   ff 90 cc cc cc cc cc cc cc cc cc cc cc cc cc cc
0x00007ffbbf716620:   48 8d 8a 80 00 00 00 e9 14 e9 fe ff 48 89 54 24
0x00007ffbbf716630:   10 55 48 83 ec 20 48 8b ea 48 8d 05 dd ca ff ff
0x00007ffbbf716640:   48 83 c4 20 5d c3 cc 40 55 48 8b ea 48 8b 01 33
0x00007ffbbf716650:   c9 81 38 05 00 00 c0 0f 94 c1 8b c1 5d c3 cc 40
0x00007ffbbf716660:   55 48 83 ec 20 48 8b ea 8a 4d 40 48 83 c4 20 5d
0x00007ffbbf716670:   e9 df cd ff ff cc 40 55 48 83 ec 20 48 8b ea e8
0x00007ffbbf716680:   fc cb ff ff 8a 4d 38 48 83 c4 20 5d e9 c3 cd ff
0x00007ffbbf716690:   ff cc 40 55 48 83 ec 30 48 8b ea 48 8b 01 8b 10
0x00007ffbbf7166a0:   48 89 4c 24 28 89 54 24 20 4c 8d 0d a4 d1 ff ff
0x00007ffbbf7166b0:   4c 8b 45 70 8b 55 68 48 8b 4d 60 e8 30 cb ff ff
0x00007ffbbf7166c0:   90 48 83 c4 30 5d c3 cc cc cc cc cc cc cc cc cc
0x00007ffbbf7166d0:   40 53 48 83 ec 30 48 c7 44 24 20 fe ff ff ff 48
0x00007ffbbf7166e0:   8b 1d 2a 64 01 00 48 85 db 74 16 e8 90 85 ff ff
0x00007ffbbf7166f0:   4c 8b 00 48 8b d3 48 8b c8 41 ff 90 b0 00 00 00
0x00007ffbbf716700:   90 48 83 c4 30 5b c3 cc cc cc cc cc cc cc cc cc
0x00007ffbbf716710:   40 53 48 83 ec 20 48 8b 1d 9b 65 01 00 48 85 db
0x00007ffbbf716720:   74 57 b8 ff ff ff ff f0 0f c1 43 10 83 f8 01 75
0x00007ffbbf716730:   3d 48 85 db 74 38 48 8b 0b 48 85 c9 74 0d ff 15
0x00007ffbbf716740:   64 0b 00 00 48 c7 03 00 00 00 00 48 8b 4b 08 48
0x00007ffbbf716750:   85 c9 74 0d e8 37 c8 ff ff 48 c7 43 08 00 00 00
0x00007ffbbf716760:   00 ba 18 00 00 00 48 8b cb e8 22 c8 ff ff 48 c7
0x00007ffbbf716770:   05 3f 65 01 00 00 00 00 00 48 83 c4 20 5b c3 cc
0x00007ffbbf716780:   40 53 48 83 ec 20 48 8b 1d 0b 65 01 00 48 85 db
0x00007ffbbf716790:   74 57 b8 ff ff ff ff f0 0f c1 43 10 83 f8 01 75
0x00007ffbbf7167a0:   3d 48 85 db 74 38 48 8b 0b 48 85 c9 74 0d ff 15
0x00007ffbbf7167b0:   f4 0a 00 00 48 c7 03 00 00 00 00 48 8b 4b 08 48
0x00007ffbbf7167c0:   85 c9 74 0d e8 c7 c7 ff ff 48 c7 43 08 00 00 00
0x00007ffbbf7167d0:   00 ba 18 00 00 00 48 8b cb e8 b2 c7 ff ff 48 c7
0x00007ffbbf7167e0:   05 af 64 01 00 00 00 00 00 48 83 c4 20 5b c3 cc 


Stack slot to memory mapping:
stack at sp + 0 slots: 0x0 is NULL
stack at sp + 1 slots: 0x00007ffbe653f05b ucrtbase.dll
stack at sp + 2 slots: 0x00000201a7718bd0 points into unknown readable memory: 0x0000e5fbc62ff002 | 02 f0 2f c6 fb e5 00 00
stack at sp + 3 slots: 0x00000201a7718bc0 points into unknown readable memory: 0x00011a153beb29b2 | b2 29 eb 3b 15 1a 01 00
stack at sp + 4 slots: 0xfffffffffffffffe is an unknown value
stack at sp + 5 slots: 0x00007ffbbf713b84 glass.dll
stack at sp + 6 slots: 0x00000201a7718bc8 points into unknown readable memory: 0x0000e5fbc62ff002 | 02 f0 2f c6 fb e5 00 00
stack at sp + 7 slots: 0x00007ffbe65442d6 ucrtbase.dll

VM_Operation (0x0000000d30cfbf50): Exit, mode: safepoint, requested by thread 0x00000201a7801280


---------------  P R O C E S S  ---------------

Threads class SMR info:
_java_thread_list=0x00000201a86f2ad0, length=19, elements={
0x000002018214dfb0, 0x00000201a2b2b630, 0x00000201a2b2c420, 0x00000201a2b2e9c0,
0x00000201a2b2f2f0, 0x00000201a2b30430, 0x00000201a2b30ea0, 0x00000201a2b38400,
0x00000201a2b40d80, 0x00000201a2b43700, 0x00000201a2b008c0, 0x00000201a6f75eb0,
0x00000201a75f0c50, 0x00000201a78008c0, 0x00000201a7801280, 0x00000201a782fb60,
0x00000201a7895820, 0x00000201a7f93b70, 0x00000201a7f920e0
}

Java Threads: ( => current thread )
  0x000002018214dfb0 JavaThread "main" [_thread_blocked, id=22944, stack(0x0000000d2f700000,0x0000000d2f800000)]
  0x00000201a2b2b630 JavaThread "Reference Handler" daemon [_thread_blocked, id=10996, stack(0x0000000d2fe00000,0x0000000d2ff00000)]
  0x00000201a2b2c420 JavaThread "Finalizer" daemon [_thread_blocked, id=10088, stack(0x0000000d2ff00000,0x0000000d30000000)]
  0x00000201a2b2e9c0 JavaThread "Signal Dispatcher" daemon [_thread_blocked, id=9588, stack(0x0000000d30000000,0x0000000d30100000)]
  0x00000201a2b2f2f0 JavaThread "Attach Listener" daemon [_thread_blocked, id=12952, stack(0x0000000d30100000,0x0000000d30200000)]
  0x00000201a2b30430 JavaThread "Service Thread" daemon [_thread_blocked, id=21820, stack(0x0000000d30200000,0x0000000d30300000)]
  0x00000201a2b30ea0 JavaThread "Monitor Deflation Thread" daemon [_thread_blocked, id=16088, stack(0x0000000d30300000,0x0000000d30400000)]
  0x00000201a2b38400 JavaThread "C2 CompilerThread0" daemon [_thread_blocked, id=11128, stack(0x0000000d30400000,0x0000000d30500000)]
  0x00000201a2b40d80 JavaThread "C1 CompilerThread0" daemon [_thread_blocked, id=10696, stack(0x0000000d30500000,0x0000000d30600000)]
  0x00000201a2b43700 JavaThread "Sweeper thread" daemon [_thread_blocked, id=9788, stack(0x0000000d30600000,0x0000000d30700000)]
  0x00000201a2b008c0 JavaThread "Common-Cleaner" daemon [_thread_blocked, id=17212, stack(0x0000000d30700000,0x0000000d30800000)]
  0x00000201a6f75eb0 JavaThread "Notification Thread" daemon [_thread_blocked, id=20324, stack(0x0000000d30a00000,0x0000000d30b00000)]
  0x00000201a75f0c50 JavaThread "QuantumRenderer-0" daemon [_thread_blocked, id=6896, stack(0x0000000d30800000,0x0000000d30900000)]
  0x00000201a78008c0 JavaThread "InvokeLaterDispatcher" daemon [_thread_blocked, id=6076, stack(0x0000000d30900000,0x0000000d30a00000)]
  0x00000201a7801280 JavaThread "JavaFX Application Thread" [_thread_blocked, id=20904, stack(0x0000000d30c00000,0x0000000d30d00000)]
  0x00000201a782fb60 JavaThread "Thread-1" daemon [_thread_in_native, id=11924, stack(0x0000000d31000000,0x0000000d31100000)]
  0x00000201a7895820 JavaThread "JavaFX-Launcher" [_thread_blocked, id=17252, stack(0x0000000d31100000,0x0000000d31200000)]
  0x00000201a7f93b70 JavaThread "Prism Font Disposer" daemon [_thread_blocked, id=12004, stack(0x0000000d31b00000,0x0000000d31c00000)]
  0x00000201a7f920e0 JavaThread "Cleaner-0" daemon [_thread_blocked, id=3600, stack(0x0000000d31200000,0x0000000d31300000)]

Other Threads:
=>0x00000201a2b10cc0 VMThread "VM Thread" [stack: 0x0000000d2fd00000,0x0000000d2fe00000] [id=11424]
  0x000002018431aef0 WorkerThread "GC Thread#0" [stack: 0x0000000d2f800000,0x0000000d2f900000] [id=17160]
  0x00000201a787c8d0 WorkerThread "GC Thread#1" [stack: 0x0000000d31300000,0x0000000d31400000] [id=23080]
  0x00000201a7e88690 WorkerThread "GC Thread#2" [stack: 0x0000000d31400000,0x0000000d31500000] [id=22140]
  0x00000201a808f450 WorkerThread "GC Thread#3" [stack: 0x0000000d31500000,0x0000000d31600000] [id=20012]
  0x00000201a808f180 WorkerThread "GC Thread#4" [stack: 0x0000000d31600000,0x0000000d31700000] [id=21960]
  0x00000201a808ddd0 WorkerThread "GC Thread#5" [stack: 0x0000000d31700000,0x0000000d31800000] [id=20796]
  0x00000201a808e0a0 WorkerThread "GC Thread#6" [stack: 0x0000000d31c00000,0x0000000d31d00000] [id=13948]
  0x00000201a808e370 WorkerThread "GC Thread#7" [stack: 0x0000000d31d00000,0x0000000d31e00000] [id=18248]
  0x000002018432bdb0 ConcurrentGCThread "G1 Main Marker" terminated
  0x000002018432cf80 WorkerThread "G1 Conc#0" [stack: 0x0000000d2fa00000,0x0000000d2fb00000] [id=17548]
  0x00000201a29cb570 ConcurrentGCThread "G1 Refine#0" terminated
  0x00000201a29cc0b0 ConcurrentGCThread "G1 Service" terminated

Threads with active compile tasks:

VM state: at safepoint (shutting down)

VM Mutex/Monitor currently owned by a thread:  ([mutex/lock_event])
[0x000002018214af10] Threads_lock - owner thread: 0x00000201a2b10cc0
[0x000002018214ba50] Heap_lock - owner thread: 0x00000201a7801280

Heap address: 0x0000000081200000, size: 2030 MB, Compressed Oops mode: 32-bit

CDS archive(s) mapped at: [0x0000000800000000-0x0000000800c40000-0x0000000800c40000), size 12845056, SharedBaseAddress: 0x0000000800000000, ArchiveRelocationMode: 0.
Compressed class space mapped at: 0x0000000801000000-0x0000000841000000, reserved size: 1073741824
Narrow klass base: 0x0000000800000000, Narrow klass shift: 0, Narrow klass range: 0x100000000

GC Precious Log:
 CardTable entry size: 512
 Card Set container configuration: InlinePtr #cards 5 size 8 Array Of Cards #cards 12 size 40 Howl #buckets 4 coarsen threshold 1843 Howl Bitmap #cards 512 size 80 coarsen threshold 460 Card regions per heap region 1 cards per card region 2048
 CPUs: 8 total, 8 available
 Memory: 8112M
 Large Page Support: Disabled
 NUMA Support: Disabled
 Compressed Oops: Enabled (32-bit)
 Heap Region Size: 1M
 Heap Min Capacity: 8M
 Heap Initial Capacity: 128M
 Heap Max Capacity: 2030M
 Pre-touch: Disabled
 Parallel Workers: 8
 Concurrent Workers: 2
 Concurrent Refinement Workers: 8
 Periodic GC: Disabled

Heap:
 garbage-first heap   total 131072K, used 25518K [0x0000000081200000, 0x0000000100000000)
  region size 1024K, 13 young (13312K), 5 survivors (5120K)
 Metaspace       used 15803K, committed 16128K, reserved 1114112K
  class space    used 2353K, committed 2496K, reserved 1048576K

Heap Regions: E=young(eden), S=young(survivor), O=old, HS=humongous(starts), HC=humongous(continues), CS=collection set, F=free, OA=open archive, CA=closed archive, TAMS=top-at-mark-start (previous, next)
|   0|0x0000000081200000, 0x0000000081300000, 0x0000000081300000|100%| O|  |TAMS 0x0000000081200000, 0x0000000081200000| Untracked 
|   1|0x0000000081300000, 0x0000000081400000, 0x0000000081400000|100%|HS|  |TAMS 0x0000000081300000, 0x0000000081300000| Complete 
|   2|0x0000000081400000, 0x0000000081500000, 0x0000000081500000|100%|HC|  |TAMS 0x0000000081400000, 0x0000000081400000| Complete 
|   3|0x0000000081500000, 0x0000000081600000, 0x0000000081600000|100%|HC|  |TAMS 0x0000000081500000, 0x0000000081500000| Complete 
|   4|0x0000000081600000, 0x0000000081700000, 0x0000000081700000|100%|HC|  |TAMS 0x0000000081600000, 0x0000000081600000| Complete 
|   5|0x0000000081700000, 0x0000000081800000, 0x0000000081800000|100%|HC|  |TAMS 0x0000000081700000, 0x0000000081700000| Complete 
|   6|0x0000000081800000, 0x0000000081900000, 0x0000000081900000|100%|HC|  |TAMS 0x0000000081800000, 0x0000000081800000| Complete 
|   7|0x0000000081900000, 0x0000000081a00000, 0x0000000081a00000|100%|HS|  |TAMS 0x0000000081900000, 0x0000000081900000| Complete 
|   8|0x0000000081a00000, 0x0000000081b00000, 0x0000000081b00000|100%|HC|  |TAMS 0x0000000081a00000, 0x0000000081a00000| Complete 
|   9|0x0000000081b00000, 0x0000000081c00000, 0x0000000081c00000|100%|HC|  |TAMS 0x0000000081b00000, 0x0000000081b00000| Complete 
|  10|0x0000000081c00000, 0x0000000081d00000, 0x0000000081d00000|100%|HS|  |TAMS 0x0000000081c00000, 0x0000000081c00000| Complete 
|  11|0x0000000081d00000, 0x0000000081e00000, 0x0000000081e00000|100%|HC|  |TAMS 0x0000000081d00000, 0x0000000081d00000| Complete 
|  12|0x0000000081e00000, 0x0000000081eeba00, 0x0000000081f00000| 92%| O|  |TAMS 0x0000000081e00000, 0x0000000081e00000| Untracked 
|  13|0x0000000081f00000, 0x0000000081f00000, 0x0000000082000000|  0%| F|  |TAMS 0x0000000081f00000, 0x0000000081f00000| Untracked 
|  14|0x0000000082000000, 0x0000000082000000, 0x0000000082100000|  0%| F|  |TAMS 0x0000000082000000, 0x0000000082000000| Untracked 
|  15|0x0000000082100000, 0x0000000082100000, 0x0000000082200000|  0%| F|  |TAMS 0x0000000082100000, 0x0000000082100000| Untracked 
|  16|0x0000000082200000, 0x0000000082200000, 0x0000000082300000|  0%| F|  |TAMS 0x0000000082200000, 0x0000000082200000| Untracked 
|  17|0x0000000082300000, 0x0000000082300000, 0x0000000082400000|  0%| F|  |TAMS 0x0000000082300000, 0x0000000082300000| Untracked 
|  18|0x0000000082400000, 0x0000000082400000, 0x0000000082500000|  0%| F|  |TAMS 0x0000000082400000, 0x0000000082400000| Untracked 
|  19|0x0000000082500000, 0x0000000082500000, 0x0000000082600000|  0%| F|  |TAMS 0x0000000082500000, 0x0000000082500000| Untracked 
|  20|0x0000000082600000, 0x0000000082600000, 0x0000000082700000|  0%| F|  |TAMS 0x0000000082600000, 0x0000000082600000| Untracked 
|  21|0x0000000082700000, 0x0000000082700000, 0x0000000082800000|  0%| F|  |TAMS 0x0000000082700000, 0x0000000082700000| Untracked 
|  22|0x0000000082800000, 0x0000000082800000, 0x0000000082900000|  0%| F|  |TAMS 0x0000000082800000, 0x0000000082800000| Untracked 
|  23|0x0000000082900000, 0x0000000082900000, 0x0000000082a00000|  0%| F|  |TAMS 0x0000000082900000, 0x0000000082900000| Untracked 
|  24|0x0000000082a00000, 0x0000000082a00000, 0x0000000082b00000|  0%| F|  |TAMS 0x0000000082a00000, 0x0000000082a00000| Untracked 
|  25|0x0000000082b00000, 0x0000000082b00000, 0x0000000082c00000|  0%| F|  |TAMS 0x0000000082b00000, 0x0000000082b00000| Untracked 
|  26|0x0000000082c00000, 0x0000000082c00000, 0x0000000082d00000|  0%| F|  |TAMS 0x0000000082c00000, 0x0000000082c00000| Untracked 
|  27|0x0000000082d00000, 0x0000000082d00000, 0x0000000082e00000|  0%| F|  |TAMS 0x0000000082d00000, 0x0000000082d00000| Untracked 
|  28|0x0000000082e00000, 0x0000000082e00000, 0x0000000082f00000|  0%| F|  |TAMS 0x0000000082e00000, 0x0000000082e00000| Untracked 
|  29|0x0000000082f00000, 0x0000000082f00000, 0x0000000083000000|  0%| F|  |TAMS 0x0000000082f00000, 0x0000000082f00000| Untracked 
|  30|0x0000000083000000, 0x0000000083000000, 0x0000000083100000|  0%| F|  |TAMS 0x0000000083000000, 0x0000000083000000| Untracked 
|  31|0x0000000083100000, 0x0000000083100000, 0x0000000083200000|  0%| F|  |TAMS 0x0000000083100000, 0x0000000083100000| Untracked 
|  32|0x0000000083200000, 0x0000000083200000, 0x0000000083300000|  0%| F|  |TAMS 0x0000000083200000, 0x0000000083200000| Untracked 
|  33|0x0000000083300000, 0x0000000083300000, 0x0000000083400000|  0%| F|  |TAMS 0x0000000083300000, 0x0000000083300000| Untracked 
|  34|0x0000000083400000, 0x0000000083400000, 0x0000000083500000|  0%| F|  |TAMS 0x0000000083400000, 0x0000000083400000| Untracked 
|  35|0x0000000083500000, 0x0000000083500000, 0x0000000083600000|  0%| F|  |TAMS 0x0000000083500000, 0x0000000083500000| Untracked 
|  36|0x0000000083600000, 0x0000000083600000, 0x0000000083700000|  0%| F|  |TAMS 0x0000000083600000, 0x0000000083600000| Untracked 
|  37|0x0000000083700000, 0x0000000083700000, 0x0000000083800000|  0%| F|  |TAMS 0x0000000083700000, 0x0000000083700000| Untracked 
|  38|0x0000000083800000, 0x0000000083800000, 0x0000000083900000|  0%| F|  |TAMS 0x0000000083800000, 0x0000000083800000| Untracked 
|  39|0x0000000083900000, 0x0000000083900000, 0x0000000083a00000|  0%| F|  |TAMS 0x0000000083900000, 0x0000000083900000| Untracked 
|  40|0x0000000083a00000, 0x0000000083a00000, 0x0000000083b00000|  0%| F|  |TAMS 0x0000000083a00000, 0x0000000083a00000| Untracked 
|  41|0x0000000083b00000, 0x0000000083b00000, 0x0000000083c00000|  0%| F|  |TAMS 0x0000000083b00000, 0x0000000083b00000| Untracked 
|  42|0x0000000083c00000, 0x0000000083c00000, 0x0000000083d00000|  0%| F|  |TAMS 0x0000000083c00000, 0x0000000083c00000| Untracked 
|  43|0x0000000083d00000, 0x0000000083d00000, 0x0000000083e00000|  0%| F|  |TAMS 0x0000000083d00000, 0x0000000083d00000| Untracked 
|  44|0x0000000083e00000, 0x0000000083e00000, 0x0000000083f00000|  0%| F|  |TAMS 0x0000000083e00000, 0x0000000083e00000| Untracked 
|  45|0x0000000083f00000, 0x0000000083f00000, 0x0000000084000000|  0%| F|  |TAMS 0x0000000083f00000, 0x0000000083f00000| Untracked 
|  46|0x0000000084000000, 0x0000000084000000, 0x0000000084100000|  0%| F|  |TAMS 0x0000000084000000, 0x0000000084000000| Untracked 
|  47|0x0000000084100000, 0x0000000084100000, 0x0000000084200000|  0%| F|  |TAMS 0x0000000084100000, 0x0000000084100000| Untracked 
|  48|0x0000000084200000, 0x0000000084200000, 0x0000000084300000|  0%| F|  |TAMS 0x0000000084200000, 0x0000000084200000| Untracked 
|  49|0x0000000084300000, 0x0000000084300000, 0x0000000084400000|  0%| F|  |TAMS 0x0000000084300000, 0x0000000084300000| Untracked 
|  50|0x0000000084400000, 0x0000000084400000, 0x0000000084500000|  0%| F|  |TAMS 0x0000000084400000, 0x0000000084400000| Untracked 
|  51|0x0000000084500000, 0x0000000084500000, 0x0000000084600000|  0%| F|  |TAMS 0x0000000084500000, 0x0000000084500000| Untracked 
|  52|0x0000000084600000, 0x0000000084600000, 0x0000000084700000|  0%| F|  |TAMS 0x0000000084600000, 0x0000000084600000| Untracked 
|  53|0x0000000084700000, 0x0000000084700000, 0x0000000084800000|  0%| F|  |TAMS 0x0000000084700000, 0x0000000084700000| Untracked 
|  54|0x0000000084800000, 0x0000000084800000, 0x0000000084900000|  0%| F|  |TAMS 0x0000000084800000, 0x0000000084800000| Untracked 
|  55|0x0000000084900000, 0x0000000084900000, 0x0000000084a00000|  0%| F|  |TAMS 0x0000000084900000, 0x0000000084900000| Untracked 
|  56|0x0000000084a00000, 0x0000000084a00000, 0x0000000084b00000|  0%| F|  |TAMS 0x0000000084a00000, 0x0000000084a00000| Untracked 
|  57|0x0000000084b00000, 0x0000000084b00000, 0x0000000084c00000|  0%| F|  |TAMS 0x0000000084b00000, 0x0000000084b00000| Untracked 
|  58|0x0000000084c00000, 0x0000000084c00000, 0x0000000084d00000|  0%| F|  |TAMS 0x0000000084c00000, 0x0000000084c00000| Untracked 
|  59|0x0000000084d00000, 0x0000000084d00000, 0x0000000084e00000|  0%| F|  |TAMS 0x0000000084d00000, 0x0000000084d00000| Untracked 
|  60|0x0000000084e00000, 0x0000000084e00000, 0x0000000084f00000|  0%| F|  |TAMS 0x0000000084e00000, 0x0000000084e00000| Untracked 
|  61|0x0000000084f00000, 0x0000000084f00000, 0x0000000085000000|  0%| F|  |TAMS 0x0000000084f00000, 0x0000000084f00000| Untracked 
|  62|0x0000000085000000, 0x0000000085000000, 0x0000000085100000|  0%| F|  |TAMS 0x0000000085000000, 0x0000000085000000| Untracked 
|  63|0x0000000085100000, 0x0000000085100000, 0x0000000085200000|  0%| F|  |TAMS 0x0000000085100000, 0x0000000085100000| Untracked 
|  64|0x0000000085200000, 0x0000000085200000, 0x0000000085300000|  0%| F|  |TAMS 0x0000000085200000, 0x0000000085200000| Untracked 
|  65|0x0000000085300000, 0x0000000085300000, 0x0000000085400000|  0%| F|  |TAMS 0x0000000085300000, 0x0000000085300000| Untracked 
|  66|0x0000000085400000, 0x0000000085400000, 0x0000000085500000|  0%| F|  |TAMS 0x0000000085400000, 0x0000000085400000| Untracked 
|  67|0x0000000085500000, 0x0000000085500000, 0x0000000085600000|  0%| F|  |TAMS 0x0000000085500000, 0x0000000085500000| Untracked 
|  68|0x0000000085600000, 0x0000000085600000, 0x0000000085700000|  0%| F|  |TAMS 0x0000000085600000, 0x0000000085600000| Untracked 
|  69|0x0000000085700000, 0x0000000085700000, 0x0000000085800000|  0%| F|  |TAMS 0x0000000085700000, 0x0000000085700000| Untracked 
|  70|0x0000000085800000, 0x0000000085800000, 0x0000000085900000|  0%| F|  |TAMS 0x0000000085800000, 0x0000000085800000| Untracked 
|  71|0x0000000085900000, 0x0000000085900000, 0x0000000085a00000|  0%| F|  |TAMS 0x0000000085900000, 0x0000000085900000| Untracked 
|  72|0x0000000085a00000, 0x0000000085a00000, 0x0000000085b00000|  0%| F|  |TAMS 0x0000000085a00000, 0x0000000085a00000| Untracked 
|  73|0x0000000085b00000, 0x0000000085b00000, 0x0000000085c00000|  0%| F|  |TAMS 0x0000000085b00000, 0x0000000085b00000| Untracked 
|  74|0x0000000085c00000, 0x0000000085c00000, 0x0000000085d00000|  0%| F|  |TAMS 0x0000000085c00000, 0x0000000085c00000| Untracked 
|  75|0x0000000085d00000, 0x0000000085d00000, 0x0000000085e00000|  0%| F|  |TAMS 0x0000000085d00000, 0x0000000085d00000| Untracked 
|  76|0x0000000085e00000, 0x0000000085e00000, 0x0000000085f00000|  0%| F|  |TAMS 0x0000000085e00000, 0x0000000085e00000| Untracked 
|  77|0x0000000085f00000, 0x0000000085f00000, 0x0000000086000000|  0%| F|  |TAMS 0x0000000085f00000, 0x0000000085f00000| Untracked 
|  78|0x0000000086000000, 0x0000000086000000, 0x0000000086100000|  0%| F|  |TAMS 0x0000000086000000, 0x0000000086000000| Untracked 
|  79|0x0000000086100000, 0x0000000086100000, 0x0000000086200000|  0%| F|  |TAMS 0x0000000086100000, 0x0000000086100000| Untracked 
|  80|0x0000000086200000, 0x0000000086200000, 0x0000000086300000|  0%| F|  |TAMS 0x0000000086200000, 0x0000000086200000| Untracked 
|  81|0x0000000086300000, 0x0000000086300000, 0x0000000086400000|  0%| F|  |TAMS 0x0000000086300000, 0x0000000086300000| Untracked 
|  82|0x0000000086400000, 0x0000000086400000, 0x0000000086500000|  0%| F|  |TAMS 0x0000000086400000, 0x0000000086400000| Untracked 
|  83|0x0000000086500000, 0x0000000086500000, 0x0000000086600000|  0%| F|  |TAMS 0x0000000086500000, 0x0000000086500000| Untracked 
|  84|0x0000000086600000, 0x0000000086600000, 0x0000000086700000|  0%| F|  |TAMS 0x0000000086600000, 0x0000000086600000| Untracked 
|  85|0x0000000086700000, 0x0000000086700000, 0x0000000086800000|  0%| F|  |TAMS 0x0000000086700000, 0x0000000086700000| Untracked 
|  86|0x0000000086800000, 0x0000000086800000, 0x0000000086900000|  0%| F|  |TAMS 0x0000000086800000, 0x0000000086800000| Untracked 
|  87|0x0000000086900000, 0x0000000086a00000, 0x0000000086a00000|100%| S|CS|TAMS 0x0000000086900000, 0x0000000086900000| Complete 
|  88|0x0000000086a00000, 0x0000000086b00000, 0x0000000086b00000|100%| S|CS|TAMS 0x0000000086a00000, 0x0000000086a00000| Complete 
|  89|0x0000000086b00000, 0x0000000086c00000, 0x0000000086c00000|100%| S|CS|TAMS 0x0000000086b00000, 0x0000000086b00000| Complete 
|  90|0x0000000086c00000, 0x0000000086d00000, 0x0000000086d00000|100%| S|CS|TAMS 0x0000000086c00000, 0x0000000086c00000| Complete 
|  91|0x0000000086d00000, 0x0000000086e00000, 0x0000000086e00000|100%| S|CS|TAMS 0x0000000086d00000, 0x0000000086d00000| Complete 
|  92|0x0000000086e00000, 0x0000000086e00000, 0x0000000086f00000|  0%| F|  |TAMS 0x0000000086e00000, 0x0000000086e00000| Untracked 
|  93|0x0000000086f00000, 0x0000000086f00000, 0x0000000087000000|  0%| F|  |TAMS 0x0000000086f00000, 0x0000000086f00000| Untracked 
|  94|0x0000000087000000, 0x0000000087000000, 0x0000000087100000|  0%| F|  |TAMS 0x0000000087000000, 0x0000000087000000| Untracked 
|  95|0x0000000087100000, 0x0000000087100000, 0x0000000087200000|  0%| F|  |TAMS 0x0000000087100000, 0x0000000087100000| Untracked 
|  96|0x0000000087200000, 0x0000000087200000, 0x0000000087300000|  0%| F|  |TAMS 0x0000000087200000, 0x0000000087200000| Untracked 
|  97|0x0000000087300000, 0x0000000087300000, 0x0000000087400000|  0%| F|  |TAMS 0x0000000087300000, 0x0000000087300000| Untracked 
|  98|0x0000000087400000, 0x0000000087400000, 0x0000000087500000|  0%| F|  |TAMS 0x0000000087400000, 0x0000000087400000| Untracked 
|  99|0x0000000087500000, 0x0000000087500000, 0x0000000087600000|  0%| F|  |TAMS 0x0000000087500000, 0x0000000087500000| Untracked 
| 100|0x0000000087600000, 0x0000000087600000, 0x0000000087700000|  0%| F|  |TAMS 0x0000000087600000, 0x0000000087600000| Untracked 
| 101|0x0000000087700000, 0x0000000087700000, 0x0000000087800000|  0%| F|  |TAMS 0x0000000087700000, 0x0000000087700000| Untracked 
| 102|0x0000000087800000, 0x0000000087800000, 0x0000000087900000|  0%| F|  |TAMS 0x0000000087800000, 0x0000000087800000| Untracked 
| 103|0x0000000087900000, 0x0000000087900000, 0x0000000087a00000|  0%| F|  |TAMS 0x0000000087900000, 0x0000000087900000| Untracked 
| 104|0x0000000087a00000, 0x0000000087a00000, 0x0000000087b00000|  0%| F|  |TAMS 0x0000000087a00000, 0x0000000087a00000| Untracked 
| 105|0x0000000087b00000, 0x0000000087b00000, 0x0000000087c00000|  0%| F|  |TAMS 0x0000000087b00000, 0x0000000087b00000| Untracked 
| 106|0x0000000087c00000, 0x0000000087c00000, 0x0000000087d00000|  0%| F|  |TAMS 0x0000000087c00000, 0x0000000087c00000| Untracked 
| 107|0x0000000087d00000, 0x0000000087d00000, 0x0000000087e00000|  0%| F|  |TAMS 0x0000000087d00000, 0x0000000087d00000| Untracked 
| 108|0x0000000087e00000, 0x0000000087e00000, 0x0000000087f00000|  0%| F|  |TAMS 0x0000000087e00000, 0x0000000087e00000| Untracked 
| 109|0x0000000087f00000, 0x0000000087f00000, 0x0000000088000000|  0%| F|  |TAMS 0x0000000087f00000, 0x0000000087f00000| Untracked 
| 110|0x0000000088000000, 0x0000000088000000, 0x0000000088100000|  0%| F|  |TAMS 0x0000000088000000, 0x0000000088000000| Untracked 
| 111|0x0000000088100000, 0x0000000088100000, 0x0000000088200000|  0%| F|  |TAMS 0x0000000088100000, 0x0000000088100000| Untracked 
| 112|0x0000000088200000, 0x0000000088200000, 0x0000000088300000|  0%| F|  |TAMS 0x0000000088200000, 0x0000000088200000| Untracked 
| 113|0x0000000088300000, 0x0000000088300000, 0x0000000088400000|  0%| F|  |TAMS 0x0000000088300000, 0x0000000088300000| Untracked 
| 114|0x0000000088400000, 0x0000000088400000, 0x0000000088500000|  0%| F|  |TAMS 0x0000000088400000, 0x0000000088400000| Untracked 
| 115|0x0000000088500000, 0x0000000088500000, 0x0000000088600000|  0%| F|  |TAMS 0x0000000088500000, 0x0000000088500000| Untracked 
| 116|0x0000000088600000, 0x0000000088600000, 0x0000000088700000|  0%| F|  |TAMS 0x0000000088600000, 0x0000000088600000| Untracked 
| 117|0x0000000088700000, 0x0000000088700000, 0x0000000088800000|  0%| F|  |TAMS 0x0000000088700000, 0x0000000088700000| Untracked 
| 118|0x0000000088800000, 0x0000000088800000, 0x0000000088900000|  0%| F|  |TAMS 0x0000000088800000, 0x0000000088800000| Untracked 
| 119|0x0000000088900000, 0x0000000088900000, 0x0000000088a00000|  0%| F|  |TAMS 0x0000000088900000, 0x0000000088900000| Untracked 
| 120|0x0000000088a00000, 0x0000000088a346f8, 0x0000000088b00000| 20%| E|  |TAMS 0x0000000088a00000, 0x0000000088a00000| Complete 
| 121|0x0000000088b00000, 0x0000000088c00000, 0x0000000088c00000|100%| E|CS|TAMS 0x0000000088b00000, 0x0000000088b00000| Complete 
| 122|0x0000000088c00000, 0x0000000088d00000, 0x0000000088d00000|100%| E|CS|TAMS 0x0000000088c00000, 0x0000000088c00000| Complete 
| 123|0x0000000088d00000, 0x0000000088e00000, 0x0000000088e00000|100%| E|CS|TAMS 0x0000000088d00000, 0x0000000088d00000| Complete 
| 124|0x0000000088e00000, 0x0000000088f00000, 0x0000000088f00000|100%| E|CS|TAMS 0x0000000088e00000, 0x0000000088e00000| Complete 
| 125|0x0000000088f00000, 0x0000000089000000, 0x0000000089000000|100%| E|CS|TAMS 0x0000000088f00000, 0x0000000088f00000| Complete 
| 126|0x0000000089000000, 0x0000000089100000, 0x0000000089100000|100%| E|CS|TAMS 0x0000000089000000, 0x0000000089000000| Complete 
| 127|0x0000000089100000, 0x0000000089200000, 0x0000000089200000|100%| E|CS|TAMS 0x0000000089100000, 0x0000000089100000| Complete 

Card table byte_map: [0x000002019b960000,0x000002019bd60000] _byte_map_base: 0x000002019b557000

Marking Bits (Prev, Next): (CMBitMap*) 0x000002018431b520, (CMBitMap*) 0x000002018431b560
 Prev Bits: [0x000002019c160000, 0x000002019e118000)
 Next Bits: [0x000002019e120000, 0x00000201a00d8000)

Polling page: 0x0000020183a90000

Metaspace:

Usage:
  Non-class:     13.13 MB used.
      Class:      2.30 MB used.
       Both:     15.43 MB used.

Virtual space:
  Non-class space:       64.00 MB reserved,      13.31 MB ( 21%) committed,  1 nodes.
      Class space:        1.00 GB reserved,       2.44 MB ( <1%) committed,  1 nodes.
             Both:        1.06 GB reserved,      15.75 MB (  1%) committed. 

Chunk freelists:
   Non-Class:  2.05 MB
       Class:  1.41 MB
        Both:  3.45 MB

MaxMetaspaceSize: unlimited
CompressedClassSpaceSize: 1.00 GB
Initial GC threshold: 21.00 MB
Current GC threshold: 21.00 MB
CDS: on
MetaspaceReclaimPolicy: balanced
 - commit_granule_bytes: 65536.
 - commit_granule_words: 8192.
 - virtual_space_node_default_size: 8388608.
 - enlarge_chunks_in_place: 1.
 - new_chunks_are_fully_committed: 0.
 - uncommit_free_chunks: 1.
 - use_allocation_guard: 0.


Internal statistics:

num_allocs_failed_limit: 0.
num_arena_births: 312.
num_arena_deaths: 0.
num_vsnodes_births: 2.
num_vsnodes_deaths: 0.
num_space_committed: 252.
num_space_uncommitted: 0.
num_chunks_returned_to_freelist: 0.
num_chunks_taken_from_freelist: 830.
num_chunk_merges: 0.
num_chunk_splits: 599.
num_chunks_enlarged: 472.
num_inconsistent_stats: 0.

CodeHeap 'non-profiled nmethods': size=120000Kb used=1070Kb max_used=1070Kb free=118929Kb
 bounds [0x0000020193d00000, 0x0000020193f70000, 0x000002019b230000]
CodeHeap 'profiled nmethods': size=120000Kb used=4951Kb max_used=4951Kb free=115049Kb
 bounds [0x000002018c230000, 0x000002018c710000, 0x0000020193760000]
CodeHeap 'non-nmethods': size=5760Kb used=1541Kb max_used=1599Kb free=4218Kb
 bounds [0x0000020193760000, 0x00000201939d0000, 0x0000020193d00000]
 total_blobs=3522 nmethods=2698 adapters=734
 compilation: enabled
              stopped_count=0, restarted_count=0
 full_count=0

Compilation events (20 events):
Event: 5.778 Thread 0x00000201a2b40d80 nmethod 2692 0x000002018c700490 code [0x000002018c700620, 0x000002018c700738]
Event: 5.778 Thread 0x00000201a2b40d80 2694       3       com.sun.prism.d3d.D3DTextureResource::isValid (28 bytes)
Event: 5.779 Thread 0x00000201a2b40d80 nmethod 2694 0x000002018c700810 code [0x000002018c7009c0, 0x000002018c700d18]
Event: 5.779 Thread 0x00000201a2b40d80 2695       3       com.sun.javafx.sg.prism.NGGroup::renderForcedContent (43 bytes)
Event: 5.780 Thread 0x00000201a2b40d80 nmethod 2695 0x000002018c700e10 code [0x000002018c701020, 0x000002018c701718]
Event: 5.784 Thread 0x00000201a2b38400 nmethod 2679 0x0000020193e0ad90 code [0x0000020193e0af60, 0x0000020193e0b388]
Event: 5.784 Thread 0x00000201a2b38400 2680       4       com.sun.javafx.collections.ObservableMapWrapper::isEmpty (10 bytes)
Event: 5.785 Thread 0x00000201a2b38400 nmethod 2680 0x0000020193e0b790 code [0x0000020193e0b920, 0x0000020193e0b9d8]
Event: 5.790 Thread 0x00000201a2b40d80 2696       3       com.sun.javafx.tk.quantum.QuantumToolkit::checkFxUserThread (12 bytes)
Event: 5.791 Thread 0x00000201a2b40d80 nmethod 2696 0x000002018c701910 code [0x000002018c701b00, 0x000002018c701fc8]
Event: 5.791 Thread 0x00000201a2b40d80 2698       3       com.sun.javafx.css.PseudoClassState::cast (6 bytes)
Event: 5.791 Thread 0x00000201a2b40d80 nmethod 2698 0x000002018c702190 code [0x000002018c702360, 0x000002018c7026c8]
Event: 5.791 Thread 0x00000201a2b40d80 2697       3       com.sun.javafx.tk.Toolkit::checkFxUserThread (27 bytes)
Event: 5.792 Thread 0x00000201a2b40d80 nmethod 2697 0x000002018c702810 code [0x000002018c7029e0, 0x000002018c702df8]
Event: 5.843 Thread 0x00000201a2b40d80 2699       3       javafx.scene.Node$$Lambda$107/0x00000008010bfa18::changed (17 bytes)
Event: 5.846 Thread 0x00000201a2b40d80 nmethod 2699 0x000002018c702f90 code [0x000002018c703200, 0x000002018c703fd8]
Event: 5.846 Thread 0x00000201a2b40d80 2700       3       javafx.scene.Node::lambda$new$2 (5 bytes)
Event: 5.847 Thread 0x00000201a2b40d80 nmethod 2700 0x000002018c704410 code [0x000002018c704660, 0x000002018c7051f8]
Event: 5.897 Thread 0x00000201a2b40d80 2701       3       java.security.AccessController::doPrivileged (9 bytes)
Event: 5.897 Thread 0x00000201a2b40d80 nmethod 2701 0x000002018c705590 code [0x000002018c705760, 0x000002018c705a98]

GC Heap History (4 events):
Event: 1.131 GC heap before
{Heap before GC invocations=0 (full 0):
 garbage-first heap   total 131072K, used 22528K [0x0000000081200000, 0x0000000100000000)
  region size 1024K, 23 young (23552K), 0 survivors (0K)
 Metaspace       used 5828K, committed 6016K, reserved 1114112K
  class space    used 714K, committed 832K, reserved 1048576K
}
Event: 1.135 GC heap after
{Heap after GC invocations=1 (full 0):
 garbage-first heap   total 131072K, used 3307K [0x0000000081200000, 0x0000000100000000)
  region size 1024K, 3 young (3072K), 3 survivors (3072K)
 Metaspace       used 5828K, committed 6016K, reserved 1114112K
  class space    used 714K, committed 832K, reserved 1048576K
}
Event: 3.766 GC heap before
{Heap before GC invocations=1 (full 0):
 garbage-first heap   total 131072K, used 47339K [0x0000000081200000, 0x0000000100000000)
  region size 1024K, 36 young (36864K), 3 survivors (3072K)
 Metaspace       used 14360K, committed 14656K, reserved 1114112K
  class space    used 2105K, committed 2240K, reserved 1048576K
}
Event: 3.774 GC heap after
{Heap after GC invocations=2 (full 0):
 garbage-first heap   total 131072K, used 18350K [0x0000000081200000, 0x0000000100000000)
  region size 1024K, 5 young (5120K), 5 survivors (5120K)
 Metaspace       used 14360K, committed 14656K, reserved 1114112K
  class space    used 2105K, committed 2240K, reserved 1048576K
}

Dll operation events (20 events):
Event: 0.665 Loaded shared library C:\Users\Gabriel\.openjfx\cache\13\api-ms-win-crt-filesystem-l1-1-0.dll
Event: 0.669 Loaded shared library C:\Users\Gabriel\.openjfx\cache\13\api-ms-win-crt-heap-l1-1-0.dll
Event: 0.673 Loaded shared library C:\Users\Gabriel\.openjfx\cache\13\api-ms-win-crt-locale-l1-1-0.dll
Event: 0.676 Loaded shared library C:\Users\Gabriel\.openjfx\cache\13\api-ms-win-crt-math-l1-1-0.dll
Event: 0.679 Loaded shared library C:\Users\Gabriel\.openjfx\cache\13\api-ms-win-crt-multibyte-l1-1-0.dll
Event: 0.683 Loaded shared library C:\Users\Gabriel\.openjfx\cache\13\api-ms-win-crt-private-l1-1-0.dll
Event: 0.687 Loaded shared library C:\Users\Gabriel\.openjfx\cache\13\api-ms-win-crt-process-l1-1-0.dll
Event: 0.691 Loaded shared library C:\Users\Gabriel\.openjfx\cache\13\api-ms-win-crt-runtime-l1-1-0.dll
Event: 0.694 Loaded shared library C:\Users\Gabriel\.openjfx\cache\13\api-ms-win-crt-stdio-l1-1-0.dll
Event: 0.697 Loaded shared library C:\Users\Gabriel\.openjfx\cache\13\api-ms-win-crt-string-l1-1-0.dll
Event: 0.700 Loaded shared library C:\Users\Gabriel\.openjfx\cache\13\api-ms-win-crt-time-l1-1-0.dll
Event: 0.705 Loaded shared library C:\Users\Gabriel\.openjfx\cache\13\api-ms-win-crt-utility-l1-1-0.dll
Event: 0.721 Loaded shared library C:\Users\Gabriel\.openjfx\cache\13\ucrtbase.dll
Event: 0.725 Loaded shared library C:\Users\Gabriel\.openjfx\cache\13\vcruntime140.dll
Event: 0.735 Loaded shared library C:\Users\Gabriel\.openjfx\cache\13\msvcp140.dll
Event: 0.744 Loaded shared library C:\Users\Gabriel\.openjfx\cache\13\concrt140.dll
Event: 0.806 Loaded shared library C:\Users\Gabriel\.openjfx\cache\13\prism_d3d.dll
Event: 0.888 Loaded shared library C:\Users\Gabriel\.openjfx\cache\13\glass.dll
Event: 1.173 Loaded shared library C:\Users\Gabriel\.openjfx\cache\13\javafx_font.dll
Event: 1.650 Loaded shared library C:\Program Files\Java\jdk-19\bin\jimage.dll

Deoptimization events (20 events):
Event: 3.916 Thread 0x00000201a7801280 DEOPT PACKING pc=0x0000020193dd5ff0 sp=0x0000000d30cfc9d0
Event: 3.916 Thread 0x00000201a7801280 DEOPT UNPACKING pc=0x00000201937c6da3 sp=0x0000000d30cfc978 mode 2
Event: 3.916 Thread 0x00000201a7801280 Uncommon trap: trap_request=0xffffffd6 fr.pc=0x0000020193dd5ff0 relative=0x00000000000002b0
Event: 3.916 Thread 0x00000201a7801280 Uncommon trap: reason=array_check action=maybe_recompile pc=0x0000020193dd5ff0 method=javafx.css.SimpleSelector.applies(Ljavafx/css/Styleable;[Ljava/util/Set;I)Z @ 37 c2
Event: 3.916 Thread 0x00000201a7801280 DEOPT PACKING pc=0x0000020193dd5ff0 sp=0x0000000d30cfcad0
Event: 3.916 Thread 0x00000201a7801280 DEOPT UNPACKING pc=0x00000201937c6da3 sp=0x0000000d30cfca78 mode 2
Event: 4.140 Thread 0x00000201a75f0c50 DEOPT PACKING pc=0x000002018c5e94f7 sp=0x0000000d308fdc60
Event: 4.140 Thread 0x00000201a75f0c50 DEOPT UNPACKING pc=0x00000201937c7543 sp=0x0000000d308fd080 mode 0
Event: 4.145 Thread 0x00000201a75f0c50 DEOPT PACKING pc=0x000002018c5e81fb sp=0x0000000d308fd850
Event: 4.145 Thread 0x00000201a75f0c50 DEOPT UNPACKING pc=0x00000201937c7543 sp=0x0000000d308fcc18 mode 0
Event: 4.160 Thread 0x00000201a75f0c50 DEOPT PACKING pc=0x000002018c5e68c2 sp=0x0000000d308fdf00
Event: 4.160 Thread 0x00000201a75f0c50 DEOPT UNPACKING pc=0x00000201937c7543 sp=0x0000000d308fd390 mode 0
Event: 4.163 Thread 0x00000201a75f0c50 DEOPT PACKING pc=0x000002018c5e68c2 sp=0x0000000d308fdc60
Event: 4.163 Thread 0x00000201a75f0c50 DEOPT UNPACKING pc=0x00000201937c7543 sp=0x0000000d308fd0f0 mode 0
Event: 4.167 Thread 0x00000201a75f0c50 DEOPT PACKING pc=0x000002018c5e68c2 sp=0x0000000d308fdf00
Event: 4.167 Thread 0x00000201a75f0c50 DEOPT UNPACKING pc=0x00000201937c7543 sp=0x0000000d308fd390 mode 0
Event: 4.170 Thread 0x00000201a75f0c50 DEOPT PACKING pc=0x000002018c5e68c2 sp=0x0000000d308fdc60
Event: 4.170 Thread 0x00000201a75f0c50 DEOPT UNPACKING pc=0x00000201937c7543 sp=0x0000000d308fd0f0 mode 0
Event: 5.252 Thread 0x00000201a75f0c50 DEOPT PACKING pc=0x000002018c6b28da sp=0x0000000d308fdb00
Event: 5.252 Thread 0x00000201a75f0c50 DEOPT UNPACKING pc=0x00000201937c7543 sp=0x0000000d308fcf38 mode 0

Classes loaded (20 events):
Event: 2.901 Loading class sun/misc/Unsafe
Event: 2.901 Loading class sun/misc/Unsafe done
Event: 2.903 Loading class java/lang/invoke/DirectMethodHandle$StaticAccessor
Event: 2.903 Loading class java/lang/invoke/DirectMethodHandle$StaticAccessor done
Event: 3.056 Loading class java/util/EnumMap$Values
Event: 3.056 Loading class java/util/EnumMap$Values done
Event: 3.056 Loading class java/util/EnumMap$ValueIterator
Event: 3.056 Loading class java/util/EnumMap$EnumMapIterator
Event: 3.056 Loading class java/util/EnumMap$EnumMapIterator done
Event: 3.056 Loading class java/util/EnumMap$ValueIterator done
Event: 3.743 Loading class java/io/UnsupportedEncodingException
Event: 3.743 Loading class java/io/UnsupportedEncodingException done
Event: 3.850 Loading class java/util/BitSet$1BitSetSpliterator
Event: 3.850 Loading class java/util/BitSet$1BitSetSpliterator done
Event: 3.851 Loading class java/util/stream/IntPipeline$1
Event: 3.852 Loading class java/util/stream/IntPipeline$1 done
Event: 3.852 Loading class java/util/stream/IntPipeline$1$1
Event: 3.852 Loading class java/util/stream/IntPipeline$1$1 done
Event: 5.897 Loading class java/util/LinkedList$ListItr
Event: 5.897 Loading class java/util/LinkedList$ListItr done

Classes unloaded (0 events):
No events

Classes redefined (0 events):
No events

Internal exceptions (20 events):
Event: 1.699 Thread 0x00000201a7801280 Implicit null exception at 0x0000020193d567ac to 0x0000020193d56a38
Event: 1.885 Thread 0x00000201a7801280 Implicit null exception at 0x0000020193d4f692 to 0x0000020193d4fd40
Event: 1.983 Thread 0x00000201a7801280 Exception <a 'java/lang/NoSuchMethodError'{0x0000000087f792a8}: 'java.lang.Object java.lang.invoke.DirectMethodHandle$Holder.invokeInterface(java.lang.Object, java.lang.Object, java.lang.Object)'> (0x0000000087f792a8) 
thrown [s\open\src\hotspot\share\interpreter\linkResolver.cpp, line 774]
Event: 1.984 Thread 0x00000201a7801280 Exception <a 'java/lang/IncompatibleClassChangeError'{0x0000000087f7cc38}: Found class java.lang.Object, but interface was expected> (0x0000000087f7cc38) 
thrown [s\open\src\hotspot\share\interpreter\linkResolver.cpp, line 841]
Event: 2.058 Thread 0x00000201a7801280 Exception <a 'java/lang/NoSuchMethodError'{0x0000000087eb8eb0}: 'int java.lang.invoke.DirectMethodHandle$Holder.invokeSpecial(java.lang.Object, java.lang.Object, int)'> (0x0000000087eb8eb0) 
thrown [s\open\src\hotspot\share\interpreter\linkResolver.cpp, line 774]
Event: 2.060 Thread 0x00000201a7801280 Exception <a 'java/lang/NoSuchMethodError'{0x0000000087ed4b20}: 'int java.lang.invoke.DirectMethodHandle$Holder.invokeSpecial(java.lang.Object, java.lang.Object, java.lang.Object, int)'> (0x0000000087ed4b20) 
thrown [s\open\src\hotspot\share\interpreter\linkResolver.cpp, line 774]
Event: 2.063 Thread 0x00000201a7801280 Exception <a 'java/lang/NoSuchMethodError'{0x0000000087ee6f48}: 'java.lang.Object java.lang.invoke.DirectMethodHandle$Holder.invokeStatic(java.lang.Object, java.lang.Object, java.lang.Object, java.lang.Object, int)'> (0x0000000087ee6f48) 
thrown [s\open\src\hotspot\share\interpreter\linkResolver.cpp, line 774]
Event: 2.064 Thread 0x00000201a7801280 Exception <a 'java/lang/NoSuchMethodError'{0x0000000087eef978}: 'int java.lang.invoke.DirectMethodHandle$Holder.invokeSpecial(java.lang.Object, java.lang.Object, java.lang.Object)'> (0x0000000087eef978) 
thrown [s\open\src\hotspot\share\interpreter\linkResolver.cpp, line 774]
Event: 2.139 Thread 0x00000201a7801280 Exception <a 'java/lang/NoSuchMethodError'{0x0000000087da7568}: 'java.lang.Object java.lang.invoke.DirectMethodHandle$Holder.newInvokeSpecial(java.lang.Object, java.lang.Object, int)'> (0x0000000087da7568) 
thrown [s\open\src\hotspot\share\interpreter\linkResolver.cpp, line 774]
Event: 2.288 Thread 0x00000201a7801280 Exception <a 'java/lang/ClassNotFoundException'{0x0000000087bfed08}: com/sun/javafx/scene/control/skin/resources/controls> (0x0000000087bfed08) 
thrown [s\open\src\hotspot\share\prims\jni.cpp, line 536]
Event: 2.292 Thread 0x00000201a7801280 Exception <a 'java/lang/ClassNotFoundException'{0x000000008770ef40}: com/sun/javafx/scene/control/skin/resources/controls_pt> (0x000000008770ef40) 
thrown [s\open\src\hotspot\share\prims\jni.cpp, line 536]
Event: 2.292 Thread 0x00000201a7801280 Exception <a 'java/lang/ClassNotFoundException'{0x000000008770fee8}: com/sun/javafx/scene/control/skin/resources/controls_pt_BR> (0x000000008770fee8) 
thrown [s\open\src\hotspot\share\prims\jni.cpp, line 536]
Event: 2.425 Thread 0x00000201a7801280 Exception <a 'java/lang/NoSuchMethodError'{0x000000008768f178}: 'void java.lang.invoke.DirectMethodHandle$Holder.invokeSpecial(java.lang.Object, java.lang.Object, java.lang.Object, java.lang.Object, java.lang.Object, java.lang.Object)'> (0x000000008768f178) 
thrown [s\open\src\hotspot\share\interpreter\linkResolver.cpp, line 774]
Event: 2.809 Thread 0x00000201a75f0c50 Exception <a 'java/lang/NoSuchMethodError'{0x0000000087158b08}: 'int java.lang.invoke.DirectMethodHandle$Holder.invokeStaticInit(java.lang.Object, java.lang.Object)'> (0x0000000087158b08) 
thrown [s\open\src\hotspot\share\interpreter\linkResolver.cpp, line 774]
Event: 2.840 Thread 0x00000201a75f0c50 Exception <a 'java/lang/NoSuchMethodError'{0x00000000871dd5b0}: 'java.lang.Object java.lang.invoke.Invokers$Holder.invokeExact_MT(java.lang.Object, java.lang.Object, java.lang.Object, java.lang.Object, java.lang.Object)'> (0x00000000871dd5b0) 
thrown [s\open\src\hotspot\share\interpreter\linkResolver.cpp, line 774]
Event: 3.764 Thread 0x00000201a7801280 Exception <a 'java/lang/NoSuchMethodError'{0x0000000086ee4900}: 'long java.lang.invoke.DirectMethodHandle$Holder.invokeStatic(java.lang.Object, java.lang.Object, java.lang.Object)'> (0x0000000086ee4900) 
thrown [s\open\src\hotspot\share\interpreter\linkResolver.cpp, line 774]
Event: 3.764 Thread 0x00000201a7801280 Exception <a 'java/lang/NoSuchMethodError'{0x0000000086ee8228}: 'long java.lang.invoke.DirectMethodHandle$Holder.invokeStaticInit(java.lang.Object, java.lang.Object, java.lang.Object)'> (0x0000000086ee8228) 
thrown [s\open\src\hotspot\share\interpreter\linkResolver.cpp, line 774]
Event: 3.774 Thread 0x00000201a7801280 Exception <a 'java/lang/NoSuchMethodError'{0x0000000089101148}: 'java.lang.Object java.lang.invoke.DirectMethodHandle$Holder.newInvokeSpecial(java.lang.Object, java.lang.Object, long)'> (0x0000000089101148) 
thrown [s\open\src\hotspot\share\interpreter\linkResolver.cpp, line 774]
Event: 3.780 Thread 0x00000201a7801280 Exception <a 'java/lang/NoSuchMethodError'{0x0000000089104cd0}: 'java.lang.Object java.lang.invoke.Invokers$Holder.linkToTargetMethod(java.lang.Object, long, java.lang.Object)'> (0x0000000089104cd0) 
thrown [s\open\src\hotspot\share\interpreter\linkResolver.cpp, line 774]
Event: 3.867 Thread 0x00000201a7801280 Exception <a 'java/lang/NoSuchMethodError'{0x0000000088fc0258}: 'void java.lang.invoke.DirectMethodHandle$Holder.invokeSpecialIFC(java.lang.Object, java.lang.Object, java.lang.Object, java.lang.Object)'> (0x0000000088fc0258) 
thrown [s\open\src\hotspot\share\interpreter\linkResolver.cpp, line 774]

VM Operations (20 events):
Event: 1.181 Executing VM operation: HandshakeAllThreads done
Event: 1.932 Executing VM operation: ICBufferFull
Event: 1.932 Executing VM operation: ICBufferFull done
Event: 2.123 Executing VM operation: HandshakeAllThreads
Event: 2.123 Executing VM operation: HandshakeAllThreads done
Event: 2.190 Executing VM operation: HandshakeAllThreads
Event: 2.190 Executing VM operation: HandshakeAllThreads done
Event: 2.421 Executing VM operation: HandshakeAllThreads
Event: 2.421 Executing VM operation: HandshakeAllThreads done
Event: 2.587 Executing VM operation: ICBufferFull
Event: 2.587 Executing VM operation: ICBufferFull done
Event: 3.766 Executing VM operation: G1CollectForAllocation
Event: 3.774 Executing VM operation: G1CollectForAllocation done
Event: 3.851 Executing VM operation: HandshakeAllThreads
Event: 3.851 Executing VM operation: HandshakeAllThreads done
Event: 4.851 Executing VM operation: Cleanup
Event: 4.851 Executing VM operation: Cleanup done
Event: 5.853 Executing VM operation: Cleanup
Event: 5.896 Executing VM operation: Cleanup done
Event: 5.898 Executing VM operation: Exit

Events (20 events):
Event: 0.278 Thread 0x00000201a6f75eb0 Thread added: 0x00000201a6f75eb0
Event: 0.541 Thread 0x00000201a6f27b80 Thread exited: 0x00000201a6f27b80
Event: 0.735 Thread 0x00000201a6e56500 Thread exited: 0x00000201a6e56500
Event: 0.789 Thread 0x00000201a75f0c50 Thread added: 0x00000201a75f0c50
Event: 0.890 Thread 0x00000201a78008c0 Thread added: 0x00000201a78008c0
Event: 0.894 Thread 0x00000201a7801280 Thread added: 0x00000201a7801280
Event: 0.978 Thread 0x00000201a782fb60 Thread added: 0x00000201a782fb60
Event: 1.001 Thread 0x00000201a7895820 Thread added: 0x00000201a7895820
Event: 1.106 Thread 0x00000201a787c350 Thread added: 0x00000201a787c350
Event: 1.979 Thread 0x00000201a7f93b70 Thread added: 0x00000201a7f93b70
Event: 2.323 Thread 0x00000201a787c350 Thread exited: 0x00000201a787c350
Event: 2.896 Thread 0x00000201a7f920e0 Thread added: 0x00000201a7f920e0
Event: 3.909 Thread 0x00000201a86c3880 Thread added: 0x00000201a86c3880
Event: 3.967 Thread 0x00000201a81517a0 Thread added: 0x00000201a81517a0
Event: 4.525 Thread 0x00000201a81517a0 Thread exited: 0x00000201a81517a0
Event: 4.909 Thread 0x00000201a86c3880 Thread exited: 0x00000201a86c3880
Event: 5.844 Thread 0x00000201a7f94610 Thread added: 0x00000201a7f94610
Event: 5.844 Thread 0x00000201a7f94b60 Thread added: 0x00000201a7f94b60
Event: 5.896 Thread 0x00000201a7f94610 Thread exited: 0x00000201a7f94610
Event: 5.897 Thread 0x00000201a7f94b60 Thread exited: 0x00000201a7f94b60


Dynamic libraries:
0x00007ff6bc370000 - 0x00007ff6bc380000 	C:\Program Files\Java\jdk-19\bin\java.exe
0x00007ffbe8630000 - 0x00007ffbe8828000 	C:\Windows\SYSTEM32\ntdll.dll
0x00007ffbe69e0000 - 0x00007ffbe6a9f000 	C:\Windows\System32\KERNEL32.DLL
0x00007ffbe6170000 - 0x00007ffbe6442000 	C:\Windows\System32\KERNELBASE.dll
0x00007ffbe6530000 - 0x00007ffbe6630000 	C:\Windows\System32\ucrtbase.dll
0x00007ffbd2150000 - 0x00007ffbd2168000 	C:\Program Files\Java\jdk-19\bin\jli.dll
0x00007ffbd2130000 - 0x00007ffbd214b000 	C:\Program Files\Java\jdk-19\bin\VCRUNTIME140.dll
0x00007ffbe6bd0000 - 0x00007ffbe6c7e000 	C:\Windows\System32\ADVAPI32.dll
0x00007ffbe8420000 - 0x00007ffbe84be000 	C:\Windows\System32\msvcrt.dll
0x00007ffbe6fb0000 - 0x00007ffbe704c000 	C:\Windows\System32\sechost.dll
0x00007ffbe84c0000 - 0x00007ffbe85e5000 	C:\Windows\System32\RPCRT4.dll
0x00007ffbe8200000 - 0x00007ffbe839d000 	C:\Windows\System32\USER32.dll
0x00007ffbd70e0000 - 0x00007ffbd737a000 	C:\Windows\WinSxS\amd64_microsoft.windows.common-controls_6595b64144ccf1df_6.0.19041.1110_none_60b5254171f9507e\COMCTL32.dll
0x00007ffbe6450000 - 0x00007ffbe6472000 	C:\Windows\System32\win32u.dll
0x00007ffbe81d0000 - 0x00007ffbe81fb000 	C:\Windows\System32\GDI32.dll
0x00007ffbe5f20000 - 0x00007ffbe602f000 	C:\Windows\System32\gdi32full.dll
0x00007ffbe6060000 - 0x00007ffbe60fd000 	C:\Windows\System32\msvcp_win.dll
0x00007ffbdde50000 - 0x00007ffbdde5a000 	C:\Windows\SYSTEM32\VERSION.dll
0x00007ffbe6dc0000 - 0x00007ffbe6df2000 	C:\Windows\System32\IMM32.DLL
0x00007ffbdfd00000 - 0x00007ffbdfd0c000 	C:\Program Files\Java\jdk-19\bin\vcruntime140_1.dll
0x00007ffbc2ca0000 - 0x00007ffbc2d2e000 	C:\Program Files\Java\jdk-19\bin\msvcp140.dll
0x00007ffb75500000 - 0x00007ffb761c0000 	C:\Program Files\Java\jdk-19\bin\server\jvm.dll
0x00007ffbe0400000 - 0x00007ffbe0409000 	C:\Windows\SYSTEM32\WSOCK32.dll
0x00007ffbd8810000 - 0x00007ffbd8837000 	C:\Windows\SYSTEM32\WINMM.dll
0x00007ffbe83a0000 - 0x00007ffbe840b000 	C:\Windows\System32\WS2_32.dll
0x00007ffbe4570000 - 0x00007ffbe4582000 	C:\Windows\SYSTEM32\kernel.appcore.dll
0x00007ffbdfca0000 - 0x00007ffbdfcaa000 	C:\Program Files\Java\jdk-19\bin\jimage.dll
0x00007ffbd2850000 - 0x00007ffbd2a34000 	C:\Windows\SYSTEM32\DBGHELP.DLL
0x00007ffbd23f0000 - 0x00007ffbd241c000 	C:\Windows\SYSTEM32\dbgcore.DLL
0x00007ffbe5d30000 - 0x00007ffbe5db2000 	C:\Windows\System32\bcryptPrimitives.dll
0x00007ffbc1a80000 - 0x00007ffbc1aa6000 	C:\Program Files\Java\jdk-19\bin\java.dll
0x00007ffbc19a0000 - 0x00007ffbc1a77000 	C:\Program Files\Java\jdk-19\bin\jsvml.dll
0x00007ffbe7810000 - 0x00007ffbe7f53000 	C:\Windows\System32\SHELL32.dll
0x00007ffbe3dd0000 - 0x00007ffbe4562000 	C:\Windows\SYSTEM32\windows.storage.dll
0x00007ffbe6680000 - 0x00007ffbe69d4000 	C:\Windows\System32\combase.dll
0x00007ffbe5790000 - 0x00007ffbe57c0000 	C:\Windows\SYSTEM32\Wldp.dll
0x00007ffbe6d10000 - 0x00007ffbe6dbd000 	C:\Windows\System32\SHCORE.dll
0x00007ffbe8090000 - 0x00007ffbe80e5000 	C:\Windows\System32\shlwapi.dll
0x00007ffbe5c70000 - 0x00007ffbe5c8f000 	C:\Windows\SYSTEM32\profapi.dll
0x00007ffbcbd70000 - 0x00007ffbcbd83000 	C:\Program Files\Java\jdk-19\bin\net.dll
0x00007ffbd9bd0000 - 0x00007ffbd9cdc000 	C:\Windows\SYSTEM32\WINHTTP.dll
0x00007ffbe54f0000 - 0x00007ffbe555a000 	C:\Windows\system32\mswsock.dll
0x00007ffbc8700000 - 0x00007ffbc8716000 	C:\Program Files\Java\jdk-19\bin\nio.dll
0x00007ffbc7e60000 - 0x00007ffbc7e78000 	C:\Program Files\Java\jdk-19\bin\zip.dll
0x00000201a2b90000 - 0x00000201a2b93000 	C:\Users\Gabriel\.openjfx\cache\13\api-ms-win-core-console-l1-1-0.dll
0x00000201a2ba0000 - 0x00000201a2ba3000 	C:\Users\Gabriel\.openjfx\cache\13\api-ms-win-core-datetime-l1-1-0.dll
0x00000201a2bb0000 - 0x00000201a2bb3000 	C:\Users\Gabriel\.openjfx\cache\13\api-ms-win-core-debug-l1-1-0.dll
0x00000201a2bc0000 - 0x00000201a2bc3000 	C:\Users\Gabriel\.openjfx\cache\13\api-ms-win-core-errorhandling-l1-1-0.dll
0x00000201a2bd0000 - 0x00000201a2bd4000 	C:\Users\Gabriel\.openjfx\cache\13\api-ms-win-core-file-l1-1-0.dll
0x00000201a2be0000 - 0x00000201a2be3000 	C:\Users\Gabriel\.openjfx\cache\13\api-ms-win-core-file-l1-2-0.dll
0x00000201a2bf0000 - 0x00000201a2bf3000 	C:\Users\Gabriel\.openjfx\cache\13\api-ms-win-core-file-l2-1-0.dll
0x00000201a7920000 - 0x00000201a7923000 	C:\Users\Gabriel\.openjfx\cache\13\api-ms-win-core-handle-l1-1-0.dll
0x00000201a7930000 - 0x00000201a7933000 	C:\Users\Gabriel\.openjfx\cache\13\api-ms-win-core-heap-l1-1-0.dll
0x00000201a7940000 - 0x00000201a7943000 	C:\Users\Gabriel\.openjfx\cache\13\api-ms-win-core-interlocked-l1-1-0.dll
0x00000201a7950000 - 0x00000201a7953000 	C:\Users\Gabriel\.openjfx\cache\13\api-ms-win-core-libraryloader-l1-1-0.dll
0x00000201a7960000 - 0x00000201a7963000 	C:\Users\Gabriel\.openjfx\cache\13\api-ms-win-core-localization-l1-2-0.dll
0x00000201a7970000 - 0x00000201a7973000 	C:\Users\Gabriel\.openjfx\cache\13\api-ms-win-core-memory-l1-1-0.dll
0x00000201a7980000 - 0x00000201a7983000 	C:\Users\Gabriel\.openjfx\cache\13\api-ms-win-core-namedpipe-l1-1-0.dll
0x00000201a7990000 - 0x00000201a7993000 	C:\Users\Gabriel\.openjfx\cache\13\api-ms-win-core-processenvironment-l1-1-0.dll
0x00000201a79a0000 - 0x00000201a79a3000 	C:\Users\Gabriel\.openjfx\cache\13\api-ms-win-core-processthreads-l1-1-0.dll
0x00000201a79b0000 - 0x00000201a79b3000 	C:\Users\Gabriel\.openjfx\cache\13\api-ms-win-core-processthreads-l1-1-1.dll
0x00000201a79c0000 - 0x00000201a79c3000 	C:\Users\Gabriel\.openjfx\cache\13\api-ms-win-core-profile-l1-1-0.dll
0x00000201a79d0000 - 0x00000201a79d3000 	C:\Users\Gabriel\.openjfx\cache\13\api-ms-win-core-rtlsupport-l1-1-0.dll
0x00000201a79e0000 - 0x00000201a79e3000 	C:\Users\Gabriel\.openjfx\cache\13\api-ms-win-core-string-l1-1-0.dll
0x00000201a79f0000 - 0x00000201a79f3000 	C:\Users\Gabriel\.openjfx\cache\13\api-ms-win-core-synch-l1-1-0.dll
0x00000201a7a00000 - 0x00000201a7a03000 	C:\Users\Gabriel\.openjfx\cache\13\api-ms-win-core-synch-l1-2-0.dll
0x00000201a7a10000 - 0x00000201a7a13000 	C:\Users\Gabriel\.openjfx\cache\13\api-ms-win-core-sysinfo-l1-1-0.dll
0x00000201a7a20000 - 0x00000201a7a23000 	C:\Users\Gabriel\.openjfx\cache\13\api-ms-win-core-timezone-l1-1-0.dll
0x00000201a7a30000 - 0x00000201a7a33000 	C:\Users\Gabriel\.openjfx\cache\13\api-ms-win-core-util-l1-1-0.dll
0x00000201a7a40000 - 0x00000201a7a43000 	C:\Users\Gabriel\.openjfx\cache\13\api-ms-win-crt-conio-l1-1-0.dll
0x00000201a7a50000 - 0x00000201a7a54000 	C:\Users\Gabriel\.openjfx\cache\13\api-ms-win-crt-convert-l1-1-0.dll
0x00000201a7a60000 - 0x00000201a7a63000 	C:\Users\Gabriel\.openjfx\cache\13\api-ms-win-crt-environment-l1-1-0.dll
0x00000201a7a70000 - 0x00000201a7a73000 	C:\Users\Gabriel\.openjfx\cache\13\api-ms-win-crt-filesystem-l1-1-0.dll
0x00000201a7a80000 - 0x00000201a7a83000 	C:\Users\Gabriel\.openjfx\cache\13\api-ms-win-crt-heap-l1-1-0.dll
0x00000201a7a90000 - 0x00000201a7a93000 	C:\Users\Gabriel\.openjfx\cache\13\api-ms-win-crt-locale-l1-1-0.dll
0x00000201a7aa0000 - 0x00000201a7aa5000 	C:\Users\Gabriel\.openjfx\cache\13\api-ms-win-crt-math-l1-1-0.dll
0x00000201a7ab0000 - 0x00000201a7ab5000 	C:\Users\Gabriel\.openjfx\cache\13\api-ms-win-crt-multibyte-l1-1-0.dll
0x00000201a7ac0000 - 0x00000201a7ad0000 	C:\Users\Gabriel\.openjfx\cache\13\api-ms-win-crt-private-l1-1-0.dll
0x00000201a7ad0000 - 0x00000201a7ad3000 	C:\Users\Gabriel\.openjfx\cache\13\api-ms-win-crt-process-l1-1-0.dll
0x00000201a7ae0000 - 0x00000201a7ae4000 	C:\Users\Gabriel\.openjfx\cache\13\api-ms-win-crt-runtime-l1-1-0.dll
0x00000201a7af0000 - 0x00000201a7af4000 	C:\Users\Gabriel\.openjfx\cache\13\api-ms-win-crt-stdio-l1-1-0.dll
0x00000201a7b00000 - 0x00000201a7b04000 	C:\Users\Gabriel\.openjfx\cache\13\api-ms-win-crt-string-l1-1-0.dll
0x00000201a7b10000 - 0x00000201a7b13000 	C:\Users\Gabriel\.openjfx\cache\13\api-ms-win-crt-time-l1-1-0.dll
0x00000201a7b20000 - 0x00000201a7b23000 	C:\Users\Gabriel\.openjfx\cache\13\api-ms-win-crt-utility-l1-1-0.dll
0x00007ffbba890000 - 0x00007ffbba98c000 	C:\Users\Gabriel\.openjfx\cache\13\ucrtbase.dll
0x00007ffbc1980000 - 0x00007ffbc1995000 	C:\Users\Gabriel\.openjfx\cache\13\vcruntime140.dll
0x00007ffbc18e0000 - 0x00007ffbc197b000 	C:\Users\Gabriel\.openjfx\cache\13\msvcp140.dll
0x00007ffbc0250000 - 0x00007ffbc02a1000 	C:\Users\Gabriel\.openjfx\cache\13\concrt140.dll
0x00007ffbc0c60000 - 0x00007ffbc0c83000 	C:\Users\Gabriel\.openjfx\cache\13\prism_d3d.dll
0x00007ffbd2220000 - 0x00007ffbd23ef000 	C:\Windows\system32\d3d9.dll
0x00007ffbe3900000 - 0x00007ffbe392f000 	C:\Windows\SYSTEM32\dwmapi.dll
0x00007ffbe3720000 - 0x00007ffbe37be000 	C:\Windows\system32\uxtheme.dll
0x00007ffb65c40000 - 0x00007ffb6b44d000 	C:\Windows\System32\DriverStore\FileRepository\igdlh64.inf_amd64_6d1fd205efa7f979\igdumdim64.dll
0x00007ffbe7f60000 - 0x00007ffbe802d000 	C:\Windows\System32\OLEAUT32.dll
0x00007ffbe7060000 - 0x00007ffbe718a000 	C:\Windows\System32\ole32.dll
0x00007ffbe7280000 - 0x00007ffbe76e8000 	C:\Windows\System32\SETUPAPI.dll
0x00007ffbe6630000 - 0x00007ffbe667e000 	C:\Windows\System32\cfgmgr32.dll
0x00007ffbe6030000 - 0x00007ffbe6057000 	C:\Windows\System32\bcrypt.dll
0x00007ffbbf6f0000 - 0x00007ffbbf735000 	C:\Users\Gabriel\.openjfx\cache\13\glass.dll
0x00007ffbe7190000 - 0x00007ffbe726a000 	C:\Windows\System32\COMDLG32.dll
0x00007ffbe76f0000 - 0x00007ffbe7805000 	C:\Windows\System32\MSCTF.dll
0x00007ffbd8840000 - 0x00007ffbd999e000 	C:\Windows\System32\DriverStore\FileRepository\igdlh64.inf_amd64_6d1fd205efa7f979\igc64.dll
0x00007ffbdb820000 - 0x00007ffbdb85b000 	C:\Windows\SYSTEM32\dxcore.dll
0x00007ffbbf6d0000 - 0x00007ffbbf6e4000 	C:\Users\Gabriel\.openjfx\cache\13\javafx_font.dll
0x00007ffbca680000 - 0x00007ffbca8ff000 	C:\Windows\SYSTEM32\dwrite.dll
0x00007ffbe6aa0000 - 0x00007ffbe6b4f000 	C:\Windows\System32\clbcatq.dll
0x00007ffbde9d0000 - 0x00007ffbdeb84000 	C:\Windows\SYSTEM32\WindowsCodecs.dll
0x00007ffbc8420000 - 0x00007ffbc845e000 	C:\Windows\system32\dataexchange.dll
0x00007ffbe1af0000 - 0x00007ffbe1d53000 	C:\Windows\system32\d3d11.dll
0x00007ffbe2780000 - 0x00007ffbe2963000 	C:\Windows\system32\dcomp.dll
0x00007ffbe45f0000 - 0x00007ffbe46e3000 	C:\Windows\system32\dxgi.dll
0x00007ffbdef60000 - 0x00007ffbdf160000 	C:\Windows\system32\twinapi.appcore.dll
0x00007ffbdeda0000 - 0x00007ffbdedd4000 	C:\Program Files\Common Files\Microsoft Shared\Ink\rtscom.dll
0x00007ffbce590000 - 0x00007ffbce689000 	C:\Windows\SYSTEM32\textinputframework.dll
0x00007ffbe2970000 - 0x00007ffbe2cce000 	C:\Windows\System32\CoreUIComponents.dll
0x00007ffbe3050000 - 0x00007ffbe3142000 	C:\Windows\System32\CoreMessaging.dll
0x00007ffbe4ec0000 - 0x00007ffbe4ef3000 	C:\Windows\SYSTEM32\ntmarta.dll
0x00007ffbe1990000 - 0x00007ffbe1ae4000 	C:\Windows\SYSTEM32\wintypes.dll
0x00007ffbd86f0000 - 0x00007ffbd8756000 	C:\Windows\system32\Oleacc.dll

dbghelp: loaded successfully - version: 4.0.5 - missing functions: none
symbol engine: initialized successfully - sym options: 0x614 - pdb path: .;C:\Program Files\Java\jdk-19\bin;C:\Windows\SYSTEM32;C:\Windows\WinSxS\amd64_microsoft.windows.common-controls_6595b64144ccf1df_6.0.19041.1110_none_60b5254171f9507e;C:\Program Files\Java\jdk-19\bin\server;C:\Users\Gabriel\.openjfx\cache\13;C:\Windows\System32\DriverStore\FileRepository\igdlh64.inf_amd64_6d1fd205efa7f979;C:\Program Files\Common Files\Microsoft Shared\Ink

VM Arguments:
jvm_args: --module-path=C:\Users\Gabriel\Downloads\teste4\Trabalho-Final-POO\batalha-pokemon\target\classes;C:\Users\Gabriel\.m2\repository\org\openjfx\javafx-base\13\javafx-base-13-win.jar;C:\Users\Gabriel\.m2\repository\org\openjfx\javafx-controls\13\javafx-controls-13-win.jar;C:\Users\Gabriel\.m2\repository\org\openjfx\javafx-fxml\13\javafx-fxml-13-win.jar;C:\Users\Gabriel\.m2\repository\org\openjfx\javafx-graphics\13\javafx-graphics-13-win.jar --add-modules=poo -Djdk.module.main=poo 
java_command: poo/poo.App
java_class_path (initial): C:\Users\Gabriel\.m2\repository\org\openjfx\javafx-base\13\javafx-base-13.jar;C:\Users\Gabriel\.m2\repository\org\openjfx\javafx-controls\13\javafx-controls-13.jar;C:\Users\Gabriel\.m2\repository\org\openjfx\javafx-fxml\13\javafx-fxml-13.jar;C:\Users\Gabriel\.m2\repository\org\openjfx\javafx-graphics\13\javafx-graphics-13.jar
Launcher Type: SUN_STANDARD

[Global flags]
     intx CICompilerCount                          = 4                                         {product} {ergonomic}
     uint ConcGCThreads                            = 2                                         {product} {ergonomic}
     uint G1ConcRefinementThreads                  = 8                                         {product} {ergonomic}
   size_t G1HeapRegionSize                         = 1048576                                   {product} {ergonomic}
    uintx GCDrainStackTargetSize                   = 64                                        {product} {ergonomic}
   size_t InitialHeapSize                          = 134217728                                 {product} {ergonomic}
   size_t MarkStackSize                            = 4194304                                   {product} {ergonomic}
   size_t MaxHeapSize                              = 2128609280                                {product} {ergonomic}
   size_t MaxNewSize                               = 1277165568                                {product} {ergonomic}
   size_t MinHeapDeltaBytes                        = 1048576                                   {product} {ergonomic}
   size_t MinHeapSize                              = 8388608                                   {product} {ergonomic}
    uintx NonNMethodCodeHeapSize                   = 5839372                                {pd product} {ergonomic}
    uintx NonProfiledCodeHeapSize                  = 122909434                              {pd product} {ergonomic}
    uintx ProfiledCodeHeapSize                     = 122909434                              {pd product} {ergonomic}
    uintx ReservedCodeCacheSize                    = 251658240                              {pd product} {ergonomic}
     bool SegmentedCodeCache                       = true                                      {product} {ergonomic}
   size_t SoftMaxHeapSize                          = 2128609280                             {manageable} {ergonomic}
     bool UseCompressedClassPointers               = true                           {product lp64_product} {ergonomic}
     bool UseCompressedOops                        = true                           {product lp64_product} {ergonomic}
     bool UseG1GC                                  = true                                      {product} {ergonomic}
     bool UseLargePagesIndividualAllocation        = false                                  {pd product} {ergonomic}

Logging:
Log output configuration:
 #0: stdout all=off uptime,level,tags foldmultilines=false
 #1: stderr all=off uptime,level,tags foldmultilines=false

Environment Variables:
JAVA_HOME=C:\Program Files\Java\jdk-19
PATH=C:\Program Files\Common Files\Oracle\Java\javapath;C:\Program Files\Eclipse Adoptium\jdk-17.0.4.101-hotspot\bin;C:\Program Files (x86)\Common Files\Oracle\Java\javapath;C:\Windows\system32;C:\Windows;C:\Windows\System32\Wbem;C:\Windows\System32\WindowsPowerShell\v1.0\;C:\Windows\System32\OpenSSH\;C:\Program Files\Git\cmd;C:\Users\Gabriel\AppData\Local\Microsoft\WindowsApps;C:\Users\Gabriel\AppData\Local\Programs\Microsoft VS Code\bin;C:\Users\Gabriel\AppData\Local\GitHubDesktop\bin;C:\Program Files (x86)\Maven\apache-maven-3.8.6\bin;C:\Program Files\Java\jdk-19\bin;
USERNAME=Gabriel
LANG=pt_BR.UTF-8
OS=Windows_NT
PROCESSOR_IDENTIFIER=Intel64 Family 6 Model 94 Stepping 3, GenuineIntel
TMP=C:\Users\Gabriel\AppData\Local\Temp
TEMP=C:\Users\Gabriel\AppData\Local\Temp



---------------  S Y S T E M  ---------------

OS:
 Windows 10 , 64 bit Build 19041 (10.0.19041.2251)
OS uptime: 2 days 0:57 hours

CPU: total 8 (initial active 8) (4 cores per cpu, 2 threads per core) family 6 model 94 stepping 3 microcode 0xcc, cx8, cmov, fxsr, ht, mmx, 3dnowpref, sse, sse2, sse3, ssse3, sse4.1, sse4.2, popcnt, lzcnt, tsc, tscinvbit, avx, avx2, aes, erms, clmul, bmi1, bmi2, rtm, adx, fma, vzeroupper, clflush, clflushopt, rdtscp

Memory: 4k page, system-wide physical 8112M (1419M free)
TotalPageFile size 19888M (AvailPageFile size 8209M)
current process WorkingSet (physical memory assigned to process): 178M, peak: 200M
current process commit charge ("private bytes"): 307M, peak: 328M

vm_info: Java HotSpot(TM) 64-Bit Server VM (19.0.1+10-21) for windows-amd64 JRE (19.0.1+10-21), built on 2022-09-14T12:45:06Z by "mach5one" with MS VC++ 17.1 (VS2022)

END.
