#
# A fatal error has been detected by the Java Runtime Environment:
#
#  EXCEPTION_ACCESS_VIOLATION (0xc0000005) at pc=0x00007ffbc2d066f0, pid=23716, tid=17672
#
# JRE version: Java(TM) SE Runtime Environment (19.0.1+10) (build 19.0.1+10-21)
# Java VM: Java HotSpot(TM) 64-Bit Server VM (19.0.1+10-21, mixed mode, sharing, tiered, compressed oops, compressed class ptrs, g1 gc, windows-amd64)
# Problematic frame:
# C  [glass.dll+0x266f0]
#
# No core dump will be written. Minidumps are not enabled by default on client versions of Windows
#
# If you would like to submit a bug report, please visit:
#   https://bugreport.java.com/bugreport/crash.jsp
#

---------------  S U M M A R Y ------------

Command Line: --module-path=C:\Users\Gabriel\Downloads\teste4\Trabalho-Final-POO\batalha-pokemon\target\classes;C:\Users\Gabriel\.m2\repository\org\openjfx\javafx-base\13\javafx-base-13-win.jar;C:\Users\Gabriel\.m2\repository\org\openjfx\javafx-controls\13\javafx-controls-13-win.jar;C:\Users\Gabriel\.m2\repository\org\openjfx\javafx-fxml\13\javafx-fxml-13-win.jar;C:\Users\Gabriel\.m2\repository\org\openjfx\javafx-graphics\13\javafx-graphics-13-win.jar --add-modules=poo -Djdk.module.main=poo poo/poo.App

Host: Intel(R) Core(TM) i7-6700HQ CPU @ 2.60GHz, 8 cores, 7G,  Windows 10 , 64 bit Build 19041 (10.0.19041.2251)
Time: Wed Nov 30 11:38:59 2022 Hora oficial do Brasil elapsed time: 40.043528 seconds (0d 0h 0m 40s)

---------------  T H R E A D  ---------------

Current thread (0x0000020f3e0ca0c0):  VMThread "VM Thread" [stack: 0x000000e1d2c00000,0x000000e1d2d00000] [id=17672]

Stack: [0x000000e1d2c00000,0x000000e1d2d00000],  sp=0x000000e1d2cff270,  free space=1020k
Native frames: (J=compiled Java code, j=interpreted, Vv=VM code, C=native code)
C  [glass.dll+0x266f0]


siginfo: EXCEPTION_ACCESS_VIOLATION (0xc0000005), reading address 0x0000000000000000


Registers:
RAX=0x0000000000000000, RBX=0x0000020f3e0dc590, RCX=0x0000020f3e0ca0c0, RDX=0x000000e1d2cff270
RSP=0x000000e1d2cff270, RBP=0x0000020f42c162d8, RSI=0x0000020f42c162b0, RDI=0x0000b1118c8e1215
R8 =0x0000000000010002, R9 =0x0000b1118c8e1215, R10=0x0000000000008000, R11=0x000000e1d2cff210
R12=0x00007ffbc2d03b84, R13=0x00007ffbb88472a0, R14=0x000000e1d2cff378, R15=0x0000020f42c162b0
RIP=0x00007ffbc2d066f0, EFLAGS=0x0000000000010202


Register to memory mapping:

RIP=0x00007ffbc2d066f0 glass.dll
RAX=0x0 is NULL
RBX=0x0000020f3e0dc590 is a global jni handle
RCX=0x0000020f3e0ca0c0 points into unknown readable memory: 0x00007ffbb86545e8 | e8 45 65 b8 fb 7f 00 00
RDX=0x000000e1d2cff270 points into unknown readable memory: 0x0000000000000000 | 00 00 00 00 00 00 00 00
RSP=0x000000e1d2cff270 points into unknown readable memory: 0x0000000000000000 | 00 00 00 00 00 00 00 00
RBP=0x0000020f42c162d8 points into unknown readable memory: 0x0000b1118c8e1215 | 15 12 8e 8c 11 b1 00 00
RSI=0x0000020f42c162b0 points into unknown readable memory: 0xff78eb17410e121a | 1a 12 0e 41 17 eb 78 ff
RDI=0x0000b1118c8e1215 is an unknown value
R8 =0x0000000000010002 is an unknown value
R9 =0x0000b1118c8e1215 is an unknown value
R10=0x0000000000008000 is an unknown value
R11=0x000000e1d2cff210 points into unknown readable memory: 0x0000020f42c162b0 | b0 62 c1 42 0f 02 00 00
R12=0x00007ffbc2d03b84 glass.dll
R13=0x00007ffbb88472a0 jvm.dll
R14=0x000000e1d2cff378 points into unknown readable memory: 0x000000e1d2cff360 | 60 f3 cf d2 e1 00 00 00
R15=0x0000020f42c162b0 points into unknown readable memory: 0xff78eb17410e121a | 1a 12 0e 41 17 eb 78 ff


Top of Stack: (sp=0x000000e1d2cff270)
0x000000e1d2cff270:   0000000000000000 00007ffbe653f05b
0x000000e1d2cff280:   0000020f42c162c0 0000020f42c162b0
0x000000e1d2cff290:   fffffffffffffffe 00007ffbc2d03b84
0x000000e1d2cff2a0:   0000020f42c162b8 00007ffbe65442d6
0x000000e1d2cff2b0:   0000020f42c162c0 0000020f00000000
0x000000e1d2cff2c0:   0000020f42c162d8 0000020f42c162b0
0x000000e1d2cff2d0:   fffffffffffffffe 0000000000000000
0x000000e1d2cff2e0:   0000000000000001 00007ffbc2ce0000
0x000000e1d2cff2f0:   000000e1d2cff368 00007ffbe65441fb
0x000000e1d2cff300:   0000000000000000 000000e1d2cff378
0x000000e1d2cff310:   000000e1d2cff630 00007ffbe6620e40
0x000000e1d2cff320:   0000000000000000 00007ffbe65441b4
0x000000e1d2cff330:   0000000000000000 0000000000000001
0x000000e1d2cff340:   0000000000000001 000000e1d2cff368
0x000000e1d2cff350:   0000000000000006 00007ffbc2d03a12
0x000000e1d2cff360:   00007ffbc2d1d118 000000e100000002 

Instructions: (pc=0x00007ffbc2d066f0)
0x00007ffbc2d065f0:   8b 4d 60 e8 98 c9 ff ff 48 8b 55 68 48 8b 8d 08
0x00007ffbc2d06600:   01 00 00 e8 49 be ff ff 33 d2 33 c9 e8 49 de ff
0x00007ffbc2d06610:   ff 90 cc cc cc cc cc cc cc cc cc cc cc cc cc cc
0x00007ffbc2d06620:   48 8d 8a 80 00 00 00 e9 14 e9 fe ff 48 89 54 24
0x00007ffbc2d06630:   10 55 48 83 ec 20 48 8b ea 48 8d 05 dd ca ff ff
0x00007ffbc2d06640:   48 83 c4 20 5d c3 cc 40 55 48 8b ea 48 8b 01 33
0x00007ffbc2d06650:   c9 81 38 05 00 00 c0 0f 94 c1 8b c1 5d c3 cc 40
0x00007ffbc2d06660:   55 48 83 ec 20 48 8b ea 8a 4d 40 48 83 c4 20 5d
0x00007ffbc2d06670:   e9 df cd ff ff cc 40 55 48 83 ec 20 48 8b ea e8
0x00007ffbc2d06680:   fc cb ff ff 8a 4d 38 48 83 c4 20 5d e9 c3 cd ff
0x00007ffbc2d06690:   ff cc 40 55 48 83 ec 30 48 8b ea 48 8b 01 8b 10
0x00007ffbc2d066a0:   48 89 4c 24 28 89 54 24 20 4c 8d 0d a4 d1 ff ff
0x00007ffbc2d066b0:   4c 8b 45 70 8b 55 68 48 8b 4d 60 e8 30 cb ff ff
0x00007ffbc2d066c0:   90 48 83 c4 30 5d c3 cc cc cc cc cc cc cc cc cc
0x00007ffbc2d066d0:   40 53 48 83 ec 30 48 c7 44 24 20 fe ff ff ff 48
0x00007ffbc2d066e0:   8b 1d 2a 64 01 00 48 85 db 74 16 e8 90 85 ff ff
0x00007ffbc2d066f0:   4c 8b 00 48 8b d3 48 8b c8 41 ff 90 b0 00 00 00
0x00007ffbc2d06700:   90 48 83 c4 30 5b c3 cc cc cc cc cc cc cc cc cc
0x00007ffbc2d06710:   40 53 48 83 ec 20 48 8b 1d 9b 65 01 00 48 85 db
0x00007ffbc2d06720:   74 57 b8 ff ff ff ff f0 0f c1 43 10 83 f8 01 75
0x00007ffbc2d06730:   3d 48 85 db 74 38 48 8b 0b 48 85 c9 74 0d ff 15
0x00007ffbc2d06740:   64 0b 00 00 48 c7 03 00 00 00 00 48 8b 4b 08 48
0x00007ffbc2d06750:   85 c9 74 0d e8 37 c8 ff ff 48 c7 43 08 00 00 00
0x00007ffbc2d06760:   00 ba 18 00 00 00 48 8b cb e8 22 c8 ff ff 48 c7
0x00007ffbc2d06770:   05 3f 65 01 00 00 00 00 00 48 83 c4 20 5b c3 cc
0x00007ffbc2d06780:   40 53 48 83 ec 20 48 8b 1d 0b 65 01 00 48 85 db
0x00007ffbc2d06790:   74 57 b8 ff ff ff ff f0 0f c1 43 10 83 f8 01 75
0x00007ffbc2d067a0:   3d 48 85 db 74 38 48 8b 0b 48 85 c9 74 0d ff 15
0x00007ffbc2d067b0:   f4 0a 00 00 48 c7 03 00 00 00 00 48 8b 4b 08 48
0x00007ffbc2d067c0:   85 c9 74 0d e8 c7 c7 ff ff 48 c7 43 08 00 00 00
0x00007ffbc2d067d0:   00 ba 18 00 00 00 48 8b cb e8 b2 c7 ff ff 48 c7
0x00007ffbc2d067e0:   05 af 64 01 00 00 00 00 00 48 83 c4 20 5b c3 cc 


Stack slot to memory mapping:
stack at sp + 0 slots: 0x0 is NULL
stack at sp + 1 slots: 0x00007ffbe653f05b ucrtbase.dll
stack at sp + 2 slots: 0x0000020f42c162c0 points into unknown readable memory: 0x0000b1118c8e1215 | 15 12 8e 8c 11 b1 00 00
stack at sp + 3 slots: 0x0000020f42c162b0 points into unknown readable memory: 0xff78eb17410e121a | 1a 12 0e 41 17 eb 78 ff
stack at sp + 4 slots: 0xfffffffffffffffe is an unknown value
stack at sp + 5 slots: 0x00007ffbc2d03b84 glass.dll
stack at sp + 6 slots: 0x0000020f42c162b8 points into unknown readable memory: 0x0000b1118c8e1215 | 15 12 8e 8c 11 b1 00 00
stack at sp + 7 slots: 0x00007ffbe65442d6 ucrtbase.dll

VM_Operation (0x000000e1d3cf9eb0): Exit, mode: safepoint, requested by thread 0x0000020f42c47300


---------------  P R O C E S S  ---------------

Threads class SMR info:
_java_thread_list=0x0000020f47d5a740, length=19, elements={
0x0000020f1d90cf90, 0x0000020f3e0e1920, 0x0000020f3e0e3720, 0x0000020f3e0e7cd0,
0x0000020f3e0e8600, 0x0000020f3e0eb0c0, 0x0000020f3e0e8f30, 0x0000020f3e0efe20,
0x0000020f3e0fd420, 0x0000020f3e10d980, 0x0000020f424a90d0, 0x0000020f426d4370,
0x0000020f429c6270, 0x0000020f42c28fc0, 0x0000020f42c47300, 0x0000020f42ee1420,
0x0000020f42e073a0, 0x0000020f47989f60, 0x0000020f4798c9e0
}

Java Threads: ( => current thread )
  0x0000020f1d90cf90 JavaThread "main" [_thread_blocked, id=21156, stack(0x000000e1d2600000,0x000000e1d2700000)]
  0x0000020f3e0e1920 JavaThread "Reference Handler" daemon [_thread_blocked, id=23904, stack(0x000000e1d2d00000,0x000000e1d2e00000)]
  0x0000020f3e0e3720 JavaThread "Finalizer" daemon [_thread_blocked, id=5908, stack(0x000000e1d2e00000,0x000000e1d2f00000)]
  0x0000020f3e0e7cd0 JavaThread "Signal Dispatcher" daemon [_thread_blocked, id=19040, stack(0x000000e1d2f00000,0x000000e1d3000000)]
  0x0000020f3e0e8600 JavaThread "Attach Listener" daemon [_thread_blocked, id=19060, stack(0x000000e1d3000000,0x000000e1d3100000)]
  0x0000020f3e0eb0c0 JavaThread "Service Thread" daemon [_thread_blocked, id=17104, stack(0x000000e1d3100000,0x000000e1d3200000)]
  0x0000020f3e0e8f30 JavaThread "Monitor Deflation Thread" daemon [_thread_blocked, id=20284, stack(0x000000e1d3200000,0x000000e1d3300000)]
  0x0000020f3e0efe20 JavaThread "C2 CompilerThread0" daemon [_thread_blocked, id=9908, stack(0x000000e1d3300000,0x000000e1d3400000)]
  0x0000020f3e0fd420 JavaThread "C1 CompilerThread0" daemon [_thread_blocked, id=14580, stack(0x000000e1d3400000,0x000000e1d3500000)]
  0x0000020f3e10d980 JavaThread "Sweeper thread" daemon [_thread_blocked, id=23772, stack(0x000000e1d3500000,0x000000e1d3600000)]
  0x0000020f424a90d0 JavaThread "Common-Cleaner" daemon [_thread_blocked, id=18084, stack(0x000000e1d3600000,0x000000e1d3700000)]
  0x0000020f426d4370 JavaThread "Notification Thread" daemon [_thread_blocked, id=7144, stack(0x000000e1d3900000,0x000000e1d3a00000)]
  0x0000020f429c6270 JavaThread "QuantumRenderer-0" daemon [_thread_blocked, id=22804, stack(0x000000e1d3800000,0x000000e1d3900000)]
  0x0000020f42c28fc0 JavaThread "InvokeLaterDispatcher" daemon [_thread_blocked, id=4636, stack(0x000000e1d3b00000,0x000000e1d3c00000)]
  0x0000020f42c47300 JavaThread "JavaFX Application Thread" [_thread_blocked, id=23048, stack(0x000000e1d3c00000,0x000000e1d3d00000)]
  0x0000020f42ee1420 JavaThread "Thread-1" daemon [_thread_in_native, id=1536, stack(0x000000e1d4000000,0x000000e1d4100000)]
  0x0000020f42e073a0 JavaThread "JavaFX-Launcher" [_thread_blocked, id=12792, stack(0x000000e1d4100000,0x000000e1d4200000)]
  0x0000020f47989f60 JavaThread "Prism Font Disposer" daemon [_thread_blocked, id=22036, stack(0x000000e1d4a00000,0x000000e1d4b00000)]
  0x0000020f4798c9e0 JavaThread "Cleaner-0" daemon [_thread_blocked, id=23756, stack(0x000000e1d3700000,0x000000e1d3800000)]

Other Threads:
=>0x0000020f3e0ca0c0 VMThread "VM Thread" [stack: 0x000000e1d2c00000,0x000000e1d2d00000] [id=17672]
  0x0000020f1d96b990 WorkerThread "GC Thread#0" [stack: 0x000000e1d2700000,0x000000e1d2800000] [id=19020]
  0x0000020f42f24580 WorkerThread "GC Thread#1" [stack: 0x000000e1d4200000,0x000000e1d4300000] [id=11296]
  0x0000020f42f24850 WorkerThread "GC Thread#2" [stack: 0x000000e1d4300000,0x000000e1d4400000] [id=1408]
  0x0000020f42ed9cc0 WorkerThread "GC Thread#3" [stack: 0x000000e1d4400000,0x000000e1d4500000] [id=8920]
  0x0000020f42eda260 WorkerThread "GC Thread#4" [stack: 0x000000e1d4500000,0x000000e1d4600000] [id=18552]
  0x0000020f42eda530 WorkerThread "GC Thread#5" [stack: 0x000000e1d4600000,0x000000e1d4700000] [id=4184]
  0x0000020f42eda800 WorkerThread "GC Thread#6" [stack: 0x000000e1d4b00000,0x000000e1d4c00000] [id=3564]
  0x0000020f42ed9f90 WorkerThread "GC Thread#7" [stack: 0x000000e1d4c00000,0x000000e1d4d00000] [id=15444]
  0x0000020f1d97c850 ConcurrentGCThread "G1 Main Marker" terminated
  0x0000020f1d97da20 WorkerThread "G1 Conc#0" [stack: 0x000000e1d2900000,0x000000e1d2a00000] [id=24472]
  0x0000020f1d9dea40 ConcurrentGCThread "G1 Refine#0" terminated
  0x0000020f3df86630 ConcurrentGCThread "G1 Service" terminated

Threads with active compile tasks:

VM state: at safepoint (shutting down)

VM Mutex/Monitor currently owned by a thread:  ([mutex/lock_event])
[0x0000020f1d906b80] Threads_lock - owner thread: 0x0000020f3e0ca0c0
[0x0000020f1d907990] Heap_lock - owner thread: 0x0000020f42c47300

Heap address: 0x0000000081200000, size: 2030 MB, Compressed Oops mode: 32-bit

CDS archive(s) mapped at: [0x0000000800000000-0x0000000800c40000-0x0000000800c40000), size 12845056, SharedBaseAddress: 0x0000000800000000, ArchiveRelocationMode: 0.
Compressed class space mapped at: 0x0000000801000000-0x0000000841000000, reserved size: 1073741824
Narrow klass base: 0x0000000800000000, Narrow klass shift: 0, Narrow klass range: 0x100000000

GC Precious Log:
 CardTable entry size: 512
 Card Set container configuration: InlinePtr #cards 5 size 8 Array Of Cards #cards 12 size 40 Howl #buckets 4 coarsen threshold 1843 Howl Bitmap #cards 512 size 80 coarsen threshold 460 Card regions per heap region 1 cards per card region 2048
 CPUs: 8 total, 8 available
 Memory: 8112M
 Large Page Support: Disabled
 NUMA Support: Disabled
 Compressed Oops: Enabled (32-bit)
 Heap Region Size: 1M
 Heap Min Capacity: 8M
 Heap Initial Capacity: 128M
 Heap Max Capacity: 2030M
 Pre-touch: Disabled
 Parallel Workers: 8
 Concurrent Workers: 2
 Concurrent Refinement Workers: 8
 Periodic GC: Disabled

Heap:
 garbage-first heap   total 131072K, used 47855K [0x0000000081200000, 0x0000000100000000)
  region size 1024K, 26 young (26624K), 5 survivors (5120K)
 Metaspace       used 17201K, committed 17536K, reserved 1114112K
  class space    used 2414K, committed 2560K, reserved 1048576K

Heap Regions: E=young(eden), S=young(survivor), O=old, HS=humongous(starts), HC=humongous(continues), CS=collection set, F=free, OA=open archive, CA=closed archive, TAMS=top-at-mark-start (previous, next)
|   0|0x0000000081200000, 0x0000000081300000, 0x0000000081300000|100%|HS|  |TAMS 0x0000000081200000, 0x0000000081200000| Complete 
|   1|0x0000000081300000, 0x0000000081400000, 0x0000000081400000|100%|HC|  |TAMS 0x0000000081300000, 0x0000000081300000| Complete 
|   2|0x0000000081400000, 0x0000000081500000, 0x0000000081500000|100%|HC|  |TAMS 0x0000000081400000, 0x0000000081400000| Complete 
|   3|0x0000000081500000, 0x0000000081600000, 0x0000000081600000|100%|HC|  |TAMS 0x0000000081500000, 0x0000000081500000| Complete 
|   4|0x0000000081600000, 0x0000000081700000, 0x0000000081700000|100%|HC|  |TAMS 0x0000000081600000, 0x0000000081600000| Complete 
|   5|0x0000000081700000, 0x0000000081800000, 0x0000000081800000|100%|HC|  |TAMS 0x0000000081700000, 0x0000000081700000| Complete 
|   6|0x0000000081800000, 0x0000000081900000, 0x0000000081900000|100%|HS|  |TAMS 0x0000000081800000, 0x0000000081800000| Complete 
|   7|0x0000000081900000, 0x0000000081a00000, 0x0000000081a00000|100%|HC|  |TAMS 0x0000000081900000, 0x0000000081900000| Complete 
|   8|0x0000000081a00000, 0x0000000081b00000, 0x0000000081b00000|100%| O|  |TAMS 0x0000000081a00000, 0x0000000081a00000| Untracked 
|   9|0x0000000081b00000, 0x0000000081c00000, 0x0000000081c00000|100%| O|  |TAMS 0x0000000081b00000, 0x0000000081b00000| Untracked 
|  10|0x0000000081c00000, 0x0000000081c86c00, 0x0000000081d00000| 52%| O|  |TAMS 0x0000000081c00000, 0x0000000081c00000| Untracked 
|  11|0x0000000081d00000, 0x0000000081e00000, 0x0000000081e00000|100%|HS|  |TAMS 0x0000000081d00000, 0x0000000081d00000| Complete 
|  12|0x0000000081e00000, 0x0000000081f00000, 0x0000000081f00000|100%|HC|  |TAMS 0x0000000081e00000, 0x0000000081e00000| Complete 
|  13|0x0000000081f00000, 0x0000000082000000, 0x0000000082000000|100%|HC|  |TAMS 0x0000000081f00000, 0x0000000081f00000| Complete 
|  14|0x0000000082000000, 0x0000000082100000, 0x0000000082100000|100%|HS|  |TAMS 0x0000000082000000, 0x0000000082000000| Complete 
|  15|0x0000000082100000, 0x0000000082200000, 0x0000000082200000|100%|HC|  |TAMS 0x0000000082100000, 0x0000000082100000| Complete 
|  16|0x0000000082200000, 0x0000000082300000, 0x0000000082300000|100%|HC|  |TAMS 0x0000000082200000, 0x0000000082200000| Complete 
|  17|0x0000000082300000, 0x0000000082400000, 0x0000000082400000|100%|HS|  |TAMS 0x0000000082300000, 0x0000000082300000| Complete 
|  18|0x0000000082400000, 0x0000000082500000, 0x0000000082500000|100%|HC|  |TAMS 0x0000000082400000, 0x0000000082400000| Complete 
|  19|0x0000000082500000, 0x0000000082600000, 0x0000000082600000|100%|HC|  |TAMS 0x0000000082500000, 0x0000000082500000| Complete 
|  20|0x0000000082600000, 0x0000000082700000, 0x0000000082700000|100%|HS|  |TAMS 0x0000000082600000, 0x0000000082600000| Complete 
|  21|0x0000000082700000, 0x0000000082800000, 0x0000000082800000|100%|HC|  |TAMS 0x0000000082700000, 0x0000000082700000| Complete 
|  22|0x0000000082800000, 0x0000000082900000, 0x0000000082900000|100%|HC|  |TAMS 0x0000000082800000, 0x0000000082800000| Complete 
|  23|0x0000000082900000, 0x0000000082900000, 0x0000000082a00000|  0%| F|  |TAMS 0x0000000082900000, 0x0000000082900000| Untracked 
|  24|0x0000000082a00000, 0x0000000082a00000, 0x0000000082b00000|  0%| F|  |TAMS 0x0000000082a00000, 0x0000000082a00000| Untracked 
|  25|0x0000000082b00000, 0x0000000082b00000, 0x0000000082c00000|  0%| F|  |TAMS 0x0000000082b00000, 0x0000000082b00000| Untracked 
|  26|0x0000000082c00000, 0x0000000082c00000, 0x0000000082d00000|  0%| F|  |TAMS 0x0000000082c00000, 0x0000000082c00000| Untracked 
|  27|0x0000000082d00000, 0x0000000082d00000, 0x0000000082e00000|  0%| F|  |TAMS 0x0000000082d00000, 0x0000000082d00000| Untracked 
|  28|0x0000000082e00000, 0x0000000082e00000, 0x0000000082f00000|  0%| F|  |TAMS 0x0000000082e00000, 0x0000000082e00000| Untracked 
|  29|0x0000000082f00000, 0x0000000082f00000, 0x0000000083000000|  0%| F|  |TAMS 0x0000000082f00000, 0x0000000082f00000| Untracked 
|  30|0x0000000083000000, 0x0000000083000000, 0x0000000083100000|  0%| F|  |TAMS 0x0000000083000000, 0x0000000083000000| Untracked 
|  31|0x0000000083100000, 0x0000000083100000, 0x0000000083200000|  0%| F|  |TAMS 0x0000000083100000, 0x0000000083100000| Untracked 
|  32|0x0000000083200000, 0x0000000083200000, 0x0000000083300000|  0%| F|  |TAMS 0x0000000083200000, 0x0000000083200000| Untracked 
|  33|0x0000000083300000, 0x0000000083300000, 0x0000000083400000|  0%| F|  |TAMS 0x0000000083300000, 0x0000000083300000| Untracked 
|  34|0x0000000083400000, 0x0000000083400000, 0x0000000083500000|  0%| F|  |TAMS 0x0000000083400000, 0x0000000083400000| Untracked 
|  35|0x0000000083500000, 0x0000000083500000, 0x0000000083600000|  0%| F|  |TAMS 0x0000000083500000, 0x0000000083500000| Untracked 
|  36|0x0000000083600000, 0x0000000083600000, 0x0000000083700000|  0%| F|  |TAMS 0x0000000083600000, 0x0000000083600000| Untracked 
|  37|0x0000000083700000, 0x0000000083700000, 0x0000000083800000|  0%| F|  |TAMS 0x0000000083700000, 0x0000000083700000| Untracked 
|  38|0x0000000083800000, 0x0000000083800000, 0x0000000083900000|  0%| F|  |TAMS 0x0000000083800000, 0x0000000083800000| Untracked 
|  39|0x0000000083900000, 0x0000000083900000, 0x0000000083a00000|  0%| F|  |TAMS 0x0000000083900000, 0x0000000083900000| Untracked 
|  40|0x0000000083a00000, 0x0000000083a00000, 0x0000000083b00000|  0%| F|  |TAMS 0x0000000083a00000, 0x0000000083a00000| Untracked 
|  41|0x0000000083b00000, 0x0000000083b00000, 0x0000000083c00000|  0%| F|  |TAMS 0x0000000083b00000, 0x0000000083b00000| Untracked 
|  42|0x0000000083c00000, 0x0000000083c00000, 0x0000000083d00000|  0%| F|  |TAMS 0x0000000083c00000, 0x0000000083c00000| Untracked 
|  43|0x0000000083d00000, 0x0000000083d00000, 0x0000000083e00000|  0%| F|  |TAMS 0x0000000083d00000, 0x0000000083d00000| Untracked 
|  44|0x0000000083e00000, 0x0000000083e00000, 0x0000000083f00000|  0%| F|  |TAMS 0x0000000083e00000, 0x0000000083e00000| Untracked 
|  45|0x0000000083f00000, 0x0000000083f00000, 0x0000000084000000|  0%| F|  |TAMS 0x0000000083f00000, 0x0000000083f00000| Untracked 
|  46|0x0000000084000000, 0x0000000084000000, 0x0000000084100000|  0%| F|  |TAMS 0x0000000084000000, 0x0000000084000000| Untracked 
|  47|0x0000000084100000, 0x0000000084100000, 0x0000000084200000|  0%| F|  |TAMS 0x0000000084100000, 0x0000000084100000| Untracked 
|  48|0x0000000084200000, 0x0000000084200000, 0x0000000084300000|  0%| F|  |TAMS 0x0000000084200000, 0x0000000084200000| Untracked 
|  49|0x0000000084300000, 0x0000000084300000, 0x0000000084400000|  0%| F|  |TAMS 0x0000000084300000, 0x0000000084300000| Untracked 
|  50|0x0000000084400000, 0x0000000084400000, 0x0000000084500000|  0%| F|  |TAMS 0x0000000084400000, 0x0000000084400000| Untracked 
|  51|0x0000000084500000, 0x0000000084500000, 0x0000000084600000|  0%| F|  |TAMS 0x0000000084500000, 0x0000000084500000| Untracked 
|  52|0x0000000084600000, 0x0000000084600000, 0x0000000084700000|  0%| F|  |TAMS 0x0000000084600000, 0x0000000084600000| Untracked 
|  53|0x0000000084700000, 0x0000000084700000, 0x0000000084800000|  0%| F|  |TAMS 0x0000000084700000, 0x0000000084700000| Untracked 
|  54|0x0000000084800000, 0x0000000084800000, 0x0000000084900000|  0%| F|  |TAMS 0x0000000084800000, 0x0000000084800000| Untracked 
|  55|0x0000000084900000, 0x0000000084900000, 0x0000000084a00000|  0%| F|  |TAMS 0x0000000084900000, 0x0000000084900000| Untracked 
|  56|0x0000000084a00000, 0x0000000084a00000, 0x0000000084b00000|  0%| F|  |TAMS 0x0000000084a00000, 0x0000000084a00000| Untracked 
|  57|0x0000000084b00000, 0x0000000084b00000, 0x0000000084c00000|  0%| F|  |TAMS 0x0000000084b00000, 0x0000000084b00000| Untracked 
|  58|0x0000000084c00000, 0x0000000084c00000, 0x0000000084d00000|  0%| F|  |TAMS 0x0000000084c00000, 0x0000000084c00000| Untracked 
|  59|0x0000000084d00000, 0x0000000084d00000, 0x0000000084e00000|  0%| F|  |TAMS 0x0000000084d00000, 0x0000000084d00000| Untracked 
|  60|0x0000000084e00000, 0x0000000084e00000, 0x0000000084f00000|  0%| F|  |TAMS 0x0000000084e00000, 0x0000000084e00000| Untracked 
|  61|0x0000000084f00000, 0x0000000084f00000, 0x0000000085000000|  0%| F|  |TAMS 0x0000000084f00000, 0x0000000084f00000| Untracked 
|  62|0x0000000085000000, 0x0000000085000000, 0x0000000085100000|  0%| F|  |TAMS 0x0000000085000000, 0x0000000085000000| Untracked 
|  63|0x0000000085100000, 0x0000000085100000, 0x0000000085200000|  0%| F|  |TAMS 0x0000000085100000, 0x0000000085100000| Untracked 
|  64|0x0000000085200000, 0x0000000085200000, 0x0000000085300000|  0%| F|  |TAMS 0x0000000085200000, 0x0000000085200000| Untracked 
|  65|0x0000000085300000, 0x0000000085300000, 0x0000000085400000|  0%| F|  |TAMS 0x0000000085300000, 0x0000000085300000| Untracked 
|  66|0x0000000085400000, 0x0000000085400000, 0x0000000085500000|  0%| F|  |TAMS 0x0000000085400000, 0x0000000085400000| Untracked 
|  67|0x0000000085500000, 0x0000000085500000, 0x0000000085600000|  0%| F|  |TAMS 0x0000000085500000, 0x0000000085500000| Untracked 
|  68|0x0000000085600000, 0x0000000085600000, 0x0000000085700000|  0%| F|  |TAMS 0x0000000085600000, 0x0000000085600000| Untracked 
|  69|0x0000000085700000, 0x0000000085700000, 0x0000000085800000|  0%| F|  |TAMS 0x0000000085700000, 0x0000000085700000| Untracked 
|  70|0x0000000085800000, 0x0000000085800000, 0x0000000085900000|  0%| F|  |TAMS 0x0000000085800000, 0x0000000085800000| Untracked 
|  71|0x0000000085900000, 0x0000000085900000, 0x0000000085a00000|  0%| F|  |TAMS 0x0000000085900000, 0x0000000085900000| Untracked 
|  72|0x0000000085a00000, 0x0000000085a00000, 0x0000000085b00000|  0%| F|  |TAMS 0x0000000085a00000, 0x0000000085a00000| Untracked 
|  73|0x0000000085b00000, 0x0000000085b00000, 0x0000000085c00000|  0%| F|  |TAMS 0x0000000085b00000, 0x0000000085b00000| Untracked 
|  74|0x0000000085c00000, 0x0000000085c00000, 0x0000000085d00000|  0%| F|  |TAMS 0x0000000085c00000, 0x0000000085c00000| Untracked 
|  75|0x0000000085d00000, 0x0000000085d00000, 0x0000000085e00000|  0%| F|  |TAMS 0x0000000085d00000, 0x0000000085d00000| Untracked 
|  76|0x0000000085e00000, 0x0000000085e00000, 0x0000000085f00000|  0%| F|  |TAMS 0x0000000085e00000, 0x0000000085e00000| Untracked 
|  77|0x0000000085f00000, 0x0000000085f00000, 0x0000000086000000|  0%| F|  |TAMS 0x0000000085f00000, 0x0000000085f00000| Untracked 
|  78|0x0000000086000000, 0x0000000086000000, 0x0000000086100000|  0%| F|  |TAMS 0x0000000086000000, 0x0000000086000000| Untracked 
|  79|0x0000000086100000, 0x0000000086100000, 0x0000000086200000|  0%| F|  |TAMS 0x0000000086100000, 0x0000000086100000| Untracked 
|  80|0x0000000086200000, 0x0000000086200000, 0x0000000086300000|  0%| F|  |TAMS 0x0000000086200000, 0x0000000086200000| Untracked 
|  81|0x0000000086300000, 0x0000000086300000, 0x0000000086400000|  0%| F|  |TAMS 0x0000000086300000, 0x0000000086300000| Untracked 
|  82|0x0000000086400000, 0x0000000086400000, 0x0000000086500000|  0%| F|  |TAMS 0x0000000086400000, 0x0000000086400000| Untracked 
|  83|0x0000000086500000, 0x0000000086500000, 0x0000000086600000|  0%| F|  |TAMS 0x0000000086500000, 0x0000000086500000| Untracked 
|  84|0x0000000086600000, 0x0000000086600000, 0x0000000086700000|  0%| F|  |TAMS 0x0000000086600000, 0x0000000086600000| Untracked 
|  85|0x0000000086700000, 0x0000000086700000, 0x0000000086800000|  0%| F|  |TAMS 0x0000000086700000, 0x0000000086700000| Untracked 
|  86|0x0000000086800000, 0x00000000868351c0, 0x0000000086900000| 20%| S|CS|TAMS 0x0000000086800000, 0x0000000086800000| Complete 
|  87|0x0000000086900000, 0x0000000086a00000, 0x0000000086a00000|100%| S|CS|TAMS 0x0000000086900000, 0x0000000086900000| Complete 
|  88|0x0000000086a00000, 0x0000000086b00000, 0x0000000086b00000|100%| S|CS|TAMS 0x0000000086a00000, 0x0000000086a00000| Complete 
|  89|0x0000000086b00000, 0x0000000086c00000, 0x0000000086c00000|100%| S|CS|TAMS 0x0000000086b00000, 0x0000000086b00000| Complete 
|  90|0x0000000086c00000, 0x0000000086d00000, 0x0000000086d00000|100%| S|CS|TAMS 0x0000000086c00000, 0x0000000086c00000| Complete 
|  91|0x0000000086d00000, 0x0000000086d00000, 0x0000000086e00000|  0%| F|  |TAMS 0x0000000086d00000, 0x0000000086d00000| Untracked 
|  92|0x0000000086e00000, 0x0000000086e00000, 0x0000000086f00000|  0%| F|  |TAMS 0x0000000086e00000, 0x0000000086e00000| Untracked 
|  93|0x0000000086f00000, 0x0000000086f00000, 0x0000000087000000|  0%| F|  |TAMS 0x0000000086f00000, 0x0000000086f00000| Untracked 
|  94|0x0000000087000000, 0x0000000087000000, 0x0000000087100000|  0%| F|  |TAMS 0x0000000087000000, 0x0000000087000000| Untracked 
|  95|0x0000000087100000, 0x0000000087100000, 0x0000000087200000|  0%| F|  |TAMS 0x0000000087100000, 0x0000000087100000| Untracked 
|  96|0x0000000087200000, 0x0000000087200000, 0x0000000087300000|  0%| F|  |TAMS 0x0000000087200000, 0x0000000087200000| Untracked 
|  97|0x0000000087300000, 0x0000000087300000, 0x0000000087400000|  0%| F|  |TAMS 0x0000000087300000, 0x0000000087300000| Untracked 
|  98|0x0000000087400000, 0x0000000087400000, 0x0000000087500000|  0%| F|  |TAMS 0x0000000087400000, 0x0000000087400000| Untracked 
|  99|0x0000000087500000, 0x0000000087500000, 0x0000000087600000|  0%| F|  |TAMS 0x0000000087500000, 0x0000000087500000| Untracked 
| 100|0x0000000087600000, 0x0000000087600000, 0x0000000087700000|  0%| F|  |TAMS 0x0000000087600000, 0x0000000087600000| Untracked 
| 101|0x0000000087700000, 0x0000000087700000, 0x0000000087800000|  0%| F|  |TAMS 0x0000000087700000, 0x0000000087700000| Untracked 
| 102|0x0000000087800000, 0x0000000087800000, 0x0000000087900000|  0%| F|  |TAMS 0x0000000087800000, 0x0000000087800000| Untracked 
| 103|0x0000000087900000, 0x0000000087900000, 0x0000000087a00000|  0%| F|  |TAMS 0x0000000087900000, 0x0000000087900000| Untracked 
| 104|0x0000000087a00000, 0x0000000087a00000, 0x0000000087b00000|  0%| F|  |TAMS 0x0000000087a00000, 0x0000000087a00000| Untracked 
| 105|0x0000000087b00000, 0x0000000087b00000, 0x0000000087c00000|  0%| F|  |TAMS 0x0000000087b00000, 0x0000000087b00000| Untracked 
| 106|0x0000000087c00000, 0x0000000087c00000, 0x0000000087d00000|  0%| F|  |TAMS 0x0000000087c00000, 0x0000000087c00000| Untracked 
| 107|0x0000000087d00000, 0x0000000087de07a8, 0x0000000087e00000| 87%| E|  |TAMS 0x0000000087d00000, 0x0000000087d00000| Complete 
| 108|0x0000000087e00000, 0x0000000087f00000, 0x0000000087f00000|100%| E|CS|TAMS 0x0000000087e00000, 0x0000000087e00000| Complete 
| 109|0x0000000087f00000, 0x0000000088000000, 0x0000000088000000|100%| E|CS|TAMS 0x0000000087f00000, 0x0000000087f00000| Complete 
| 110|0x0000000088000000, 0x0000000088100000, 0x0000000088100000|100%| E|CS|TAMS 0x0000000088000000, 0x0000000088000000| Complete 
| 111|0x0000000088100000, 0x0000000088200000, 0x0000000088200000|100%| E|CS|TAMS 0x0000000088100000, 0x0000000088100000| Complete 
| 112|0x0000000088200000, 0x0000000088300000, 0x0000000088300000|100%| E|CS|TAMS 0x0000000088200000, 0x0000000088200000| Complete 
| 113|0x0000000088300000, 0x0000000088400000, 0x0000000088400000|100%| E|CS|TAMS 0x0000000088300000, 0x0000000088300000| Complete 
| 114|0x0000000088400000, 0x0000000088500000, 0x0000000088500000|100%| E|CS|TAMS 0x0000000088400000, 0x0000000088400000| Complete 
| 115|0x0000000088500000, 0x0000000088600000, 0x0000000088600000|100%| E|CS|TAMS 0x0000000088500000, 0x0000000088500000| Complete 
| 116|0x0000000088600000, 0x0000000088700000, 0x0000000088700000|100%| E|CS|TAMS 0x0000000088600000, 0x0000000088600000| Complete 
| 117|0x0000000088700000, 0x0000000088800000, 0x0000000088800000|100%| E|CS|TAMS 0x0000000088700000, 0x0000000088700000| Complete 
| 118|0x0000000088800000, 0x0000000088900000, 0x0000000088900000|100%| E|CS|TAMS 0x0000000088800000, 0x0000000088800000| Complete 
| 119|0x0000000088900000, 0x0000000088a00000, 0x0000000088a00000|100%| E|CS|TAMS 0x0000000088900000, 0x0000000088900000| Complete 
| 120|0x0000000088a00000, 0x0000000088b00000, 0x0000000088b00000|100%| E|CS|TAMS 0x0000000088a00000, 0x0000000088a00000| Complete 
| 121|0x0000000088b00000, 0x0000000088c00000, 0x0000000088c00000|100%| E|CS|TAMS 0x0000000088b00000, 0x0000000088b00000| Complete 
| 122|0x0000000088c00000, 0x0000000088d00000, 0x0000000088d00000|100%| E|CS|TAMS 0x0000000088c00000, 0x0000000088c00000| Complete 
| 123|0x0000000088d00000, 0x0000000088e00000, 0x0000000088e00000|100%| E|CS|TAMS 0x0000000088d00000, 0x0000000088d00000| Complete 
| 124|0x0000000088e00000, 0x0000000088f00000, 0x0000000088f00000|100%| E|CS|TAMS 0x0000000088e00000, 0x0000000088e00000| Complete 
| 125|0x0000000088f00000, 0x0000000089000000, 0x0000000089000000|100%| E|CS|TAMS 0x0000000088f00000, 0x0000000088f00000| Complete 
| 126|0x0000000089000000, 0x0000000089100000, 0x0000000089100000|100%| E|CS|TAMS 0x0000000089000000, 0x0000000089000000| Complete 
| 127|0x0000000089100000, 0x0000000089200000, 0x0000000089200000|100%| E|CS|TAMS 0x0000000089100000, 0x0000000089100000| Complete 

Card table byte_map: [0x0000020f36ec0000,0x0000020f372c0000] _byte_map_base: 0x0000020f36ab7000

Marking Bits (Prev, Next): (CMBitMap*) 0x0000020f1d96bfc0, (CMBitMap*) 0x0000020f1d96c000
 Prev Bits: [0x0000020f376c0000, 0x0000020f39678000)
 Next Bits: [0x0000020f39680000, 0x0000020f3b638000)

Polling page: 0x0000020f1d9e0000

Metaspace:

Usage:
  Non-class:     14.44 MB used.
      Class:      2.36 MB used.
       Both:     16.80 MB used.

Virtual space:
  Non-class space:       64.00 MB reserved,      14.62 MB ( 23%) committed,  1 nodes.
      Class space:        1.00 GB reserved,       2.50 MB ( <1%) committed,  1 nodes.
             Both:        1.06 GB reserved,      17.12 MB (  2%) committed. 

Chunk freelists:
   Non-Class:  880.00 KB
       Class:  1.36 MB
        Both:  2.21 MB

MaxMetaspaceSize: unlimited
CompressedClassSpaceSize: 1.00 GB
Initial GC threshold: 21.00 MB
Current GC threshold: 21.00 MB
CDS: on
MetaspaceReclaimPolicy: balanced
 - commit_granule_bytes: 65536.
 - commit_granule_words: 8192.
 - virtual_space_node_default_size: 8388608.
 - enlarge_chunks_in_place: 1.
 - new_chunks_are_fully_committed: 0.
 - uncommit_free_chunks: 1.
 - use_allocation_guard: 0.


Internal statistics:

num_allocs_failed_limit: 0.
num_arena_births: 332.
num_arena_deaths: 0.
num_vsnodes_births: 2.
num_vsnodes_deaths: 0.
num_space_committed: 274.
num_space_uncommitted: 0.
num_chunks_returned_to_freelist: 0.
num_chunks_taken_from_freelist: 898.
num_chunk_merges: 0.
num_chunk_splits: 654.
num_chunks_enlarged: 519.
num_inconsistent_stats: 0.

CodeHeap 'non-profiled nmethods': size=120000Kb used=2010Kb max_used=2010Kb free=117989Kb
 bounds [0x0000020f2eb30000, 0x0000020f2eda0000, 0x0000020f36060000]
CodeHeap 'profiled nmethods': size=120000Kb used=8686Kb max_used=8686Kb free=111314Kb
 bounds [0x0000020f27060000, 0x0000020f278e0000, 0x0000020f2e590000]
CodeHeap 'non-nmethods': size=5760Kb used=1545Kb max_used=1631Kb free=4214Kb
 bounds [0x0000020f2e590000, 0x0000020f2e800000, 0x0000020f2eb30000]
 total_blobs=5007 nmethods=4175 adapters=742
 compilation: enabled
              stopped_count=0, restarted_count=0
 full_count=0

Compilation events (20 events):
Event: 39.540 Thread 0x0000020f3e0fd420 4165       3       javafx.scene.layout.GridPane::getContentBias (9 bytes)
Event: 39.540 Thread 0x0000020f3e0fd420 nmethod 4165 0x0000020f278d3990 code [0x0000020f278d3b40, 0x0000020f278d3c88]
Event: 39.542 Thread 0x0000020f3e0fd420 4166       3       com.sun.prism.d3d.D3DGraphics::clear (51 bytes)
Event: 39.543 Thread 0x0000020f3e0fd420 nmethod 4166 0x0000020f278d3d10 code [0x0000020f278d3f20, 0x0000020f278d44d8]
Event: 39.543 Thread 0x0000020f3e0fd420 4167       3       com.sun.prism.impl.ps.BaseShaderContext::validateClearOp (12 bytes)
Event: 39.543 Thread 0x0000020f3e0fd420 nmethod 4167 0x0000020f278d4690 code [0x0000020f278d4840, 0x0000020f278d4a88]
Event: 39.621 Thread 0x0000020f3e0fd420 4169       3       javafx.scene.Scene::getFocusOwner (11 bytes)
Event: 39.622 Thread 0x0000020f3e0fd420 nmethod 4169 0x0000020f278d4b90 code [0x0000020f278d4d60, 0x0000020f278d5188]
Event: 39.633 Thread 0x0000020f3e0fd420 4170       3       com.sun.javafx.tk.quantum.GlassWindowEventHandler$$Lambda$226/0x0000000801163670::get (8 bytes)
Event: 39.634 Thread 0x0000020f3e0fd420 nmethod 4170 0x0000020f278d5290 code [0x0000020f278d54c0, 0x0000020f278d5ac8]
Event: 39.634 Thread 0x0000020f3e0fd420 4171       3       com.sun.javafx.tk.quantum.GlassWindowEventHandler::lambda$handleWindowEvent$4 (17 bytes)
Event: 39.635 Thread 0x0000020f3e0fd420 nmethod 4171 0x0000020f278d5d90 code [0x0000020f278d5fc0, 0x0000020f278d6568]
Event: 39.635 Thread 0x0000020f3e0fd420 4172       3       com.sun.javafx.tk.quantum.GlassStage::getAccessControlContext (22 bytes)
Event: 39.636 Thread 0x0000020f3e0fd420 nmethod 4172 0x0000020f278d6810 code [0x0000020f278d69c0, 0x0000020f278d6bc8]
Event: 39.636 Thread 0x0000020f3e0fd420 4173       3       com.sun.javafx.tk.quantum.GlassWindowEventHandler::run (5 bytes)
Event: 39.636 Thread 0x0000020f3e0fd420 nmethod 4173 0x0000020f278d6c90 code [0x0000020f278d6e40, 0x0000020f278d6f88]
Event: 39.636 Thread 0x0000020f3e0fd420 4174       3       com.sun.javafx.tk.quantum.GlassWindowEventHandler::run (671 bytes)
Event: 39.640 Thread 0x0000020f3e0fd420 nmethod 4174 0x0000020f278d7010 code [0x0000020f278d7560, 0x0000020f278da8c8]
Event: 39.654 Thread 0x0000020f3e0efe20 4175       4       java.lang.System::getSecurityManager (12 bytes)
Event: 39.654 Thread 0x0000020f3e0efe20 nmethod 4175 0x0000020f2ed26790 code [0x0000020f2ed26900, 0x0000020f2ed26958]

GC Heap History (4 events):
Event: 0.871 GC heap before
{Heap before GC invocations=0 (full 0):
 garbage-first heap   total 131072K, used 22528K [0x0000000081200000, 0x0000000100000000)
  region size 1024K, 23 young (23552K), 0 survivors (0K)
 Metaspace       used 5705K, committed 5952K, reserved 1114112K
  class space    used 671K, committed 832K, reserved 1048576K
}
Event: 0.875 GC heap after
{Heap after GC invocations=1 (full 0):
 garbage-first heap   total 131072K, used 2773K [0x0000000081200000, 0x0000000100000000)
  region size 1024K, 3 young (3072K), 3 survivors (3072K)
 Metaspace       used 5705K, committed 5952K, reserved 1114112K
  class space    used 671K, committed 832K, reserved 1048576K
}
Event: 22.301 GC heap before
{Heap before GC invocations=1 (full 0):
 garbage-first heap   total 131072K, used 45781K [0x0000000081200000, 0x0000000100000000)
  region size 1024K, 37 young (37888K), 3 survivors (3072K)
 Metaspace       used 14643K, committed 14976K, reserved 1114112K
  class space    used 2043K, committed 2176K, reserved 1048576K
}
Event: 22.308 GC heap after
{Heap after GC invocations=2 (full 0):
 garbage-first heap   total 131072K, used 15087K [0x0000000081200000, 0x0000000100000000)
  region size 1024K, 5 young (5120K), 5 survivors (5120K)
 Metaspace       used 14643K, committed 14976K, reserved 1114112K
  class space    used 2043K, committed 2176K, reserved 1048576K
}

Dll operation events (20 events):
Event: 0.481 Loaded shared library C:\Users\Gabriel\.openjfx\cache\13\api-ms-win-crt-filesystem-l1-1-0.dll
Event: 0.485 Loaded shared library C:\Users\Gabriel\.openjfx\cache\13\api-ms-win-crt-heap-l1-1-0.dll
Event: 0.489 Loaded shared library C:\Users\Gabriel\.openjfx\cache\13\api-ms-win-crt-locale-l1-1-0.dll
Event: 0.494 Loaded shared library C:\Users\Gabriel\.openjfx\cache\13\api-ms-win-crt-math-l1-1-0.dll
Event: 0.497 Loaded shared library C:\Users\Gabriel\.openjfx\cache\13\api-ms-win-crt-multibyte-l1-1-0.dll
Event: 0.501 Loaded shared library C:\Users\Gabriel\.openjfx\cache\13\api-ms-win-crt-private-l1-1-0.dll
Event: 0.505 Loaded shared library C:\Users\Gabriel\.openjfx\cache\13\api-ms-win-crt-process-l1-1-0.dll
Event: 0.508 Loaded shared library C:\Users\Gabriel\.openjfx\cache\13\api-ms-win-crt-runtime-l1-1-0.dll
Event: 0.512 Loaded shared library C:\Users\Gabriel\.openjfx\cache\13\api-ms-win-crt-stdio-l1-1-0.dll
Event: 0.516 Loaded shared library C:\Users\Gabriel\.openjfx\cache\13\api-ms-win-crt-string-l1-1-0.dll
Event: 0.520 Loaded shared library C:\Users\Gabriel\.openjfx\cache\13\api-ms-win-crt-time-l1-1-0.dll
Event: 0.523 Loaded shared library C:\Users\Gabriel\.openjfx\cache\13\api-ms-win-crt-utility-l1-1-0.dll
Event: 0.544 Loaded shared library C:\Users\Gabriel\.openjfx\cache\13\ucrtbase.dll
Event: 0.548 Loaded shared library C:\Users\Gabriel\.openjfx\cache\13\vcruntime140.dll
Event: 0.562 Loaded shared library C:\Users\Gabriel\.openjfx\cache\13\msvcp140.dll
Event: 0.571 Loaded shared library C:\Users\Gabriel\.openjfx\cache\13\concrt140.dll
Event: 0.616 Loaded shared library C:\Users\Gabriel\.openjfx\cache\13\prism_d3d.dll
Event: 0.675 Loaded shared library C:\Users\Gabriel\.openjfx\cache\13\glass.dll
Event: 0.912 Loaded shared library C:\Users\Gabriel\.openjfx\cache\13\javafx_font.dll
Event: 1.248 Loaded shared library C:\Program Files\Java\jdk-19\bin\jimage.dll

Deoptimization events (20 events):
Event: 34.562 Thread 0x0000020f42c47300 Uncommon trap: trap_request=0xfffffff4 fr.pc=0x0000020f2ec2a10c relative=0x00000000000000ec
Event: 34.562 Thread 0x0000020f42c47300 Uncommon trap: reason=null_check action=make_not_entrant pc=0x0000020f2ec2a10c method=javafx.scene.Node$MiscProperties.getClip()Ljavafx/scene/Node; @ 20 c2
Event: 34.562 Thread 0x0000020f42c47300 DEOPT PACKING pc=0x0000020f2ec2a10c sp=0x000000e1d3cfad30
Event: 34.562 Thread 0x0000020f42c47300 DEOPT UNPACKING pc=0x0000020f2e5f6da3 sp=0x000000e1d3cfac60 mode 2
Event: 36.704 Thread 0x0000020f42c47300 Uncommon trap: trap_request=0xffffffbe fr.pc=0x0000020f2ecef068 relative=0x0000000000006868
Event: 36.704 Thread 0x0000020f42c47300 Uncommon trap: reason=profile_predicate action=maybe_recompile pc=0x0000020f2ecef068 method=javafx.scene.CssStyleHelper.transitionToState(Ljavafx/scene/Node;)V @ 285 c2
Event: 36.704 Thread 0x0000020f42c47300 DEOPT PACKING pc=0x0000020f2ecef068 sp=0x000000e1d3cfae70
Event: 36.704 Thread 0x0000020f42c47300 DEOPT UNPACKING pc=0x0000020f2e5f6da3 sp=0x000000e1d3cfadf8 mode 2
Event: 36.705 Thread 0x0000020f42c47300 Uncommon trap: trap_request=0xffffffbe fr.pc=0x0000020f2ecef068 relative=0x0000000000006868
Event: 36.705 Thread 0x0000020f42c47300 Uncommon trap: reason=profile_predicate action=maybe_recompile pc=0x0000020f2ecef068 method=javafx.scene.CssStyleHelper.transitionToState(Ljavafx/scene/Node;)V @ 285 c2
Event: 36.705 Thread 0x0000020f42c47300 DEOPT PACKING pc=0x0000020f2ecef068 sp=0x000000e1d3cfacf0
Event: 36.705 Thread 0x0000020f42c47300 DEOPT UNPACKING pc=0x0000020f2e5f6da3 sp=0x000000e1d3cfac78 mode 2
Event: 36.706 Thread 0x0000020f42c47300 Uncommon trap: trap_request=0xffffffbe fr.pc=0x0000020f2ecef068 relative=0x0000000000006868
Event: 36.706 Thread 0x0000020f42c47300 Uncommon trap: reason=profile_predicate action=maybe_recompile pc=0x0000020f2ecef068 method=javafx.scene.CssStyleHelper.transitionToState(Ljavafx/scene/Node;)V @ 285 c2
Event: 36.706 Thread 0x0000020f42c47300 DEOPT PACKING pc=0x0000020f2ecef068 sp=0x000000e1d3cfa9f0
Event: 36.706 Thread 0x0000020f42c47300 DEOPT UNPACKING pc=0x0000020f2e5f6da3 sp=0x000000e1d3cfa978 mode 2
Event: 36.706 Thread 0x0000020f42c47300 Uncommon trap: trap_request=0xffffffbe fr.pc=0x0000020f2ecef068 relative=0x0000000000006868
Event: 36.706 Thread 0x0000020f42c47300 Uncommon trap: reason=profile_predicate action=maybe_recompile pc=0x0000020f2ecef068 method=javafx.scene.CssStyleHelper.transitionToState(Ljavafx/scene/Node;)V @ 285 c2
Event: 36.706 Thread 0x0000020f42c47300 DEOPT PACKING pc=0x0000020f2ecef068 sp=0x000000e1d3cfa980
Event: 36.706 Thread 0x0000020f42c47300 DEOPT UNPACKING pc=0x0000020f2e5f6da3 sp=0x000000e1d3cfa908 mode 2

Classes loaded (20 events):
Event: 27.889 Loading class java/util/stream/IntPipeline$1$1
Event: 27.890 Loading class java/util/stream/IntPipeline$1$1 done
Event: 34.608 Loading class java/util/Spliterators$IntArraySpliterator
Event: 34.613 Loading class java/util/Spliterators$IntArraySpliterator done
Event: 34.613 Loading class java/util/stream/ReduceOps$9
Event: 34.614 Loading class java/util/stream/ReduceOps$9 done
Event: 34.614 Loading class java/util/stream/ReduceOps$CountingSink$OfInt
Event: 34.614 Loading class java/util/stream/ReduceOps$CountingSink
Event: 34.615 Loading class java/util/stream/ReduceOps$CountingSink done
Event: 34.615 Loading class java/util/stream/ReduceOps$CountingSink$OfInt done
Event: 34.616 Loading class java/util/stream/Nodes$IntSpinedNodeBuilder
Event: 34.617 Loading class java/util/stream/Node$Builder$OfInt
Event: 34.617 Loading class java/util/stream/Node$Builder$OfInt done
Event: 34.617 Loading class java/util/stream/SpinedBuffer$OfInt
Event: 34.617 Loading class java/util/stream/SpinedBuffer$OfPrimitive
Event: 34.618 Loading class java/util/stream/AbstractSpinedBuffer
Event: 34.618 Loading class java/util/stream/AbstractSpinedBuffer done
Event: 34.618 Loading class java/util/stream/SpinedBuffer$OfPrimitive done
Event: 34.618 Loading class java/util/stream/SpinedBuffer$OfInt done
Event: 34.618 Loading class java/util/stream/Nodes$IntSpinedNodeBuilder done

Classes unloaded (0 events):
No events

Classes redefined (0 events):
No events

Internal exceptions (20 events):
Event: 1.570 Thread 0x0000020f42c47300 Exception <a 'java/lang/NoSuchMethodError'{0x0000000087ee8e70}: 'int java.lang.invoke.DirectMethodHandle$Holder.invokeSpecial(java.lang.Object, java.lang.Object, java.lang.Object)'> (0x0000000087ee8e70) 
thrown [s\open\src\hotspot\share\interpreter\linkResolver.cpp, line 774]
Event: 1.605 Thread 0x0000020f42c47300 Exception <a 'java/lang/NoSuchMethodError'{0x0000000087d9ac28}: 'java.lang.Object java.lang.invoke.DirectMethodHandle$Holder.newInvokeSpecial(java.lang.Object, java.lang.Object, int)'> (0x0000000087d9ac28) 
thrown [s\open\src\hotspot\share\interpreter\linkResolver.cpp, line 774]
Event: 1.689 Thread 0x0000020f42c47300 Exception <a 'java/lang/ClassNotFoundException'{0x0000000087bf6f08}: com/sun/javafx/scene/control/skin/resources/controls> (0x0000000087bf6f08) 
thrown [s\open\src\hotspot\share\prims\jni.cpp, line 536]
Event: 1.691 Thread 0x0000020f42c47300 Exception <a 'java/lang/ClassNotFoundException'{0x0000000087704db0}: com/sun/javafx/scene/control/skin/resources/controls_pt> (0x0000000087704db0) 
thrown [s\open\src\hotspot\share\prims\jni.cpp, line 536]
Event: 1.692 Thread 0x0000020f42c47300 Exception <a 'java/lang/ClassNotFoundException'{0x0000000087705d58}: com/sun/javafx/scene/control/skin/resources/controls_pt_BR> (0x0000000087705d58) 
thrown [s\open\src\hotspot\share\prims\jni.cpp, line 536]
Event: 1.744 Thread 0x0000020f42c47300 Exception <a 'java/lang/NoSuchMethodError'{0x0000000087684c00}: 'void java.lang.invoke.DirectMethodHandle$Holder.invokeSpecial(java.lang.Object, java.lang.Object, java.lang.Object, java.lang.Object, java.lang.Object, java.lang.Object)'> (0x0000000087684c00) 
thrown [s\open\src\hotspot\share\interpreter\linkResolver.cpp, line 774]
Event: 1.833 Thread 0x0000020f429c6270 Exception <a 'java/lang/NoSuchMethodError'{0x0000000087356310}: 'int java.lang.invoke.DirectMethodHandle$Holder.invokeStaticInit(java.lang.Object, java.lang.Object)'> (0x0000000087356310) 
thrown [s\open\src\hotspot\share\interpreter\linkResolver.cpp, line 774]
Event: 1.854 Thread 0x0000020f429c6270 Exception <a 'java/lang/NoSuchMethodError'{0x0000000087217318}: 'java.lang.Object java.lang.invoke.Invokers$Holder.invokeExact_MT(java.lang.Object, java.lang.Object, java.lang.Object, java.lang.Object, java.lang.Object)'> (0x0000000087217318) 
thrown [s\open\src\hotspot\share\interpreter\linkResolver.cpp, line 774]
Event: 5.618 Thread 0x0000020f42c47300 Exception <a 'java/lang/NoSuchMethodError'{0x00000000870e1950}: 'long java.lang.invoke.DirectMethodHandle$Holder.invokeStatic(java.lang.Object, java.lang.Object, java.lang.Object)'> (0x00000000870e1950) 
thrown [s\open\src\hotspot\share\interpreter\linkResolver.cpp, line 774]
Event: 5.619 Thread 0x0000020f42c47300 Exception <a 'java/lang/NoSuchMethodError'{0x00000000870e5278}: 'long java.lang.invoke.DirectMethodHandle$Holder.invokeStaticInit(java.lang.Object, java.lang.Object, java.lang.Object)'> (0x00000000870e5278) 
thrown [s\open\src\hotspot\share\interpreter\linkResolver.cpp, line 774]
Event: 5.624 Thread 0x0000020f42c47300 Exception <a 'java/lang/NoSuchMethodError'{0x00000000870fdca8}: 'java.lang.Object java.lang.invoke.DirectMethodHandle$Holder.newInvokeSpecial(java.lang.Object, java.lang.Object, long)'> (0x00000000870fdca8) 
thrown [s\open\src\hotspot\share\interpreter\linkResolver.cpp, line 774]
Event: 5.624 Thread 0x0000020f42c47300 Exception <a 'java/lang/NoSuchMethodError'{0x0000000086f01e18}: 'java.lang.Object java.lang.invoke.Invokers$Holder.linkToTargetMethod(java.lang.Object, long, java.lang.Object)'> (0x0000000086f01e18) 
thrown [s\open\src\hotspot\share\interpreter\linkResolver.cpp, line 774]
Event: 13.999 Thread 0x0000020f42c47300 Exception <a 'java/lang/NoSuchMethodError'{0x0000000086e496e8}: 'java.lang.Object java.lang.invoke.DirectMethodHandle$Holder.newInvokeSpecial(java.lang.Object, java.lang.Object, int, int, int, int, int, java.lang.Object)'> (0x0000000086e496e8) 
thrown [s\open\src\hotspot\share\interpreter\linkResolver.cpp, line 774]
Event: 14.000 Thread 0x0000020f42c47300 Exception <a 'java/lang/NoSuchMethodError'{0x0000000086e5c980}: 'java.lang.Object java.lang.invoke.DirectMethodHandle$Holder.newInvokeSpecial(java.lang.Object, java.lang.Object, java.lang.Object, int, int, int, int, int)'> (0x0000000086e5c980) 
thrown [s\open\src\hotspot\share\interpreter\linkResolver.cpp, line 774]
Event: 14.000 Thread 0x0000020f42c47300 Exception <a 'java/lang/NoSuchMethodError'{0x0000000086e644a0}: 'java.lang.Object java.lang.invoke.Invokers$Holder.linkToTargetMethod(java.lang.Object, java.lang.Object, int, int, int, int, int, java.lang.Object)'> (0x0000000086e644a0) 
thrown [s\open\src\hotspot\share\interpreter\linkResolver.cpp, line 774]
Event: 25.780 Thread 0x0000020f42c47300 Implicit null exception at 0x0000020f2ec55100 to 0x0000020f2ec55460
Event: 25.780 Thread 0x0000020f42c47300 Implicit null exception at 0x0000020f2ec284d0 to 0x0000020f2ec2856c
Event: 27.908 Thread 0x0000020f42c47300 Exception <a 'java/lang/NoSuchMethodError'{0x0000000088c40ee8}: 'void java.lang.invoke.DirectMethodHandle$Holder.invokeSpecialIFC(java.lang.Object, java.lang.Object, java.lang.Object, java.lang.Object)'> (0x0000000088c40ee8) 
thrown [s\open\src\hotspot\share\interpreter\linkResolver.cpp, line 774]
Event: 33.122 Thread 0x0000020f429c6270 Exception <a 'java/lang/NoSuchMethodError'{0x00000000883854c8}: 'java.lang.Object java.lang.invoke.DirectMethodHandle$Holder.invokeStaticInit(java.lang.Object, int)'> (0x00000000883854c8) 
thrown [s\open\src\hotspot\share\interpreter\linkResolver.cpp, line 774]
Event: 34.562 Thread 0x0000020f42c47300 Implicit null exception at 0x0000020f2ec2a0b2 to 0x0000020f2ec2a100

VM Operations (20 events):
Event: 30.021 Executing VM operation: Cleanup done
Event: 31.021 Executing VM operation: Cleanup
Event: 31.021 Executing VM operation: Cleanup done
Event: 32.021 Executing VM operation: Cleanup
Event: 32.022 Executing VM operation: Cleanup done
Event: 32.130 Executing VM operation: HandshakeAllThreads
Event: 32.130 Executing VM operation: HandshakeAllThreads done
Event: 33.071 Executing VM operation: ICBufferFull
Event: 33.071 Executing VM operation: ICBufferFull done
Event: 34.562 Executing VM operation: ICBufferFull
Event: 34.562 Executing VM operation: ICBufferFull done
Event: 35.562 Executing VM operation: Cleanup
Event: 35.562 Executing VM operation: Cleanup done
Event: 36.562 Executing VM operation: Cleanup
Event: 36.562 Executing VM operation: Cleanup done
Event: 37.563 Executing VM operation: Cleanup
Event: 37.563 Executing VM operation: Cleanup done
Event: 38.563 Executing VM operation: Cleanup
Event: 38.563 Executing VM operation: Cleanup done
Event: 39.655 Executing VM operation: Exit

Events (20 events):
Event: 27.345 Thread 0x0000020f4261e2d0 Thread exited: 0x0000020f4261e2d0
Event: 27.345 Thread 0x0000020f4261e850 Thread exited: 0x0000020f4261e850
Event: 27.855 Thread 0x0000020f47d825a0 Thread added: 0x0000020f47d825a0
Event: 27.996 Thread 0x0000020f486f4f90 Thread added: 0x0000020f486f4f90
Event: 28.702 Thread 0x0000020f486f4f90 Thread exited: 0x0000020f486f4f90
Event: 28.978 Thread 0x0000020f47d825a0 Thread exited: 0x0000020f47d825a0
Event: 29.367 Thread 0x0000020f4815bd60 Thread added: 0x0000020f4815bd60
Event: 29.973 Thread 0x0000020f4815bd60 Thread exited: 0x0000020f4815bd60
Event: 32.384 Thread 0x0000020f4885e340 Thread added: 0x0000020f4885e340
Event: 32.581 Thread 0x0000020f4885e340 Thread exited: 0x0000020f4885e340
Event: 33.097 Thread 0x0000020f4885e340 Thread added: 0x0000020f4885e340
Event: 33.325 Thread 0x0000020f4885e340 Thread exited: 0x0000020f4885e340
Event: 36.161 Thread 0x0000020f426b7950 Thread added: 0x0000020f426b7950
Event: 36.497 Thread 0x0000020f426b7950 Thread exited: 0x0000020f426b7950
Event: 37.502 Thread 0x0000020f426b7950 Thread added: 0x0000020f426b7950
Event: 38.145 Thread 0x0000020f426b7950 Thread exited: 0x0000020f426b7950
Event: 39.653 Thread 0x0000020f4798d480 Thread added: 0x0000020f4798d480
Event: 39.653 Thread 0x0000020f4798aa00 Thread added: 0x0000020f4798aa00
Event: 39.654 Thread 0x0000020f4798d480 Thread exited: 0x0000020f4798d480
Event: 39.655 Thread 0x0000020f4798aa00 Thread exited: 0x0000020f4798aa00


Dynamic libraries:
0x00007ff6bc370000 - 0x00007ff6bc380000 	C:\Program Files\Java\jdk-19\bin\java.exe
0x00007ffbe8630000 - 0x00007ffbe8828000 	C:\Windows\SYSTEM32\ntdll.dll
0x00007ffbe69e0000 - 0x00007ffbe6a9f000 	C:\Windows\System32\KERNEL32.DLL
0x00007ffbe6170000 - 0x00007ffbe6442000 	C:\Windows\System32\KERNELBASE.dll
0x00007ffbe6530000 - 0x00007ffbe6630000 	C:\Windows\System32\ucrtbase.dll
0x00007ffbd40c0000 - 0x00007ffbd40db000 	C:\Program Files\Java\jdk-19\bin\VCRUNTIME140.dll
0x00007ffbd41f0000 - 0x00007ffbd4208000 	C:\Program Files\Java\jdk-19\bin\jli.dll
0x00007ffbe6bd0000 - 0x00007ffbe6c7e000 	C:\Windows\System32\ADVAPI32.dll
0x00007ffbe8420000 - 0x00007ffbe84be000 	C:\Windows\System32\msvcrt.dll
0x00007ffbe6fb0000 - 0x00007ffbe704c000 	C:\Windows\System32\sechost.dll
0x00007ffbe84c0000 - 0x00007ffbe85e5000 	C:\Windows\System32\RPCRT4.dll
0x00007ffbe8200000 - 0x00007ffbe839d000 	C:\Windows\System32\USER32.dll
0x00007ffbd70e0000 - 0x00007ffbd737a000 	C:\Windows\WinSxS\amd64_microsoft.windows.common-controls_6595b64144ccf1df_6.0.19041.1110_none_60b5254171f9507e\COMCTL32.dll
0x00007ffbe6450000 - 0x00007ffbe6472000 	C:\Windows\System32\win32u.dll
0x00007ffbe81d0000 - 0x00007ffbe81fb000 	C:\Windows\System32\GDI32.dll
0x00007ffbe5f20000 - 0x00007ffbe602f000 	C:\Windows\System32\gdi32full.dll
0x00007ffbe6060000 - 0x00007ffbe60fd000 	C:\Windows\System32\msvcp_win.dll
0x00007ffbdde50000 - 0x00007ffbdde5a000 	C:\Windows\SYSTEM32\VERSION.dll
0x00007ffbe6dc0000 - 0x00007ffbe6df2000 	C:\Windows\System32\IMM32.DLL
0x00007ffbdfd00000 - 0x00007ffbdfd0c000 	C:\Program Files\Java\jdk-19\bin\vcruntime140_1.dll
0x00007ffbc6420000 - 0x00007ffbc64ae000 	C:\Program Files\Java\jdk-19\bin\msvcp140.dll
0x00007ffbb7c30000 - 0x00007ffbb88f0000 	C:\Program Files\Java\jdk-19\bin\server\jvm.dll
0x00007ffbe0400000 - 0x00007ffbe0409000 	C:\Windows\SYSTEM32\WSOCK32.dll
0x00007ffbd8810000 - 0x00007ffbd8837000 	C:\Windows\SYSTEM32\WINMM.dll
0x00007ffbe83a0000 - 0x00007ffbe840b000 	C:\Windows\System32\WS2_32.dll
0x00007ffbe4570000 - 0x00007ffbe4582000 	C:\Windows\SYSTEM32\kernel.appcore.dll
0x00007ffbdfca0000 - 0x00007ffbdfcaa000 	C:\Program Files\Java\jdk-19\bin\jimage.dll
0x00007ffbd2850000 - 0x00007ffbd2a34000 	C:\Windows\SYSTEM32\DBGHELP.DLL
0x00007ffbd23f0000 - 0x00007ffbd241c000 	C:\Windows\SYSTEM32\dbgcore.DLL
0x00007ffbe5d30000 - 0x00007ffbe5db2000 	C:\Windows\System32\bcryptPrimitives.dll
0x00007ffbd21f0000 - 0x00007ffbd2216000 	C:\Program Files\Java\jdk-19\bin\java.dll
0x00007ffbc3690000 - 0x00007ffbc3767000 	C:\Program Files\Java\jdk-19\bin\jsvml.dll
0x00007ffbe7810000 - 0x00007ffbe7f53000 	C:\Windows\System32\SHELL32.dll
0x00007ffbe3dd0000 - 0x00007ffbe4562000 	C:\Windows\SYSTEM32\windows.storage.dll
0x00007ffbe6680000 - 0x00007ffbe69d4000 	C:\Windows\System32\combase.dll
0x00007ffbe5790000 - 0x00007ffbe57c0000 	C:\Windows\SYSTEM32\Wldp.dll
0x00007ffbe6d10000 - 0x00007ffbe6dbd000 	C:\Windows\System32\SHCORE.dll
0x00007ffbe8090000 - 0x00007ffbe80e5000 	C:\Windows\System32\shlwapi.dll
0x00007ffbe5c70000 - 0x00007ffbe5c8f000 	C:\Windows\SYSTEM32\profapi.dll
0x00007ffbd3f70000 - 0x00007ffbd3f83000 	C:\Program Files\Java\jdk-19\bin\net.dll
0x00007ffbd9bd0000 - 0x00007ffbd9cdc000 	C:\Windows\SYSTEM32\WINHTTP.dll
0x00007ffbe54f0000 - 0x00007ffbe555a000 	C:\Windows\system32\mswsock.dll
0x00007ffbd2150000 - 0x00007ffbd2166000 	C:\Program Files\Java\jdk-19\bin\nio.dll
0x00007ffbd2130000 - 0x00007ffbd2148000 	C:\Program Files\Java\jdk-19\bin\zip.dll
0x0000020f3e2a0000 - 0x0000020f3e2a3000 	C:\Users\Gabriel\.openjfx\cache\13\api-ms-win-core-console-l1-1-0.dll
0x0000020f3e2b0000 - 0x0000020f3e2b3000 	C:\Users\Gabriel\.openjfx\cache\13\api-ms-win-core-datetime-l1-1-0.dll
0x0000020f3e2c0000 - 0x0000020f3e2c3000 	C:\Users\Gabriel\.openjfx\cache\13\api-ms-win-core-debug-l1-1-0.dll
0x0000020f3e2d0000 - 0x0000020f3e2d3000 	C:\Users\Gabriel\.openjfx\cache\13\api-ms-win-core-errorhandling-l1-1-0.dll
0x0000020f3e2e0000 - 0x0000020f3e2e4000 	C:\Users\Gabriel\.openjfx\cache\13\api-ms-win-core-file-l1-1-0.dll
0x0000020f3e2f0000 - 0x0000020f3e2f3000 	C:\Users\Gabriel\.openjfx\cache\13\api-ms-win-core-file-l1-2-0.dll
0x0000020f3e300000 - 0x0000020f3e303000 	C:\Users\Gabriel\.openjfx\cache\13\api-ms-win-core-file-l2-1-0.dll
0x0000020f3e310000 - 0x0000020f3e313000 	C:\Users\Gabriel\.openjfx\cache\13\api-ms-win-core-handle-l1-1-0.dll
0x0000020f3e320000 - 0x0000020f3e323000 	C:\Users\Gabriel\.openjfx\cache\13\api-ms-win-core-heap-l1-1-0.dll
0x0000020f3e330000 - 0x0000020f3e333000 	C:\Users\Gabriel\.openjfx\cache\13\api-ms-win-core-interlocked-l1-1-0.dll
0x0000020f3e340000 - 0x0000020f3e343000 	C:\Users\Gabriel\.openjfx\cache\13\api-ms-win-core-libraryloader-l1-1-0.dll
0x0000020f3e350000 - 0x0000020f3e353000 	C:\Users\Gabriel\.openjfx\cache\13\api-ms-win-core-localization-l1-2-0.dll
0x0000020f3e360000 - 0x0000020f3e363000 	C:\Users\Gabriel\.openjfx\cache\13\api-ms-win-core-memory-l1-1-0.dll
0x0000020f3e370000 - 0x0000020f3e373000 	C:\Users\Gabriel\.openjfx\cache\13\api-ms-win-core-namedpipe-l1-1-0.dll
0x0000020f3e380000 - 0x0000020f3e383000 	C:\Users\Gabriel\.openjfx\cache\13\api-ms-win-core-processenvironment-l1-1-0.dll
0x0000020f3e390000 - 0x0000020f3e393000 	C:\Users\Gabriel\.openjfx\cache\13\api-ms-win-core-processthreads-l1-1-0.dll
0x0000020f3e3a0000 - 0x0000020f3e3a3000 	C:\Users\Gabriel\.openjfx\cache\13\api-ms-win-core-processthreads-l1-1-1.dll
0x0000020f3e3b0000 - 0x0000020f3e3b3000 	C:\Users\Gabriel\.openjfx\cache\13\api-ms-win-core-profile-l1-1-0.dll
0x0000020f3e3c0000 - 0x0000020f3e3c3000 	C:\Users\Gabriel\.openjfx\cache\13\api-ms-win-core-rtlsupport-l1-1-0.dll
0x0000020f3e3d0000 - 0x0000020f3e3d3000 	C:\Users\Gabriel\.openjfx\cache\13\api-ms-win-core-string-l1-1-0.dll
0x0000020f3e3e0000 - 0x0000020f3e3e3000 	C:\Users\Gabriel\.openjfx\cache\13\api-ms-win-core-synch-l1-1-0.dll
0x0000020f3e3f0000 - 0x0000020f3e3f3000 	C:\Users\Gabriel\.openjfx\cache\13\api-ms-win-core-synch-l1-2-0.dll
0x0000020f43000000 - 0x0000020f43003000 	C:\Users\Gabriel\.openjfx\cache\13\api-ms-win-core-sysinfo-l1-1-0.dll
0x0000020f43010000 - 0x0000020f43013000 	C:\Users\Gabriel\.openjfx\cache\13\api-ms-win-core-timezone-l1-1-0.dll
0x0000020f43020000 - 0x0000020f43023000 	C:\Users\Gabriel\.openjfx\cache\13\api-ms-win-core-util-l1-1-0.dll
0x0000020f43030000 - 0x0000020f43033000 	C:\Users\Gabriel\.openjfx\cache\13\api-ms-win-crt-conio-l1-1-0.dll
0x0000020f43040000 - 0x0000020f43044000 	C:\Users\Gabriel\.openjfx\cache\13\api-ms-win-crt-convert-l1-1-0.dll
0x0000020f43050000 - 0x0000020f43053000 	C:\Users\Gabriel\.openjfx\cache\13\api-ms-win-crt-environment-l1-1-0.dll
0x0000020f43060000 - 0x0000020f43063000 	C:\Users\Gabriel\.openjfx\cache\13\api-ms-win-crt-filesystem-l1-1-0.dll
0x0000020f43070000 - 0x0000020f43073000 	C:\Users\Gabriel\.openjfx\cache\13\api-ms-win-crt-heap-l1-1-0.dll
0x0000020f43080000 - 0x0000020f43083000 	C:\Users\Gabriel\.openjfx\cache\13\api-ms-win-crt-locale-l1-1-0.dll
0x0000020f43090000 - 0x0000020f43095000 	C:\Users\Gabriel\.openjfx\cache\13\api-ms-win-crt-math-l1-1-0.dll
0x0000020f430a0000 - 0x0000020f430a5000 	C:\Users\Gabriel\.openjfx\cache\13\api-ms-win-crt-multibyte-l1-1-0.dll
0x0000020f430b0000 - 0x0000020f430c0000 	C:\Users\Gabriel\.openjfx\cache\13\api-ms-win-crt-private-l1-1-0.dll
0x0000020f430c0000 - 0x0000020f430c3000 	C:\Users\Gabriel\.openjfx\cache\13\api-ms-win-crt-process-l1-1-0.dll
0x0000020f430d0000 - 0x0000020f430d4000 	C:\Users\Gabriel\.openjfx\cache\13\api-ms-win-crt-runtime-l1-1-0.dll
0x0000020f430e0000 - 0x0000020f430e4000 	C:\Users\Gabriel\.openjfx\cache\13\api-ms-win-crt-stdio-l1-1-0.dll
0x0000020f430f0000 - 0x0000020f430f4000 	C:\Users\Gabriel\.openjfx\cache\13\api-ms-win-crt-string-l1-1-0.dll
0x0000020f43100000 - 0x0000020f43103000 	C:\Users\Gabriel\.openjfx\cache\13\api-ms-win-crt-time-l1-1-0.dll
0x0000020f43110000 - 0x0000020f43113000 	C:\Users\Gabriel\.openjfx\cache\13\api-ms-win-crt-utility-l1-1-0.dll
0x00007ffbbf640000 - 0x00007ffbbf73c000 	C:\Users\Gabriel\.openjfx\cache\13\ucrtbase.dll
0x00007ffbcbd80000 - 0x00007ffbcbd95000 	C:\Users\Gabriel\.openjfx\cache\13\vcruntime140.dll
0x00007ffbc35f0000 - 0x00007ffbc368b000 	C:\Users\Gabriel\.openjfx\cache\13\msvcp140.dll
0x00007ffbc9190000 - 0x00007ffbc91e1000 	C:\Users\Gabriel\.openjfx\cache\13\concrt140.dll
0x00007ffbc63f0000 - 0x00007ffbc6413000 	C:\Users\Gabriel\.openjfx\cache\13\prism_d3d.dll
0x00007ffbd2220000 - 0x00007ffbd23ef000 	C:\Windows\system32\d3d9.dll
0x00007ffbe3900000 - 0x00007ffbe392f000 	C:\Windows\SYSTEM32\dwmapi.dll
0x00007ffbe3720000 - 0x00007ffbe37be000 	C:\Windows\system32\uxtheme.dll
0x00007ffb65c40000 - 0x00007ffb6b44d000 	C:\Windows\System32\DriverStore\FileRepository\igdlh64.inf_amd64_6d1fd205efa7f979\igdumdim64.dll
0x00007ffbe7f60000 - 0x00007ffbe802d000 	C:\Windows\System32\OLEAUT32.dll
0x00007ffbe7060000 - 0x00007ffbe718a000 	C:\Windows\System32\ole32.dll
0x00007ffbe7280000 - 0x00007ffbe76e8000 	C:\Windows\System32\SETUPAPI.dll
0x00007ffbe6630000 - 0x00007ffbe667e000 	C:\Windows\System32\cfgmgr32.dll
0x00007ffbe6030000 - 0x00007ffbe6057000 	C:\Windows\System32\bcrypt.dll
0x00007ffbc2ce0000 - 0x00007ffbc2d25000 	C:\Users\Gabriel\.openjfx\cache\13\glass.dll
0x00007ffbe7190000 - 0x00007ffbe726a000 	C:\Windows\System32\COMDLG32.dll
0x00007ffbe76f0000 - 0x00007ffbe7805000 	C:\Windows\System32\MSCTF.dll
0x00007ffbd8840000 - 0x00007ffbd999e000 	C:\Windows\System32\DriverStore\FileRepository\igdlh64.inf_amd64_6d1fd205efa7f979\igc64.dll
0x00007ffbdb820000 - 0x00007ffbdb85b000 	C:\Windows\SYSTEM32\dxcore.dll
0x00007ffbcbd60000 - 0x00007ffbcbd74000 	C:\Users\Gabriel\.openjfx\cache\13\javafx_font.dll
0x00007ffbca680000 - 0x00007ffbca8ff000 	C:\Windows\SYSTEM32\dwrite.dll
0x00007ffbe6aa0000 - 0x00007ffbe6b4f000 	C:\Windows\System32\clbcatq.dll
0x00007ffbde9d0000 - 0x00007ffbdeb84000 	C:\Windows\SYSTEM32\WindowsCodecs.dll
0x00007ffbc8420000 - 0x00007ffbc845e000 	C:\Windows\system32\dataexchange.dll
0x00007ffbe1af0000 - 0x00007ffbe1d53000 	C:\Windows\system32\d3d11.dll
0x00007ffbe2780000 - 0x00007ffbe2963000 	C:\Windows\system32\dcomp.dll
0x00007ffbe45f0000 - 0x00007ffbe46e3000 	C:\Windows\system32\dxgi.dll
0x00007ffbdef60000 - 0x00007ffbdf160000 	C:\Windows\system32\twinapi.appcore.dll
0x00007ffbc2ca0000 - 0x00007ffbc2cd4000 	C:\Program Files\Common Files\Microsoft Shared\Ink\rtscom.dll
0x00007ffbce590000 - 0x00007ffbce689000 	C:\Windows\SYSTEM32\textinputframework.dll
0x00007ffbe2970000 - 0x00007ffbe2cce000 	C:\Windows\System32\CoreUIComponents.dll
0x00007ffbe3050000 - 0x00007ffbe3142000 	C:\Windows\System32\CoreMessaging.dll
0x00007ffbe4ec0000 - 0x00007ffbe4ef3000 	C:\Windows\SYSTEM32\ntmarta.dll
0x00007ffbe1990000 - 0x00007ffbe1ae4000 	C:\Windows\SYSTEM32\wintypes.dll
0x00007ffbd86f0000 - 0x00007ffbd8756000 	C:\Windows\system32\Oleacc.dll

dbghelp: loaded successfully - version: 4.0.5 - missing functions: none
symbol engine: initialized successfully - sym options: 0x614 - pdb path: .;C:\Program Files\Java\jdk-19\bin;C:\Windows\SYSTEM32;C:\Windows\WinSxS\amd64_microsoft.windows.common-controls_6595b64144ccf1df_6.0.19041.1110_none_60b5254171f9507e;C:\Program Files\Java\jdk-19\bin\server;C:\Users\Gabriel\.openjfx\cache\13;C:\Windows\System32\DriverStore\FileRepository\igdlh64.inf_amd64_6d1fd205efa7f979;C:\Program Files\Common Files\Microsoft Shared\Ink

VM Arguments:
jvm_args: --module-path=C:\Users\Gabriel\Downloads\teste4\Trabalho-Final-POO\batalha-pokemon\target\classes;C:\Users\Gabriel\.m2\repository\org\openjfx\javafx-base\13\javafx-base-13-win.jar;C:\Users\Gabriel\.m2\repository\org\openjfx\javafx-controls\13\javafx-controls-13-win.jar;C:\Users\Gabriel\.m2\repository\org\openjfx\javafx-fxml\13\javafx-fxml-13-win.jar;C:\Users\Gabriel\.m2\repository\org\openjfx\javafx-graphics\13\javafx-graphics-13-win.jar --add-modules=poo -Djdk.module.main=poo 
java_command: poo/poo.App
java_class_path (initial): C:\Users\Gabriel\.m2\repository\org\openjfx\javafx-base\13\javafx-base-13.jar;C:\Users\Gabriel\.m2\repository\org\openjfx\javafx-controls\13\javafx-controls-13.jar;C:\Users\Gabriel\.m2\repository\org\openjfx\javafx-fxml\13\javafx-fxml-13.jar;C:\Users\Gabriel\.m2\repository\org\openjfx\javafx-graphics\13\javafx-graphics-13.jar
Launcher Type: SUN_STANDARD

[Global flags]
     intx CICompilerCount                          = 4                                         {product} {ergonomic}
     uint ConcGCThreads                            = 2                                         {product} {ergonomic}
     uint G1ConcRefinementThreads                  = 8                                         {product} {ergonomic}
   size_t G1HeapRegionSize                         = 1048576                                   {product} {ergonomic}
    uintx GCDrainStackTargetSize                   = 64                                        {product} {ergonomic}
   size_t InitialHeapSize                          = 134217728                                 {product} {ergonomic}
   size_t MarkStackSize                            = 4194304                                   {product} {ergonomic}
   size_t MaxHeapSize                              = 2128609280                                {product} {ergonomic}
   size_t MaxNewSize                               = 1277165568                                {product} {ergonomic}
   size_t MinHeapDeltaBytes                        = 1048576                                   {product} {ergonomic}
   size_t MinHeapSize                              = 8388608                                   {product} {ergonomic}
    uintx NonNMethodCodeHeapSize                   = 5839372                                {pd product} {ergonomic}
    uintx NonProfiledCodeHeapSize                  = 122909434                              {pd product} {ergonomic}
    uintx ProfiledCodeHeapSize                     = 122909434                              {pd product} {ergonomic}
    uintx ReservedCodeCacheSize                    = 251658240                              {pd product} {ergonomic}
     bool SegmentedCodeCache                       = true                                      {product} {ergonomic}
   size_t SoftMaxHeapSize                          = 2128609280                             {manageable} {ergonomic}
     bool UseCompressedClassPointers               = true                           {product lp64_product} {ergonomic}
     bool UseCompressedOops                        = true                           {product lp64_product} {ergonomic}
     bool UseG1GC                                  = true                                      {product} {ergonomic}
     bool UseLargePagesIndividualAllocation        = false                                  {pd product} {ergonomic}

Logging:
Log output configuration:
 #0: stdout all=off uptime,level,tags foldmultilines=false
 #1: stderr all=off uptime,level,tags foldmultilines=false

Environment Variables:
JAVA_HOME=C:\Program Files\Java\jdk-19
PATH=C:\Program Files\Common Files\Oracle\Java\javapath;C:\Program Files\Eclipse Adoptium\jdk-17.0.4.101-hotspot\bin;C:\Program Files (x86)\Common Files\Oracle\Java\javapath;C:\Windows\system32;C:\Windows;C:\Windows\System32\Wbem;C:\Windows\System32\WindowsPowerShell\v1.0\;C:\Windows\System32\OpenSSH\;C:\Program Files\Git\cmd;C:\Users\Gabriel\AppData\Local\Microsoft\WindowsApps;C:\Users\Gabriel\AppData\Local\Programs\Microsoft VS Code\bin;C:\Users\Gabriel\AppData\Local\GitHubDesktop\bin;C:\Program Files (x86)\Maven\apache-maven-3.8.6\bin;C:\Program Files\Java\jdk-19\bin;
USERNAME=Gabriel
LANG=pt_BR.UTF-8
OS=Windows_NT
PROCESSOR_IDENTIFIER=Intel64 Family 6 Model 94 Stepping 3, GenuineIntel
TMP=C:\Users\Gabriel\AppData\Local\Temp
TEMP=C:\Users\Gabriel\AppData\Local\Temp



---------------  S Y S T E M  ---------------

OS:
 Windows 10 , 64 bit Build 19041 (10.0.19041.2251)
OS uptime: 2 days 10:37 hours

CPU: total 8 (initial active 8) (4 cores per cpu, 2 threads per core) family 6 model 94 stepping 3 microcode 0xcc, cx8, cmov, fxsr, ht, mmx, 3dnowpref, sse, sse2, sse3, ssse3, sse4.1, sse4.2, popcnt, lzcnt, tsc, tscinvbit, avx, avx2, aes, erms, clmul, bmi1, bmi2, rtm, adx, fma, vzeroupper, clflush, clflushopt, rdtscp

Memory: 4k page, system-wide physical 8112M (677M free)
TotalPageFile size 20973M (AvailPageFile size 2759M)
current process WorkingSet (physical memory assigned to process): 246M, peak: 249M
current process commit charge ("private bytes"): 362M, peak: 363M

vm_info: Java HotSpot(TM) 64-Bit Server VM (19.0.1+10-21) for windows-amd64 JRE (19.0.1+10-21), built on 2022-09-14T12:45:06Z by "mach5one" with MS VC++ 17.1 (VS2022)

END.
