#
# A fatal error has been detected by the Java Runtime Environment:
#
#  EXCEPTION_ACCESS_VIOLATION (0xc0000005) at pc=0x00007ffbc02866f0, pid=2984, tid=23156
#
# JRE version: Java(TM) SE Runtime Environment (19.0.1+10) (build 19.0.1+10-21)
# Java VM: Java HotSpot(TM) 64-Bit Server VM (19.0.1+10-21, mixed mode, sharing, tiered, compressed oops, compressed class ptrs, g1 gc, windows-amd64)
# Problematic frame:
# C  [glass.dll+0x266f0]
#
# No core dump will be written. Minidumps are not enabled by default on client versions of Windows
#
# If you would like to submit a bug report, please visit:
#   https://bugreport.java.com/bugreport/crash.jsp
#

---------------  S U M M A R Y ------------

Command Line: --module-path=C:\Users\Gabriel\Downloads\teste4\Trabalho-Final-POO\batalha-pokemon\target\classes;C:\Users\Gabriel\.m2\repository\org\openjfx\javafx-base\13\javafx-base-13-win.jar;C:\Users\Gabriel\.m2\repository\org\openjfx\javafx-controls\13\javafx-controls-13-win.jar;C:\Users\Gabriel\.m2\repository\org\openjfx\javafx-fxml\13\javafx-fxml-13-win.jar;C:\Users\Gabriel\.m2\repository\org\openjfx\javafx-graphics\13\javafx-graphics-13-win.jar --add-modules=poo -Djdk.module.main=poo poo/poo.App

Host: Intel(R) Core(TM) i7-6700HQ CPU @ 2.60GHz, 8 cores, 7G,  Windows 10 , 64 bit Build 19041 (10.0.19041.2251)
Time: Wed Nov 30 02:58:12 2022 Hora oficial do Brasil elapsed time: 305.282463 seconds (0d 0h 5m 5s)

---------------  T H R E A D  ---------------

Current thread (0x000001c5d7959540):  VMThread "VM Thread" [stack: 0x0000001feec00000,0x0000001feed00000] [id=23156]

Stack: [0x0000001feec00000,0x0000001feed00000],  sp=0x0000001feecff030,  free space=1020k
Native frames: (J=compiled Java code, j=interpreted, Vv=VM code, C=native code)
C  [glass.dll+0x266f0]


siginfo: EXCEPTION_ACCESS_VIOLATION (0xc0000005), reading address 0x0000000000000000


Registers:
RAX=0x0000000000000000, RBX=0x000001c5d7963d00, RCX=0x000001c5d7959540, RDX=0x0000001feecff030
RSP=0x0000001feecff030, RBP=0x000001c5dc933b68, RSI=0x000001c5dc933b40, RDI=0x0000558d9b4ce088
R8 =0x0000000000010002, R9 =0x0000558d9b4ce088, R10=0x0000000000008000, R11=0x0000001feecfefd0
R12=0x00007ffbc0283b84, R13=0x00007ffb761172a0, R14=0x0000001feecff138, R15=0x000001c5dc933b40
RIP=0x00007ffbc02866f0, EFLAGS=0x0000000000010206


Register to memory mapping:

RIP=0x00007ffbc02866f0 glass.dll
RAX=0x0 is NULL
RBX=0x000001c5d7963d00 is a global jni handle
RCX=0x000001c5d7959540 points into unknown readable memory: 0x00007ffb75f245e8 | e8 45 f2 75 fb 7f 00 00
RDX=0x0000001feecff030 points into unknown readable memory: 0x0000000000000000 | 00 00 00 00 00 00 00 00
RSP=0x0000001feecff030 points into unknown readable memory: 0x0000000000000000 | 00 00 00 00 00 00 00 00
RBP=0x000001c5dc933b68 points into unknown readable memory: 0x0000558d9b4ce088 | 88 e0 4c 9b 8d 55 00 00
RSI=0x000001c5dc933b40 points into unknown readable memory: 0x007fae4db37a8c88 | 88 8c 7a b3 4d ae 7f 00
RDI=0x0000558d9b4ce088 is an unknown value
R8 =0x0000000000010002 is an unknown value
R9 =0x0000558d9b4ce088 is an unknown value
R10=0x0000000000008000 is an unknown value
R11=0x0000001feecfefd0 points into unknown readable memory: 0x000001c5dc933b40 | 40 3b 93 dc c5 01 00 00
R12=0x00007ffbc0283b84 glass.dll
R13=0x00007ffb761172a0 jvm.dll
R14=0x0000001feecff138 points into unknown readable memory: 0x0000001feecff120 | 20 f1 cf ee 1f 00 00 00
R15=0x000001c5dc933b40 points into unknown readable memory: 0x007fae4db37a8c88 | 88 8c 7a b3 4d ae 7f 00


Top of Stack: (sp=0x0000001feecff030)
0x0000001feecff030:   0000000000000000 00007ffbe653f05b
0x0000001feecff040:   000001c5dc933b50 000001c5dc933b40
0x0000001feecff050:   fffffffffffffffe 00007ffbc0283b84
0x0000001feecff060:   000001c5dc933b48 00007ffbe65442d6
0x0000001feecff070:   000001c5dc933b50 000001c500000000
0x0000001feecff080:   000001c5dc933b68 000001c5dc933b40
0x0000001feecff090:   fffffffffffffffe 0000000000000000
0x0000001feecff0a0:   0000000000000001 00007ffbc0260000
0x0000001feecff0b0:   0000001feecff128 00007ffbe65441fb
0x0000001feecff0c0:   0000000000000000 0000001feecff138
0x0000001feecff0d0:   0000001feecff3f0 00007ffbe6620e40
0x0000001feecff0e0:   0000000000000000 00007ffbe65441b4
0x0000001feecff0f0:   0000000000000000 0000000000000001
0x0000001feecff100:   0000000000000001 0000001feecff128
0x0000001feecff110:   0000000000000006 00007ffbc0283a12
0x0000001feecff120:   00007ffbc029d118 0000001f00000002 

Instructions: (pc=0x00007ffbc02866f0)
0x00007ffbc02865f0:   8b 4d 60 e8 98 c9 ff ff 48 8b 55 68 48 8b 8d 08
0x00007ffbc0286600:   01 00 00 e8 49 be ff ff 33 d2 33 c9 e8 49 de ff
0x00007ffbc0286610:   ff 90 cc cc cc cc cc cc cc cc cc cc cc cc cc cc
0x00007ffbc0286620:   48 8d 8a 80 00 00 00 e9 14 e9 fe ff 48 89 54 24
0x00007ffbc0286630:   10 55 48 83 ec 20 48 8b ea 48 8d 05 dd ca ff ff
0x00007ffbc0286640:   48 83 c4 20 5d c3 cc 40 55 48 8b ea 48 8b 01 33
0x00007ffbc0286650:   c9 81 38 05 00 00 c0 0f 94 c1 8b c1 5d c3 cc 40
0x00007ffbc0286660:   55 48 83 ec 20 48 8b ea 8a 4d 40 48 83 c4 20 5d
0x00007ffbc0286670:   e9 df cd ff ff cc 40 55 48 83 ec 20 48 8b ea e8
0x00007ffbc0286680:   fc cb ff ff 8a 4d 38 48 83 c4 20 5d e9 c3 cd ff
0x00007ffbc0286690:   ff cc 40 55 48 83 ec 30 48 8b ea 48 8b 01 8b 10
0x00007ffbc02866a0:   48 89 4c 24 28 89 54 24 20 4c 8d 0d a4 d1 ff ff
0x00007ffbc02866b0:   4c 8b 45 70 8b 55 68 48 8b 4d 60 e8 30 cb ff ff
0x00007ffbc02866c0:   90 48 83 c4 30 5d c3 cc cc cc cc cc cc cc cc cc
0x00007ffbc02866d0:   40 53 48 83 ec 30 48 c7 44 24 20 fe ff ff ff 48
0x00007ffbc02866e0:   8b 1d 2a 64 01 00 48 85 db 74 16 e8 90 85 ff ff
0x00007ffbc02866f0:   4c 8b 00 48 8b d3 48 8b c8 41 ff 90 b0 00 00 00
0x00007ffbc0286700:   90 48 83 c4 30 5b c3 cc cc cc cc cc cc cc cc cc
0x00007ffbc0286710:   40 53 48 83 ec 20 48 8b 1d 9b 65 01 00 48 85 db
0x00007ffbc0286720:   74 57 b8 ff ff ff ff f0 0f c1 43 10 83 f8 01 75
0x00007ffbc0286730:   3d 48 85 db 74 38 48 8b 0b 48 85 c9 74 0d ff 15
0x00007ffbc0286740:   64 0b 00 00 48 c7 03 00 00 00 00 48 8b 4b 08 48
0x00007ffbc0286750:   85 c9 74 0d e8 37 c8 ff ff 48 c7 43 08 00 00 00
0x00007ffbc0286760:   00 ba 18 00 00 00 48 8b cb e8 22 c8 ff ff 48 c7
0x00007ffbc0286770:   05 3f 65 01 00 00 00 00 00 48 83 c4 20 5b c3 cc
0x00007ffbc0286780:   40 53 48 83 ec 20 48 8b 1d 0b 65 01 00 48 85 db
0x00007ffbc0286790:   74 57 b8 ff ff ff ff f0 0f c1 43 10 83 f8 01 75
0x00007ffbc02867a0:   3d 48 85 db 74 38 48 8b 0b 48 85 c9 74 0d ff 15
0x00007ffbc02867b0:   f4 0a 00 00 48 c7 03 00 00 00 00 48 8b 4b 08 48
0x00007ffbc02867c0:   85 c9 74 0d e8 c7 c7 ff ff 48 c7 43 08 00 00 00
0x00007ffbc02867d0:   00 ba 18 00 00 00 48 8b cb e8 b2 c7 ff ff 48 c7
0x00007ffbc02867e0:   05 af 64 01 00 00 00 00 00 48 83 c4 20 5b c3 cc 


Stack slot to memory mapping:
stack at sp + 0 slots: 0x0 is NULL
stack at sp + 1 slots: 0x00007ffbe653f05b ucrtbase.dll
stack at sp + 2 slots: 0x000001c5dc933b50 points into unknown readable memory: 0x0000558d9b4ce088 | 88 e0 4c 9b 8d 55 00 00
stack at sp + 3 slots: 0x000001c5dc933b40 points into unknown readable memory: 0x007fae4db37a8c88 | 88 8c 7a b3 4d ae 7f 00
stack at sp + 4 slots: 0xfffffffffffffffe is an unknown value
stack at sp + 5 slots: 0x00007ffbc0283b84 glass.dll
stack at sp + 6 slots: 0x000001c5dc933b48 points into unknown readable memory: 0x0000558d9b4ce088 | 88 e0 4c 9b 8d 55 00 00
stack at sp + 7 slots: 0x00007ffbe65442d6 ucrtbase.dll

VM_Operation (0x0000001fefbfc3a0): Exit, mode: safepoint, requested by thread 0x000001c5dca0f850


---------------  P R O C E S S  ---------------

Threads class SMR info:
_java_thread_list=0x000001c5dd5bfcc0, length=19, elements={
0x000001c5b703e790, 0x000001c5d7971de0, 0x000001c5d79727e0, 0x000001c5d79750a0,
0x000001c5d79775f0, 0x000001c5d7977c70, 0x000001c5d79781b0, 0x000001c5d7986b90,
0x000001c5d798db80, 0x000001c5d7998100, 0x000001c5d79495a0, 0x000001c5dc3b1420,
0x000001c5dc3bbf20, 0x000001c5dca012d0, 0x000001c5dca0f850, 0x000001c5dcb9fd60,
0x000001c5dcb9ed80, 0x000001c5dd144980, 0x000001c5dd143440
}

Java Threads: ( => current thread )
  0x000001c5b703e790 JavaThread "main" [_thread_blocked, id=5864, stack(0x0000001fee600000,0x0000001fee700000)]
  0x000001c5d7971de0 JavaThread "Reference Handler" daemon [_thread_blocked, id=9692, stack(0x0000001feed00000,0x0000001feee00000)]
  0x000001c5d79727e0 JavaThread "Finalizer" daemon [_thread_blocked, id=18164, stack(0x0000001feee00000,0x0000001feef00000)]
  0x000001c5d79750a0 JavaThread "Signal Dispatcher" daemon [_thread_blocked, id=19684, stack(0x0000001feef00000,0x0000001fef000000)]
  0x000001c5d79775f0 JavaThread "Attach Listener" daemon [_thread_blocked, id=13792, stack(0x0000001fef000000,0x0000001fef100000)]
  0x000001c5d7977c70 JavaThread "Service Thread" daemon [_thread_blocked, id=23196, stack(0x0000001fef100000,0x0000001fef200000)]
  0x000001c5d79781b0 JavaThread "Monitor Deflation Thread" daemon [_thread_blocked, id=3456, stack(0x0000001fef200000,0x0000001fef300000)]
  0x000001c5d7986b90 JavaThread "C2 CompilerThread0" daemon [_thread_blocked, id=21192, stack(0x0000001fef300000,0x0000001fef400000)]
  0x000001c5d798db80 JavaThread "C1 CompilerThread0" daemon [_thread_blocked, id=8036, stack(0x0000001fef400000,0x0000001fef500000)]
  0x000001c5d7998100 JavaThread "Sweeper thread" daemon [_thread_blocked, id=21924, stack(0x0000001fef500000,0x0000001fef600000)]
  0x000001c5d79495a0 JavaThread "Common-Cleaner" daemon [_thread_blocked, id=22596, stack(0x0000001fef600000,0x0000001fef700000)]
  0x000001c5dc3b1420 JavaThread "Notification Thread" daemon [_thread_blocked, id=19468, stack(0x0000001fef900000,0x0000001fefa00000)]
  0x000001c5dc3bbf20 JavaThread "QuantumRenderer-0" daemon [_thread_blocked, id=9120, stack(0x0000001fef800000,0x0000001fef900000)]
  0x000001c5dca012d0 JavaThread "InvokeLaterDispatcher" daemon [_thread_blocked, id=22676, stack(0x0000001fef700000,0x0000001fef800000)]
  0x000001c5dca0f850 JavaThread "JavaFX Application Thread" [_thread_blocked, id=22060, stack(0x0000001fefb00000,0x0000001fefc00000)]
  0x000001c5dcb9fd60 JavaThread "Thread-1" daemon [_thread_in_native, id=20492, stack(0x0000001feff00000,0x0000001ff0000000)]
  0x000001c5dcb9ed80 JavaThread "JavaFX-Launcher" [_thread_blocked, id=14244, stack(0x0000001ff0000000,0x0000001ff0100000)]
  0x000001c5dd144980 JavaThread "Prism Font Disposer" daemon [_thread_blocked, id=8856, stack(0x0000001ff0a00000,0x0000001ff0b00000)]
  0x000001c5dd143440 JavaThread "Cleaner-0" daemon [_thread_blocked, id=2108, stack(0x0000001ff0600000,0x0000001ff0700000)]

Other Threads:
=>0x000001c5d7959540 VMThread "VM Thread" [stack: 0x0000001feec00000,0x0000001feed00000] [id=23156]
  0x000001c5b919bd90 WorkerThread "GC Thread#0" [stack: 0x0000001fee700000,0x0000001fee800000] [id=20272]
  0x000001c5dcc0d830 WorkerThread "GC Thread#1" [stack: 0x0000001ff0100000,0x0000001ff0200000] [id=7880]
  0x000001c5dcc62760 WorkerThread "GC Thread#2" [stack: 0x0000001ff0200000,0x0000001ff0300000] [id=20824]
  0x000001c5dcc62a30 WorkerThread "GC Thread#3" [stack: 0x0000001ff0300000,0x0000001ff0400000] [id=10820]
  0x000001c5dcc45130 WorkerThread "GC Thread#4" [stack: 0x0000001ff0400000,0x0000001ff0500000] [id=3300]
  0x000001c5dcc44e60 WorkerThread "GC Thread#5" [stack: 0x0000001ff0500000,0x0000001ff0600000] [id=20632]
  0x000001c5dcc459a0 WorkerThread "GC Thread#6" [stack: 0x0000001ff0b00000,0x0000001ff0c00000] [id=2820]
  0x000001c5dcc44050 WorkerThread "GC Thread#7" [stack: 0x0000001ff0c00000,0x0000001ff0d00000] [id=19320]
  0x000001c5b91acc50 ConcurrentGCThread "G1 Main Marker" terminated
  0x000001c5b91ade20 WorkerThread "G1 Conc#0" [stack: 0x0000001fee900000,0x0000001feea00000] [id=10216]
  0x000001c5d78170f0 ConcurrentGCThread "G1 Refine#0" terminated
  0x000001c5d7819850 ConcurrentGCThread "G1 Service" terminated

Threads with active compile tasks:

VM state: at safepoint (shutting down)

VM Mutex/Monitor currently owned by a thread:  ([mutex/lock_event])
[0x000001c5b703b2d0] Threads_lock - owner thread: 0x000001c5d7959540
[0x000001c5b703be10] Heap_lock - owner thread: 0x000001c5dca0f850

Heap address: 0x0000000081200000, size: 2030 MB, Compressed Oops mode: 32-bit

CDS archive(s) mapped at: [0x0000000800000000-0x0000000800c40000-0x0000000800c40000), size 12845056, SharedBaseAddress: 0x0000000800000000, ArchiveRelocationMode: 0.
Compressed class space mapped at: 0x0000000801000000-0x0000000841000000, reserved size: 1073741824
Narrow klass base: 0x0000000800000000, Narrow klass shift: 0, Narrow klass range: 0x100000000

GC Precious Log:
 CardTable entry size: 512
 Card Set container configuration: InlinePtr #cards 5 size 8 Array Of Cards #cards 12 size 40 Howl #buckets 4 coarsen threshold 1843 Howl Bitmap #cards 512 size 80 coarsen threshold 460 Card regions per heap region 1 cards per card region 2048
 CPUs: 8 total, 8 available
 Memory: 8112M
 Large Page Support: Disabled
 NUMA Support: Disabled
 Compressed Oops: Enabled (32-bit)
 Heap Region Size: 1M
 Heap Min Capacity: 8M
 Heap Initial Capacity: 128M
 Heap Max Capacity: 2030M
 Pre-touch: Disabled
 Parallel Workers: 8
 Concurrent Workers: 2
 Concurrent Refinement Workers: 8
 Periodic GC: Disabled

Heap:
 garbage-first heap   total 131072K, used 79040K [0x0000000081200000, 0x0000000100000000)
  region size 1024K, 37 young (37888K), 7 survivors (7168K)
 Metaspace       used 18452K, committed 18752K, reserved 1114112K
  class space    used 2431K, committed 2560K, reserved 1048576K

Heap Regions: E=young(eden), S=young(survivor), O=old, HS=humongous(starts), HC=humongous(continues), CS=collection set, F=free, OA=open archive, CA=closed archive, TAMS=top-at-mark-start (previous, next)
|   0|0x0000000081200000, 0x0000000081300000, 0x0000000081300000|100%|HS|  |TAMS 0x0000000081200000, 0x0000000081200000| Complete 
|   1|0x0000000081300000, 0x0000000081400000, 0x0000000081400000|100%|HC|  |TAMS 0x0000000081300000, 0x0000000081300000| Complete 
|   2|0x0000000081400000, 0x0000000081500000, 0x0000000081500000|100%|HC|  |TAMS 0x0000000081400000, 0x0000000081400000| Complete 
|   3|0x0000000081500000, 0x0000000081600000, 0x0000000081600000|100%|HC|  |TAMS 0x0000000081500000, 0x0000000081500000| Complete 
|   4|0x0000000081600000, 0x0000000081700000, 0x0000000081700000|100%|HC|  |TAMS 0x0000000081600000, 0x0000000081600000| Complete 
|   5|0x0000000081700000, 0x0000000081800000, 0x0000000081800000|100%|HC|  |TAMS 0x0000000081700000, 0x0000000081700000| Complete 
|   6|0x0000000081800000, 0x0000000081900000, 0x0000000081900000|100%|HS|  |TAMS 0x0000000081800000, 0x0000000081800000| Complete 
|   7|0x0000000081900000, 0x0000000081a00000, 0x0000000081a00000|100%|HC|  |TAMS 0x0000000081900000, 0x0000000081900000| Complete 
|   8|0x0000000081a00000, 0x0000000081b00000, 0x0000000081b00000|100%|HC|  |TAMS 0x0000000081a00000, 0x0000000081a00000| Complete 
|   9|0x0000000081b00000, 0x0000000081c00000, 0x0000000081c00000|100%|HS|  |TAMS 0x0000000081b00000, 0x0000000081b00000| Complete 
|  10|0x0000000081c00000, 0x0000000081d00000, 0x0000000081d00000|100%|HC|  |TAMS 0x0000000081c00000, 0x0000000081c00000| Complete 
|  11|0x0000000081d00000, 0x0000000081e00000, 0x0000000081e00000|100%| O|  |TAMS 0x0000000081d00000, 0x0000000081d00000| Untracked 
|  12|0x0000000081e00000, 0x0000000081f00000, 0x0000000081f00000|100%| O|  |TAMS 0x0000000081e00000, 0x0000000081e00000| Untracked 
|  13|0x0000000081f00000, 0x0000000081f8c200, 0x0000000082000000| 54%| O|  |TAMS 0x0000000081f00000, 0x0000000081f00000| Untracked 
|  14|0x0000000082000000, 0x0000000082100000, 0x0000000082100000|100%|HS|  |TAMS 0x0000000082000000, 0x0000000082000000| Complete 
|  15|0x0000000082100000, 0x0000000082200000, 0x0000000082200000|100%|HC|  |TAMS 0x0000000082100000, 0x0000000082100000| Complete 
|  16|0x0000000082200000, 0x0000000082300000, 0x0000000082300000|100%|HC|  |TAMS 0x0000000082200000, 0x0000000082200000| Complete 
|  17|0x0000000082300000, 0x0000000082400000, 0x0000000082400000|100%|HS|  |TAMS 0x0000000082300000, 0x0000000082300000| Complete 
|  18|0x0000000082400000, 0x0000000082500000, 0x0000000082500000|100%|HC|  |TAMS 0x0000000082400000, 0x0000000082400000| Complete 
|  19|0x0000000082500000, 0x0000000082600000, 0x0000000082600000|100%|HC|  |TAMS 0x0000000082500000, 0x0000000082500000| Complete 
|  20|0x0000000082600000, 0x0000000082700000, 0x0000000082700000|100%|HS|  |TAMS 0x0000000082600000, 0x0000000082600000| Complete 
|  21|0x0000000082700000, 0x0000000082800000, 0x0000000082800000|100%|HC|  |TAMS 0x0000000082700000, 0x0000000082700000| Complete 
|  22|0x0000000082800000, 0x0000000082900000, 0x0000000082900000|100%|HC|  |TAMS 0x0000000082800000, 0x0000000082800000| Complete 
|  23|0x0000000082900000, 0x0000000082a00000, 0x0000000082a00000|100%|HS|  |TAMS 0x0000000082900000, 0x0000000082900000| Complete 
|  24|0x0000000082a00000, 0x0000000082b00000, 0x0000000082b00000|100%|HS|  |TAMS 0x0000000082a00000, 0x0000000082a00000| Complete 
|  25|0x0000000082b00000, 0x0000000082c00000, 0x0000000082c00000|100%|HC|  |TAMS 0x0000000082b00000, 0x0000000082b00000| Complete 
|  26|0x0000000082c00000, 0x0000000082d00000, 0x0000000082d00000|100%|HC|  |TAMS 0x0000000082c00000, 0x0000000082c00000| Complete 
|  27|0x0000000082d00000, 0x0000000082e00000, 0x0000000082e00000|100%|HS|  |TAMS 0x0000000082d00000, 0x0000000082d00000| Complete 
|  28|0x0000000082e00000, 0x0000000082f00000, 0x0000000082f00000|100%|HC|  |TAMS 0x0000000082e00000, 0x0000000082e00000| Complete 
|  29|0x0000000082f00000, 0x0000000083000000, 0x0000000083000000|100%|HC|  |TAMS 0x0000000082f00000, 0x0000000082f00000| Complete 
|  30|0x0000000083000000, 0x0000000083100000, 0x0000000083100000|100%|HS|  |TAMS 0x0000000083000000, 0x0000000083000000| Complete 
|  31|0x0000000083100000, 0x0000000083200000, 0x0000000083200000|100%|HC|  |TAMS 0x0000000083100000, 0x0000000083100000| Complete 
|  32|0x0000000083200000, 0x0000000083300000, 0x0000000083300000|100%|HC|  |TAMS 0x0000000083200000, 0x0000000083200000| Complete 
|  33|0x0000000083300000, 0x0000000083400000, 0x0000000083400000|100%|HS|  |TAMS 0x0000000083300000, 0x0000000083300000| Complete 
|  34|0x0000000083400000, 0x0000000083500000, 0x0000000083500000|100%|HC|  |TAMS 0x0000000083400000, 0x0000000083400000| Complete 
|  35|0x0000000083500000, 0x0000000083600000, 0x0000000083600000|100%|HC|  |TAMS 0x0000000083500000, 0x0000000083500000| Complete 
|  36|0x0000000083600000, 0x0000000083700000, 0x0000000083700000|100%|HS|  |TAMS 0x0000000083600000, 0x0000000083600000| Complete 
|  37|0x0000000083700000, 0x0000000083800000, 0x0000000083800000|100%|HC|  |TAMS 0x0000000083700000, 0x0000000083700000| Complete 
|  38|0x0000000083800000, 0x0000000083900000, 0x0000000083900000|100%|HC|  |TAMS 0x0000000083800000, 0x0000000083800000| Complete 
|  39|0x0000000083900000, 0x0000000083a00000, 0x0000000083a00000|100%|HS|  |TAMS 0x0000000083900000, 0x0000000083900000| Complete 
|  40|0x0000000083a00000, 0x0000000083b00000, 0x0000000083b00000|100%|HC|  |TAMS 0x0000000083a00000, 0x0000000083a00000| Complete 
|  41|0x0000000083b00000, 0x0000000083c00000, 0x0000000083c00000|100%|HC|  |TAMS 0x0000000083b00000, 0x0000000083b00000| Complete 
|  42|0x0000000083c00000, 0x0000000083c00000, 0x0000000083d00000|  0%| F|  |TAMS 0x0000000083c00000, 0x0000000083c00000| Untracked 
|  43|0x0000000083d00000, 0x0000000083d00000, 0x0000000083e00000|  0%| F|  |TAMS 0x0000000083d00000, 0x0000000083d00000| Untracked 
|  44|0x0000000083e00000, 0x0000000083e00000, 0x0000000083f00000|  0%| F|  |TAMS 0x0000000083e00000, 0x0000000083e00000| Untracked 
|  45|0x0000000083f00000, 0x0000000083fa3f20, 0x0000000084000000| 64%| S|CS|TAMS 0x0000000083f00000, 0x0000000083f00000| Complete 
|  46|0x0000000084000000, 0x0000000084100000, 0x0000000084100000|100%| S|CS|TAMS 0x0000000084000000, 0x0000000084000000| Complete 
|  47|0x0000000084100000, 0x0000000084200000, 0x0000000084200000|100%| S|CS|TAMS 0x0000000084100000, 0x0000000084100000| Complete 
|  48|0x0000000084200000, 0x0000000084300000, 0x0000000084300000|100%| S|CS|TAMS 0x0000000084200000, 0x0000000084200000| Complete 
|  49|0x0000000084300000, 0x0000000084400000, 0x0000000084400000|100%| S|CS|TAMS 0x0000000084300000, 0x0000000084300000| Complete 
|  50|0x0000000084400000, 0x0000000084500000, 0x0000000084500000|100%| S|CS|TAMS 0x0000000084400000, 0x0000000084400000| Complete 
|  51|0x0000000084500000, 0x0000000084600000, 0x0000000084600000|100%| S|CS|TAMS 0x0000000084500000, 0x0000000084500000| Complete 
|  52|0x0000000084600000, 0x0000000084600000, 0x0000000084700000|  0%| F|  |TAMS 0x0000000084600000, 0x0000000084600000| Untracked 
|  53|0x0000000084700000, 0x0000000084700000, 0x0000000084800000|  0%| F|  |TAMS 0x0000000084700000, 0x0000000084700000| Untracked 
|  54|0x0000000084800000, 0x0000000084800000, 0x0000000084900000|  0%| F|  |TAMS 0x0000000084800000, 0x0000000084800000| Untracked 
|  55|0x0000000084900000, 0x0000000084900000, 0x0000000084a00000|  0%| F|  |TAMS 0x0000000084900000, 0x0000000084900000| Untracked 
|  56|0x0000000084a00000, 0x0000000084a00000, 0x0000000084b00000|  0%| F|  |TAMS 0x0000000084a00000, 0x0000000084a00000| Untracked 
|  57|0x0000000084b00000, 0x0000000084b00000, 0x0000000084c00000|  0%| F|  |TAMS 0x0000000084b00000, 0x0000000084b00000| Untracked 
|  58|0x0000000084c00000, 0x0000000084c00000, 0x0000000084d00000|  0%| F|  |TAMS 0x0000000084c00000, 0x0000000084c00000| Untracked 
|  59|0x0000000084d00000, 0x0000000084d00000, 0x0000000084e00000|  0%| F|  |TAMS 0x0000000084d00000, 0x0000000084d00000| Untracked 
|  60|0x0000000084e00000, 0x0000000084e00000, 0x0000000084f00000|  0%| F|  |TAMS 0x0000000084e00000, 0x0000000084e00000| Untracked 
|  61|0x0000000084f00000, 0x0000000084f00000, 0x0000000085000000|  0%| F|  |TAMS 0x0000000084f00000, 0x0000000084f00000| Untracked 
|  62|0x0000000085000000, 0x0000000085000000, 0x0000000085100000|  0%| F|  |TAMS 0x0000000085000000, 0x0000000085000000| Untracked 
|  63|0x0000000085100000, 0x0000000085100000, 0x0000000085200000|  0%| F|  |TAMS 0x0000000085100000, 0x0000000085100000| Untracked 
|  64|0x0000000085200000, 0x0000000085200000, 0x0000000085300000|  0%| F|  |TAMS 0x0000000085200000, 0x0000000085200000| Untracked 
|  65|0x0000000085300000, 0x0000000085300000, 0x0000000085400000|  0%| F|  |TAMS 0x0000000085300000, 0x0000000085300000| Untracked 
|  66|0x0000000085400000, 0x0000000085400000, 0x0000000085500000|  0%| F|  |TAMS 0x0000000085400000, 0x0000000085400000| Untracked 
|  67|0x0000000085500000, 0x0000000085500000, 0x0000000085600000|  0%| F|  |TAMS 0x0000000085500000, 0x0000000085500000| Untracked 
|  68|0x0000000085600000, 0x0000000085600000, 0x0000000085700000|  0%| F|  |TAMS 0x0000000085600000, 0x0000000085600000| Untracked 
|  69|0x0000000085700000, 0x0000000085700000, 0x0000000085800000|  0%| F|  |TAMS 0x0000000085700000, 0x0000000085700000| Untracked 
|  70|0x0000000085800000, 0x0000000085800000, 0x0000000085900000|  0%| F|  |TAMS 0x0000000085800000, 0x0000000085800000| Untracked 
|  71|0x0000000085900000, 0x0000000085900000, 0x0000000085a00000|  0%| F|  |TAMS 0x0000000085900000, 0x0000000085900000| Untracked 
|  72|0x0000000085a00000, 0x0000000085a00000, 0x0000000085b00000|  0%| F|  |TAMS 0x0000000085a00000, 0x0000000085a00000| Untracked 
|  73|0x0000000085b00000, 0x0000000085b00000, 0x0000000085c00000|  0%| F|  |TAMS 0x0000000085b00000, 0x0000000085b00000| Untracked 
|  74|0x0000000085c00000, 0x0000000085c00000, 0x0000000085d00000|  0%| F|  |TAMS 0x0000000085c00000, 0x0000000085c00000| Untracked 
|  75|0x0000000085d00000, 0x0000000085d00000, 0x0000000085e00000|  0%| F|  |TAMS 0x0000000085d00000, 0x0000000085d00000| Untracked 
|  76|0x0000000085e00000, 0x0000000085e00000, 0x0000000085f00000|  0%| F|  |TAMS 0x0000000085e00000, 0x0000000085e00000| Untracked 
|  77|0x0000000085f00000, 0x0000000085f00000, 0x0000000086000000|  0%| F|  |TAMS 0x0000000085f00000, 0x0000000085f00000| Untracked 
|  78|0x0000000086000000, 0x0000000086000000, 0x0000000086100000|  0%| F|  |TAMS 0x0000000086000000, 0x0000000086000000| Untracked 
|  79|0x0000000086100000, 0x0000000086100000, 0x0000000086200000|  0%| F|  |TAMS 0x0000000086100000, 0x0000000086100000| Untracked 
|  80|0x0000000086200000, 0x0000000086200000, 0x0000000086300000|  0%| F|  |TAMS 0x0000000086200000, 0x0000000086200000| Untracked 
|  81|0x0000000086300000, 0x0000000086300000, 0x0000000086400000|  0%| F|  |TAMS 0x0000000086300000, 0x0000000086300000| Untracked 
|  82|0x0000000086400000, 0x0000000086400000, 0x0000000086500000|  0%| F|  |TAMS 0x0000000086400000, 0x0000000086400000| Untracked 
|  83|0x0000000086500000, 0x0000000086500000, 0x0000000086600000|  0%| F|  |TAMS 0x0000000086500000, 0x0000000086500000| Untracked 
|  84|0x0000000086600000, 0x0000000086600000, 0x0000000086700000|  0%| F|  |TAMS 0x0000000086600000, 0x0000000086600000| Untracked 
|  85|0x0000000086700000, 0x0000000086700000, 0x0000000086800000|  0%| F|  |TAMS 0x0000000086700000, 0x0000000086700000| Untracked 
|  86|0x0000000086800000, 0x0000000086800000, 0x0000000086900000|  0%| F|  |TAMS 0x0000000086800000, 0x0000000086800000| Untracked 
|  87|0x0000000086900000, 0x0000000086900000, 0x0000000086a00000|  0%| F|  |TAMS 0x0000000086900000, 0x0000000086900000| Untracked 
|  88|0x0000000086a00000, 0x0000000086a00000, 0x0000000086b00000|  0%| F|  |TAMS 0x0000000086a00000, 0x0000000086a00000| Untracked 
|  89|0x0000000086b00000, 0x0000000086b00000, 0x0000000086c00000|  0%| F|  |TAMS 0x0000000086b00000, 0x0000000086b00000| Untracked 
|  90|0x0000000086c00000, 0x0000000086c00000, 0x0000000086d00000|  0%| F|  |TAMS 0x0000000086c00000, 0x0000000086c00000| Untracked 
|  91|0x0000000086d00000, 0x0000000086d00000, 0x0000000086e00000|  0%| F|  |TAMS 0x0000000086d00000, 0x0000000086d00000| Untracked 
|  92|0x0000000086e00000, 0x0000000086e00000, 0x0000000086f00000|  0%| F|  |TAMS 0x0000000086e00000, 0x0000000086e00000| Untracked 
|  93|0x0000000086f00000, 0x0000000086f00000, 0x0000000087000000|  0%| F|  |TAMS 0x0000000086f00000, 0x0000000086f00000| Untracked 
|  94|0x0000000087000000, 0x0000000087000000, 0x0000000087100000|  0%| F|  |TAMS 0x0000000087000000, 0x0000000087000000| Untracked 
|  95|0x0000000087100000, 0x0000000087100000, 0x0000000087200000|  0%| F|  |TAMS 0x0000000087100000, 0x0000000087100000| Untracked 
|  96|0x0000000087200000, 0x0000000087200000, 0x0000000087300000|  0%| F|  |TAMS 0x0000000087200000, 0x0000000087200000| Untracked 
|  97|0x0000000087300000, 0x0000000087300000, 0x0000000087400000|  0%| F|  |TAMS 0x0000000087300000, 0x0000000087300000| Untracked 
|  98|0x0000000087400000, 0x00000000874c97a0, 0x0000000087500000| 78%| E|  |TAMS 0x0000000087400000, 0x0000000087400000| Complete 
|  99|0x0000000087500000, 0x0000000087600000, 0x0000000087600000|100%| E|CS|TAMS 0x0000000087500000, 0x0000000087500000| Complete 
| 100|0x0000000087600000, 0x0000000087700000, 0x0000000087700000|100%| E|CS|TAMS 0x0000000087600000, 0x0000000087600000| Complete 
| 101|0x0000000087700000, 0x0000000087800000, 0x0000000087800000|100%| E|CS|TAMS 0x0000000087700000, 0x0000000087700000| Complete 
| 102|0x0000000087800000, 0x0000000087900000, 0x0000000087900000|100%| E|CS|TAMS 0x0000000087800000, 0x0000000087800000| Complete 
| 103|0x0000000087900000, 0x0000000087a00000, 0x0000000087a00000|100%| E|CS|TAMS 0x0000000087900000, 0x0000000087900000| Complete 
| 104|0x0000000087a00000, 0x0000000087b00000, 0x0000000087b00000|100%| E|CS|TAMS 0x0000000087a00000, 0x0000000087a00000| Complete 
| 105|0x0000000087b00000, 0x0000000087c00000, 0x0000000087c00000|100%| E|CS|TAMS 0x0000000087b00000, 0x0000000087b00000| Complete 
| 106|0x0000000087c00000, 0x0000000087d00000, 0x0000000087d00000|100%| E|CS|TAMS 0x0000000087c00000, 0x0000000087c00000| Complete 
| 107|0x0000000087d00000, 0x0000000087e00000, 0x0000000087e00000|100%| E|CS|TAMS 0x0000000087d00000, 0x0000000087d00000| Complete 
| 108|0x0000000087e00000, 0x0000000087f00000, 0x0000000087f00000|100%| E|CS|TAMS 0x0000000087e00000, 0x0000000087e00000| Complete 
| 109|0x0000000087f00000, 0x0000000088000000, 0x0000000088000000|100%| E|CS|TAMS 0x0000000087f00000, 0x0000000087f00000| Complete 
| 110|0x0000000088000000, 0x0000000088100000, 0x0000000088100000|100%| E|CS|TAMS 0x0000000088000000, 0x0000000088000000| Complete 
| 111|0x0000000088100000, 0x0000000088200000, 0x0000000088200000|100%| E|CS|TAMS 0x0000000088100000, 0x0000000088100000| Complete 
| 112|0x0000000088200000, 0x0000000088300000, 0x0000000088300000|100%| E|CS|TAMS 0x0000000088200000, 0x0000000088200000| Complete 
| 113|0x0000000088300000, 0x0000000088400000, 0x0000000088400000|100%| E|CS|TAMS 0x0000000088300000, 0x0000000088300000| Complete 
| 114|0x0000000088400000, 0x0000000088500000, 0x0000000088500000|100%| E|CS|TAMS 0x0000000088400000, 0x0000000088400000| Complete 
| 115|0x0000000088500000, 0x0000000088600000, 0x0000000088600000|100%| E|CS|TAMS 0x0000000088500000, 0x0000000088500000| Complete 
| 116|0x0000000088600000, 0x0000000088700000, 0x0000000088700000|100%| E|CS|TAMS 0x0000000088600000, 0x0000000088600000| Complete 
| 117|0x0000000088700000, 0x0000000088800000, 0x0000000088800000|100%| E|CS|TAMS 0x0000000088700000, 0x0000000088700000| Complete 
| 118|0x0000000088800000, 0x0000000088900000, 0x0000000088900000|100%| E|CS|TAMS 0x0000000088800000, 0x0000000088800000| Complete 
| 119|0x0000000088900000, 0x0000000088a00000, 0x0000000088a00000|100%| E|CS|TAMS 0x0000000088900000, 0x0000000088900000| Complete 
| 120|0x0000000088a00000, 0x0000000088b00000, 0x0000000088b00000|100%| E|CS|TAMS 0x0000000088a00000, 0x0000000088a00000| Complete 
| 121|0x0000000088b00000, 0x0000000088c00000, 0x0000000088c00000|100%| E|CS|TAMS 0x0000000088b00000, 0x0000000088b00000| Complete 
| 122|0x0000000088c00000, 0x0000000088d00000, 0x0000000088d00000|100%| E|CS|TAMS 0x0000000088c00000, 0x0000000088c00000| Complete 
| 123|0x0000000088d00000, 0x0000000088e00000, 0x0000000088e00000|100%| E|CS|TAMS 0x0000000088d00000, 0x0000000088d00000| Complete 
| 124|0x0000000088e00000, 0x0000000088f00000, 0x0000000088f00000|100%| E|CS|TAMS 0x0000000088e00000, 0x0000000088e00000| Complete 
| 125|0x0000000088f00000, 0x0000000089000000, 0x0000000089000000|100%| E|CS|TAMS 0x0000000088f00000, 0x0000000088f00000| Complete 
| 126|0x0000000089000000, 0x0000000089100000, 0x0000000089100000|100%| E|CS|TAMS 0x0000000089000000, 0x0000000089000000| Complete 
| 127|0x0000000089100000, 0x0000000089200000, 0x0000000089200000|100%| E|CS|TAMS 0x0000000089100000, 0x0000000089100000| Complete 

Card table byte_map: [0x000001c5d07e0000,0x000001c5d0be0000] _byte_map_base: 0x000001c5d03d7000

Marking Bits (Prev, Next): (CMBitMap*) 0x000001c5b919c3c0, (CMBitMap*) 0x000001c5b919c400
 Prev Bits: [0x000001c5d0fe0000, 0x000001c5d2f98000)
 Next Bits: [0x000001c5d2fa0000, 0x000001c5d4f58000)

Polling page: 0x000001c5b8910000

Metaspace:

Usage:
  Non-class:     15.64 MB used.
      Class:      2.37 MB used.
       Both:     18.02 MB used.

Virtual space:
  Non-class space:       64.00 MB reserved,      15.81 MB ( 25%) committed,  1 nodes.
      Class space:        1.00 GB reserved,       2.50 MB ( <1%) committed,  1 nodes.
             Both:        1.06 GB reserved,      18.31 MB (  2%) committed. 

Chunk freelists:
   Non-Class:  3.91 MB
       Class:  1.33 MB
        Both:  5.23 MB

MaxMetaspaceSize: unlimited
CompressedClassSpaceSize: 1.00 GB
Initial GC threshold: 21.00 MB
Current GC threshold: 21.00 MB
CDS: on
MetaspaceReclaimPolicy: balanced
 - commit_granule_bytes: 65536.
 - commit_granule_words: 8192.
 - virtual_space_node_default_size: 8388608.
 - enlarge_chunks_in_place: 1.
 - new_chunks_are_fully_committed: 0.
 - uncommit_free_chunks: 1.
 - use_allocation_guard: 0.


Internal statistics:

num_allocs_failed_limit: 0.
num_arena_births: 344.
num_arena_deaths: 0.
num_vsnodes_births: 2.
num_vsnodes_deaths: 0.
num_space_committed: 293.
num_space_uncommitted: 0.
num_chunks_returned_to_freelist: 0.
num_chunks_taken_from_freelist: 973.
num_chunk_merges: 0.
num_chunk_splits: 700.
num_chunks_enlarged: 543.
num_inconsistent_stats: 0.

CodeHeap 'non-profiled nmethods': size=120000Kb used=3659Kb max_used=3659Kb free=116340Kb
 bounds [0x000001c5c8b80000, 0x000001c5c8f20000, 0x000001c5d00b0000]
CodeHeap 'profiled nmethods': size=120000Kb used=10929Kb max_used=11474Kb free=109071Kb
 bounds [0x000001c5c10b0000, 0x000001c5c1c40000, 0x000001c5c85e0000]
CodeHeap 'non-nmethods': size=5760Kb used=1553Kb max_used=1630Kb free=4206Kb
 bounds [0x000001c5c85e0000, 0x000001c5c8850000, 0x000001c5c8b80000]
 total_blobs=6298 nmethods=5459 adapters=749
 compilation: enabled
              stopped_count=0, restarted_count=0
 full_count=0

Compilation events (20 events):
Event: 304.137 Thread 0x000001c5d798db80 nmethod 6266 0x000001c5c168bb10 code [0x000001c5c168bd60, 0x000001c5c168c678]
Event: 304.137 Thread 0x000001c5d798db80 6267       3       javafx.scene.layout.Region::snapPositionX (10 bytes)
Event: 304.138 Thread 0x000001c5d798db80 nmethod 6267 0x000001c5c12fd890 code [0x000001c5c12fdb00, 0x000001c5c12fe498]
Event: 304.138 Thread 0x000001c5d798db80 6268       3       javafx.scene.layout.Region::snapPositionX (17 bytes)
Event: 304.141 Thread 0x000001c5d798db80 nmethod 6268 0x000001c5c12fca10 code [0x000001c5c12fcc60, 0x000001c5c12fd578]
Event: 304.147 Thread 0x000001c5d7986b90 nmethod 6251 0x000001c5c8f10810 code [0x000001c5c8f10a00, 0x000001c5c8f11398]
Event: 304.147 Thread 0x000001c5d7986b90 6252       4       javafx.scene.Node::reapplyCSS (74 bytes)
Event: 304.148 Thread 0x000001c5d798db80 6270       3       javafx.scene.Node::pseudoClassStateChanged (59 bytes)
Event: 304.149 Thread 0x000001c5d798db80 nmethod 6270 0x000001c5c1659c90 code [0x000001c5c1659e80, 0x000001c5c165a398]
Event: 304.149 Thread 0x000001c5d798db80 6271       3       javafx.scene.control.skin.LabeledSkinBase$$Lambda$235/0x0000000801175c00::accept (12 bytes)
Event: 304.149 Thread 0x000001c5d798db80 nmethod 6271 0x000001c5c168b410 code [0x000001c5c168b5c0, 0x000001c5c168b858]
Event: 304.149 Thread 0x000001c5d798db80 6272       3       javafx.scene.control.skin.LabeledSkinBase::lambda$new$3 (6 bytes)
Event: 304.150 Thread 0x000001c5d798db80 nmethod 6272 0x000001c5c1742110 code [0x000001c5c17422a0, 0x000001c5c17423b8]
Event: 304.150 Thread 0x000001c5d798db80 6273       3       javafx.scene.Parent::computeViewOrderChildren (93 bytes)
Event: 304.151 Thread 0x000001c5d798db80 nmethod 6273 0x000001c5c12fb810 code [0x000001c5c12fba80, 0x000001c5c12fc658]
Event: 304.151 Thread 0x000001c5d798db80 6274       3       javafx.scene.Scene$ScenePulseListener::syncAll (121 bytes)
Event: 304.152 Thread 0x000001c5d798db80 nmethod 6274 0x000001c5c1552410 code [0x000001c5c15526e0, 0x000001c5c1553a28]
Event: 304.186 Thread 0x000001c5d7986b90 nmethod 6252 0x000001c5c8f11a10 code [0x000001c5c8f11c20, 0x000001c5c8f12478]
Event: 304.779 Thread 0x000001c5d798db80 6275       3       javafx.scene.control.ButtonBase$1::invalidated (15 bytes)
Event: 304.780 Thread 0x000001c5d798db80 nmethod 6275 0x000001c5c1551d90 code [0x000001c5c1551f60, 0x000001c5c15522b8]

GC Heap History (6 events):
Event: 1.764 GC heap before
{Heap before GC invocations=0 (full 0):
 garbage-first heap   total 131072K, used 22528K [0x0000000081200000, 0x0000000100000000)
  region size 1024K, 23 young (23552K), 0 survivors (0K)
 Metaspace       used 5809K, committed 6016K, reserved 1114112K
  class space    used 705K, committed 832K, reserved 1048576K
}
Event: 1.768 GC heap after
{Heap after GC invocations=1 (full 0):
 garbage-first heap   total 131072K, used 2789K [0x0000000081200000, 0x0000000100000000)
  region size 1024K, 3 young (3072K), 3 survivors (3072K)
 Metaspace       used 5809K, committed 6016K, reserved 1114112K
  class space    used 705K, committed 832K, reserved 1048576K
}
Event: 34.951 GC heap before
{Heap before GC invocations=1 (full 0):
 garbage-first heap   total 131072K, used 47845K [0x0000000081200000, 0x0000000100000000)
  region size 1024K, 37 young (37888K), 3 survivors (3072K)
 Metaspace       used 14693K, committed 14976K, reserved 1114112K
  class space    used 2163K, committed 2304K, reserved 1048576K
}
Event: 34.966 GC heap after
{Heap after GC invocations=2 (full 0):
 garbage-first heap   total 131072K, used 18174K [0x0000000081200000, 0x0000000100000000)
  region size 1024K, 5 young (5120K), 5 survivors (5120K)
 Metaspace       used 14693K, committed 14976K, reserved 1114112K
  class space    used 2163K, committed 2304K, reserved 1048576K
}
Event: 215.491 GC heap before
{Heap before GC invocations=2 (full 0):
 garbage-first heap   total 131072K, used 113406K [0x0000000081200000, 0x0000000100000000)
  region size 1024K, 76 young (77824K), 5 survivors (5120K)
 Metaspace       used 18297K, committed 18624K, reserved 1114112K
  class space    used 2429K, committed 2560K, reserved 1048576K
}
Event: 215.503 GC heap after
{Heap after GC invocations=3 (full 0):
 garbage-first heap   total 131072K, used 43200K [0x0000000081200000, 0x0000000100000000)
  region size 1024K, 7 young (7168K), 7 survivors (7168K)
 Metaspace       used 18297K, committed 18624K, reserved 1114112K
  class space    used 2429K, committed 2560K, reserved 1048576K
}

Dll operation events (20 events):
Event: 1.028 Loaded shared library C:\Users\Gabriel\.openjfx\cache\13\api-ms-win-crt-heap-l1-1-0.dll
Event: 1.031 Loaded shared library C:\Users\Gabriel\.openjfx\cache\13\api-ms-win-crt-locale-l1-1-0.dll
Event: 1.035 Loaded shared library C:\Users\Gabriel\.openjfx\cache\13\api-ms-win-crt-math-l1-1-0.dll
Event: 1.042 Loaded shared library C:\Users\Gabriel\.openjfx\cache\13\api-ms-win-crt-multibyte-l1-1-0.dll
Event: 1.049 Loaded shared library C:\Users\Gabriel\.openjfx\cache\13\api-ms-win-crt-private-l1-1-0.dll
Event: 1.059 Loaded shared library C:\Users\Gabriel\.openjfx\cache\13\api-ms-win-crt-process-l1-1-0.dll
Event: 1.064 Loaded shared library C:\Users\Gabriel\.openjfx\cache\13\api-ms-win-crt-runtime-l1-1-0.dll
Event: 1.069 Loaded shared library C:\Users\Gabriel\.openjfx\cache\13\api-ms-win-crt-stdio-l1-1-0.dll
Event: 1.078 Loaded shared library C:\Users\Gabriel\.openjfx\cache\13\api-ms-win-crt-string-l1-1-0.dll
Event: 1.082 Loaded shared library C:\Users\Gabriel\.openjfx\cache\13\api-ms-win-crt-time-l1-1-0.dll
Event: 1.085 Loaded shared library C:\Users\Gabriel\.openjfx\cache\13\api-ms-win-crt-utility-l1-1-0.dll
Event: 1.118 Loaded shared library C:\Users\Gabriel\.openjfx\cache\13\ucrtbase.dll
Event: 1.129 Loaded shared library C:\Users\Gabriel\.openjfx\cache\13\vcruntime140.dll
Event: 1.147 Loaded shared library C:\Users\Gabriel\.openjfx\cache\13\msvcp140.dll
Event: 1.163 Loaded shared library C:\Users\Gabriel\.openjfx\cache\13\concrt140.dll
Event: 1.255 Loaded shared library C:\Users\Gabriel\.openjfx\cache\13\prism_d3d.dll
Event: 1.364 Loaded shared library C:\Users\Gabriel\.openjfx\cache\13\glass.dll
Event: 1.813 Loaded shared library C:\Users\Gabriel\.openjfx\cache\13\javafx_font.dll
Event: 2.494 Loaded shared library C:\Program Files\Java\jdk-19\bin\jimage.dll
Event: 120.333 Loaded shared library C:\Users\Gabriel\.openjfx\cache\13\javafx_iio.dll

Deoptimization events (20 events):
Event: 300.923 Thread 0x000001c5dca0f850 Uncommon trap: trap_request=0xffffffde fr.pc=0x000001c5c8e1219c relative=0x000000000000007c
Event: 300.923 Thread 0x000001c5dca0f850 Uncommon trap: reason=class_check action=maybe_recompile pc=0x000001c5c8e1219c method=javafx.scene.control.PopupControl$CSSBridge.getStyleableParent()Ljavafx/css/Styleable; @ 4 c2
Event: 300.923 Thread 0x000001c5dca0f850 DEOPT PACKING pc=0x000001c5c8e1219c sp=0x0000001fefbfc820
Event: 300.923 Thread 0x000001c5dca0f850 DEOPT UNPACKING pc=0x000001c5c8646da3 sp=0x0000001fefbfc7a8 mode 2
Event: 300.944 Thread 0x000001c5dca0f850 Uncommon trap: trap_request=0xffffff45 fr.pc=0x000001c5c8c8c7a0 relative=0x0000000000000c60
Event: 300.944 Thread 0x000001c5dca0f850 Uncommon trap: reason=unstable_if action=reinterpret pc=0x000001c5c8c8c7a0 method=com.sun.javafx.css.BitSet.remove(Ljava/lang/Object;)Z @ 39 c2
Event: 300.944 Thread 0x000001c5dca0f850 DEOPT PACKING pc=0x000001c5c8c8c7a0 sp=0x0000001fefbfdae0
Event: 300.944 Thread 0x000001c5dca0f850 DEOPT UNPACKING pc=0x000001c5c8646da3 sp=0x0000001fefbfd9a0 mode 2
Event: 300.968 Thread 0x000001c5dca0f850 Uncommon trap: trap_request=0xffffff45 fr.pc=0x000001c5c8f073f8 relative=0x0000000000001238
Event: 300.968 Thread 0x000001c5dca0f850 Uncommon trap: reason=unstable_if action=reinterpret pc=0x000001c5c8f073f8 method=javafx.scene.Node$12.invalidated()V @ 37 c2
Event: 300.968 Thread 0x000001c5dca0f850 DEOPT PACKING pc=0x000001c5c8f073f8 sp=0x0000001fefbfd570
Event: 300.969 Thread 0x000001c5dca0f850 DEOPT UNPACKING pc=0x000001c5c8646da3 sp=0x0000001fefbfd398 mode 2
Event: 304.881 Thread 0x000001c5dc3bbf20 Uncommon trap: trap_request=0xffffff45 fr.pc=0x000001c5c8eb3af4 relative=0x00000000000004d4
Event: 304.881 Thread 0x000001c5dc3bbf20 Uncommon trap: reason=unstable_if action=reinterpret pc=0x000001c5c8eb3af4 method=java.util.concurrent.locks.AbstractQueuedSynchronizer$ConditionNode.isReleasable()Z @ 14 c2
Event: 304.881 Thread 0x000001c5dc3bbf20 DEOPT PACKING pc=0x000001c5c8eb3af4 sp=0x0000001fef8ff210
Event: 304.881 Thread 0x000001c5dc3bbf20 DEOPT UNPACKING pc=0x000001c5c8646da3 sp=0x0000001fef8ff038 mode 2
Event: 304.881 Thread 0x000001c5dc3bbf20 Uncommon trap: trap_request=0xffffff45 fr.pc=0x000001c5c8ef974c relative=0x000000000000004c
Event: 304.881 Thread 0x000001c5dc3bbf20 Uncommon trap: reason=unstable_if action=reinterpret pc=0x000001c5c8ef974c method=java.lang.Thread.getAndClearInterrupt()Z @ 6 c2
Event: 304.881 Thread 0x000001c5dc3bbf20 DEOPT PACKING pc=0x000001c5c8ef974c sp=0x0000001fef8ff1c0
Event: 304.881 Thread 0x000001c5dc3bbf20 DEOPT UNPACKING pc=0x000001c5c8646da3 sp=0x0000001fef8ff0f8 mode 2

Classes loaded (20 events):
Event: 52.386 Loading class java/util/stream/SpinedBuffer$OfPrimitive
Event: 52.386 Loading class java/util/stream/AbstractSpinedBuffer
Event: 52.386 Loading class java/util/stream/AbstractSpinedBuffer done
Event: 52.387 Loading class java/util/stream/SpinedBuffer$OfPrimitive done
Event: 52.387 Loading class java/util/stream/SpinedBuffer$OfInt done
Event: 52.387 Loading class java/util/stream/Nodes$IntSpinedNodeBuilder done
Event: 75.227 Loading class java/lang/Math$RandomNumberGeneratorHolder
Event: 75.227 Loading class java/lang/Math$RandomNumberGeneratorHolder done
Event: 155.391 Loading class java/util/stream/ReferencePipeline$4
Event: 155.391 Loading class java/util/stream/ReferencePipeline$4 done
Event: 155.391 Loading class java/util/function/IntBinaryOperator
Event: 155.391 Loading class java/util/function/IntBinaryOperator done
Event: 155.391 Loading class java/util/stream/ReduceOps$6
Event: 155.391 Loading class java/util/stream/ReduceOps$6 done
Event: 155.391 Loading class java/util/stream/ReduceOps$5ReducingSink
Event: 155.391 Loading class java/util/stream/ReduceOps$5ReducingSink done
Event: 155.391 Loading class java/util/stream/ReferencePipeline$4$1
Event: 155.391 Loading class java/util/stream/ReferencePipeline$4$1 done
Event: 304.881 Loading class java/util/LinkedList$ListItr
Event: 304.882 Loading class java/util/LinkedList$ListItr done

Classes unloaded (0 events):
No events

Classes redefined (0 events):
No events

Internal exceptions (20 events):
Event: 3.110 Thread 0x000001c5dca0f850 Exception <a 'java/lang/ClassNotFoundException'{0x0000000087b9dd48}: com/sun/javafx/scene/control/skin/resources/controls_pt> (0x0000000087b9dd48) 
thrown [s\open\src\hotspot\share\prims\jni.cpp, line 536]
Event: 3.110 Thread 0x000001c5dca0f850 Exception <a 'java/lang/ClassNotFoundException'{0x0000000087b9ecf0}: com/sun/javafx/scene/control/skin/resources/controls_pt_BR> (0x0000000087b9ecf0) 
thrown [s\open\src\hotspot\share\prims\jni.cpp, line 536]
Event: 3.166 Thread 0x000001c5dca0f850 Exception <a 'java/lang/NoSuchMethodError'{0x000000008761e660}: 'void java.lang.invoke.DirectMethodHandle$Holder.invokeSpecial(java.lang.Object, java.lang.Object, java.lang.Object, java.lang.Object, java.lang.Object, java.lang.Object)'> (0x000000008761e660) 
thrown [s\open\src\hotspot\share\interpreter\linkResolver.cpp, line 774]
Event: 3.517 Thread 0x000001c5dc3bbf20 Exception <a 'java/lang/NoSuchMethodError'{0x00000000872d19c0}: 'int java.lang.invoke.DirectMethodHandle$Holder.invokeStaticInit(java.lang.Object, java.lang.Object)'> (0x00000000872d19c0) 
thrown [s\open\src\hotspot\share\interpreter\linkResolver.cpp, line 774]
Event: 3.546 Thread 0x000001c5dc3bbf20 Exception <a 'java/lang/NoSuchMethodError'{0x0000000087156958}: 'java.lang.Object java.lang.invoke.Invokers$Holder.invokeExact_MT(java.lang.Object, java.lang.Object, java.lang.Object, java.lang.Object, java.lang.Object)'> (0x0000000087156958) 
thrown [s\open\src\hotspot\share\interpreter\linkResolver.cpp, line 774]
Event: 34.777 Thread 0x000001c5dca0f850 Exception <a 'java/lang/NoSuchMethodError'{0x0000000086e8b490}: 'long java.lang.invoke.DirectMethodHandle$Holder.invokeStatic(java.lang.Object, java.lang.Object, java.lang.Object)'> (0x0000000086e8b490) 
thrown [s\open\src\hotspot\share\interpreter\linkResolver.cpp, line 774]
Event: 34.777 Thread 0x000001c5dca0f850 Exception <a 'java/lang/NoSuchMethodError'{0x0000000086e8edb8}: 'long java.lang.invoke.DirectMethodHandle$Holder.invokeStaticInit(java.lang.Object, java.lang.Object, java.lang.Object)'> (0x0000000086e8edb8) 
thrown [s\open\src\hotspot\share\interpreter\linkResolver.cpp, line 774]
Event: 34.782 Thread 0x000001c5dca0f850 Exception <a 'java/lang/NoSuchMethodError'{0x0000000086ea7508}: 'java.lang.Object java.lang.invoke.DirectMethodHandle$Holder.newInvokeSpecial(java.lang.Object, java.lang.Object, long)'> (0x0000000086ea7508) 
thrown [s\open\src\hotspot\share\interpreter\linkResolver.cpp, line 774]
Event: 34.784 Thread 0x000001c5dca0f850 Exception <a 'java/lang/NoSuchMethodError'{0x0000000086eab090}: 'java.lang.Object java.lang.invoke.Invokers$Holder.linkToTargetMethod(java.lang.Object, long, java.lang.Object)'> (0x0000000086eab090) 
thrown [s\open\src\hotspot\share\interpreter\linkResolver.cpp, line 774]
Event: 35.010 Thread 0x000001c5dca0f850 Exception <a 'java/lang/NoSuchMethodError'{0x00000000891d40e0}: 'void java.lang.invoke.DirectMethodHandle$Holder.invokeSpecialIFC(java.lang.Object, java.lang.Object, java.lang.Object, java.lang.Object)'> (0x00000000891d40e0) 
thrown [s\open\src\hotspot\share\interpreter\linkResolver.cpp, line 774]
Event: 47.232 Thread 0x000001c5dc3bbf20 Exception <a 'java/lang/NoSuchMethodError'{0x0000000088a8f1f0}: 'java.lang.Object java.lang.invoke.DirectMethodHandle$Holder.invokeStaticInit(java.lang.Object, int)'> (0x0000000088a8f1f0) 
thrown [s\open\src\hotspot\share\interpreter\linkResolver.cpp, line 774]
Event: 51.035 Thread 0x000001c5dca0f850 Implicit null exception at 0x000001c5c8cc5032 to 0x000001c5c8cc5080
Event: 70.925 Thread 0x000001c5dca0f850 Implicit null exception at 0x000001c5c8d0b8c2 to 0x000001c5c8d0c070
Event: 110.532 Thread 0x000001c5dca0f850 Exception <a 'java/lang/NoSuchMethodError'{0x0000000087778ef0}: 'java.lang.Object java.lang.invoke.DirectMethodHandle$Holder.newInvokeSpecial(java.lang.Object, java.lang.Object, int, int, int, int, int, java.lang.Object)'> (0x0000000087778ef0) 
thrown [s\open\src\hotspot\share\interpreter\linkResolver.cpp, line 774]
Event: 110.535 Thread 0x000001c5dca0f850 Exception <a 'java/lang/NoSuchMethodError'{0x000000008778c3d0}: 'java.lang.Object java.lang.invoke.DirectMethodHandle$Holder.newInvokeSpecial(java.lang.Object, java.lang.Object, java.lang.Object, int, int, int, int, int)'> (0x000000008778c3d0) 
thrown [s\open\src\hotspot\share\interpreter\linkResolver.cpp, line 774]
Event: 110.536 Thread 0x000001c5dca0f850 Exception <a 'java/lang/NoSuchMethodError'{0x0000000087793ef0}: 'java.lang.Object java.lang.invoke.Invokers$Holder.linkToTargetMethod(java.lang.Object, java.lang.Object, int, int, int, int, int, java.lang.Object)'> (0x0000000087793ef0) 
thrown [s\open\src\hotspot\share\interpreter\linkResolver.cpp, line 774]
Event: 141.995 Thread 0x000001c5dca0f850 Exception <a 'java/lang/NoSuchMethodError'{0x000000008650c760}: 'java.lang.Object java.lang.invoke.DirectMethodHandle$Holder.newInvokeSpecial(java.lang.Object, java.lang.Object, java.lang.Object, double, double, double, double, int, int, int, int, int, int, int, int, int)'> (0x000000008650c760) 
thrown [s\open\src\hotspot\share\interpreter\linkResolver.cpp, line 774]
Event: 215.538 Thread 0x000001c5dc3bbf20 Implicit null exception at 0x000001c5c8ea34af to 0x000001c5c8ea367c
Event: 215.538 Thread 0x000001c5dc3bbf20 Implicit null exception at 0x000001c5c8da4f2c to 0x000001c5c8da4fac
Event: 215.956 Thread 0x000001c5dca0f850 Implicit null exception at 0x000001c5c8e5c90b to 0x000001c5c8e5d2a8

VM Operations (20 events):
Event: 249.520 Executing VM operation: Cleanup done
Event: 253.521 Executing VM operation: Cleanup
Event: 253.522 Executing VM operation: Cleanup done
Event: 260.525 Executing VM operation: Cleanup
Event: 260.525 Executing VM operation: Cleanup done
Event: 263.526 Executing VM operation: Cleanup
Event: 263.526 Executing VM operation: Cleanup done
Event: 268.527 Executing VM operation: Cleanup
Event: 268.527 Executing VM operation: Cleanup done
Event: 269.528 Executing VM operation: Cleanup
Event: 269.528 Executing VM operation: Cleanup done
Event: 275.532 Executing VM operation: Cleanup
Event: 275.532 Executing VM operation: Cleanup done
Event: 286.537 Executing VM operation: Cleanup
Event: 286.537 Executing VM operation: Cleanup done
Event: 301.544 Executing VM operation: Cleanup
Event: 301.545 Executing VM operation: Cleanup done
Event: 304.545 Executing VM operation: Cleanup
Event: 304.546 Executing VM operation: Cleanup done
Event: 304.881 Executing VM operation: Exit

Events (20 events):
Event: 171.259 Thread 0x000001c5d7998100 flushing nmethod 0x000001c5c1786590
Event: 171.259 Thread 0x000001c5d7998100 flushing nmethod 0x000001c5c178cf10
Event: 171.260 Thread 0x000001c5d7998100 flushing nmethod 0x000001c5c17a2a90
Event: 171.260 Thread 0x000001c5d7998100 flushing nmethod 0x000001c5c17a2f10
Event: 171.260 Thread 0x000001c5d7998100 flushing nmethod 0x000001c5c17eb710
Event: 171.260 Thread 0x000001c5d7998100 flushing nmethod 0x000001c5c1879090
Event: 171.260 Thread 0x000001c5d7998100 flushing nmethod 0x000001c5c1885e10
Event: 171.260 Thread 0x000001c5d7998100 flushing nmethod 0x000001c5c1892290
Event: 171.260 Thread 0x000001c5d7998100 flushing nmethod 0x000001c5c18cc890
Event: 171.260 Thread 0x000001c5d7998100 flushing nmethod 0x000001c5c18d2b10
Event: 171.260 Thread 0x000001c5d7998100 flushing nmethod 0x000001c5c18f8a10
Event: 171.260 Thread 0x000001c5d7998100 flushing nmethod 0x000001c5c18fd110
Event: 175.068 Thread 0x000001c5dd01ca30 Thread added: 0x000001c5dd01ca30
Event: 175.869 Thread 0x000001c5dd01ca30 Thread exited: 0x000001c5dd01ca30
Event: 268.362 Thread 0x000001c5dcbe12d0 Thread added: 0x000001c5dcbe12d0
Event: 268.860 Thread 0x000001c5dcbe12d0 Thread exited: 0x000001c5dcbe12d0
Event: 304.835 Thread 0x000001c5dd145ec0 Thread added: 0x000001c5dd145ec0
Event: 304.835 Thread 0x000001c5dd143ee0 Thread added: 0x000001c5dd143ee0
Event: 304.879 Thread 0x000001c5dd145ec0 Thread exited: 0x000001c5dd145ec0
Event: 304.881 Thread 0x000001c5dd143ee0 Thread exited: 0x000001c5dd143ee0


Dynamic libraries:
0x00007ff6bc370000 - 0x00007ff6bc380000 	C:\Program Files\Java\jdk-19\bin\java.exe
0x00007ffbe8630000 - 0x00007ffbe8828000 	C:\Windows\SYSTEM32\ntdll.dll
0x00007ffbe69e0000 - 0x00007ffbe6a9f000 	C:\Windows\System32\KERNEL32.DLL
0x00007ffbe6170000 - 0x00007ffbe6442000 	C:\Windows\System32\KERNELBASE.dll
0x00007ffbe6530000 - 0x00007ffbe6630000 	C:\Windows\System32\ucrtbase.dll
0x00007ffbd3e90000 - 0x00007ffbd3eab000 	C:\Program Files\Java\jdk-19\bin\VCRUNTIME140.dll
0x00007ffbd3f70000 - 0x00007ffbd3f88000 	C:\Program Files\Java\jdk-19\bin\jli.dll
0x00007ffbe6bd0000 - 0x00007ffbe6c7e000 	C:\Windows\System32\ADVAPI32.dll
0x00007ffbe8420000 - 0x00007ffbe84be000 	C:\Windows\System32\msvcrt.dll
0x00007ffbe6fb0000 - 0x00007ffbe704c000 	C:\Windows\System32\sechost.dll
0x00007ffbe84c0000 - 0x00007ffbe85e5000 	C:\Windows\System32\RPCRT4.dll
0x00007ffbe8200000 - 0x00007ffbe839d000 	C:\Windows\System32\USER32.dll
0x00007ffbe6450000 - 0x00007ffbe6472000 	C:\Windows\System32\win32u.dll
0x00007ffbe81d0000 - 0x00007ffbe81fb000 	C:\Windows\System32\GDI32.dll
0x00007ffbe5f20000 - 0x00007ffbe602f000 	C:\Windows\System32\gdi32full.dll
0x00007ffbe6060000 - 0x00007ffbe60fd000 	C:\Windows\System32\msvcp_win.dll
0x00007ffbd70e0000 - 0x00007ffbd737a000 	C:\Windows\WinSxS\amd64_microsoft.windows.common-controls_6595b64144ccf1df_6.0.19041.1110_none_60b5254171f9507e\COMCTL32.dll
0x00007ffbdde50000 - 0x00007ffbdde5a000 	C:\Windows\SYSTEM32\VERSION.dll
0x00007ffbe6dc0000 - 0x00007ffbe6df2000 	C:\Windows\System32\IMM32.DLL
0x00007ffbdfd00000 - 0x00007ffbdfd0c000 	C:\Program Files\Java\jdk-19\bin\vcruntime140_1.dll
0x00007ffbc2ca0000 - 0x00007ffbc2d2e000 	C:\Program Files\Java\jdk-19\bin\msvcp140.dll
0x00007ffb75500000 - 0x00007ffb761c0000 	C:\Program Files\Java\jdk-19\bin\server\jvm.dll
0x00007ffbe0400000 - 0x00007ffbe0409000 	C:\Windows\SYSTEM32\WSOCK32.dll
0x00007ffbe83a0000 - 0x00007ffbe840b000 	C:\Windows\System32\WS2_32.dll
0x00007ffbd8810000 - 0x00007ffbd8837000 	C:\Windows\SYSTEM32\WINMM.dll
0x00007ffbe4570000 - 0x00007ffbe4582000 	C:\Windows\SYSTEM32\kernel.appcore.dll
0x00007ffbdfca0000 - 0x00007ffbdfcaa000 	C:\Program Files\Java\jdk-19\bin\jimage.dll
0x00007ffbd2850000 - 0x00007ffbd2a34000 	C:\Windows\SYSTEM32\DBGHELP.DLL
0x00007ffbd23f0000 - 0x00007ffbd241c000 	C:\Windows\SYSTEM32\dbgcore.DLL
0x00007ffbe5d30000 - 0x00007ffbe5db2000 	C:\Windows\System32\bcryptPrimitives.dll
0x00007ffbd21f0000 - 0x00007ffbd2216000 	C:\Program Files\Java\jdk-19\bin\java.dll
0x00007ffbc19d0000 - 0x00007ffbc1aa7000 	C:\Program Files\Java\jdk-19\bin\jsvml.dll
0x00007ffbe7810000 - 0x00007ffbe7f53000 	C:\Windows\System32\SHELL32.dll
0x00007ffbe3dd0000 - 0x00007ffbe4562000 	C:\Windows\SYSTEM32\windows.storage.dll
0x00007ffbe6680000 - 0x00007ffbe69d4000 	C:\Windows\System32\combase.dll
0x00007ffbe5790000 - 0x00007ffbe57c0000 	C:\Windows\SYSTEM32\Wldp.dll
0x00007ffbe6d10000 - 0x00007ffbe6dbd000 	C:\Windows\System32\SHCORE.dll
0x00007ffbe8090000 - 0x00007ffbe80e5000 	C:\Windows\System32\shlwapi.dll
0x00007ffbe5c70000 - 0x00007ffbe5c8f000 	C:\Windows\SYSTEM32\profapi.dll
0x00007ffbd3e70000 - 0x00007ffbd3e83000 	C:\Program Files\Java\jdk-19\bin\net.dll
0x00007ffbd9bd0000 - 0x00007ffbd9cdc000 	C:\Windows\SYSTEM32\WINHTTP.dll
0x00007ffbe54f0000 - 0x00007ffbe555a000 	C:\Windows\system32\mswsock.dll
0x00007ffbd2150000 - 0x00007ffbd2166000 	C:\Program Files\Java\jdk-19\bin\nio.dll
0x00007ffbd2130000 - 0x00007ffbd2148000 	C:\Program Files\Java\jdk-19\bin\zip.dll
0x000001c5d7b20000 - 0x000001c5d7b23000 	C:\Users\Gabriel\.openjfx\cache\13\api-ms-win-core-console-l1-1-0.dll
0x000001c5d7b30000 - 0x000001c5d7b33000 	C:\Users\Gabriel\.openjfx\cache\13\api-ms-win-core-datetime-l1-1-0.dll
0x000001c5d7b40000 - 0x000001c5d7b43000 	C:\Users\Gabriel\.openjfx\cache\13\api-ms-win-core-debug-l1-1-0.dll
0x000001c5d7b50000 - 0x000001c5d7b53000 	C:\Users\Gabriel\.openjfx\cache\13\api-ms-win-core-errorhandling-l1-1-0.dll
0x000001c5d7b60000 - 0x000001c5d7b64000 	C:\Users\Gabriel\.openjfx\cache\13\api-ms-win-core-file-l1-1-0.dll
0x000001c5d7b70000 - 0x000001c5d7b73000 	C:\Users\Gabriel\.openjfx\cache\13\api-ms-win-core-file-l1-2-0.dll
0x000001c5d7b80000 - 0x000001c5d7b83000 	C:\Users\Gabriel\.openjfx\cache\13\api-ms-win-core-file-l2-1-0.dll
0x000001c5d7b90000 - 0x000001c5d7b93000 	C:\Users\Gabriel\.openjfx\cache\13\api-ms-win-core-handle-l1-1-0.dll
0x000001c5d7ba0000 - 0x000001c5d7ba3000 	C:\Users\Gabriel\.openjfx\cache\13\api-ms-win-core-heap-l1-1-0.dll
0x000001c5d7bb0000 - 0x000001c5d7bb3000 	C:\Users\Gabriel\.openjfx\cache\13\api-ms-win-core-interlocked-l1-1-0.dll
0x000001c5d7bc0000 - 0x000001c5d7bc3000 	C:\Users\Gabriel\.openjfx\cache\13\api-ms-win-core-libraryloader-l1-1-0.dll
0x000001c5d7bd0000 - 0x000001c5d7bd3000 	C:\Users\Gabriel\.openjfx\cache\13\api-ms-win-core-localization-l1-2-0.dll
0x000001c5d7be0000 - 0x000001c5d7be3000 	C:\Users\Gabriel\.openjfx\cache\13\api-ms-win-core-memory-l1-1-0.dll
0x000001c5d7bf0000 - 0x000001c5d7bf3000 	C:\Users\Gabriel\.openjfx\cache\13\api-ms-win-core-namedpipe-l1-1-0.dll
0x000001c5dd7d0000 - 0x000001c5dd7d3000 	C:\Users\Gabriel\.openjfx\cache\13\api-ms-win-core-processenvironment-l1-1-0.dll
0x000001c5dd7e0000 - 0x000001c5dd7e3000 	C:\Users\Gabriel\.openjfx\cache\13\api-ms-win-core-processthreads-l1-1-0.dll
0x000001c5dd7f0000 - 0x000001c5dd7f3000 	C:\Users\Gabriel\.openjfx\cache\13\api-ms-win-core-processthreads-l1-1-1.dll
0x000001c5dd800000 - 0x000001c5dd803000 	C:\Users\Gabriel\.openjfx\cache\13\api-ms-win-core-profile-l1-1-0.dll
0x000001c5dd810000 - 0x000001c5dd813000 	C:\Users\Gabriel\.openjfx\cache\13\api-ms-win-core-rtlsupport-l1-1-0.dll
0x000001c5dd820000 - 0x000001c5dd823000 	C:\Users\Gabriel\.openjfx\cache\13\api-ms-win-core-string-l1-1-0.dll
0x000001c5dd830000 - 0x000001c5dd833000 	C:\Users\Gabriel\.openjfx\cache\13\api-ms-win-core-synch-l1-1-0.dll
0x000001c5dd840000 - 0x000001c5dd843000 	C:\Users\Gabriel\.openjfx\cache\13\api-ms-win-core-synch-l1-2-0.dll
0x000001c5dd850000 - 0x000001c5dd853000 	C:\Users\Gabriel\.openjfx\cache\13\api-ms-win-core-sysinfo-l1-1-0.dll
0x000001c5dd860000 - 0x000001c5dd863000 	C:\Users\Gabriel\.openjfx\cache\13\api-ms-win-core-timezone-l1-1-0.dll
0x000001c5dd870000 - 0x000001c5dd873000 	C:\Users\Gabriel\.openjfx\cache\13\api-ms-win-core-util-l1-1-0.dll
0x000001c5dd880000 - 0x000001c5dd883000 	C:\Users\Gabriel\.openjfx\cache\13\api-ms-win-crt-conio-l1-1-0.dll
0x000001c5dd890000 - 0x000001c5dd894000 	C:\Users\Gabriel\.openjfx\cache\13\api-ms-win-crt-convert-l1-1-0.dll
0x000001c5dd8a0000 - 0x000001c5dd8a3000 	C:\Users\Gabriel\.openjfx\cache\13\api-ms-win-crt-environment-l1-1-0.dll
0x000001c5dd8b0000 - 0x000001c5dd8b3000 	C:\Users\Gabriel\.openjfx\cache\13\api-ms-win-crt-filesystem-l1-1-0.dll
0x000001c5dd8c0000 - 0x000001c5dd8c3000 	C:\Users\Gabriel\.openjfx\cache\13\api-ms-win-crt-heap-l1-1-0.dll
0x000001c5dd8d0000 - 0x000001c5dd8d3000 	C:\Users\Gabriel\.openjfx\cache\13\api-ms-win-crt-locale-l1-1-0.dll
0x000001c5dd8e0000 - 0x000001c5dd8e5000 	C:\Users\Gabriel\.openjfx\cache\13\api-ms-win-crt-math-l1-1-0.dll
0x000001c5dd8f0000 - 0x000001c5dd8f5000 	C:\Users\Gabriel\.openjfx\cache\13\api-ms-win-crt-multibyte-l1-1-0.dll
0x000001c5dd900000 - 0x000001c5dd910000 	C:\Users\Gabriel\.openjfx\cache\13\api-ms-win-crt-private-l1-1-0.dll
0x000001c5dd910000 - 0x000001c5dd913000 	C:\Users\Gabriel\.openjfx\cache\13\api-ms-win-crt-process-l1-1-0.dll
0x000001c5dd920000 - 0x000001c5dd924000 	C:\Users\Gabriel\.openjfx\cache\13\api-ms-win-crt-runtime-l1-1-0.dll
0x000001c5dd930000 - 0x000001c5dd934000 	C:\Users\Gabriel\.openjfx\cache\13\api-ms-win-crt-stdio-l1-1-0.dll
0x000001c5dd940000 - 0x000001c5dd944000 	C:\Users\Gabriel\.openjfx\cache\13\api-ms-win-crt-string-l1-1-0.dll
0x000001c5dd950000 - 0x000001c5dd953000 	C:\Users\Gabriel\.openjfx\cache\13\api-ms-win-crt-time-l1-1-0.dll
0x000001c5dd960000 - 0x000001c5dd963000 	C:\Users\Gabriel\.openjfx\cache\13\api-ms-win-crt-utility-l1-1-0.dll
0x00007ffbc18d0000 - 0x00007ffbc19cc000 	C:\Users\Gabriel\.openjfx\cache\13\ucrtbase.dll
0x00007ffbcbd70000 - 0x00007ffbcbd85000 	C:\Users\Gabriel\.openjfx\cache\13\vcruntime140.dll
0x00007ffbbf6a0000 - 0x00007ffbbf73b000 	C:\Users\Gabriel\.openjfx\cache\13\msvcp140.dll
0x00007ffbc6400000 - 0x00007ffbc6451000 	C:\Users\Gabriel\.openjfx\cache\13\concrt140.dll
0x00007ffbc0c60000 - 0x00007ffbc0c83000 	C:\Users\Gabriel\.openjfx\cache\13\prism_d3d.dll
0x00007ffbd2220000 - 0x00007ffbd23ef000 	C:\Windows\system32\d3d9.dll
0x00007ffbe3900000 - 0x00007ffbe392f000 	C:\Windows\SYSTEM32\dwmapi.dll
0x00007ffbe3720000 - 0x00007ffbe37be000 	C:\Windows\system32\uxtheme.dll
0x00007ffb65c40000 - 0x00007ffb6b44d000 	C:\Windows\System32\DriverStore\FileRepository\igdlh64.inf_amd64_6d1fd205efa7f979\igdumdim64.dll
0x00007ffbe7f60000 - 0x00007ffbe802d000 	C:\Windows\System32\OLEAUT32.dll
0x00007ffbe7060000 - 0x00007ffbe718a000 	C:\Windows\System32\ole32.dll
0x00007ffbe7280000 - 0x00007ffbe76e8000 	C:\Windows\System32\SETUPAPI.dll
0x00007ffbe6630000 - 0x00007ffbe667e000 	C:\Windows\System32\cfgmgr32.dll
0x00007ffbe6030000 - 0x00007ffbe6057000 	C:\Windows\System32\bcrypt.dll
0x00007ffbc0260000 - 0x00007ffbc02a5000 	C:\Users\Gabriel\.openjfx\cache\13\glass.dll
0x00007ffbe7190000 - 0x00007ffbe726a000 	C:\Windows\System32\COMDLG32.dll
0x00007ffbe76f0000 - 0x00007ffbe7805000 	C:\Windows\System32\MSCTF.dll
0x00007ffbd8840000 - 0x00007ffbd999e000 	C:\Windows\System32\DriverStore\FileRepository\igdlh64.inf_amd64_6d1fd205efa7f979\igc64.dll
0x00007ffbdb820000 - 0x00007ffbdb85b000 	C:\Windows\SYSTEM32\dxcore.dll
0x00007ffbc8700000 - 0x00007ffbc8714000 	C:\Users\Gabriel\.openjfx\cache\13\javafx_font.dll
0x00007ffbca680000 - 0x00007ffbca8ff000 	C:\Windows\SYSTEM32\dwrite.dll
0x00007ffbe6aa0000 - 0x00007ffbe6b4f000 	C:\Windows\System32\clbcatq.dll
0x00007ffbde9d0000 - 0x00007ffbdeb84000 	C:\Windows\SYSTEM32\WindowsCodecs.dll
0x00007ffbc8420000 - 0x00007ffbc845e000 	C:\Windows\system32\dataexchange.dll
0x00007ffbe2780000 - 0x00007ffbe2963000 	C:\Windows\system32\dcomp.dll
0x00007ffbe1af0000 - 0x00007ffbe1d53000 	C:\Windows\system32\d3d11.dll
0x00007ffbe45f0000 - 0x00007ffbe46e3000 	C:\Windows\system32\dxgi.dll
0x00007ffbdef60000 - 0x00007ffbdf160000 	C:\Windows\system32\twinapi.appcore.dll
0x00007ffbdeda0000 - 0x00007ffbdedd4000 	C:\Program Files\Common Files\Microsoft Shared\Ink\rtscom.dll
0x00007ffbce590000 - 0x00007ffbce689000 	C:\Windows\SYSTEM32\textinputframework.dll
0x00007ffbe2970000 - 0x00007ffbe2cce000 	C:\Windows\System32\CoreUIComponents.dll
0x00007ffbe3050000 - 0x00007ffbe3142000 	C:\Windows\System32\CoreMessaging.dll
0x00007ffbe4ec0000 - 0x00007ffbe4ef3000 	C:\Windows\SYSTEM32\ntmarta.dll
0x00007ffbe1990000 - 0x00007ffbe1ae4000 	C:\Windows\SYSTEM32\wintypes.dll
0x00007ffbd86f0000 - 0x00007ffbd8756000 	C:\Windows\system32\Oleacc.dll
0x00007ffbd4200000 - 0x00007ffbd422c000 	C:\Users\Gabriel\.openjfx\cache\13\javafx_iio.dll

dbghelp: loaded successfully - version: 4.0.5 - missing functions: none
symbol engine: initialized successfully - sym options: 0x614 - pdb path: .;C:\Program Files\Java\jdk-19\bin;C:\Windows\SYSTEM32;C:\Windows\WinSxS\amd64_microsoft.windows.common-controls_6595b64144ccf1df_6.0.19041.1110_none_60b5254171f9507e;C:\Program Files\Java\jdk-19\bin\server;C:\Users\Gabriel\.openjfx\cache\13;C:\Windows\System32\DriverStore\FileRepository\igdlh64.inf_amd64_6d1fd205efa7f979;C:\Program Files\Common Files\Microsoft Shared\Ink

VM Arguments:
jvm_args: --module-path=C:\Users\Gabriel\Downloads\teste4\Trabalho-Final-POO\batalha-pokemon\target\classes;C:\Users\Gabriel\.m2\repository\org\openjfx\javafx-base\13\javafx-base-13-win.jar;C:\Users\Gabriel\.m2\repository\org\openjfx\javafx-controls\13\javafx-controls-13-win.jar;C:\Users\Gabriel\.m2\repository\org\openjfx\javafx-fxml\13\javafx-fxml-13-win.jar;C:\Users\Gabriel\.m2\repository\org\openjfx\javafx-graphics\13\javafx-graphics-13-win.jar --add-modules=poo -Djdk.module.main=poo 
java_command: poo/poo.App
java_class_path (initial): C:\Users\Gabriel\.m2\repository\org\openjfx\javafx-base\13\javafx-base-13.jar;C:\Users\Gabriel\.m2\repository\org\openjfx\javafx-controls\13\javafx-controls-13.jar;C:\Users\Gabriel\.m2\repository\org\openjfx\javafx-fxml\13\javafx-fxml-13.jar;C:\Users\Gabriel\.m2\repository\org\openjfx\javafx-graphics\13\javafx-graphics-13.jar
Launcher Type: SUN_STANDARD

[Global flags]
     intx CICompilerCount                          = 4                                         {product} {ergonomic}
     uint ConcGCThreads                            = 2                                         {product} {ergonomic}
     uint G1ConcRefinementThreads                  = 8                                         {product} {ergonomic}
   size_t G1HeapRegionSize                         = 1048576                                   {product} {ergonomic}
    uintx GCDrainStackTargetSize                   = 64                                        {product} {ergonomic}
   size_t InitialHeapSize                          = 134217728                                 {product} {ergonomic}
   size_t MarkStackSize                            = 4194304                                   {product} {ergonomic}
   size_t MaxHeapSize                              = 2128609280                                {product} {ergonomic}
   size_t MaxNewSize                               = 1277165568                                {product} {ergonomic}
   size_t MinHeapDeltaBytes                        = 1048576                                   {product} {ergonomic}
   size_t MinHeapSize                              = 8388608                                   {product} {ergonomic}
    uintx NonNMethodCodeHeapSize                   = 5839372                                {pd product} {ergonomic}
    uintx NonProfiledCodeHeapSize                  = 122909434                              {pd product} {ergonomic}
    uintx ProfiledCodeHeapSize                     = 122909434                              {pd product} {ergonomic}
    uintx ReservedCodeCacheSize                    = 251658240                              {pd product} {ergonomic}
     bool SegmentedCodeCache                       = true                                      {product} {ergonomic}
   size_t SoftMaxHeapSize                          = 2128609280                             {manageable} {ergonomic}
     bool UseCompressedClassPointers               = true                           {product lp64_product} {ergonomic}
     bool UseCompressedOops                        = true                           {product lp64_product} {ergonomic}
     bool UseG1GC                                  = true                                      {product} {ergonomic}
     bool UseLargePagesIndividualAllocation        = false                                  {pd product} {ergonomic}

Logging:
Log output configuration:
 #0: stdout all=off uptime,level,tags foldmultilines=false
 #1: stderr all=off uptime,level,tags foldmultilines=false

Environment Variables:
JAVA_HOME=C:\Program Files\Java\jdk-19
PATH=C:\Program Files\Common Files\Oracle\Java\javapath;C:\Program Files\Eclipse Adoptium\jdk-17.0.4.101-hotspot\bin;C:\Program Files (x86)\Common Files\Oracle\Java\javapath;C:\Windows\system32;C:\Windows;C:\Windows\System32\Wbem;C:\Windows\System32\WindowsPowerShell\v1.0\;C:\Windows\System32\OpenSSH\;C:\Program Files\Git\cmd;C:\Users\Gabriel\AppData\Local\Microsoft\WindowsApps;C:\Users\Gabriel\AppData\Local\Programs\Microsoft VS Code\bin;C:\Users\Gabriel\AppData\Local\GitHubDesktop\bin;C:\Program Files (x86)\Maven\apache-maven-3.8.6\bin;C:\Program Files\Java\jdk-19\bin;
USERNAME=Gabriel
LANG=pt_BR.UTF-8
OS=Windows_NT
PROCESSOR_IDENTIFIER=Intel64 Family 6 Model 94 Stepping 3, GenuineIntel
TMP=C:\Users\Gabriel\AppData\Local\Temp
TEMP=C:\Users\Gabriel\AppData\Local\Temp



---------------  S Y S T E M  ---------------

OS:
 Windows 10 , 64 bit Build 19041 (10.0.19041.2251)
OS uptime: 2 days 1:56 hours

CPU: total 8 (initial active 8) (4 cores per cpu, 2 threads per core) family 6 model 94 stepping 3 microcode 0xcc, cx8, cmov, fxsr, ht, mmx, 3dnowpref, sse, sse2, sse3, ssse3, sse4.1, sse4.2, popcnt, lzcnt, tsc, tscinvbit, avx, avx2, aes, erms, clmul, bmi1, bmi2, rtm, adx, fma, vzeroupper, clflush, clflushopt, rdtscp

Memory: 4k page, system-wide physical 8112M (996M free)
TotalPageFile size 19888M (AvailPageFile size 7486M)
current process WorkingSet (physical memory assigned to process): 314M, peak: 321M
current process commit charge ("private bytes"): 379M, peak: 379M

vm_info: Java HotSpot(TM) 64-Bit Server VM (19.0.1+10-21) for windows-amd64 JRE (19.0.1+10-21), built on 2022-09-14T12:45:06Z by "mach5one" with MS VC++ 17.1 (VS2022)

END.
