#
# A fatal error has been detected by the Java Runtime Environment:
#
#  EXCEPTION_ACCESS_VIOLATION (0xc0000005) at pc=0x00007ffbbf6866f0, pid=16032, tid=5028
#
# JRE version: Java(TM) SE Runtime Environment (19.0.1+10) (build 19.0.1+10-21)
# Java VM: Java HotSpot(TM) 64-Bit Server VM (19.0.1+10-21, mixed mode, sharing, tiered, compressed oops, compressed class ptrs, g1 gc, windows-amd64)
# Problematic frame:
# C  [glass.dll+0x266f0]
#
# No core dump will be written. Minidumps are not enabled by default on client versions of Windows
#
# If you would like to submit a bug report, please visit:
#   https://bugreport.java.com/bugreport/crash.jsp
#

---------------  S U M M A R Y ------------

Command Line: --module-path=C:\Users\Gabriel\Downloads\teste4\Trabalho-Final-POO\batalha-pokemon\target\classes;C:\Users\Gabriel\.m2\repository\org\openjfx\javafx-base\13\javafx-base-13-win.jar;C:\Users\Gabriel\.m2\repository\org\openjfx\javafx-controls\13\javafx-controls-13-win.jar;C:\Users\Gabriel\.m2\repository\org\openjfx\javafx-fxml\13\javafx-fxml-13-win.jar;C:\Users\Gabriel\.m2\repository\org\openjfx\javafx-graphics\13\javafx-graphics-13-win.jar --add-modules=poo -Djdk.module.main=poo poo/poo.App

Host: Intel(R) Core(TM) i7-6700HQ CPU @ 2.60GHz, 8 cores, 7G,  Windows 10 , 64 bit Build 19041 (10.0.19041.2251)
Time: Wed Nov 30 03:05:46 2022 Hora oficial do Brasil elapsed time: 149.866764 seconds (0d 0h 2m 29s)

---------------  T H R E A D  ---------------

Current thread (0x000001edf033c8b0):  VMThread "VM Thread" [stack: 0x0000000100c00000,0x0000000100d00000] [id=5028]

Stack: [0x0000000100c00000,0x0000000100d00000],  sp=0x0000000100cfed60,  free space=1019k
Native frames: (J=compiled Java code, j=interpreted, Vv=VM code, C=native code)
C  [glass.dll+0x266f0]


siginfo: EXCEPTION_ACCESS_VIOLATION (0xc0000005), reading address 0x0000000000000000


Registers:
RAX=0x0000000000000000, RBX=0x000001edf03502c0, RCX=0x000001edf033c8b0, RDX=0x0000000100cfed60
RSP=0x0000000100cfed60, RBP=0x000001edf51433b8, RSI=0x000001edf5143390, RDI=0x0000b6a6aa33a00d
R8 =0x0000000000010002, R9 =0x0000b6a6aa33a00d, R10=0x0000000000008000, R11=0x0000000100cfed00
R12=0x00007ffbbf683b84, R13=0x00007ffb761172a0, R14=0x0000000100cfee68, R15=0x000001edf5143390
RIP=0x00007ffbbf6866f0, EFLAGS=0x0000000000010202


Register to memory mapping:

RIP=0x00007ffbbf6866f0 glass.dll
RAX=0x0 is NULL
RBX=0x000001edf03502c0 is a global jni handle
RCX=0x000001edf033c8b0 points into unknown readable memory: 0x00007ffb75f245e8 | e8 45 f2 75 fb 7f 00 00
RDX=0x0000000100cfed60 points into unknown readable memory: 0x0000000000000000 | 00 00 00 00 00 00 00 00
RSP=0x0000000100cfed60 points into unknown readable memory: 0x0000000000000000 | 00 00 00 00 00 00 00 00
RBP=0x000001edf51433b8 points into unknown readable memory: 0x0000b6a6aa33a00d | 0d a0 33 aa a6 b6 00 00
RSI=0x000001edf5143390 points into unknown readable memory: 0x0fffc14bacfe200d | 0d 20 fe ac 4b c1 ff 0f
RDI=0x0000b6a6aa33a00d is an unknown value
R8 =0x0000000000010002 is an unknown value
R9 =0x0000b6a6aa33a00d is an unknown value
R10=0x0000000000008000 is an unknown value
R11=0x0000000100cfed00 points into unknown readable memory: 0x000001edf5143390 | 90 33 14 f5 ed 01 00 00
R12=0x00007ffbbf683b84 glass.dll
R13=0x00007ffb761172a0 jvm.dll
R14=0x0000000100cfee68 points into unknown readable memory: 0x0000000100cfee50 | 50 ee cf 00 01 00 00 00
R15=0x000001edf5143390 points into unknown readable memory: 0x0fffc14bacfe200d | 0d 20 fe ac 4b c1 ff 0f


Top of Stack: (sp=0x0000000100cfed60)
0x0000000100cfed60:   0000000000000000 00007ffbe653f05b
0x0000000100cfed70:   000001edf51433a0 000001edf5143390
0x0000000100cfed80:   fffffffffffffffe 00007ffbbf683b84
0x0000000100cfed90:   000001edf5143398 00007ffbe65442d6
0x0000000100cfeda0:   000001edf51433a0 000001ed00000000
0x0000000100cfedb0:   000001edf51433b8 000001edf5143390
0x0000000100cfedc0:   fffffffffffffffe 0000000000000000
0x0000000100cfedd0:   0000000000000001 00007ffbbf660000
0x0000000100cfede0:   0000000100cfee58 00007ffbe65441fb
0x0000000100cfedf0:   0000000000000000 0000000100cfee68
0x0000000100cfee00:   0000000100cff120 00007ffbe6620e40
0x0000000100cfee10:   0000000000000000 00007ffbe65441b4
0x0000000100cfee20:   0000000000000000 0000000000000001
0x0000000100cfee30:   0000000000000001 0000000100cfee58
0x0000000100cfee40:   0000000000000006 00007ffbbf683a12
0x0000000100cfee50:   00007ffbbf69d118 0000000100000002 

Instructions: (pc=0x00007ffbbf6866f0)
0x00007ffbbf6865f0:   8b 4d 60 e8 98 c9 ff ff 48 8b 55 68 48 8b 8d 08
0x00007ffbbf686600:   01 00 00 e8 49 be ff ff 33 d2 33 c9 e8 49 de ff
0x00007ffbbf686610:   ff 90 cc cc cc cc cc cc cc cc cc cc cc cc cc cc
0x00007ffbbf686620:   48 8d 8a 80 00 00 00 e9 14 e9 fe ff 48 89 54 24
0x00007ffbbf686630:   10 55 48 83 ec 20 48 8b ea 48 8d 05 dd ca ff ff
0x00007ffbbf686640:   48 83 c4 20 5d c3 cc 40 55 48 8b ea 48 8b 01 33
0x00007ffbbf686650:   c9 81 38 05 00 00 c0 0f 94 c1 8b c1 5d c3 cc 40
0x00007ffbbf686660:   55 48 83 ec 20 48 8b ea 8a 4d 40 48 83 c4 20 5d
0x00007ffbbf686670:   e9 df cd ff ff cc 40 55 48 83 ec 20 48 8b ea e8
0x00007ffbbf686680:   fc cb ff ff 8a 4d 38 48 83 c4 20 5d e9 c3 cd ff
0x00007ffbbf686690:   ff cc 40 55 48 83 ec 30 48 8b ea 48 8b 01 8b 10
0x00007ffbbf6866a0:   48 89 4c 24 28 89 54 24 20 4c 8d 0d a4 d1 ff ff
0x00007ffbbf6866b0:   4c 8b 45 70 8b 55 68 48 8b 4d 60 e8 30 cb ff ff
0x00007ffbbf6866c0:   90 48 83 c4 30 5d c3 cc cc cc cc cc cc cc cc cc
0x00007ffbbf6866d0:   40 53 48 83 ec 30 48 c7 44 24 20 fe ff ff ff 48
0x00007ffbbf6866e0:   8b 1d 2a 64 01 00 48 85 db 74 16 e8 90 85 ff ff
0x00007ffbbf6866f0:   4c 8b 00 48 8b d3 48 8b c8 41 ff 90 b0 00 00 00
0x00007ffbbf686700:   90 48 83 c4 30 5b c3 cc cc cc cc cc cc cc cc cc
0x00007ffbbf686710:   40 53 48 83 ec 20 48 8b 1d 9b 65 01 00 48 85 db
0x00007ffbbf686720:   74 57 b8 ff ff ff ff f0 0f c1 43 10 83 f8 01 75
0x00007ffbbf686730:   3d 48 85 db 74 38 48 8b 0b 48 85 c9 74 0d ff 15
0x00007ffbbf686740:   64 0b 00 00 48 c7 03 00 00 00 00 48 8b 4b 08 48
0x00007ffbbf686750:   85 c9 74 0d e8 37 c8 ff ff 48 c7 43 08 00 00 00
0x00007ffbbf686760:   00 ba 18 00 00 00 48 8b cb e8 22 c8 ff ff 48 c7
0x00007ffbbf686770:   05 3f 65 01 00 00 00 00 00 48 83 c4 20 5b c3 cc
0x00007ffbbf686780:   40 53 48 83 ec 20 48 8b 1d 0b 65 01 00 48 85 db
0x00007ffbbf686790:   74 57 b8 ff ff ff ff f0 0f c1 43 10 83 f8 01 75
0x00007ffbbf6867a0:   3d 48 85 db 74 38 48 8b 0b 48 85 c9 74 0d ff 15
0x00007ffbbf6867b0:   f4 0a 00 00 48 c7 03 00 00 00 00 48 8b 4b 08 48
0x00007ffbbf6867c0:   85 c9 74 0d e8 c7 c7 ff ff 48 c7 43 08 00 00 00
0x00007ffbbf6867d0:   00 ba 18 00 00 00 48 8b cb e8 b2 c7 ff ff 48 c7
0x00007ffbbf6867e0:   05 af 64 01 00 00 00 00 00 48 83 c4 20 5b c3 cc 


Stack slot to memory mapping:
stack at sp + 0 slots: 0x0 is NULL
stack at sp + 1 slots: 0x00007ffbe653f05b ucrtbase.dll
stack at sp + 2 slots: 0x000001edf51433a0 points into unknown readable memory: 0x0000b6a6aa33a00d | 0d a0 33 aa a6 b6 00 00
stack at sp + 3 slots: 0x000001edf5143390 points into unknown readable memory: 0x0fffc14bacfe200d | 0d 20 fe ac 4b c1 ff 0f
stack at sp + 4 slots: 0xfffffffffffffffe is an unknown value
stack at sp + 5 slots: 0x00007ffbbf683b84 glass.dll
stack at sp + 6 slots: 0x000001edf5143398 points into unknown readable memory: 0x0000b6a6aa33a00d | 0d a0 33 aa a6 b6 00 00
stack at sp + 7 slots: 0x00007ffbe65442d6 ucrtbase.dll

VM_Operation (0x0000000101dfc180): Exit, mode: safepoint, requested by thread 0x000001edf4ff4c00


---------------  P R O C E S S  ---------------

Threads class SMR info:
_java_thread_list=0x000001edf6030c90, length=19, elements={
0x000001edd1b0a220, 0x000001edf0355640, 0x000001edf0356430, 0x000001edf035a9e0,
0x000001edf035b310, 0x000001edf035bc40, 0x000001edf035c6b0, 0x000001edf0389d80,
0x000001edf03948b0, 0x000001edf0399b20, 0x000001edf45f77f0, 0x000001edf4d4c960,
0x000001edf5070030, 0x000001edf4ff3210, 0x000001edf4ff4c00, 0x000001edf4ffc9f0,
0x000001edf51e8150, 0x000001edf54f7060, 0x000001edf54f6070
}

Java Threads: ( => current thread )
  0x000001edd1b0a220 JavaThread "main" [_thread_blocked, id=9160, stack(0x0000000100600000,0x0000000100700000)]
  0x000001edf0355640 JavaThread "Reference Handler" daemon [_thread_blocked, id=12036, stack(0x0000000100d00000,0x0000000100e00000)]
  0x000001edf0356430 JavaThread "Finalizer" daemon [_thread_blocked, id=21180, stack(0x0000000100e00000,0x0000000100f00000)]
  0x000001edf035a9e0 JavaThread "Signal Dispatcher" daemon [_thread_blocked, id=2828, stack(0x0000000100f00000,0x0000000101000000)]
  0x000001edf035b310 JavaThread "Attach Listener" daemon [_thread_blocked, id=15176, stack(0x0000000101000000,0x0000000101100000)]
  0x000001edf035bc40 JavaThread "Service Thread" daemon [_thread_blocked, id=7392, stack(0x0000000101100000,0x0000000101200000)]
  0x000001edf035c6b0 JavaThread "Monitor Deflation Thread" daemon [_thread_blocked, id=16888, stack(0x0000000101200000,0x0000000101300000)]
  0x000001edf0389d80 JavaThread "C2 CompilerThread0" daemon [_thread_blocked, id=21772, stack(0x0000000101300000,0x0000000101400000)]
  0x000001edf03948b0 JavaThread "C1 CompilerThread0" daemon [_thread_blocked, id=20164, stack(0x0000000101400000,0x0000000101500000)]
  0x000001edf0399b20 JavaThread "Sweeper thread" daemon [_thread_blocked, id=20144, stack(0x0000000101500000,0x0000000101600000)]
  0x000001edf45f77f0 JavaThread "Common-Cleaner" daemon [_thread_blocked, id=18692, stack(0x0000000101600000,0x0000000101700000)]
  0x000001edf4d4c960 JavaThread "Notification Thread" daemon [_thread_blocked, id=3788, stack(0x0000000101900000,0x0000000101a00000)]
  0x000001edf5070030 JavaThread "QuantumRenderer-0" daemon [_thread_blocked, id=19972, stack(0x0000000101b00000,0x0000000101c00000)]
  0x000001edf4ff3210 JavaThread "InvokeLaterDispatcher" daemon [_thread_blocked, id=1760, stack(0x0000000101c00000,0x0000000101d00000)]
  0x000001edf4ff4c00 JavaThread "JavaFX Application Thread" [_thread_blocked, id=18896, stack(0x0000000101d00000,0x0000000101e00000)]
  0x000001edf4ffc9f0 JavaThread "Thread-1" daemon [_thread_in_native, id=12004, stack(0x0000000102100000,0x0000000102200000)]
  0x000001edf51e8150 JavaThread "JavaFX-Launcher" [_thread_blocked, id=22440, stack(0x0000000102200000,0x0000000102300000)]
  0x000001edf54f7060 JavaThread "Prism Font Disposer" daemon [_thread_blocked, id=20828, stack(0x0000000102b00000,0x0000000102c00000)]
  0x000001edf54f6070 JavaThread "Cleaner-0" daemon [_thread_blocked, id=1528, stack(0x0000000101700000,0x0000000101800000)]

Other Threads:
=>0x000001edf033c8b0 VMThread "VM Thread" [stack: 0x0000000100c00000,0x0000000100d00000] [id=5028]
  0x000001edd1b6bc80 WorkerThread "GC Thread#0" [stack: 0x0000000100700000,0x0000000100800000] [id=22092]
  0x000001edf5399ca0 WorkerThread "GC Thread#1" [stack: 0x0000000102300000,0x0000000102400000] [id=3360]
  0x000001edf539a7e0 WorkerThread "GC Thread#2" [stack: 0x0000000102400000,0x0000000102500000] [id=22628]
  0x000001edf539b320 WorkerThread "GC Thread#3" [stack: 0x0000000102500000,0x0000000102600000] [id=2544]
  0x000001edf53999d0 WorkerThread "GC Thread#4" [stack: 0x0000000102600000,0x0000000102700000] [id=2560]
  0x000001edf539a510 WorkerThread "GC Thread#5" [stack: 0x0000000102700000,0x0000000102800000] [id=19692]
  0x000001edf5399700 WorkerThread "GC Thread#6" [stack: 0x0000000101800000,0x0000000101900000] [id=2348]
  0x000001edf5399f70 WorkerThread "GC Thread#7" [stack: 0x0000000102c00000,0x0000000102d00000] [id=11988]
  0x000001edd1b7cb40 ConcurrentGCThread "G1 Main Marker" terminated
  0x000001edd1b7dd10 WorkerThread "G1 Conc#0" [stack: 0x0000000100900000,0x0000000100a00000] [id=16596]
  0x000001edf01f60e0 ConcurrentGCThread "G1 Refine#0" terminated
  0x000001edf01f6c20 ConcurrentGCThread "G1 Service" terminated

Threads with active compile tasks:

VM state: at safepoint (shutting down)

VM Mutex/Monitor currently owned by a thread:  ([mutex/lock_event])
[0x000001edcfa3a7c0] Threads_lock - owner thread: 0x000001edf033c8b0
[0x000001edcfa3ac40] Heap_lock - owner thread: 0x000001edf4ff4c00

Heap address: 0x0000000081200000, size: 2030 MB, Compressed Oops mode: 32-bit

CDS archive(s) mapped at: [0x0000000800000000-0x0000000800c40000-0x0000000800c40000), size 12845056, SharedBaseAddress: 0x0000000800000000, ArchiveRelocationMode: 0.
Compressed class space mapped at: 0x0000000801000000-0x0000000841000000, reserved size: 1073741824
Narrow klass base: 0x0000000800000000, Narrow klass shift: 0, Narrow klass range: 0x100000000

GC Precious Log:
 CardTable entry size: 512
 Card Set container configuration: InlinePtr #cards 5 size 8 Array Of Cards #cards 12 size 40 Howl #buckets 4 coarsen threshold 1843 Howl Bitmap #cards 512 size 80 coarsen threshold 460 Card regions per heap region 1 cards per card region 2048
 CPUs: 8 total, 8 available
 Memory: 8112M
 Large Page Support: Disabled
 NUMA Support: Disabled
 Compressed Oops: Enabled (32-bit)
 Heap Region Size: 1M
 Heap Min Capacity: 8M
 Heap Initial Capacity: 128M
 Heap Max Capacity: 2030M
 Pre-touch: Disabled
 Parallel Workers: 8
 Concurrent Workers: 2
 Concurrent Refinement Workers: 8
 Periodic GC: Disabled

Heap:
 garbage-first heap   total 131072K, used 45589K [0x0000000081200000, 0x0000000100000000)
  region size 1024K, 27 young (27648K), 5 survivors (5120K)
 Metaspace       used 17224K, committed 17536K, reserved 1114112K
  class space    used 2413K, committed 2560K, reserved 1048576K

Heap Regions: E=young(eden), S=young(survivor), O=old, HS=humongous(starts), HC=humongous(continues), CS=collection set, F=free, OA=open archive, CA=closed archive, TAMS=top-at-mark-start (previous, next)
|   0|0x0000000081200000, 0x0000000081300000, 0x0000000081300000|100%| O|  |TAMS 0x0000000081200000, 0x0000000081200000| Untracked 
|   1|0x0000000081300000, 0x0000000081400000, 0x0000000081400000|100%|HS|  |TAMS 0x0000000081300000, 0x0000000081300000| Complete 
|   2|0x0000000081400000, 0x0000000081500000, 0x0000000081500000|100%|HC|  |TAMS 0x0000000081400000, 0x0000000081400000| Complete 
|   3|0x0000000081500000, 0x0000000081600000, 0x0000000081600000|100%|HC|  |TAMS 0x0000000081500000, 0x0000000081500000| Complete 
|   4|0x0000000081600000, 0x0000000081700000, 0x0000000081700000|100%|HC|  |TAMS 0x0000000081600000, 0x0000000081600000| Complete 
|   5|0x0000000081700000, 0x0000000081800000, 0x0000000081800000|100%|HC|  |TAMS 0x0000000081700000, 0x0000000081700000| Complete 
|   6|0x0000000081800000, 0x0000000081900000, 0x0000000081900000|100%|HC|  |TAMS 0x0000000081800000, 0x0000000081800000| Complete 
|   7|0x0000000081900000, 0x0000000081a00000, 0x0000000081a00000|100%|HS|  |TAMS 0x0000000081900000, 0x0000000081900000| Complete 
|   8|0x0000000081a00000, 0x0000000081b00000, 0x0000000081b00000|100%|HC|  |TAMS 0x0000000081a00000, 0x0000000081a00000| Complete 
|   9|0x0000000081b00000, 0x0000000081c00000, 0x0000000081c00000|100%|HC|  |TAMS 0x0000000081b00000, 0x0000000081b00000| Complete 
|  10|0x0000000081c00000, 0x0000000081d00000, 0x0000000081d00000|100%|HS|  |TAMS 0x0000000081c00000, 0x0000000081c00000| Complete 
|  11|0x0000000081d00000, 0x0000000081e00000, 0x0000000081e00000|100%|HC|  |TAMS 0x0000000081d00000, 0x0000000081d00000| Complete 
|  12|0x0000000081e00000, 0x0000000081e85400, 0x0000000081f00000| 52%| O|  |TAMS 0x0000000081e00000, 0x0000000081e00000| Untracked 
|  13|0x0000000081f00000, 0x0000000082000000, 0x0000000082000000|100%|HS|  |TAMS 0x0000000081f00000, 0x0000000081f00000| Complete 
|  14|0x0000000082000000, 0x0000000082100000, 0x0000000082100000|100%|HC|  |TAMS 0x0000000082000000, 0x0000000082000000| Complete 
|  15|0x0000000082100000, 0x0000000082200000, 0x0000000082200000|100%|HC|  |TAMS 0x0000000082100000, 0x0000000082100000| Complete 
|  16|0x0000000082200000, 0x0000000082300000, 0x0000000082300000|100%|HS|  |TAMS 0x0000000082200000, 0x0000000082200000| Complete 
|  17|0x0000000082300000, 0x0000000082400000, 0x0000000082400000|100%|HC|  |TAMS 0x0000000082300000, 0x0000000082300000| Complete 
|  18|0x0000000082400000, 0x0000000082500000, 0x0000000082500000|100%|HC|  |TAMS 0x0000000082400000, 0x0000000082400000| Complete 
|  19|0x0000000082500000, 0x0000000082500000, 0x0000000082600000|  0%| F|  |TAMS 0x0000000082500000, 0x0000000082500000| Untracked 
|  20|0x0000000082600000, 0x0000000082600000, 0x0000000082700000|  0%| F|  |TAMS 0x0000000082600000, 0x0000000082600000| Untracked 
|  21|0x0000000082700000, 0x0000000082700000, 0x0000000082800000|  0%| F|  |TAMS 0x0000000082700000, 0x0000000082700000| Untracked 
|  22|0x0000000082800000, 0x0000000082800000, 0x0000000082900000|  0%| F|  |TAMS 0x0000000082800000, 0x0000000082800000| Untracked 
|  23|0x0000000082900000, 0x0000000082900000, 0x0000000082a00000|  0%| F|  |TAMS 0x0000000082900000, 0x0000000082900000| Untracked 
|  24|0x0000000082a00000, 0x0000000082a00000, 0x0000000082b00000|  0%| F|  |TAMS 0x0000000082a00000, 0x0000000082a00000| Untracked 
|  25|0x0000000082b00000, 0x0000000082b00000, 0x0000000082c00000|  0%| F|  |TAMS 0x0000000082b00000, 0x0000000082b00000| Untracked 
|  26|0x0000000082c00000, 0x0000000082c00000, 0x0000000082d00000|  0%| F|  |TAMS 0x0000000082c00000, 0x0000000082c00000| Untracked 
|  27|0x0000000082d00000, 0x0000000082d00000, 0x0000000082e00000|  0%| F|  |TAMS 0x0000000082d00000, 0x0000000082d00000| Untracked 
|  28|0x0000000082e00000, 0x0000000082e00000, 0x0000000082f00000|  0%| F|  |TAMS 0x0000000082e00000, 0x0000000082e00000| Untracked 
|  29|0x0000000082f00000, 0x0000000082f00000, 0x0000000083000000|  0%| F|  |TAMS 0x0000000082f00000, 0x0000000082f00000| Untracked 
|  30|0x0000000083000000, 0x0000000083000000, 0x0000000083100000|  0%| F|  |TAMS 0x0000000083000000, 0x0000000083000000| Untracked 
|  31|0x0000000083100000, 0x0000000083100000, 0x0000000083200000|  0%| F|  |TAMS 0x0000000083100000, 0x0000000083100000| Untracked 
|  32|0x0000000083200000, 0x0000000083200000, 0x0000000083300000|  0%| F|  |TAMS 0x0000000083200000, 0x0000000083200000| Untracked 
|  33|0x0000000083300000, 0x0000000083300000, 0x0000000083400000|  0%| F|  |TAMS 0x0000000083300000, 0x0000000083300000| Untracked 
|  34|0x0000000083400000, 0x0000000083400000, 0x0000000083500000|  0%| F|  |TAMS 0x0000000083400000, 0x0000000083400000| Untracked 
|  35|0x0000000083500000, 0x0000000083500000, 0x0000000083600000|  0%| F|  |TAMS 0x0000000083500000, 0x0000000083500000| Untracked 
|  36|0x0000000083600000, 0x0000000083600000, 0x0000000083700000|  0%| F|  |TAMS 0x0000000083600000, 0x0000000083600000| Untracked 
|  37|0x0000000083700000, 0x0000000083700000, 0x0000000083800000|  0%| F|  |TAMS 0x0000000083700000, 0x0000000083700000| Untracked 
|  38|0x0000000083800000, 0x0000000083800000, 0x0000000083900000|  0%| F|  |TAMS 0x0000000083800000, 0x0000000083800000| Untracked 
|  39|0x0000000083900000, 0x0000000083900000, 0x0000000083a00000|  0%| F|  |TAMS 0x0000000083900000, 0x0000000083900000| Untracked 
|  40|0x0000000083a00000, 0x0000000083a00000, 0x0000000083b00000|  0%| F|  |TAMS 0x0000000083a00000, 0x0000000083a00000| Untracked 
|  41|0x0000000083b00000, 0x0000000083b00000, 0x0000000083c00000|  0%| F|  |TAMS 0x0000000083b00000, 0x0000000083b00000| Untracked 
|  42|0x0000000083c00000, 0x0000000083c00000, 0x0000000083d00000|  0%| F|  |TAMS 0x0000000083c00000, 0x0000000083c00000| Untracked 
|  43|0x0000000083d00000, 0x0000000083d00000, 0x0000000083e00000|  0%| F|  |TAMS 0x0000000083d00000, 0x0000000083d00000| Untracked 
|  44|0x0000000083e00000, 0x0000000083e00000, 0x0000000083f00000|  0%| F|  |TAMS 0x0000000083e00000, 0x0000000083e00000| Untracked 
|  45|0x0000000083f00000, 0x0000000083f00000, 0x0000000084000000|  0%| F|  |TAMS 0x0000000083f00000, 0x0000000083f00000| Untracked 
|  46|0x0000000084000000, 0x0000000084000000, 0x0000000084100000|  0%| F|  |TAMS 0x0000000084000000, 0x0000000084000000| Untracked 
|  47|0x0000000084100000, 0x0000000084100000, 0x0000000084200000|  0%| F|  |TAMS 0x0000000084100000, 0x0000000084100000| Untracked 
|  48|0x0000000084200000, 0x0000000084200000, 0x0000000084300000|  0%| F|  |TAMS 0x0000000084200000, 0x0000000084200000| Untracked 
|  49|0x0000000084300000, 0x0000000084300000, 0x0000000084400000|  0%| F|  |TAMS 0x0000000084300000, 0x0000000084300000| Untracked 
|  50|0x0000000084400000, 0x0000000084400000, 0x0000000084500000|  0%| F|  |TAMS 0x0000000084400000, 0x0000000084400000| Untracked 
|  51|0x0000000084500000, 0x0000000084500000, 0x0000000084600000|  0%| F|  |TAMS 0x0000000084500000, 0x0000000084500000| Untracked 
|  52|0x0000000084600000, 0x0000000084600000, 0x0000000084700000|  0%| F|  |TAMS 0x0000000084600000, 0x0000000084600000| Untracked 
|  53|0x0000000084700000, 0x0000000084700000, 0x0000000084800000|  0%| F|  |TAMS 0x0000000084700000, 0x0000000084700000| Untracked 
|  54|0x0000000084800000, 0x0000000084800000, 0x0000000084900000|  0%| F|  |TAMS 0x0000000084800000, 0x0000000084800000| Untracked 
|  55|0x0000000084900000, 0x0000000084900000, 0x0000000084a00000|  0%| F|  |TAMS 0x0000000084900000, 0x0000000084900000| Untracked 
|  56|0x0000000084a00000, 0x0000000084a00000, 0x0000000084b00000|  0%| F|  |TAMS 0x0000000084a00000, 0x0000000084a00000| Untracked 
|  57|0x0000000084b00000, 0x0000000084b00000, 0x0000000084c00000|  0%| F|  |TAMS 0x0000000084b00000, 0x0000000084b00000| Untracked 
|  58|0x0000000084c00000, 0x0000000084c00000, 0x0000000084d00000|  0%| F|  |TAMS 0x0000000084c00000, 0x0000000084c00000| Untracked 
|  59|0x0000000084d00000, 0x0000000084d00000, 0x0000000084e00000|  0%| F|  |TAMS 0x0000000084d00000, 0x0000000084d00000| Untracked 
|  60|0x0000000084e00000, 0x0000000084e00000, 0x0000000084f00000|  0%| F|  |TAMS 0x0000000084e00000, 0x0000000084e00000| Untracked 
|  61|0x0000000084f00000, 0x0000000084f00000, 0x0000000085000000|  0%| F|  |TAMS 0x0000000084f00000, 0x0000000084f00000| Untracked 
|  62|0x0000000085000000, 0x0000000085000000, 0x0000000085100000|  0%| F|  |TAMS 0x0000000085000000, 0x0000000085000000| Untracked 
|  63|0x0000000085100000, 0x0000000085100000, 0x0000000085200000|  0%| F|  |TAMS 0x0000000085100000, 0x0000000085100000| Untracked 
|  64|0x0000000085200000, 0x0000000085200000, 0x0000000085300000|  0%| F|  |TAMS 0x0000000085200000, 0x0000000085200000| Untracked 
|  65|0x0000000085300000, 0x0000000085300000, 0x0000000085400000|  0%| F|  |TAMS 0x0000000085300000, 0x0000000085300000| Untracked 
|  66|0x0000000085400000, 0x0000000085400000, 0x0000000085500000|  0%| F|  |TAMS 0x0000000085400000, 0x0000000085400000| Untracked 
|  67|0x0000000085500000, 0x0000000085500000, 0x0000000085600000|  0%| F|  |TAMS 0x0000000085500000, 0x0000000085500000| Untracked 
|  68|0x0000000085600000, 0x0000000085600000, 0x0000000085700000|  0%| F|  |TAMS 0x0000000085600000, 0x0000000085600000| Untracked 
|  69|0x0000000085700000, 0x0000000085700000, 0x0000000085800000|  0%| F|  |TAMS 0x0000000085700000, 0x0000000085700000| Untracked 
|  70|0x0000000085800000, 0x0000000085800000, 0x0000000085900000|  0%| F|  |TAMS 0x0000000085800000, 0x0000000085800000| Untracked 
|  71|0x0000000085900000, 0x0000000085900000, 0x0000000085a00000|  0%| F|  |TAMS 0x0000000085900000, 0x0000000085900000| Untracked 
|  72|0x0000000085a00000, 0x0000000085a00000, 0x0000000085b00000|  0%| F|  |TAMS 0x0000000085a00000, 0x0000000085a00000| Untracked 
|  73|0x0000000085b00000, 0x0000000085b00000, 0x0000000085c00000|  0%| F|  |TAMS 0x0000000085b00000, 0x0000000085b00000| Untracked 
|  74|0x0000000085c00000, 0x0000000085c00000, 0x0000000085d00000|  0%| F|  |TAMS 0x0000000085c00000, 0x0000000085c00000| Untracked 
|  75|0x0000000085d00000, 0x0000000085d00000, 0x0000000085e00000|  0%| F|  |TAMS 0x0000000085d00000, 0x0000000085d00000| Untracked 
|  76|0x0000000085e00000, 0x0000000085e00000, 0x0000000085f00000|  0%| F|  |TAMS 0x0000000085e00000, 0x0000000085e00000| Untracked 
|  77|0x0000000085f00000, 0x0000000085f00000, 0x0000000086000000|  0%| F|  |TAMS 0x0000000085f00000, 0x0000000085f00000| Untracked 
|  78|0x0000000086000000, 0x0000000086000000, 0x0000000086100000|  0%| F|  |TAMS 0x0000000086000000, 0x0000000086000000| Untracked 
|  79|0x0000000086100000, 0x0000000086100000, 0x0000000086200000|  0%| F|  |TAMS 0x0000000086100000, 0x0000000086100000| Untracked 
|  80|0x0000000086200000, 0x0000000086200000, 0x0000000086300000|  0%| F|  |TAMS 0x0000000086200000, 0x0000000086200000| Untracked 
|  81|0x0000000086300000, 0x0000000086300000, 0x0000000086400000|  0%| F|  |TAMS 0x0000000086300000, 0x0000000086300000| Untracked 
|  82|0x0000000086400000, 0x0000000086400000, 0x0000000086500000|  0%| F|  |TAMS 0x0000000086400000, 0x0000000086400000| Untracked 
|  83|0x0000000086500000, 0x0000000086500000, 0x0000000086600000|  0%| F|  |TAMS 0x0000000086500000, 0x0000000086500000| Untracked 
|  84|0x0000000086600000, 0x0000000086600000, 0x0000000086700000|  0%| F|  |TAMS 0x0000000086600000, 0x0000000086600000| Untracked 
|  85|0x0000000086700000, 0x0000000086700000, 0x0000000086800000|  0%| F|  |TAMS 0x0000000086700000, 0x0000000086700000| Untracked 
|  86|0x0000000086800000, 0x0000000086800000, 0x0000000086900000|  0%| F|  |TAMS 0x0000000086800000, 0x0000000086800000| Untracked 
|  87|0x0000000086900000, 0x0000000086a00000, 0x0000000086a00000|100%| S|CS|TAMS 0x0000000086900000, 0x0000000086900000| Complete 
|  88|0x0000000086a00000, 0x0000000086b00000, 0x0000000086b00000|100%| S|CS|TAMS 0x0000000086a00000, 0x0000000086a00000| Complete 
|  89|0x0000000086b00000, 0x0000000086c00000, 0x0000000086c00000|100%| S|CS|TAMS 0x0000000086b00000, 0x0000000086b00000| Complete 
|  90|0x0000000086c00000, 0x0000000086d00000, 0x0000000086d00000|100%| S|CS|TAMS 0x0000000086c00000, 0x0000000086c00000| Complete 
|  91|0x0000000086d00000, 0x0000000086e00000, 0x0000000086e00000|100%| S|CS|TAMS 0x0000000086d00000, 0x0000000086d00000| Complete 
|  92|0x0000000086e00000, 0x0000000086e00000, 0x0000000086f00000|  0%| F|  |TAMS 0x0000000086e00000, 0x0000000086e00000| Untracked 
|  93|0x0000000086f00000, 0x0000000086f00000, 0x0000000087000000|  0%| F|  |TAMS 0x0000000086f00000, 0x0000000086f00000| Untracked 
|  94|0x0000000087000000, 0x0000000087000000, 0x0000000087100000|  0%| F|  |TAMS 0x0000000087000000, 0x0000000087000000| Untracked 
|  95|0x0000000087100000, 0x0000000087100000, 0x0000000087200000|  0%| F|  |TAMS 0x0000000087100000, 0x0000000087100000| Untracked 
|  96|0x0000000087200000, 0x0000000087200000, 0x0000000087300000|  0%| F|  |TAMS 0x0000000087200000, 0x0000000087200000| Untracked 
|  97|0x0000000087300000, 0x0000000087300000, 0x0000000087400000|  0%| F|  |TAMS 0x0000000087300000, 0x0000000087300000| Untracked 
|  98|0x0000000087400000, 0x0000000087400000, 0x0000000087500000|  0%| F|  |TAMS 0x0000000087400000, 0x0000000087400000| Untracked 
|  99|0x0000000087500000, 0x0000000087500000, 0x0000000087600000|  0%| F|  |TAMS 0x0000000087500000, 0x0000000087500000| Untracked 
| 100|0x0000000087600000, 0x0000000087600000, 0x0000000087700000|  0%| F|  |TAMS 0x0000000087600000, 0x0000000087600000| Untracked 
| 101|0x0000000087700000, 0x0000000087700000, 0x0000000087800000|  0%| F|  |TAMS 0x0000000087700000, 0x0000000087700000| Untracked 
| 102|0x0000000087800000, 0x0000000087800000, 0x0000000087900000|  0%| F|  |TAMS 0x0000000087800000, 0x0000000087800000| Untracked 
| 103|0x0000000087900000, 0x0000000087900000, 0x0000000087a00000|  0%| F|  |TAMS 0x0000000087900000, 0x0000000087900000| Untracked 
| 104|0x0000000087a00000, 0x0000000087a00000, 0x0000000087b00000|  0%| F|  |TAMS 0x0000000087a00000, 0x0000000087a00000| Untracked 
| 105|0x0000000087b00000, 0x0000000087b00000, 0x0000000087c00000|  0%| F|  |TAMS 0x0000000087b00000, 0x0000000087b00000| Untracked 
| 106|0x0000000087c00000, 0x0000000087c68618, 0x0000000087d00000| 40%| E|  |TAMS 0x0000000087c00000, 0x0000000087c00000| Complete 
| 107|0x0000000087d00000, 0x0000000087e00000, 0x0000000087e00000|100%| E|CS|TAMS 0x0000000087d00000, 0x0000000087d00000| Complete 
| 108|0x0000000087e00000, 0x0000000087f00000, 0x0000000087f00000|100%| E|CS|TAMS 0x0000000087e00000, 0x0000000087e00000| Complete 
| 109|0x0000000087f00000, 0x0000000088000000, 0x0000000088000000|100%| E|CS|TAMS 0x0000000087f00000, 0x0000000087f00000| Complete 
| 110|0x0000000088000000, 0x0000000088100000, 0x0000000088100000|100%| E|CS|TAMS 0x0000000088000000, 0x0000000088000000| Complete 
| 111|0x0000000088100000, 0x0000000088200000, 0x0000000088200000|100%| E|CS|TAMS 0x0000000088100000, 0x0000000088100000| Complete 
| 112|0x0000000088200000, 0x0000000088300000, 0x0000000088300000|100%| E|CS|TAMS 0x0000000088200000, 0x0000000088200000| Complete 
| 113|0x0000000088300000, 0x0000000088400000, 0x0000000088400000|100%| E|CS|TAMS 0x0000000088300000, 0x0000000088300000| Complete 
| 114|0x0000000088400000, 0x0000000088500000, 0x0000000088500000|100%| E|CS|TAMS 0x0000000088400000, 0x0000000088400000| Complete 
| 115|0x0000000088500000, 0x0000000088600000, 0x0000000088600000|100%| E|CS|TAMS 0x0000000088500000, 0x0000000088500000| Complete 
| 116|0x0000000088600000, 0x0000000088700000, 0x0000000088700000|100%| E|CS|TAMS 0x0000000088600000, 0x0000000088600000| Complete 
| 117|0x0000000088700000, 0x0000000088800000, 0x0000000088800000|100%| E|CS|TAMS 0x0000000088700000, 0x0000000088700000| Complete 
| 118|0x0000000088800000, 0x0000000088900000, 0x0000000088900000|100%| E|CS|TAMS 0x0000000088800000, 0x0000000088800000| Complete 
| 119|0x0000000088900000, 0x0000000088a00000, 0x0000000088a00000|100%| E|CS|TAMS 0x0000000088900000, 0x0000000088900000| Complete 
| 120|0x0000000088a00000, 0x0000000088b00000, 0x0000000088b00000|100%| E|CS|TAMS 0x0000000088a00000, 0x0000000088a00000| Complete 
| 121|0x0000000088b00000, 0x0000000088c00000, 0x0000000088c00000|100%| E|CS|TAMS 0x0000000088b00000, 0x0000000088b00000| Complete 
| 122|0x0000000088c00000, 0x0000000088d00000, 0x0000000088d00000|100%| E|CS|TAMS 0x0000000088c00000, 0x0000000088c00000| Complete 
| 123|0x0000000088d00000, 0x0000000088e00000, 0x0000000088e00000|100%| E|CS|TAMS 0x0000000088d00000, 0x0000000088d00000| Complete 
| 124|0x0000000088e00000, 0x0000000088f00000, 0x0000000088f00000|100%| E|CS|TAMS 0x0000000088e00000, 0x0000000088e00000| Complete 
| 125|0x0000000088f00000, 0x0000000089000000, 0x0000000089000000|100%| E|CS|TAMS 0x0000000088f00000, 0x0000000088f00000| Complete 
| 126|0x0000000089000000, 0x0000000089100000, 0x0000000089100000|100%| E|CS|TAMS 0x0000000089000000, 0x0000000089000000| Complete 
| 127|0x0000000089100000, 0x0000000089200000, 0x0000000089200000|100%| E|CS|TAMS 0x0000000089100000, 0x0000000089100000| Complete 

Card table byte_map: [0x000001ede91b0000,0x000001ede95b0000] _byte_map_base: 0x000001ede8da7000

Marking Bits (Prev, Next): (CMBitMap*) 0x000001edd1b6c2b0, (CMBitMap*) 0x000001edd1b6c2f0
 Prev Bits: [0x000001ede99b0000, 0x000001edeb968000)
 Next Bits: [0x000001edeb970000, 0x000001eded928000)

Polling page: 0x000001edcfa40000

Metaspace:

Usage:
  Non-class:     14.46 MB used.
      Class:      2.36 MB used.
       Both:     16.82 MB used.

Virtual space:
  Non-class space:       64.00 MB reserved,      14.62 MB ( 23%) committed,  1 nodes.
      Class space:        1.00 GB reserved,       2.50 MB ( <1%) committed,  1 nodes.
             Both:        1.06 GB reserved,      17.12 MB (  2%) committed. 

Chunk freelists:
   Non-Class:  880.00 KB
       Class:  1.35 MB
        Both:  2.21 MB

MaxMetaspaceSize: unlimited
CompressedClassSpaceSize: 1.00 GB
Initial GC threshold: 21.00 MB
Current GC threshold: 21.00 MB
CDS: on
MetaspaceReclaimPolicy: balanced
 - commit_granule_bytes: 65536.
 - commit_granule_words: 8192.
 - virtual_space_node_default_size: 8388608.
 - enlarge_chunks_in_place: 1.
 - new_chunks_are_fully_committed: 0.
 - uncommit_free_chunks: 1.
 - use_allocation_guard: 0.


Internal statistics:

num_allocs_failed_limit: 0.
num_arena_births: 336.
num_arena_deaths: 0.
num_vsnodes_births: 2.
num_vsnodes_deaths: 0.
num_space_committed: 274.
num_space_uncommitted: 0.
num_chunks_returned_to_freelist: 0.
num_chunks_taken_from_freelist: 911.
num_chunk_merges: 0.
num_chunk_splits: 659.
num_chunks_enlarged: 517.
num_inconsistent_stats: 0.

CodeHeap 'non-profiled nmethods': size=120000Kb used=2018Kb max_used=2018Kb free=117982Kb
 bounds [0x000001ede1550000, 0x000001ede17c0000, 0x000001ede8a80000]
CodeHeap 'profiled nmethods': size=120000Kb used=8442Kb max_used=8442Kb free=111557Kb
 bounds [0x000001edd9a80000, 0x000001edda2c0000, 0x000001ede0fb0000]
CodeHeap 'non-nmethods': size=5760Kb used=1546Kb max_used=1674Kb free=4213Kb
 bounds [0x000001ede0fb0000, 0x000001ede1220000, 0x000001ede1550000]
 total_blobs=5021 nmethods=4188 adapters=742
 compilation: enabled
              stopped_count=0, restarted_count=0
 full_count=0

Compilation events (20 events):
Event: 149.196 Thread 0x000001edf03948b0 4182       3       com.sun.javafx.tk.quantum.PaintCollector::addDirtyScene (92 bytes)
Event: 149.198 Thread 0x000001edf03948b0 nmethod 4182 0x000001edda2b9190 code [0x000001edda2b93c0, 0x000001edda2b9da8]
Event: 149.211 Thread 0x000001edf0389d80 4183       4       com.sun.javafx.geom.PickRay::setDirection (12 bytes)
Event: 149.213 Thread 0x000001edf0389d80 nmethod 4183 0x000001ede1748210 code [0x000001ede17483a0, 0x000001ede1748458]
Event: 149.303 Thread 0x000001edf03948b0 4184       3       java.util.LinkedList$Node::<init> (20 bytes)
Event: 149.303 Thread 0x000001edf03948b0 nmethod 4184 0x000001edda2ba110 code [0x000001edda2ba2c0, 0x000001edda2ba538]
Event: 149.309 Thread 0x000001edf03948b0 4185       3       com.sun.javafx.scene.control.LabeledText$1::isSettable (9 bytes)
Event: 149.309 Thread 0x000001edf03948b0 nmethod 4185 0x000001edda2ba610 code [0x000001edda2ba7e0, 0x000001edda2bac88]
Event: 149.310 Thread 0x000001edf03948b0 4188       3       javafx.scene.layout.Region::boundedNodeSizeWithBias (285 bytes)
Event: 149.311 Thread 0x000001edf0389d80 4190       4       java.lang.Boolean::valueOf (14 bytes)
Event: 149.312 Thread 0x000001edf03948b0 nmethod 4188 0x000001edda2bae10 code [0x000001edda2bb260, 0x000001edda2bcac8]
Event: 149.312 Thread 0x000001edf03948b0 4189       3       javafx.scene.layout.GridPane::shouldRowFillHeight (32 bytes)
Event: 149.312 Thread 0x000001edf0389d80 nmethod 4190 0x000001ede1748510 code [0x000001ede17486a0, 0x000001ede1748718]
Event: 149.312 Thread 0x000001edf03948b0 nmethod 4189 0x000001edda2bd190 code [0x000001edda2bd380, 0x000001edda2bd828]
Event: 149.313 Thread 0x000001edf03948b0 4187       3       javafx.scene.layout.GridPane::getNumberOfRows (9 bytes)
Event: 149.313 Thread 0x000001edf03948b0 nmethod 4187 0x000001edda2bd990 code [0x000001edda2bdb40, 0x000001edda2bdc88]
Event: 149.313 Thread 0x000001edf03948b0 4186       3       com.sun.javafx.scene.control.LabeledText$1::isSettable (30 bytes)
Event: 149.313 Thread 0x000001edf03948b0 nmethod 4186 0x000001edda2bdd10 code [0x000001edda2bdee0, 0x000001edda2be228]
Event: 149.397 Thread 0x000001edf03948b0 4191       3       com.sun.glass.ui.View::getWidth (8 bytes)
Event: 149.398 Thread 0x000001edf03948b0 nmethod 4191 0x000001edda2be390 code [0x000001edda2be560, 0x000001edda2be8b8]

GC Heap History (4 events):
Event: 1.468 GC heap before
{Heap before GC invocations=0 (full 0):
 garbage-first heap   total 131072K, used 22528K [0x0000000081200000, 0x0000000100000000)
  region size 1024K, 23 young (23552K), 0 survivors (0K)
 Metaspace       used 5639K, committed 5888K, reserved 1114112K
  class space    used 664K, committed 832K, reserved 1048576K
}
Event: 1.473 GC heap after
{Heap after GC invocations=1 (full 0):
 garbage-first heap   total 131072K, used 3317K [0x0000000081200000, 0x0000000100000000)
  region size 1024K, 3 young (3072K), 3 survivors (3072K)
 Metaspace       used 5639K, committed 5888K, reserved 1114112K
  class space    used 664K, committed 832K, reserved 1048576K
}
Event: 4.028 GC heap before
{Heap before GC invocations=1 (full 0):
 garbage-first heap   total 131072K, used 47349K [0x0000000081200000, 0x0000000100000000)
  region size 1024K, 36 young (36864K), 3 survivors (3072K)
 Metaspace       used 14228K, committed 14528K, reserved 1114112K
  class space    used 2087K, committed 2240K, reserved 1048576K
}
Event: 4.038 GC heap after
{Heap after GC invocations=2 (full 0):
 garbage-first heap   total 131072K, used 17941K [0x0000000081200000, 0x0000000100000000)
  region size 1024K, 5 young (5120K), 5 survivors (5120K)
 Metaspace       used 14228K, committed 14528K, reserved 1114112K
  class space    used 2087K, committed 2240K, reserved 1048576K
}

Dll operation events (20 events):
Event: 0.954 Loaded shared library C:\Users\Gabriel\.openjfx\cache\13\api-ms-win-crt-filesystem-l1-1-0.dll
Event: 0.959 Loaded shared library C:\Users\Gabriel\.openjfx\cache\13\api-ms-win-crt-heap-l1-1-0.dll
Event: 0.966 Loaded shared library C:\Users\Gabriel\.openjfx\cache\13\api-ms-win-crt-locale-l1-1-0.dll
Event: 0.970 Loaded shared library C:\Users\Gabriel\.openjfx\cache\13\api-ms-win-crt-math-l1-1-0.dll
Event: 0.974 Loaded shared library C:\Users\Gabriel\.openjfx\cache\13\api-ms-win-crt-multibyte-l1-1-0.dll
Event: 0.983 Loaded shared library C:\Users\Gabriel\.openjfx\cache\13\api-ms-win-crt-private-l1-1-0.dll
Event: 0.987 Loaded shared library C:\Users\Gabriel\.openjfx\cache\13\api-ms-win-crt-process-l1-1-0.dll
Event: 0.994 Loaded shared library C:\Users\Gabriel\.openjfx\cache\13\api-ms-win-crt-runtime-l1-1-0.dll
Event: 1.001 Loaded shared library C:\Users\Gabriel\.openjfx\cache\13\api-ms-win-crt-stdio-l1-1-0.dll
Event: 1.005 Loaded shared library C:\Users\Gabriel\.openjfx\cache\13\api-ms-win-crt-string-l1-1-0.dll
Event: 1.012 Loaded shared library C:\Users\Gabriel\.openjfx\cache\13\api-ms-win-crt-time-l1-1-0.dll
Event: 1.018 Loaded shared library C:\Users\Gabriel\.openjfx\cache\13\api-ms-win-crt-utility-l1-1-0.dll
Event: 1.048 Loaded shared library C:\Users\Gabriel\.openjfx\cache\13\ucrtbase.dll
Event: 1.053 Loaded shared library C:\Users\Gabriel\.openjfx\cache\13\vcruntime140.dll
Event: 1.070 Loaded shared library C:\Users\Gabriel\.openjfx\cache\13\msvcp140.dll
Event: 1.082 Loaded shared library C:\Users\Gabriel\.openjfx\cache\13\concrt140.dll
Event: 1.138 Loaded shared library C:\Users\Gabriel\.openjfx\cache\13\prism_d3d.dll
Event: 1.210 Loaded shared library C:\Users\Gabriel\.openjfx\cache\13\glass.dll
Event: 1.547 Loaded shared library C:\Users\Gabriel\.openjfx\cache\13\javafx_font.dll
Event: 2.124 Loaded shared library C:\Program Files\Java\jdk-19\bin\jimage.dll

Deoptimization events (20 events):
Event: 25.123 Thread 0x000001edf4ff4c00 Uncommon trap: trap_request=0xffffff45 fr.pc=0x000001ede16dce84 relative=0x0000000000000444
Event: 25.123 Thread 0x000001edf4ff4c00 Uncommon trap: reason=unstable_if action=reinterpret pc=0x000001ede16dce84 method=com.sun.javafx.css.BitSet.retainAll(Ljava/util/Collection;)Z @ 159 c2
Event: 25.123 Thread 0x000001edf4ff4c00 DEOPT PACKING pc=0x000001ede16dce84 sp=0x0000000101dfbd60
Event: 25.123 Thread 0x000001edf4ff4c00 DEOPT UNPACKING pc=0x000001ede1016da3 sp=0x0000000101dfbca8 mode 2
Event: 29.596 Thread 0x000001edf4ff4c00 Uncommon trap: trap_request=0xffffffbe fr.pc=0x000001ede17144c0 relative=0x0000000000007d60
Event: 29.596 Thread 0x000001edf4ff4c00 Uncommon trap: reason=profile_predicate action=maybe_recompile pc=0x000001ede17144c0 method=javafx.scene.CssStyleHelper.transitionToState(Ljavafx/scene/Node;)V @ 285 c2
Event: 29.596 Thread 0x000001edf4ff4c00 DEOPT PACKING pc=0x000001ede17144c0 sp=0x0000000101dfd2b0
Event: 29.596 Thread 0x000001edf4ff4c00 DEOPT UNPACKING pc=0x000001ede1016da3 sp=0x0000000101dfd238 mode 2
Event: 29.660 Thread 0x000001edf4ff4c00 Uncommon trap: trap_request=0xffffffbe fr.pc=0x000001ede17144c0 relative=0x0000000000007d60
Event: 29.660 Thread 0x000001edf4ff4c00 Uncommon trap: reason=profile_predicate action=maybe_recompile pc=0x000001ede17144c0 method=javafx.scene.CssStyleHelper.transitionToState(Ljavafx/scene/Node;)V @ 285 c2
Event: 29.660 Thread 0x000001edf4ff4c00 DEOPT PACKING pc=0x000001ede17144c0 sp=0x0000000101dfd2b0
Event: 29.660 Thread 0x000001edf4ff4c00 DEOPT UNPACKING pc=0x000001ede1016da3 sp=0x0000000101dfd238 mode 2
Event: 30.012 Thread 0x000001edf4ff4c00 Uncommon trap: trap_request=0xffffffbe fr.pc=0x000001ede17144c0 relative=0x0000000000007d60
Event: 30.012 Thread 0x000001edf4ff4c00 Uncommon trap: reason=profile_predicate action=maybe_recompile pc=0x000001ede17144c0 method=javafx.scene.CssStyleHelper.transitionToState(Ljavafx/scene/Node;)V @ 285 c2
Event: 30.012 Thread 0x000001edf4ff4c00 DEOPT PACKING pc=0x000001ede17144c0 sp=0x0000000101dfd2b0
Event: 30.012 Thread 0x000001edf4ff4c00 DEOPT UNPACKING pc=0x000001ede1016da3 sp=0x0000000101dfd238 mode 2
Event: 30.091 Thread 0x000001edf4ff4c00 Uncommon trap: trap_request=0xffffffbe fr.pc=0x000001ede17144c0 relative=0x0000000000007d60
Event: 30.091 Thread 0x000001edf4ff4c00 Uncommon trap: reason=profile_predicate action=maybe_recompile pc=0x000001ede17144c0 method=javafx.scene.CssStyleHelper.transitionToState(Ljavafx/scene/Node;)V @ 285 c2
Event: 30.091 Thread 0x000001edf4ff4c00 DEOPT PACKING pc=0x000001ede17144c0 sp=0x0000000101dfd2b0
Event: 30.092 Thread 0x000001edf4ff4c00 DEOPT UNPACKING pc=0x000001ede1016da3 sp=0x0000000101dfd238 mode 2

Classes loaded (20 events):
Event: 20.901 Loading class java/util/Spliterators$IntArraySpliterator
Event: 20.901 Loading class java/util/Spliterators$IntArraySpliterator done
Event: 20.901 Loading class java/util/stream/ReduceOps$9
Event: 20.901 Loading class java/util/stream/ReduceOps$9 done
Event: 20.901 Loading class java/util/stream/ReduceOps$CountingSink$OfInt
Event: 20.901 Loading class java/util/stream/ReduceOps$CountingSink
Event: 20.902 Loading class java/util/stream/ReduceOps$CountingSink done
Event: 20.902 Loading class java/util/stream/ReduceOps$CountingSink$OfInt done
Event: 20.902 Loading class java/util/stream/Nodes$IntSpinedNodeBuilder
Event: 20.902 Loading class java/util/stream/Node$Builder$OfInt
Event: 20.902 Loading class java/util/stream/Node$Builder$OfInt done
Event: 20.902 Loading class java/util/stream/SpinedBuffer$OfInt
Event: 20.902 Loading class java/util/stream/SpinedBuffer$OfPrimitive
Event: 20.902 Loading class java/util/stream/AbstractSpinedBuffer
Event: 20.903 Loading class java/util/stream/AbstractSpinedBuffer done
Event: 20.903 Loading class java/util/stream/SpinedBuffer$OfPrimitive done
Event: 20.903 Loading class java/util/stream/SpinedBuffer$OfInt done
Event: 20.903 Loading class java/util/stream/Nodes$IntSpinedNodeBuilder done
Event: 149.461 Loading class java/util/LinkedList$ListItr
Event: 149.461 Loading class java/util/LinkedList$ListItr done

Classes unloaded (0 events):
No events

Classes redefined (0 events):
No events

Internal exceptions (20 events):
Event: 2.622 Thread 0x000001edf4ff4c00 Exception <a 'java/lang/NoSuchMethodError'{0x0000000087d4b368}: 'int java.lang.invoke.DirectMethodHandle$Holder.invokeSpecial(java.lang.Object, java.lang.Object, java.lang.Object)'> (0x0000000087d4b368) 
thrown [s\open\src\hotspot\share\interpreter\linkResolver.cpp, line 774]
Event: 2.698 Thread 0x000001edf4ff4c00 Exception <a 'java/lang/NoSuchMethodError'{0x0000000087c02f48}: 'java.lang.Object java.lang.invoke.DirectMethodHandle$Holder.newInvokeSpecial(java.lang.Object, java.lang.Object, int)'> (0x0000000087c02f48) 
thrown [s\open\src\hotspot\share\interpreter\linkResolver.cpp, line 774]
Event: 2.852 Thread 0x000001edf4ff4c00 Exception <a 'java/lang/ClassNotFoundException'{0x000000008775c760}: com/sun/javafx/scene/control/skin/resources/controls> (0x000000008775c760) 
thrown [s\open\src\hotspot\share\prims\jni.cpp, line 536]
Event: 2.855 Thread 0x000001edf4ff4c00 Exception <a 'java/lang/ClassNotFoundException'{0x000000008776a098}: com/sun/javafx/scene/control/skin/resources/controls_pt> (0x000000008776a098) 
thrown [s\open\src\hotspot\share\prims\jni.cpp, line 536]
Event: 2.855 Thread 0x000001edf4ff4c00 Exception <a 'java/lang/ClassNotFoundException'{0x000000008776b040}: com/sun/javafx/scene/control/skin/resources/controls_pt_BR> (0x000000008776b040) 
thrown [s\open\src\hotspot\share\prims\jni.cpp, line 536]
Event: 2.958 Thread 0x000001edf4ff4c00 Exception <a 'java/lang/NoSuchMethodError'{0x00000000876ea578}: 'void java.lang.invoke.DirectMethodHandle$Holder.invokeSpecial(java.lang.Object, java.lang.Object, java.lang.Object, java.lang.Object, java.lang.Object, java.lang.Object)'> (0x00000000876ea578) 
thrown [s\open\src\hotspot\share\interpreter\linkResolver.cpp, line 774]
Event: 3.430 Thread 0x000001edf5070030 Exception <a 'java/lang/NoSuchMethodError'{0x0000000087193538}: 'int java.lang.invoke.DirectMethodHandle$Holder.invokeStaticInit(java.lang.Object, java.lang.Object)'> (0x0000000087193538) 
thrown [s\open\src\hotspot\share\interpreter\linkResolver.cpp, line 774]
Event: 3.465 Thread 0x000001edf5070030 Exception <a 'java/lang/NoSuchMethodError'{0x0000000087018170}: 'java.lang.Object java.lang.invoke.Invokers$Holder.invokeExact_MT(java.lang.Object, java.lang.Object, java.lang.Object, java.lang.Object, java.lang.Object)'> (0x0000000087018170) 
thrown [s\open\src\hotspot\share\interpreter\linkResolver.cpp, line 774]
Event: 4.158 Thread 0x000001edf4ff4c00 Exception <a 'java/lang/NoSuchMethodError'{0x00000000891b0f08}: 'long java.lang.invoke.DirectMethodHandle$Holder.invokeStatic(java.lang.Object, java.lang.Object, java.lang.Object)'> (0x00000000891b0f08) 
thrown [s\open\src\hotspot\share\interpreter\linkResolver.cpp, line 774]
Event: 4.160 Thread 0x000001edf4ff4c00 Exception <a 'java/lang/NoSuchMethodError'{0x00000000891b4830}: 'long java.lang.invoke.DirectMethodHandle$Holder.invokeStaticInit(java.lang.Object, java.lang.Object, java.lang.Object)'> (0x00000000891b4830) 
thrown [s\open\src\hotspot\share\interpreter\linkResolver.cpp, line 774]
Event: 4.164 Thread 0x000001edf4ff4c00 Exception <a 'java/lang/NoSuchMethodError'{0x00000000891ccf80}: 'java.lang.Object java.lang.invoke.DirectMethodHandle$Holder.newInvokeSpecial(java.lang.Object, java.lang.Object, long)'> (0x00000000891ccf80) 
thrown [s\open\src\hotspot\share\interpreter\linkResolver.cpp, line 774]
Event: 4.164 Thread 0x000001edf4ff4c00 Exception <a 'java/lang/NoSuchMethodError'{0x00000000891d0b08}: 'java.lang.Object java.lang.invoke.Invokers$Holder.linkToTargetMethod(java.lang.Object, long, java.lang.Object)'> (0x00000000891d0b08) 
thrown [s\open\src\hotspot\share\interpreter\linkResolver.cpp, line 774]
Event: 4.313 Thread 0x000001edf4ff4c00 Exception <a 'java/lang/NoSuchMethodError'{0x0000000088e27308}: 'void java.lang.invoke.DirectMethodHandle$Holder.invokeSpecialIFC(java.lang.Object, java.lang.Object, java.lang.Object, java.lang.Object)'> (0x0000000088e27308) 
thrown [s\open\src\hotspot\share\interpreter\linkResolver.cpp, line 774]
Event: 10.716 Thread 0x000001edf4ff4c00 Exception <a 'java/lang/NoSuchMethodError'{0x0000000088956808}: 'java.lang.Object java.lang.invoke.DirectMethodHandle$Holder.newInvokeSpecial(java.lang.Object, java.lang.Object, int, int, int, int, int, java.lang.Object)'> (0x0000000088956808) 
thrown [s\open\src\hotspot\share\interpreter\linkResolver.cpp, line 774]
Event: 10.717 Thread 0x000001edf4ff4c00 Exception <a 'java/lang/NoSuchMethodError'{0x0000000088969aa0}: 'java.lang.Object java.lang.invoke.DirectMethodHandle$Holder.newInvokeSpecial(java.lang.Object, java.lang.Object, java.lang.Object, int, int, int, int, int)'> (0x0000000088969aa0) 
thrown [s\open\src\hotspot\share\interpreter\linkResolver.cpp, line 774]
Event: 10.718 Thread 0x000001edf4ff4c00 Exception <a 'java/lang/NoSuchMethodError'{0x00000000889715c0}: 'java.lang.Object java.lang.invoke.Invokers$Holder.linkToTargetMethod(java.lang.Object, java.lang.Object, int, int, int, int, int, java.lang.Object)'> (0x00000000889715c0) 
thrown [s\open\src\hotspot\share\interpreter\linkResolver.cpp, line 774]
Event: 12.926 Thread 0x000001edf5070030 Exception <a 'java/lang/NoSuchMethodError'{0x00000000887ab658}: 'java.lang.Object java.lang.invoke.DirectMethodHandle$Holder.invokeStaticInit(java.lang.Object, int)'> (0x00000000887ab658) 
thrown [s\open\src\hotspot\share\interpreter\linkResolver.cpp, line 774]
Event: 15.791 Thread 0x000001edf4ff4c00 Implicit null exception at 0x000001ede16b2022 to 0x000001ede16b2714
Event: 16.720 Thread 0x000001edf4ff4c00 Implicit null exception at 0x000001ede16b51b6 to 0x000001ede16b5770
Event: 16.720 Thread 0x000001edf4ff4c00 Implicit null exception at 0x000001ede169f92c to 0x000001ede169f97c

VM Operations (20 events):
Event: 22.246 Executing VM operation: Cleanup done
Event: 23.247 Executing VM operation: Cleanup
Event: 23.247 Executing VM operation: Cleanup done
Event: 25.247 Executing VM operation: Cleanup
Event: 25.247 Executing VM operation: Cleanup done
Event: 27.248 Executing VM operation: Cleanup
Event: 27.248 Executing VM operation: Cleanup done
Event: 28.249 Executing VM operation: Cleanup
Event: 28.249 Executing VM operation: Cleanup done
Event: 29.249 Executing VM operation: Cleanup
Event: 29.249 Executing VM operation: Cleanup done
Event: 30.250 Executing VM operation: Cleanup
Event: 30.250 Executing VM operation: Cleanup done
Event: 32.251 Executing VM operation: Cleanup
Event: 32.251 Executing VM operation: Cleanup done
Event: 32.849 Executing VM operation: HandshakeAllThreads
Event: 32.849 Executing VM operation: HandshakeAllThreads done
Event: 33.850 Executing VM operation: Cleanup
Event: 33.850 Executing VM operation: Cleanup done
Event: 149.461 Executing VM operation: Exit

Events (20 events):
Event: 4.406 Thread 0x000001edf0392750 Thread added: 0x000001edf0392750
Event: 4.510 Thread 0x000001edf0394e40 Thread added: 0x000001edf0394e40
Event: 4.971 Thread 0x000001edf0392750 Thread exited: 0x000001edf0392750
Event: 4.971 Thread 0x000001edf0394e40 Thread exited: 0x000001edf0394e40
Event: 12.889 Thread 0x000001edf0394e40 Thread added: 0x000001edf0394e40
Event: 13.396 Thread 0x000001edf0394e40 Thread exited: 0x000001edf0394e40
Event: 15.803 Thread 0x000001edf0393800 Thread added: 0x000001edf0393800
Event: 15.933 Thread 0x000001edf0393800 Thread exited: 0x000001edf0393800
Event: 18.909 Thread 0x000001edf0393800 Thread added: 0x000001edf0393800
Event: 19.372 Thread 0x000001edf0393800 Thread exited: 0x000001edf0393800
Event: 21.012 Thread 0x000001edf0393800 Thread added: 0x000001edf0393800
Event: 21.212 Thread 0x000001edf0393800 Thread exited: 0x000001edf0393800
Event: 27.382 Thread 0x000001edf0392750 Thread added: 0x000001edf0392750
Event: 27.884 Thread 0x000001edf0392750 Thread exited: 0x000001edf0392750
Event: 31.133 Thread 0x000001edf0393d90 Thread added: 0x000001edf0393d90
Event: 31.491 Thread 0x000001edf0393d90 Thread exited: 0x000001edf0393d90
Event: 149.406 Thread 0x000001edf54f5080 Thread added: 0x000001edf54f5080
Event: 149.407 Thread 0x000001edf54f55d0 Thread added: 0x000001edf54f55d0
Event: 149.454 Thread 0x000001edf54f5080 Thread exited: 0x000001edf54f5080
Event: 149.461 Thread 0x000001edf54f55d0 Thread exited: 0x000001edf54f55d0


Dynamic libraries:
0x00007ff6bc370000 - 0x00007ff6bc380000 	C:\Program Files\Java\jdk-19\bin\java.exe
0x00007ffbe8630000 - 0x00007ffbe8828000 	C:\Windows\SYSTEM32\ntdll.dll
0x00007ffbe69e0000 - 0x00007ffbe6a9f000 	C:\Windows\System32\KERNEL32.DLL
0x00007ffbe6170000 - 0x00007ffbe6442000 	C:\Windows\System32\KERNELBASE.dll
0x00007ffbe6530000 - 0x00007ffbe6630000 	C:\Windows\System32\ucrtbase.dll
0x00007ffbd2200000 - 0x00007ffbd221b000 	C:\Program Files\Java\jdk-19\bin\VCRUNTIME140.dll
0x00007ffbd3e70000 - 0x00007ffbd3e88000 	C:\Program Files\Java\jdk-19\bin\jli.dll
0x00007ffbe6bd0000 - 0x00007ffbe6c7e000 	C:\Windows\System32\ADVAPI32.dll
0x00007ffbe8420000 - 0x00007ffbe84be000 	C:\Windows\System32\msvcrt.dll
0x00007ffbe6fb0000 - 0x00007ffbe704c000 	C:\Windows\System32\sechost.dll
0x00007ffbe84c0000 - 0x00007ffbe85e5000 	C:\Windows\System32\RPCRT4.dll
0x00007ffbe8200000 - 0x00007ffbe839d000 	C:\Windows\System32\USER32.dll
0x00007ffbe6450000 - 0x00007ffbe6472000 	C:\Windows\System32\win32u.dll
0x00007ffbd70e0000 - 0x00007ffbd737a000 	C:\Windows\WinSxS\amd64_microsoft.windows.common-controls_6595b64144ccf1df_6.0.19041.1110_none_60b5254171f9507e\COMCTL32.dll
0x00007ffbe81d0000 - 0x00007ffbe81fb000 	C:\Windows\System32\GDI32.dll
0x00007ffbe5f20000 - 0x00007ffbe602f000 	C:\Windows\System32\gdi32full.dll
0x00007ffbe6060000 - 0x00007ffbe60fd000 	C:\Windows\System32\msvcp_win.dll
0x00007ffbdde50000 - 0x00007ffbdde5a000 	C:\Windows\SYSTEM32\VERSION.dll
0x00007ffbe6dc0000 - 0x00007ffbe6df2000 	C:\Windows\System32\IMM32.DLL
0x00007ffbe0140000 - 0x00007ffbe014c000 	C:\Program Files\Java\jdk-19\bin\vcruntime140_1.dll
0x00007ffbbf6b0000 - 0x00007ffbbf73e000 	C:\Program Files\Java\jdk-19\bin\msvcp140.dll
0x00007ffb75500000 - 0x00007ffb761c0000 	C:\Program Files\Java\jdk-19\bin\server\jvm.dll
0x00007ffbe0400000 - 0x00007ffbe0409000 	C:\Windows\SYSTEM32\WSOCK32.dll
0x00007ffbe83a0000 - 0x00007ffbe840b000 	C:\Windows\System32\WS2_32.dll
0x00007ffbd8810000 - 0x00007ffbd8837000 	C:\Windows\SYSTEM32\WINMM.dll
0x00007ffbe4570000 - 0x00007ffbe4582000 	C:\Windows\SYSTEM32\kernel.appcore.dll
0x00007ffbdfca0000 - 0x00007ffbdfcaa000 	C:\Program Files\Java\jdk-19\bin\jimage.dll
0x00007ffbd2850000 - 0x00007ffbd2a34000 	C:\Windows\SYSTEM32\DBGHELP.DLL
0x00007ffbd23f0000 - 0x00007ffbd241c000 	C:\Windows\SYSTEM32\dbgcore.DLL
0x00007ffbe5d30000 - 0x00007ffbe5db2000 	C:\Windows\System32\bcryptPrimitives.dll
0x00007ffbd2140000 - 0x00007ffbd2166000 	C:\Program Files\Java\jdk-19\bin\java.dll
0x00007ffbba8b0000 - 0x00007ffbba987000 	C:\Program Files\Java\jdk-19\bin\jsvml.dll
0x00007ffbe7810000 - 0x00007ffbe7f53000 	C:\Windows\System32\SHELL32.dll
0x00007ffbe3dd0000 - 0x00007ffbe4562000 	C:\Windows\SYSTEM32\windows.storage.dll
0x00007ffbe6680000 - 0x00007ffbe69d4000 	C:\Windows\System32\combase.dll
0x00007ffbe5790000 - 0x00007ffbe57c0000 	C:\Windows\SYSTEM32\Wldp.dll
0x00007ffbe6d10000 - 0x00007ffbe6dbd000 	C:\Windows\System32\SHCORE.dll
0x00007ffbe8090000 - 0x00007ffbe80e5000 	C:\Windows\System32\shlwapi.dll
0x00007ffbe5c70000 - 0x00007ffbe5c8f000 	C:\Windows\SYSTEM32\profapi.dll
0x00007ffbcbd70000 - 0x00007ffbcbd83000 	C:\Program Files\Java\jdk-19\bin\net.dll
0x00007ffbd9bd0000 - 0x00007ffbd9cdc000 	C:\Windows\SYSTEM32\WINHTTP.dll
0x00007ffbe54f0000 - 0x00007ffbe555a000 	C:\Windows\system32\mswsock.dll
0x00007ffbc8700000 - 0x00007ffbc8716000 	C:\Program Files\Java\jdk-19\bin\nio.dll
0x00007ffbc7e60000 - 0x00007ffbc7e78000 	C:\Program Files\Java\jdk-19\bin\zip.dll
0x000001edd1a10000 - 0x000001edd1a13000 	C:\Users\Gabriel\.openjfx\cache\13\api-ms-win-core-console-l1-1-0.dll
0x000001edd1a20000 - 0x000001edd1a23000 	C:\Users\Gabriel\.openjfx\cache\13\api-ms-win-core-datetime-l1-1-0.dll
0x000001edd1a30000 - 0x000001edd1a33000 	C:\Users\Gabriel\.openjfx\cache\13\api-ms-win-core-debug-l1-1-0.dll
0x000001edd1a40000 - 0x000001edd1a43000 	C:\Users\Gabriel\.openjfx\cache\13\api-ms-win-core-errorhandling-l1-1-0.dll
0x000001edd1a50000 - 0x000001edd1a54000 	C:\Users\Gabriel\.openjfx\cache\13\api-ms-win-core-file-l1-1-0.dll
0x000001edd1a60000 - 0x000001edd1a63000 	C:\Users\Gabriel\.openjfx\cache\13\api-ms-win-core-file-l1-2-0.dll
0x000001edd1a70000 - 0x000001edd1a73000 	C:\Users\Gabriel\.openjfx\cache\13\api-ms-win-core-file-l2-1-0.dll
0x000001edd1a80000 - 0x000001edd1a83000 	C:\Users\Gabriel\.openjfx\cache\13\api-ms-win-core-handle-l1-1-0.dll
0x000001edd1a90000 - 0x000001edd1a93000 	C:\Users\Gabriel\.openjfx\cache\13\api-ms-win-core-heap-l1-1-0.dll
0x000001edd1aa0000 - 0x000001edd1aa3000 	C:\Users\Gabriel\.openjfx\cache\13\api-ms-win-core-interlocked-l1-1-0.dll
0x000001edd1ab0000 - 0x000001edd1ab3000 	C:\Users\Gabriel\.openjfx\cache\13\api-ms-win-core-libraryloader-l1-1-0.dll
0x000001edd1ac0000 - 0x000001edd1ac3000 	C:\Users\Gabriel\.openjfx\cache\13\api-ms-win-core-localization-l1-2-0.dll
0x000001edd1ad0000 - 0x000001edd1ad3000 	C:\Users\Gabriel\.openjfx\cache\13\api-ms-win-core-memory-l1-1-0.dll
0x000001edf03c0000 - 0x000001edf03c3000 	C:\Users\Gabriel\.openjfx\cache\13\api-ms-win-core-namedpipe-l1-1-0.dll
0x000001edf03d0000 - 0x000001edf03d3000 	C:\Users\Gabriel\.openjfx\cache\13\api-ms-win-core-processenvironment-l1-1-0.dll
0x000001edf03e0000 - 0x000001edf03e3000 	C:\Users\Gabriel\.openjfx\cache\13\api-ms-win-core-processthreads-l1-1-0.dll
0x000001edf03f0000 - 0x000001edf03f3000 	C:\Users\Gabriel\.openjfx\cache\13\api-ms-win-core-processthreads-l1-1-1.dll
0x000001edf60f0000 - 0x000001edf60f3000 	C:\Users\Gabriel\.openjfx\cache\13\api-ms-win-core-profile-l1-1-0.dll
0x000001edf6100000 - 0x000001edf6103000 	C:\Users\Gabriel\.openjfx\cache\13\api-ms-win-core-rtlsupport-l1-1-0.dll
0x000001edf6110000 - 0x000001edf6113000 	C:\Users\Gabriel\.openjfx\cache\13\api-ms-win-core-string-l1-1-0.dll
0x000001edf6120000 - 0x000001edf6123000 	C:\Users\Gabriel\.openjfx\cache\13\api-ms-win-core-synch-l1-1-0.dll
0x000001edf6130000 - 0x000001edf6133000 	C:\Users\Gabriel\.openjfx\cache\13\api-ms-win-core-synch-l1-2-0.dll
0x000001edf6140000 - 0x000001edf6143000 	C:\Users\Gabriel\.openjfx\cache\13\api-ms-win-core-sysinfo-l1-1-0.dll
0x000001edf6150000 - 0x000001edf6153000 	C:\Users\Gabriel\.openjfx\cache\13\api-ms-win-core-timezone-l1-1-0.dll
0x000001edf6160000 - 0x000001edf6163000 	C:\Users\Gabriel\.openjfx\cache\13\api-ms-win-core-util-l1-1-0.dll
0x000001edf6170000 - 0x000001edf6173000 	C:\Users\Gabriel\.openjfx\cache\13\api-ms-win-crt-conio-l1-1-0.dll
0x000001edf6180000 - 0x000001edf6184000 	C:\Users\Gabriel\.openjfx\cache\13\api-ms-win-crt-convert-l1-1-0.dll
0x000001edf6190000 - 0x000001edf6193000 	C:\Users\Gabriel\.openjfx\cache\13\api-ms-win-crt-environment-l1-1-0.dll
0x000001edf61a0000 - 0x000001edf61a3000 	C:\Users\Gabriel\.openjfx\cache\13\api-ms-win-crt-filesystem-l1-1-0.dll
0x000001edf61b0000 - 0x000001edf61b3000 	C:\Users\Gabriel\.openjfx\cache\13\api-ms-win-crt-heap-l1-1-0.dll
0x000001edf61c0000 - 0x000001edf61c3000 	C:\Users\Gabriel\.openjfx\cache\13\api-ms-win-crt-locale-l1-1-0.dll
0x000001edf61d0000 - 0x000001edf61d5000 	C:\Users\Gabriel\.openjfx\cache\13\api-ms-win-crt-math-l1-1-0.dll
0x000001edf61e0000 - 0x000001edf61e5000 	C:\Users\Gabriel\.openjfx\cache\13\api-ms-win-crt-multibyte-l1-1-0.dll
0x000001edf61f0000 - 0x000001edf6200000 	C:\Users\Gabriel\.openjfx\cache\13\api-ms-win-crt-private-l1-1-0.dll
0x000001edf6200000 - 0x000001edf6203000 	C:\Users\Gabriel\.openjfx\cache\13\api-ms-win-crt-process-l1-1-0.dll
0x000001edf6210000 - 0x000001edf6214000 	C:\Users\Gabriel\.openjfx\cache\13\api-ms-win-crt-runtime-l1-1-0.dll
0x000001edf6220000 - 0x000001edf6224000 	C:\Users\Gabriel\.openjfx\cache\13\api-ms-win-crt-stdio-l1-1-0.dll
0x000001edf6230000 - 0x000001edf6234000 	C:\Users\Gabriel\.openjfx\cache\13\api-ms-win-crt-string-l1-1-0.dll
0x000001edf6240000 - 0x000001edf6243000 	C:\Users\Gabriel\.openjfx\cache\13\api-ms-win-crt-time-l1-1-0.dll
0x000001edf6250000 - 0x000001edf6253000 	C:\Users\Gabriel\.openjfx\cache\13\api-ms-win-crt-utility-l1-1-0.dll
0x00007ffbb8bc0000 - 0x00007ffbb8cbc000 	C:\Users\Gabriel\.openjfx\cache\13\ucrtbase.dll
0x00007ffbc2cc0000 - 0x00007ffbc2cd5000 	C:\Users\Gabriel\.openjfx\cache\13\vcruntime140.dll
0x00007ffbb8b20000 - 0x00007ffbb8bbb000 	C:\Users\Gabriel\.openjfx\cache\13\msvcp140.dll
0x00007ffbc0250000 - 0x00007ffbc02a1000 	C:\Users\Gabriel\.openjfx\cache\13\concrt140.dll
0x00007ffbc18f0000 - 0x00007ffbc1913000 	C:\Users\Gabriel\.openjfx\cache\13\prism_d3d.dll
0x00007ffbd2220000 - 0x00007ffbd23ef000 	C:\Windows\system32\d3d9.dll
0x00007ffbe3900000 - 0x00007ffbe392f000 	C:\Windows\SYSTEM32\dwmapi.dll
0x00007ffbe3720000 - 0x00007ffbe37be000 	C:\Windows\system32\uxtheme.dll
0x00007ffb65c40000 - 0x00007ffb6b44d000 	C:\Windows\System32\DriverStore\FileRepository\igdlh64.inf_amd64_6d1fd205efa7f979\igdumdim64.dll
0x00007ffbe7f60000 - 0x00007ffbe802d000 	C:\Windows\System32\OLEAUT32.dll
0x00007ffbe7060000 - 0x00007ffbe718a000 	C:\Windows\System32\ole32.dll
0x00007ffbe7280000 - 0x00007ffbe76e8000 	C:\Windows\System32\SETUPAPI.dll
0x00007ffbe6630000 - 0x00007ffbe667e000 	C:\Windows\System32\cfgmgr32.dll
0x00007ffbe6030000 - 0x00007ffbe6057000 	C:\Windows\System32\bcrypt.dll
0x00007ffbbf660000 - 0x00007ffbbf6a5000 	C:\Users\Gabriel\.openjfx\cache\13\glass.dll
0x00007ffbe7190000 - 0x00007ffbe726a000 	C:\Windows\System32\COMDLG32.dll
0x00007ffbe76f0000 - 0x00007ffbe7805000 	C:\Windows\System32\MSCTF.dll
0x00007ffbd8840000 - 0x00007ffbd999e000 	C:\Windows\System32\DriverStore\FileRepository\igdlh64.inf_amd64_6d1fd205efa7f979\igc64.dll
0x00007ffbdb820000 - 0x00007ffbdb85b000 	C:\Windows\SYSTEM32\dxcore.dll
0x00007ffbc2ca0000 - 0x00007ffbc2cb4000 	C:\Users\Gabriel\.openjfx\cache\13\javafx_font.dll
0x00007ffbca680000 - 0x00007ffbca8ff000 	C:\Windows\SYSTEM32\dwrite.dll
0x00007ffbe6aa0000 - 0x00007ffbe6b4f000 	C:\Windows\System32\clbcatq.dll
0x00007ffbde9d0000 - 0x00007ffbdeb84000 	C:\Windows\SYSTEM32\WindowsCodecs.dll
0x00007ffbc8420000 - 0x00007ffbc845e000 	C:\Windows\system32\dataexchange.dll
0x00007ffbe2780000 - 0x00007ffbe2963000 	C:\Windows\system32\dcomp.dll
0x00007ffbe1af0000 - 0x00007ffbe1d53000 	C:\Windows\system32\d3d11.dll
0x00007ffbe45f0000 - 0x00007ffbe46e3000 	C:\Windows\system32\dxgi.dll
0x00007ffbdef60000 - 0x00007ffbdf160000 	C:\Windows\system32\twinapi.appcore.dll
0x00007ffbdeda0000 - 0x00007ffbdedd4000 	C:\Program Files\Common Files\Microsoft Shared\Ink\rtscom.dll
0x00007ffbce590000 - 0x00007ffbce689000 	C:\Windows\SYSTEM32\textinputframework.dll
0x00007ffbe2970000 - 0x00007ffbe2cce000 	C:\Windows\System32\CoreUIComponents.dll
0x00007ffbe3050000 - 0x00007ffbe3142000 	C:\Windows\System32\CoreMessaging.dll
0x00007ffbe1990000 - 0x00007ffbe1ae4000 	C:\Windows\SYSTEM32\wintypes.dll
0x00007ffbe4ec0000 - 0x00007ffbe4ef3000 	C:\Windows\SYSTEM32\ntmarta.dll
0x00007ffbd86f0000 - 0x00007ffbd8756000 	C:\Windows\system32\Oleacc.dll

dbghelp: loaded successfully - version: 4.0.5 - missing functions: none
symbol engine: initialized successfully - sym options: 0x614 - pdb path: .;C:\Program Files\Java\jdk-19\bin;C:\Windows\SYSTEM32;C:\Windows\WinSxS\amd64_microsoft.windows.common-controls_6595b64144ccf1df_6.0.19041.1110_none_60b5254171f9507e;C:\Program Files\Java\jdk-19\bin\server;C:\Users\Gabriel\.openjfx\cache\13;C:\Windows\System32\DriverStore\FileRepository\igdlh64.inf_amd64_6d1fd205efa7f979;C:\Program Files\Common Files\Microsoft Shared\Ink

VM Arguments:
jvm_args: --module-path=C:\Users\Gabriel\Downloads\teste4\Trabalho-Final-POO\batalha-pokemon\target\classes;C:\Users\Gabriel\.m2\repository\org\openjfx\javafx-base\13\javafx-base-13-win.jar;C:\Users\Gabriel\.m2\repository\org\openjfx\javafx-controls\13\javafx-controls-13-win.jar;C:\Users\Gabriel\.m2\repository\org\openjfx\javafx-fxml\13\javafx-fxml-13-win.jar;C:\Users\Gabriel\.m2\repository\org\openjfx\javafx-graphics\13\javafx-graphics-13-win.jar --add-modules=poo -Djdk.module.main=poo 
java_command: poo/poo.App
java_class_path (initial): C:\Users\Gabriel\.m2\repository\org\openjfx\javafx-base\13\javafx-base-13.jar;C:\Users\Gabriel\.m2\repository\org\openjfx\javafx-controls\13\javafx-controls-13.jar;C:\Users\Gabriel\.m2\repository\org\openjfx\javafx-fxml\13\javafx-fxml-13.jar;C:\Users\Gabriel\.m2\repository\org\openjfx\javafx-graphics\13\javafx-graphics-13.jar
Launcher Type: SUN_STANDARD

[Global flags]
     intx CICompilerCount                          = 4                                         {product} {ergonomic}
     uint ConcGCThreads                            = 2                                         {product} {ergonomic}
     uint G1ConcRefinementThreads                  = 8                                         {product} {ergonomic}
   size_t G1HeapRegionSize                         = 1048576                                   {product} {ergonomic}
    uintx GCDrainStackTargetSize                   = 64                                        {product} {ergonomic}
   size_t InitialHeapSize                          = 134217728                                 {product} {ergonomic}
   size_t MarkStackSize                            = 4194304                                   {product} {ergonomic}
   size_t MaxHeapSize                              = 2128609280                                {product} {ergonomic}
   size_t MaxNewSize                               = 1277165568                                {product} {ergonomic}
   size_t MinHeapDeltaBytes                        = 1048576                                   {product} {ergonomic}
   size_t MinHeapSize                              = 8388608                                   {product} {ergonomic}
    uintx NonNMethodCodeHeapSize                   = 5839372                                {pd product} {ergonomic}
    uintx NonProfiledCodeHeapSize                  = 122909434                              {pd product} {ergonomic}
    uintx ProfiledCodeHeapSize                     = 122909434                              {pd product} {ergonomic}
    uintx ReservedCodeCacheSize                    = 251658240                              {pd product} {ergonomic}
     bool SegmentedCodeCache                       = true                                      {product} {ergonomic}
   size_t SoftMaxHeapSize                          = 2128609280                             {manageable} {ergonomic}
     bool UseCompressedClassPointers               = true                           {product lp64_product} {ergonomic}
     bool UseCompressedOops                        = true                           {product lp64_product} {ergonomic}
     bool UseG1GC                                  = true                                      {product} {ergonomic}
     bool UseLargePagesIndividualAllocation        = false                                  {pd product} {ergonomic}

Logging:
Log output configuration:
 #0: stdout all=off uptime,level,tags foldmultilines=false
 #1: stderr all=off uptime,level,tags foldmultilines=false

Environment Variables:
JAVA_HOME=C:\Program Files\Java\jdk-19
PATH=C:\Program Files\Common Files\Oracle\Java\javapath;C:\Program Files\Eclipse Adoptium\jdk-17.0.4.101-hotspot\bin;C:\Program Files (x86)\Common Files\Oracle\Java\javapath;C:\Windows\system32;C:\Windows;C:\Windows\System32\Wbem;C:\Windows\System32\WindowsPowerShell\v1.0\;C:\Windows\System32\OpenSSH\;C:\Program Files\Git\cmd;C:\Users\Gabriel\AppData\Local\Microsoft\WindowsApps;C:\Users\Gabriel\AppData\Local\Programs\Microsoft VS Code\bin;C:\Users\Gabriel\AppData\Local\GitHubDesktop\bin;C:\Program Files (x86)\Maven\apache-maven-3.8.6\bin;C:\Program Files\Java\jdk-19\bin;
USERNAME=Gabriel
LANG=pt_BR.UTF-8
OS=Windows_NT
PROCESSOR_IDENTIFIER=Intel64 Family 6 Model 94 Stepping 3, GenuineIntel
TMP=C:\Users\Gabriel\AppData\Local\Temp
TEMP=C:\Users\Gabriel\AppData\Local\Temp



---------------  S Y S T E M  ---------------

OS:
 Windows 10 , 64 bit Build 19041 (10.0.19041.2251)
OS uptime: 2 days 2:04 hours

CPU: total 8 (initial active 8) (4 cores per cpu, 2 threads per core) family 6 model 94 stepping 3 microcode 0xcc, cx8, cmov, fxsr, ht, mmx, 3dnowpref, sse, sse2, sse3, ssse3, sse4.1, sse4.2, popcnt, lzcnt, tsc, tscinvbit, avx, avx2, aes, erms, clmul, bmi1, bmi2, rtm, adx, fma, vzeroupper, clflush, clflushopt, rdtscp

Memory: 4k page, system-wide physical 8112M (1115M free)
TotalPageFile size 19888M (AvailPageFile size 7349M)
current process WorkingSet (physical memory assigned to process): 202M, peak: 260M
current process commit charge ("private bytes"): 331M, peak: 384M

vm_info: Java HotSpot(TM) 64-Bit Server VM (19.0.1+10-21) for windows-amd64 JRE (19.0.1+10-21), built on 2022-09-14T12:45:06Z by "mach5one" with MS VC++ 17.1 (VS2022)

END.
