#
# A fatal error has been detected by the Java Runtime Environment:
#
#  EXCEPTION_ACCESS_VIOLATION (0xc0000005) at pc=0x00007ffbc19466f0, pid=20380, tid=7016
#
# JRE version: Java(TM) SE Runtime Environment (19.0.1+10) (build 19.0.1+10-21)
# Java VM: Java HotSpot(TM) 64-Bit Server VM (19.0.1+10-21, mixed mode, sharing, tiered, compressed oops, compressed class ptrs, g1 gc, windows-amd64)
# Problematic frame:
# C  [glass.dll+0x266f0]
#
# No core dump will be written. Minidumps are not enabled by default on client versions of Windows
#
# If you would like to submit a bug report, please visit:
#   https://bugreport.java.com/bugreport/crash.jsp
#

---------------  S U M M A R Y ------------

Command Line: --module-path=C:\Users\Gabriel\Downloads\teste4\Trabalho-Final-POO\batalha-pokemon\target\classes;C:\Users\Gabriel\.m2\repository\org\openjfx\javafx-base\13\javafx-base-13-win.jar;C:\Users\Gabriel\.m2\repository\org\openjfx\javafx-controls\13\javafx-controls-13-win.jar;C:\Users\Gabriel\.m2\repository\org\openjfx\javafx-fxml\13\javafx-fxml-13-win.jar;C:\Users\Gabriel\.m2\repository\org\openjfx\javafx-graphics\13\javafx-graphics-13-win.jar --add-modules=poo -Djdk.module.main=poo poo/poo.App

Host: Intel(R) Core(TM) i7-6700HQ CPU @ 2.60GHz, 8 cores, 7G,  Windows 10 , 64 bit Build 19041 (10.0.19041.2251)
Time: Wed Nov 30 10:54:20 2022 Hora oficial do Brasil elapsed time: 32.118365 seconds (0d 0h 0m 32s)

---------------  T H R E A D  ---------------

Current thread (0x000002663e0aaf90):  VMThread "VM Thread" [stack: 0x000000da6e700000,0x000000da6e800000] [id=7016]

Stack: [0x000000da6e700000,0x000000da6e800000],  sp=0x000000da6e7ff110,  free space=1020k
Native frames: (J=compiled Java code, j=interpreted, Vv=VM code, C=native code)
C  [glass.dll+0x266f0]


siginfo: EXCEPTION_ACCESS_VIOLATION (0xc0000005), reading address 0x0000000000000000


Registers:
RAX=0x0000000000000000, RBX=0x000002663e0ae950, RCX=0x000002663e0aaf90, RDX=0x000000da6e7ff110
RSP=0x000000da6e7ff110, RBP=0x0000026642ff4e48, RSI=0x0000026642ff4e20, RDI=0x0000f756616b9ebf
R8 =0x0000000000010002, R9 =0x0000f756616b9ebf, R10=0x0000000000008000, R11=0x000000da6e7ff0b0
R12=0x00007ffbc1943b84, R13=0x00007ffbb86272a0, R14=0x000000da6e7ff218, R15=0x0000026642ff4e20
RIP=0x00007ffbc19466f0, EFLAGS=0x0000000000010202


Register to memory mapping:

RIP=0x00007ffbc19466f0 glass.dll
RAX=0x0 is NULL
RBX=0x000002663e0ae950 is a global jni handle
RCX=0x000002663e0aaf90 points into unknown readable memory: 0x00007ffbb84345e8 | e8 45 43 b8 fb 7f 00 00
RDX=0x000000da6e7ff110 points into unknown readable memory: 0x0000000000000000 | 00 00 00 00 00 00 00 00
RSP=0x000000da6e7ff110 points into unknown readable memory: 0x0000000000000000 | 00 00 00 00 00 00 00 00
RBP=0x0000026642ff4e48 points into unknown readable memory: 0x0000f756616b9ebf | bf 9e 6b 61 56 f7 00 00
RSI=0x0000026642ff4e20 points into unknown readable memory: 0x0000c8ab81a18589 | 89 85 a1 81 ab c8 00 00
RDI=0x0000f756616b9ebf is an unknown value
R8 =0x0000000000010002 is an unknown value
R9 =0x0000f756616b9ebf is an unknown value
R10=0x0000000000008000 is an unknown value
R11=0x000000da6e7ff0b0 points into unknown readable memory: 0x0000026642ff4e20 | 20 4e ff 42 66 02 00 00
R12=0x00007ffbc1943b84 glass.dll
R13=0x00007ffbb86272a0 jvm.dll
R14=0x000000da6e7ff218 points into unknown readable memory: 0x000000da6e7ff200 | 00 f2 7f 6e da 00 00 00
R15=0x0000026642ff4e20 points into unknown readable memory: 0x0000c8ab81a18589 | 89 85 a1 81 ab c8 00 00


Top of Stack: (sp=0x000000da6e7ff110)
0x000000da6e7ff110:   0000000000000000 00007ffbe653f05b
0x000000da6e7ff120:   0000026642ff4e30 0000026642ff4e20
0x000000da6e7ff130:   fffffffffffffffe 00007ffbc1943b84
0x000000da6e7ff140:   0000026642ff4e28 00007ffbe65442d6
0x000000da6e7ff150:   0000026642ff4e30 0000026600000000
0x000000da6e7ff160:   0000026642ff4e48 0000026642ff4e20
0x000000da6e7ff170:   fffffffffffffffe 0000000000000000
0x000000da6e7ff180:   0000000000000001 00007ffbc1920000
0x000000da6e7ff190:   000000da6e7ff208 00007ffbe65441fb
0x000000da6e7ff1a0:   0000000000000000 000000da6e7ff218
0x000000da6e7ff1b0:   000000da6e7ff4d0 00007ffbe6620e40
0x000000da6e7ff1c0:   0000000000000000 00007ffbe65441b4
0x000000da6e7ff1d0:   0000000000000000 0000000000000001
0x000000da6e7ff1e0:   0000000000000001 000000da6e7ff208
0x000000da6e7ff1f0:   0000000000000006 00007ffbc1943a12
0x000000da6e7ff200:   00007ffbc195d118 000000da00000002 

Instructions: (pc=0x00007ffbc19466f0)
0x00007ffbc19465f0:   8b 4d 60 e8 98 c9 ff ff 48 8b 55 68 48 8b 8d 08
0x00007ffbc1946600:   01 00 00 e8 49 be ff ff 33 d2 33 c9 e8 49 de ff
0x00007ffbc1946610:   ff 90 cc cc cc cc cc cc cc cc cc cc cc cc cc cc
0x00007ffbc1946620:   48 8d 8a 80 00 00 00 e9 14 e9 fe ff 48 89 54 24
0x00007ffbc1946630:   10 55 48 83 ec 20 48 8b ea 48 8d 05 dd ca ff ff
0x00007ffbc1946640:   48 83 c4 20 5d c3 cc 40 55 48 8b ea 48 8b 01 33
0x00007ffbc1946650:   c9 81 38 05 00 00 c0 0f 94 c1 8b c1 5d c3 cc 40
0x00007ffbc1946660:   55 48 83 ec 20 48 8b ea 8a 4d 40 48 83 c4 20 5d
0x00007ffbc1946670:   e9 df cd ff ff cc 40 55 48 83 ec 20 48 8b ea e8
0x00007ffbc1946680:   fc cb ff ff 8a 4d 38 48 83 c4 20 5d e9 c3 cd ff
0x00007ffbc1946690:   ff cc 40 55 48 83 ec 30 48 8b ea 48 8b 01 8b 10
0x00007ffbc19466a0:   48 89 4c 24 28 89 54 24 20 4c 8d 0d a4 d1 ff ff
0x00007ffbc19466b0:   4c 8b 45 70 8b 55 68 48 8b 4d 60 e8 30 cb ff ff
0x00007ffbc19466c0:   90 48 83 c4 30 5d c3 cc cc cc cc cc cc cc cc cc
0x00007ffbc19466d0:   40 53 48 83 ec 30 48 c7 44 24 20 fe ff ff ff 48
0x00007ffbc19466e0:   8b 1d 2a 64 01 00 48 85 db 74 16 e8 90 85 ff ff
0x00007ffbc19466f0:   4c 8b 00 48 8b d3 48 8b c8 41 ff 90 b0 00 00 00
0x00007ffbc1946700:   90 48 83 c4 30 5b c3 cc cc cc cc cc cc cc cc cc
0x00007ffbc1946710:   40 53 48 83 ec 20 48 8b 1d 9b 65 01 00 48 85 db
0x00007ffbc1946720:   74 57 b8 ff ff ff ff f0 0f c1 43 10 83 f8 01 75
0x00007ffbc1946730:   3d 48 85 db 74 38 48 8b 0b 48 85 c9 74 0d ff 15
0x00007ffbc1946740:   64 0b 00 00 48 c7 03 00 00 00 00 48 8b 4b 08 48
0x00007ffbc1946750:   85 c9 74 0d e8 37 c8 ff ff 48 c7 43 08 00 00 00
0x00007ffbc1946760:   00 ba 18 00 00 00 48 8b cb e8 22 c8 ff ff 48 c7
0x00007ffbc1946770:   05 3f 65 01 00 00 00 00 00 48 83 c4 20 5b c3 cc
0x00007ffbc1946780:   40 53 48 83 ec 20 48 8b 1d 0b 65 01 00 48 85 db
0x00007ffbc1946790:   74 57 b8 ff ff ff ff f0 0f c1 43 10 83 f8 01 75
0x00007ffbc19467a0:   3d 48 85 db 74 38 48 8b 0b 48 85 c9 74 0d ff 15
0x00007ffbc19467b0:   f4 0a 00 00 48 c7 03 00 00 00 00 48 8b 4b 08 48
0x00007ffbc19467c0:   85 c9 74 0d e8 c7 c7 ff ff 48 c7 43 08 00 00 00
0x00007ffbc19467d0:   00 ba 18 00 00 00 48 8b cb e8 b2 c7 ff ff 48 c7
0x00007ffbc19467e0:   05 af 64 01 00 00 00 00 00 48 83 c4 20 5b c3 cc 


Stack slot to memory mapping:
stack at sp + 0 slots: 0x0 is NULL
stack at sp + 1 slots: 0x00007ffbe653f05b ucrtbase.dll
stack at sp + 2 slots: 0x0000026642ff4e30 points into unknown readable memory: 0x0000f756616b9ebf | bf 9e 6b 61 56 f7 00 00
stack at sp + 3 slots: 0x0000026642ff4e20 points into unknown readable memory: 0x0000c8ab81a18589 | 89 85 a1 81 ab c8 00 00
stack at sp + 4 slots: 0xfffffffffffffffe is an unknown value
stack at sp + 5 slots: 0x00007ffbc1943b84 glass.dll
stack at sp + 6 slots: 0x0000026642ff4e28 points into unknown readable memory: 0x0000f756616b9ebf | bf 9e 6b 61 56 f7 00 00
stack at sp + 7 slots: 0x00007ffbe65442d6 ucrtbase.dll

VM_Operation (0x000000da6f8eca50): Exit, mode: safepoint, requested by thread 0x000002663e0cedd0


---------------  P R O C E S S  ---------------

Threads class SMR info:
_java_thread_list=0x0000026642997150, length=19, elements={
0x000002661f87afa0, 0x000002663e0c14d0, 0x000002663e0c2070, 0x000002663e0c7820,
0x000002663e0cbf20, 0x000002663e0cdde0, 0x000002663e0cd890, 0x000002663e0d6430,
0x000002663e0ddb80, 0x000002663e0cf870, 0x000002663e0cfdc0, 0x000002663e0ce330,
0x000002663e0d0310, 0x000002663e0ccdf0, 0x000002663e0cedd0, 0x000002663e0cd340,
0x000002663e0ce880, 0x00000266439a6de0, 0x00000266439a5350
}

Java Threads: ( => current thread )
  0x000002661f87afa0 JavaThread "main" [_thread_blocked, id=16068, stack(0x000000da6e100000,0x000000da6e200000)]
  0x000002663e0c14d0 JavaThread "Reference Handler" daemon [_thread_blocked, id=19744, stack(0x000000da6e800000,0x000000da6e900000)]
  0x000002663e0c2070 JavaThread "Finalizer" daemon [_thread_blocked, id=16940, stack(0x000000da6e900000,0x000000da6ea00000)]
  0x000002663e0c7820 JavaThread "Signal Dispatcher" daemon [_thread_blocked, id=15632, stack(0x000000da6ea00000,0x000000da6eb00000)]
  0x000002663e0cbf20 JavaThread "Attach Listener" daemon [_thread_blocked, id=7472, stack(0x000000da6eb00000,0x000000da6ec00000)]
  0x000002663e0cdde0 JavaThread "Service Thread" daemon [_thread_blocked, id=4352, stack(0x000000da6ec00000,0x000000da6ed00000)]
  0x000002663e0cd890 JavaThread "Monitor Deflation Thread" daemon [_thread_blocked, id=23076, stack(0x000000da6ed00000,0x000000da6ee00000)]
  0x000002663e0d6430 JavaThread "C2 CompilerThread0" daemon [_thread_blocked, id=14752, stack(0x000000da6ee00000,0x000000da6ef00000)]
  0x000002663e0ddb80 JavaThread "C1 CompilerThread0" daemon [_thread_blocked, id=15048, stack(0x000000da6ef00000,0x000000da6f000000)]
  0x000002663e0cf870 JavaThread "Sweeper thread" daemon [_thread_blocked, id=1332, stack(0x000000da6f000000,0x000000da6f100000)]
  0x000002663e0cfdc0 JavaThread "Common-Cleaner" daemon [_thread_blocked, id=22080, stack(0x000000da6f100000,0x000000da6f200000)]
  0x000002663e0ce330 JavaThread "Notification Thread" daemon [_thread_blocked, id=8140, stack(0x000000da6f400000,0x000000da6f500000)]
  0x000002663e0d0310 JavaThread "QuantumRenderer-0" daemon [_thread_blocked, id=8812, stack(0x000000da6f600000,0x000000da6f700000)]
  0x000002663e0ccdf0 JavaThread "InvokeLaterDispatcher" daemon [_thread_blocked, id=15984, stack(0x000000da6f700000,0x000000da6f800000)]
  0x000002663e0cedd0 JavaThread "JavaFX Application Thread" [_thread_blocked, id=20188, stack(0x000000da6f800000,0x000000da6f900000)]
  0x000002663e0cd340 JavaThread "Thread-1" daemon [_thread_in_native, id=9908, stack(0x000000da6f300000,0x000000da6f400000)]
  0x000002663e0ce880 JavaThread "JavaFX-Launcher" [_thread_blocked, id=20284, stack(0x000000da6fc00000,0x000000da6fd00000)]
  0x00000266439a6de0 JavaThread "Prism Font Disposer" daemon [_thread_blocked, id=18248, stack(0x000000da70500000,0x000000da70600000)]
  0x00000266439a5350 JavaThread "Cleaner-0" daemon [_thread_blocked, id=12036, stack(0x000000da70600000,0x000000da70700000)]

Other Threads:
=>0x000002663e0aaf90 VMThread "VM Thread" [stack: 0x000000da6e700000,0x000000da6e800000] [id=7016]
  0x000002661f8db600 WorkerThread "GC Thread#0" [stack: 0x000000da6e200000,0x000000da6e300000] [id=17880]
  0x00000266432edf30 WorkerThread "GC Thread#1" [stack: 0x000000da6fd00000,0x000000da6fe00000] [id=21312]
  0x00000266432be260 WorkerThread "GC Thread#2" [stack: 0x000000da6fe00000,0x000000da6ff00000] [id=10956]
  0x00000266432be530 WorkerThread "GC Thread#3" [stack: 0x000000da6ff00000,0x000000da70000000] [id=16740]
  0x00000266432bf930 WorkerThread "GC Thread#4" [stack: 0x000000da70000000,0x000000da70100000] [id=6244]
  0x00000266432c0470 WorkerThread "GC Thread#5" [stack: 0x000000da70100000,0x000000da70200000] [id=10660]
  0x00000266432be850 WorkerThread "GC Thread#6" [stack: 0x000000da70700000,0x000000da70800000] [id=18768]
  0x00000266432bf390 WorkerThread "GC Thread#7" [stack: 0x000000da70800000,0x000000da70900000] [id=13728]
  0x000002661f8ec4c0 ConcurrentGCThread "G1 Main Marker" terminated
  0x000002661f8ed690 WorkerThread "G1 Conc#0" [stack: 0x000000da6e400000,0x000000da6e500000] [id=11384]
  0x000002661f94d660 ConcurrentGCThread "G1 Refine#0" terminated
  0x000002663df64630 ConcurrentGCThread "G1 Service" terminated

Threads with active compile tasks:

VM state: at safepoint (shutting down)

VM Mutex/Monitor currently owned by a thread:  ([mutex/lock_event])
[0x000002661d69aa60] Threads_lock - owner thread: 0x000002663e0aaf90
[0x000002661d69b090] Heap_lock - owner thread: 0x000002663e0cedd0

Heap address: 0x0000000081200000, size: 2030 MB, Compressed Oops mode: 32-bit

CDS archive(s) mapped at: [0x0000000800000000-0x0000000800c40000-0x0000000800c40000), size 12845056, SharedBaseAddress: 0x0000000800000000, ArchiveRelocationMode: 0.
Compressed class space mapped at: 0x0000000801000000-0x0000000841000000, reserved size: 1073741824
Narrow klass base: 0x0000000800000000, Narrow klass shift: 0, Narrow klass range: 0x100000000

GC Precious Log:
 CardTable entry size: 512
 Card Set container configuration: InlinePtr #cards 5 size 8 Array Of Cards #cards 12 size 40 Howl #buckets 4 coarsen threshold 1843 Howl Bitmap #cards 512 size 80 coarsen threshold 460 Card regions per heap region 1 cards per card region 2048
 CPUs: 8 total, 8 available
 Memory: 8112M
 Large Page Support: Disabled
 NUMA Support: Disabled
 Compressed Oops: Enabled (32-bit)
 Heap Region Size: 1M
 Heap Min Capacity: 8M
 Heap Initial Capacity: 128M
 Heap Max Capacity: 2030M
 Pre-touch: Disabled
 Parallel Workers: 8
 Concurrent Workers: 2
 Concurrent Refinement Workers: 8
 Periodic GC: Disabled

Heap:
 garbage-first heap   total 131072K, used 39893K [0x0000000081200000, 0x0000000100000000)
  region size 1024K, 24 young (24576K), 5 survivors (5120K)
 Metaspace       used 17006K, committed 17280K, reserved 1114112K
  class space    used 2367K, committed 2496K, reserved 1048576K

Heap Regions: E=young(eden), S=young(survivor), O=old, HS=humongous(starts), HC=humongous(continues), CS=collection set, F=free, OA=open archive, CA=closed archive, TAMS=top-at-mark-start (previous, next)
|   0|0x0000000081200000, 0x0000000081300000, 0x0000000081300000|100%|HS|  |TAMS 0x0000000081200000, 0x0000000081200000| Complete 
|   1|0x0000000081300000, 0x0000000081400000, 0x0000000081400000|100%|HC|  |TAMS 0x0000000081300000, 0x0000000081300000| Complete 
|   2|0x0000000081400000, 0x0000000081500000, 0x0000000081500000|100%|HC|  |TAMS 0x0000000081400000, 0x0000000081400000| Complete 
|   3|0x0000000081500000, 0x0000000081600000, 0x0000000081600000|100%|HC|  |TAMS 0x0000000081500000, 0x0000000081500000| Complete 
|   4|0x0000000081600000, 0x0000000081700000, 0x0000000081700000|100%|HC|  |TAMS 0x0000000081600000, 0x0000000081600000| Complete 
|   5|0x0000000081700000, 0x0000000081800000, 0x0000000081800000|100%|HC|  |TAMS 0x0000000081700000, 0x0000000081700000| Complete 
|   6|0x0000000081800000, 0x0000000081900000, 0x0000000081900000|100%|HS|  |TAMS 0x0000000081800000, 0x0000000081800000| Complete 
|   7|0x0000000081900000, 0x0000000081a00000, 0x0000000081a00000|100%|HC|  |TAMS 0x0000000081900000, 0x0000000081900000| Complete 
|   8|0x0000000081a00000, 0x0000000081b00000, 0x0000000081b00000|100%|HS|  |TAMS 0x0000000081a00000, 0x0000000081a00000| Complete 
|   9|0x0000000081b00000, 0x0000000081c00000, 0x0000000081c00000|100%|HC|  |TAMS 0x0000000081b00000, 0x0000000081b00000| Complete 
|  10|0x0000000081c00000, 0x0000000081d00000, 0x0000000081d00000|100%|HC|  |TAMS 0x0000000081c00000, 0x0000000081c00000| Complete 
|  11|0x0000000081d00000, 0x0000000081e00000, 0x0000000081e00000|100%|HS|  |TAMS 0x0000000081d00000, 0x0000000081d00000| Complete 
|  12|0x0000000081e00000, 0x0000000081f00000, 0x0000000081f00000|100%|HC|  |TAMS 0x0000000081e00000, 0x0000000081e00000| Complete 
|  13|0x0000000081f00000, 0x0000000082000000, 0x0000000082000000|100%|HC|  |TAMS 0x0000000081f00000, 0x0000000081f00000| Complete 
|  14|0x0000000082000000, 0x0000000082100000, 0x0000000082100000|100%| O|  |TAMS 0x0000000082000000, 0x0000000082000000| Untracked 
|  15|0x0000000082100000, 0x0000000082200000, 0x0000000082200000|100%| O|  |TAMS 0x0000000082100000, 0x0000000082100000| Untracked 
|  16|0x0000000082200000, 0x0000000082285e00, 0x0000000082300000| 52%| O|  |TAMS 0x0000000082200000, 0x0000000082200000| Untracked 
|  17|0x0000000082300000, 0x0000000082300000, 0x0000000082400000|  0%| F|  |TAMS 0x0000000082300000, 0x0000000082300000| Untracked 
|  18|0x0000000082400000, 0x0000000082400000, 0x0000000082500000|  0%| F|  |TAMS 0x0000000082400000, 0x0000000082400000| Untracked 
|  19|0x0000000082500000, 0x0000000082500000, 0x0000000082600000|  0%| F|  |TAMS 0x0000000082500000, 0x0000000082500000| Untracked 
|  20|0x0000000082600000, 0x0000000082600000, 0x0000000082700000|  0%| F|  |TAMS 0x0000000082600000, 0x0000000082600000| Untracked 
|  21|0x0000000082700000, 0x0000000082700000, 0x0000000082800000|  0%| F|  |TAMS 0x0000000082700000, 0x0000000082700000| Untracked 
|  22|0x0000000082800000, 0x0000000082800000, 0x0000000082900000|  0%| F|  |TAMS 0x0000000082800000, 0x0000000082800000| Untracked 
|  23|0x0000000082900000, 0x0000000082900000, 0x0000000082a00000|  0%| F|  |TAMS 0x0000000082900000, 0x0000000082900000| Untracked 
|  24|0x0000000082a00000, 0x0000000082a00000, 0x0000000082b00000|  0%| F|  |TAMS 0x0000000082a00000, 0x0000000082a00000| Untracked 
|  25|0x0000000082b00000, 0x0000000082b00000, 0x0000000082c00000|  0%| F|  |TAMS 0x0000000082b00000, 0x0000000082b00000| Untracked 
|  26|0x0000000082c00000, 0x0000000082c00000, 0x0000000082d00000|  0%| F|  |TAMS 0x0000000082c00000, 0x0000000082c00000| Untracked 
|  27|0x0000000082d00000, 0x0000000082d00000, 0x0000000082e00000|  0%| F|  |TAMS 0x0000000082d00000, 0x0000000082d00000| Untracked 
|  28|0x0000000082e00000, 0x0000000082e00000, 0x0000000082f00000|  0%| F|  |TAMS 0x0000000082e00000, 0x0000000082e00000| Untracked 
|  29|0x0000000082f00000, 0x0000000082f00000, 0x0000000083000000|  0%| F|  |TAMS 0x0000000082f00000, 0x0000000082f00000| Untracked 
|  30|0x0000000083000000, 0x0000000083000000, 0x0000000083100000|  0%| F|  |TAMS 0x0000000083000000, 0x0000000083000000| Untracked 
|  31|0x0000000083100000, 0x0000000083100000, 0x0000000083200000|  0%| F|  |TAMS 0x0000000083100000, 0x0000000083100000| Untracked 
|  32|0x0000000083200000, 0x0000000083200000, 0x0000000083300000|  0%| F|  |TAMS 0x0000000083200000, 0x0000000083200000| Untracked 
|  33|0x0000000083300000, 0x0000000083300000, 0x0000000083400000|  0%| F|  |TAMS 0x0000000083300000, 0x0000000083300000| Untracked 
|  34|0x0000000083400000, 0x0000000083400000, 0x0000000083500000|  0%| F|  |TAMS 0x0000000083400000, 0x0000000083400000| Untracked 
|  35|0x0000000083500000, 0x0000000083500000, 0x0000000083600000|  0%| F|  |TAMS 0x0000000083500000, 0x0000000083500000| Untracked 
|  36|0x0000000083600000, 0x0000000083600000, 0x0000000083700000|  0%| F|  |TAMS 0x0000000083600000, 0x0000000083600000| Untracked 
|  37|0x0000000083700000, 0x0000000083700000, 0x0000000083800000|  0%| F|  |TAMS 0x0000000083700000, 0x0000000083700000| Untracked 
|  38|0x0000000083800000, 0x0000000083800000, 0x0000000083900000|  0%| F|  |TAMS 0x0000000083800000, 0x0000000083800000| Untracked 
|  39|0x0000000083900000, 0x0000000083900000, 0x0000000083a00000|  0%| F|  |TAMS 0x0000000083900000, 0x0000000083900000| Untracked 
|  40|0x0000000083a00000, 0x0000000083a00000, 0x0000000083b00000|  0%| F|  |TAMS 0x0000000083a00000, 0x0000000083a00000| Untracked 
|  41|0x0000000083b00000, 0x0000000083b00000, 0x0000000083c00000|  0%| F|  |TAMS 0x0000000083b00000, 0x0000000083b00000| Untracked 
|  42|0x0000000083c00000, 0x0000000083c00000, 0x0000000083d00000|  0%| F|  |TAMS 0x0000000083c00000, 0x0000000083c00000| Untracked 
|  43|0x0000000083d00000, 0x0000000083d00000, 0x0000000083e00000|  0%| F|  |TAMS 0x0000000083d00000, 0x0000000083d00000| Untracked 
|  44|0x0000000083e00000, 0x0000000083e00000, 0x0000000083f00000|  0%| F|  |TAMS 0x0000000083e00000, 0x0000000083e00000| Untracked 
|  45|0x0000000083f00000, 0x0000000083f00000, 0x0000000084000000|  0%| F|  |TAMS 0x0000000083f00000, 0x0000000083f00000| Untracked 
|  46|0x0000000084000000, 0x0000000084000000, 0x0000000084100000|  0%| F|  |TAMS 0x0000000084000000, 0x0000000084000000| Untracked 
|  47|0x0000000084100000, 0x0000000084100000, 0x0000000084200000|  0%| F|  |TAMS 0x0000000084100000, 0x0000000084100000| Untracked 
|  48|0x0000000084200000, 0x0000000084200000, 0x0000000084300000|  0%| F|  |TAMS 0x0000000084200000, 0x0000000084200000| Untracked 
|  49|0x0000000084300000, 0x0000000084300000, 0x0000000084400000|  0%| F|  |TAMS 0x0000000084300000, 0x0000000084300000| Untracked 
|  50|0x0000000084400000, 0x0000000084400000, 0x0000000084500000|  0%| F|  |TAMS 0x0000000084400000, 0x0000000084400000| Untracked 
|  51|0x0000000084500000, 0x0000000084500000, 0x0000000084600000|  0%| F|  |TAMS 0x0000000084500000, 0x0000000084500000| Untracked 
|  52|0x0000000084600000, 0x0000000084600000, 0x0000000084700000|  0%| F|  |TAMS 0x0000000084600000, 0x0000000084600000| Untracked 
|  53|0x0000000084700000, 0x0000000084700000, 0x0000000084800000|  0%| F|  |TAMS 0x0000000084700000, 0x0000000084700000| Untracked 
|  54|0x0000000084800000, 0x0000000084800000, 0x0000000084900000|  0%| F|  |TAMS 0x0000000084800000, 0x0000000084800000| Untracked 
|  55|0x0000000084900000, 0x0000000084900000, 0x0000000084a00000|  0%| F|  |TAMS 0x0000000084900000, 0x0000000084900000| Untracked 
|  56|0x0000000084a00000, 0x0000000084a00000, 0x0000000084b00000|  0%| F|  |TAMS 0x0000000084a00000, 0x0000000084a00000| Untracked 
|  57|0x0000000084b00000, 0x0000000084b00000, 0x0000000084c00000|  0%| F|  |TAMS 0x0000000084b00000, 0x0000000084b00000| Untracked 
|  58|0x0000000084c00000, 0x0000000084c00000, 0x0000000084d00000|  0%| F|  |TAMS 0x0000000084c00000, 0x0000000084c00000| Untracked 
|  59|0x0000000084d00000, 0x0000000084d00000, 0x0000000084e00000|  0%| F|  |TAMS 0x0000000084d00000, 0x0000000084d00000| Untracked 
|  60|0x0000000084e00000, 0x0000000084e00000, 0x0000000084f00000|  0%| F|  |TAMS 0x0000000084e00000, 0x0000000084e00000| Untracked 
|  61|0x0000000084f00000, 0x0000000084f00000, 0x0000000085000000|  0%| F|  |TAMS 0x0000000084f00000, 0x0000000084f00000| Untracked 
|  62|0x0000000085000000, 0x0000000085000000, 0x0000000085100000|  0%| F|  |TAMS 0x0000000085000000, 0x0000000085000000| Untracked 
|  63|0x0000000085100000, 0x0000000085100000, 0x0000000085200000|  0%| F|  |TAMS 0x0000000085100000, 0x0000000085100000| Untracked 
|  64|0x0000000085200000, 0x0000000085200000, 0x0000000085300000|  0%| F|  |TAMS 0x0000000085200000, 0x0000000085200000| Untracked 
|  65|0x0000000085300000, 0x0000000085300000, 0x0000000085400000|  0%| F|  |TAMS 0x0000000085300000, 0x0000000085300000| Untracked 
|  66|0x0000000085400000, 0x0000000085400000, 0x0000000085500000|  0%| F|  |TAMS 0x0000000085400000, 0x0000000085400000| Untracked 
|  67|0x0000000085500000, 0x0000000085500000, 0x0000000085600000|  0%| F|  |TAMS 0x0000000085500000, 0x0000000085500000| Untracked 
|  68|0x0000000085600000, 0x0000000085600000, 0x0000000085700000|  0%| F|  |TAMS 0x0000000085600000, 0x0000000085600000| Untracked 
|  69|0x0000000085700000, 0x0000000085700000, 0x0000000085800000|  0%| F|  |TAMS 0x0000000085700000, 0x0000000085700000| Untracked 
|  70|0x0000000085800000, 0x0000000085800000, 0x0000000085900000|  0%| F|  |TAMS 0x0000000085800000, 0x0000000085800000| Untracked 
|  71|0x0000000085900000, 0x0000000085900000, 0x0000000085a00000|  0%| F|  |TAMS 0x0000000085900000, 0x0000000085900000| Untracked 
|  72|0x0000000085a00000, 0x0000000085a00000, 0x0000000085b00000|  0%| F|  |TAMS 0x0000000085a00000, 0x0000000085a00000| Untracked 
|  73|0x0000000085b00000, 0x0000000085b00000, 0x0000000085c00000|  0%| F|  |TAMS 0x0000000085b00000, 0x0000000085b00000| Untracked 
|  74|0x0000000085c00000, 0x0000000085c00000, 0x0000000085d00000|  0%| F|  |TAMS 0x0000000085c00000, 0x0000000085c00000| Untracked 
|  75|0x0000000085d00000, 0x0000000085d00000, 0x0000000085e00000|  0%| F|  |TAMS 0x0000000085d00000, 0x0000000085d00000| Untracked 
|  76|0x0000000085e00000, 0x0000000085e00000, 0x0000000085f00000|  0%| F|  |TAMS 0x0000000085e00000, 0x0000000085e00000| Untracked 
|  77|0x0000000085f00000, 0x0000000085f00000, 0x0000000086000000|  0%| F|  |TAMS 0x0000000085f00000, 0x0000000085f00000| Untracked 
|  78|0x0000000086000000, 0x0000000086000000, 0x0000000086100000|  0%| F|  |TAMS 0x0000000086000000, 0x0000000086000000| Untracked 
|  79|0x0000000086100000, 0x0000000086100000, 0x0000000086200000|  0%| F|  |TAMS 0x0000000086100000, 0x0000000086100000| Untracked 
|  80|0x0000000086200000, 0x0000000086200000, 0x0000000086300000|  0%| F|  |TAMS 0x0000000086200000, 0x0000000086200000| Untracked 
|  81|0x0000000086300000, 0x0000000086300000, 0x0000000086400000|  0%| F|  |TAMS 0x0000000086300000, 0x0000000086300000| Untracked 
|  82|0x0000000086400000, 0x0000000086400000, 0x0000000086500000|  0%| F|  |TAMS 0x0000000086400000, 0x0000000086400000| Untracked 
|  83|0x0000000086500000, 0x0000000086500000, 0x0000000086600000|  0%| F|  |TAMS 0x0000000086500000, 0x0000000086500000| Untracked 
|  84|0x0000000086600000, 0x0000000086600000, 0x0000000086700000|  0%| F|  |TAMS 0x0000000086600000, 0x0000000086600000| Untracked 
|  85|0x0000000086700000, 0x0000000086700000, 0x0000000086800000|  0%| F|  |TAMS 0x0000000086700000, 0x0000000086700000| Untracked 
|  86|0x0000000086800000, 0x000000008686f888, 0x0000000086900000| 43%| S|CS|TAMS 0x0000000086800000, 0x0000000086800000| Complete 
|  87|0x0000000086900000, 0x0000000086a00000, 0x0000000086a00000|100%| S|CS|TAMS 0x0000000086900000, 0x0000000086900000| Complete 
|  88|0x0000000086a00000, 0x0000000086b00000, 0x0000000086b00000|100%| S|CS|TAMS 0x0000000086a00000, 0x0000000086a00000| Complete 
|  89|0x0000000086b00000, 0x0000000086c00000, 0x0000000086c00000|100%| S|CS|TAMS 0x0000000086b00000, 0x0000000086b00000| Complete 
|  90|0x0000000086c00000, 0x0000000086d00000, 0x0000000086d00000|100%| S|CS|TAMS 0x0000000086c00000, 0x0000000086c00000| Complete 
|  91|0x0000000086d00000, 0x0000000086d00000, 0x0000000086e00000|  0%| F|  |TAMS 0x0000000086d00000, 0x0000000086d00000| Untracked 
|  92|0x0000000086e00000, 0x0000000086e00000, 0x0000000086f00000|  0%| F|  |TAMS 0x0000000086e00000, 0x0000000086e00000| Untracked 
|  93|0x0000000086f00000, 0x0000000086f00000, 0x0000000087000000|  0%| F|  |TAMS 0x0000000086f00000, 0x0000000086f00000| Untracked 
|  94|0x0000000087000000, 0x0000000087000000, 0x0000000087100000|  0%| F|  |TAMS 0x0000000087000000, 0x0000000087000000| Untracked 
|  95|0x0000000087100000, 0x0000000087100000, 0x0000000087200000|  0%| F|  |TAMS 0x0000000087100000, 0x0000000087100000| Untracked 
|  96|0x0000000087200000, 0x0000000087200000, 0x0000000087300000|  0%| F|  |TAMS 0x0000000087200000, 0x0000000087200000| Untracked 
|  97|0x0000000087300000, 0x0000000087300000, 0x0000000087400000|  0%| F|  |TAMS 0x0000000087300000, 0x0000000087300000| Untracked 
|  98|0x0000000087400000, 0x0000000087400000, 0x0000000087500000|  0%| F|  |TAMS 0x0000000087400000, 0x0000000087400000| Untracked 
|  99|0x0000000087500000, 0x0000000087500000, 0x0000000087600000|  0%| F|  |TAMS 0x0000000087500000, 0x0000000087500000| Untracked 
| 100|0x0000000087600000, 0x0000000087600000, 0x0000000087700000|  0%| F|  |TAMS 0x0000000087600000, 0x0000000087600000| Untracked 
| 101|0x0000000087700000, 0x0000000087700000, 0x0000000087800000|  0%| F|  |TAMS 0x0000000087700000, 0x0000000087700000| Untracked 
| 102|0x0000000087800000, 0x0000000087800000, 0x0000000087900000|  0%| F|  |TAMS 0x0000000087800000, 0x0000000087800000| Untracked 
| 103|0x0000000087900000, 0x0000000087900000, 0x0000000087a00000|  0%| F|  |TAMS 0x0000000087900000, 0x0000000087900000| Untracked 
| 104|0x0000000087a00000, 0x0000000087a00000, 0x0000000087b00000|  0%| F|  |TAMS 0x0000000087a00000, 0x0000000087a00000| Untracked 
| 105|0x0000000087b00000, 0x0000000087b00000, 0x0000000087c00000|  0%| F|  |TAMS 0x0000000087b00000, 0x0000000087b00000| Untracked 
| 106|0x0000000087c00000, 0x0000000087c00000, 0x0000000087d00000|  0%| F|  |TAMS 0x0000000087c00000, 0x0000000087c00000| Untracked 
| 107|0x0000000087d00000, 0x0000000087d00000, 0x0000000087e00000|  0%| F|  |TAMS 0x0000000087d00000, 0x0000000087d00000| Untracked 
| 108|0x0000000087e00000, 0x0000000087e00000, 0x0000000087f00000|  0%| F|  |TAMS 0x0000000087e00000, 0x0000000087e00000| Untracked 
| 109|0x0000000087f00000, 0x0000000087fdd818, 0x0000000088000000| 86%| E|  |TAMS 0x0000000087f00000, 0x0000000087f00000| Complete 
| 110|0x0000000088000000, 0x0000000088100000, 0x0000000088100000|100%| E|CS|TAMS 0x0000000088000000, 0x0000000088000000| Complete 
| 111|0x0000000088100000, 0x0000000088200000, 0x0000000088200000|100%| E|CS|TAMS 0x0000000088100000, 0x0000000088100000| Complete 
| 112|0x0000000088200000, 0x0000000088300000, 0x0000000088300000|100%| E|CS|TAMS 0x0000000088200000, 0x0000000088200000| Complete 
| 113|0x0000000088300000, 0x0000000088400000, 0x0000000088400000|100%| E|CS|TAMS 0x0000000088300000, 0x0000000088300000| Complete 
| 114|0x0000000088400000, 0x0000000088500000, 0x0000000088500000|100%| E|CS|TAMS 0x0000000088400000, 0x0000000088400000| Complete 
| 115|0x0000000088500000, 0x0000000088600000, 0x0000000088600000|100%| E|CS|TAMS 0x0000000088500000, 0x0000000088500000| Complete 
| 116|0x0000000088600000, 0x0000000088700000, 0x0000000088700000|100%| E|CS|TAMS 0x0000000088600000, 0x0000000088600000| Complete 
| 117|0x0000000088700000, 0x0000000088800000, 0x0000000088800000|100%| E|CS|TAMS 0x0000000088700000, 0x0000000088700000| Complete 
| 118|0x0000000088800000, 0x0000000088900000, 0x0000000088900000|100%| E|CS|TAMS 0x0000000088800000, 0x0000000088800000| Complete 
| 119|0x0000000088900000, 0x0000000088a00000, 0x0000000088a00000|100%| E|CS|TAMS 0x0000000088900000, 0x0000000088900000| Complete 
| 120|0x0000000088a00000, 0x0000000088b00000, 0x0000000088b00000|100%| E|CS|TAMS 0x0000000088a00000, 0x0000000088a00000| Complete 
| 121|0x0000000088b00000, 0x0000000088c00000, 0x0000000088c00000|100%| E|CS|TAMS 0x0000000088b00000, 0x0000000088b00000| Complete 
| 122|0x0000000088c00000, 0x0000000088d00000, 0x0000000088d00000|100%| E|CS|TAMS 0x0000000088c00000, 0x0000000088c00000| Complete 
| 123|0x0000000088d00000, 0x0000000088e00000, 0x0000000088e00000|100%| E|CS|TAMS 0x0000000088d00000, 0x0000000088d00000| Complete 
| 124|0x0000000088e00000, 0x0000000088f00000, 0x0000000088f00000|100%| E|CS|TAMS 0x0000000088e00000, 0x0000000088e00000| Complete 
| 125|0x0000000088f00000, 0x0000000089000000, 0x0000000089000000|100%| E|CS|TAMS 0x0000000088f00000, 0x0000000088f00000| Complete 
| 126|0x0000000089000000, 0x0000000089100000, 0x0000000089100000|100%| E|CS|TAMS 0x0000000089000000, 0x0000000089000000| Complete 
| 127|0x0000000089100000, 0x0000000089200000, 0x0000000089200000|100%| E|CS|TAMS 0x0000000089100000, 0x0000000089100000| Complete 

Card table byte_map: [0x0000026636f20000,0x0000026637320000] _byte_map_base: 0x0000026636b17000

Marking Bits (Prev, Next): (CMBitMap*) 0x000002661f8dbc30, (CMBitMap*) 0x000002661f8dbc70
 Prev Bits: [0x0000026637720000, 0x00000266396d8000)
 Next Bits: [0x00000266396e0000, 0x000002663b698000)

Polling page: 0x000002661d810000

Metaspace:

Usage:
  Non-class:     14.30 MB used.
      Class:      2.31 MB used.
       Both:     16.61 MB used.

Virtual space:
  Non-class space:       64.00 MB reserved,      14.44 MB ( 23%) committed,  1 nodes.
      Class space:        1.00 GB reserved,       2.44 MB ( <1%) committed,  1 nodes.
             Both:        1.06 GB reserved,      16.88 MB (  2%) committed. 

Chunk freelists:
   Non-Class:  1.00 MB
       Class:  1.39 MB
        Both:  2.39 MB

MaxMetaspaceSize: unlimited
CompressedClassSpaceSize: 1.00 GB
Initial GC threshold: 21.00 MB
Current GC threshold: 21.00 MB
CDS: on
MetaspaceReclaimPolicy: balanced
 - commit_granule_bytes: 65536.
 - commit_granule_words: 8192.
 - virtual_space_node_default_size: 8388608.
 - enlarge_chunks_in_place: 1.
 - new_chunks_are_fully_committed: 0.
 - uncommit_free_chunks: 1.
 - use_allocation_guard: 0.


Internal statistics:

num_allocs_failed_limit: 0.
num_arena_births: 328.
num_arena_deaths: 0.
num_vsnodes_births: 2.
num_vsnodes_deaths: 0.
num_space_committed: 270.
num_space_uncommitted: 0.
num_chunks_returned_to_freelist: 0.
num_chunks_taken_from_freelist: 895.
num_chunk_merges: 0.
num_chunk_splits: 648.
num_chunks_enlarged: 507.
num_inconsistent_stats: 0.

CodeHeap 'non-profiled nmethods': size=120000Kb used=1685Kb max_used=1685Kb free=118314Kb
 bounds [0x000002662f2c0000, 0x000002662f530000, 0x00000266367f0000]
CodeHeap 'profiled nmethods': size=120000Kb used=8725Kb max_used=8725Kb free=111274Kb
 bounds [0x00000266277f0000, 0x0000026628080000, 0x000002662ed20000]
CodeHeap 'non-nmethods': size=5760Kb used=1542Kb max_used=1595Kb free=4218Kb
 bounds [0x000002662ed20000, 0x000002662ef90000, 0x000002662f2c0000]
 total_blobs=5002 nmethods=4174 adapters=738
 compilation: enabled
              stopped_count=0, restarted_count=0
 full_count=0

Compilation events (20 events):
Event: 31.461 Thread 0x000002663e0ddb80 4165       3       javafx.scene.control.Labeled$StyleableProperties$9::isSettable (23 bytes)
Event: 31.461 Thread 0x000002663e0ddb80 nmethod 4165 0x0000026628070e90 code [0x0000026628071040, 0x0000026628071338]
Event: 31.461 Thread 0x000002663e0ddb80 4166       3       javafx.scene.control.Labeled$StyleableProperties$13::isSettable (23 bytes)
Event: 31.461 Thread 0x000002663e0ddb80 nmethod 4166 0x0000026628071490 code [0x0000026628071640, 0x0000026628071938]
Event: 31.461 Thread 0x000002663e0ddb80 4167       3       com.sun.prism.d3d.D3DContext::updateClipRect (70 bytes)
Event: 31.461 Thread 0x000002663e0ddb80 nmethod 4167 0x0000026628071a90 code [0x0000026628071c60, 0x0000026628071fa8]
Event: 31.487 Thread 0x000002663e0d6430 4168       4       javafx.scene.Node::localToScene (21 bytes)
Event: 31.492 Thread 0x000002663e0d6430 nmethod 4168 0x000002662f464790 code [0x000002662f464980, 0x000002662f464e08]
Event: 31.626 Thread 0x000002663e0ddb80 4169       3       javafx.animation.Animation::sync (19 bytes)
Event: 31.627 Thread 0x000002663e0ddb80 nmethod 4169 0x0000026628072110 code [0x00000266280722c0, 0x0000026628072538]
Event: 31.638 Thread 0x000002663e0ddb80 4170       3       javafx.scene.layout.Region::snapPositionX (10 bytes)
Event: 31.638 Thread 0x000002663e0ddb80 nmethod 4170 0x0000026628072610 code [0x0000026628072880, 0x0000026628073218]
Event: 31.639 Thread 0x000002663e0ddb80 4172       3       com.sun.javafx.geom.RectBounds::intersectWith (82 bytes)
Event: 31.639 Thread 0x000002663e0ddb80 nmethod 4172 0x0000026628073510 code [0x0000026628073760, 0x0000026628074008]
Event: 31.639 Thread 0x000002663e0ddb80 4171       3       javafx.scene.layout.Region::snapPositionX (17 bytes)
Event: 31.640 Thread 0x000002663e0ddb80 nmethod 4171 0x0000026628074210 code [0x0000026628074460, 0x0000026628074d78]
Event: 31.640 Thread 0x000002663e0ddb80 4173       1       com.sun.javafx.sg.prism.NGRectangle::getShape (5 bytes)
Event: 31.640 Thread 0x000002663e0ddb80 nmethod 4173 0x000002662f465310 code [0x000002662f4654a0, 0x000002662f465578]
Event: 31.716 Thread 0x000002663e0ddb80 4174       3       com.sun.glass.ui.View::getWidth (8 bytes)
Event: 31.716 Thread 0x000002663e0ddb80 nmethod 4174 0x0000026628075090 code [0x0000026628075260, 0x00000266280755b8]

GC Heap History (4 events):
Event: 0.785 GC heap before
{Heap before GC invocations=0 (full 0):
 garbage-first heap   total 131072K, used 22528K [0x0000000081200000, 0x0000000100000000)
  region size 1024K, 23 young (23552K), 0 survivors (0K)
 Metaspace       used 5693K, committed 5952K, reserved 1114112K
  class space    used 671K, committed 832K, reserved 1048576K
}
Event: 0.789 GC heap after
{Heap after GC invocations=1 (full 0):
 garbage-first heap   total 131072K, used 2776K [0x0000000081200000, 0x0000000100000000)
  region size 1024K, 3 young (3072K), 3 survivors (3072K)
 Metaspace       used 5693K, committed 5952K, reserved 1114112K
  class space    used 671K, committed 832K, reserved 1048576K
}
Event: 5.619 GC heap before
{Heap before GC invocations=1 (full 0):
 garbage-first heap   total 131072K, used 50904K [0x0000000081200000, 0x0000000100000000)
  region size 1024K, 37 young (37888K), 3 survivors (3072K)
 Metaspace       used 14715K, committed 15040K, reserved 1114112K
  class space    used 2114K, committed 2240K, reserved 1048576K
}
Event: 5.627 GC heap after
{Heap after GC invocations=2 (full 0):
 garbage-first heap   total 131072K, used 21461K [0x0000000081200000, 0x0000000100000000)
  region size 1024K, 5 young (5120K), 5 survivors (5120K)
 Metaspace       used 14715K, committed 15040K, reserved 1114112K
  class space    used 2114K, committed 2240K, reserved 1048576K
}

Dll operation events (20 events):
Event: 0.468 Loaded shared library C:\Users\Gabriel\.openjfx\cache\13\api-ms-win-crt-filesystem-l1-1-0.dll
Event: 0.471 Loaded shared library C:\Users\Gabriel\.openjfx\cache\13\api-ms-win-crt-heap-l1-1-0.dll
Event: 0.474 Loaded shared library C:\Users\Gabriel\.openjfx\cache\13\api-ms-win-crt-locale-l1-1-0.dll
Event: 0.476 Loaded shared library C:\Users\Gabriel\.openjfx\cache\13\api-ms-win-crt-math-l1-1-0.dll
Event: 0.479 Loaded shared library C:\Users\Gabriel\.openjfx\cache\13\api-ms-win-crt-multibyte-l1-1-0.dll
Event: 0.482 Loaded shared library C:\Users\Gabriel\.openjfx\cache\13\api-ms-win-crt-private-l1-1-0.dll
Event: 0.485 Loaded shared library C:\Users\Gabriel\.openjfx\cache\13\api-ms-win-crt-process-l1-1-0.dll
Event: 0.487 Loaded shared library C:\Users\Gabriel\.openjfx\cache\13\api-ms-win-crt-runtime-l1-1-0.dll
Event: 0.490 Loaded shared library C:\Users\Gabriel\.openjfx\cache\13\api-ms-win-crt-stdio-l1-1-0.dll
Event: 0.492 Loaded shared library C:\Users\Gabriel\.openjfx\cache\13\api-ms-win-crt-string-l1-1-0.dll
Event: 0.495 Loaded shared library C:\Users\Gabriel\.openjfx\cache\13\api-ms-win-crt-time-l1-1-0.dll
Event: 0.498 Loaded shared library C:\Users\Gabriel\.openjfx\cache\13\api-ms-win-crt-utility-l1-1-0.dll
Event: 0.514 Loaded shared library C:\Users\Gabriel\.openjfx\cache\13\ucrtbase.dll
Event: 0.518 Loaded shared library C:\Users\Gabriel\.openjfx\cache\13\vcruntime140.dll
Event: 0.528 Loaded shared library C:\Users\Gabriel\.openjfx\cache\13\msvcp140.dll
Event: 0.535 Loaded shared library C:\Users\Gabriel\.openjfx\cache\13\concrt140.dll
Event: 0.575 Loaded shared library C:\Users\Gabriel\.openjfx\cache\13\prism_d3d.dll
Event: 0.621 Loaded shared library C:\Users\Gabriel\.openjfx\cache\13\glass.dll
Event: 0.832 Loaded shared library C:\Users\Gabriel\.openjfx\cache\13\javafx_font.dll
Event: 1.170 Loaded shared library C:\Program Files\Java\jdk-19\bin\jimage.dll

Deoptimization events (20 events):
Event: 12.682 Thread 0x000002663e0cedd0 DEOPT PACKING pc=0x000002662f3e6bf0 sp=0x000000da6f8fb300
Event: 12.682 Thread 0x000002663e0cedd0 DEOPT UNPACKING pc=0x000002662ed86da3 sp=0x000000da6f8fb2c8 mode 2
Event: 16.955 Thread 0x000002663e0cedd0 Uncommon trap: trap_request=0xffffffde fr.pc=0x000002662f39dda4 relative=0x00000000000002c4
Event: 16.955 Thread 0x000002663e0cedd0 Uncommon trap: reason=class_check action=maybe_recompile pc=0x000002662f39dda4 method=com.sun.javafx.collections.ObservableMapWrapper.get(Ljava/lang/Object;)Ljava/lang/Object; @ 5 c2
Event: 16.955 Thread 0x000002663e0cedd0 DEOPT PACKING pc=0x000002662f39dda4 sp=0x000000da6f8fb150
Event: 16.955 Thread 0x000002663e0cedd0 DEOPT UNPACKING pc=0x000002662ed86da3 sp=0x000000da6f8fb0f8 mode 2
Event: 19.266 Thread 0x000002663e0cedd0 Uncommon trap: trap_request=0xffffffde fr.pc=0x000002662f39dda4 relative=0x00000000000002c4
Event: 19.266 Thread 0x000002663e0cedd0 Uncommon trap: reason=class_check action=maybe_recompile pc=0x000002662f39dda4 method=com.sun.javafx.collections.ObservableMapWrapper.get(Ljava/lang/Object;)Ljava/lang/Object; @ 5 c2
Event: 19.266 Thread 0x000002663e0cedd0 DEOPT PACKING pc=0x000002662f39dda4 sp=0x000000da6f8f8de0
Event: 19.266 Thread 0x000002663e0cedd0 DEOPT UNPACKING pc=0x000002662ed86da3 sp=0x000000da6f8f8d88 mode 2
Event: 19.278 Thread 0x000002663e0cedd0 DEOPT PACKING pc=0x0000026627a2a568 sp=0x000000da6f8fb400
Event: 19.279 Thread 0x000002663e0cedd0 DEOPT UNPACKING pc=0x000002662ed87543 sp=0x000000da6f8fa888 mode 0
Event: 19.300 Thread 0x000002663e0cedd0 Uncommon trap: trap_request=0xffffffbe fr.pc=0x000002662f4258fc relative=0x000000000000059c
Event: 19.300 Thread 0x000002663e0cedd0 Uncommon trap: reason=profile_predicate action=maybe_recompile pc=0x000002662f4258fc method=javafx.css.CompoundSelector.applies(Ljavafx/css/Styleable;[Ljava/util/Set;I)Z @ 89 c2
Event: 19.300 Thread 0x000002663e0cedd0 DEOPT PACKING pc=0x000002662f4258fc sp=0x000000da6f8fa670
Event: 19.300 Thread 0x000002663e0cedd0 DEOPT UNPACKING pc=0x000002662ed86da3 sp=0x000000da6f8fa620 mode 2
Event: 19.301 Thread 0x000002663e0cedd0 Uncommon trap: trap_request=0xffffffbe fr.pc=0x000002662f4258fc relative=0x000000000000059c
Event: 19.301 Thread 0x000002663e0cedd0 Uncommon trap: reason=profile_predicate action=maybe_recompile pc=0x000002662f4258fc method=javafx.css.CompoundSelector.applies(Ljavafx/css/Styleable;[Ljava/util/Set;I)Z @ 89 c2
Event: 19.301 Thread 0x000002663e0cedd0 DEOPT PACKING pc=0x000002662f4258fc sp=0x000000da6f8fa7a0
Event: 19.301 Thread 0x000002663e0cedd0 DEOPT UNPACKING pc=0x000002662ed86da3 sp=0x000000da6f8fa750 mode 2

Classes loaded (20 events):
Event: 2.630 Loading class sun/text/RuleBasedBreakIterator
Event: 2.630 Loading class sun/text/RuleBasedBreakIterator done
Event: 2.631 Loading class sun/text/CompactByteArray
Event: 2.631 Loading class sun/text/CompactByteArray done
Event: 2.632 Loading class sun/text/SupplementaryCharacterData
Event: 2.632 Loading class sun/text/SupplementaryCharacterData done
Event: 2.632 Loading class java/text/BreakIterator$BreakIteratorCache
Event: 2.632 Loading class java/text/BreakIterator$BreakIteratorCache done
Event: 5.572 Loading class java/util/BitSet
Event: 5.573 Loading class java/util/BitSet done
Event: 8.786 Loading class java/util/BitSet$1BitSetSpliterator
Event: 8.786 Loading class java/util/BitSet$1BitSetSpliterator done
Event: 8.787 Loading class java/util/stream/IntPipeline$1
Event: 8.787 Loading class java/util/stream/IntPipeline$1 done
Event: 8.787 Loading class java/util/stream/IntPipeline$1$1
Event: 8.787 Loading class java/util/stream/IntPipeline$1$1 done
Event: 26.410 Loading class java/text/StringCharacterIterator
Event: 26.410 Loading class java/text/StringCharacterIterator done
Event: 31.720 Loading class java/util/LinkedList$ListItr
Event: 31.720 Loading class java/util/LinkedList$ListItr done

Classes unloaded (0 events):
No events

Classes redefined (0 events):
No events

Internal exceptions (20 events):
Event: 1.477 Thread 0x000002663e0cedd0 Exception <a 'java/lang/NoSuchMethodError'{0x0000000087ea9838}: 'int java.lang.invoke.DirectMethodHandle$Holder.invokeSpecial(java.lang.Object, java.lang.Object, java.lang.Object, int)'> (0x0000000087ea9838) 
thrown [s\open\src\hotspot\share\interpreter\linkResolver.cpp, line 774]
Event: 1.479 Thread 0x000002663e0cedd0 Exception <a 'java/lang/NoSuchMethodError'{0x0000000087ebbeb8}: 'java.lang.Object java.lang.invoke.DirectMethodHandle$Holder.invokeStatic(java.lang.Object, java.lang.Object, java.lang.Object, java.lang.Object, int)'> (0x0000000087ebbeb8) 
thrown [s\open\src\hotspot\share\interpreter\linkResolver.cpp, line 774]
Event: 1.480 Thread 0x000002663e0cedd0 Exception <a 'java/lang/NoSuchMethodError'{0x0000000087ec48e8}: 'int java.lang.invoke.DirectMethodHandle$Holder.invokeSpecial(java.lang.Object, java.lang.Object, java.lang.Object)'> (0x0000000087ec48e8) 
thrown [s\open\src\hotspot\share\interpreter\linkResolver.cpp, line 774]
Event: 1.511 Thread 0x000002663e0cedd0 Exception <a 'java/lang/NoSuchMethodError'{0x0000000087d775b8}: 'java.lang.Object java.lang.invoke.DirectMethodHandle$Holder.newInvokeSpecial(java.lang.Object, java.lang.Object, int)'> (0x0000000087d775b8) 
thrown [s\open\src\hotspot\share\interpreter\linkResolver.cpp, line 774]
Event: 1.595 Thread 0x000002663e0cedd0 Exception <a 'java/lang/ClassNotFoundException'{0x0000000087bd20a8}: com/sun/javafx/scene/control/skin/resources/controls> (0x0000000087bd20a8) 
thrown [s\open\src\hotspot\share\prims\jni.cpp, line 536]
Event: 1.598 Thread 0x000002663e0cedd0 Exception <a 'java/lang/ClassNotFoundException'{0x0000000087bdf9e0}: com/sun/javafx/scene/control/skin/resources/controls_pt> (0x0000000087bdf9e0) 
thrown [s\open\src\hotspot\share\prims\jni.cpp, line 536]
Event: 1.599 Thread 0x000002663e0cedd0 Exception <a 'java/lang/ClassNotFoundException'{0x0000000087be0988}: com/sun/javafx/scene/control/skin/resources/controls_pt_BR> (0x0000000087be0988) 
thrown [s\open\src\hotspot\share\prims\jni.cpp, line 536]
Event: 1.655 Thread 0x000002663e0cedd0 Exception <a 'java/lang/NoSuchMethodError'{0x000000008765fd30}: 'void java.lang.invoke.DirectMethodHandle$Holder.invokeSpecial(java.lang.Object, java.lang.Object, java.lang.Object, java.lang.Object, java.lang.Object, java.lang.Object)'> (0x000000008765fd30) 
thrown [s\open\src\hotspot\share\interpreter\linkResolver.cpp, line 774]
Event: 1.772 Thread 0x000002663e0d0310 Exception <a 'java/lang/NoSuchMethodError'{0x0000000087356dd8}: 'int java.lang.invoke.DirectMethodHandle$Holder.invokeStaticInit(java.lang.Object, java.lang.Object)'> (0x0000000087356dd8) 
thrown [s\open\src\hotspot\share\interpreter\linkResolver.cpp, line 774]
Event: 1.800 Thread 0x000002663e0d0310 Exception <a 'java/lang/NoSuchMethodError'{0x0000000087218460}: 'java.lang.Object java.lang.invoke.Invokers$Holder.invokeExact_MT(java.lang.Object, java.lang.Object, java.lang.Object, java.lang.Object, java.lang.Object)'> (0x0000000087218460) 
thrown [s\open\src\hotspot\share\interpreter\linkResolver.cpp, line 774]
Event: 2.633 Thread 0x000002663e0cedd0 Exception <a 'java/lang/NoSuchMethodError'{0x00000000870d8868}: 'long java.lang.invoke.DirectMethodHandle$Holder.invokeStatic(java.lang.Object, java.lang.Object, java.lang.Object)'> (0x00000000870d8868) 
thrown [s\open\src\hotspot\share\interpreter\linkResolver.cpp, line 774]
Event: 2.634 Thread 0x000002663e0cedd0 Exception <a 'java/lang/NoSuchMethodError'{0x00000000870dc190}: 'long java.lang.invoke.DirectMethodHandle$Holder.invokeStaticInit(java.lang.Object, java.lang.Object, java.lang.Object)'> (0x00000000870dc190) 
thrown [s\open\src\hotspot\share\interpreter\linkResolver.cpp, line 774]
Event: 2.635 Thread 0x000002663e0cedd0 Exception <a 'java/lang/NoSuchMethodError'{0x00000000870f4b20}: 'java.lang.Object java.lang.invoke.DirectMethodHandle$Holder.newInvokeSpecial(java.lang.Object, java.lang.Object, long)'> (0x00000000870f4b20) 
thrown [s\open\src\hotspot\share\interpreter\linkResolver.cpp, line 774]
Event: 2.636 Thread 0x000002663e0cedd0 Exception <a 'java/lang/NoSuchMethodError'{0x00000000870f86a8}: 'java.lang.Object java.lang.invoke.Invokers$Holder.linkToTargetMethod(java.lang.Object, long, java.lang.Object)'> (0x00000000870f86a8) 
thrown [s\open\src\hotspot\share\interpreter\linkResolver.cpp, line 774]
Event: 5.617 Thread 0x000002663e0cedd0 Implicit null exception at 0x000002662f3a2300 to 0x000002662f3a2660
Event: 5.617 Thread 0x000002663e0cedd0 Implicit null exception at 0x000002662f39ab50 to 0x000002662f39abec
Event: 8.696 Thread 0x000002663e0cedd0 Exception <a 'java/lang/NoSuchMethodError'{0x0000000089140360}: 'java.lang.Object java.lang.invoke.DirectMethodHandle$Holder.newInvokeSpecial(java.lang.Object, java.lang.Object, int, int, int, int, int, java.lang.Object)'> (0x0000000089140360) 
thrown [s\open\src\hotspot\share\interpreter\linkResolver.cpp, line 774]
Event: 8.698 Thread 0x000002663e0cedd0 Exception <a 'java/lang/NoSuchMethodError'{0x00000000891535f8}: 'java.lang.Object java.lang.invoke.DirectMethodHandle$Holder.newInvokeSpecial(java.lang.Object, java.lang.Object, java.lang.Object, int, int, int, int, int)'> (0x00000000891535f8) 
thrown [s\open\src\hotspot\share\interpreter\linkResolver.cpp, line 774]
Event: 8.698 Thread 0x000002663e0cedd0 Exception <a 'java/lang/NoSuchMethodError'{0x000000008915b118}: 'java.lang.Object java.lang.invoke.Invokers$Holder.linkToTargetMethod(java.lang.Object, java.lang.Object, int, int, int, int, int, java.lang.Object)'> (0x000000008915b118) 
thrown [s\open\src\hotspot\share\interpreter\linkResolver.cpp, line 774]
Event: 8.799 Thread 0x000002663e0cedd0 Exception <a 'java/lang/NoSuchMethodError'{0x0000000088e33188}: 'void java.lang.invoke.DirectMethodHandle$Holder.invokeSpecialIFC(java.lang.Object, java.lang.Object, java.lang.Object, java.lang.Object)'> (0x0000000088e33188) 
thrown [s\open\src\hotspot\share\interpreter\linkResolver.cpp, line 774]

VM Operations (20 events):
Event: 21.799 Executing VM operation: Cleanup done
Event: 22.799 Executing VM operation: Cleanup
Event: 22.799 Executing VM operation: Cleanup done
Event: 23.799 Executing VM operation: Cleanup
Event: 23.800 Executing VM operation: Cleanup done
Event: 24.800 Executing VM operation: Cleanup
Event: 24.800 Executing VM operation: Cleanup done
Event: 25.800 Executing VM operation: Cleanup
Event: 25.800 Executing VM operation: Cleanup done
Event: 26.800 Executing VM operation: Cleanup
Event: 26.801 Executing VM operation: Cleanup done
Event: 27.801 Executing VM operation: Cleanup
Event: 27.801 Executing VM operation: Cleanup done
Event: 28.801 Executing VM operation: Cleanup
Event: 28.801 Executing VM operation: Cleanup done
Event: 29.801 Executing VM operation: Cleanup
Event: 29.801 Executing VM operation: Cleanup done
Event: 30.802 Executing VM operation: Cleanup
Event: 30.802 Executing VM operation: Cleanup done
Event: 31.720 Executing VM operation: Exit

Events (20 events):
Event: 0.623 Thread 0x000002663e0ccdf0 Thread added: 0x000002663e0ccdf0
Event: 0.627 Thread 0x000002663e0cedd0 Thread added: 0x000002663e0cedd0
Event: 0.665 Thread 0x0000026642601e50 Thread exited: 0x0000026642601e50
Event: 0.693 Thread 0x000002663e0cd340 Thread added: 0x000002663e0cd340
Event: 0.706 Thread 0x000002663e0ce880 Thread added: 0x000002663e0ce880
Event: 1.418 Thread 0x00000266439a6de0 Thread added: 0x00000266439a6de0
Event: 1.851 Thread 0x00000266439a5350 Thread added: 0x00000266439a5350
Event: 1.960 Thread 0x0000026642579dd0 Thread exited: 0x0000026642579dd0
Event: 5.515 Thread 0x000002664270a2a0 Thread added: 0x000002664270a2a0
Event: 6.207 Thread 0x000002664270a2a0 Thread exited: 0x000002664270a2a0
Event: 8.867 Thread 0x000002664298a040 Thread added: 0x000002664298a040
Event: 9.335 Thread 0x000002664298a040 Thread exited: 0x000002664298a040
Event: 12.711 Thread 0x0000026642acb010 Thread added: 0x0000026642acb010
Event: 13.016 Thread 0x0000026642acb010 Thread exited: 0x0000026642acb010
Event: 16.959 Thread 0x000002664d64e010 Thread added: 0x000002664d64e010
Event: 17.143 Thread 0x000002664d64e010 Thread exited: 0x000002664d64e010
Event: 31.718 Thread 0x00000266439a8320 Thread added: 0x00000266439a8320
Event: 31.718 Thread 0x00000266439a2e20 Thread added: 0x00000266439a2e20
Event: 31.718 Thread 0x00000266439a8320 Thread exited: 0x00000266439a8320
Event: 31.720 Thread 0x00000266439a2e20 Thread exited: 0x00000266439a2e20


Dynamic libraries:
0x00007ff6bc370000 - 0x00007ff6bc380000 	C:\Program Files\Java\jdk-19\bin\java.exe
0x00007ffbe8630000 - 0x00007ffbe8828000 	C:\Windows\SYSTEM32\ntdll.dll
0x00007ffbe69e0000 - 0x00007ffbe6a9f000 	C:\Windows\System32\KERNEL32.DLL
0x00007ffbe6170000 - 0x00007ffbe6442000 	C:\Windows\System32\KERNELBASE.dll
0x00007ffbe6530000 - 0x00007ffbe6630000 	C:\Windows\System32\ucrtbase.dll
0x00007ffbd41f0000 - 0x00007ffbd4208000 	C:\Program Files\Java\jdk-19\bin\jli.dll
0x00007ffbd3f70000 - 0x00007ffbd3f8b000 	C:\Program Files\Java\jdk-19\bin\VCRUNTIME140.dll
0x00007ffbe6bd0000 - 0x00007ffbe6c7e000 	C:\Windows\System32\ADVAPI32.dll
0x00007ffbe8420000 - 0x00007ffbe84be000 	C:\Windows\System32\msvcrt.dll
0x00007ffbe6fb0000 - 0x00007ffbe704c000 	C:\Windows\System32\sechost.dll
0x00007ffbe84c0000 - 0x00007ffbe85e5000 	C:\Windows\System32\RPCRT4.dll
0x00007ffbe8200000 - 0x00007ffbe839d000 	C:\Windows\System32\USER32.dll
0x00007ffbe6450000 - 0x00007ffbe6472000 	C:\Windows\System32\win32u.dll
0x00007ffbd70e0000 - 0x00007ffbd737a000 	C:\Windows\WinSxS\amd64_microsoft.windows.common-controls_6595b64144ccf1df_6.0.19041.1110_none_60b5254171f9507e\COMCTL32.dll
0x00007ffbe81d0000 - 0x00007ffbe81fb000 	C:\Windows\System32\GDI32.dll
0x00007ffbe5f20000 - 0x00007ffbe602f000 	C:\Windows\System32\gdi32full.dll
0x00007ffbe6060000 - 0x00007ffbe60fd000 	C:\Windows\System32\msvcp_win.dll
0x00007ffbdde50000 - 0x00007ffbdde5a000 	C:\Windows\SYSTEM32\VERSION.dll
0x00007ffbe6dc0000 - 0x00007ffbe6df2000 	C:\Windows\System32\IMM32.DLL
0x00007ffbdfd00000 - 0x00007ffbdfd0c000 	C:\Program Files\Java\jdk-19\bin\vcruntime140_1.dll
0x00007ffbc6420000 - 0x00007ffbc64ae000 	C:\Program Files\Java\jdk-19\bin\msvcp140.dll
0x00007ffbb7a10000 - 0x00007ffbb86d0000 	C:\Program Files\Java\jdk-19\bin\server\jvm.dll
0x00007ffbd8810000 - 0x00007ffbd8837000 	C:\Windows\SYSTEM32\WINMM.dll
0x00007ffbe0400000 - 0x00007ffbe0409000 	C:\Windows\SYSTEM32\WSOCK32.dll
0x00007ffbe83a0000 - 0x00007ffbe840b000 	C:\Windows\System32\WS2_32.dll
0x00007ffbe4570000 - 0x00007ffbe4582000 	C:\Windows\SYSTEM32\kernel.appcore.dll
0x00007ffbdfca0000 - 0x00007ffbdfcaa000 	C:\Program Files\Java\jdk-19\bin\jimage.dll
0x00007ffbd2850000 - 0x00007ffbd2a34000 	C:\Windows\SYSTEM32\DBGHELP.DLL
0x00007ffbd23f0000 - 0x00007ffbd241c000 	C:\Windows\SYSTEM32\dbgcore.DLL
0x00007ffbe5d30000 - 0x00007ffbe5db2000 	C:\Windows\System32\bcryptPrimitives.dll
0x00007ffbd21f0000 - 0x00007ffbd2216000 	C:\Program Files\Java\jdk-19\bin\java.dll
0x00007ffbc3690000 - 0x00007ffbc3767000 	C:\Program Files\Java\jdk-19\bin\jsvml.dll
0x00007ffbe7810000 - 0x00007ffbe7f53000 	C:\Windows\System32\SHELL32.dll
0x00007ffbe3dd0000 - 0x00007ffbe4562000 	C:\Windows\SYSTEM32\windows.storage.dll
0x00007ffbe6680000 - 0x00007ffbe69d4000 	C:\Windows\System32\combase.dll
0x00007ffbe5790000 - 0x00007ffbe57c0000 	C:\Windows\SYSTEM32\Wldp.dll
0x00007ffbe6d10000 - 0x00007ffbe6dbd000 	C:\Windows\System32\SHCORE.dll
0x00007ffbe8090000 - 0x00007ffbe80e5000 	C:\Windows\System32\shlwapi.dll
0x00007ffbe5c70000 - 0x00007ffbe5c8f000 	C:\Windows\SYSTEM32\profapi.dll
0x00007ffbd2150000 - 0x00007ffbd2163000 	C:\Program Files\Java\jdk-19\bin\net.dll
0x00007ffbd9bd0000 - 0x00007ffbd9cdc000 	C:\Windows\SYSTEM32\WINHTTP.dll
0x00007ffbe54f0000 - 0x00007ffbe555a000 	C:\Windows\system32\mswsock.dll
0x00007ffbd2130000 - 0x00007ffbd2146000 	C:\Program Files\Java\jdk-19\bin\nio.dll
0x00007ffbcbd80000 - 0x00007ffbcbd98000 	C:\Program Files\Java\jdk-19\bin\zip.dll
0x000002661d870000 - 0x000002661d873000 	C:\Users\Gabriel\.openjfx\cache\13\api-ms-win-core-console-l1-1-0.dll
0x000002661d880000 - 0x000002661d883000 	C:\Users\Gabriel\.openjfx\cache\13\api-ms-win-core-datetime-l1-1-0.dll
0x000002661d890000 - 0x000002661d893000 	C:\Users\Gabriel\.openjfx\cache\13\api-ms-win-core-debug-l1-1-0.dll
0x000002661f820000 - 0x000002661f823000 	C:\Users\Gabriel\.openjfx\cache\13\api-ms-win-core-errorhandling-l1-1-0.dll
0x000002661f830000 - 0x000002661f834000 	C:\Users\Gabriel\.openjfx\cache\13\api-ms-win-core-file-l1-1-0.dll
0x000002661f840000 - 0x000002661f843000 	C:\Users\Gabriel\.openjfx\cache\13\api-ms-win-core-file-l1-2-0.dll
0x000002663e250000 - 0x000002663e253000 	C:\Users\Gabriel\.openjfx\cache\13\api-ms-win-core-file-l2-1-0.dll
0x000002663e260000 - 0x000002663e263000 	C:\Users\Gabriel\.openjfx\cache\13\api-ms-win-core-handle-l1-1-0.dll
0x000002663e270000 - 0x000002663e273000 	C:\Users\Gabriel\.openjfx\cache\13\api-ms-win-core-heap-l1-1-0.dll
0x000002663e280000 - 0x000002663e283000 	C:\Users\Gabriel\.openjfx\cache\13\api-ms-win-core-interlocked-l1-1-0.dll
0x000002663e290000 - 0x000002663e293000 	C:\Users\Gabriel\.openjfx\cache\13\api-ms-win-core-libraryloader-l1-1-0.dll
0x000002663e2a0000 - 0x000002663e2a3000 	C:\Users\Gabriel\.openjfx\cache\13\api-ms-win-core-localization-l1-2-0.dll
0x000002663e2b0000 - 0x000002663e2b3000 	C:\Users\Gabriel\.openjfx\cache\13\api-ms-win-core-memory-l1-1-0.dll
0x000002663e2c0000 - 0x000002663e2c3000 	C:\Users\Gabriel\.openjfx\cache\13\api-ms-win-core-namedpipe-l1-1-0.dll
0x000002663e2d0000 - 0x000002663e2d3000 	C:\Users\Gabriel\.openjfx\cache\13\api-ms-win-core-processenvironment-l1-1-0.dll
0x000002663e2e0000 - 0x000002663e2e3000 	C:\Users\Gabriel\.openjfx\cache\13\api-ms-win-core-processthreads-l1-1-0.dll
0x000002663e2f0000 - 0x000002663e2f3000 	C:\Users\Gabriel\.openjfx\cache\13\api-ms-win-core-processthreads-l1-1-1.dll
0x000002663e300000 - 0x000002663e303000 	C:\Users\Gabriel\.openjfx\cache\13\api-ms-win-core-profile-l1-1-0.dll
0x000002663e310000 - 0x000002663e313000 	C:\Users\Gabriel\.openjfx\cache\13\api-ms-win-core-rtlsupport-l1-1-0.dll
0x000002663e320000 - 0x000002663e323000 	C:\Users\Gabriel\.openjfx\cache\13\api-ms-win-core-string-l1-1-0.dll
0x000002663e330000 - 0x000002663e333000 	C:\Users\Gabriel\.openjfx\cache\13\api-ms-win-core-synch-l1-1-0.dll
0x000002663e340000 - 0x000002663e343000 	C:\Users\Gabriel\.openjfx\cache\13\api-ms-win-core-synch-l1-2-0.dll
0x000002663e350000 - 0x000002663e353000 	C:\Users\Gabriel\.openjfx\cache\13\api-ms-win-core-sysinfo-l1-1-0.dll
0x000002663e360000 - 0x000002663e363000 	C:\Users\Gabriel\.openjfx\cache\13\api-ms-win-core-timezone-l1-1-0.dll
0x000002663e370000 - 0x000002663e373000 	C:\Users\Gabriel\.openjfx\cache\13\api-ms-win-core-util-l1-1-0.dll
0x000002663e380000 - 0x000002663e383000 	C:\Users\Gabriel\.openjfx\cache\13\api-ms-win-crt-conio-l1-1-0.dll
0x000002663e390000 - 0x000002663e394000 	C:\Users\Gabriel\.openjfx\cache\13\api-ms-win-crt-convert-l1-1-0.dll
0x000002663e3a0000 - 0x000002663e3a3000 	C:\Users\Gabriel\.openjfx\cache\13\api-ms-win-crt-environment-l1-1-0.dll
0x000002663e3b0000 - 0x000002663e3b3000 	C:\Users\Gabriel\.openjfx\cache\13\api-ms-win-crt-filesystem-l1-1-0.dll
0x000002663e3c0000 - 0x000002663e3c3000 	C:\Users\Gabriel\.openjfx\cache\13\api-ms-win-crt-heap-l1-1-0.dll
0x000002663e3d0000 - 0x000002663e3d3000 	C:\Users\Gabriel\.openjfx\cache\13\api-ms-win-crt-locale-l1-1-0.dll
0x000002663e3e0000 - 0x000002663e3e5000 	C:\Users\Gabriel\.openjfx\cache\13\api-ms-win-crt-math-l1-1-0.dll
0x000002663e3f0000 - 0x000002663e3f5000 	C:\Users\Gabriel\.openjfx\cache\13\api-ms-win-crt-multibyte-l1-1-0.dll
0x0000026643fd0000 - 0x0000026643fe0000 	C:\Users\Gabriel\.openjfx\cache\13\api-ms-win-crt-private-l1-1-0.dll
0x0000026643fe0000 - 0x0000026643fe3000 	C:\Users\Gabriel\.openjfx\cache\13\api-ms-win-crt-process-l1-1-0.dll
0x0000026643ff0000 - 0x0000026643ff4000 	C:\Users\Gabriel\.openjfx\cache\13\api-ms-win-crt-runtime-l1-1-0.dll
0x0000026644000000 - 0x0000026644004000 	C:\Users\Gabriel\.openjfx\cache\13\api-ms-win-crt-stdio-l1-1-0.dll
0x0000026644010000 - 0x0000026644014000 	C:\Users\Gabriel\.openjfx\cache\13\api-ms-win-crt-string-l1-1-0.dll
0x0000026644020000 - 0x0000026644023000 	C:\Users\Gabriel\.openjfx\cache\13\api-ms-win-crt-time-l1-1-0.dll
0x0000026644030000 - 0x0000026644033000 	C:\Users\Gabriel\.openjfx\cache\13\api-ms-win-crt-utility-l1-1-0.dll
0x00007ffbba890000 - 0x00007ffbba98c000 	C:\Users\Gabriel\.openjfx\cache\13\ucrtbase.dll
0x00007ffbc91d0000 - 0x00007ffbc91e5000 	C:\Users\Gabriel\.openjfx\cache\13\vcruntime140.dll
0x00007ffbc35f0000 - 0x00007ffbc368b000 	C:\Users\Gabriel\.openjfx\cache\13\msvcp140.dll
0x00007ffbc2cd0000 - 0x00007ffbc2d21000 	C:\Users\Gabriel\.openjfx\cache\13\concrt140.dll
0x00007ffbc91a0000 - 0x00007ffbc91c3000 	C:\Users\Gabriel\.openjfx\cache\13\prism_d3d.dll
0x00007ffbd2220000 - 0x00007ffbd23ef000 	C:\Windows\system32\d3d9.dll
0x00007ffbe3900000 - 0x00007ffbe392f000 	C:\Windows\SYSTEM32\dwmapi.dll
0x00007ffbe3720000 - 0x00007ffbe37be000 	C:\Windows\system32\uxtheme.dll
0x00007ffb65c40000 - 0x00007ffb6b44d000 	C:\Windows\System32\DriverStore\FileRepository\igdlh64.inf_amd64_6d1fd205efa7f979\igdumdim64.dll
0x00007ffbe7f60000 - 0x00007ffbe802d000 	C:\Windows\System32\OLEAUT32.dll
0x00007ffbe7060000 - 0x00007ffbe718a000 	C:\Windows\System32\ole32.dll
0x00007ffbe7280000 - 0x00007ffbe76e8000 	C:\Windows\System32\SETUPAPI.dll
0x00007ffbe6630000 - 0x00007ffbe667e000 	C:\Windows\System32\cfgmgr32.dll
0x00007ffbe6030000 - 0x00007ffbe6057000 	C:\Windows\System32\bcrypt.dll
0x00007ffbc1920000 - 0x00007ffbc1965000 	C:\Users\Gabriel\.openjfx\cache\13\glass.dll
0x00007ffbe7190000 - 0x00007ffbe726a000 	C:\Windows\System32\COMDLG32.dll
0x00007ffbe76f0000 - 0x00007ffbe7805000 	C:\Windows\System32\MSCTF.dll
0x00007ffbd8840000 - 0x00007ffbd999e000 	C:\Windows\System32\DriverStore\FileRepository\igdlh64.inf_amd64_6d1fd205efa7f979\igc64.dll
0x00007ffbdb820000 - 0x00007ffbdb85b000 	C:\Windows\SYSTEM32\dxcore.dll
0x00007ffbc9180000 - 0x00007ffbc9194000 	C:\Users\Gabriel\.openjfx\cache\13\javafx_font.dll
0x00007ffbca680000 - 0x00007ffbca8ff000 	C:\Windows\SYSTEM32\dwrite.dll
0x00007ffbe6aa0000 - 0x00007ffbe6b4f000 	C:\Windows\System32\clbcatq.dll
0x00007ffbde9d0000 - 0x00007ffbdeb84000 	C:\Windows\SYSTEM32\WindowsCodecs.dll
0x00007ffbc8420000 - 0x00007ffbc845e000 	C:\Windows\system32\dataexchange.dll
0x00007ffbe1af0000 - 0x00007ffbe1d53000 	C:\Windows\system32\d3d11.dll
0x00007ffbe2780000 - 0x00007ffbe2963000 	C:\Windows\system32\dcomp.dll
0x00007ffbe45f0000 - 0x00007ffbe46e3000 	C:\Windows\system32\dxgi.dll
0x00007ffbdef60000 - 0x00007ffbdf160000 	C:\Windows\system32\twinapi.appcore.dll
0x00007ffbc18e0000 - 0x00007ffbc1914000 	C:\Program Files\Common Files\Microsoft Shared\Ink\rtscom.dll
0x00007ffbce590000 - 0x00007ffbce689000 	C:\Windows\SYSTEM32\textinputframework.dll
0x00007ffbe3050000 - 0x00007ffbe3142000 	C:\Windows\System32\CoreMessaging.dll
0x00007ffbe2970000 - 0x00007ffbe2cce000 	C:\Windows\System32\CoreUIComponents.dll
0x00007ffbe4ec0000 - 0x00007ffbe4ef3000 	C:\Windows\SYSTEM32\ntmarta.dll
0x00007ffbe1990000 - 0x00007ffbe1ae4000 	C:\Windows\SYSTEM32\wintypes.dll
0x00007ffbd86f0000 - 0x00007ffbd8756000 	C:\Windows\system32\Oleacc.dll

dbghelp: loaded successfully - version: 4.0.5 - missing functions: none
symbol engine: initialized successfully - sym options: 0x614 - pdb path: .;C:\Program Files\Java\jdk-19\bin;C:\Windows\SYSTEM32;C:\Windows\WinSxS\amd64_microsoft.windows.common-controls_6595b64144ccf1df_6.0.19041.1110_none_60b5254171f9507e;C:\Program Files\Java\jdk-19\bin\server;C:\Users\Gabriel\.openjfx\cache\13;C:\Windows\System32\DriverStore\FileRepository\igdlh64.inf_amd64_6d1fd205efa7f979;C:\Program Files\Common Files\Microsoft Shared\Ink

VM Arguments:
jvm_args: --module-path=C:\Users\Gabriel\Downloads\teste4\Trabalho-Final-POO\batalha-pokemon\target\classes;C:\Users\Gabriel\.m2\repository\org\openjfx\javafx-base\13\javafx-base-13-win.jar;C:\Users\Gabriel\.m2\repository\org\openjfx\javafx-controls\13\javafx-controls-13-win.jar;C:\Users\Gabriel\.m2\repository\org\openjfx\javafx-fxml\13\javafx-fxml-13-win.jar;C:\Users\Gabriel\.m2\repository\org\openjfx\javafx-graphics\13\javafx-graphics-13-win.jar --add-modules=poo -Djdk.module.main=poo 
java_command: poo/poo.App
java_class_path (initial): C:\Users\Gabriel\.m2\repository\org\openjfx\javafx-base\13\javafx-base-13.jar;C:\Users\Gabriel\.m2\repository\org\openjfx\javafx-controls\13\javafx-controls-13.jar;C:\Users\Gabriel\.m2\repository\org\openjfx\javafx-fxml\13\javafx-fxml-13.jar;C:\Users\Gabriel\.m2\repository\org\openjfx\javafx-graphics\13\javafx-graphics-13.jar
Launcher Type: SUN_STANDARD

[Global flags]
     intx CICompilerCount                          = 4                                         {product} {ergonomic}
     uint ConcGCThreads                            = 2                                         {product} {ergonomic}
     uint G1ConcRefinementThreads                  = 8                                         {product} {ergonomic}
   size_t G1HeapRegionSize                         = 1048576                                   {product} {ergonomic}
    uintx GCDrainStackTargetSize                   = 64                                        {product} {ergonomic}
   size_t InitialHeapSize                          = 134217728                                 {product} {ergonomic}
   size_t MarkStackSize                            = 4194304                                   {product} {ergonomic}
   size_t MaxHeapSize                              = 2128609280                                {product} {ergonomic}
   size_t MaxNewSize                               = 1277165568                                {product} {ergonomic}
   size_t MinHeapDeltaBytes                        = 1048576                                   {product} {ergonomic}
   size_t MinHeapSize                              = 8388608                                   {product} {ergonomic}
    uintx NonNMethodCodeHeapSize                   = 5839372                                {pd product} {ergonomic}
    uintx NonProfiledCodeHeapSize                  = 122909434                              {pd product} {ergonomic}
    uintx ProfiledCodeHeapSize                     = 122909434                              {pd product} {ergonomic}
    uintx ReservedCodeCacheSize                    = 251658240                              {pd product} {ergonomic}
     bool SegmentedCodeCache                       = true                                      {product} {ergonomic}
   size_t SoftMaxHeapSize                          = 2128609280                             {manageable} {ergonomic}
     bool UseCompressedClassPointers               = true                           {product lp64_product} {ergonomic}
     bool UseCompressedOops                        = true                           {product lp64_product} {ergonomic}
     bool UseG1GC                                  = true                                      {product} {ergonomic}
     bool UseLargePagesIndividualAllocation        = false                                  {pd product} {ergonomic}

Logging:
Log output configuration:
 #0: stdout all=off uptime,level,tags foldmultilines=false
 #1: stderr all=off uptime,level,tags foldmultilines=false

Environment Variables:
JAVA_HOME=C:\Program Files\Java\jdk-19
PATH=C:\Program Files\Common Files\Oracle\Java\javapath;C:\Program Files\Eclipse Adoptium\jdk-17.0.4.101-hotspot\bin;C:\Program Files (x86)\Common Files\Oracle\Java\javapath;C:\Windows\system32;C:\Windows;C:\Windows\System32\Wbem;C:\Windows\System32\WindowsPowerShell\v1.0\;C:\Windows\System32\OpenSSH\;C:\Program Files\Git\cmd;C:\Users\Gabriel\AppData\Local\Microsoft\WindowsApps;C:\Users\Gabriel\AppData\Local\Programs\Microsoft VS Code\bin;C:\Users\Gabriel\AppData\Local\GitHubDesktop\bin;C:\Program Files (x86)\Maven\apache-maven-3.8.6\bin;C:\Program Files\Java\jdk-19\bin;
USERNAME=Gabriel
LANG=pt_BR.UTF-8
OS=Windows_NT
PROCESSOR_IDENTIFIER=Intel64 Family 6 Model 94 Stepping 3, GenuineIntel
TMP=C:\Users\Gabriel\AppData\Local\Temp
TEMP=C:\Users\Gabriel\AppData\Local\Temp



---------------  S Y S T E M  ---------------

OS:
 Windows 10 , 64 bit Build 19041 (10.0.19041.2251)
OS uptime: 2 days 9:52 hours

CPU: total 8 (initial active 8) (4 cores per cpu, 2 threads per core) family 6 model 94 stepping 3 microcode 0xcc, cx8, cmov, fxsr, ht, mmx, 3dnowpref, sse, sse2, sse3, ssse3, sse4.1, sse4.2, popcnt, lzcnt, tsc, tscinvbit, avx, avx2, aes, erms, clmul, bmi1, bmi2, rtm, adx, fma, vzeroupper, clflush, clflushopt, rdtscp

Memory: 4k page, system-wide physical 8112M (1399M free)
TotalPageFile size 19888M (AvailPageFile size 2473M)
current process WorkingSet (physical memory assigned to process): 200M, peak: 215M
current process commit charge ("private bytes"): 323M, peak: 340M

vm_info: Java HotSpot(TM) 64-Bit Server VM (19.0.1+10-21) for windows-amd64 JRE (19.0.1+10-21), built on 2022-09-14T12:45:06Z by "mach5one" with MS VC++ 17.1 (VS2022)

END.
