#
# A fatal error has been detected by the Java Runtime Environment:
#
#  EXCEPTION_ACCESS_VIOLATION (0xc0000005) at pc=0x00007ffbc2cd66f0, pid=19196, tid=9044
#
# JRE version: Java(TM) SE Runtime Environment (19.0.1+10) (build 19.0.1+10-21)
# Java VM: Java HotSpot(TM) 64-Bit Server VM (19.0.1+10-21, mixed mode, sharing, tiered, compressed oops, compressed class ptrs, g1 gc, windows-amd64)
# Problematic frame:
# C  [glass.dll+0x266f0]
#
# No core dump will be written. Minidumps are not enabled by default on client versions of Windows
#
# If you would like to submit a bug report, please visit:
#   https://bugreport.java.com/bugreport/crash.jsp
#

---------------  S U M M A R Y ------------

Command Line: --module-path=C:\Users\Gabriel\Downloads\teste4\Trabalho-Final-POO\batalha-pokemon\target\classes;C:\Users\Gabriel\.m2\repository\org\openjfx\javafx-base\13\javafx-base-13-win.jar;C:\Users\Gabriel\.m2\repository\org\openjfx\javafx-controls\13\javafx-controls-13-win.jar;C:\Users\Gabriel\.m2\repository\org\openjfx\javafx-fxml\13\javafx-fxml-13-win.jar;C:\Users\Gabriel\.m2\repository\org\openjfx\javafx-graphics\13\javafx-graphics-13-win.jar --add-modules=poo -Djdk.module.main=poo poo/poo.App

Host: Intel(R) Core(TM) i7-6700HQ CPU @ 2.60GHz, 8 cores, 7G,  Windows 10 , 64 bit Build 19041 (10.0.19041.2251)
Time: Wed Nov 30 11:25:04 2022 Hora oficial do Brasil elapsed time: 242.392004 seconds (0d 0h 4m 2s)

---------------  T H R E A D  ---------------

Current thread (0x00000272756c26f0):  VMThread "VM Thread" [stack: 0x000000f57cb00000,0x000000f57cc00000] [id=9044]

Stack: [0x000000f57cb00000,0x000000f57cc00000],  sp=0x000000f57cbfee30,  free space=1019k
Native frames: (J=compiled Java code, j=interpreted, Vv=VM code, C=native code)
C  [glass.dll+0x266f0]


siginfo: EXCEPTION_ACCESS_VIOLATION (0xc0000005), reading address 0x0000000000000000


Registers:
RAX=0x0000000000000000, RBX=0x00000272756ccc48, RCX=0x00000272756c26f0, RDX=0x000000f57cbfee30
RSP=0x000000f57cbfee30, RBP=0x000002727a4e9448, RSI=0x000002727a4e9420, RDI=0x0000d524ab7e7e80
R8 =0x0000000000010002, R9 =0x0000d524ab7e7e80, R10=0x0000000000008000, R11=0x000000f57cbfedd0
R12=0x00007ffbc2cd3b84, R13=0x00007ffbb84772a0, R14=0x000000f57cbfef38, R15=0x000002727a4e9420
RIP=0x00007ffbc2cd66f0, EFLAGS=0x0000000000010206


Register to memory mapping:

RIP=0x00007ffbc2cd66f0 glass.dll
RAX=0x0 is NULL
RBX=0x00000272756ccc48 is a global jni handle
RCX=0x00000272756c26f0 points into unknown readable memory: 0x00007ffbb82845e8 | e8 45 28 b8 fb 7f 00 00
RDX=0x000000f57cbfee30 points into unknown readable memory: 0x0000000000000000 | 00 00 00 00 00 00 00 00
RSP=0x000000f57cbfee30 points into unknown readable memory: 0x0000000000000000 | 00 00 00 00 00 00 00 00
RBP=0x000002727a4e9448 points into unknown readable memory: 0x0000d524ab7e7e80 | 80 7e 7e ab 24 d5 00 00
RSI=0x000002727a4e9420 points into unknown readable memory: 0x0000aadf69b348ec | ec 48 b3 69 df aa 00 00
RDI=0x0000d524ab7e7e80 is an unknown value
R8 =0x0000000000010002 is an unknown value
R9 =0x0000d524ab7e7e80 is an unknown value
R10=0x0000000000008000 is an unknown value
R11=0x000000f57cbfedd0 points into unknown readable memory: 0x000002727a4e9420 | 20 94 4e 7a 72 02 00 00
R12=0x00007ffbc2cd3b84 glass.dll
R13=0x00007ffbb84772a0 jvm.dll
R14=0x000000f57cbfef38 points into unknown readable memory: 0x000000f57cbfef20 | 20 ef bf 7c f5 00 00 00
R15=0x000002727a4e9420 points into unknown readable memory: 0x0000aadf69b348ec | ec 48 b3 69 df aa 00 00


Top of Stack: (sp=0x000000f57cbfee30)
0x000000f57cbfee30:   0000000000000000 00007ffbe653f05b
0x000000f57cbfee40:   000002727a4e9430 000002727a4e9420
0x000000f57cbfee50:   fffffffffffffffe 00007ffbc2cd3b84
0x000000f57cbfee60:   000002727a4e9428 00007ffbe65442d6
0x000000f57cbfee70:   000002727a4e9430 0000027200000000
0x000000f57cbfee80:   000002727a4e9448 000002727a4e9420
0x000000f57cbfee90:   fffffffffffffffe 0000000000000000
0x000000f57cbfeea0:   0000000000000001 00007ffbc2cb0000
0x000000f57cbfeeb0:   000000f57cbfef28 00007ffbe65441fb
0x000000f57cbfeec0:   0000000000000000 000000f57cbfef38
0x000000f57cbfeed0:   000000f57cbff1f0 00007ffbe6620e40
0x000000f57cbfeee0:   0000000000000000 00007ffbe65441b4
0x000000f57cbfeef0:   0000000000000000 0000000000000001
0x000000f57cbfef00:   0000000000000001 000000f57cbfef28
0x000000f57cbfef10:   0000000000000006 00007ffbc2cd3a12
0x000000f57cbfef20:   00007ffbc2ced118 000000f500000002 

Instructions: (pc=0x00007ffbc2cd66f0)
0x00007ffbc2cd65f0:   8b 4d 60 e8 98 c9 ff ff 48 8b 55 68 48 8b 8d 08
0x00007ffbc2cd6600:   01 00 00 e8 49 be ff ff 33 d2 33 c9 e8 49 de ff
0x00007ffbc2cd6610:   ff 90 cc cc cc cc cc cc cc cc cc cc cc cc cc cc
0x00007ffbc2cd6620:   48 8d 8a 80 00 00 00 e9 14 e9 fe ff 48 89 54 24
0x00007ffbc2cd6630:   10 55 48 83 ec 20 48 8b ea 48 8d 05 dd ca ff ff
0x00007ffbc2cd6640:   48 83 c4 20 5d c3 cc 40 55 48 8b ea 48 8b 01 33
0x00007ffbc2cd6650:   c9 81 38 05 00 00 c0 0f 94 c1 8b c1 5d c3 cc 40
0x00007ffbc2cd6660:   55 48 83 ec 20 48 8b ea 8a 4d 40 48 83 c4 20 5d
0x00007ffbc2cd6670:   e9 df cd ff ff cc 40 55 48 83 ec 20 48 8b ea e8
0x00007ffbc2cd6680:   fc cb ff ff 8a 4d 38 48 83 c4 20 5d e9 c3 cd ff
0x00007ffbc2cd6690:   ff cc 40 55 48 83 ec 30 48 8b ea 48 8b 01 8b 10
0x00007ffbc2cd66a0:   48 89 4c 24 28 89 54 24 20 4c 8d 0d a4 d1 ff ff
0x00007ffbc2cd66b0:   4c 8b 45 70 8b 55 68 48 8b 4d 60 e8 30 cb ff ff
0x00007ffbc2cd66c0:   90 48 83 c4 30 5d c3 cc cc cc cc cc cc cc cc cc
0x00007ffbc2cd66d0:   40 53 48 83 ec 30 48 c7 44 24 20 fe ff ff ff 48
0x00007ffbc2cd66e0:   8b 1d 2a 64 01 00 48 85 db 74 16 e8 90 85 ff ff
0x00007ffbc2cd66f0:   4c 8b 00 48 8b d3 48 8b c8 41 ff 90 b0 00 00 00
0x00007ffbc2cd6700:   90 48 83 c4 30 5b c3 cc cc cc cc cc cc cc cc cc
0x00007ffbc2cd6710:   40 53 48 83 ec 20 48 8b 1d 9b 65 01 00 48 85 db
0x00007ffbc2cd6720:   74 57 b8 ff ff ff ff f0 0f c1 43 10 83 f8 01 75
0x00007ffbc2cd6730:   3d 48 85 db 74 38 48 8b 0b 48 85 c9 74 0d ff 15
0x00007ffbc2cd6740:   64 0b 00 00 48 c7 03 00 00 00 00 48 8b 4b 08 48
0x00007ffbc2cd6750:   85 c9 74 0d e8 37 c8 ff ff 48 c7 43 08 00 00 00
0x00007ffbc2cd6760:   00 ba 18 00 00 00 48 8b cb e8 22 c8 ff ff 48 c7
0x00007ffbc2cd6770:   05 3f 65 01 00 00 00 00 00 48 83 c4 20 5b c3 cc
0x00007ffbc2cd6780:   40 53 48 83 ec 20 48 8b 1d 0b 65 01 00 48 85 db
0x00007ffbc2cd6790:   74 57 b8 ff ff ff ff f0 0f c1 43 10 83 f8 01 75
0x00007ffbc2cd67a0:   3d 48 85 db 74 38 48 8b 0b 48 85 c9 74 0d ff 15
0x00007ffbc2cd67b0:   f4 0a 00 00 48 c7 03 00 00 00 00 48 8b 4b 08 48
0x00007ffbc2cd67c0:   85 c9 74 0d e8 c7 c7 ff ff 48 c7 43 08 00 00 00
0x00007ffbc2cd67d0:   00 ba 18 00 00 00 48 8b cb e8 b2 c7 ff ff 48 c7
0x00007ffbc2cd67e0:   05 af 64 01 00 00 00 00 00 48 83 c4 20 5b c3 cc 


Stack slot to memory mapping:
stack at sp + 0 slots: 0x0 is NULL
stack at sp + 1 slots: 0x00007ffbe653f05b ucrtbase.dll
stack at sp + 2 slots: 0x000002727a4e9430 points into unknown readable memory: 0x0000d524ab7e7e80 | 80 7e 7e ab 24 d5 00 00
stack at sp + 3 slots: 0x000002727a4e9420 points into unknown readable memory: 0x0000aadf69b348ec | ec 48 b3 69 df aa 00 00
stack at sp + 4 slots: 0xfffffffffffffffe is an unknown value
stack at sp + 5 slots: 0x00007ffbc2cd3b84 glass.dll
stack at sp + 6 slots: 0x000002727a4e9428 points into unknown readable memory: 0x0000d524ab7e7e80 | 80 7e 7e ab 24 d5 00 00
stack at sp + 7 slots: 0x00007ffbe65442d6 ucrtbase.dll

VM_Operation (0x000000f57dcf77b0): Exit, mode: safepoint, requested by thread 0x000002727a6a3fe0


---------------  P R O C E S S  ---------------

Threads class SMR info:
_java_thread_list=0x000002727abbb7e0, length=19, elements={
0x0000027254dedff0, 0x00000272756d9d40, 0x00000272756da480, 0x00000272756db5c0,
0x00000272756dfb20, 0x00000272756e2070, 0x00000272756e26f0, 0x00000272756eaf70,
0x00000272756f0790, 0x00000272756ff900, 0x00000272799c27e0, 0x000002727a10b9d0,
0x000002727a608910, 0x000002727a5145e0, 0x000002727a6a3fe0, 0x000002727a773790,
0x000002727a885b90, 0x000002727a4f1f40, 0x000002727a4f2490
}

Java Threads: ( => current thread )
  0x0000027254dedff0 JavaThread "main" [_thread_blocked, id=5440, stack(0x000000f57c500000,0x000000f57c600000)]
  0x00000272756d9d40 JavaThread "Reference Handler" daemon [_thread_blocked, id=22692, stack(0x000000f57cc00000,0x000000f57cd00000)]
  0x00000272756da480 JavaThread "Finalizer" daemon [_thread_blocked, id=11636, stack(0x000000f57cd00000,0x000000f57ce00000)]
  0x00000272756db5c0 JavaThread "Signal Dispatcher" daemon [_thread_blocked, id=24412, stack(0x000000f57ce00000,0x000000f57cf00000)]
  0x00000272756dfb20 JavaThread "Attach Listener" daemon [_thread_blocked, id=23656, stack(0x000000f57cf00000,0x000000f57d000000)]
  0x00000272756e2070 JavaThread "Service Thread" daemon [_thread_blocked, id=10784, stack(0x000000f57d000000,0x000000f57d100000)]
  0x00000272756e26f0 JavaThread "Monitor Deflation Thread" daemon [_thread_blocked, id=17544, stack(0x000000f57d100000,0x000000f57d200000)]
  0x00000272756eaf70 JavaThread "C2 CompilerThread0" daemon [_thread_blocked, id=24044, stack(0x000000f57d200000,0x000000f57d300000)]
  0x00000272756f0790 JavaThread "C1 CompilerThread0" daemon [_thread_blocked, id=21008, stack(0x000000f57d300000,0x000000f57d400000)]
  0x00000272756ff900 JavaThread "Sweeper thread" daemon [_thread_blocked, id=20380, stack(0x000000f57d400000,0x000000f57d500000)]
  0x00000272799c27e0 JavaThread "Common-Cleaner" daemon [_thread_blocked, id=9052, stack(0x000000f57d500000,0x000000f57d600000)]
  0x000002727a10b9d0 JavaThread "Notification Thread" daemon [_thread_blocked, id=18140, stack(0x000000f57d800000,0x000000f57d900000)]
  0x000002727a608910 JavaThread "QuantumRenderer-0" daemon [_thread_blocked, id=20452, stack(0x000000f57da00000,0x000000f57db00000)]
  0x000002727a5145e0 JavaThread "InvokeLaterDispatcher" daemon [_thread_blocked, id=20184, stack(0x000000f57db00000,0x000000f57dc00000)]
  0x000002727a6a3fe0 JavaThread "JavaFX Application Thread" [_thread_blocked, id=5492, stack(0x000000f57dc00000,0x000000f57dd00000)]
  0x000002727a773790 JavaThread "Thread-1" daemon [_thread_in_native, id=22708, stack(0x000000f57e000000,0x000000f57e100000)]
  0x000002727a885b90 JavaThread "JavaFX-Launcher" [_thread_blocked, id=24260, stack(0x000000f57e100000,0x000000f57e200000)]
  0x000002727a4f1f40 JavaThread "Prism Font Disposer" daemon [_thread_blocked, id=10644, stack(0x000000f57e900000,0x000000f57ea00000)]
  0x000002727a4f2490 JavaThread "Cleaner-0" daemon [_thread_blocked, id=17104, stack(0x000000f57ea00000,0x000000f57eb00000)]

Other Threads:
=>0x00000272756c26f0 VMThread "VM Thread" [stack: 0x000000f57cb00000,0x000000f57cc00000] [id=9044]
  0x0000027256ebc870 WorkerThread "GC Thread#0" [stack: 0x000000f57c600000,0x000000f57c700000] [id=9308]
  0x000002727a8a4d40 WorkerThread "GC Thread#1" [stack: 0x000000f57e200000,0x000000f57e300000] [id=8548]
  0x000002727a755960 WorkerThread "GC Thread#2" [stack: 0x000000f57e300000,0x000000f57e400000] [id=23152]
  0x000002727a8aaed0 WorkerThread "GC Thread#3" [stack: 0x000000f57e400000,0x000000f57e500000] [id=9712]
  0x000002727a8aa660 WorkerThread "GC Thread#4" [stack: 0x000000f57e500000,0x000000f57e600000] [id=21548]
  0x000002727a8a9b20 WorkerThread "GC Thread#5" [stack: 0x000000f57e600000,0x000000f57e700000] [id=10576]
  0x0000027256ecd730 ConcurrentGCThread "G1 Main Marker" terminated
  0x0000027256ece900 WorkerThread "G1 Conc#0" [stack: 0x000000f57c800000,0x000000f57c900000] [id=1300]
  0x0000027256f2e2a0 ConcurrentGCThread "G1 Refine#0" terminated
  0x000002727557e590 ConcurrentGCThread "G1 Service" terminated

Threads with active compile tasks:

VM state: at safepoint (shutting down)

VM Mutex/Monitor currently owned by a thread:  ([mutex/lock_event])
[0x0000027254dea920] Threads_lock - owner thread: 0x00000272756c26f0
[0x0000027254deb6a0] Heap_lock - owner thread: 0x000002727a6a3fe0

Heap address: 0x0000000081200000, size: 2030 MB, Compressed Oops mode: 32-bit

CDS archive(s) mapped at: [0x0000000800000000-0x0000000800c40000-0x0000000800c40000), size 12845056, SharedBaseAddress: 0x0000000800000000, ArchiveRelocationMode: 0.
Compressed class space mapped at: 0x0000000801000000-0x0000000841000000, reserved size: 1073741824
Narrow klass base: 0x0000000800000000, Narrow klass shift: 0, Narrow klass range: 0x100000000

GC Precious Log:
 CardTable entry size: 512
 Card Set container configuration: InlinePtr #cards 5 size 8 Array Of Cards #cards 12 size 40 Howl #buckets 4 coarsen threshold 1843 Howl Bitmap #cards 512 size 80 coarsen threshold 460 Card regions per heap region 1 cards per card region 2048
 CPUs: 8 total, 8 available
 Memory: 8112M
 Large Page Support: Disabled
 NUMA Support: Disabled
 Compressed Oops: Enabled (32-bit)
 Heap Region Size: 1M
 Heap Min Capacity: 8M
 Heap Initial Capacity: 128M
 Heap Max Capacity: 2030M
 Pre-touch: Disabled
 Parallel Workers: 8
 Concurrent Workers: 2
 Concurrent Refinement Workers: 8
 Periodic GC: Disabled

Heap:
 garbage-first heap   total 131072K, used 43750K [0x0000000081200000, 0x0000000100000000)
  region size 1024K, 37 young (37888K), 3 survivors (3072K)
 Metaspace       used 14591K, committed 14848K, reserved 1114112K
  class space    used 2047K, committed 2176K, reserved 1048576K

Heap Regions: E=young(eden), S=young(survivor), O=old, HS=humongous(starts), HC=humongous(continues), CS=collection set, F=free, OA=open archive, CA=closed archive, TAMS=top-at-mark-start (previous, next)
|   0|0x0000000081200000, 0x0000000081300000, 0x0000000081300000|100%|HS|  |TAMS 0x0000000081200000, 0x0000000081200000| Complete 
|   1|0x0000000081300000, 0x0000000081400000, 0x0000000081400000|100%|HC|  |TAMS 0x0000000081300000, 0x0000000081300000| Complete 
|   2|0x0000000081400000, 0x0000000081500000, 0x0000000081500000|100%|HC|  |TAMS 0x0000000081400000, 0x0000000081400000| Complete 
|   3|0x0000000081500000, 0x0000000081600000, 0x0000000081600000|100%|HC|  |TAMS 0x0000000081500000, 0x0000000081500000| Complete 
|   4|0x0000000081600000, 0x0000000081700000, 0x0000000081700000|100%|HC|  |TAMS 0x0000000081600000, 0x0000000081600000| Complete 
|   5|0x0000000081700000, 0x0000000081800000, 0x0000000081800000|100%|HC|  |TAMS 0x0000000081700000, 0x0000000081700000| Complete 
|   6|0x0000000081800000, 0x0000000081900000, 0x0000000081900000|100%|HS|  |TAMS 0x0000000081800000, 0x0000000081800000| Complete 
|   7|0x0000000081900000, 0x0000000081a00000, 0x0000000081a00000|100%|HC|  |TAMS 0x0000000081900000, 0x0000000081900000| Complete 
|   8|0x0000000081a00000, 0x0000000081a00000, 0x0000000081b00000|  0%| F|  |TAMS 0x0000000081a00000, 0x0000000081a00000| Untracked 
|   9|0x0000000081b00000, 0x0000000081b00000, 0x0000000081c00000|  0%| F|  |TAMS 0x0000000081b00000, 0x0000000081b00000| Untracked 
|  10|0x0000000081c00000, 0x0000000081c00000, 0x0000000081d00000|  0%| F|  |TAMS 0x0000000081c00000, 0x0000000081c00000| Untracked 
|  11|0x0000000081d00000, 0x0000000081d00000, 0x0000000081e00000|  0%| F|  |TAMS 0x0000000081d00000, 0x0000000081d00000| Untracked 
|  12|0x0000000081e00000, 0x0000000081e00000, 0x0000000081f00000|  0%| F|  |TAMS 0x0000000081e00000, 0x0000000081e00000| Untracked 
|  13|0x0000000081f00000, 0x0000000081f00000, 0x0000000082000000|  0%| F|  |TAMS 0x0000000081f00000, 0x0000000081f00000| Untracked 
|  14|0x0000000082000000, 0x0000000082000000, 0x0000000082100000|  0%| F|  |TAMS 0x0000000082000000, 0x0000000082000000| Untracked 
|  15|0x0000000082100000, 0x0000000082100000, 0x0000000082200000|  0%| F|  |TAMS 0x0000000082100000, 0x0000000082100000| Untracked 
|  16|0x0000000082200000, 0x0000000082200000, 0x0000000082300000|  0%| F|  |TAMS 0x0000000082200000, 0x0000000082200000| Untracked 
|  17|0x0000000082300000, 0x0000000082300000, 0x0000000082400000|  0%| F|  |TAMS 0x0000000082300000, 0x0000000082300000| Untracked 
|  18|0x0000000082400000, 0x0000000082400000, 0x0000000082500000|  0%| F|  |TAMS 0x0000000082400000, 0x0000000082400000| Untracked 
|  19|0x0000000082500000, 0x0000000082500000, 0x0000000082600000|  0%| F|  |TAMS 0x0000000082500000, 0x0000000082500000| Untracked 
|  20|0x0000000082600000, 0x0000000082600000, 0x0000000082700000|  0%| F|  |TAMS 0x0000000082600000, 0x0000000082600000| Untracked 
|  21|0x0000000082700000, 0x0000000082700000, 0x0000000082800000|  0%| F|  |TAMS 0x0000000082700000, 0x0000000082700000| Untracked 
|  22|0x0000000082800000, 0x0000000082800000, 0x0000000082900000|  0%| F|  |TAMS 0x0000000082800000, 0x0000000082800000| Untracked 
|  23|0x0000000082900000, 0x0000000082900000, 0x0000000082a00000|  0%| F|  |TAMS 0x0000000082900000, 0x0000000082900000| Untracked 
|  24|0x0000000082a00000, 0x0000000082a00000, 0x0000000082b00000|  0%| F|  |TAMS 0x0000000082a00000, 0x0000000082a00000| Untracked 
|  25|0x0000000082b00000, 0x0000000082b00000, 0x0000000082c00000|  0%| F|  |TAMS 0x0000000082b00000, 0x0000000082b00000| Untracked 
|  26|0x0000000082c00000, 0x0000000082c00000, 0x0000000082d00000|  0%| F|  |TAMS 0x0000000082c00000, 0x0000000082c00000| Untracked 
|  27|0x0000000082d00000, 0x0000000082d00000, 0x0000000082e00000|  0%| F|  |TAMS 0x0000000082d00000, 0x0000000082d00000| Untracked 
|  28|0x0000000082e00000, 0x0000000082e00000, 0x0000000082f00000|  0%| F|  |TAMS 0x0000000082e00000, 0x0000000082e00000| Untracked 
|  29|0x0000000082f00000, 0x0000000082f00000, 0x0000000083000000|  0%| F|  |TAMS 0x0000000082f00000, 0x0000000082f00000| Untracked 
|  30|0x0000000083000000, 0x0000000083000000, 0x0000000083100000|  0%| F|  |TAMS 0x0000000083000000, 0x0000000083000000| Untracked 
|  31|0x0000000083100000, 0x0000000083100000, 0x0000000083200000|  0%| F|  |TAMS 0x0000000083100000, 0x0000000083100000| Untracked 
|  32|0x0000000083200000, 0x0000000083200000, 0x0000000083300000|  0%| F|  |TAMS 0x0000000083200000, 0x0000000083200000| Untracked 
|  33|0x0000000083300000, 0x0000000083300000, 0x0000000083400000|  0%| F|  |TAMS 0x0000000083300000, 0x0000000083300000| Untracked 
|  34|0x0000000083400000, 0x0000000083400000, 0x0000000083500000|  0%| F|  |TAMS 0x0000000083400000, 0x0000000083400000| Untracked 
|  35|0x0000000083500000, 0x0000000083500000, 0x0000000083600000|  0%| F|  |TAMS 0x0000000083500000, 0x0000000083500000| Untracked 
|  36|0x0000000083600000, 0x0000000083600000, 0x0000000083700000|  0%| F|  |TAMS 0x0000000083600000, 0x0000000083600000| Untracked 
|  37|0x0000000083700000, 0x0000000083700000, 0x0000000083800000|  0%| F|  |TAMS 0x0000000083700000, 0x0000000083700000| Untracked 
|  38|0x0000000083800000, 0x0000000083800000, 0x0000000083900000|  0%| F|  |TAMS 0x0000000083800000, 0x0000000083800000| Untracked 
|  39|0x0000000083900000, 0x0000000083900000, 0x0000000083a00000|  0%| F|  |TAMS 0x0000000083900000, 0x0000000083900000| Untracked 
|  40|0x0000000083a00000, 0x0000000083a00000, 0x0000000083b00000|  0%| F|  |TAMS 0x0000000083a00000, 0x0000000083a00000| Untracked 
|  41|0x0000000083b00000, 0x0000000083b00000, 0x0000000083c00000|  0%| F|  |TAMS 0x0000000083b00000, 0x0000000083b00000| Untracked 
|  42|0x0000000083c00000, 0x0000000083c00000, 0x0000000083d00000|  0%| F|  |TAMS 0x0000000083c00000, 0x0000000083c00000| Untracked 
|  43|0x0000000083d00000, 0x0000000083d00000, 0x0000000083e00000|  0%| F|  |TAMS 0x0000000083d00000, 0x0000000083d00000| Untracked 
|  44|0x0000000083e00000, 0x0000000083e00000, 0x0000000083f00000|  0%| F|  |TAMS 0x0000000083e00000, 0x0000000083e00000| Untracked 
|  45|0x0000000083f00000, 0x0000000083f00000, 0x0000000084000000|  0%| F|  |TAMS 0x0000000083f00000, 0x0000000083f00000| Untracked 
|  46|0x0000000084000000, 0x0000000084000000, 0x0000000084100000|  0%| F|  |TAMS 0x0000000084000000, 0x0000000084000000| Untracked 
|  47|0x0000000084100000, 0x0000000084100000, 0x0000000084200000|  0%| F|  |TAMS 0x0000000084100000, 0x0000000084100000| Untracked 
|  48|0x0000000084200000, 0x0000000084200000, 0x0000000084300000|  0%| F|  |TAMS 0x0000000084200000, 0x0000000084200000| Untracked 
|  49|0x0000000084300000, 0x0000000084300000, 0x0000000084400000|  0%| F|  |TAMS 0x0000000084300000, 0x0000000084300000| Untracked 
|  50|0x0000000084400000, 0x0000000084400000, 0x0000000084500000|  0%| F|  |TAMS 0x0000000084400000, 0x0000000084400000| Untracked 
|  51|0x0000000084500000, 0x0000000084500000, 0x0000000084600000|  0%| F|  |TAMS 0x0000000084500000, 0x0000000084500000| Untracked 
|  52|0x0000000084600000, 0x0000000084600000, 0x0000000084700000|  0%| F|  |TAMS 0x0000000084600000, 0x0000000084600000| Untracked 
|  53|0x0000000084700000, 0x0000000084700000, 0x0000000084800000|  0%| F|  |TAMS 0x0000000084700000, 0x0000000084700000| Untracked 
|  54|0x0000000084800000, 0x0000000084800000, 0x0000000084900000|  0%| F|  |TAMS 0x0000000084800000, 0x0000000084800000| Untracked 
|  55|0x0000000084900000, 0x0000000084900000, 0x0000000084a00000|  0%| F|  |TAMS 0x0000000084900000, 0x0000000084900000| Untracked 
|  56|0x0000000084a00000, 0x0000000084a00000, 0x0000000084b00000|  0%| F|  |TAMS 0x0000000084a00000, 0x0000000084a00000| Untracked 
|  57|0x0000000084b00000, 0x0000000084b00000, 0x0000000084c00000|  0%| F|  |TAMS 0x0000000084b00000, 0x0000000084b00000| Untracked 
|  58|0x0000000084c00000, 0x0000000084c00000, 0x0000000084d00000|  0%| F|  |TAMS 0x0000000084c00000, 0x0000000084c00000| Untracked 
|  59|0x0000000084d00000, 0x0000000084d00000, 0x0000000084e00000|  0%| F|  |TAMS 0x0000000084d00000, 0x0000000084d00000| Untracked 
|  60|0x0000000084e00000, 0x0000000084e00000, 0x0000000084f00000|  0%| F|  |TAMS 0x0000000084e00000, 0x0000000084e00000| Untracked 
|  61|0x0000000084f00000, 0x0000000084f00000, 0x0000000085000000|  0%| F|  |TAMS 0x0000000084f00000, 0x0000000084f00000| Untracked 
|  62|0x0000000085000000, 0x0000000085000000, 0x0000000085100000|  0%| F|  |TAMS 0x0000000085000000, 0x0000000085000000| Untracked 
|  63|0x0000000085100000, 0x0000000085100000, 0x0000000085200000|  0%| F|  |TAMS 0x0000000085100000, 0x0000000085100000| Untracked 
|  64|0x0000000085200000, 0x0000000085200000, 0x0000000085300000|  0%| F|  |TAMS 0x0000000085200000, 0x0000000085200000| Untracked 
|  65|0x0000000085300000, 0x0000000085300000, 0x0000000085400000|  0%| F|  |TAMS 0x0000000085300000, 0x0000000085300000| Untracked 
|  66|0x0000000085400000, 0x0000000085400000, 0x0000000085500000|  0%| F|  |TAMS 0x0000000085400000, 0x0000000085400000| Untracked 
|  67|0x0000000085500000, 0x0000000085500000, 0x0000000085600000|  0%| F|  |TAMS 0x0000000085500000, 0x0000000085500000| Untracked 
|  68|0x0000000085600000, 0x0000000085600000, 0x0000000085700000|  0%| F|  |TAMS 0x0000000085600000, 0x0000000085600000| Untracked 
|  69|0x0000000085700000, 0x0000000085700000, 0x0000000085800000|  0%| F|  |TAMS 0x0000000085700000, 0x0000000085700000| Untracked 
|  70|0x0000000085800000, 0x0000000085800000, 0x0000000085900000|  0%| F|  |TAMS 0x0000000085800000, 0x0000000085800000| Untracked 
|  71|0x0000000085900000, 0x0000000085900000, 0x0000000085a00000|  0%| F|  |TAMS 0x0000000085900000, 0x0000000085900000| Untracked 
|  72|0x0000000085a00000, 0x0000000085a00000, 0x0000000085b00000|  0%| F|  |TAMS 0x0000000085a00000, 0x0000000085a00000| Untracked 
|  73|0x0000000085b00000, 0x0000000085b00000, 0x0000000085c00000|  0%| F|  |TAMS 0x0000000085b00000, 0x0000000085b00000| Untracked 
|  74|0x0000000085c00000, 0x0000000085c00000, 0x0000000085d00000|  0%| F|  |TAMS 0x0000000085c00000, 0x0000000085c00000| Untracked 
|  75|0x0000000085d00000, 0x0000000085d00000, 0x0000000085e00000|  0%| F|  |TAMS 0x0000000085d00000, 0x0000000085d00000| Untracked 
|  76|0x0000000085e00000, 0x0000000085e00000, 0x0000000085f00000|  0%| F|  |TAMS 0x0000000085e00000, 0x0000000085e00000| Untracked 
|  77|0x0000000085f00000, 0x0000000085f00000, 0x0000000086000000|  0%| F|  |TAMS 0x0000000085f00000, 0x0000000085f00000| Untracked 
|  78|0x0000000086000000, 0x0000000086000000, 0x0000000086100000|  0%| F|  |TAMS 0x0000000086000000, 0x0000000086000000| Untracked 
|  79|0x0000000086100000, 0x0000000086100000, 0x0000000086200000|  0%| F|  |TAMS 0x0000000086100000, 0x0000000086100000| Untracked 
|  80|0x0000000086200000, 0x0000000086200000, 0x0000000086300000|  0%| F|  |TAMS 0x0000000086200000, 0x0000000086200000| Untracked 
|  81|0x0000000086300000, 0x0000000086300000, 0x0000000086400000|  0%| F|  |TAMS 0x0000000086300000, 0x0000000086300000| Untracked 
|  82|0x0000000086400000, 0x0000000086400000, 0x0000000086500000|  0%| F|  |TAMS 0x0000000086400000, 0x0000000086400000| Untracked 
|  83|0x0000000086500000, 0x0000000086500000, 0x0000000086600000|  0%| F|  |TAMS 0x0000000086500000, 0x0000000086500000| Untracked 
|  84|0x0000000086600000, 0x0000000086600000, 0x0000000086700000|  0%| F|  |TAMS 0x0000000086600000, 0x0000000086600000| Untracked 
|  85|0x0000000086700000, 0x0000000086700000, 0x0000000086800000|  0%| F|  |TAMS 0x0000000086700000, 0x0000000086700000| Untracked 
|  86|0x0000000086800000, 0x0000000086800000, 0x0000000086900000|  0%| F|  |TAMS 0x0000000086800000, 0x0000000086800000| Untracked 
|  87|0x0000000086900000, 0x0000000086900000, 0x0000000086a00000|  0%| F|  |TAMS 0x0000000086900000, 0x0000000086900000| Untracked 
|  88|0x0000000086a00000, 0x0000000086a00000, 0x0000000086b00000|  0%| F|  |TAMS 0x0000000086a00000, 0x0000000086a00000| Untracked 
|  89|0x0000000086b00000, 0x0000000086b00000, 0x0000000086c00000|  0%| F|  |TAMS 0x0000000086b00000, 0x0000000086b00000| Untracked 
|  90|0x0000000086c00000, 0x0000000086c00000, 0x0000000086d00000|  0%| F|  |TAMS 0x0000000086c00000, 0x0000000086c00000| Untracked 
|  91|0x0000000086d00000, 0x0000000086df2968, 0x0000000086e00000| 94%| E|  |TAMS 0x0000000086d00000, 0x0000000086d00000| Complete 
|  92|0x0000000086e00000, 0x0000000086f00000, 0x0000000086f00000|100%| E|CS|TAMS 0x0000000086e00000, 0x0000000086e00000| Complete 
|  93|0x0000000086f00000, 0x0000000087000000, 0x0000000087000000|100%| E|CS|TAMS 0x0000000086f00000, 0x0000000086f00000| Complete 
|  94|0x0000000087000000, 0x0000000087100000, 0x0000000087100000|100%| E|CS|TAMS 0x0000000087000000, 0x0000000087000000| Complete 
|  95|0x0000000087100000, 0x0000000087200000, 0x0000000087200000|100%| E|CS|TAMS 0x0000000087100000, 0x0000000087100000| Complete 
|  96|0x0000000087200000, 0x0000000087300000, 0x0000000087300000|100%| E|CS|TAMS 0x0000000087200000, 0x0000000087200000| Complete 
|  97|0x0000000087300000, 0x0000000087400000, 0x0000000087400000|100%| E|CS|TAMS 0x0000000087300000, 0x0000000087300000| Complete 
|  98|0x0000000087400000, 0x0000000087500000, 0x0000000087500000|100%| E|CS|TAMS 0x0000000087400000, 0x0000000087400000| Complete 
|  99|0x0000000087500000, 0x0000000087600000, 0x0000000087600000|100%| E|CS|TAMS 0x0000000087500000, 0x0000000087500000| Complete 
| 100|0x0000000087600000, 0x0000000087700000, 0x0000000087700000|100%| E|CS|TAMS 0x0000000087600000, 0x0000000087600000| Complete 
| 101|0x0000000087700000, 0x0000000087800000, 0x0000000087800000|100%| E|CS|TAMS 0x0000000087700000, 0x0000000087700000| Complete 
| 102|0x0000000087800000, 0x00000000878b9be8, 0x0000000087900000| 72%| S|CS|TAMS 0x0000000087800000, 0x0000000087800000| Complete 
| 103|0x0000000087900000, 0x0000000087a00000, 0x0000000087a00000|100%| S|CS|TAMS 0x0000000087900000, 0x0000000087900000| Complete 
| 104|0x0000000087a00000, 0x0000000087b00000, 0x0000000087b00000|100%| S|CS|TAMS 0x0000000087a00000, 0x0000000087a00000| Complete 
| 105|0x0000000087b00000, 0x0000000087c00000, 0x0000000087c00000|100%| E|CS|TAMS 0x0000000087b00000, 0x0000000087b00000| Complete 
| 106|0x0000000087c00000, 0x0000000087d00000, 0x0000000087d00000|100%| E|CS|TAMS 0x0000000087c00000, 0x0000000087c00000| Complete 
| 107|0x0000000087d00000, 0x0000000087e00000, 0x0000000087e00000|100%| E|CS|TAMS 0x0000000087d00000, 0x0000000087d00000| Complete 
| 108|0x0000000087e00000, 0x0000000087f00000, 0x0000000087f00000|100%| E|CS|TAMS 0x0000000087e00000, 0x0000000087e00000| Complete 
| 109|0x0000000087f00000, 0x0000000088000000, 0x0000000088000000|100%| E|CS|TAMS 0x0000000087f00000, 0x0000000087f00000| Complete 
| 110|0x0000000088000000, 0x0000000088100000, 0x0000000088100000|100%| E|CS|TAMS 0x0000000088000000, 0x0000000088000000| Complete 
| 111|0x0000000088100000, 0x0000000088200000, 0x0000000088200000|100%| E|CS|TAMS 0x0000000088100000, 0x0000000088100000| Complete 
| 112|0x0000000088200000, 0x0000000088300000, 0x0000000088300000|100%| E|CS|TAMS 0x0000000088200000, 0x0000000088200000| Complete 
| 113|0x0000000088300000, 0x0000000088400000, 0x0000000088400000|100%| E|CS|TAMS 0x0000000088300000, 0x0000000088300000| Complete 
| 114|0x0000000088400000, 0x0000000088500000, 0x0000000088500000|100%| E|CS|TAMS 0x0000000088400000, 0x0000000088400000| Complete 
| 115|0x0000000088500000, 0x0000000088600000, 0x0000000088600000|100%| E|CS|TAMS 0x0000000088500000, 0x0000000088500000| Complete 
| 116|0x0000000088600000, 0x0000000088700000, 0x0000000088700000|100%| E|CS|TAMS 0x0000000088600000, 0x0000000088600000| Complete 
| 117|0x0000000088700000, 0x0000000088800000, 0x0000000088800000|100%| E|CS|TAMS 0x0000000088700000, 0x0000000088700000| Complete 
| 118|0x0000000088800000, 0x0000000088900000, 0x0000000088900000|100%| E|CS|TAMS 0x0000000088800000, 0x0000000088800000| Complete 
| 119|0x0000000088900000, 0x0000000088a00000, 0x0000000088a00000|100%| E|CS|TAMS 0x0000000088900000, 0x0000000088900000| Complete 
| 120|0x0000000088a00000, 0x0000000088b00000, 0x0000000088b00000|100%| E|CS|TAMS 0x0000000088a00000, 0x0000000088a00000| Complete 
| 121|0x0000000088b00000, 0x0000000088c00000, 0x0000000088c00000|100%| E|  |TAMS 0x0000000088b00000, 0x0000000088b00000| Complete 
| 122|0x0000000088c00000, 0x0000000088d00000, 0x0000000088d00000|100%| E|CS|TAMS 0x0000000088c00000, 0x0000000088c00000| Complete 
| 123|0x0000000088d00000, 0x0000000088e00000, 0x0000000088e00000|100%| E|CS|TAMS 0x0000000088d00000, 0x0000000088d00000| Complete 
| 124|0x0000000088e00000, 0x0000000088f00000, 0x0000000088f00000|100%| E|CS|TAMS 0x0000000088e00000, 0x0000000088e00000| Complete 
| 125|0x0000000088f00000, 0x0000000089000000, 0x0000000089000000|100%| E|CS|TAMS 0x0000000088f00000, 0x0000000088f00000| Complete 
| 126|0x0000000089000000, 0x0000000089100000, 0x0000000089100000|100%| E|CS|TAMS 0x0000000089000000, 0x0000000089000000| Complete 
| 127|0x0000000089100000, 0x0000000089200000, 0x0000000089200000|100%| E|CS|TAMS 0x0000000089100000, 0x0000000089100000| Complete 

Card table byte_map: [0x000002726e510000,0x000002726e910000] _byte_map_base: 0x000002726e107000

Marking Bits (Prev, Next): (CMBitMap*) 0x0000027256ebcea0, (CMBitMap*) 0x0000027256ebcee0
 Prev Bits: [0x000002726ed10000, 0x0000027270cc8000)
 Next Bits: [0x0000027270cd0000, 0x0000027272c88000)

Polling page: 0x0000027256630000

Metaspace:

Usage:
  Non-class:     12.25 MB used.
      Class:      2.00 MB used.
       Both:     14.25 MB used.

Virtual space:
  Non-class space:       64.00 MB reserved,      12.38 MB ( 19%) committed,  1 nodes.
      Class space:        1.00 GB reserved,       2.12 MB ( <1%) committed,  1 nodes.
             Both:        1.06 GB reserved,      14.50 MB (  1%) committed. 

Chunk freelists:
   Non-Class:  2.88 MB
       Class:  1.70 MB
        Both:  4.57 MB

MaxMetaspaceSize: unlimited
CompressedClassSpaceSize: 1.00 GB
Initial GC threshold: 21.00 MB
Current GC threshold: 21.00 MB
CDS: on
MetaspaceReclaimPolicy: balanced
 - commit_granule_bytes: 65536.
 - commit_granule_words: 8192.
 - virtual_space_node_default_size: 8388608.
 - enlarge_chunks_in_place: 1.
 - new_chunks_are_fully_committed: 0.
 - uncommit_free_chunks: 1.
 - use_allocation_guard: 0.


Internal statistics:

num_allocs_failed_limit: 0.
num_arena_births: 326.
num_arena_deaths: 0.
num_vsnodes_births: 2.
num_vsnodes_deaths: 0.
num_space_committed: 232.
num_space_uncommitted: 0.
num_chunks_returned_to_freelist: 0.
num_chunks_taken_from_freelist: 805.
num_chunk_merges: 0.
num_chunk_splits: 576.
num_chunks_enlarged: 443.
num_inconsistent_stats: 0.

CodeHeap 'non-profiled nmethods': size=120000Kb used=1078Kb max_used=1078Kb free=118921Kb
 bounds [0x00000272668a0000, 0x0000027266b10000, 0x000002726ddd0000]
CodeHeap 'profiled nmethods': size=120000Kb used=5349Kb max_used=5349Kb free=114650Kb
 bounds [0x000002725edd0000, 0x000002725f310000, 0x0000027266300000]
CodeHeap 'non-nmethods': size=5760Kb used=1530Kb max_used=1579Kb free=4229Kb
 bounds [0x0000027266300000, 0x0000027266570000, 0x00000272668a0000]
 total_blobs=3699 nmethods=2883 adapters=726
 compilation: enabled
              stopped_count=0, restarted_count=0
 full_count=0

Compilation events (20 events):
Event: 241.741 Thread 0x00000272756f0790 2873       3       com.sun.javafx.geom.transform.Translate2D::getDegree (4 bytes)
Event: 241.741 Thread 0x00000272756f0790 nmethod 2873 0x000002725f302d10 code [0x000002725f302ea0, 0x000002725f302fb8]
Event: 241.944 Thread 0x00000272756f0790 2874       3       javafx.scene.layout.GridPane::getNodeRowEndConvertRemaining (29 bytes)
Event: 241.944 Thread 0x00000272756f0790 nmethod 2874 0x000002725f303090 code [0x000002725f303300, 0x000002725f303ea8]
Event: 241.944 Thread 0x00000272756f0790 2875       3       com.sun.javafx.text.PrismTextLayout::setContent (85 bytes)
Event: 241.945 Thread 0x00000272756f0790 nmethod 2875 0x000002725f304210 code [0x000002725f3044a0, 0x000002725f305318]
Event: 241.945 Thread 0x00000272756f0790 2877       3       com.sun.javafx.sg.prism.NGNode::isClean (23 bytes)
Event: 241.945 Thread 0x00000272756f0790 nmethod 2877 0x000002725f305790 code [0x000002725f305940, 0x000002725f305af8]
Event: 241.945 Thread 0x00000272756eaf70 2880   !   4       java.nio.DirectFloatBufferU::put (36 bytes)
Event: 241.945 Thread 0x00000272756f0790 2876       1       javafx.scene.layout.Region::isResizable (2 bytes)
Event: 241.945 Thread 0x00000272756f0790 nmethod 2876 0x00000272669ac810 code [0x00000272669ac9a0, 0x00000272669aca78]
Event: 241.945 Thread 0x00000272756f0790 2879       3       com.sun.javafx.sg.prism.NGNode::doRender (473 bytes)
Event: 241.946 Thread 0x00000272756eaf70 nmethod 2880 0x00000272669acb10 code [0x00000272669acca0, 0x00000272669acd98]
Event: 241.947 Thread 0x00000272756f0790 nmethod 2879 0x000002725f305b90 code [0x000002725f305ee0, 0x000002725f307fd8]
Event: 241.947 Thread 0x00000272756f0790 2878       3       com.sun.javafx.sg.prism.NGNode::getEffect (19 bytes)
Event: 241.947 Thread 0x00000272756f0790 nmethod 2878 0x000002725f308610 code [0x000002725f3087c0, 0x000002725f308948]
Event: 241.975 Thread 0x00000272756eaf70 2881       4       java.util.EnumMap$EnumMapIterator::hasNext (64 bytes)
Event: 241.977 Thread 0x00000272756eaf70 nmethod 2881 0x00000272669ace90 code [0x00000272669ad020, 0x00000272669ad198]
Event: 241.990 Thread 0x00000272756f0790 2882       3       jdk.internal.loader.NativeLibraries::find (70 bytes)
Event: 241.990 Thread 0x00000272756f0790 nmethod 2882 0x000002725f308a10 code [0x000002725f308c40, 0x000002725f309478]

GC Heap History (2 events):
Event: 0.861 GC heap before
{Heap before GC invocations=0 (full 0):
 garbage-first heap   total 131072K, used 22528K [0x0000000081200000, 0x0000000100000000)
  region size 1024K, 23 young (23552K), 0 survivors (0K)
 Metaspace       used 5828K, committed 6080K, reserved 1114112K
  class space    used 711K, committed 832K, reserved 1048576K
}
Event: 0.865 GC heap after
{Heap after GC invocations=1 (full 0):
 garbage-first heap   total 131072K, used 2790K [0x0000000081200000, 0x0000000100000000)
  region size 1024K, 3 young (3072K), 3 survivors (3072K)
 Metaspace       used 5828K, committed 6080K, reserved 1114112K
  class space    used 711K, committed 832K, reserved 1048576K
}

Dll operation events (20 events):
Event: 0.487 Loaded shared library C:\Users\Gabriel\.openjfx\cache\13\api-ms-win-crt-filesystem-l1-1-0.dll
Event: 0.490 Loaded shared library C:\Users\Gabriel\.openjfx\cache\13\api-ms-win-crt-heap-l1-1-0.dll
Event: 0.494 Loaded shared library C:\Users\Gabriel\.openjfx\cache\13\api-ms-win-crt-locale-l1-1-0.dll
Event: 0.498 Loaded shared library C:\Users\Gabriel\.openjfx\cache\13\api-ms-win-crt-math-l1-1-0.dll
Event: 0.502 Loaded shared library C:\Users\Gabriel\.openjfx\cache\13\api-ms-win-crt-multibyte-l1-1-0.dll
Event: 0.506 Loaded shared library C:\Users\Gabriel\.openjfx\cache\13\api-ms-win-crt-private-l1-1-0.dll
Event: 0.510 Loaded shared library C:\Users\Gabriel\.openjfx\cache\13\api-ms-win-crt-process-l1-1-0.dll
Event: 0.514 Loaded shared library C:\Users\Gabriel\.openjfx\cache\13\api-ms-win-crt-runtime-l1-1-0.dll
Event: 0.517 Loaded shared library C:\Users\Gabriel\.openjfx\cache\13\api-ms-win-crt-stdio-l1-1-0.dll
Event: 0.521 Loaded shared library C:\Users\Gabriel\.openjfx\cache\13\api-ms-win-crt-string-l1-1-0.dll
Event: 0.525 Loaded shared library C:\Users\Gabriel\.openjfx\cache\13\api-ms-win-crt-time-l1-1-0.dll
Event: 0.530 Loaded shared library C:\Users\Gabriel\.openjfx\cache\13\api-ms-win-crt-utility-l1-1-0.dll
Event: 0.550 Loaded shared library C:\Users\Gabriel\.openjfx\cache\13\ucrtbase.dll
Event: 0.554 Loaded shared library C:\Users\Gabriel\.openjfx\cache\13\vcruntime140.dll
Event: 0.565 Loaded shared library C:\Users\Gabriel\.openjfx\cache\13\msvcp140.dll
Event: 0.573 Loaded shared library C:\Users\Gabriel\.openjfx\cache\13\concrt140.dll
Event: 0.616 Loaded shared library C:\Users\Gabriel\.openjfx\cache\13\prism_d3d.dll
Event: 0.679 Loaded shared library C:\Users\Gabriel\.openjfx\cache\13\glass.dll
Event: 0.888 Loaded shared library C:\Users\Gabriel\.openjfx\cache\13\javafx_font.dll
Event: 1.316 Loaded shared library C:\Program Files\Java\jdk-19\bin\jimage.dll

Deoptimization events (20 events):
Event: 3.236 Thread 0x000002727a6a3fe0 DEOPT PACKING pc=0x00000272668b229c sp=0x000000f57dcfb130
Event: 3.236 Thread 0x000002727a6a3fe0 DEOPT UNPACKING pc=0x0000027266366da3 sp=0x000000f57dcfb088 mode 2
Event: 3.249 Thread 0x000002727a608910 DEOPT PACKING pc=0x000002725f13dac4 sp=0x000000f57dafe0b0
Event: 3.249 Thread 0x000002727a608910 DEOPT UNPACKING pc=0x0000027266367543 sp=0x000000f57dafd508 mode 0
Event: 3.249 Thread 0x000002727a608910 DEOPT PACKING pc=0x000002725f13dac4 sp=0x000000f57dafe0b0
Event: 3.249 Thread 0x000002727a608910 DEOPT UNPACKING pc=0x0000027266367543 sp=0x000000f57dafd508 mode 0
Event: 3.250 Thread 0x000002727a608910 DEOPT PACKING pc=0x000002725f13dac4 sp=0x000000f57dafe0b0
Event: 3.250 Thread 0x000002727a608910 DEOPT UNPACKING pc=0x0000027266367543 sp=0x000000f57dafd508 mode 0
Event: 4.824 Thread 0x000002727a608910 DEOPT PACKING pc=0x000002725f13db81 sp=0x000000f57dafe0b0
Event: 4.824 Thread 0x000002727a608910 DEOPT UNPACKING pc=0x0000027266367543 sp=0x000000f57dafd518 mode 0
Event: 4.824 Thread 0x000002727a608910 DEOPT PACKING pc=0x000002725f13dac4 sp=0x000000f57dafe0b0
Event: 4.824 Thread 0x000002727a608910 DEOPT UNPACKING pc=0x0000027266367543 sp=0x000000f57dafd508 mode 0
Event: 4.825 Thread 0x000002727a608910 DEOPT PACKING pc=0x000002725f13dac4 sp=0x000000f57dafe0b0
Event: 4.825 Thread 0x000002727a608910 DEOPT UNPACKING pc=0x0000027266367543 sp=0x000000f57dafd508 mode 0
Event: 4.826 Thread 0x000002727a608910 DEOPT PACKING pc=0x000002725f13dac4 sp=0x000000f57dafe0b0
Event: 4.826 Thread 0x000002727a608910 DEOPT UNPACKING pc=0x0000027266367543 sp=0x000000f57dafd508 mode 0
Event: 5.784 Thread 0x000002727a608910 DEOPT PACKING pc=0x000002725f1aa2f7 sp=0x000000f57dafe410
Event: 5.784 Thread 0x000002727a608910 DEOPT UNPACKING pc=0x0000027266367543 sp=0x000000f57dafd830 mode 0
Event: 8.842 Thread 0x000002727a608910 DEOPT PACKING pc=0x000002725f1f635a sp=0x000000f57dafdfd0
Event: 8.842 Thread 0x000002727a608910 DEOPT UNPACKING pc=0x0000027266367543 sp=0x000000f57dafd408 mode 0

Classes loaded (20 events):
Event: 3.235 Loading class sun/util/resources/BreakIteratorResourceBundle done
Event: 3.235 Loading class sun/text/resources/BreakIteratorResources done
Event: 3.235 Loading class sun/util/resources/Bundles$2
Event: 3.235 Loading class sun/util/resources/Bundles$2 done
Event: 3.236 Loading class sun/text/RuleBasedBreakIterator
Event: 3.236 Loading class sun/text/RuleBasedBreakIterator done
Event: 3.237 Loading class jdk/internal/foreign/MemorySessionImpl
Event: 3.237 Loading class java/lang/foreign/MemorySession
Event: 3.237 Loading class java/lang/foreign/SegmentAllocator
Event: 3.237 Loading class java/lang/foreign/SegmentAllocator done
Event: 3.237 Loading class java/lang/foreign/MemorySession done
Event: 3.237 Loading class jdk/internal/foreign/MemorySessionImpl done
Event: 3.238 Loading class sun/text/CompactByteArray
Event: 3.238 Loading class sun/text/CompactByteArray done
Event: 3.238 Loading class sun/text/SupplementaryCharacterData
Event: 3.238 Loading class sun/text/SupplementaryCharacterData done
Event: 3.238 Loading class java/text/BreakIterator$BreakIteratorCache
Event: 3.238 Loading class java/text/BreakIterator$BreakIteratorCache done
Event: 242.011 Loading class java/util/LinkedList$ListItr
Event: 242.011 Loading class java/util/LinkedList$ListItr done

Classes unloaded (0 events):
No events

Classes redefined (0 events):
No events

Internal exceptions (20 events):
Event: 1.603 Thread 0x000002727a6a3fe0 Exception <a 'java/lang/NoSuchMethodError'{0x00000000880ec9b0}: 'java.lang.Object java.lang.invoke.DirectMethodHandle$Holder.invokeInterface(java.lang.Object, java.lang.Object, java.lang.Object)'> (0x00000000880ec9b0) 
thrown [s\open\src\hotspot\share\interpreter\linkResolver.cpp, line 774]
Event: 1.603 Thread 0x000002727a6a3fe0 Exception <a 'java/lang/IncompatibleClassChangeError'{0x00000000880f0340}: Found class java.lang.Object, but interface was expected> (0x00000000880f0340) 
thrown [s\open\src\hotspot\share\interpreter\linkResolver.cpp, line 841]
Event: 1.662 Thread 0x000002727a6a3fe0 Exception <a 'java/lang/NoSuchMethodError'{0x0000000087e37130}: 'int java.lang.invoke.DirectMethodHandle$Holder.invokeSpecial(java.lang.Object, java.lang.Object, int)'> (0x0000000087e37130) 
thrown [s\open\src\hotspot\share\interpreter\linkResolver.cpp, line 774]
Event: 1.664 Thread 0x000002727a6a3fe0 Exception <a 'java/lang/NoSuchMethodError'{0x0000000087e3f388}: 'int java.lang.invoke.DirectMethodHandle$Holder.invokeSpecial(java.lang.Object, java.lang.Object, java.lang.Object, int)'> (0x0000000087e3f388) 
thrown [s\open\src\hotspot\share\interpreter\linkResolver.cpp, line 774]
Event: 1.665 Thread 0x000002727a6a3fe0 Exception <a 'java/lang/NoSuchMethodError'{0x0000000087e517b0}: 'java.lang.Object java.lang.invoke.DirectMethodHandle$Holder.invokeStatic(java.lang.Object, java.lang.Object, java.lang.Object, java.lang.Object, int)'> (0x0000000087e517b0) 
thrown [s\open\src\hotspot\share\interpreter\linkResolver.cpp, line 774]
Event: 1.666 Thread 0x000002727a6a3fe0 Exception <a 'java/lang/NoSuchMethodError'{0x0000000087e5a1e0}: 'int java.lang.invoke.DirectMethodHandle$Holder.invokeSpecial(java.lang.Object, java.lang.Object, java.lang.Object)'> (0x0000000087e5a1e0) 
thrown [s\open\src\hotspot\share\interpreter\linkResolver.cpp, line 774]
Event: 1.698 Thread 0x000002727a6a3fe0 Exception <a 'java/lang/NoSuchMethodError'{0x0000000087d0cbb0}: 'java.lang.Object java.lang.invoke.DirectMethodHandle$Holder.newInvokeSpecial(java.lang.Object, java.lang.Object, int)'> (0x0000000087d0cbb0) 
thrown [s\open\src\hotspot\share\interpreter\linkResolver.cpp, line 774]
Event: 1.795 Thread 0x000002727a6a3fe0 Exception <a 'java/lang/ClassNotFoundException'{0x0000000087b7b6a0}: com/sun/javafx/scene/control/skin/resources/controls> (0x0000000087b7b6a0) 
thrown [s\open\src\hotspot\share\prims\jni.cpp, line 536]
Event: 1.797 Thread 0x000002727a6a3fe0 Exception <a 'java/lang/ClassNotFoundException'{0x0000000087b88fd8}: com/sun/javafx/scene/control/skin/resources/controls_pt> (0x0000000087b88fd8) 
thrown [s\open\src\hotspot\share\prims\jni.cpp, line 536]
Event: 1.797 Thread 0x000002727a6a3fe0 Exception <a 'java/lang/ClassNotFoundException'{0x0000000087b89f80}: com/sun/javafx/scene/control/skin/resources/controls_pt_BR> (0x0000000087b89f80) 
thrown [s\open\src\hotspot\share\prims\jni.cpp, line 536]
Event: 1.843 Thread 0x000002727a6a3fe0 Exception <a 'java/lang/NoSuchMethodError'{0x000000008760ab40}: 'void java.lang.invoke.DirectMethodHandle$Holder.invokeSpecial(java.lang.Object, java.lang.Object, java.lang.Object, java.lang.Object, java.lang.Object, java.lang.Object)'> (0x000000008760ab40) 
thrown [s\open\src\hotspot\share\interpreter\linkResolver.cpp, line 774]
Event: 1.938 Thread 0x000002727a608910 Exception <a 'java/lang/NoSuchMethodError'{0x0000000087348c50}: 'int java.lang.invoke.DirectMethodHandle$Holder.invokeStaticInit(java.lang.Object, java.lang.Object)'> (0x0000000087348c50) 
thrown [s\open\src\hotspot\share\interpreter\linkResolver.cpp, line 774]
Event: 1.969 Thread 0x000002727a608910 Exception <a 'java/lang/NoSuchMethodError'{0x00000000873cc180}: 'java.lang.Object java.lang.invoke.Invokers$Holder.invokeExact_MT(java.lang.Object, java.lang.Object, java.lang.Object, java.lang.Object, java.lang.Object)'> (0x00000000873cc180) 
thrown [s\open\src\hotspot\share\interpreter\linkResolver.cpp, line 774]
Event: 3.241 Thread 0x000002727a6a3fe0 Exception <a 'java/lang/NoSuchMethodError'{0x00000000870bc418}: 'long java.lang.invoke.DirectMethodHandle$Holder.invokeStatic(java.lang.Object, java.lang.Object, java.lang.Object)'> (0x00000000870bc418) 
thrown [s\open\src\hotspot\share\interpreter\linkResolver.cpp, line 774]
Event: 3.241 Thread 0x000002727a6a3fe0 Exception <a 'java/lang/NoSuchMethodError'{0x00000000870bfd40}: 'long java.lang.invoke.DirectMethodHandle$Holder.invokeStaticInit(java.lang.Object, java.lang.Object, java.lang.Object)'> (0x00000000870bfd40) 
thrown [s\open\src\hotspot\share\interpreter\linkResolver.cpp, line 774]
Event: 3.243 Thread 0x000002727a6a3fe0 Exception <a 'java/lang/NoSuchMethodError'{0x00000000870d8490}: 'java.lang.Object java.lang.invoke.DirectMethodHandle$Holder.newInvokeSpecial(java.lang.Object, java.lang.Object, long)'> (0x00000000870d8490) 
thrown [s\open\src\hotspot\share\interpreter\linkResolver.cpp, line 774]
Event: 3.244 Thread 0x000002727a6a3fe0 Exception <a 'java/lang/NoSuchMethodError'{0x00000000870dc018}: 'java.lang.Object java.lang.invoke.Invokers$Holder.linkToTargetMethod(java.lang.Object, long, java.lang.Object)'> (0x00000000870dc018) 
thrown [s\open\src\hotspot\share\interpreter\linkResolver.cpp, line 774]
Event: 4.887 Thread 0x000002727a6a3fe0 Exception <a 'java/lang/NoSuchMethodError'{0x0000000086f3b030}: 'java.lang.Object java.lang.invoke.DirectMethodHandle$Holder.newInvokeSpecial(java.lang.Object, java.lang.Object, int, int, int, int, int, java.lang.Object)'> (0x0000000086f3b030) 
thrown [s\open\src\hotspot\share\interpreter\linkResolver.cpp, line 774]
Event: 4.888 Thread 0x000002727a6a3fe0 Exception <a 'java/lang/NoSuchMethodError'{0x0000000086f4e528}: 'java.lang.Object java.lang.invoke.DirectMethodHandle$Holder.newInvokeSpecial(java.lang.Object, java.lang.Object, java.lang.Object, int, int, int, int, int)'> (0x0000000086f4e528) 
thrown [s\open\src\hotspot\share\interpreter\linkResolver.cpp, line 774]
Event: 4.888 Thread 0x000002727a6a3fe0 Exception <a 'java/lang/NoSuchMethodError'{0x0000000086f56048}: 'java.lang.Object java.lang.invoke.Invokers$Holder.linkToTargetMethod(java.lang.Object, java.lang.Object, int, int, int, int, int, java.lang.Object)'> (0x0000000086f56048) 
thrown [s\open\src\hotspot\share\interpreter\linkResolver.cpp, line 774]

VM Operations (20 events):
Event: 1.840 Executing VM operation: HandshakeAllThreads done
Event: 1.936 Executing VM operation: ICBufferFull
Event: 1.936 Executing VM operation: ICBufferFull done
Event: 3.936 Executing VM operation: Cleanup
Event: 3.937 Executing VM operation: Cleanup done
Event: 4.937 Executing VM operation: Cleanup
Event: 4.937 Executing VM operation: Cleanup done
Event: 5.937 Executing VM operation: Cleanup
Event: 5.937 Executing VM operation: Cleanup done
Event: 6.937 Executing VM operation: Cleanup
Event: 6.938 Executing VM operation: Cleanup done
Event: 7.938 Executing VM operation: Cleanup
Event: 7.938 Executing VM operation: Cleanup done
Event: 8.938 Executing VM operation: Cleanup
Event: 8.938 Executing VM operation: Cleanup done
Event: 9.938 Executing VM operation: Cleanup
Event: 9.938 Executing VM operation: Cleanup done
Event: 14.940 Executing VM operation: Cleanup
Event: 14.940 Executing VM operation: Cleanup done
Event: 242.012 Executing VM operation: Exit

Events (20 events):
Event: 0.149 Thread 0x0000027279a7b1c0 Thread added: 0x0000027279a7b1c0
Event: 0.156 Thread 0x0000027279a7bce0 Thread added: 0x0000027279a7bce0
Event: 0.230 Thread 0x000002727a10b9d0 Thread added: 0x000002727a10b9d0
Event: 0.607 Thread 0x000002727a608910 Thread added: 0x000002727a608910
Event: 0.681 Thread 0x000002727a5145e0 Thread added: 0x000002727a5145e0
Event: 0.685 Thread 0x000002727a6a3fe0 Thread added: 0x000002727a6a3fe0
Event: 0.759 Thread 0x000002727a773790 Thread added: 0x000002727a773790
Event: 0.775 Thread 0x000002727a885b90 Thread added: 0x000002727a885b90
Event: 0.900 Thread 0x0000027279a7bce0 Thread exited: 0x0000027279a7bce0
Event: 1.598 Thread 0x000002727a4f1f40 Thread added: 0x000002727a4f1f40
Event: 2.016 Thread 0x000002727a4f2490 Thread added: 0x000002727a4f2490
Event: 2.505 Thread 0x0000027279a7b1c0 Thread exited: 0x0000027279a7b1c0
Event: 5.979 Thread 0x0000027279a7cd90 Thread added: 0x0000027279a7cd90
Event: 6.135 Thread 0x0000027279a7cd90 Thread exited: 0x0000027279a7cd90
Event: 8.921 Thread 0x0000027279a7c800 Thread added: 0x0000027279a7c800
Event: 9.134 Thread 0x0000027279a7c800 Thread exited: 0x0000027279a7c800
Event: 242.002 Thread 0x000002727a4f0f50 Thread added: 0x000002727a4f0f50
Event: 242.002 Thread 0x000002727a4f29e0 Thread added: 0x000002727a4f29e0
Event: 242.009 Thread 0x000002727a4f0f50 Thread exited: 0x000002727a4f0f50
Event: 242.012 Thread 0x000002727a4f29e0 Thread exited: 0x000002727a4f29e0


Dynamic libraries:
0x00007ff6bc370000 - 0x00007ff6bc380000 	C:\Program Files\Java\jdk-19\bin\java.exe
0x00007ffbe8630000 - 0x00007ffbe8828000 	C:\Windows\SYSTEM32\ntdll.dll
0x00007ffbe69e0000 - 0x00007ffbe6a9f000 	C:\Windows\System32\KERNEL32.DLL
0x00007ffbe6170000 - 0x00007ffbe6442000 	C:\Windows\System32\KERNELBASE.dll
0x00007ffbe6530000 - 0x00007ffbe6630000 	C:\Windows\System32\ucrtbase.dll
0x00007ffbd41f0000 - 0x00007ffbd4208000 	C:\Program Files\Java\jdk-19\bin\jli.dll
0x00007ffbd40c0000 - 0x00007ffbd40db000 	C:\Program Files\Java\jdk-19\bin\VCRUNTIME140.dll
0x00007ffbe6bd0000 - 0x00007ffbe6c7e000 	C:\Windows\System32\ADVAPI32.dll
0x00007ffbe8420000 - 0x00007ffbe84be000 	C:\Windows\System32\msvcrt.dll
0x00007ffbe6fb0000 - 0x00007ffbe704c000 	C:\Windows\System32\sechost.dll
0x00007ffbe84c0000 - 0x00007ffbe85e5000 	C:\Windows\System32\RPCRT4.dll
0x00007ffbe8200000 - 0x00007ffbe839d000 	C:\Windows\System32\USER32.dll
0x00007ffbe6450000 - 0x00007ffbe6472000 	C:\Windows\System32\win32u.dll
0x00007ffbd70e0000 - 0x00007ffbd737a000 	C:\Windows\WinSxS\amd64_microsoft.windows.common-controls_6595b64144ccf1df_6.0.19041.1110_none_60b5254171f9507e\COMCTL32.dll
0x00007ffbe81d0000 - 0x00007ffbe81fb000 	C:\Windows\System32\GDI32.dll
0x00007ffbe5f20000 - 0x00007ffbe602f000 	C:\Windows\System32\gdi32full.dll
0x00007ffbe6060000 - 0x00007ffbe60fd000 	C:\Windows\System32\msvcp_win.dll
0x00007ffbdde50000 - 0x00007ffbdde5a000 	C:\Windows\SYSTEM32\VERSION.dll
0x00007ffbe6dc0000 - 0x00007ffbe6df2000 	C:\Windows\System32\IMM32.DLL
0x00007ffbdfd00000 - 0x00007ffbdfd0c000 	C:\Program Files\Java\jdk-19\bin\vcruntime140_1.dll
0x00007ffbc6420000 - 0x00007ffbc64ae000 	C:\Program Files\Java\jdk-19\bin\msvcp140.dll
0x00007ffbb7860000 - 0x00007ffbb8520000 	C:\Program Files\Java\jdk-19\bin\server\jvm.dll
0x00007ffbd8810000 - 0x00007ffbd8837000 	C:\Windows\SYSTEM32\WINMM.dll
0x00007ffbe0400000 - 0x00007ffbe0409000 	C:\Windows\SYSTEM32\WSOCK32.dll
0x00007ffbe83a0000 - 0x00007ffbe840b000 	C:\Windows\System32\WS2_32.dll
0x00007ffbe4570000 - 0x00007ffbe4582000 	C:\Windows\SYSTEM32\kernel.appcore.dll
0x00007ffbdfca0000 - 0x00007ffbdfcaa000 	C:\Program Files\Java\jdk-19\bin\jimage.dll
0x00007ffbd2850000 - 0x00007ffbd2a34000 	C:\Windows\SYSTEM32\DBGHELP.DLL
0x00007ffbd23f0000 - 0x00007ffbd241c000 	C:\Windows\SYSTEM32\dbgcore.DLL
0x00007ffbe5d30000 - 0x00007ffbe5db2000 	C:\Windows\System32\bcryptPrimitives.dll
0x00007ffbd21f0000 - 0x00007ffbd2216000 	C:\Program Files\Java\jdk-19\bin\java.dll
0x00007ffbc3690000 - 0x00007ffbc3767000 	C:\Program Files\Java\jdk-19\bin\jsvml.dll
0x00007ffbe7810000 - 0x00007ffbe7f53000 	C:\Windows\System32\SHELL32.dll
0x00007ffbe3dd0000 - 0x00007ffbe4562000 	C:\Windows\SYSTEM32\windows.storage.dll
0x00007ffbe6680000 - 0x00007ffbe69d4000 	C:\Windows\System32\combase.dll
0x00007ffbe5790000 - 0x00007ffbe57c0000 	C:\Windows\SYSTEM32\Wldp.dll
0x00007ffbe6d10000 - 0x00007ffbe6dbd000 	C:\Windows\System32\SHCORE.dll
0x00007ffbe8090000 - 0x00007ffbe80e5000 	C:\Windows\System32\shlwapi.dll
0x00007ffbe5c70000 - 0x00007ffbe5c8f000 	C:\Windows\SYSTEM32\profapi.dll
0x00007ffbd3f70000 - 0x00007ffbd3f83000 	C:\Program Files\Java\jdk-19\bin\net.dll
0x00007ffbd9bd0000 - 0x00007ffbd9cdc000 	C:\Windows\SYSTEM32\WINHTTP.dll
0x00007ffbe54f0000 - 0x00007ffbe555a000 	C:\Windows\system32\mswsock.dll
0x00007ffbd2150000 - 0x00007ffbd2166000 	C:\Program Files\Java\jdk-19\bin\nio.dll
0x00007ffbd2130000 - 0x00007ffbd2148000 	C:\Program Files\Java\jdk-19\bin\zip.dll
0x0000027275740000 - 0x0000027275743000 	C:\Users\Gabriel\.openjfx\cache\13\api-ms-win-core-console-l1-1-0.dll
0x0000027275750000 - 0x0000027275753000 	C:\Users\Gabriel\.openjfx\cache\13\api-ms-win-core-datetime-l1-1-0.dll
0x0000027275760000 - 0x0000027275763000 	C:\Users\Gabriel\.openjfx\cache\13\api-ms-win-core-debug-l1-1-0.dll
0x0000027275770000 - 0x0000027275773000 	C:\Users\Gabriel\.openjfx\cache\13\api-ms-win-core-errorhandling-l1-1-0.dll
0x0000027275780000 - 0x0000027275784000 	C:\Users\Gabriel\.openjfx\cache\13\api-ms-win-core-file-l1-1-0.dll
0x0000027275790000 - 0x0000027275793000 	C:\Users\Gabriel\.openjfx\cache\13\api-ms-win-core-file-l1-2-0.dll
0x00000272757a0000 - 0x00000272757a3000 	C:\Users\Gabriel\.openjfx\cache\13\api-ms-win-core-file-l2-1-0.dll
0x00000272757b0000 - 0x00000272757b3000 	C:\Users\Gabriel\.openjfx\cache\13\api-ms-win-core-handle-l1-1-0.dll
0x00000272757c0000 - 0x00000272757c3000 	C:\Users\Gabriel\.openjfx\cache\13\api-ms-win-core-heap-l1-1-0.dll
0x00000272757d0000 - 0x00000272757d3000 	C:\Users\Gabriel\.openjfx\cache\13\api-ms-win-core-interlocked-l1-1-0.dll
0x00000272757e0000 - 0x00000272757e3000 	C:\Users\Gabriel\.openjfx\cache\13\api-ms-win-core-libraryloader-l1-1-0.dll
0x00000272757f0000 - 0x00000272757f3000 	C:\Users\Gabriel\.openjfx\cache\13\api-ms-win-core-localization-l1-2-0.dll
0x000002727b4f0000 - 0x000002727b4f3000 	C:\Users\Gabriel\.openjfx\cache\13\api-ms-win-core-memory-l1-1-0.dll
0x000002727b500000 - 0x000002727b503000 	C:\Users\Gabriel\.openjfx\cache\13\api-ms-win-core-namedpipe-l1-1-0.dll
0x000002727b510000 - 0x000002727b513000 	C:\Users\Gabriel\.openjfx\cache\13\api-ms-win-core-processenvironment-l1-1-0.dll
0x000002727b520000 - 0x000002727b523000 	C:\Users\Gabriel\.openjfx\cache\13\api-ms-win-core-processthreads-l1-1-0.dll
0x000002727b530000 - 0x000002727b533000 	C:\Users\Gabriel\.openjfx\cache\13\api-ms-win-core-processthreads-l1-1-1.dll
0x000002727b540000 - 0x000002727b543000 	C:\Users\Gabriel\.openjfx\cache\13\api-ms-win-core-profile-l1-1-0.dll
0x000002727b550000 - 0x000002727b553000 	C:\Users\Gabriel\.openjfx\cache\13\api-ms-win-core-rtlsupport-l1-1-0.dll
0x000002727b560000 - 0x000002727b563000 	C:\Users\Gabriel\.openjfx\cache\13\api-ms-win-core-string-l1-1-0.dll
0x000002727b570000 - 0x000002727b573000 	C:\Users\Gabriel\.openjfx\cache\13\api-ms-win-core-synch-l1-1-0.dll
0x000002727b580000 - 0x000002727b583000 	C:\Users\Gabriel\.openjfx\cache\13\api-ms-win-core-synch-l1-2-0.dll
0x000002727b590000 - 0x000002727b593000 	C:\Users\Gabriel\.openjfx\cache\13\api-ms-win-core-sysinfo-l1-1-0.dll
0x000002727b5a0000 - 0x000002727b5a3000 	C:\Users\Gabriel\.openjfx\cache\13\api-ms-win-core-timezone-l1-1-0.dll
0x000002727b5b0000 - 0x000002727b5b3000 	C:\Users\Gabriel\.openjfx\cache\13\api-ms-win-core-util-l1-1-0.dll
0x000002727b5c0000 - 0x000002727b5c3000 	C:\Users\Gabriel\.openjfx\cache\13\api-ms-win-crt-conio-l1-1-0.dll
0x000002727b5d0000 - 0x000002727b5d4000 	C:\Users\Gabriel\.openjfx\cache\13\api-ms-win-crt-convert-l1-1-0.dll
0x000002727b5e0000 - 0x000002727b5e3000 	C:\Users\Gabriel\.openjfx\cache\13\api-ms-win-crt-environment-l1-1-0.dll
0x000002727b5f0000 - 0x000002727b5f3000 	C:\Users\Gabriel\.openjfx\cache\13\api-ms-win-crt-filesystem-l1-1-0.dll
0x000002727b600000 - 0x000002727b603000 	C:\Users\Gabriel\.openjfx\cache\13\api-ms-win-crt-heap-l1-1-0.dll
0x000002727b610000 - 0x000002727b613000 	C:\Users\Gabriel\.openjfx\cache\13\api-ms-win-crt-locale-l1-1-0.dll
0x000002727b620000 - 0x000002727b625000 	C:\Users\Gabriel\.openjfx\cache\13\api-ms-win-crt-math-l1-1-0.dll
0x000002727b630000 - 0x000002727b635000 	C:\Users\Gabriel\.openjfx\cache\13\api-ms-win-crt-multibyte-l1-1-0.dll
0x000002727b640000 - 0x000002727b650000 	C:\Users\Gabriel\.openjfx\cache\13\api-ms-win-crt-private-l1-1-0.dll
0x000002727b650000 - 0x000002727b653000 	C:\Users\Gabriel\.openjfx\cache\13\api-ms-win-crt-process-l1-1-0.dll
0x000002727b660000 - 0x000002727b664000 	C:\Users\Gabriel\.openjfx\cache\13\api-ms-win-crt-runtime-l1-1-0.dll
0x000002727b670000 - 0x000002727b674000 	C:\Users\Gabriel\.openjfx\cache\13\api-ms-win-crt-stdio-l1-1-0.dll
0x000002727b680000 - 0x000002727b684000 	C:\Users\Gabriel\.openjfx\cache\13\api-ms-win-crt-string-l1-1-0.dll
0x000002727b690000 - 0x000002727b693000 	C:\Users\Gabriel\.openjfx\cache\13\api-ms-win-crt-time-l1-1-0.dll
0x000002727b6a0000 - 0x000002727b6a3000 	C:\Users\Gabriel\.openjfx\cache\13\api-ms-win-crt-utility-l1-1-0.dll
0x00007ffbbf640000 - 0x00007ffbbf73c000 	C:\Users\Gabriel\.openjfx\cache\13\ucrtbase.dll
0x00007ffbcbd80000 - 0x00007ffbcbd95000 	C:\Users\Gabriel\.openjfx\cache\13\vcruntime140.dll
0x00007ffbc35f0000 - 0x00007ffbc368b000 	C:\Users\Gabriel\.openjfx\cache\13\msvcp140.dll
0x00007ffbc63c0000 - 0x00007ffbc6411000 	C:\Users\Gabriel\.openjfx\cache\13\concrt140.dll
0x00007ffbc2d00000 - 0x00007ffbc2d23000 	C:\Users\Gabriel\.openjfx\cache\13\prism_d3d.dll
0x00007ffbd2220000 - 0x00007ffbd23ef000 	C:\Windows\system32\d3d9.dll
0x00007ffbe3900000 - 0x00007ffbe392f000 	C:\Windows\SYSTEM32\dwmapi.dll
0x00007ffbe3720000 - 0x00007ffbe37be000 	C:\Windows\system32\uxtheme.dll
0x00007ffb65c40000 - 0x00007ffb6b44d000 	C:\Windows\System32\DriverStore\FileRepository\igdlh64.inf_amd64_6d1fd205efa7f979\igdumdim64.dll
0x00007ffbe7f60000 - 0x00007ffbe802d000 	C:\Windows\System32\OLEAUT32.dll
0x00007ffbe7060000 - 0x00007ffbe718a000 	C:\Windows\System32\ole32.dll
0x00007ffbe7280000 - 0x00007ffbe76e8000 	C:\Windows\System32\SETUPAPI.dll
0x00007ffbe6630000 - 0x00007ffbe667e000 	C:\Windows\System32\cfgmgr32.dll
0x00007ffbe6030000 - 0x00007ffbe6057000 	C:\Windows\System32\bcrypt.dll
0x00007ffbc2cb0000 - 0x00007ffbc2cf5000 	C:\Users\Gabriel\.openjfx\cache\13\glass.dll
0x00007ffbe7190000 - 0x00007ffbe726a000 	C:\Windows\System32\COMDLG32.dll
0x00007ffbe76f0000 - 0x00007ffbe7805000 	C:\Windows\System32\MSCTF.dll
0x00007ffbd8840000 - 0x00007ffbd999e000 	C:\Windows\System32\DriverStore\FileRepository\igdlh64.inf_amd64_6d1fd205efa7f979\igc64.dll
0x00007ffbdb820000 - 0x00007ffbdb85b000 	C:\Windows\SYSTEM32\dxcore.dll
0x00007ffbcbd60000 - 0x00007ffbcbd74000 	C:\Users\Gabriel\.openjfx\cache\13\javafx_font.dll
0x00007ffbca680000 - 0x00007ffbca8ff000 	C:\Windows\SYSTEM32\dwrite.dll
0x00007ffbe6aa0000 - 0x00007ffbe6b4f000 	C:\Windows\System32\clbcatq.dll
0x00007ffbde9d0000 - 0x00007ffbdeb84000 	C:\Windows\SYSTEM32\WindowsCodecs.dll
0x00007ffbc8420000 - 0x00007ffbc845e000 	C:\Windows\system32\dataexchange.dll
0x00007ffbe1af0000 - 0x00007ffbe1d53000 	C:\Windows\system32\d3d11.dll
0x00007ffbe2780000 - 0x00007ffbe2963000 	C:\Windows\system32\dcomp.dll
0x00007ffbe45f0000 - 0x00007ffbe46e3000 	C:\Windows\system32\dxgi.dll
0x00007ffbdef60000 - 0x00007ffbdf160000 	C:\Windows\system32\twinapi.appcore.dll
0x00007ffbc1930000 - 0x00007ffbc1964000 	C:\Program Files\Common Files\Microsoft Shared\Ink\rtscom.dll
0x00007ffbce590000 - 0x00007ffbce689000 	C:\Windows\SYSTEM32\textinputframework.dll
0x00007ffbe3050000 - 0x00007ffbe3142000 	C:\Windows\System32\CoreMessaging.dll
0x00007ffbe2970000 - 0x00007ffbe2cce000 	C:\Windows\System32\CoreUIComponents.dll
0x00007ffbe4ec0000 - 0x00007ffbe4ef3000 	C:\Windows\SYSTEM32\ntmarta.dll
0x00007ffbe1990000 - 0x00007ffbe1ae4000 	C:\Windows\SYSTEM32\wintypes.dll
0x00007ffbd86f0000 - 0x00007ffbd8756000 	C:\Windows\system32\Oleacc.dll

dbghelp: loaded successfully - version: 4.0.5 - missing functions: none
symbol engine: initialized successfully - sym options: 0x614 - pdb path: .;C:\Program Files\Java\jdk-19\bin;C:\Windows\SYSTEM32;C:\Windows\WinSxS\amd64_microsoft.windows.common-controls_6595b64144ccf1df_6.0.19041.1110_none_60b5254171f9507e;C:\Program Files\Java\jdk-19\bin\server;C:\Users\Gabriel\.openjfx\cache\13;C:\Windows\System32\DriverStore\FileRepository\igdlh64.inf_amd64_6d1fd205efa7f979;C:\Program Files\Common Files\Microsoft Shared\Ink

VM Arguments:
jvm_args: --module-path=C:\Users\Gabriel\Downloads\teste4\Trabalho-Final-POO\batalha-pokemon\target\classes;C:\Users\Gabriel\.m2\repository\org\openjfx\javafx-base\13\javafx-base-13-win.jar;C:\Users\Gabriel\.m2\repository\org\openjfx\javafx-controls\13\javafx-controls-13-win.jar;C:\Users\Gabriel\.m2\repository\org\openjfx\javafx-fxml\13\javafx-fxml-13-win.jar;C:\Users\Gabriel\.m2\repository\org\openjfx\javafx-graphics\13\javafx-graphics-13-win.jar --add-modules=poo -Djdk.module.main=poo 
java_command: poo/poo.App
java_class_path (initial): C:\Users\Gabriel\.m2\repository\org\openjfx\javafx-base\13\javafx-base-13.jar;C:\Users\Gabriel\.m2\repository\org\openjfx\javafx-controls\13\javafx-controls-13.jar;C:\Users\Gabriel\.m2\repository\org\openjfx\javafx-fxml\13\javafx-fxml-13.jar;C:\Users\Gabriel\.m2\repository\org\openjfx\javafx-graphics\13\javafx-graphics-13.jar
Launcher Type: SUN_STANDARD

[Global flags]
     intx CICompilerCount                          = 4                                         {product} {ergonomic}
     uint ConcGCThreads                            = 2                                         {product} {ergonomic}
     uint G1ConcRefinementThreads                  = 8                                         {product} {ergonomic}
   size_t G1HeapRegionSize                         = 1048576                                   {product} {ergonomic}
    uintx GCDrainStackTargetSize                   = 64                                        {product} {ergonomic}
   size_t InitialHeapSize                          = 134217728                                 {product} {ergonomic}
   size_t MarkStackSize                            = 4194304                                   {product} {ergonomic}
   size_t MaxHeapSize                              = 2128609280                                {product} {ergonomic}
   size_t MaxNewSize                               = 1277165568                                {product} {ergonomic}
   size_t MinHeapDeltaBytes                        = 1048576                                   {product} {ergonomic}
   size_t MinHeapSize                              = 8388608                                   {product} {ergonomic}
    uintx NonNMethodCodeHeapSize                   = 5839372                                {pd product} {ergonomic}
    uintx NonProfiledCodeHeapSize                  = 122909434                              {pd product} {ergonomic}
    uintx ProfiledCodeHeapSize                     = 122909434                              {pd product} {ergonomic}
    uintx ReservedCodeCacheSize                    = 251658240                              {pd product} {ergonomic}
     bool SegmentedCodeCache                       = true                                      {product} {ergonomic}
   size_t SoftMaxHeapSize                          = 2128609280                             {manageable} {ergonomic}
     bool UseCompressedClassPointers               = true                           {product lp64_product} {ergonomic}
     bool UseCompressedOops                        = true                           {product lp64_product} {ergonomic}
     bool UseG1GC                                  = true                                      {product} {ergonomic}
     bool UseLargePagesIndividualAllocation        = false                                  {pd product} {ergonomic}

Logging:
Log output configuration:
 #0: stdout all=off uptime,level,tags foldmultilines=false
 #1: stderr all=off uptime,level,tags foldmultilines=false

Environment Variables:
JAVA_HOME=C:\Program Files\Java\jdk-19
PATH=C:\Program Files\Common Files\Oracle\Java\javapath;C:\Program Files\Eclipse Adoptium\jdk-17.0.4.101-hotspot\bin;C:\Program Files (x86)\Common Files\Oracle\Java\javapath;C:\Windows\system32;C:\Windows;C:\Windows\System32\Wbem;C:\Windows\System32\WindowsPowerShell\v1.0\;C:\Windows\System32\OpenSSH\;C:\Program Files\Git\cmd;C:\Users\Gabriel\AppData\Local\Microsoft\WindowsApps;C:\Users\Gabriel\AppData\Local\Programs\Microsoft VS Code\bin;C:\Users\Gabriel\AppData\Local\GitHubDesktop\bin;C:\Program Files (x86)\Maven\apache-maven-3.8.6\bin;C:\Program Files\Java\jdk-19\bin;
USERNAME=Gabriel
LANG=pt_BR.UTF-8
OS=Windows_NT
PROCESSOR_IDENTIFIER=Intel64 Family 6 Model 94 Stepping 3, GenuineIntel
TMP=C:\Users\Gabriel\AppData\Local\Temp
TEMP=C:\Users\Gabriel\AppData\Local\Temp



---------------  S Y S T E M  ---------------

OS:
 Windows 10 , 64 bit Build 19041 (10.0.19041.2251)
OS uptime: 2 days 10:23 hours

CPU: total 8 (initial active 8) (4 cores per cpu, 2 threads per core) family 6 model 94 stepping 3 microcode 0xcc, cx8, cmov, fxsr, ht, mmx, 3dnowpref, sse, sse2, sse3, ssse3, sse4.1, sse4.2, popcnt, lzcnt, tsc, tscinvbit, avx, avx2, aes, erms, clmul, bmi1, bmi2, rtm, adx, fma, vzeroupper, clflush, clflushopt, rdtscp

Memory: 4k page, system-wide physical 8112M (1243M free)
TotalPageFile size 19930M (AvailPageFile size 2804M)
current process WorkingSet (physical memory assigned to process): 165M, peak: 175M
current process commit charge ("private bytes"): 300M, peak: 312M

vm_info: Java HotSpot(TM) 64-Bit Server VM (19.0.1+10-21) for windows-amd64 JRE (19.0.1+10-21), built on 2022-09-14T12:45:06Z by "mach5one" with MS VC++ 17.1 (VS2022)

END.
