#
# A fatal error has been detected by the Java Runtime Environment:
#
#  EXCEPTION_ACCESS_VIOLATION (0xc0000005) at pc=0x00007ffbbf6766f0, pid=17832, tid=2176
#
# JRE version: Java(TM) SE Runtime Environment (19.0.1+10) (build 19.0.1+10-21)
# Java VM: Java HotSpot(TM) 64-Bit Server VM (19.0.1+10-21, mixed mode, sharing, tiered, compressed oops, compressed class ptrs, g1 gc, windows-amd64)
# Problematic frame:
# C  [glass.dll+0x266f0]
#
# No core dump will be written. Minidumps are not enabled by default on client versions of Windows
#
# If you would like to submit a bug report, please visit:
#   https://bugreport.java.com/bugreport/crash.jsp
#

---------------  S U M M A R Y ------------

Command Line: --module-path=C:\Users\Gabriel\Downloads\teste4\Trabalho-Final-POO\batalha-pokemon\target\classes;C:\Users\Gabriel\.m2\repository\org\openjfx\javafx-base\13\javafx-base-13-win.jar;C:\Users\Gabriel\.m2\repository\org\openjfx\javafx-controls\13\javafx-controls-13-win.jar;C:\Users\Gabriel\.m2\repository\org\openjfx\javafx-fxml\13\javafx-fxml-13-win.jar;C:\Users\Gabriel\.m2\repository\org\openjfx\javafx-graphics\13\javafx-graphics-13-win.jar --add-modules=poo -Djdk.module.main=poo poo/poo.App

Host: Intel(R) Core(TM) i7-6700HQ CPU @ 2.60GHz, 8 cores, 7G,  Windows 10 , 64 bit Build 19041 (10.0.19041.2251)
Time: Wed Nov 30 03:28:52 2022 Hora oficial do Brasil elapsed time: 89.474872 seconds (0d 0h 1m 29s)

---------------  T H R E A D  ---------------

Current thread (0x00000297e158c830):  VMThread "VM Thread" [stack: 0x000000df22800000,0x000000df22900000] [id=2176]

Stack: [0x000000df22800000,0x000000df22900000],  sp=0x000000df228fee80,  free space=1019k
Native frames: (J=compiled Java code, j=interpreted, Vv=VM code, C=native code)
C  [glass.dll+0x266f0]


siginfo: EXCEPTION_ACCESS_VIOLATION (0xc0000005), reading address 0x0000000000000000


Registers:
RAX=0x0000000000000000, RBX=0x00000297e1592140, RCX=0x00000297e158c830, RDX=0x000000df228fee80
RSP=0x000000df228fee80, RBP=0x00000297e61eb218, RSI=0x00000297e61eb1f0, RDI=0x00008879d7a0902f
R8 =0x0000000000010002, R9 =0x00008879d7a0902f, R10=0x0000000000008000, R11=0x000000df228fee20
R12=0x00007ffbbf673b84, R13=0x00007ffb761172a0, R14=0x000000df228fef88, R15=0x00000297e61eb1f0
RIP=0x00007ffbbf6766f0, EFLAGS=0x0000000000010206


Register to memory mapping:

RIP=0x00007ffbbf6766f0 glass.dll
RAX=0x0 is NULL
RBX=0x00000297e1592140 is a global jni handle
RCX=0x00000297e158c830 points into unknown readable memory: 0x00007ffb75f245e8 | e8 45 f2 75 fb 7f 00 00
RDX=0x000000df228fee80 points into unknown readable memory: 0x0000000000000000 | 00 00 00 00 00 00 00 00
RSP=0x000000df228fee80 points into unknown readable memory: 0x0000000000000000 | 00 00 00 00 00 00 00 00
RBP=0x00000297e61eb218 points into unknown readable memory: 0x00008879d7a0902f | 2f 90 a0 d7 79 88 00 00
RSI=0x00000297e61eb1f0 points into unknown readable memory: 0x9b368879e85d4f9c | 9c 4f 5d e8 79 88 36 9b
RDI=0x00008879d7a0902f is an unknown value
R8 =0x0000000000010002 is an unknown value
R9 =0x00008879d7a0902f is an unknown value
R10=0x0000000000008000 is an unknown value
R11=0x000000df228fee20 points into unknown readable memory: 0x00000297e61eb1f0 | f0 b1 1e e6 97 02 00 00
R12=0x00007ffbbf673b84 glass.dll
R13=0x00007ffb761172a0 jvm.dll
R14=0x000000df228fef88 points into unknown readable memory: 0x000000df228fef70 | 70 ef 8f 22 df 00 00 00
R15=0x00000297e61eb1f0 points into unknown readable memory: 0x9b368879e85d4f9c | 9c 4f 5d e8 79 88 36 9b


Top of Stack: (sp=0x000000df228fee80)
0x000000df228fee80:   0000000000000000 00007ffbe653f05b
0x000000df228fee90:   00000297e61eb200 00000297e61eb1f0
0x000000df228feea0:   fffffffffffffffe 00007ffbbf673b84
0x000000df228feeb0:   00000297e61eb1f8 00007ffbe65442d6
0x000000df228feec0:   00000297e61eb200 0000029700000000
0x000000df228feed0:   00000297e61eb218 00000297e61eb1f0
0x000000df228feee0:   fffffffffffffffe 0000000000000000
0x000000df228feef0:   0000000000000001 00007ffbbf650000
0x000000df228fef00:   000000df228fef78 00007ffbe65441fb
0x000000df228fef10:   0000000000000000 000000df228fef88
0x000000df228fef20:   000000df228ff240 00007ffbe6620e40
0x000000df228fef30:   0000000000000000 00007ffbe65441b4
0x000000df228fef40:   0000000000000000 0000000000000001
0x000000df228fef50:   0000000000000001 000000df228fef78
0x000000df228fef60:   0000000000000006 00007ffbbf673a12
0x000000df228fef70:   00007ffbbf68d118 000000df00000002 

Instructions: (pc=0x00007ffbbf6766f0)
0x00007ffbbf6765f0:   8b 4d 60 e8 98 c9 ff ff 48 8b 55 68 48 8b 8d 08
0x00007ffbbf676600:   01 00 00 e8 49 be ff ff 33 d2 33 c9 e8 49 de ff
0x00007ffbbf676610:   ff 90 cc cc cc cc cc cc cc cc cc cc cc cc cc cc
0x00007ffbbf676620:   48 8d 8a 80 00 00 00 e9 14 e9 fe ff 48 89 54 24
0x00007ffbbf676630:   10 55 48 83 ec 20 48 8b ea 48 8d 05 dd ca ff ff
0x00007ffbbf676640:   48 83 c4 20 5d c3 cc 40 55 48 8b ea 48 8b 01 33
0x00007ffbbf676650:   c9 81 38 05 00 00 c0 0f 94 c1 8b c1 5d c3 cc 40
0x00007ffbbf676660:   55 48 83 ec 20 48 8b ea 8a 4d 40 48 83 c4 20 5d
0x00007ffbbf676670:   e9 df cd ff ff cc 40 55 48 83 ec 20 48 8b ea e8
0x00007ffbbf676680:   fc cb ff ff 8a 4d 38 48 83 c4 20 5d e9 c3 cd ff
0x00007ffbbf676690:   ff cc 40 55 48 83 ec 30 48 8b ea 48 8b 01 8b 10
0x00007ffbbf6766a0:   48 89 4c 24 28 89 54 24 20 4c 8d 0d a4 d1 ff ff
0x00007ffbbf6766b0:   4c 8b 45 70 8b 55 68 48 8b 4d 60 e8 30 cb ff ff
0x00007ffbbf6766c0:   90 48 83 c4 30 5d c3 cc cc cc cc cc cc cc cc cc
0x00007ffbbf6766d0:   40 53 48 83 ec 30 48 c7 44 24 20 fe ff ff ff 48
0x00007ffbbf6766e0:   8b 1d 2a 64 01 00 48 85 db 74 16 e8 90 85 ff ff
0x00007ffbbf6766f0:   4c 8b 00 48 8b d3 48 8b c8 41 ff 90 b0 00 00 00
0x00007ffbbf676700:   90 48 83 c4 30 5b c3 cc cc cc cc cc cc cc cc cc
0x00007ffbbf676710:   40 53 48 83 ec 20 48 8b 1d 9b 65 01 00 48 85 db
0x00007ffbbf676720:   74 57 b8 ff ff ff ff f0 0f c1 43 10 83 f8 01 75
0x00007ffbbf676730:   3d 48 85 db 74 38 48 8b 0b 48 85 c9 74 0d ff 15
0x00007ffbbf676740:   64 0b 00 00 48 c7 03 00 00 00 00 48 8b 4b 08 48
0x00007ffbbf676750:   85 c9 74 0d e8 37 c8 ff ff 48 c7 43 08 00 00 00
0x00007ffbbf676760:   00 ba 18 00 00 00 48 8b cb e8 22 c8 ff ff 48 c7
0x00007ffbbf676770:   05 3f 65 01 00 00 00 00 00 48 83 c4 20 5b c3 cc
0x00007ffbbf676780:   40 53 48 83 ec 20 48 8b 1d 0b 65 01 00 48 85 db
0x00007ffbbf676790:   74 57 b8 ff ff ff ff f0 0f c1 43 10 83 f8 01 75
0x00007ffbbf6767a0:   3d 48 85 db 74 38 48 8b 0b 48 85 c9 74 0d ff 15
0x00007ffbbf6767b0:   f4 0a 00 00 48 c7 03 00 00 00 00 48 8b 4b 08 48
0x00007ffbbf6767c0:   85 c9 74 0d e8 c7 c7 ff ff 48 c7 43 08 00 00 00
0x00007ffbbf6767d0:   00 ba 18 00 00 00 48 8b cb e8 b2 c7 ff ff 48 c7
0x00007ffbbf6767e0:   05 af 64 01 00 00 00 00 00 48 83 c4 20 5b c3 cc 


Stack slot to memory mapping:
stack at sp + 0 slots: 0x0 is NULL
stack at sp + 1 slots: 0x00007ffbe653f05b ucrtbase.dll
stack at sp + 2 slots: 0x00000297e61eb200 points into unknown readable memory: 0x00008879d7a0902f | 2f 90 a0 d7 79 88 00 00
stack at sp + 3 slots: 0x00000297e61eb1f0 points into unknown readable memory: 0x9b368879e85d4f9c | 9c 4f 5d e8 79 88 36 9b
stack at sp + 4 slots: 0xfffffffffffffffe is an unknown value
stack at sp + 5 slots: 0x00007ffbbf673b84 glass.dll
stack at sp + 6 slots: 0x00000297e61eb1f8 points into unknown readable memory: 0x00008879d7a0902f | 2f 90 a0 d7 79 88 00 00
stack at sp + 7 slots: 0x00007ffbe65442d6 ucrtbase.dll

VM_Operation (0x000000df238fc030): Exit, mode: safepoint, requested by thread 0x00000297e6589580


---------------  P R O C E S S  ---------------

Threads class SMR info:
_java_thread_list=0x00000297e6999fe0, length=19, elements={
0x00000297c2d6ed20, 0x00000297e15a2630, 0x00000297e15a3240, 0x00000297e15a8f70,
0x00000297e15a94b0, 0x00000297e15aa190, 0x00000297e15aafb0, 0x00000297e15b5f80,
0x00000297e15b84c0, 0x00000297e15bb1f0, 0x00000297e58a5e90, 0x00000297e59f3050,
0x00000297e65e03c0, 0x00000297e6280780, 0x00000297e6589580, 0x00000297e651abb0,
0x00000297e62b3fd0, 0x00000297e684d0c0, 0x00000297e684e600
}

Java Threads: ( => current thread )
  0x00000297c2d6ed20 JavaThread "main" [_thread_blocked, id=556, stack(0x000000df22200000,0x000000df22300000)]
  0x00000297e15a2630 JavaThread "Reference Handler" daemon [_thread_blocked, id=21204, stack(0x000000df22900000,0x000000df22a00000)]
  0x00000297e15a3240 JavaThread "Finalizer" daemon [_thread_blocked, id=2336, stack(0x000000df22a00000,0x000000df22b00000)]
  0x00000297e15a8f70 JavaThread "Signal Dispatcher" daemon [_thread_blocked, id=15040, stack(0x000000df22b00000,0x000000df22c00000)]
  0x00000297e15a94b0 JavaThread "Attach Listener" daemon [_thread_blocked, id=20496, stack(0x000000df22c00000,0x000000df22d00000)]
  0x00000297e15aa190 JavaThread "Service Thread" daemon [_thread_blocked, id=3200, stack(0x000000df22d00000,0x000000df22e00000)]
  0x00000297e15aafb0 JavaThread "Monitor Deflation Thread" daemon [_thread_blocked, id=8864, stack(0x000000df22e00000,0x000000df22f00000)]
  0x00000297e15b5f80 JavaThread "C2 CompilerThread0" daemon [_thread_blocked, id=16068, stack(0x000000df22f00000,0x000000df23000000)]
  0x00000297e15b84c0 JavaThread "C1 CompilerThread0" daemon [_thread_blocked, id=8600, stack(0x000000df23000000,0x000000df23100000)]
  0x00000297e15bb1f0 JavaThread "Sweeper thread" daemon [_thread_blocked, id=11112, stack(0x000000df23100000,0x000000df23200000)]
  0x00000297e58a5e90 JavaThread "Common-Cleaner" daemon [_thread_blocked, id=3092, stack(0x000000df23200000,0x000000df23300000)]
  0x00000297e59f3050 JavaThread "Notification Thread" daemon [_thread_blocked, id=8000, stack(0x000000df23500000,0x000000df23600000)]
  0x00000297e65e03c0 JavaThread "QuantumRenderer-0" daemon [_thread_blocked, id=20904, stack(0x000000df23400000,0x000000df23500000)]
  0x00000297e6280780 JavaThread "InvokeLaterDispatcher" daemon [_thread_blocked, id=19656, stack(0x000000df23700000,0x000000df23800000)]
  0x00000297e6589580 JavaThread "JavaFX Application Thread" [_thread_blocked, id=19960, stack(0x000000df23800000,0x000000df23900000)]
  0x00000297e651abb0 JavaThread "Thread-1" daemon [_thread_in_native, id=21200, stack(0x000000df23c00000,0x000000df23d00000)]
  0x00000297e62b3fd0 JavaThread "JavaFX-Launcher" [_thread_blocked, id=18844, stack(0x000000df23d00000,0x000000df23e00000)]
  0x00000297e684d0c0 JavaThread "Prism Font Disposer" daemon [_thread_blocked, id=18780, stack(0x000000df24700000,0x000000df24800000)]
  0x00000297e684e600 JavaThread "Cleaner-0" daemon [_thread_blocked, id=2860, stack(0x000000df24300000,0x000000df24400000)]

Other Threads:
=>0x00000297e158c830 VMThread "VM Thread" [stack: 0x000000df22800000,0x000000df22900000] [id=2176]
  0x00000297c2dce220 WorkerThread "GC Thread#0" [stack: 0x000000df22300000,0x000000df22400000] [id=16304]
  0x00000297e67e05f0 WorkerThread "GC Thread#1" [stack: 0x000000df23e00000,0x000000df23f00000] [id=13724]
  0x00000297e67a7a50 WorkerThread "GC Thread#2" [stack: 0x000000df23f00000,0x000000df24000000] [id=14040]
  0x00000297e67c23a0 WorkerThread "GC Thread#3" [stack: 0x000000df24000000,0x000000df24100000] [id=14292]
  0x00000297e67d58f0 WorkerThread "GC Thread#4" [stack: 0x000000df24100000,0x000000df24200000] [id=4840]
  0x00000297e67d3cd0 WorkerThread "GC Thread#5" [stack: 0x000000df24200000,0x000000df24300000] [id=15572]
  0x00000297e67d3fa0 WorkerThread "GC Thread#6" [stack: 0x000000df23300000,0x000000df23400000] [id=20592]
  0x00000297e67d4ae0 WorkerThread "GC Thread#7" [stack: 0x000000df24800000,0x000000df24900000] [id=4568]
  0x00000297c2ddf0e0 ConcurrentGCThread "G1 Main Marker" terminated
  0x00000297c2ddfb10 WorkerThread "G1 Conc#0" [stack: 0x000000df22500000,0x000000df22600000] [id=17976]
  0x00000297c2e3e340 ConcurrentGCThread "G1 Refine#0" terminated
  0x00000297c2e3ea90 ConcurrentGCThread "G1 Service" terminated

Threads with active compile tasks:

VM state: at safepoint (shutting down)

VM Mutex/Monitor currently owned by a thread:  ([mutex/lock_event])
[0x00000297c2d6cc20] Threads_lock - owner thread: 0x00000297e158c830
[0x00000297c2d6bd80] Heap_lock - owner thread: 0x00000297e6589580

Heap address: 0x0000000081200000, size: 2030 MB, Compressed Oops mode: 32-bit

CDS archive(s) mapped at: [0x0000000800000000-0x0000000800c40000-0x0000000800c40000), size 12845056, SharedBaseAddress: 0x0000000800000000, ArchiveRelocationMode: 0.
Compressed class space mapped at: 0x0000000801000000-0x0000000841000000, reserved size: 1073741824
Narrow klass base: 0x0000000800000000, Narrow klass shift: 0, Narrow klass range: 0x100000000

GC Precious Log:
 CardTable entry size: 512
 Card Set container configuration: InlinePtr #cards 5 size 8 Array Of Cards #cards 12 size 40 Howl #buckets 4 coarsen threshold 1843 Howl Bitmap #cards 512 size 80 coarsen threshold 460 Card regions per heap region 1 cards per card region 2048
 CPUs: 8 total, 8 available
 Memory: 8112M
 Large Page Support: Disabled
 NUMA Support: Disabled
 Compressed Oops: Enabled (32-bit)
 Heap Region Size: 1M
 Heap Min Capacity: 8M
 Heap Initial Capacity: 128M
 Heap Max Capacity: 2030M
 Pre-touch: Disabled
 Parallel Workers: 8
 Concurrent Workers: 2
 Concurrent Refinement Workers: 8
 Periodic GC: Disabled

Heap:
 garbage-first heap   total 131072K, used 41496K [0x0000000081200000, 0x0000000100000000)
  region size 1024K, 22 young (22528K), 4 survivors (4096K)
 Metaspace       used 16690K, committed 17024K, reserved 1114112K
  class space    used 2327K, committed 2496K, reserved 1048576K

Heap Regions: E=young(eden), S=young(survivor), O=old, HS=humongous(starts), HC=humongous(continues), CS=collection set, F=free, OA=open archive, CA=closed archive, TAMS=top-at-mark-start (previous, next)
|   0|0x0000000081200000, 0x0000000081300000, 0x0000000081300000|100%|HS|  |TAMS 0x0000000081200000, 0x0000000081200000| Complete 
|   1|0x0000000081300000, 0x0000000081400000, 0x0000000081400000|100%|HC|  |TAMS 0x0000000081300000, 0x0000000081300000| Complete 
|   2|0x0000000081400000, 0x0000000081500000, 0x0000000081500000|100%|HC|  |TAMS 0x0000000081400000, 0x0000000081400000| Complete 
|   3|0x0000000081500000, 0x0000000081600000, 0x0000000081600000|100%|HC|  |TAMS 0x0000000081500000, 0x0000000081500000| Complete 
|   4|0x0000000081600000, 0x0000000081700000, 0x0000000081700000|100%|HC|  |TAMS 0x0000000081600000, 0x0000000081600000| Complete 
|   5|0x0000000081700000, 0x0000000081800000, 0x0000000081800000|100%|HC|  |TAMS 0x0000000081700000, 0x0000000081700000| Complete 
|   6|0x0000000081800000, 0x0000000081900000, 0x0000000081900000|100%|HS|  |TAMS 0x0000000081800000, 0x0000000081800000| Complete 
|   7|0x0000000081900000, 0x0000000081a00000, 0x0000000081a00000|100%|HC|  |TAMS 0x0000000081900000, 0x0000000081900000| Complete 
|   8|0x0000000081a00000, 0x0000000081b00000, 0x0000000081b00000|100%|HC|  |TAMS 0x0000000081a00000, 0x0000000081a00000| Complete 
|   9|0x0000000081b00000, 0x0000000081c00000, 0x0000000081c00000|100%|HS|  |TAMS 0x0000000081b00000, 0x0000000081b00000| Complete 
|  10|0x0000000081c00000, 0x0000000081d00000, 0x0000000081d00000|100%|HC|  |TAMS 0x0000000081c00000, 0x0000000081c00000| Complete 
|  11|0x0000000081d00000, 0x0000000081e00000, 0x0000000081e00000|100%| O|  |TAMS 0x0000000081d00000, 0x0000000081d00000| Untracked 
|  12|0x0000000081e00000, 0x0000000081f00000, 0x0000000081f00000|100%| O|  |TAMS 0x0000000081e00000, 0x0000000081e00000| Untracked 
|  13|0x0000000081f00000, 0x0000000081f86000, 0x0000000082000000| 52%| O|  |TAMS 0x0000000081f00000, 0x0000000081f00000| Untracked 
|  14|0x0000000082000000, 0x0000000082100000, 0x0000000082100000|100%|HS|  |TAMS 0x0000000082000000, 0x0000000082000000| Complete 
|  15|0x0000000082100000, 0x0000000082200000, 0x0000000082200000|100%|HC|  |TAMS 0x0000000082100000, 0x0000000082100000| Complete 
|  16|0x0000000082200000, 0x0000000082300000, 0x0000000082300000|100%|HC|  |TAMS 0x0000000082200000, 0x0000000082200000| Complete 
|  17|0x0000000082300000, 0x0000000082400000, 0x0000000082400000|100%|HS|  |TAMS 0x0000000082300000, 0x0000000082300000| Complete 
|  18|0x0000000082400000, 0x0000000082500000, 0x0000000082500000|100%|HC|  |TAMS 0x0000000082400000, 0x0000000082400000| Complete 
|  19|0x0000000082500000, 0x0000000082600000, 0x0000000082600000|100%|HC|  |TAMS 0x0000000082500000, 0x0000000082500000| Complete 
|  20|0x0000000082600000, 0x0000000082600000, 0x0000000082700000|  0%| F|  |TAMS 0x0000000082600000, 0x0000000082600000| Untracked 
|  21|0x0000000082700000, 0x0000000082700000, 0x0000000082800000|  0%| F|  |TAMS 0x0000000082700000, 0x0000000082700000| Untracked 
|  22|0x0000000082800000, 0x0000000082800000, 0x0000000082900000|  0%| F|  |TAMS 0x0000000082800000, 0x0000000082800000| Untracked 
|  23|0x0000000082900000, 0x0000000082900000, 0x0000000082a00000|  0%| F|  |TAMS 0x0000000082900000, 0x0000000082900000| Untracked 
|  24|0x0000000082a00000, 0x0000000082a00000, 0x0000000082b00000|  0%| F|  |TAMS 0x0000000082a00000, 0x0000000082a00000| Untracked 
|  25|0x0000000082b00000, 0x0000000082b00000, 0x0000000082c00000|  0%| F|  |TAMS 0x0000000082b00000, 0x0000000082b00000| Untracked 
|  26|0x0000000082c00000, 0x0000000082c00000, 0x0000000082d00000|  0%| F|  |TAMS 0x0000000082c00000, 0x0000000082c00000| Untracked 
|  27|0x0000000082d00000, 0x0000000082d00000, 0x0000000082e00000|  0%| F|  |TAMS 0x0000000082d00000, 0x0000000082d00000| Untracked 
|  28|0x0000000082e00000, 0x0000000082e00000, 0x0000000082f00000|  0%| F|  |TAMS 0x0000000082e00000, 0x0000000082e00000| Untracked 
|  29|0x0000000082f00000, 0x0000000082f00000, 0x0000000083000000|  0%| F|  |TAMS 0x0000000082f00000, 0x0000000082f00000| Untracked 
|  30|0x0000000083000000, 0x0000000083000000, 0x0000000083100000|  0%| F|  |TAMS 0x0000000083000000, 0x0000000083000000| Untracked 
|  31|0x0000000083100000, 0x0000000083100000, 0x0000000083200000|  0%| F|  |TAMS 0x0000000083100000, 0x0000000083100000| Untracked 
|  32|0x0000000083200000, 0x0000000083200000, 0x0000000083300000|  0%| F|  |TAMS 0x0000000083200000, 0x0000000083200000| Untracked 
|  33|0x0000000083300000, 0x0000000083300000, 0x0000000083400000|  0%| F|  |TAMS 0x0000000083300000, 0x0000000083300000| Untracked 
|  34|0x0000000083400000, 0x0000000083400000, 0x0000000083500000|  0%| F|  |TAMS 0x0000000083400000, 0x0000000083400000| Untracked 
|  35|0x0000000083500000, 0x0000000083500000, 0x0000000083600000|  0%| F|  |TAMS 0x0000000083500000, 0x0000000083500000| Untracked 
|  36|0x0000000083600000, 0x0000000083600000, 0x0000000083700000|  0%| F|  |TAMS 0x0000000083600000, 0x0000000083600000| Untracked 
|  37|0x0000000083700000, 0x0000000083700000, 0x0000000083800000|  0%| F|  |TAMS 0x0000000083700000, 0x0000000083700000| Untracked 
|  38|0x0000000083800000, 0x0000000083800000, 0x0000000083900000|  0%| F|  |TAMS 0x0000000083800000, 0x0000000083800000| Untracked 
|  39|0x0000000083900000, 0x0000000083900000, 0x0000000083a00000|  0%| F|  |TAMS 0x0000000083900000, 0x0000000083900000| Untracked 
|  40|0x0000000083a00000, 0x0000000083a00000, 0x0000000083b00000|  0%| F|  |TAMS 0x0000000083a00000, 0x0000000083a00000| Untracked 
|  41|0x0000000083b00000, 0x0000000083b00000, 0x0000000083c00000|  0%| F|  |TAMS 0x0000000083b00000, 0x0000000083b00000| Untracked 
|  42|0x0000000083c00000, 0x0000000083c00000, 0x0000000083d00000|  0%| F|  |TAMS 0x0000000083c00000, 0x0000000083c00000| Untracked 
|  43|0x0000000083d00000, 0x0000000083d00000, 0x0000000083e00000|  0%| F|  |TAMS 0x0000000083d00000, 0x0000000083d00000| Untracked 
|  44|0x0000000083e00000, 0x0000000083e00000, 0x0000000083f00000|  0%| F|  |TAMS 0x0000000083e00000, 0x0000000083e00000| Untracked 
|  45|0x0000000083f00000, 0x0000000083f00000, 0x0000000084000000|  0%| F|  |TAMS 0x0000000083f00000, 0x0000000083f00000| Untracked 
|  46|0x0000000084000000, 0x0000000084000000, 0x0000000084100000|  0%| F|  |TAMS 0x0000000084000000, 0x0000000084000000| Untracked 
|  47|0x0000000084100000, 0x0000000084100000, 0x0000000084200000|  0%| F|  |TAMS 0x0000000084100000, 0x0000000084100000| Untracked 
|  48|0x0000000084200000, 0x0000000084200000, 0x0000000084300000|  0%| F|  |TAMS 0x0000000084200000, 0x0000000084200000| Untracked 
|  49|0x0000000084300000, 0x0000000084300000, 0x0000000084400000|  0%| F|  |TAMS 0x0000000084300000, 0x0000000084300000| Untracked 
|  50|0x0000000084400000, 0x0000000084400000, 0x0000000084500000|  0%| F|  |TAMS 0x0000000084400000, 0x0000000084400000| Untracked 
|  51|0x0000000084500000, 0x0000000084500000, 0x0000000084600000|  0%| F|  |TAMS 0x0000000084500000, 0x0000000084500000| Untracked 
|  52|0x0000000084600000, 0x0000000084600000, 0x0000000084700000|  0%| F|  |TAMS 0x0000000084600000, 0x0000000084600000| Untracked 
|  53|0x0000000084700000, 0x0000000084700000, 0x0000000084800000|  0%| F|  |TAMS 0x0000000084700000, 0x0000000084700000| Untracked 
|  54|0x0000000084800000, 0x0000000084800000, 0x0000000084900000|  0%| F|  |TAMS 0x0000000084800000, 0x0000000084800000| Untracked 
|  55|0x0000000084900000, 0x0000000084900000, 0x0000000084a00000|  0%| F|  |TAMS 0x0000000084900000, 0x0000000084900000| Untracked 
|  56|0x0000000084a00000, 0x0000000084a00000, 0x0000000084b00000|  0%| F|  |TAMS 0x0000000084a00000, 0x0000000084a00000| Untracked 
|  57|0x0000000084b00000, 0x0000000084b00000, 0x0000000084c00000|  0%| F|  |TAMS 0x0000000084b00000, 0x0000000084b00000| Untracked 
|  58|0x0000000084c00000, 0x0000000084c00000, 0x0000000084d00000|  0%| F|  |TAMS 0x0000000084c00000, 0x0000000084c00000| Untracked 
|  59|0x0000000084d00000, 0x0000000084d00000, 0x0000000084e00000|  0%| F|  |TAMS 0x0000000084d00000, 0x0000000084d00000| Untracked 
|  60|0x0000000084e00000, 0x0000000084e00000, 0x0000000084f00000|  0%| F|  |TAMS 0x0000000084e00000, 0x0000000084e00000| Untracked 
|  61|0x0000000084f00000, 0x0000000084f00000, 0x0000000085000000|  0%| F|  |TAMS 0x0000000084f00000, 0x0000000084f00000| Untracked 
|  62|0x0000000085000000, 0x0000000085000000, 0x0000000085100000|  0%| F|  |TAMS 0x0000000085000000, 0x0000000085000000| Untracked 
|  63|0x0000000085100000, 0x0000000085100000, 0x0000000085200000|  0%| F|  |TAMS 0x0000000085100000, 0x0000000085100000| Untracked 
|  64|0x0000000085200000, 0x0000000085200000, 0x0000000085300000|  0%| F|  |TAMS 0x0000000085200000, 0x0000000085200000| Untracked 
|  65|0x0000000085300000, 0x0000000085300000, 0x0000000085400000|  0%| F|  |TAMS 0x0000000085300000, 0x0000000085300000| Untracked 
|  66|0x0000000085400000, 0x0000000085400000, 0x0000000085500000|  0%| F|  |TAMS 0x0000000085400000, 0x0000000085400000| Untracked 
|  67|0x0000000085500000, 0x0000000085500000, 0x0000000085600000|  0%| F|  |TAMS 0x0000000085500000, 0x0000000085500000| Untracked 
|  68|0x0000000085600000, 0x0000000085600000, 0x0000000085700000|  0%| F|  |TAMS 0x0000000085600000, 0x0000000085600000| Untracked 
|  69|0x0000000085700000, 0x0000000085700000, 0x0000000085800000|  0%| F|  |TAMS 0x0000000085700000, 0x0000000085700000| Untracked 
|  70|0x0000000085800000, 0x0000000085800000, 0x0000000085900000|  0%| F|  |TAMS 0x0000000085800000, 0x0000000085800000| Untracked 
|  71|0x0000000085900000, 0x0000000085900000, 0x0000000085a00000|  0%| F|  |TAMS 0x0000000085900000, 0x0000000085900000| Untracked 
|  72|0x0000000085a00000, 0x0000000085a00000, 0x0000000085b00000|  0%| F|  |TAMS 0x0000000085a00000, 0x0000000085a00000| Untracked 
|  73|0x0000000085b00000, 0x0000000085b00000, 0x0000000085c00000|  0%| F|  |TAMS 0x0000000085b00000, 0x0000000085b00000| Untracked 
|  74|0x0000000085c00000, 0x0000000085c00000, 0x0000000085d00000|  0%| F|  |TAMS 0x0000000085c00000, 0x0000000085c00000| Untracked 
|  75|0x0000000085d00000, 0x0000000085d00000, 0x0000000085e00000|  0%| F|  |TAMS 0x0000000085d00000, 0x0000000085d00000| Untracked 
|  76|0x0000000085e00000, 0x0000000085e00000, 0x0000000085f00000|  0%| F|  |TAMS 0x0000000085e00000, 0x0000000085e00000| Untracked 
|  77|0x0000000085f00000, 0x0000000085f00000, 0x0000000086000000|  0%| F|  |TAMS 0x0000000085f00000, 0x0000000085f00000| Untracked 
|  78|0x0000000086000000, 0x0000000086000000, 0x0000000086100000|  0%| F|  |TAMS 0x0000000086000000, 0x0000000086000000| Untracked 
|  79|0x0000000086100000, 0x0000000086100000, 0x0000000086200000|  0%| F|  |TAMS 0x0000000086100000, 0x0000000086100000| Untracked 
|  80|0x0000000086200000, 0x0000000086200000, 0x0000000086300000|  0%| F|  |TAMS 0x0000000086200000, 0x0000000086200000| Untracked 
|  81|0x0000000086300000, 0x0000000086300000, 0x0000000086400000|  0%| F|  |TAMS 0x0000000086300000, 0x0000000086300000| Untracked 
|  82|0x0000000086400000, 0x0000000086400000, 0x0000000086500000|  0%| F|  |TAMS 0x0000000086400000, 0x0000000086400000| Untracked 
|  83|0x0000000086500000, 0x0000000086500000, 0x0000000086600000|  0%| F|  |TAMS 0x0000000086500000, 0x0000000086500000| Untracked 
|  84|0x0000000086600000, 0x0000000086600000, 0x0000000086700000|  0%| F|  |TAMS 0x0000000086600000, 0x0000000086600000| Untracked 
|  85|0x0000000086700000, 0x0000000086700000, 0x0000000086800000|  0%| F|  |TAMS 0x0000000086700000, 0x0000000086700000| Untracked 
|  86|0x0000000086800000, 0x0000000086800000, 0x0000000086900000|  0%| F|  |TAMS 0x0000000086800000, 0x0000000086800000| Untracked 
|  87|0x0000000086900000, 0x0000000086a00000, 0x0000000086a00000|100%| S|CS|TAMS 0x0000000086900000, 0x0000000086900000| Complete 
|  88|0x0000000086a00000, 0x0000000086b00000, 0x0000000086b00000|100%| S|CS|TAMS 0x0000000086a00000, 0x0000000086a00000| Complete 
|  89|0x0000000086b00000, 0x0000000086c00000, 0x0000000086c00000|100%| S|CS|TAMS 0x0000000086b00000, 0x0000000086b00000| Complete 
|  90|0x0000000086c00000, 0x0000000086d00000, 0x0000000086d00000|100%| S|CS|TAMS 0x0000000086c00000, 0x0000000086c00000| Complete 
|  91|0x0000000086d00000, 0x0000000086d00000, 0x0000000086e00000|  0%| F|  |TAMS 0x0000000086d00000, 0x0000000086d00000| Untracked 
|  92|0x0000000086e00000, 0x0000000086e00000, 0x0000000086f00000|  0%| F|  |TAMS 0x0000000086e00000, 0x0000000086e00000| Untracked 
|  93|0x0000000086f00000, 0x0000000086f00000, 0x0000000087000000|  0%| F|  |TAMS 0x0000000086f00000, 0x0000000086f00000| Untracked 
|  94|0x0000000087000000, 0x0000000087000000, 0x0000000087100000|  0%| F|  |TAMS 0x0000000087000000, 0x0000000087000000| Untracked 
|  95|0x0000000087100000, 0x0000000087100000, 0x0000000087200000|  0%| F|  |TAMS 0x0000000087100000, 0x0000000087100000| Untracked 
|  96|0x0000000087200000, 0x0000000087200000, 0x0000000087300000|  0%| F|  |TAMS 0x0000000087200000, 0x0000000087200000| Untracked 
|  97|0x0000000087300000, 0x0000000087300000, 0x0000000087400000|  0%| F|  |TAMS 0x0000000087300000, 0x0000000087300000| Untracked 
|  98|0x0000000087400000, 0x0000000087400000, 0x0000000087500000|  0%| F|  |TAMS 0x0000000087400000, 0x0000000087400000| Untracked 
|  99|0x0000000087500000, 0x0000000087500000, 0x0000000087600000|  0%| F|  |TAMS 0x0000000087500000, 0x0000000087500000| Untracked 
| 100|0x0000000087600000, 0x0000000087600000, 0x0000000087700000|  0%| F|  |TAMS 0x0000000087600000, 0x0000000087600000| Untracked 
| 101|0x0000000087700000, 0x0000000087700000, 0x0000000087800000|  0%| F|  |TAMS 0x0000000087700000, 0x0000000087700000| Untracked 
| 102|0x0000000087800000, 0x0000000087800000, 0x0000000087900000|  0%| F|  |TAMS 0x0000000087800000, 0x0000000087800000| Untracked 
| 103|0x0000000087900000, 0x0000000087900000, 0x0000000087a00000|  0%| F|  |TAMS 0x0000000087900000, 0x0000000087900000| Untracked 
| 104|0x0000000087a00000, 0x0000000087a00000, 0x0000000087b00000|  0%| F|  |TAMS 0x0000000087a00000, 0x0000000087a00000| Untracked 
| 105|0x0000000087b00000, 0x0000000087b00000, 0x0000000087c00000|  0%| F|  |TAMS 0x0000000087b00000, 0x0000000087b00000| Untracked 
| 106|0x0000000087c00000, 0x0000000087c00000, 0x0000000087d00000|  0%| F|  |TAMS 0x0000000087c00000, 0x0000000087c00000| Untracked 
| 107|0x0000000087d00000, 0x0000000087d00000, 0x0000000087e00000|  0%| F|  |TAMS 0x0000000087d00000, 0x0000000087d00000| Untracked 
| 108|0x0000000087e00000, 0x0000000087e00000, 0x0000000087f00000|  0%| F|  |TAMS 0x0000000087e00000, 0x0000000087e00000| Untracked 
| 109|0x0000000087f00000, 0x0000000087f00000, 0x0000000088000000|  0%| F|  |TAMS 0x0000000087f00000, 0x0000000087f00000| Untracked 
| 110|0x0000000088000000, 0x00000000880352b0, 0x0000000088100000| 20%| E|  |TAMS 0x0000000088000000, 0x0000000088000000| Complete 
| 111|0x0000000088100000, 0x0000000088200000, 0x0000000088200000|100%| E|CS|TAMS 0x0000000088100000, 0x0000000088100000| Complete 
| 112|0x0000000088200000, 0x0000000088300000, 0x0000000088300000|100%| E|CS|TAMS 0x0000000088200000, 0x0000000088200000| Complete 
| 113|0x0000000088300000, 0x0000000088400000, 0x0000000088400000|100%| E|CS|TAMS 0x0000000088300000, 0x0000000088300000| Complete 
| 114|0x0000000088400000, 0x0000000088500000, 0x0000000088500000|100%| E|CS|TAMS 0x0000000088400000, 0x0000000088400000| Complete 
| 115|0x0000000088500000, 0x0000000088600000, 0x0000000088600000|100%| E|CS|TAMS 0x0000000088500000, 0x0000000088500000| Complete 
| 116|0x0000000088600000, 0x0000000088700000, 0x0000000088700000|100%| E|CS|TAMS 0x0000000088600000, 0x0000000088600000| Complete 
| 117|0x0000000088700000, 0x0000000088800000, 0x0000000088800000|100%| E|CS|TAMS 0x0000000088700000, 0x0000000088700000| Complete 
| 118|0x0000000088800000, 0x0000000088900000, 0x0000000088900000|100%| E|CS|TAMS 0x0000000088800000, 0x0000000088800000| Complete 
| 119|0x0000000088900000, 0x0000000088a00000, 0x0000000088a00000|100%| E|CS|TAMS 0x0000000088900000, 0x0000000088900000| Complete 
| 120|0x0000000088a00000, 0x0000000088b00000, 0x0000000088b00000|100%| E|CS|TAMS 0x0000000088a00000, 0x0000000088a00000| Complete 
| 121|0x0000000088b00000, 0x0000000088c00000, 0x0000000088c00000|100%| E|CS|TAMS 0x0000000088b00000, 0x0000000088b00000| Complete 
| 122|0x0000000088c00000, 0x0000000088d00000, 0x0000000088d00000|100%| E|CS|TAMS 0x0000000088c00000, 0x0000000088c00000| Complete 
| 123|0x0000000088d00000, 0x0000000088e00000, 0x0000000088e00000|100%| E|CS|TAMS 0x0000000088d00000, 0x0000000088d00000| Complete 
| 124|0x0000000088e00000, 0x0000000088f00000, 0x0000000088f00000|100%| E|CS|TAMS 0x0000000088e00000, 0x0000000088e00000| Complete 
| 125|0x0000000088f00000, 0x0000000089000000, 0x0000000089000000|100%| E|CS|TAMS 0x0000000088f00000, 0x0000000088f00000| Complete 
| 126|0x0000000089000000, 0x0000000089100000, 0x0000000089100000|100%| E|CS|TAMS 0x0000000089000000, 0x0000000089000000| Complete 
| 127|0x0000000089100000, 0x0000000089200000, 0x0000000089200000|100%| E|CS|TAMS 0x0000000089100000, 0x0000000089100000| Complete 

Card table byte_map: [0x00000297da410000,0x00000297da810000] _byte_map_base: 0x00000297da007000

Marking Bits (Prev, Next): (CMBitMap*) 0x00000297c2dce850, (CMBitMap*) 0x00000297c2dce890
 Prev Bits: [0x00000297dac10000, 0x00000297dcbc8000)
 Next Bits: [0x00000297dcbd0000, 0x00000297deb88000)

Polling page: 0x00000297c0d80000

Metaspace:

Usage:
  Non-class:     14.03 MB used.
      Class:      2.27 MB used.
       Both:     16.30 MB used.

Virtual space:
  Non-class space:       64.00 MB reserved,      14.19 MB ( 22%) committed,  1 nodes.
      Class space:        1.00 GB reserved,       2.44 MB ( <1%) committed,  1 nodes.
             Both:        1.06 GB reserved,      16.62 MB (  2%) committed. 

Chunk freelists:
   Non-Class:  1.20 MB
       Class:  1.41 MB
        Both:  2.62 MB

MaxMetaspaceSize: unlimited
CompressedClassSpaceSize: 1.00 GB
Initial GC threshold: 21.00 MB
Current GC threshold: 21.00 MB
CDS: on
MetaspaceReclaimPolicy: balanced
 - commit_granule_bytes: 65536.
 - commit_granule_words: 8192.
 - virtual_space_node_default_size: 8388608.
 - enlarge_chunks_in_place: 1.
 - new_chunks_are_fully_committed: 0.
 - uncommit_free_chunks: 1.
 - use_allocation_guard: 0.


Internal statistics:

num_allocs_failed_limit: 0.
num_arena_births: 334.
num_arena_deaths: 0.
num_vsnodes_births: 2.
num_vsnodes_deaths: 0.
num_space_committed: 266.
num_space_uncommitted: 0.
num_chunks_returned_to_freelist: 0.
num_chunks_taken_from_freelist: 894.
num_chunk_merges: 0.
num_chunk_splits: 645.
num_chunks_enlarged: 502.
num_inconsistent_stats: 0.

CodeHeap 'non-profiled nmethods': size=120000Kb used=1951Kb max_used=1951Kb free=118049Kb
 bounds [0x00000297d27b0000, 0x00000297d2a20000, 0x00000297d9ce0000]
CodeHeap 'profiled nmethods': size=120000Kb used=8075Kb max_used=8075Kb free=111924Kb
 bounds [0x00000297cace0000, 0x00000297cb4d0000, 0x00000297d2210000]
CodeHeap 'non-nmethods': size=5760Kb used=1544Kb max_used=1626Kb free=4215Kb
 bounds [0x00000297d2210000, 0x00000297d2480000, 0x00000297d27b0000]
 total_blobs=4824 nmethods=3992 adapters=740
 compilation: enabled
              stopped_count=0, restarted_count=0
 full_count=0

Compilation events (20 events):
Event: 88.185 Thread 0x00000297e15b5f80 3990       4       com.sun.javafx.scene.NodeHelper::markDirtyImpl (11 bytes)
Event: 88.202 Thread 0x00000297e15b5f80 nmethod 3990 0x00000297d2996b10 code [0x00000297d2996ce0, 0x00000297d29974d8]
Event: 88.867 Thread 0x00000297e15b84c0 3991       3       javafx.scene.Scene$TargetWrapper::fillHierarchy (63 bytes)
Event: 88.867 Thread 0x00000297e15b5f80 3992       4       java.util.stream.ReferencePipeline$3$1::accept (23 bytes)
Event: 88.867 Thread 0x00000297e15b84c0 nmethod 3991 0x00000297cb4ac510 code [0x00000297cb4ac720, 0x00000297cb4acfd8]
Event: 88.867 Thread 0x00000297e15b5f80 nmethod 3992 0x00000297d2997890 code [0x00000297d2997a20, 0x00000297d2997af8]
Event: 88.985 Thread 0x00000297e15b84c0 3993       3       javafx.scene.layout.Region::computeChildPrefAreaHeight (273 bytes)
Event: 88.991 Thread 0x00000297e15b84c0 nmethod 3993 0x00000297cb4ad210 code [0x00000297cb4ada60, 0x00000297cb4b24d8]
Event: 88.991 Thread 0x00000297e15b84c0 3994       3       javafx.scene.layout.GridPane::getRowMinHeight (36 bytes)
Event: 88.991 Thread 0x00000297e15b84c0 nmethod 3994 0x00000297cb4b3b90 code [0x00000297cb4b3da0, 0x00000297cb4b4248]
Event: 88.991 Thread 0x00000297e15b84c0 3995       3       javafx.scene.layout.GridPane::getRowMaxHeight (36 bytes)
Event: 88.992 Thread 0x00000297e15b84c0 nmethod 3995 0x00000297cb4b4390 code [0x00000297cb4b45a0, 0x00000297cb4b4a48]
Event: 88.992 Thread 0x00000297e15b84c0 3996       3       javafx.scene.layout.GridPane::getColumnMaxWidth (36 bytes)
Event: 88.992 Thread 0x00000297e15b84c0 nmethod 3996 0x00000297cb4b4b90 code [0x00000297cb4b4da0, 0x00000297cb4b5248]
Event: 88.992 Thread 0x00000297e15b84c0 3997       3       javafx.scene.layout.Region::computeChildPrefAreaWidth (271 bytes)
Event: 88.998 Thread 0x00000297e15b84c0 nmethod 3997 0x00000297cb4b5390 code [0x00000297cb4b5be0, 0x00000297cb4ba4c8]
Event: 88.999 Thread 0x00000297e15b84c0 3998       3       javafx.scene.layout.Region::computeChildMinAreaHeight (237 bytes)
Event: 89.003 Thread 0x00000297e15b84c0 nmethod 3998 0x00000297cb4bbc10 code [0x00000297cb4bc400, 0x00000297cb4c0a78]
Event: 89.047 Thread 0x00000297e15b84c0 3999       3       javafx.scene.Node::setFocused (23 bytes)
Event: 89.048 Thread 0x00000297e15b84c0 nmethod 3999 0x00000297cb4c2010 code [0x00000297cb4c2240, 0x00000297cb4c2af8]

GC Heap History (4 events):
Event: 0.857 GC heap before
{Heap before GC invocations=0 (full 0):
 garbage-first heap   total 131072K, used 22528K [0x0000000081200000, 0x0000000100000000)
  region size 1024K, 23 young (23552K), 0 survivors (0K)
 Metaspace       used 5702K, committed 5952K, reserved 1114112K
  class space    used 670K, committed 832K, reserved 1048576K
}
Event: 0.861 GC heap after
{Heap after GC invocations=1 (full 0):
 garbage-first heap   total 131072K, used 2769K [0x0000000081200000, 0x0000000100000000)
  region size 1024K, 3 young (3072K), 3 survivors (3072K)
 Metaspace       used 5702K, committed 5952K, reserved 1114112K
  class space    used 670K, committed 832K, reserved 1048576K
}
Event: 7.085 GC heap before
{Heap before GC invocations=1 (full 0):
 garbage-first heap   total 131072K, used 47825K [0x0000000081200000, 0x0000000100000000)
  region size 1024K, 37 young (37888K), 3 survivors (3072K)
 Metaspace       used 14463K, committed 14784K, reserved 1114112K
  class space    used 2118K, committed 2240K, reserved 1048576K
}
Event: 7.094 GC heap after
{Heap after GC invocations=2 (full 0):
 garbage-first heap   total 131072K, used 17944K [0x0000000081200000, 0x0000000100000000)
  region size 1024K, 4 young (4096K), 4 survivors (4096K)
 Metaspace       used 14463K, committed 14784K, reserved 1114112K
  class space    used 2118K, committed 2240K, reserved 1048576K
}

Dll operation events (20 events):
Event: 0.503 Loaded shared library C:\Users\Gabriel\.openjfx\cache\13\api-ms-win-crt-filesystem-l1-1-0.dll
Event: 0.506 Loaded shared library C:\Users\Gabriel\.openjfx\cache\13\api-ms-win-crt-heap-l1-1-0.dll
Event: 0.509 Loaded shared library C:\Users\Gabriel\.openjfx\cache\13\api-ms-win-crt-locale-l1-1-0.dll
Event: 0.513 Loaded shared library C:\Users\Gabriel\.openjfx\cache\13\api-ms-win-crt-math-l1-1-0.dll
Event: 0.516 Loaded shared library C:\Users\Gabriel\.openjfx\cache\13\api-ms-win-crt-multibyte-l1-1-0.dll
Event: 0.519 Loaded shared library C:\Users\Gabriel\.openjfx\cache\13\api-ms-win-crt-private-l1-1-0.dll
Event: 0.522 Loaded shared library C:\Users\Gabriel\.openjfx\cache\13\api-ms-win-crt-process-l1-1-0.dll
Event: 0.525 Loaded shared library C:\Users\Gabriel\.openjfx\cache\13\api-ms-win-crt-runtime-l1-1-0.dll
Event: 0.529 Loaded shared library C:\Users\Gabriel\.openjfx\cache\13\api-ms-win-crt-stdio-l1-1-0.dll
Event: 0.531 Loaded shared library C:\Users\Gabriel\.openjfx\cache\13\api-ms-win-crt-string-l1-1-0.dll
Event: 0.535 Loaded shared library C:\Users\Gabriel\.openjfx\cache\13\api-ms-win-crt-time-l1-1-0.dll
Event: 0.538 Loaded shared library C:\Users\Gabriel\.openjfx\cache\13\api-ms-win-crt-utility-l1-1-0.dll
Event: 0.557 Loaded shared library C:\Users\Gabriel\.openjfx\cache\13\ucrtbase.dll
Event: 0.562 Loaded shared library C:\Users\Gabriel\.openjfx\cache\13\vcruntime140.dll
Event: 0.572 Loaded shared library C:\Users\Gabriel\.openjfx\cache\13\msvcp140.dll
Event: 0.580 Loaded shared library C:\Users\Gabriel\.openjfx\cache\13\concrt140.dll
Event: 0.622 Loaded shared library C:\Users\Gabriel\.openjfx\cache\13\prism_d3d.dll
Event: 0.672 Loaded shared library C:\Users\Gabriel\.openjfx\cache\13\glass.dll
Event: 0.903 Loaded shared library C:\Users\Gabriel\.openjfx\cache\13\javafx_font.dll
Event: 1.314 Loaded shared library C:\Program Files\Java\jdk-19\bin\jimage.dll

Deoptimization events (20 events):
Event: 86.766 Thread 0x00000297e6589580 Uncommon trap: trap_request=0xffffffd6 fr.pc=0x00000297d298b58c relative=0x000000000000042c
Event: 86.766 Thread 0x00000297e6589580 Uncommon trap: reason=array_check action=maybe_recompile pc=0x00000297d298b58c method=javafx.css.CompoundSelector.applies(Ljavafx/css/Styleable;[Ljava/util/Set;I)Z @ 128 c2
Event: 86.766 Thread 0x00000297e6589580 DEOPT PACKING pc=0x00000297d298b58c sp=0x000000df238fd810
Event: 86.766 Thread 0x00000297e6589580 DEOPT UNPACKING pc=0x00000297d2276da3 sp=0x000000df238fd7a8 mode 2
Event: 86.766 Thread 0x00000297e6589580 Uncommon trap: trap_request=0xffffffd6 fr.pc=0x00000297d298b58c relative=0x000000000000042c
Event: 86.766 Thread 0x00000297e6589580 Uncommon trap: reason=array_check action=maybe_recompile pc=0x00000297d298b58c method=javafx.css.CompoundSelector.applies(Ljavafx/css/Styleable;[Ljava/util/Set;I)Z @ 128 c2
Event: 86.766 Thread 0x00000297e6589580 DEOPT PACKING pc=0x00000297d298b58c sp=0x000000df238fd810
Event: 86.766 Thread 0x00000297e6589580 DEOPT UNPACKING pc=0x00000297d2276da3 sp=0x000000df238fd7a8 mode 2
Event: 86.766 Thread 0x00000297e6589580 Uncommon trap: trap_request=0xffffffd6 fr.pc=0x00000297d298b58c relative=0x000000000000042c
Event: 86.766 Thread 0x00000297e6589580 Uncommon trap: reason=array_check action=maybe_recompile pc=0x00000297d298b58c method=javafx.css.CompoundSelector.applies(Ljavafx/css/Styleable;[Ljava/util/Set;I)Z @ 128 c2
Event: 86.766 Thread 0x00000297e6589580 DEOPT PACKING pc=0x00000297d298b58c sp=0x000000df238fd810
Event: 86.766 Thread 0x00000297e6589580 DEOPT UNPACKING pc=0x00000297d2276da3 sp=0x000000df238fd7a8 mode 2
Event: 86.766 Thread 0x00000297e6589580 Uncommon trap: trap_request=0xffffffd6 fr.pc=0x00000297d298b58c relative=0x000000000000042c
Event: 86.766 Thread 0x00000297e6589580 Uncommon trap: reason=array_check action=maybe_recompile pc=0x00000297d298b58c method=javafx.css.CompoundSelector.applies(Ljavafx/css/Styleable;[Ljava/util/Set;I)Z @ 128 c2
Event: 86.766 Thread 0x00000297e6589580 DEOPT PACKING pc=0x00000297d298b58c sp=0x000000df238fd810
Event: 86.766 Thread 0x00000297e6589580 DEOPT UNPACKING pc=0x00000297d2276da3 sp=0x000000df238fd7a8 mode 2
Event: 89.084 Thread 0x00000297e651abb0 Uncommon trap: trap_request=0xffffff45 fr.pc=0x00000297d2993db4 relative=0x00000000000004d4
Event: 89.084 Thread 0x00000297e651abb0 Uncommon trap: reason=unstable_if action=reinterpret pc=0x00000297d2993db4 method=com.sun.javafx.tk.quantum.QuantumToolkit.postPulse()V @ 7 c2
Event: 89.084 Thread 0x00000297e651abb0 DEOPT PACKING pc=0x00000297d2993db4 sp=0x000000df23cff460
Event: 89.084 Thread 0x00000297e651abb0 DEOPT UNPACKING pc=0x00000297d2276da3 sp=0x000000df23cff380 mode 2

Classes loaded (20 events):
Event: 18.525 Loading class java/lang/foreign/MemorySession done
Event: 18.525 Loading class jdk/internal/foreign/MemorySessionImpl done
Event: 21.909 Loading class java/util/Spliterators$IntArraySpliterator
Event: 21.909 Loading class java/util/Spliterators$IntArraySpliterator done
Event: 21.909 Loading class java/util/stream/ReduceOps$9
Event: 21.909 Loading class java/util/stream/ReduceOps$9 done
Event: 21.910 Loading class java/util/stream/ReduceOps$CountingSink$OfInt
Event: 21.910 Loading class java/util/stream/ReduceOps$CountingSink
Event: 21.910 Loading class java/util/stream/ReduceOps$CountingSink done
Event: 21.910 Loading class java/util/stream/ReduceOps$CountingSink$OfInt done
Event: 21.911 Loading class java/util/stream/Nodes$IntSpinedNodeBuilder
Event: 21.911 Loading class java/util/stream/Node$Builder$OfInt
Event: 21.911 Loading class java/util/stream/Node$Builder$OfInt done
Event: 21.911 Loading class java/util/stream/SpinedBuffer$OfInt
Event: 21.911 Loading class java/util/stream/SpinedBuffer$OfPrimitive
Event: 21.911 Loading class java/util/stream/AbstractSpinedBuffer
Event: 21.911 Loading class java/util/stream/AbstractSpinedBuffer done
Event: 21.911 Loading class java/util/stream/SpinedBuffer$OfPrimitive done
Event: 21.911 Loading class java/util/stream/SpinedBuffer$OfInt done
Event: 21.911 Loading class java/util/stream/Nodes$IntSpinedNodeBuilder done

Classes unloaded (0 events):
No events

Classes redefined (0 events):
No events

Internal exceptions (20 events):
Event: 1.674 Thread 0x00000297e6589580 Exception <a 'java/lang/NoSuchMethodError'{0x0000000087d5c000}: 'int java.lang.invoke.DirectMethodHandle$Holder.invokeSpecial(java.lang.Object, java.lang.Object, java.lang.Object)'> (0x0000000087d5c000) 
thrown [s\open\src\hotspot\share\interpreter\linkResolver.cpp, line 774]
Event: 1.712 Thread 0x00000297e6589580 Exception <a 'java/lang/NoSuchMethodError'{0x0000000087c13820}: 'java.lang.Object java.lang.invoke.DirectMethodHandle$Holder.newInvokeSpecial(java.lang.Object, java.lang.Object, int)'> (0x0000000087c13820) 
thrown [s\open\src\hotspot\share\interpreter\linkResolver.cpp, line 774]
Event: 1.815 Thread 0x00000297e6589580 Exception <a 'java/lang/ClassNotFoundException'{0x000000008776cf70}: com/sun/javafx/scene/control/skin/resources/controls> (0x000000008776cf70) 
thrown [s\open\src\hotspot\share\prims\jni.cpp, line 536]
Event: 1.819 Thread 0x00000297e6589580 Exception <a 'java/lang/ClassNotFoundException'{0x000000008777aaf0}: com/sun/javafx/scene/control/skin/resources/controls_pt> (0x000000008777aaf0) 
thrown [s\open\src\hotspot\share\prims\jni.cpp, line 536]
Event: 1.819 Thread 0x00000297e6589580 Exception <a 'java/lang/ClassNotFoundException'{0x000000008777ba98}: com/sun/javafx/scene/control/skin/resources/controls_pt_BR> (0x000000008777ba98) 
thrown [s\open\src\hotspot\share\prims\jni.cpp, line 536]
Event: 1.876 Thread 0x00000297e6589580 Exception <a 'java/lang/NoSuchMethodError'{0x00000000876fb148}: 'void java.lang.invoke.DirectMethodHandle$Holder.invokeSpecial(java.lang.Object, java.lang.Object, java.lang.Object, java.lang.Object, java.lang.Object, java.lang.Object)'> (0x00000000876fb148) 
thrown [s\open\src\hotspot\share\interpreter\linkResolver.cpp, line 774]
Event: 2.103 Thread 0x00000297e65e03c0 Exception <a 'java/lang/NoSuchMethodError'{0x0000000087259398}: 'int java.lang.invoke.DirectMethodHandle$Holder.invokeStaticInit(java.lang.Object, java.lang.Object)'> (0x0000000087259398) 
thrown [s\open\src\hotspot\share\interpreter\linkResolver.cpp, line 774]
Event: 2.136 Thread 0x00000297e65e03c0 Exception <a 'java/lang/NoSuchMethodError'{0x000000008711bf60}: 'java.lang.Object java.lang.invoke.Invokers$Holder.invokeExact_MT(java.lang.Object, java.lang.Object, java.lang.Object, java.lang.Object, java.lang.Object)'> (0x000000008711bf60) 
thrown [s\open\src\hotspot\share\interpreter\linkResolver.cpp, line 774]
Event: 6.938 Thread 0x00000297e6589580 Exception <a 'java/lang/NoSuchMethodError'{0x0000000086fc61e8}: 'long java.lang.invoke.DirectMethodHandle$Holder.invokeStatic(java.lang.Object, java.lang.Object, java.lang.Object)'> (0x0000000086fc61e8) 
thrown [s\open\src\hotspot\share\interpreter\linkResolver.cpp, line 774]
Event: 6.939 Thread 0x00000297e6589580 Exception <a 'java/lang/NoSuchMethodError'{0x0000000086fc9b10}: 'long java.lang.invoke.DirectMethodHandle$Holder.invokeStaticInit(java.lang.Object, java.lang.Object, java.lang.Object)'> (0x0000000086fc9b10) 
thrown [s\open\src\hotspot\share\interpreter\linkResolver.cpp, line 774]
Event: 6.940 Thread 0x00000297e6589580 Exception <a 'java/lang/NoSuchMethodError'{0x0000000086fe2260}: 'java.lang.Object java.lang.invoke.DirectMethodHandle$Holder.newInvokeSpecial(java.lang.Object, java.lang.Object, long)'> (0x0000000086fe2260) 
thrown [s\open\src\hotspot\share\interpreter\linkResolver.cpp, line 774]
Event: 6.941 Thread 0x00000297e6589580 Exception <a 'java/lang/NoSuchMethodError'{0x0000000086fe5de8}: 'java.lang.Object java.lang.invoke.Invokers$Holder.linkToTargetMethod(java.lang.Object, long, java.lang.Object)'> (0x0000000086fe5de8) 
thrown [s\open\src\hotspot\share\interpreter\linkResolver.cpp, line 774]
Event: 7.074 Thread 0x00000297e6589580 Exception <a 'java/lang/NoSuchMethodError'{0x0000000086db7110}: 'void java.lang.invoke.DirectMethodHandle$Holder.invokeSpecialIFC(java.lang.Object, java.lang.Object, java.lang.Object, java.lang.Object)'> (0x0000000086db7110) 
thrown [s\open\src\hotspot\share\interpreter\linkResolver.cpp, line 774]
Event: 16.383 Thread 0x00000297e6589580 Implicit null exception at 0x00000297d28bc304 to 0x00000297d28bd8f8
Event: 16.448 Thread 0x00000297e65e03c0 Exception <a 'java/lang/NoSuchMethodError'{0x0000000088dd7998}: 'java.lang.Object java.lang.invoke.DirectMethodHandle$Holder.invokeStaticInit(java.lang.Object, int)'> (0x0000000088dd7998) 
thrown [s\open\src\hotspot\share\interpreter\linkResolver.cpp, line 774]
Event: 16.954 Thread 0x00000297e6589580 Implicit null exception at 0x00000297d28e7284 to 0x00000297d28e84d4
Event: 21.450 Thread 0x00000297e6589580 Implicit null exception at 0x00000297d28ff902 to 0x00000297d28ffd44
Event: 40.315 Thread 0x00000297e6589580 Exception <a 'java/lang/NoSuchMethodError'{0x00000000884fbf08}: 'java.lang.Object java.lang.invoke.DirectMethodHandle$Holder.newInvokeSpecial(java.lang.Object, java.lang.Object, int, int, int, int, int, java.lang.Object)'> (0x00000000884fbf08) 
thrown [s\open\src\hotspot\share\interpreter\linkResolver.cpp, line 774]
Event: 40.316 Thread 0x00000297e6589580 Exception <a 'java/lang/NoSuchMethodError'{0x000000008830f640}: 'java.lang.Object java.lang.invoke.DirectMethodHandle$Holder.newInvokeSpecial(java.lang.Object, java.lang.Object, java.lang.Object, int, int, int, int, int)'> (0x000000008830f640) 
thrown [s\open\src\hotspot\share\interpreter\linkResolver.cpp, line 774]
Event: 40.317 Thread 0x00000297e6589580 Exception <a 'java/lang/NoSuchMethodError'{0x0000000088317160}: 'java.lang.Object java.lang.invoke.Invokers$Holder.linkToTargetMethod(java.lang.Object, java.lang.Object, int, int, int, int, int, java.lang.Object)'> (0x0000000088317160) 
thrown [s\open\src\hotspot\share\interpreter\linkResolver.cpp, line 774]

VM Operations (20 events):
Event: 40.165 Executing VM operation: Cleanup done
Event: 41.165 Executing VM operation: Cleanup
Event: 41.165 Executing VM operation: Cleanup done
Event: 43.166 Executing VM operation: Cleanup
Event: 43.166 Executing VM operation: Cleanup done
Event: 44.166 Executing VM operation: Cleanup
Event: 44.166 Executing VM operation: Cleanup done
Event: 56.170 Executing VM operation: Cleanup
Event: 56.170 Executing VM operation: Cleanup done
Event: 57.170 Executing VM operation: Cleanup
Event: 57.170 Executing VM operation: Cleanup done
Event: 58.171 Executing VM operation: Cleanup
Event: 58.171 Executing VM operation: Cleanup done
Event: 63.172 Executing VM operation: Cleanup
Event: 63.173 Executing VM operation: Cleanup done
Event: 87.180 Executing VM operation: Cleanup
Event: 87.180 Executing VM operation: Cleanup done
Event: 88.180 Executing VM operation: Cleanup
Event: 88.181 Executing VM operation: Cleanup done
Event: 89.088 Executing VM operation: Exit

Events (20 events):
Event: 1.591 Thread 0x00000297e684d0c0 Thread added: 0x00000297e684d0c0
Event: 1.969 Thread 0x00000297e5969a80 Thread exited: 0x00000297e5969a80
Event: 2.198 Thread 0x00000297e684e600 Thread added: 0x00000297e684e600
Event: 2.920 Thread 0x00000297e596a5a0 Thread exited: 0x00000297e596a5a0
Event: 7.096 Thread 0x00000297e596a5a0 Thread added: 0x00000297e596a5a0
Event: 7.185 Thread 0x00000297e5967eb0 Thread added: 0x00000297e5967eb0
Event: 7.650 Thread 0x00000297e5967eb0 Thread exited: 0x00000297e5967eb0
Event: 7.651 Thread 0x00000297e596a5a0 Thread exited: 0x00000297e596a5a0
Event: 16.384 Thread 0x00000297e5969a80 Thread added: 0x00000297e5969a80
Event: 16.434 Thread 0x00000297e5968440 Thread added: 0x00000297e5968440
Event: 16.665 Thread 0x00000297e5968440 Thread exited: 0x00000297e5968440
Event: 16.665 Thread 0x00000297e5969a80 Thread exited: 0x00000297e5969a80
Event: 22.715 Thread 0x00000297e5968f60 Thread added: 0x00000297e5968f60
Event: 22.905 Thread 0x00000297e5968f60 Thread exited: 0x00000297e5968f60
Event: 24.929 Thread 0x00000297e5968440 Thread added: 0x00000297e5968440
Event: 25.402 Thread 0x00000297e5968440 Thread exited: 0x00000297e5968440
Event: 89.074 Thread 0x00000297e684d610 Thread added: 0x00000297e684d610
Event: 89.074 Thread 0x00000297e684e0b0 Thread added: 0x00000297e684e0b0
Event: 89.083 Thread 0x00000297e684d610 Thread exited: 0x00000297e684d610
Event: 89.087 Thread 0x00000297e684e0b0 Thread exited: 0x00000297e684e0b0


Dynamic libraries:
0x00007ff6bc370000 - 0x00007ff6bc380000 	C:\Program Files\Java\jdk-19\bin\java.exe
0x00007ffbe8630000 - 0x00007ffbe8828000 	C:\Windows\SYSTEM32\ntdll.dll
0x00007ffbe69e0000 - 0x00007ffbe6a9f000 	C:\Windows\System32\KERNEL32.DLL
0x00007ffbe6170000 - 0x00007ffbe6442000 	C:\Windows\System32\KERNELBASE.dll
0x00007ffbe6530000 - 0x00007ffbe6630000 	C:\Windows\System32\ucrtbase.dll
0x00007ffbd2200000 - 0x00007ffbd2218000 	C:\Program Files\Java\jdk-19\bin\jli.dll
0x00007ffbd2150000 - 0x00007ffbd216b000 	C:\Program Files\Java\jdk-19\bin\VCRUNTIME140.dll
0x00007ffbe6bd0000 - 0x00007ffbe6c7e000 	C:\Windows\System32\ADVAPI32.dll
0x00007ffbe8420000 - 0x00007ffbe84be000 	C:\Windows\System32\msvcrt.dll
0x00007ffbe6fb0000 - 0x00007ffbe704c000 	C:\Windows\System32\sechost.dll
0x00007ffbe84c0000 - 0x00007ffbe85e5000 	C:\Windows\System32\RPCRT4.dll
0x00007ffbe8200000 - 0x00007ffbe839d000 	C:\Windows\System32\USER32.dll
0x00007ffbe6450000 - 0x00007ffbe6472000 	C:\Windows\System32\win32u.dll
0x00007ffbd70e0000 - 0x00007ffbd737a000 	C:\Windows\WinSxS\amd64_microsoft.windows.common-controls_6595b64144ccf1df_6.0.19041.1110_none_60b5254171f9507e\COMCTL32.dll
0x00007ffbe81d0000 - 0x00007ffbe81fb000 	C:\Windows\System32\GDI32.dll
0x00007ffbe5f20000 - 0x00007ffbe602f000 	C:\Windows\System32\gdi32full.dll
0x00007ffbe6060000 - 0x00007ffbe60fd000 	C:\Windows\System32\msvcp_win.dll
0x00007ffbdde50000 - 0x00007ffbdde5a000 	C:\Windows\SYSTEM32\VERSION.dll
0x00007ffbe6dc0000 - 0x00007ffbe6df2000 	C:\Windows\System32\IMM32.DLL
0x00007ffbdfca0000 - 0x00007ffbdfcac000 	C:\Program Files\Java\jdk-19\bin\vcruntime140_1.dll
0x00007ffbc2ca0000 - 0x00007ffbc2d2e000 	C:\Program Files\Java\jdk-19\bin\msvcp140.dll
0x00007ffb75500000 - 0x00007ffb761c0000 	C:\Program Files\Java\jdk-19\bin\server\jvm.dll
0x00007ffbd8810000 - 0x00007ffbd8837000 	C:\Windows\SYSTEM32\WINMM.dll
0x00007ffbe0400000 - 0x00007ffbe0409000 	C:\Windows\SYSTEM32\WSOCK32.dll
0x00007ffbe83a0000 - 0x00007ffbe840b000 	C:\Windows\System32\WS2_32.dll
0x00007ffbe4570000 - 0x00007ffbe4582000 	C:\Windows\SYSTEM32\kernel.appcore.dll
0x00007ffbded50000 - 0x00007ffbded5a000 	C:\Program Files\Java\jdk-19\bin\jimage.dll
0x00007ffbd2850000 - 0x00007ffbd2a34000 	C:\Windows\SYSTEM32\DBGHELP.DLL
0x00007ffbd23f0000 - 0x00007ffbd241c000 	C:\Windows\SYSTEM32\dbgcore.DLL
0x00007ffbe5d30000 - 0x00007ffbe5db2000 	C:\Windows\System32\bcryptPrimitives.dll
0x00007ffbcbd80000 - 0x00007ffbcbda6000 	C:\Program Files\Java\jdk-19\bin\java.dll
0x00007ffbc19d0000 - 0x00007ffbc1aa7000 	C:\Program Files\Java\jdk-19\bin\jsvml.dll
0x00007ffbe7810000 - 0x00007ffbe7f53000 	C:\Windows\System32\SHELL32.dll
0x00007ffbe3dd0000 - 0x00007ffbe4562000 	C:\Windows\SYSTEM32\windows.storage.dll
0x00007ffbe6680000 - 0x00007ffbe69d4000 	C:\Windows\System32\combase.dll
0x00007ffbe5790000 - 0x00007ffbe57c0000 	C:\Windows\SYSTEM32\Wldp.dll
0x00007ffbe6d10000 - 0x00007ffbe6dbd000 	C:\Windows\System32\SHCORE.dll
0x00007ffbe8090000 - 0x00007ffbe80e5000 	C:\Windows\System32\shlwapi.dll
0x00007ffbe5c70000 - 0x00007ffbe5c8f000 	C:\Windows\SYSTEM32\profapi.dll
0x00007ffbd2130000 - 0x00007ffbd2143000 	C:\Program Files\Java\jdk-19\bin\net.dll
0x00007ffbd9bd0000 - 0x00007ffbd9cdc000 	C:\Windows\SYSTEM32\WINHTTP.dll
0x00007ffbe54f0000 - 0x00007ffbe555a000 	C:\Windows\system32\mswsock.dll
0x00007ffbc8700000 - 0x00007ffbc8716000 	C:\Program Files\Java\jdk-19\bin\nio.dll
0x00007ffbc7e60000 - 0x00007ffbc7e78000 	C:\Program Files\Java\jdk-19\bin\zip.dll
0x00000297c2d30000 - 0x00000297c2d33000 	C:\Users\Gabriel\.openjfx\cache\13\api-ms-win-core-console-l1-1-0.dll
0x00000297e1750000 - 0x00000297e1753000 	C:\Users\Gabriel\.openjfx\cache\13\api-ms-win-core-datetime-l1-1-0.dll
0x00000297e1760000 - 0x00000297e1763000 	C:\Users\Gabriel\.openjfx\cache\13\api-ms-win-core-debug-l1-1-0.dll
0x00000297e1770000 - 0x00000297e1773000 	C:\Users\Gabriel\.openjfx\cache\13\api-ms-win-core-errorhandling-l1-1-0.dll
0x00000297e1780000 - 0x00000297e1784000 	C:\Users\Gabriel\.openjfx\cache\13\api-ms-win-core-file-l1-1-0.dll
0x00000297e1790000 - 0x00000297e1793000 	C:\Users\Gabriel\.openjfx\cache\13\api-ms-win-core-file-l1-2-0.dll
0x00000297e17a0000 - 0x00000297e17a3000 	C:\Users\Gabriel\.openjfx\cache\13\api-ms-win-core-file-l2-1-0.dll
0x00000297e17b0000 - 0x00000297e17b3000 	C:\Users\Gabriel\.openjfx\cache\13\api-ms-win-core-handle-l1-1-0.dll
0x00000297e17c0000 - 0x00000297e17c3000 	C:\Users\Gabriel\.openjfx\cache\13\api-ms-win-core-heap-l1-1-0.dll
0x00000297e17d0000 - 0x00000297e17d3000 	C:\Users\Gabriel\.openjfx\cache\13\api-ms-win-core-interlocked-l1-1-0.dll
0x00000297e17e0000 - 0x00000297e17e3000 	C:\Users\Gabriel\.openjfx\cache\13\api-ms-win-core-libraryloader-l1-1-0.dll
0x00000297e17f0000 - 0x00000297e17f3000 	C:\Users\Gabriel\.openjfx\cache\13\api-ms-win-core-localization-l1-2-0.dll
0x00000297e73d0000 - 0x00000297e73d3000 	C:\Users\Gabriel\.openjfx\cache\13\api-ms-win-core-memory-l1-1-0.dll
0x00000297e73e0000 - 0x00000297e73e3000 	C:\Users\Gabriel\.openjfx\cache\13\api-ms-win-core-namedpipe-l1-1-0.dll
0x00000297e73f0000 - 0x00000297e73f3000 	C:\Users\Gabriel\.openjfx\cache\13\api-ms-win-core-processenvironment-l1-1-0.dll
0x00000297e7400000 - 0x00000297e7403000 	C:\Users\Gabriel\.openjfx\cache\13\api-ms-win-core-processthreads-l1-1-0.dll
0x00000297e7410000 - 0x00000297e7413000 	C:\Users\Gabriel\.openjfx\cache\13\api-ms-win-core-processthreads-l1-1-1.dll
0x00000297e7420000 - 0x00000297e7423000 	C:\Users\Gabriel\.openjfx\cache\13\api-ms-win-core-profile-l1-1-0.dll
0x00000297e7430000 - 0x00000297e7433000 	C:\Users\Gabriel\.openjfx\cache\13\api-ms-win-core-rtlsupport-l1-1-0.dll
0x00000297e7440000 - 0x00000297e7443000 	C:\Users\Gabriel\.openjfx\cache\13\api-ms-win-core-string-l1-1-0.dll
0x00000297e7450000 - 0x00000297e7453000 	C:\Users\Gabriel\.openjfx\cache\13\api-ms-win-core-synch-l1-1-0.dll
0x00000297e7460000 - 0x00000297e7463000 	C:\Users\Gabriel\.openjfx\cache\13\api-ms-win-core-synch-l1-2-0.dll
0x00000297e7470000 - 0x00000297e7473000 	C:\Users\Gabriel\.openjfx\cache\13\api-ms-win-core-sysinfo-l1-1-0.dll
0x00000297e7480000 - 0x00000297e7483000 	C:\Users\Gabriel\.openjfx\cache\13\api-ms-win-core-timezone-l1-1-0.dll
0x00000297e7490000 - 0x00000297e7493000 	C:\Users\Gabriel\.openjfx\cache\13\api-ms-win-core-util-l1-1-0.dll
0x00000297e74a0000 - 0x00000297e74a3000 	C:\Users\Gabriel\.openjfx\cache\13\api-ms-win-crt-conio-l1-1-0.dll
0x00000297e74b0000 - 0x00000297e74b4000 	C:\Users\Gabriel\.openjfx\cache\13\api-ms-win-crt-convert-l1-1-0.dll
0x00000297e74c0000 - 0x00000297e74c3000 	C:\Users\Gabriel\.openjfx\cache\13\api-ms-win-crt-environment-l1-1-0.dll
0x00000297e74d0000 - 0x00000297e74d3000 	C:\Users\Gabriel\.openjfx\cache\13\api-ms-win-crt-filesystem-l1-1-0.dll
0x00000297e74e0000 - 0x00000297e74e3000 	C:\Users\Gabriel\.openjfx\cache\13\api-ms-win-crt-heap-l1-1-0.dll
0x00000297e74f0000 - 0x00000297e74f3000 	C:\Users\Gabriel\.openjfx\cache\13\api-ms-win-crt-locale-l1-1-0.dll
0x00000297e7500000 - 0x00000297e7505000 	C:\Users\Gabriel\.openjfx\cache\13\api-ms-win-crt-math-l1-1-0.dll
0x00000297e7510000 - 0x00000297e7515000 	C:\Users\Gabriel\.openjfx\cache\13\api-ms-win-crt-multibyte-l1-1-0.dll
0x00000297e7520000 - 0x00000297e7530000 	C:\Users\Gabriel\.openjfx\cache\13\api-ms-win-crt-private-l1-1-0.dll
0x00000297e7530000 - 0x00000297e7533000 	C:\Users\Gabriel\.openjfx\cache\13\api-ms-win-crt-process-l1-1-0.dll
0x00000297e7540000 - 0x00000297e7544000 	C:\Users\Gabriel\.openjfx\cache\13\api-ms-win-crt-runtime-l1-1-0.dll
0x00000297e7550000 - 0x00000297e7554000 	C:\Users\Gabriel\.openjfx\cache\13\api-ms-win-crt-stdio-l1-1-0.dll
0x00000297e7560000 - 0x00000297e7564000 	C:\Users\Gabriel\.openjfx\cache\13\api-ms-win-crt-string-l1-1-0.dll
0x00000297e7570000 - 0x00000297e7573000 	C:\Users\Gabriel\.openjfx\cache\13\api-ms-win-crt-time-l1-1-0.dll
0x00000297e7580000 - 0x00000297e7583000 	C:\Users\Gabriel\.openjfx\cache\13\api-ms-win-crt-utility-l1-1-0.dll
0x00007ffbba890000 - 0x00007ffbba98c000 	C:\Users\Gabriel\.openjfx\cache\13\ucrtbase.dll
0x00007ffbc6430000 - 0x00007ffbc6445000 	C:\Users\Gabriel\.openjfx\cache\13\vcruntime140.dll
0x00007ffbbf6a0000 - 0x00007ffbbf73b000 	C:\Users\Gabriel\.openjfx\cache\13\msvcp140.dll
0x00007ffbc1970000 - 0x00007ffbc19c1000 	C:\Users\Gabriel\.openjfx\cache\13\concrt140.dll
0x00007ffbc6400000 - 0x00007ffbc6423000 	C:\Users\Gabriel\.openjfx\cache\13\prism_d3d.dll
0x00007ffbd2220000 - 0x00007ffbd23ef000 	C:\Windows\system32\d3d9.dll
0x00007ffbe3900000 - 0x00007ffbe392f000 	C:\Windows\SYSTEM32\dwmapi.dll
0x00007ffbe3720000 - 0x00007ffbe37be000 	C:\Windows\system32\uxtheme.dll
0x00007ffb65c40000 - 0x00007ffb6b44d000 	C:\Windows\System32\DriverStore\FileRepository\igdlh64.inf_amd64_6d1fd205efa7f979\igdumdim64.dll
0x00007ffbe7f60000 - 0x00007ffbe802d000 	C:\Windows\System32\OLEAUT32.dll
0x00007ffbe7060000 - 0x00007ffbe718a000 	C:\Windows\System32\ole32.dll
0x00007ffbe7280000 - 0x00007ffbe76e8000 	C:\Windows\System32\SETUPAPI.dll
0x00007ffbe6630000 - 0x00007ffbe667e000 	C:\Windows\System32\cfgmgr32.dll
0x00007ffbe6030000 - 0x00007ffbe6057000 	C:\Windows\System32\bcrypt.dll
0x00007ffbbf650000 - 0x00007ffbbf695000 	C:\Users\Gabriel\.openjfx\cache\13\glass.dll
0x00007ffbe7190000 - 0x00007ffbe726a000 	C:\Windows\System32\COMDLG32.dll
0x00007ffbe76f0000 - 0x00007ffbe7805000 	C:\Windows\System32\MSCTF.dll
0x00007ffbd8840000 - 0x00007ffbd999e000 	C:\Windows\System32\DriverStore\FileRepository\igdlh64.inf_amd64_6d1fd205efa7f979\igc64.dll
0x00007ffbdb820000 - 0x00007ffbdb85b000 	C:\Windows\SYSTEM32\dxcore.dll
0x00007ffbc0c70000 - 0x00007ffbc0c84000 	C:\Users\Gabriel\.openjfx\cache\13\javafx_font.dll
0x00007ffbca680000 - 0x00007ffbca8ff000 	C:\Windows\SYSTEM32\dwrite.dll
0x00007ffbe6aa0000 - 0x00007ffbe6b4f000 	C:\Windows\System32\clbcatq.dll
0x00007ffbde9d0000 - 0x00007ffbdeb84000 	C:\Windows\SYSTEM32\WindowsCodecs.dll
0x00007ffbc8420000 - 0x00007ffbc845e000 	C:\Windows\system32\dataexchange.dll
0x00007ffbe2780000 - 0x00007ffbe2963000 	C:\Windows\system32\dcomp.dll
0x00007ffbe1af0000 - 0x00007ffbe1d53000 	C:\Windows\system32\d3d11.dll
0x00007ffbe45f0000 - 0x00007ffbe46e3000 	C:\Windows\system32\dxgi.dll
0x00007ffbdef60000 - 0x00007ffbdf160000 	C:\Windows\system32\twinapi.appcore.dll
0x00007ffbdeda0000 - 0x00007ffbdedd4000 	C:\Program Files\Common Files\Microsoft Shared\Ink\rtscom.dll
0x00007ffbce590000 - 0x00007ffbce689000 	C:\Windows\SYSTEM32\textinputframework.dll
0x00007ffbe3050000 - 0x00007ffbe3142000 	C:\Windows\System32\CoreMessaging.dll
0x00007ffbe2970000 - 0x00007ffbe2cce000 	C:\Windows\System32\CoreUIComponents.dll
0x00007ffbe4ec0000 - 0x00007ffbe4ef3000 	C:\Windows\SYSTEM32\ntmarta.dll
0x00007ffbe1990000 - 0x00007ffbe1ae4000 	C:\Windows\SYSTEM32\wintypes.dll
0x00007ffbd86f0000 - 0x00007ffbd8756000 	C:\Windows\system32\Oleacc.dll

dbghelp: loaded successfully - version: 4.0.5 - missing functions: none
symbol engine: initialized successfully - sym options: 0x614 - pdb path: .;C:\Program Files\Java\jdk-19\bin;C:\Windows\SYSTEM32;C:\Windows\WinSxS\amd64_microsoft.windows.common-controls_6595b64144ccf1df_6.0.19041.1110_none_60b5254171f9507e;C:\Program Files\Java\jdk-19\bin\server;C:\Users\Gabriel\.openjfx\cache\13;C:\Windows\System32\DriverStore\FileRepository\igdlh64.inf_amd64_6d1fd205efa7f979;C:\Program Files\Common Files\Microsoft Shared\Ink

VM Arguments:
jvm_args: --module-path=C:\Users\Gabriel\Downloads\teste4\Trabalho-Final-POO\batalha-pokemon\target\classes;C:\Users\Gabriel\.m2\repository\org\openjfx\javafx-base\13\javafx-base-13-win.jar;C:\Users\Gabriel\.m2\repository\org\openjfx\javafx-controls\13\javafx-controls-13-win.jar;C:\Users\Gabriel\.m2\repository\org\openjfx\javafx-fxml\13\javafx-fxml-13-win.jar;C:\Users\Gabriel\.m2\repository\org\openjfx\javafx-graphics\13\javafx-graphics-13-win.jar --add-modules=poo -Djdk.module.main=poo 
java_command: poo/poo.App
java_class_path (initial): C:\Users\Gabriel\.m2\repository\org\openjfx\javafx-base\13\javafx-base-13.jar;C:\Users\Gabriel\.m2\repository\org\openjfx\javafx-controls\13\javafx-controls-13.jar;C:\Users\Gabriel\.m2\repository\org\openjfx\javafx-fxml\13\javafx-fxml-13.jar;C:\Users\Gabriel\.m2\repository\org\openjfx\javafx-graphics\13\javafx-graphics-13.jar
Launcher Type: SUN_STANDARD

[Global flags]
     intx CICompilerCount                          = 4                                         {product} {ergonomic}
     uint ConcGCThreads                            = 2                                         {product} {ergonomic}
     uint G1ConcRefinementThreads                  = 8                                         {product} {ergonomic}
   size_t G1HeapRegionSize                         = 1048576                                   {product} {ergonomic}
    uintx GCDrainStackTargetSize                   = 64                                        {product} {ergonomic}
   size_t InitialHeapSize                          = 134217728                                 {product} {ergonomic}
   size_t MarkStackSize                            = 4194304                                   {product} {ergonomic}
   size_t MaxHeapSize                              = 2128609280                                {product} {ergonomic}
   size_t MaxNewSize                               = 1277165568                                {product} {ergonomic}
   size_t MinHeapDeltaBytes                        = 1048576                                   {product} {ergonomic}
   size_t MinHeapSize                              = 8388608                                   {product} {ergonomic}
    uintx NonNMethodCodeHeapSize                   = 5839372                                {pd product} {ergonomic}
    uintx NonProfiledCodeHeapSize                  = 122909434                              {pd product} {ergonomic}
    uintx ProfiledCodeHeapSize                     = 122909434                              {pd product} {ergonomic}
    uintx ReservedCodeCacheSize                    = 251658240                              {pd product} {ergonomic}
     bool SegmentedCodeCache                       = true                                      {product} {ergonomic}
   size_t SoftMaxHeapSize                          = 2128609280                             {manageable} {ergonomic}
     bool UseCompressedClassPointers               = true                           {product lp64_product} {ergonomic}
     bool UseCompressedOops                        = true                           {product lp64_product} {ergonomic}
     bool UseG1GC                                  = true                                      {product} {ergonomic}
     bool UseLargePagesIndividualAllocation        = false                                  {pd product} {ergonomic}

Logging:
Log output configuration:
 #0: stdout all=off uptime,level,tags foldmultilines=false
 #1: stderr all=off uptime,level,tags foldmultilines=false

Environment Variables:
JAVA_HOME=C:\Program Files\Java\jdk-19
PATH=C:\Program Files\Common Files\Oracle\Java\javapath;C:\Program Files\Eclipse Adoptium\jdk-17.0.4.101-hotspot\bin;C:\Program Files (x86)\Common Files\Oracle\Java\javapath;C:\Windows\system32;C:\Windows;C:\Windows\System32\Wbem;C:\Windows\System32\WindowsPowerShell\v1.0\;C:\Windows\System32\OpenSSH\;C:\Program Files\Git\cmd;C:\Users\Gabriel\AppData\Local\Microsoft\WindowsApps;C:\Users\Gabriel\AppData\Local\Programs\Microsoft VS Code\bin;C:\Users\Gabriel\AppData\Local\GitHubDesktop\bin;C:\Program Files (x86)\Maven\apache-maven-3.8.6\bin;C:\Program Files\Java\jdk-19\bin;
USERNAME=Gabriel
LANG=pt_BR.UTF-8
OS=Windows_NT
PROCESSOR_IDENTIFIER=Intel64 Family 6 Model 94 Stepping 3, GenuineIntel
TMP=C:\Users\Gabriel\AppData\Local\Temp
TEMP=C:\Users\Gabriel\AppData\Local\Temp



---------------  S Y S T E M  ---------------

OS:
 Windows 10 , 64 bit Build 19041 (10.0.19041.2251)
OS uptime: 2 days 2:27 hours

CPU: total 8 (initial active 8) (4 cores per cpu, 2 threads per core) family 6 model 94 stepping 3 microcode 0xcc, cx8, cmov, fxsr, ht, mmx, 3dnowpref, sse, sse2, sse3, ssse3, sse4.1, sse4.2, popcnt, lzcnt, tsc, tscinvbit, avx, avx2, aes, erms, clmul, bmi1, bmi2, rtm, adx, fma, vzeroupper, clflush, clflushopt, rdtscp

Memory: 4k page, system-wide physical 8112M (1122M free)
TotalPageFile size 19888M (AvailPageFile size 7242M)
current process WorkingSet (physical memory assigned to process): 200M, peak: 228M
current process commit charge ("private bytes"): 327M, peak: 351M

vm_info: Java HotSpot(TM) 64-Bit Server VM (19.0.1+10-21) for windows-amd64 JRE (19.0.1+10-21), built on 2022-09-14T12:45:06Z by "mach5one" with MS VC++ 17.1 (VS2022)

END.
