#
# A fatal error has been detected by the Java Runtime Environment:
#
#  EXCEPTION_ACCESS_VIOLATION (0xc0000005) at pc=0x00007ffbc2cd66f0, pid=5172, tid=18552
#
# JRE version: Java(TM) SE Runtime Environment (19.0.1+10) (build 19.0.1+10-21)
# Java VM: Java HotSpot(TM) 64-Bit Server VM (19.0.1+10-21, mixed mode, sharing, tiered, compressed oops, compressed class ptrs, g1 gc, windows-amd64)
# Problematic frame:
# C  [glass.dll+0x266f0]
#
# No core dump will be written. Minidumps are not enabled by default on client versions of Windows
#
# If you would like to submit a bug report, please visit:
#   https://bugreport.java.com/bugreport/crash.jsp
#

---------------  S U M M A R Y ------------

Command Line: --module-path=C:\Users\Gabriel\Downloads\teste4\Trabalho-Final-POO\batalha-pokemon\target\classes;C:\Users\Gabriel\.m2\repository\org\openjfx\javafx-base\13\javafx-base-13-win.jar;C:\Users\Gabriel\.m2\repository\org\openjfx\javafx-controls\13\javafx-controls-13-win.jar;C:\Users\Gabriel\.m2\repository\org\openjfx\javafx-fxml\13\javafx-fxml-13-win.jar;C:\Users\Gabriel\.m2\repository\org\openjfx\javafx-graphics\13\javafx-graphics-13-win.jar --add-modules=poo -Djdk.module.main=poo poo/poo.App

Host: Intel(R) Core(TM) i7-6700HQ CPU @ 2.60GHz, 8 cores, 7G,  Windows 10 , 64 bit Build 19041 (10.0.19041.2251)
Time: Wed Nov 30 11:23:44 2022 Hora oficial do Brasil elapsed time: 38.253348 seconds (0d 0h 0m 38s)

---------------  T H R E A D  ---------------

Current thread (0x00000160a66ddcf0):  VMThread "VM Thread" [stack: 0x0000005ab7500000,0x0000005ab7600000] [id=18552]

Stack: [0x0000005ab7500000,0x0000005ab7600000],  sp=0x0000005ab75ff420,  free space=1021k
Native frames: (J=compiled Java code, j=interpreted, Vv=VM code, C=native code)
C  [glass.dll+0x266f0]


siginfo: EXCEPTION_ACCESS_VIOLATION (0xc0000005), reading address 0x0000000000000000


Registers:
RAX=0x0000000000000000, RBX=0x00000160a66e8488, RCX=0x00000160a66ddcf0, RDX=0x0000005ab75ff420
RSP=0x0000005ab75ff420, RBP=0x00000160ab46a358, RSI=0x00000160ab46a330, RDI=0x0000960d08d8746a
R8 =0x0000000000010002, R9 =0x0000960d08d8746a, R10=0x0000000000008000, R11=0x0000005ab75ff3c0
R12=0x00007ffbc2cd3b84, R13=0x00007ffbb84772a0, R14=0x0000005ab75ff528, R15=0x00000160ab46a330
RIP=0x00007ffbc2cd66f0, EFLAGS=0x0000000000010206


Register to memory mapping:

RIP=0x00007ffbc2cd66f0 glass.dll
RAX=0x0 is NULL
RBX=0x00000160a66e8488 is a global jni handle
RCX=0x00000160a66ddcf0 points into unknown readable memory: 0x00007ffbb82845e8 | e8 45 28 b8 fb 7f 00 00
RDX=0x0000005ab75ff420 points into unknown readable memory: 0x0000000000000000 | 00 00 00 00 00 00 00 00
RSP=0x0000005ab75ff420 points into unknown readable memory: 0x0000000000000000 | 00 00 00 00 00 00 00 00
RBP=0x00000160ab46a358 points into unknown readable memory: 0x0000960d08d8746a | 6a 74 d8 08 0d 96 00 00
RSI=0x00000160ab46a330 points into unknown readable memory: 0x34d9260d09279b61 | 61 9b 27 09 0d 26 d9 34
RDI=0x0000960d08d8746a is an unknown value
R8 =0x0000000000010002 is an unknown value
R9 =0x0000960d08d8746a is an unknown value
R10=0x0000000000008000 is an unknown value
R11=0x0000005ab75ff3c0 points into unknown readable memory: 0x00000160ab46a330 | 30 a3 46 ab 60 01 00 00
R12=0x00007ffbc2cd3b84 glass.dll
R13=0x00007ffbb84772a0 jvm.dll
R14=0x0000005ab75ff528 points into unknown readable memory: 0x0000005ab75ff510 | 10 f5 5f b7 5a 00 00 00
R15=0x00000160ab46a330 points into unknown readable memory: 0x34d9260d09279b61 | 61 9b 27 09 0d 26 d9 34


Top of Stack: (sp=0x0000005ab75ff420)
0x0000005ab75ff420:   0000000000000000 00007ffbe653f05b
0x0000005ab75ff430:   00000160ab46a340 00000160ab46a330
0x0000005ab75ff440:   fffffffffffffffe 00007ffbc2cd3b84
0x0000005ab75ff450:   00000160ab46a338 00007ffbe65442d6
0x0000005ab75ff460:   00000160ab46a340 0000016000000000
0x0000005ab75ff470:   00000160ab46a358 00000160ab46a330
0x0000005ab75ff480:   fffffffffffffffe 0000000000000000
0x0000005ab75ff490:   0000000000000001 00007ffbc2cb0000
0x0000005ab75ff4a0:   0000005ab75ff518 00007ffbe65441fb
0x0000005ab75ff4b0:   0000000000000000 0000005ab75ff528
0x0000005ab75ff4c0:   0000005ab75ff7e0 00007ffbe6620e40
0x0000005ab75ff4d0:   0000000000000000 00007ffbe65441b4
0x0000005ab75ff4e0:   0000000000000000 0000000000000001
0x0000005ab75ff4f0:   0000000000000001 0000005ab75ff518
0x0000005ab75ff500:   0000000000000006 00007ffbc2cd3a12
0x0000005ab75ff510:   00007ffbc2ced118 0000005a00000002 

Instructions: (pc=0x00007ffbc2cd66f0)
0x00007ffbc2cd65f0:   8b 4d 60 e8 98 c9 ff ff 48 8b 55 68 48 8b 8d 08
0x00007ffbc2cd6600:   01 00 00 e8 49 be ff ff 33 d2 33 c9 e8 49 de ff
0x00007ffbc2cd6610:   ff 90 cc cc cc cc cc cc cc cc cc cc cc cc cc cc
0x00007ffbc2cd6620:   48 8d 8a 80 00 00 00 e9 14 e9 fe ff 48 89 54 24
0x00007ffbc2cd6630:   10 55 48 83 ec 20 48 8b ea 48 8d 05 dd ca ff ff
0x00007ffbc2cd6640:   48 83 c4 20 5d c3 cc 40 55 48 8b ea 48 8b 01 33
0x00007ffbc2cd6650:   c9 81 38 05 00 00 c0 0f 94 c1 8b c1 5d c3 cc 40
0x00007ffbc2cd6660:   55 48 83 ec 20 48 8b ea 8a 4d 40 48 83 c4 20 5d
0x00007ffbc2cd6670:   e9 df cd ff ff cc 40 55 48 83 ec 20 48 8b ea e8
0x00007ffbc2cd6680:   fc cb ff ff 8a 4d 38 48 83 c4 20 5d e9 c3 cd ff
0x00007ffbc2cd6690:   ff cc 40 55 48 83 ec 30 48 8b ea 48 8b 01 8b 10
0x00007ffbc2cd66a0:   48 89 4c 24 28 89 54 24 20 4c 8d 0d a4 d1 ff ff
0x00007ffbc2cd66b0:   4c 8b 45 70 8b 55 68 48 8b 4d 60 e8 30 cb ff ff
0x00007ffbc2cd66c0:   90 48 83 c4 30 5d c3 cc cc cc cc cc cc cc cc cc
0x00007ffbc2cd66d0:   40 53 48 83 ec 30 48 c7 44 24 20 fe ff ff ff 48
0x00007ffbc2cd66e0:   8b 1d 2a 64 01 00 48 85 db 74 16 e8 90 85 ff ff
0x00007ffbc2cd66f0:   4c 8b 00 48 8b d3 48 8b c8 41 ff 90 b0 00 00 00
0x00007ffbc2cd6700:   90 48 83 c4 30 5b c3 cc cc cc cc cc cc cc cc cc
0x00007ffbc2cd6710:   40 53 48 83 ec 20 48 8b 1d 9b 65 01 00 48 85 db
0x00007ffbc2cd6720:   74 57 b8 ff ff ff ff f0 0f c1 43 10 83 f8 01 75
0x00007ffbc2cd6730:   3d 48 85 db 74 38 48 8b 0b 48 85 c9 74 0d ff 15
0x00007ffbc2cd6740:   64 0b 00 00 48 c7 03 00 00 00 00 48 8b 4b 08 48
0x00007ffbc2cd6750:   85 c9 74 0d e8 37 c8 ff ff 48 c7 43 08 00 00 00
0x00007ffbc2cd6760:   00 ba 18 00 00 00 48 8b cb e8 22 c8 ff ff 48 c7
0x00007ffbc2cd6770:   05 3f 65 01 00 00 00 00 00 48 83 c4 20 5b c3 cc
0x00007ffbc2cd6780:   40 53 48 83 ec 20 48 8b 1d 0b 65 01 00 48 85 db
0x00007ffbc2cd6790:   74 57 b8 ff ff ff ff f0 0f c1 43 10 83 f8 01 75
0x00007ffbc2cd67a0:   3d 48 85 db 74 38 48 8b 0b 48 85 c9 74 0d ff 15
0x00007ffbc2cd67b0:   f4 0a 00 00 48 c7 03 00 00 00 00 48 8b 4b 08 48
0x00007ffbc2cd67c0:   85 c9 74 0d e8 c7 c7 ff ff 48 c7 43 08 00 00 00
0x00007ffbc2cd67d0:   00 ba 18 00 00 00 48 8b cb e8 b2 c7 ff ff 48 c7
0x00007ffbc2cd67e0:   05 af 64 01 00 00 00 00 00 48 83 c4 20 5b c3 cc 


Stack slot to memory mapping:
stack at sp + 0 slots: 0x0 is NULL
stack at sp + 1 slots: 0x00007ffbe653f05b ucrtbase.dll
stack at sp + 2 slots: 0x00000160ab46a340 points into unknown readable memory: 0x0000960d08d8746a | 6a 74 d8 08 0d 96 00 00
stack at sp + 3 slots: 0x00000160ab46a330 points into unknown readable memory: 0x34d9260d09279b61 | 61 9b 27 09 0d 26 d9 34
stack at sp + 4 slots: 0xfffffffffffffffe is an unknown value
stack at sp + 5 slots: 0x00007ffbc2cd3b84 glass.dll
stack at sp + 6 slots: 0x00000160ab46a338 points into unknown readable memory: 0x0000960d08d8746a | 6a 74 d8 08 0d 96 00 00
stack at sp + 7 slots: 0x00007ffbe65442d6 ucrtbase.dll

VM_Operation (0x0000005ab85fc360): Exit, mode: safepoint, requested by thread 0x00000160ab5187c0


---------------  P R O C E S S  ---------------

Threads class SMR info:
_java_thread_list=0x00000160ab68e7e0, length=19, elements={
0x0000016087eaa0b0, 0x00000160a66f6570, 0x00000160a66f6f70, 0x00000160a66f9220,
0x00000160a66fb770, 0x00000160a66fbcb0, 0x00000160a66fc330, 0x00000160a6704490,
0x00000160a670fa40, 0x00000160a6711fd0, 0x00000160a66cc290, 0x00000160aadfd620,
0x00000160ab45bca0, 0x00000160ab522710, 0x00000160ab5187c0, 0x00000160ab60bec0,
0x00000160ab604950, 0x00000160ab5cf230, 0x00000160ab5cfcd0
}

Java Threads: ( => current thread )
  0x0000016087eaa0b0 JavaThread "main" [_thread_blocked, id=9908, stack(0x0000005ab6f00000,0x0000005ab7000000)]
  0x00000160a66f6570 JavaThread "Reference Handler" daemon [_thread_blocked, id=3684, stack(0x0000005ab7600000,0x0000005ab7700000)]
  0x00000160a66f6f70 JavaThread "Finalizer" daemon [_thread_blocked, id=8592, stack(0x0000005ab7700000,0x0000005ab7800000)]
  0x00000160a66f9220 JavaThread "Signal Dispatcher" daemon [_thread_blocked, id=19428, stack(0x0000005ab7800000,0x0000005ab7900000)]
  0x00000160a66fb770 JavaThread "Attach Listener" daemon [_thread_blocked, id=8396, stack(0x0000005ab7900000,0x0000005ab7a00000)]
  0x00000160a66fbcb0 JavaThread "Service Thread" daemon [_thread_blocked, id=23640, stack(0x0000005ab7a00000,0x0000005ab7b00000)]
  0x00000160a66fc330 JavaThread "Monitor Deflation Thread" daemon [_thread_blocked, id=16264, stack(0x0000005ab7b00000,0x0000005ab7c00000)]
  0x00000160a6704490 JavaThread "C2 CompilerThread0" daemon [_thread_blocked, id=22096, stack(0x0000005ab7c00000,0x0000005ab7d00000)]
  0x00000160a670fa40 JavaThread "C1 CompilerThread0" daemon [_thread_blocked, id=19088, stack(0x0000005ab7d00000,0x0000005ab7e00000)]
  0x00000160a6711fd0 JavaThread "Sweeper thread" daemon [_thread_blocked, id=13260, stack(0x0000005ab7e00000,0x0000005ab7f00000)]
  0x00000160a66cc290 JavaThread "Common-Cleaner" daemon [_thread_blocked, id=11504, stack(0x0000005ab7f00000,0x0000005ab8000000)]
  0x00000160aadfd620 JavaThread "Notification Thread" daemon [_thread_blocked, id=23072, stack(0x0000005ab8200000,0x0000005ab8300000)]
  0x00000160ab45bca0 JavaThread "QuantumRenderer-0" daemon [_thread_blocked, id=9208, stack(0x0000005ab8100000,0x0000005ab8200000)]
  0x00000160ab522710 JavaThread "InvokeLaterDispatcher" daemon [_thread_blocked, id=11448, stack(0x0000005ab8400000,0x0000005ab8500000)]
  0x00000160ab5187c0 JavaThread "JavaFX Application Thread" [_thread_blocked, id=9024, stack(0x0000005ab8500000,0x0000005ab8600000)]
  0x00000160ab60bec0 JavaThread "Thread-1" daemon [_thread_in_native, id=24392, stack(0x0000005ab8900000,0x0000005ab8a00000)]
  0x00000160ab604950 JavaThread "JavaFX-Launcher" [_thread_blocked, id=22100, stack(0x0000005ab8a00000,0x0000005ab8b00000)]
  0x00000160ab5cf230 JavaThread "Prism Font Disposer" daemon [_thread_blocked, id=14852, stack(0x0000005ab9300000,0x0000005ab9400000)]
  0x00000160ab5cfcd0 JavaThread "Cleaner-0" daemon [_thread_blocked, id=20400, stack(0x0000005ab9400000,0x0000005ab9500000)]

Other Threads:
=>0x00000160a66ddcf0 VMThread "VM Thread" [stack: 0x0000005ab7500000,0x0000005ab7600000] [id=18552]
  0x0000016087f0cb20 WorkerThread "GC Thread#0" [stack: 0x0000005ab7000000,0x0000005ab7100000] [id=20676]
  0x00000160ab8344f0 WorkerThread "GC Thread#1" [stack: 0x0000005ab8b00000,0x0000005ab8c00000] [id=24428]
  0x00000160ab94c010 WorkerThread "GC Thread#2" [stack: 0x0000005ab8c00000,0x0000005ab8d00000] [id=8260]
  0x00000160ab7a78d0 WorkerThread "GC Thread#3" [stack: 0x0000005ab8d00000,0x0000005ab8e00000] [id=22316]
  0x00000160ab7a7330 WorkerThread "GC Thread#4" [stack: 0x0000005ab8e00000,0x0000005ab8f00000] [id=23912]
  0x00000160ab7a7600 WorkerThread "GC Thread#5" [stack: 0x0000005ab8f00000,0x0000005ab9000000] [id=13364]
  0x00000160ab7a7e70 WorkerThread "GC Thread#6" [stack: 0x0000005ab8000000,0x0000005ab8100000] [id=23648]
  0x00000160ab7a6ac0 WorkerThread "GC Thread#7" [stack: 0x0000005ab9500000,0x0000005ab9600000] [id=1964]
  0x0000016087f1e180 ConcurrentGCThread "G1 Main Marker" terminated
  0x0000016087f1ebb0 WorkerThread "G1 Conc#0" [stack: 0x0000005ab7200000,0x0000005ab7300000] [id=22080]
  0x0000016087f7e2d0 ConcurrentGCThread "G1 Refine#0" terminated
  0x0000016087f7ea20 ConcurrentGCThread "G1 Service" terminated

Threads with active compile tasks:

VM state: at safepoint (shutting down)

VM Mutex/Monitor currently owned by a thread:  ([mutex/lock_event])
[0x0000016085e3a9e0] Threads_lock - owner thread: 0x00000160a66ddcf0
[0x0000016085e3a3b0] Heap_lock - owner thread: 0x00000160ab5187c0

Heap address: 0x0000000081200000, size: 2030 MB, Compressed Oops mode: 32-bit

CDS archive(s) mapped at: [0x0000000800000000-0x0000000800c40000-0x0000000800c40000), size 12845056, SharedBaseAddress: 0x0000000800000000, ArchiveRelocationMode: 0.
Compressed class space mapped at: 0x0000000801000000-0x0000000841000000, reserved size: 1073741824
Narrow klass base: 0x0000000800000000, Narrow klass shift: 0, Narrow klass range: 0x100000000

GC Precious Log:
 CardTable entry size: 512
 Card Set container configuration: InlinePtr #cards 5 size 8 Array Of Cards #cards 12 size 40 Howl #buckets 4 coarsen threshold 1843 Howl Bitmap #cards 512 size 80 coarsen threshold 460 Card regions per heap region 1 cards per card region 2048
 CPUs: 8 total, 8 available
 Memory: 8112M
 Large Page Support: Disabled
 NUMA Support: Disabled
 Compressed Oops: Enabled (32-bit)
 Heap Region Size: 1M
 Heap Min Capacity: 8M
 Heap Initial Capacity: 128M
 Heap Max Capacity: 2030M
 Pre-touch: Disabled
 Parallel Workers: 8
 Concurrent Workers: 2
 Concurrent Refinement Workers: 8
 Periodic GC: Disabled

Heap:
 garbage-first heap   total 131072K, used 33698K [0x0000000081200000, 0x0000000100000000)
  region size 1024K, 18 young (18432K), 5 survivors (5120K)
 Metaspace       used 16561K, committed 16832K, reserved 1114112K
  class space    used 2369K, committed 2496K, reserved 1048576K

Heap Regions: E=young(eden), S=young(survivor), O=old, HS=humongous(starts), HC=humongous(continues), CS=collection set, F=free, OA=open archive, CA=closed archive, TAMS=top-at-mark-start (previous, next)
|   0|0x0000000081200000, 0x0000000081300000, 0x0000000081300000|100%|HS|  |TAMS 0x0000000081200000, 0x0000000081200000| Complete 
|   1|0x0000000081300000, 0x0000000081400000, 0x0000000081400000|100%|HC|  |TAMS 0x0000000081300000, 0x0000000081300000| Complete 
|   2|0x0000000081400000, 0x0000000081500000, 0x0000000081500000|100%|HC|  |TAMS 0x0000000081400000, 0x0000000081400000| Complete 
|   3|0x0000000081500000, 0x0000000081600000, 0x0000000081600000|100%|HC|  |TAMS 0x0000000081500000, 0x0000000081500000| Complete 
|   4|0x0000000081600000, 0x0000000081700000, 0x0000000081700000|100%|HC|  |TAMS 0x0000000081600000, 0x0000000081600000| Complete 
|   5|0x0000000081700000, 0x0000000081800000, 0x0000000081800000|100%|HC|  |TAMS 0x0000000081700000, 0x0000000081700000| Complete 
|   6|0x0000000081800000, 0x0000000081900000, 0x0000000081900000|100%|HS|  |TAMS 0x0000000081800000, 0x0000000081800000| Complete 
|   7|0x0000000081900000, 0x0000000081a00000, 0x0000000081a00000|100%|HC|  |TAMS 0x0000000081900000, 0x0000000081900000| Complete 
|   8|0x0000000081a00000, 0x0000000081b00000, 0x0000000081b00000|100%| O|  |TAMS 0x0000000081a00000, 0x0000000081a00000| Untracked 
|   9|0x0000000081b00000, 0x0000000081c00000, 0x0000000081c00000|100%| O|  |TAMS 0x0000000081b00000, 0x0000000081b00000| Untracked 
|  10|0x0000000081c00000, 0x0000000081c8ce00, 0x0000000081d00000| 55%| O|  |TAMS 0x0000000081c00000, 0x0000000081c00000| Untracked 
|  11|0x0000000081d00000, 0x0000000081e00000, 0x0000000081e00000|100%|HS|  |TAMS 0x0000000081d00000, 0x0000000081d00000| Complete 
|  12|0x0000000081e00000, 0x0000000081f00000, 0x0000000081f00000|100%|HC|  |TAMS 0x0000000081e00000, 0x0000000081e00000| Complete 
|  13|0x0000000081f00000, 0x0000000082000000, 0x0000000082000000|100%|HC|  |TAMS 0x0000000081f00000, 0x0000000081f00000| Complete 
|  14|0x0000000082000000, 0x0000000082100000, 0x0000000082100000|100%|HS|  |TAMS 0x0000000082000000, 0x0000000082000000| Complete 
|  15|0x0000000082100000, 0x0000000082200000, 0x0000000082200000|100%|HC|  |TAMS 0x0000000082100000, 0x0000000082100000| Complete 
|  16|0x0000000082200000, 0x0000000082300000, 0x0000000082300000|100%|HC|  |TAMS 0x0000000082200000, 0x0000000082200000| Complete 
|  17|0x0000000082300000, 0x0000000082300000, 0x0000000082400000|  0%| F|  |TAMS 0x0000000082300000, 0x0000000082300000| Untracked 
|  18|0x0000000082400000, 0x0000000082400000, 0x0000000082500000|  0%| F|  |TAMS 0x0000000082400000, 0x0000000082400000| Untracked 
|  19|0x0000000082500000, 0x0000000082500000, 0x0000000082600000|  0%| F|  |TAMS 0x0000000082500000, 0x0000000082500000| Untracked 
|  20|0x0000000082600000, 0x0000000082600000, 0x0000000082700000|  0%| F|  |TAMS 0x0000000082600000, 0x0000000082600000| Untracked 
|  21|0x0000000082700000, 0x0000000082700000, 0x0000000082800000|  0%| F|  |TAMS 0x0000000082700000, 0x0000000082700000| Untracked 
|  22|0x0000000082800000, 0x0000000082800000, 0x0000000082900000|  0%| F|  |TAMS 0x0000000082800000, 0x0000000082800000| Untracked 
|  23|0x0000000082900000, 0x0000000082900000, 0x0000000082a00000|  0%| F|  |TAMS 0x0000000082900000, 0x0000000082900000| Untracked 
|  24|0x0000000082a00000, 0x0000000082a00000, 0x0000000082b00000|  0%| F|  |TAMS 0x0000000082a00000, 0x0000000082a00000| Untracked 
|  25|0x0000000082b00000, 0x0000000082b00000, 0x0000000082c00000|  0%| F|  |TAMS 0x0000000082b00000, 0x0000000082b00000| Untracked 
|  26|0x0000000082c00000, 0x0000000082c00000, 0x0000000082d00000|  0%| F|  |TAMS 0x0000000082c00000, 0x0000000082c00000| Untracked 
|  27|0x0000000082d00000, 0x0000000082d00000, 0x0000000082e00000|  0%| F|  |TAMS 0x0000000082d00000, 0x0000000082d00000| Untracked 
|  28|0x0000000082e00000, 0x0000000082e00000, 0x0000000082f00000|  0%| F|  |TAMS 0x0000000082e00000, 0x0000000082e00000| Untracked 
|  29|0x0000000082f00000, 0x0000000082f00000, 0x0000000083000000|  0%| F|  |TAMS 0x0000000082f00000, 0x0000000082f00000| Untracked 
|  30|0x0000000083000000, 0x0000000083000000, 0x0000000083100000|  0%| F|  |TAMS 0x0000000083000000, 0x0000000083000000| Untracked 
|  31|0x0000000083100000, 0x0000000083100000, 0x0000000083200000|  0%| F|  |TAMS 0x0000000083100000, 0x0000000083100000| Untracked 
|  32|0x0000000083200000, 0x0000000083200000, 0x0000000083300000|  0%| F|  |TAMS 0x0000000083200000, 0x0000000083200000| Untracked 
|  33|0x0000000083300000, 0x0000000083300000, 0x0000000083400000|  0%| F|  |TAMS 0x0000000083300000, 0x0000000083300000| Untracked 
|  34|0x0000000083400000, 0x0000000083400000, 0x0000000083500000|  0%| F|  |TAMS 0x0000000083400000, 0x0000000083400000| Untracked 
|  35|0x0000000083500000, 0x0000000083500000, 0x0000000083600000|  0%| F|  |TAMS 0x0000000083500000, 0x0000000083500000| Untracked 
|  36|0x0000000083600000, 0x0000000083600000, 0x0000000083700000|  0%| F|  |TAMS 0x0000000083600000, 0x0000000083600000| Untracked 
|  37|0x0000000083700000, 0x0000000083700000, 0x0000000083800000|  0%| F|  |TAMS 0x0000000083700000, 0x0000000083700000| Untracked 
|  38|0x0000000083800000, 0x0000000083800000, 0x0000000083900000|  0%| F|  |TAMS 0x0000000083800000, 0x0000000083800000| Untracked 
|  39|0x0000000083900000, 0x0000000083900000, 0x0000000083a00000|  0%| F|  |TAMS 0x0000000083900000, 0x0000000083900000| Untracked 
|  40|0x0000000083a00000, 0x0000000083a00000, 0x0000000083b00000|  0%| F|  |TAMS 0x0000000083a00000, 0x0000000083a00000| Untracked 
|  41|0x0000000083b00000, 0x0000000083b00000, 0x0000000083c00000|  0%| F|  |TAMS 0x0000000083b00000, 0x0000000083b00000| Untracked 
|  42|0x0000000083c00000, 0x0000000083c00000, 0x0000000083d00000|  0%| F|  |TAMS 0x0000000083c00000, 0x0000000083c00000| Untracked 
|  43|0x0000000083d00000, 0x0000000083d00000, 0x0000000083e00000|  0%| F|  |TAMS 0x0000000083d00000, 0x0000000083d00000| Untracked 
|  44|0x0000000083e00000, 0x0000000083e00000, 0x0000000083f00000|  0%| F|  |TAMS 0x0000000083e00000, 0x0000000083e00000| Untracked 
|  45|0x0000000083f00000, 0x0000000083f00000, 0x0000000084000000|  0%| F|  |TAMS 0x0000000083f00000, 0x0000000083f00000| Untracked 
|  46|0x0000000084000000, 0x0000000084000000, 0x0000000084100000|  0%| F|  |TAMS 0x0000000084000000, 0x0000000084000000| Untracked 
|  47|0x0000000084100000, 0x0000000084100000, 0x0000000084200000|  0%| F|  |TAMS 0x0000000084100000, 0x0000000084100000| Untracked 
|  48|0x0000000084200000, 0x0000000084200000, 0x0000000084300000|  0%| F|  |TAMS 0x0000000084200000, 0x0000000084200000| Untracked 
|  49|0x0000000084300000, 0x0000000084300000, 0x0000000084400000|  0%| F|  |TAMS 0x0000000084300000, 0x0000000084300000| Untracked 
|  50|0x0000000084400000, 0x0000000084400000, 0x0000000084500000|  0%| F|  |TAMS 0x0000000084400000, 0x0000000084400000| Untracked 
|  51|0x0000000084500000, 0x0000000084500000, 0x0000000084600000|  0%| F|  |TAMS 0x0000000084500000, 0x0000000084500000| Untracked 
|  52|0x0000000084600000, 0x0000000084600000, 0x0000000084700000|  0%| F|  |TAMS 0x0000000084600000, 0x0000000084600000| Untracked 
|  53|0x0000000084700000, 0x0000000084700000, 0x0000000084800000|  0%| F|  |TAMS 0x0000000084700000, 0x0000000084700000| Untracked 
|  54|0x0000000084800000, 0x0000000084800000, 0x0000000084900000|  0%| F|  |TAMS 0x0000000084800000, 0x0000000084800000| Untracked 
|  55|0x0000000084900000, 0x0000000084900000, 0x0000000084a00000|  0%| F|  |TAMS 0x0000000084900000, 0x0000000084900000| Untracked 
|  56|0x0000000084a00000, 0x0000000084a00000, 0x0000000084b00000|  0%| F|  |TAMS 0x0000000084a00000, 0x0000000084a00000| Untracked 
|  57|0x0000000084b00000, 0x0000000084b00000, 0x0000000084c00000|  0%| F|  |TAMS 0x0000000084b00000, 0x0000000084b00000| Untracked 
|  58|0x0000000084c00000, 0x0000000084c00000, 0x0000000084d00000|  0%| F|  |TAMS 0x0000000084c00000, 0x0000000084c00000| Untracked 
|  59|0x0000000084d00000, 0x0000000084d00000, 0x0000000084e00000|  0%| F|  |TAMS 0x0000000084d00000, 0x0000000084d00000| Untracked 
|  60|0x0000000084e00000, 0x0000000084e00000, 0x0000000084f00000|  0%| F|  |TAMS 0x0000000084e00000, 0x0000000084e00000| Untracked 
|  61|0x0000000084f00000, 0x0000000084f00000, 0x0000000085000000|  0%| F|  |TAMS 0x0000000084f00000, 0x0000000084f00000| Untracked 
|  62|0x0000000085000000, 0x0000000085000000, 0x0000000085100000|  0%| F|  |TAMS 0x0000000085000000, 0x0000000085000000| Untracked 
|  63|0x0000000085100000, 0x0000000085100000, 0x0000000085200000|  0%| F|  |TAMS 0x0000000085100000, 0x0000000085100000| Untracked 
|  64|0x0000000085200000, 0x0000000085200000, 0x0000000085300000|  0%| F|  |TAMS 0x0000000085200000, 0x0000000085200000| Untracked 
|  65|0x0000000085300000, 0x0000000085300000, 0x0000000085400000|  0%| F|  |TAMS 0x0000000085300000, 0x0000000085300000| Untracked 
|  66|0x0000000085400000, 0x0000000085400000, 0x0000000085500000|  0%| F|  |TAMS 0x0000000085400000, 0x0000000085400000| Untracked 
|  67|0x0000000085500000, 0x0000000085500000, 0x0000000085600000|  0%| F|  |TAMS 0x0000000085500000, 0x0000000085500000| Untracked 
|  68|0x0000000085600000, 0x0000000085600000, 0x0000000085700000|  0%| F|  |TAMS 0x0000000085600000, 0x0000000085600000| Untracked 
|  69|0x0000000085700000, 0x0000000085700000, 0x0000000085800000|  0%| F|  |TAMS 0x0000000085700000, 0x0000000085700000| Untracked 
|  70|0x0000000085800000, 0x0000000085800000, 0x0000000085900000|  0%| F|  |TAMS 0x0000000085800000, 0x0000000085800000| Untracked 
|  71|0x0000000085900000, 0x0000000085900000, 0x0000000085a00000|  0%| F|  |TAMS 0x0000000085900000, 0x0000000085900000| Untracked 
|  72|0x0000000085a00000, 0x0000000085a00000, 0x0000000085b00000|  0%| F|  |TAMS 0x0000000085a00000, 0x0000000085a00000| Untracked 
|  73|0x0000000085b00000, 0x0000000085b00000, 0x0000000085c00000|  0%| F|  |TAMS 0x0000000085b00000, 0x0000000085b00000| Untracked 
|  74|0x0000000085c00000, 0x0000000085c00000, 0x0000000085d00000|  0%| F|  |TAMS 0x0000000085c00000, 0x0000000085c00000| Untracked 
|  75|0x0000000085d00000, 0x0000000085d00000, 0x0000000085e00000|  0%| F|  |TAMS 0x0000000085d00000, 0x0000000085d00000| Untracked 
|  76|0x0000000085e00000, 0x0000000085e00000, 0x0000000085f00000|  0%| F|  |TAMS 0x0000000085e00000, 0x0000000085e00000| Untracked 
|  77|0x0000000085f00000, 0x0000000085f00000, 0x0000000086000000|  0%| F|  |TAMS 0x0000000085f00000, 0x0000000085f00000| Untracked 
|  78|0x0000000086000000, 0x0000000086000000, 0x0000000086100000|  0%| F|  |TAMS 0x0000000086000000, 0x0000000086000000| Untracked 
|  79|0x0000000086100000, 0x0000000086100000, 0x0000000086200000|  0%| F|  |TAMS 0x0000000086100000, 0x0000000086100000| Untracked 
|  80|0x0000000086200000, 0x0000000086200000, 0x0000000086300000|  0%| F|  |TAMS 0x0000000086200000, 0x0000000086200000| Untracked 
|  81|0x0000000086300000, 0x0000000086300000, 0x0000000086400000|  0%| F|  |TAMS 0x0000000086300000, 0x0000000086300000| Untracked 
|  82|0x0000000086400000, 0x0000000086400000, 0x0000000086500000|  0%| F|  |TAMS 0x0000000086400000, 0x0000000086400000| Untracked 
|  83|0x0000000086500000, 0x0000000086500000, 0x0000000086600000|  0%| F|  |TAMS 0x0000000086500000, 0x0000000086500000| Untracked 
|  84|0x0000000086600000, 0x0000000086600000, 0x0000000086700000|  0%| F|  |TAMS 0x0000000086600000, 0x0000000086600000| Untracked 
|  85|0x0000000086700000, 0x0000000086700000, 0x0000000086800000|  0%| F|  |TAMS 0x0000000086700000, 0x0000000086700000| Untracked 
|  86|0x0000000086800000, 0x0000000086800000, 0x0000000086900000|  0%| F|  |TAMS 0x0000000086800000, 0x0000000086800000| Untracked 
|  87|0x0000000086900000, 0x000000008695ba28, 0x0000000086a00000| 35%| S|CS|TAMS 0x0000000086900000, 0x0000000086900000| Complete 
|  88|0x0000000086a00000, 0x0000000086b00000, 0x0000000086b00000|100%| S|CS|TAMS 0x0000000086a00000, 0x0000000086a00000| Complete 
|  89|0x0000000086b00000, 0x0000000086c00000, 0x0000000086c00000|100%| S|CS|TAMS 0x0000000086b00000, 0x0000000086b00000| Complete 
|  90|0x0000000086c00000, 0x0000000086d00000, 0x0000000086d00000|100%| S|CS|TAMS 0x0000000086c00000, 0x0000000086c00000| Complete 
|  91|0x0000000086d00000, 0x0000000086e00000, 0x0000000086e00000|100%| S|CS|TAMS 0x0000000086d00000, 0x0000000086d00000| Complete 
|  92|0x0000000086e00000, 0x0000000086e00000, 0x0000000086f00000|  0%| F|  |TAMS 0x0000000086e00000, 0x0000000086e00000| Untracked 
|  93|0x0000000086f00000, 0x0000000086f00000, 0x0000000087000000|  0%| F|  |TAMS 0x0000000086f00000, 0x0000000086f00000| Untracked 
|  94|0x0000000087000000, 0x0000000087000000, 0x0000000087100000|  0%| F|  |TAMS 0x0000000087000000, 0x0000000087000000| Untracked 
|  95|0x0000000087100000, 0x0000000087100000, 0x0000000087200000|  0%| F|  |TAMS 0x0000000087100000, 0x0000000087100000| Untracked 
|  96|0x0000000087200000, 0x0000000087200000, 0x0000000087300000|  0%| F|  |TAMS 0x0000000087200000, 0x0000000087200000| Untracked 
|  97|0x0000000087300000, 0x0000000087300000, 0x0000000087400000|  0%| F|  |TAMS 0x0000000087300000, 0x0000000087300000| Untracked 
|  98|0x0000000087400000, 0x0000000087400000, 0x0000000087500000|  0%| F|  |TAMS 0x0000000087400000, 0x0000000087400000| Untracked 
|  99|0x0000000087500000, 0x0000000087500000, 0x0000000087600000|  0%| F|  |TAMS 0x0000000087500000, 0x0000000087500000| Untracked 
| 100|0x0000000087600000, 0x0000000087600000, 0x0000000087700000|  0%| F|  |TAMS 0x0000000087600000, 0x0000000087600000| Untracked 
| 101|0x0000000087700000, 0x0000000087700000, 0x0000000087800000|  0%| F|  |TAMS 0x0000000087700000, 0x0000000087700000| Untracked 
| 102|0x0000000087800000, 0x0000000087800000, 0x0000000087900000|  0%| F|  |TAMS 0x0000000087800000, 0x0000000087800000| Untracked 
| 103|0x0000000087900000, 0x0000000087900000, 0x0000000087a00000|  0%| F|  |TAMS 0x0000000087900000, 0x0000000087900000| Untracked 
| 104|0x0000000087a00000, 0x0000000087a00000, 0x0000000087b00000|  0%| F|  |TAMS 0x0000000087a00000, 0x0000000087a00000| Untracked 
| 105|0x0000000087b00000, 0x0000000087b00000, 0x0000000087c00000|  0%| F|  |TAMS 0x0000000087b00000, 0x0000000087b00000| Untracked 
| 106|0x0000000087c00000, 0x0000000087c00000, 0x0000000087d00000|  0%| F|  |TAMS 0x0000000087c00000, 0x0000000087c00000| Untracked 
| 107|0x0000000087d00000, 0x0000000087d00000, 0x0000000087e00000|  0%| F|  |TAMS 0x0000000087d00000, 0x0000000087d00000| Untracked 
| 108|0x0000000087e00000, 0x0000000087e00000, 0x0000000087f00000|  0%| F|  |TAMS 0x0000000087e00000, 0x0000000087e00000| Untracked 
| 109|0x0000000087f00000, 0x0000000087f00000, 0x0000000088000000|  0%| F|  |TAMS 0x0000000087f00000, 0x0000000087f00000| Untracked 
| 110|0x0000000088000000, 0x0000000088000000, 0x0000000088100000|  0%| F|  |TAMS 0x0000000088000000, 0x0000000088000000| Untracked 
| 111|0x0000000088100000, 0x0000000088100000, 0x0000000088200000|  0%| F|  |TAMS 0x0000000088100000, 0x0000000088100000| Untracked 
| 112|0x0000000088200000, 0x0000000088200000, 0x0000000088300000|  0%| F|  |TAMS 0x0000000088200000, 0x0000000088200000| Untracked 
| 113|0x0000000088300000, 0x0000000088300000, 0x0000000088400000|  0%| F|  |TAMS 0x0000000088300000, 0x0000000088300000| Untracked 
| 114|0x0000000088400000, 0x0000000088400000, 0x0000000088500000|  0%| F|  |TAMS 0x0000000088400000, 0x0000000088400000| Untracked 
| 115|0x0000000088500000, 0x00000000885346f8, 0x0000000088600000| 20%| E|  |TAMS 0x0000000088500000, 0x0000000088500000| Complete 
| 116|0x0000000088600000, 0x0000000088700000, 0x0000000088700000|100%| E|CS|TAMS 0x0000000088600000, 0x0000000088600000| Complete 
| 117|0x0000000088700000, 0x0000000088800000, 0x0000000088800000|100%| E|CS|TAMS 0x0000000088700000, 0x0000000088700000| Complete 
| 118|0x0000000088800000, 0x0000000088900000, 0x0000000088900000|100%| E|CS|TAMS 0x0000000088800000, 0x0000000088800000| Complete 
| 119|0x0000000088900000, 0x0000000088a00000, 0x0000000088a00000|100%| E|CS|TAMS 0x0000000088900000, 0x0000000088900000| Complete 
| 120|0x0000000088a00000, 0x0000000088b00000, 0x0000000088b00000|100%| E|CS|TAMS 0x0000000088a00000, 0x0000000088a00000| Complete 
| 121|0x0000000088b00000, 0x0000000088c00000, 0x0000000088c00000|100%| E|CS|TAMS 0x0000000088b00000, 0x0000000088b00000| Complete 
| 122|0x0000000088c00000, 0x0000000088d00000, 0x0000000088d00000|100%| E|CS|TAMS 0x0000000088c00000, 0x0000000088c00000| Complete 
| 123|0x0000000088d00000, 0x0000000088e00000, 0x0000000088e00000|100%| E|CS|TAMS 0x0000000088d00000, 0x0000000088d00000| Complete 
| 124|0x0000000088e00000, 0x0000000088f00000, 0x0000000088f00000|100%| E|CS|TAMS 0x0000000088e00000, 0x0000000088e00000| Complete 
| 125|0x0000000088f00000, 0x0000000089000000, 0x0000000089000000|100%| E|CS|TAMS 0x0000000088f00000, 0x0000000088f00000| Complete 
| 126|0x0000000089000000, 0x0000000089100000, 0x0000000089100000|100%| E|CS|TAMS 0x0000000089000000, 0x0000000089000000| Complete 
| 127|0x0000000089100000, 0x0000000089200000, 0x0000000089200000|100%| E|CS|TAMS 0x0000000089100000, 0x0000000089100000| Complete 

Card table byte_map: [0x000001609f550000,0x000001609f950000] _byte_map_base: 0x000001609f147000

Marking Bits (Prev, Next): (CMBitMap*) 0x0000016087f0d150, (CMBitMap*) 0x0000016087f0d190
 Prev Bits: [0x000001609fd50000, 0x00000160a1d08000)
 Next Bits: [0x00000160a1d10000, 0x00000160a3cc8000)

Polling page: 0x0000016085e70000

Metaspace:

Usage:
  Non-class:     13.86 MB used.
      Class:      2.31 MB used.
       Both:     16.17 MB used.

Virtual space:
  Non-class space:       64.00 MB reserved,      14.00 MB ( 22%) committed,  1 nodes.
      Class space:        1.00 GB reserved,       2.44 MB ( <1%) committed,  1 nodes.
             Both:        1.06 GB reserved,      16.44 MB (  2%) committed. 

Chunk freelists:
   Non-Class:  1.39 MB
       Class:  1.39 MB
        Both:  2.78 MB

MaxMetaspaceSize: unlimited
CompressedClassSpaceSize: 1.00 GB
Initial GC threshold: 21.00 MB
Current GC threshold: 21.00 MB
CDS: on
MetaspaceReclaimPolicy: balanced
 - commit_granule_bytes: 65536.
 - commit_granule_words: 8192.
 - virtual_space_node_default_size: 8388608.
 - enlarge_chunks_in_place: 1.
 - new_chunks_are_fully_committed: 0.
 - uncommit_free_chunks: 1.
 - use_allocation_guard: 0.


Internal statistics:

num_allocs_failed_limit: 0.
num_arena_births: 328.
num_arena_deaths: 0.
num_vsnodes_births: 2.
num_vsnodes_deaths: 0.
num_space_committed: 263.
num_space_uncommitted: 0.
num_chunks_returned_to_freelist: 0.
num_chunks_taken_from_freelist: 873.
num_chunk_merges: 0.
num_chunk_splits: 634.
num_chunks_enlarged: 500.
num_inconsistent_stats: 0.

CodeHeap 'non-profiled nmethods': size=120000Kb used=1548Kb max_used=1548Kb free=118452Kb
 bounds [0x00000160978f0000, 0x0000016097b60000, 0x000001609ee20000]
CodeHeap 'profiled nmethods': size=120000Kb used=7006Kb max_used=7006Kb free=112993Kb
 bounds [0x000001608fe20000, 0x0000016090500000, 0x0000016097350000]
CodeHeap 'non-nmethods': size=5760Kb used=1543Kb max_used=1595Kb free=4216Kb
 bounds [0x0000016097350000, 0x00000160975c0000, 0x00000160978f0000]
 total_blobs=4404 nmethods=3575 adapters=738
 compilation: enabled
              stopped_count=0, restarted_count=0
 full_count=0

Compilation events (20 events):
Event: 37.743 Thread 0x00000160a670fa40 3567       1       javafx.animation.KeyFrame::getTime (5 bytes)
Event: 37.743 Thread 0x00000160a670fa40 nmethod 3567 0x0000016097a72410 code [0x0000016097a725a0, 0x0000016097a72658]
Event: 37.747 Thread 0x00000160a670fa40 3568       3       java.util.ArrayList::toArray (57 bytes)
Event: 37.748 Thread 0x00000160a670fa40 nmethod 3568 0x00000160904ef290 code [0x00000160904ef480, 0x00000160904ef9f8]
Event: 37.749 Thread 0x00000160a670fa40 3569       1       com.sun.glass.ui.Screen::getHeight (5 bytes)
Event: 37.749 Thread 0x00000160a670fa40 nmethod 3569 0x0000016097a72710 code [0x0000016097a728a0, 0x0000016097a72958]
Event: 37.749 Thread 0x00000160a670fa40 3570       1       com.sun.glass.ui.Screen::getWidth (5 bytes)
Event: 37.749 Thread 0x00000160a670fa40 nmethod 3570 0x0000016097a72a10 code [0x0000016097a72ba0, 0x0000016097a72c58]
Event: 37.751 Thread 0x00000160a670fa40 3571       1       com.sun.prism.d3d.D3DRTTexture::setOpaque (6 bytes)
Event: 37.752 Thread 0x00000160a670fa40 nmethod 3571 0x0000016097a72d10 code [0x0000016097a72ea0, 0x0000016097a72f78]
Event: 37.752 Thread 0x00000160a670fa40 3572       3       com.sun.prism.impl.GlyphCache::render (326 bytes)
Event: 37.754 Thread 0x00000160a670fa40 nmethod 3572 0x00000160904efb10 code [0x00000160904efe40, 0x00000160904f14c8]
Event: 37.803 Thread 0x00000160a670fa40 3573       3       com.sun.javafx.scene.control.inputmap.InputMap::getInterceptor (11 bytes)
Event: 37.804 Thread 0x00000160a670fa40 nmethod 3573 0x00000160904f1e10 code [0x00000160904f1fe0, 0x00000160904f2408]
Event: 37.813 Thread 0x00000160a670fa40 3574       3       javafx.scene.Node$$Lambda$107/0x00000008010bfd68::changed (17 bytes)
Event: 37.814 Thread 0x00000160a670fa40 nmethod 3574 0x00000160904f2510 code [0x00000160904f2780, 0x00000160904f3558]
Event: 37.814 Thread 0x00000160a670fa40 3576   !   3       com.sun.javafx.binding.ExpressionHelper$Generic::fireValueChangedEvent (218 bytes)
Event: 37.817 Thread 0x00000160a670fa40 nmethod 3576 0x00000160904f3990 code [0x00000160904f3d00, 0x00000160904f5bf8]
Event: 37.817 Thread 0x00000160a670fa40 3575       3       javafx.scene.Node::lambda$new$2 (5 bytes)
Event: 37.818 Thread 0x00000160a670fa40 nmethod 3575 0x00000160904f6790 code [0x00000160904f69e0, 0x00000160904f7578]

GC Heap History (4 events):
Event: 0.822 GC heap before
{Heap before GC invocations=0 (full 0):
 garbage-first heap   total 131072K, used 23552K [0x0000000081200000, 0x0000000100000000)
  region size 1024K, 23 young (23552K), 0 survivors (0K)
 Metaspace       used 5828K, committed 6016K, reserved 1114112K
  class space    used 713K, committed 832K, reserved 1048576K
}
Event: 0.826 GC heap after
{Heap after GC invocations=1 (full 0):
 garbage-first heap   total 131072K, used 3016K [0x0000000081200000, 0x0000000100000000)
  region size 1024K, 3 young (3072K), 3 survivors (3072K)
 Metaspace       used 5828K, committed 6016K, reserved 1114112K
  class space    used 713K, committed 832K, reserved 1048576K
}
Event: 13.227 GC heap before
{Heap before GC invocations=1 (full 0):
 garbage-first heap   total 131072K, used 43976K [0x0000000081200000, 0x0000000100000000)
  region size 1024K, 36 young (36864K), 3 survivors (3072K)
 Metaspace       used 14459K, committed 14784K, reserved 1114112K
  class space    used 2039K, committed 2176K, reserved 1048576K
}
Event: 13.235 GC heap after
{Heap after GC invocations=2 (full 0):
 garbage-first heap   total 131072K, used 15266K [0x0000000081200000, 0x0000000100000000)
  region size 1024K, 5 young (5120K), 5 survivors (5120K)
 Metaspace       used 14459K, committed 14784K, reserved 1114112K
  class space    used 2039K, committed 2176K, reserved 1048576K
}

Dll operation events (20 events):
Event: 0.466 Loaded shared library C:\Users\Gabriel\.openjfx\cache\13\api-ms-win-crt-filesystem-l1-1-0.dll
Event: 0.470 Loaded shared library C:\Users\Gabriel\.openjfx\cache\13\api-ms-win-crt-heap-l1-1-0.dll
Event: 0.473 Loaded shared library C:\Users\Gabriel\.openjfx\cache\13\api-ms-win-crt-locale-l1-1-0.dll
Event: 0.476 Loaded shared library C:\Users\Gabriel\.openjfx\cache\13\api-ms-win-crt-math-l1-1-0.dll
Event: 0.479 Loaded shared library C:\Users\Gabriel\.openjfx\cache\13\api-ms-win-crt-multibyte-l1-1-0.dll
Event: 0.483 Loaded shared library C:\Users\Gabriel\.openjfx\cache\13\api-ms-win-crt-private-l1-1-0.dll
Event: 0.488 Loaded shared library C:\Users\Gabriel\.openjfx\cache\13\api-ms-win-crt-process-l1-1-0.dll
Event: 0.492 Loaded shared library C:\Users\Gabriel\.openjfx\cache\13\api-ms-win-crt-runtime-l1-1-0.dll
Event: 0.496 Loaded shared library C:\Users\Gabriel\.openjfx\cache\13\api-ms-win-crt-stdio-l1-1-0.dll
Event: 0.499 Loaded shared library C:\Users\Gabriel\.openjfx\cache\13\api-ms-win-crt-string-l1-1-0.dll
Event: 0.503 Loaded shared library C:\Users\Gabriel\.openjfx\cache\13\api-ms-win-crt-time-l1-1-0.dll
Event: 0.506 Loaded shared library C:\Users\Gabriel\.openjfx\cache\13\api-ms-win-crt-utility-l1-1-0.dll
Event: 0.524 Loaded shared library C:\Users\Gabriel\.openjfx\cache\13\ucrtbase.dll
Event: 0.528 Loaded shared library C:\Users\Gabriel\.openjfx\cache\13\vcruntime140.dll
Event: 0.538 Loaded shared library C:\Users\Gabriel\.openjfx\cache\13\msvcp140.dll
Event: 0.545 Loaded shared library C:\Users\Gabriel\.openjfx\cache\13\concrt140.dll
Event: 0.584 Loaded shared library C:\Users\Gabriel\.openjfx\cache\13\prism_d3d.dll
Event: 0.627 Loaded shared library C:\Users\Gabriel\.openjfx\cache\13\glass.dll
Event: 0.853 Loaded shared library C:\Users\Gabriel\.openjfx\cache\13\javafx_font.dll
Event: 1.200 Loaded shared library C:\Program Files\Java\jdk-19\bin\jimage.dll

Deoptimization events (20 events):
Event: 34.723 Thread 0x00000160ab5187c0 DEOPT PACKING pc=0x0000016097a2238c sp=0x0000005ab85fd760
Event: 34.723 Thread 0x00000160ab5187c0 DEOPT UNPACKING pc=0x00000160973b6da3 sp=0x0000005ab85fd5a8 mode 2
Event: 34.858 Thread 0x00000160ab5187c0 Uncommon trap: trap_request=0xffffff45 fr.pc=0x0000016097a023e4 relative=0x00000000000000c4
Event: 34.858 Thread 0x00000160ab5187c0 Uncommon trap: reason=unstable_if action=reinterpret pc=0x0000016097a023e4 method=java.lang.Math.round(D)J @ 48 c2
Event: 34.858 Thread 0x00000160ab5187c0 DEOPT PACKING pc=0x0000016097a023e4 sp=0x0000005ab85fdef0
Event: 34.858 Thread 0x00000160ab5187c0 DEOPT UNPACKING pc=0x00000160973b6da3 sp=0x0000005ab85fde40 mode 2
Event: 34.874 Thread 0x00000160ab5187c0 Uncommon trap: trap_request=0xffffff45 fr.pc=0x00000160979ff8ac relative=0x00000000000001ac
Event: 34.874 Thread 0x00000160ab5187c0 Uncommon trap: reason=unstable_if action=reinterpret pc=0x00000160979ff8ac method=javafx.scene.Node.getLocalBounds(Lcom/sun/javafx/geom/BaseBounds;Lcom/sun/javafx/geom/transform/BaseTransform;)Lcom/sun/javafx/geom/BaseBounds; @ 4 c2
Event: 34.874 Thread 0x00000160ab5187c0 DEOPT PACKING pc=0x00000160979ff8ac sp=0x0000005ab85fd3b0
Event: 34.874 Thread 0x00000160ab5187c0 DEOPT UNPACKING pc=0x00000160973b6da3 sp=0x0000005ab85fd358 mode 2
Event: 34.896 Thread 0x00000160ab45bca0 Uncommon trap: trap_request=0xffffff45 fr.pc=0x00000160979f5868 relative=0x0000000000001c28
Event: 34.896 Thread 0x00000160ab45bca0 Uncommon trap: reason=unstable_if action=reinterpret pc=0x00000160979f5868 method=com.sun.marlin.DRenderer._endRendering(IILcom/sun/marlin/MarlinAlphaConsumer;)V @ 325 c2
Event: 34.896 Thread 0x00000160ab45bca0 DEOPT PACKING pc=0x00000160979f5868 sp=0x0000005ab81fdde0
Event: 34.896 Thread 0x00000160ab45bca0 DEOPT UNPACKING pc=0x00000160973b6da3 sp=0x0000005ab81fdbf8 mode 2
Event: 34.896 Thread 0x00000160ab45bca0 Uncommon trap: trap_request=0xffffff45 fr.pc=0x00000160979e76f4 relative=0x0000000000002374
Event: 34.896 Thread 0x00000160ab45bca0 Uncommon trap: reason=unstable_if action=reinterpret pc=0x00000160979e76f4 method=com.sun.marlin.DRenderer._endRendering(IILcom/sun/marlin/MarlinAlphaConsumer;)V @ 325 c2
Event: 34.896 Thread 0x00000160ab45bca0 DEOPT PACKING pc=0x00000160979e76f4 sp=0x0000005ab81fdd20
Event: 34.896 Thread 0x00000160ab45bca0 DEOPT UNPACKING pc=0x00000160973b6da3 sp=0x0000005ab81fdbf8 mode 2
Event: 37.492 Thread 0x00000160ab45bca0 DEOPT PACKING pc=0x00000160904d9569 sp=0x0000005ab81fdd50
Event: 37.492 Thread 0x00000160ab45bca0 DEOPT UNPACKING pc=0x00000160973b7543 sp=0x0000005ab81fd168 mode 0

Classes loaded (20 events):
Event: 11.909 Loading class sun/text/RuleBasedBreakIterator
Event: 11.909 Loading class sun/text/RuleBasedBreakIterator done
Event: 11.910 Loading class sun/text/CompactByteArray
Event: 11.910 Loading class sun/text/CompactByteArray done
Event: 11.910 Loading class sun/text/SupplementaryCharacterData
Event: 11.910 Loading class sun/text/SupplementaryCharacterData done
Event: 11.911 Loading class java/text/BreakIterator$BreakIteratorCache
Event: 11.911 Loading class java/text/BreakIterator$BreakIteratorCache done
Event: 17.534 Loading class java/text/StringCharacterIterator
Event: 17.538 Loading class java/text/StringCharacterIterator done
Event: 30.776 Loading class java/util/BitSet
Event: 30.776 Loading class java/util/BitSet done
Event: 34.749 Loading class java/util/BitSet$1BitSetSpliterator
Event: 34.749 Loading class java/util/BitSet$1BitSetSpliterator done
Event: 34.751 Loading class java/util/stream/IntPipeline$1
Event: 34.751 Loading class java/util/stream/IntPipeline$1 done
Event: 34.751 Loading class java/util/stream/IntPipeline$1$1
Event: 34.751 Loading class java/util/stream/IntPipeline$1$1 done
Event: 37.864 Loading class java/util/LinkedList$ListItr
Event: 37.865 Loading class java/util/LinkedList$ListItr done

Classes unloaded (0 events):
No events

Classes redefined (0 events):
No events

Internal exceptions (20 events):
Event: 1.514 Thread 0x00000160ab5187c0 Exception <a 'java/lang/NoSuchMethodError'{0x0000000087e51fe0}: 'java.lang.Object java.lang.invoke.DirectMethodHandle$Holder.invokeStatic(java.lang.Object, java.lang.Object, java.lang.Object, java.lang.Object, int)'> (0x0000000087e51fe0) 
thrown [s\open\src\hotspot\share\interpreter\linkResolver.cpp, line 774]
Event: 1.515 Thread 0x00000160ab5187c0 Exception <a 'java/lang/NoSuchMethodError'{0x0000000087e5aa10}: 'int java.lang.invoke.DirectMethodHandle$Holder.invokeSpecial(java.lang.Object, java.lang.Object, java.lang.Object)'> (0x0000000087e5aa10) 
thrown [s\open\src\hotspot\share\interpreter\linkResolver.cpp, line 774]
Event: 1.546 Thread 0x00000160ab5187c0 Exception <a 'java/lang/NoSuchMethodError'{0x0000000087d0d378}: 'java.lang.Object java.lang.invoke.DirectMethodHandle$Holder.newInvokeSpecial(java.lang.Object, java.lang.Object, int)'> (0x0000000087d0d378) 
thrown [s\open\src\hotspot\share\interpreter\linkResolver.cpp, line 774]
Event: 1.633 Thread 0x00000160ab5187c0 Exception <a 'java/lang/ClassNotFoundException'{0x0000000087b7b690}: com/sun/javafx/scene/control/skin/resources/controls> (0x0000000087b7b690) 
thrown [s\open\src\hotspot\share\prims\jni.cpp, line 536]
Event: 1.633 Thread 0x00000160ab5187c0 Exception <a 'java/lang/ClassNotFoundException'{0x0000000087b88fc8}: com/sun/javafx/scene/control/skin/resources/controls_pt> (0x0000000087b88fc8) 
thrown [s\open\src\hotspot\share\prims\jni.cpp, line 536]
Event: 1.634 Thread 0x00000160ab5187c0 Exception <a 'java/lang/ClassNotFoundException'{0x0000000087b89f70}: com/sun/javafx/scene/control/skin/resources/controls_pt_BR> (0x0000000087b89f70) 
thrown [s\open\src\hotspot\share\prims\jni.cpp, line 536]
Event: 1.699 Thread 0x00000160ab5187c0 Exception <a 'java/lang/NoSuchMethodError'{0x0000000087609620}: 'void java.lang.invoke.DirectMethodHandle$Holder.invokeSpecial(java.lang.Object, java.lang.Object, java.lang.Object, java.lang.Object, java.lang.Object, java.lang.Object)'> (0x0000000087609620) 
thrown [s\open\src\hotspot\share\interpreter\linkResolver.cpp, line 774]
Event: 1.810 Thread 0x00000160ab45bca0 Exception <a 'java/lang/NoSuchMethodError'{0x000000008734ae68}: 'int java.lang.invoke.DirectMethodHandle$Holder.invokeStaticInit(java.lang.Object, java.lang.Object)'> (0x000000008734ae68) 
thrown [s\open\src\hotspot\share\interpreter\linkResolver.cpp, line 774]
Event: 1.842 Thread 0x00000160ab45bca0 Exception <a 'java/lang/NoSuchMethodError'{0x00000000873cf6d0}: 'java.lang.Object java.lang.invoke.Invokers$Holder.invokeExact_MT(java.lang.Object, java.lang.Object, java.lang.Object, java.lang.Object, java.lang.Object)'> (0x00000000873cf6d0) 
thrown [s\open\src\hotspot\share\interpreter\linkResolver.cpp, line 774]
Event: 5.700 Thread 0x00000160ab5187c0 Exception <a 'java/lang/NoSuchMethodError'{0x0000000087076028}: 'long java.lang.invoke.DirectMethodHandle$Holder.invokeStatic(java.lang.Object, java.lang.Object, java.lang.Object)'> (0x0000000087076028) 
thrown [s\open\src\hotspot\share\interpreter\linkResolver.cpp, line 774]
Event: 5.700 Thread 0x00000160ab5187c0 Exception <a 'java/lang/NoSuchMethodError'{0x0000000087079950}: 'long java.lang.invoke.DirectMethodHandle$Holder.invokeStaticInit(java.lang.Object, java.lang.Object, java.lang.Object)'> (0x0000000087079950) 
thrown [s\open\src\hotspot\share\interpreter\linkResolver.cpp, line 774]
Event: 5.702 Thread 0x00000160ab5187c0 Exception <a 'java/lang/NoSuchMethodError'{0x0000000087092430}: 'java.lang.Object java.lang.invoke.DirectMethodHandle$Holder.newInvokeSpecial(java.lang.Object, java.lang.Object, long)'> (0x0000000087092430) 
thrown [s\open\src\hotspot\share\interpreter\linkResolver.cpp, line 774]
Event: 5.702 Thread 0x00000160ab5187c0 Exception <a 'java/lang/NoSuchMethodError'{0x0000000087095fb8}: 'java.lang.Object java.lang.invoke.Invokers$Holder.linkToTargetMethod(java.lang.Object, long, java.lang.Object)'> (0x0000000087095fb8) 
thrown [s\open\src\hotspot\share\interpreter\linkResolver.cpp, line 774]
Event: 26.380 Thread 0x00000160ab5187c0 Exception <a 'java/lang/NoSuchMethodError'{0x0000000088fb38c8}: 'java.lang.Object java.lang.invoke.DirectMethodHandle$Holder.newInvokeSpecial(java.lang.Object, java.lang.Object, int, int, int, int, int, java.lang.Object)'> (0x0000000088fb38c8) 
thrown [s\open\src\hotspot\share\interpreter\linkResolver.cpp, line 774]
Event: 26.382 Thread 0x00000160ab5187c0 Exception <a 'java/lang/NoSuchMethodError'{0x0000000088fc6e10}: 'java.lang.Object java.lang.invoke.DirectMethodHandle$Holder.newInvokeSpecial(java.lang.Object, java.lang.Object, java.lang.Object, int, int, int, int, int)'> (0x0000000088fc6e10) 
thrown [s\open\src\hotspot\share\interpreter\linkResolver.cpp, line 774]
Event: 26.382 Thread 0x00000160ab5187c0 Exception <a 'java/lang/NoSuchMethodError'{0x0000000088fcebe0}: 'java.lang.Object java.lang.invoke.Invokers$Holder.linkToTargetMethod(java.lang.Object, java.lang.Object, int, int, int, int, int, java.lang.Object)'> (0x0000000088fcebe0) 
thrown [s\open\src\hotspot\share\interpreter\linkResolver.cpp, line 774]
Event: 30.815 Thread 0x00000160ab5187c0 Implicit null exception at 0x0000016097a29200 to 0x0000016097a2955c
Event: 30.815 Thread 0x00000160ab5187c0 Implicit null exception at 0x0000016097a02e50 to 0x0000016097a02eec
Event: 34.723 Thread 0x00000160ab5187c0 Implicit null exception at 0x0000016097a1e965 to 0x0000016097a22350
Event: 34.763 Thread 0x00000160ab5187c0 Exception <a 'java/lang/NoSuchMethodError'{0x0000000088afe5c0}: 'void java.lang.invoke.DirectMethodHandle$Holder.invokeSpecialIFC(java.lang.Object, java.lang.Object, java.lang.Object, java.lang.Object)'> (0x0000000088afe5c0) 
thrown [s\open\src\hotspot\share\interpreter\linkResolver.cpp, line 774]

VM Operations (20 events):
Event: 31.804 Executing VM operation: Cleanup done
Event: 33.804 Executing VM operation: Cleanup
Event: 33.804 Executing VM operation: Cleanup done
Event: 34.736 Executing VM operation: HandshakeAllThreads
Event: 34.736 Executing VM operation: HandshakeAllThreads done
Event: 34.737 Executing VM operation: HandshakeAllThreads
Event: 34.738 Executing VM operation: HandshakeAllThreads done
Event: 34.750 Executing VM operation: HandshakeAllThreads
Event: 34.750 Executing VM operation: HandshakeAllThreads done
Event: 34.757 Executing VM operation: HandshakeAllThreads
Event: 34.757 Executing VM operation: HandshakeAllThreads done
Event: 34.773 Executing VM operation: HandshakeAllThreads
Event: 34.773 Executing VM operation: HandshakeAllThreads done
Event: 34.881 Executing VM operation: HandshakeAllThreads
Event: 34.881 Executing VM operation: HandshakeAllThreads done
Event: 34.881 Executing VM operation: Cleanup
Event: 34.882 Executing VM operation: Cleanup done
Event: 36.882 Executing VM operation: Cleanup
Event: 36.882 Executing VM operation: Cleanup done
Event: 37.865 Executing VM operation: Exit

Events (20 events):
Event: 0.232 Thread 0x00000160aadfd620 Thread added: 0x00000160aadfd620
Event: 0.512 Thread 0x00000160aab115c0 Thread exited: 0x00000160aab115c0
Event: 0.577 Thread 0x00000160ab45bca0 Thread added: 0x00000160ab45bca0
Event: 0.629 Thread 0x00000160ab522710 Thread added: 0x00000160ab522710
Event: 0.632 Thread 0x00000160ab5187c0 Thread added: 0x00000160ab5187c0
Event: 0.707 Thread 0x00000160ab60bec0 Thread added: 0x00000160ab60bec0
Event: 0.729 Thread 0x00000160ab604950 Thread added: 0x00000160ab604950
Event: 1.449 Thread 0x00000160ab5cf230 Thread added: 0x00000160ab5cf230
Event: 1.896 Thread 0x00000160ab5cfcd0 Thread added: 0x00000160ab5cfcd0
Event: 2.802 Thread 0x00000160aaaa3540 Thread exited: 0x00000160aaaa3540
Event: 30.873 Thread 0x00000160abc181b0 Thread added: 0x00000160abc181b0
Event: 32.947 Thread 0x00000160abc181b0 Thread exited: 0x00000160abc181b0
Event: 34.796 Thread 0x00000160abc1a310 Thread added: 0x00000160abc1a310
Event: 34.838 Thread 0x00000160abc1b3c0 Thread added: 0x00000160abc1b3c0
Event: 35.300 Thread 0x00000160abc1b3c0 Thread exited: 0x00000160abc1b3c0
Event: 35.300 Thread 0x00000160abc1a310 Thread exited: 0x00000160abc1a310
Event: 37.861 Thread 0x00000160ab5cd7a0 Thread added: 0x00000160ab5cd7a0
Event: 37.862 Thread 0x00000160ab5cdcf0 Thread added: 0x00000160ab5cdcf0
Event: 37.863 Thread 0x00000160ab5cd7a0 Thread exited: 0x00000160ab5cd7a0
Event: 37.865 Thread 0x00000160ab5cdcf0 Thread exited: 0x00000160ab5cdcf0


Dynamic libraries:
0x00007ff6bc370000 - 0x00007ff6bc380000 	C:\Program Files\Java\jdk-19\bin\java.exe
0x00007ffbe8630000 - 0x00007ffbe8828000 	C:\Windows\SYSTEM32\ntdll.dll
0x00007ffbe69e0000 - 0x00007ffbe6a9f000 	C:\Windows\System32\KERNEL32.DLL
0x00007ffbe6170000 - 0x00007ffbe6442000 	C:\Windows\System32\KERNELBASE.dll
0x00007ffbe6530000 - 0x00007ffbe6630000 	C:\Windows\System32\ucrtbase.dll
0x00007ffbd40c0000 - 0x00007ffbd40db000 	C:\Program Files\Java\jdk-19\bin\VCRUNTIME140.dll
0x00007ffbd41f0000 - 0x00007ffbd4208000 	C:\Program Files\Java\jdk-19\bin\jli.dll
0x00007ffbe6bd0000 - 0x00007ffbe6c7e000 	C:\Windows\System32\ADVAPI32.dll
0x00007ffbe8420000 - 0x00007ffbe84be000 	C:\Windows\System32\msvcrt.dll
0x00007ffbe6fb0000 - 0x00007ffbe704c000 	C:\Windows\System32\sechost.dll
0x00007ffbe84c0000 - 0x00007ffbe85e5000 	C:\Windows\System32\RPCRT4.dll
0x00007ffbe8200000 - 0x00007ffbe839d000 	C:\Windows\System32\USER32.dll
0x00007ffbd70e0000 - 0x00007ffbd737a000 	C:\Windows\WinSxS\amd64_microsoft.windows.common-controls_6595b64144ccf1df_6.0.19041.1110_none_60b5254171f9507e\COMCTL32.dll
0x00007ffbe6450000 - 0x00007ffbe6472000 	C:\Windows\System32\win32u.dll
0x00007ffbe81d0000 - 0x00007ffbe81fb000 	C:\Windows\System32\GDI32.dll
0x00007ffbe5f20000 - 0x00007ffbe602f000 	C:\Windows\System32\gdi32full.dll
0x00007ffbe6060000 - 0x00007ffbe60fd000 	C:\Windows\System32\msvcp_win.dll
0x00007ffbdde50000 - 0x00007ffbdde5a000 	C:\Windows\SYSTEM32\VERSION.dll
0x00007ffbe6dc0000 - 0x00007ffbe6df2000 	C:\Windows\System32\IMM32.DLL
0x00007ffbdfd00000 - 0x00007ffbdfd0c000 	C:\Program Files\Java\jdk-19\bin\vcruntime140_1.dll
0x00007ffbc6420000 - 0x00007ffbc64ae000 	C:\Program Files\Java\jdk-19\bin\msvcp140.dll
0x00007ffbb7860000 - 0x00007ffbb8520000 	C:\Program Files\Java\jdk-19\bin\server\jvm.dll
0x00007ffbe0400000 - 0x00007ffbe0409000 	C:\Windows\SYSTEM32\WSOCK32.dll
0x00007ffbd8810000 - 0x00007ffbd8837000 	C:\Windows\SYSTEM32\WINMM.dll
0x00007ffbe83a0000 - 0x00007ffbe840b000 	C:\Windows\System32\WS2_32.dll
0x00007ffbe4570000 - 0x00007ffbe4582000 	C:\Windows\SYSTEM32\kernel.appcore.dll
0x00007ffbdfca0000 - 0x00007ffbdfcaa000 	C:\Program Files\Java\jdk-19\bin\jimage.dll
0x00007ffbd2850000 - 0x00007ffbd2a34000 	C:\Windows\SYSTEM32\DBGHELP.DLL
0x00007ffbd23f0000 - 0x00007ffbd241c000 	C:\Windows\SYSTEM32\dbgcore.DLL
0x00007ffbe5d30000 - 0x00007ffbe5db2000 	C:\Windows\System32\bcryptPrimitives.dll
0x00007ffbd21f0000 - 0x00007ffbd2216000 	C:\Program Files\Java\jdk-19\bin\java.dll
0x00007ffbc3690000 - 0x00007ffbc3767000 	C:\Program Files\Java\jdk-19\bin\jsvml.dll
0x00007ffbe7810000 - 0x00007ffbe7f53000 	C:\Windows\System32\SHELL32.dll
0x00007ffbe3dd0000 - 0x00007ffbe4562000 	C:\Windows\SYSTEM32\windows.storage.dll
0x00007ffbe6680000 - 0x00007ffbe69d4000 	C:\Windows\System32\combase.dll
0x00007ffbe5790000 - 0x00007ffbe57c0000 	C:\Windows\SYSTEM32\Wldp.dll
0x00007ffbe6d10000 - 0x00007ffbe6dbd000 	C:\Windows\System32\SHCORE.dll
0x00007ffbe8090000 - 0x00007ffbe80e5000 	C:\Windows\System32\shlwapi.dll
0x00007ffbe5c70000 - 0x00007ffbe5c8f000 	C:\Windows\SYSTEM32\profapi.dll
0x00007ffbd3f70000 - 0x00007ffbd3f83000 	C:\Program Files\Java\jdk-19\bin\net.dll
0x00007ffbd9bd0000 - 0x00007ffbd9cdc000 	C:\Windows\SYSTEM32\WINHTTP.dll
0x00007ffbe54f0000 - 0x00007ffbe555a000 	C:\Windows\system32\mswsock.dll
0x00007ffbd2150000 - 0x00007ffbd2166000 	C:\Program Files\Java\jdk-19\bin\nio.dll
0x00007ffbd2130000 - 0x00007ffbd2148000 	C:\Program Files\Java\jdk-19\bin\zip.dll
0x0000016087e40000 - 0x0000016087e43000 	C:\Users\Gabriel\.openjfx\cache\13\api-ms-win-core-console-l1-1-0.dll
0x0000016087e50000 - 0x0000016087e53000 	C:\Users\Gabriel\.openjfx\cache\13\api-ms-win-core-datetime-l1-1-0.dll
0x0000016087e60000 - 0x0000016087e63000 	C:\Users\Gabriel\.openjfx\cache\13\api-ms-win-core-debug-l1-1-0.dll
0x0000016087e70000 - 0x0000016087e73000 	C:\Users\Gabriel\.openjfx\cache\13\api-ms-win-core-errorhandling-l1-1-0.dll
0x00000160a6760000 - 0x00000160a6764000 	C:\Users\Gabriel\.openjfx\cache\13\api-ms-win-core-file-l1-1-0.dll
0x00000160a6770000 - 0x00000160a6773000 	C:\Users\Gabriel\.openjfx\cache\13\api-ms-win-core-file-l1-2-0.dll
0x00000160a6780000 - 0x00000160a6783000 	C:\Users\Gabriel\.openjfx\cache\13\api-ms-win-core-file-l2-1-0.dll
0x00000160a6790000 - 0x00000160a6793000 	C:\Users\Gabriel\.openjfx\cache\13\api-ms-win-core-handle-l1-1-0.dll
0x00000160a67a0000 - 0x00000160a67a3000 	C:\Users\Gabriel\.openjfx\cache\13\api-ms-win-core-heap-l1-1-0.dll
0x00000160a67b0000 - 0x00000160a67b3000 	C:\Users\Gabriel\.openjfx\cache\13\api-ms-win-core-interlocked-l1-1-0.dll
0x00000160a67c0000 - 0x00000160a67c3000 	C:\Users\Gabriel\.openjfx\cache\13\api-ms-win-core-libraryloader-l1-1-0.dll
0x00000160a67d0000 - 0x00000160a67d3000 	C:\Users\Gabriel\.openjfx\cache\13\api-ms-win-core-localization-l1-2-0.dll
0x00000160a67e0000 - 0x00000160a67e3000 	C:\Users\Gabriel\.openjfx\cache\13\api-ms-win-core-memory-l1-1-0.dll
0x00000160a67f0000 - 0x00000160a67f3000 	C:\Users\Gabriel\.openjfx\cache\13\api-ms-win-core-namedpipe-l1-1-0.dll
0x00000160ac4f0000 - 0x00000160ac4f3000 	C:\Users\Gabriel\.openjfx\cache\13\api-ms-win-core-processenvironment-l1-1-0.dll
0x00000160ac500000 - 0x00000160ac503000 	C:\Users\Gabriel\.openjfx\cache\13\api-ms-win-core-processthreads-l1-1-0.dll
0x00000160ac510000 - 0x00000160ac513000 	C:\Users\Gabriel\.openjfx\cache\13\api-ms-win-core-processthreads-l1-1-1.dll
0x00000160ac520000 - 0x00000160ac523000 	C:\Users\Gabriel\.openjfx\cache\13\api-ms-win-core-profile-l1-1-0.dll
0x00000160ac530000 - 0x00000160ac533000 	C:\Users\Gabriel\.openjfx\cache\13\api-ms-win-core-rtlsupport-l1-1-0.dll
0x00000160ac540000 - 0x00000160ac543000 	C:\Users\Gabriel\.openjfx\cache\13\api-ms-win-core-string-l1-1-0.dll
0x00000160ac550000 - 0x00000160ac553000 	C:\Users\Gabriel\.openjfx\cache\13\api-ms-win-core-synch-l1-1-0.dll
0x00000160ac560000 - 0x00000160ac563000 	C:\Users\Gabriel\.openjfx\cache\13\api-ms-win-core-synch-l1-2-0.dll
0x00000160ac570000 - 0x00000160ac573000 	C:\Users\Gabriel\.openjfx\cache\13\api-ms-win-core-sysinfo-l1-1-0.dll
0x00000160ac580000 - 0x00000160ac583000 	C:\Users\Gabriel\.openjfx\cache\13\api-ms-win-core-timezone-l1-1-0.dll
0x00000160ac590000 - 0x00000160ac593000 	C:\Users\Gabriel\.openjfx\cache\13\api-ms-win-core-util-l1-1-0.dll
0x00000160ac5a0000 - 0x00000160ac5a3000 	C:\Users\Gabriel\.openjfx\cache\13\api-ms-win-crt-conio-l1-1-0.dll
0x00000160ac5b0000 - 0x00000160ac5b4000 	C:\Users\Gabriel\.openjfx\cache\13\api-ms-win-crt-convert-l1-1-0.dll
0x00000160ac5c0000 - 0x00000160ac5c3000 	C:\Users\Gabriel\.openjfx\cache\13\api-ms-win-crt-environment-l1-1-0.dll
0x00000160ac5d0000 - 0x00000160ac5d3000 	C:\Users\Gabriel\.openjfx\cache\13\api-ms-win-crt-filesystem-l1-1-0.dll
0x00000160ac5e0000 - 0x00000160ac5e3000 	C:\Users\Gabriel\.openjfx\cache\13\api-ms-win-crt-heap-l1-1-0.dll
0x00000160ac5f0000 - 0x00000160ac5f3000 	C:\Users\Gabriel\.openjfx\cache\13\api-ms-win-crt-locale-l1-1-0.dll
0x00000160ac600000 - 0x00000160ac605000 	C:\Users\Gabriel\.openjfx\cache\13\api-ms-win-crt-math-l1-1-0.dll
0x00000160ac610000 - 0x00000160ac615000 	C:\Users\Gabriel\.openjfx\cache\13\api-ms-win-crt-multibyte-l1-1-0.dll
0x00000160ac620000 - 0x00000160ac630000 	C:\Users\Gabriel\.openjfx\cache\13\api-ms-win-crt-private-l1-1-0.dll
0x00000160ac630000 - 0x00000160ac633000 	C:\Users\Gabriel\.openjfx\cache\13\api-ms-win-crt-process-l1-1-0.dll
0x00000160ac640000 - 0x00000160ac644000 	C:\Users\Gabriel\.openjfx\cache\13\api-ms-win-crt-runtime-l1-1-0.dll
0x00000160ac650000 - 0x00000160ac654000 	C:\Users\Gabriel\.openjfx\cache\13\api-ms-win-crt-stdio-l1-1-0.dll
0x00000160ac660000 - 0x00000160ac664000 	C:\Users\Gabriel\.openjfx\cache\13\api-ms-win-crt-string-l1-1-0.dll
0x00000160ac670000 - 0x00000160ac673000 	C:\Users\Gabriel\.openjfx\cache\13\api-ms-win-crt-time-l1-1-0.dll
0x00000160ac680000 - 0x00000160ac683000 	C:\Users\Gabriel\.openjfx\cache\13\api-ms-win-crt-utility-l1-1-0.dll
0x00007ffbbf640000 - 0x00007ffbbf73c000 	C:\Users\Gabriel\.openjfx\cache\13\ucrtbase.dll
0x00007ffbcbd80000 - 0x00007ffbcbd95000 	C:\Users\Gabriel\.openjfx\cache\13\vcruntime140.dll
0x00007ffbc35f0000 - 0x00007ffbc368b000 	C:\Users\Gabriel\.openjfx\cache\13\msvcp140.dll
0x00007ffbc63c0000 - 0x00007ffbc6411000 	C:\Users\Gabriel\.openjfx\cache\13\concrt140.dll
0x00007ffbc2d00000 - 0x00007ffbc2d23000 	C:\Users\Gabriel\.openjfx\cache\13\prism_d3d.dll
0x00007ffbd2220000 - 0x00007ffbd23ef000 	C:\Windows\system32\d3d9.dll
0x00007ffbe3900000 - 0x00007ffbe392f000 	C:\Windows\SYSTEM32\dwmapi.dll
0x00007ffbe3720000 - 0x00007ffbe37be000 	C:\Windows\system32\uxtheme.dll
0x00007ffb65c40000 - 0x00007ffb6b44d000 	C:\Windows\System32\DriverStore\FileRepository\igdlh64.inf_amd64_6d1fd205efa7f979\igdumdim64.dll
0x00007ffbe7f60000 - 0x00007ffbe802d000 	C:\Windows\System32\OLEAUT32.dll
0x00007ffbe7060000 - 0x00007ffbe718a000 	C:\Windows\System32\ole32.dll
0x00007ffbe7280000 - 0x00007ffbe76e8000 	C:\Windows\System32\SETUPAPI.dll
0x00007ffbe6630000 - 0x00007ffbe667e000 	C:\Windows\System32\cfgmgr32.dll
0x00007ffbe6030000 - 0x00007ffbe6057000 	C:\Windows\System32\bcrypt.dll
0x00007ffbc2cb0000 - 0x00007ffbc2cf5000 	C:\Users\Gabriel\.openjfx\cache\13\glass.dll
0x00007ffbe7190000 - 0x00007ffbe726a000 	C:\Windows\System32\COMDLG32.dll
0x00007ffbe76f0000 - 0x00007ffbe7805000 	C:\Windows\System32\MSCTF.dll
0x00007ffbd8840000 - 0x00007ffbd999e000 	C:\Windows\System32\DriverStore\FileRepository\igdlh64.inf_amd64_6d1fd205efa7f979\igc64.dll
0x00007ffbdb820000 - 0x00007ffbdb85b000 	C:\Windows\SYSTEM32\dxcore.dll
0x00007ffbcbd60000 - 0x00007ffbcbd74000 	C:\Users\Gabriel\.openjfx\cache\13\javafx_font.dll
0x00007ffbca680000 - 0x00007ffbca8ff000 	C:\Windows\SYSTEM32\dwrite.dll
0x00007ffbe6aa0000 - 0x00007ffbe6b4f000 	C:\Windows\System32\clbcatq.dll
0x00007ffbde9d0000 - 0x00007ffbdeb84000 	C:\Windows\SYSTEM32\WindowsCodecs.dll
0x00007ffbc8420000 - 0x00007ffbc845e000 	C:\Windows\system32\dataexchange.dll
0x00007ffbe2780000 - 0x00007ffbe2963000 	C:\Windows\system32\dcomp.dll
0x00007ffbe1af0000 - 0x00007ffbe1d53000 	C:\Windows\system32\d3d11.dll
0x00007ffbe45f0000 - 0x00007ffbe46e3000 	C:\Windows\system32\dxgi.dll
0x00007ffbdef60000 - 0x00007ffbdf160000 	C:\Windows\system32\twinapi.appcore.dll
0x00007ffbc1930000 - 0x00007ffbc1964000 	C:\Program Files\Common Files\Microsoft Shared\Ink\rtscom.dll
0x00007ffbce590000 - 0x00007ffbce689000 	C:\Windows\SYSTEM32\textinputframework.dll
0x00007ffbe2970000 - 0x00007ffbe2cce000 	C:\Windows\System32\CoreUIComponents.dll
0x00007ffbe3050000 - 0x00007ffbe3142000 	C:\Windows\System32\CoreMessaging.dll
0x00007ffbe4ec0000 - 0x00007ffbe4ef3000 	C:\Windows\SYSTEM32\ntmarta.dll
0x00007ffbe1990000 - 0x00007ffbe1ae4000 	C:\Windows\SYSTEM32\wintypes.dll
0x00007ffbd86f0000 - 0x00007ffbd8756000 	C:\Windows\system32\Oleacc.dll

dbghelp: loaded successfully - version: 4.0.5 - missing functions: none
symbol engine: initialized successfully - sym options: 0x614 - pdb path: .;C:\Program Files\Java\jdk-19\bin;C:\Windows\SYSTEM32;C:\Windows\WinSxS\amd64_microsoft.windows.common-controls_6595b64144ccf1df_6.0.19041.1110_none_60b5254171f9507e;C:\Program Files\Java\jdk-19\bin\server;C:\Users\Gabriel\.openjfx\cache\13;C:\Windows\System32\DriverStore\FileRepository\igdlh64.inf_amd64_6d1fd205efa7f979;C:\Program Files\Common Files\Microsoft Shared\Ink

VM Arguments:
jvm_args: --module-path=C:\Users\Gabriel\Downloads\teste4\Trabalho-Final-POO\batalha-pokemon\target\classes;C:\Users\Gabriel\.m2\repository\org\openjfx\javafx-base\13\javafx-base-13-win.jar;C:\Users\Gabriel\.m2\repository\org\openjfx\javafx-controls\13\javafx-controls-13-win.jar;C:\Users\Gabriel\.m2\repository\org\openjfx\javafx-fxml\13\javafx-fxml-13-win.jar;C:\Users\Gabriel\.m2\repository\org\openjfx\javafx-graphics\13\javafx-graphics-13-win.jar --add-modules=poo -Djdk.module.main=poo 
java_command: poo/poo.App
java_class_path (initial): C:\Users\Gabriel\.m2\repository\org\openjfx\javafx-base\13\javafx-base-13.jar;C:\Users\Gabriel\.m2\repository\org\openjfx\javafx-controls\13\javafx-controls-13.jar;C:\Users\Gabriel\.m2\repository\org\openjfx\javafx-fxml\13\javafx-fxml-13.jar;C:\Users\Gabriel\.m2\repository\org\openjfx\javafx-graphics\13\javafx-graphics-13.jar
Launcher Type: SUN_STANDARD

[Global flags]
     intx CICompilerCount                          = 4                                         {product} {ergonomic}
     uint ConcGCThreads                            = 2                                         {product} {ergonomic}
     uint G1ConcRefinementThreads                  = 8                                         {product} {ergonomic}
   size_t G1HeapRegionSize                         = 1048576                                   {product} {ergonomic}
    uintx GCDrainStackTargetSize                   = 64                                        {product} {ergonomic}
   size_t InitialHeapSize                          = 134217728                                 {product} {ergonomic}
   size_t MarkStackSize                            = 4194304                                   {product} {ergonomic}
   size_t MaxHeapSize                              = 2128609280                                {product} {ergonomic}
   size_t MaxNewSize                               = 1277165568                                {product} {ergonomic}
   size_t MinHeapDeltaBytes                        = 1048576                                   {product} {ergonomic}
   size_t MinHeapSize                              = 8388608                                   {product} {ergonomic}
    uintx NonNMethodCodeHeapSize                   = 5839372                                {pd product} {ergonomic}
    uintx NonProfiledCodeHeapSize                  = 122909434                              {pd product} {ergonomic}
    uintx ProfiledCodeHeapSize                     = 122909434                              {pd product} {ergonomic}
    uintx ReservedCodeCacheSize                    = 251658240                              {pd product} {ergonomic}
     bool SegmentedCodeCache                       = true                                      {product} {ergonomic}
   size_t SoftMaxHeapSize                          = 2128609280                             {manageable} {ergonomic}
     bool UseCompressedClassPointers               = true                           {product lp64_product} {ergonomic}
     bool UseCompressedOops                        = true                           {product lp64_product} {ergonomic}
     bool UseG1GC                                  = true                                      {product} {ergonomic}
     bool UseLargePagesIndividualAllocation        = false                                  {pd product} {ergonomic}

Logging:
Log output configuration:
 #0: stdout all=off uptime,level,tags foldmultilines=false
 #1: stderr all=off uptime,level,tags foldmultilines=false

Environment Variables:
JAVA_HOME=C:\Program Files\Java\jdk-19
PATH=C:\Program Files\Common Files\Oracle\Java\javapath;C:\Program Files\Eclipse Adoptium\jdk-17.0.4.101-hotspot\bin;C:\Program Files (x86)\Common Files\Oracle\Java\javapath;C:\Windows\system32;C:\Windows;C:\Windows\System32\Wbem;C:\Windows\System32\WindowsPowerShell\v1.0\;C:\Windows\System32\OpenSSH\;C:\Program Files\Git\cmd;C:\Users\Gabriel\AppData\Local\Microsoft\WindowsApps;C:\Users\Gabriel\AppData\Local\Programs\Microsoft VS Code\bin;C:\Users\Gabriel\AppData\Local\GitHubDesktop\bin;C:\Program Files (x86)\Maven\apache-maven-3.8.6\bin;C:\Program Files\Java\jdk-19\bin;
USERNAME=Gabriel
LANG=pt_BR.UTF-8
OS=Windows_NT
PROCESSOR_IDENTIFIER=Intel64 Family 6 Model 94 Stepping 3, GenuineIntel
TMP=C:\Users\Gabriel\AppData\Local\Temp
TEMP=C:\Users\Gabriel\AppData\Local\Temp



---------------  S Y S T E M  ---------------

OS:
 Windows 10 , 64 bit Build 19041 (10.0.19041.2251)
OS uptime: 2 days 10:22 hours

CPU: total 8 (initial active 8) (4 cores per cpu, 2 threads per core) family 6 model 94 stepping 3 microcode 0xcc, cx8, cmov, fxsr, ht, mmx, 3dnowpref, sse, sse2, sse3, ssse3, sse4.1, sse4.2, popcnt, lzcnt, tsc, tscinvbit, avx, avx2, aes, erms, clmul, bmi1, bmi2, rtm, adx, fma, vzeroupper, clflush, clflushopt, rdtscp

Memory: 4k page, system-wide physical 8112M (1040M free)
TotalPageFile size 19930M (AvailPageFile size 2389M)
current process WorkingSet (physical memory assigned to process): 196M, peak: 212M
current process commit charge ("private bytes"): 319M, peak: 338M

vm_info: Java HotSpot(TM) 64-Bit Server VM (19.0.1+10-21) for windows-amd64 JRE (19.0.1+10-21), built on 2022-09-14T12:45:06Z by "mach5one" with MS VC++ 17.1 (VS2022)

END.
