#
# A fatal error has been detected by the Java Runtime Environment:
#
#  EXCEPTION_ACCESS_VIOLATION (0xc0000005) at pc=0x00007ffbc2d066f0, pid=7572, tid=23440
#
# JRE version: Java(TM) SE Runtime Environment (19.0.1+10) (build 19.0.1+10-21)
# Java VM: Java HotSpot(TM) 64-Bit Server VM (19.0.1+10-21, mixed mode, sharing, tiered, compressed oops, compressed class ptrs, g1 gc, windows-amd64)
# Problematic frame:
# C  [glass.dll+0x266f0]
#
# No core dump will be written. Minidumps are not enabled by default on client versions of Windows
#
# If you would like to submit a bug report, please visit:
#   https://bugreport.java.com/bugreport/crash.jsp
#

---------------  S U M M A R Y ------------

Command Line: --module-path=C:\Users\Gabriel\Downloads\teste4\Trabalho-Final-POO\batalha-pokemon\target\classes;C:\Users\Gabriel\.m2\repository\org\openjfx\javafx-base\13\javafx-base-13-win.jar;C:\Users\Gabriel\.m2\repository\org\openjfx\javafx-controls\13\javafx-controls-13-win.jar;C:\Users\Gabriel\.m2\repository\org\openjfx\javafx-fxml\13\javafx-fxml-13-win.jar;C:\Users\Gabriel\.m2\repository\org\openjfx\javafx-graphics\13\javafx-graphics-13-win.jar --add-modules=poo -Djdk.module.main=poo poo/poo.App

Host: Intel(R) Core(TM) i7-6700HQ CPU @ 2.60GHz, 8 cores, 7G,  Windows 10 , 64 bit Build 19041 (10.0.19041.2251)
Time: Wed Nov 30 10:28:15 2022 Hora oficial do Brasil elapsed time: 23.522287 seconds (0d 0h 0m 23s)

---------------  T H R E A D  ---------------

Current thread (0x000001db59d5f510):  VMThread "VM Thread" [stack: 0x0000000551b00000,0x0000000551c00000] [id=23440]

Stack: [0x0000000551b00000,0x0000000551c00000],  sp=0x0000000551bfeed0,  free space=1019k
Native frames: (J=compiled Java code, j=interpreted, Vv=VM code, C=native code)
C  [glass.dll+0x266f0]


siginfo: EXCEPTION_ACCESS_VIOLATION (0xc0000005), reading address 0x0000000000000000


Registers:
RAX=0x0000000000000000, RBX=0x000001db59d69b08, RCX=0x000001db59d5f510, RDX=0x0000000551bfeed0
RSP=0x0000000551bfeed0, RBP=0x000001db5eb05d78, RSI=0x000001db5eb05d50, RDI=0x000061f4ea027460
R8 =0x0000000000010002, R9 =0x000061f4ea027460, R10=0x0000000000008000, R11=0x0000000551bfee70
R12=0x00007ffbc2d03b84, R13=0x00007ffbb86272a0, R14=0x0000000551bfefd8, R15=0x000001db5eb05d50
RIP=0x00007ffbc2d066f0, EFLAGS=0x0000000000010202


Register to memory mapping:

RIP=0x00007ffbc2d066f0 glass.dll
RAX=0x0 is NULL
RBX=0x000001db59d69b08 is a global jni handle
RCX=0x000001db59d5f510 points into unknown readable memory: 0x00007ffbb84345e8 | e8 45 43 b8 fb 7f 00 00
RDX=0x0000000551bfeed0 points into unknown readable memory: 0x0000000000000000 | 00 00 00 00 00 00 00 00
RSP=0x0000000551bfeed0 points into unknown readable memory: 0x0000000000000000 | 00 00 00 00 00 00 00 00
RBP=0x000001db5eb05d78 points into unknown readable memory: 0x000061f4ea027460 | 60 74 02 ea f4 61 00 00
RSI=0x000001db5eb05d50 points into unknown readable memory: 0xc2d05798ea020b9b | 9b 0b 02 ea 98 57 d0 c2
RDI=0x000061f4ea027460 is an unknown value
R8 =0x0000000000010002 is an unknown value
R9 =0x000061f4ea027460 is an unknown value
R10=0x0000000000008000 is an unknown value
R11=0x0000000551bfee70 points into unknown readable memory: 0x000001db5eb05d50 | 50 5d b0 5e db 01 00 00
R12=0x00007ffbc2d03b84 glass.dll
R13=0x00007ffbb86272a0 jvm.dll
R14=0x0000000551bfefd8 points into unknown readable memory: 0x0000000551bfefc0 | c0 ef bf 51 05 00 00 00
R15=0x000001db5eb05d50 points into unknown readable memory: 0xc2d05798ea020b9b | 9b 0b 02 ea 98 57 d0 c2


Top of Stack: (sp=0x0000000551bfeed0)
0x0000000551bfeed0:   0000000000000000 00007ffbe653f05b
0x0000000551bfeee0:   000001db5eb05d60 000001db5eb05d50
0x0000000551bfeef0:   fffffffffffffffe 00007ffbc2d03b84
0x0000000551bfef00:   000001db5eb05d58 00007ffbe65442d6
0x0000000551bfef10:   000001db5eb05d60 000001db00000000
0x0000000551bfef20:   000001db5eb05d78 000001db5eb05d50
0x0000000551bfef30:   fffffffffffffffe 0000000000000000
0x0000000551bfef40:   0000000000000001 00007ffbc2ce0000
0x0000000551bfef50:   0000000551bfefc8 00007ffbe65441fb
0x0000000551bfef60:   0000000000000000 0000000551bfefd8
0x0000000551bfef70:   0000000551bff290 00007ffbe6620e40
0x0000000551bfef80:   0000000000000000 00007ffbe65441b4
0x0000000551bfef90:   0000000000000000 0000000000000001
0x0000000551bfefa0:   0000000000000001 0000000551bfefc8
0x0000000551bfefb0:   0000000000000006 00007ffbc2d03a12
0x0000000551bfefc0:   00007ffbc2d1d118 0000000500000002 

Instructions: (pc=0x00007ffbc2d066f0)
0x00007ffbc2d065f0:   8b 4d 60 e8 98 c9 ff ff 48 8b 55 68 48 8b 8d 08
0x00007ffbc2d06600:   01 00 00 e8 49 be ff ff 33 d2 33 c9 e8 49 de ff
0x00007ffbc2d06610:   ff 90 cc cc cc cc cc cc cc cc cc cc cc cc cc cc
0x00007ffbc2d06620:   48 8d 8a 80 00 00 00 e9 14 e9 fe ff 48 89 54 24
0x00007ffbc2d06630:   10 55 48 83 ec 20 48 8b ea 48 8d 05 dd ca ff ff
0x00007ffbc2d06640:   48 83 c4 20 5d c3 cc 40 55 48 8b ea 48 8b 01 33
0x00007ffbc2d06650:   c9 81 38 05 00 00 c0 0f 94 c1 8b c1 5d c3 cc 40
0x00007ffbc2d06660:   55 48 83 ec 20 48 8b ea 8a 4d 40 48 83 c4 20 5d
0x00007ffbc2d06670:   e9 df cd ff ff cc 40 55 48 83 ec 20 48 8b ea e8
0x00007ffbc2d06680:   fc cb ff ff 8a 4d 38 48 83 c4 20 5d e9 c3 cd ff
0x00007ffbc2d06690:   ff cc 40 55 48 83 ec 30 48 8b ea 48 8b 01 8b 10
0x00007ffbc2d066a0:   48 89 4c 24 28 89 54 24 20 4c 8d 0d a4 d1 ff ff
0x00007ffbc2d066b0:   4c 8b 45 70 8b 55 68 48 8b 4d 60 e8 30 cb ff ff
0x00007ffbc2d066c0:   90 48 83 c4 30 5d c3 cc cc cc cc cc cc cc cc cc
0x00007ffbc2d066d0:   40 53 48 83 ec 30 48 c7 44 24 20 fe ff ff ff 48
0x00007ffbc2d066e0:   8b 1d 2a 64 01 00 48 85 db 74 16 e8 90 85 ff ff
0x00007ffbc2d066f0:   4c 8b 00 48 8b d3 48 8b c8 41 ff 90 b0 00 00 00
0x00007ffbc2d06700:   90 48 83 c4 30 5b c3 cc cc cc cc cc cc cc cc cc
0x00007ffbc2d06710:   40 53 48 83 ec 20 48 8b 1d 9b 65 01 00 48 85 db
0x00007ffbc2d06720:   74 57 b8 ff ff ff ff f0 0f c1 43 10 83 f8 01 75
0x00007ffbc2d06730:   3d 48 85 db 74 38 48 8b 0b 48 85 c9 74 0d ff 15
0x00007ffbc2d06740:   64 0b 00 00 48 c7 03 00 00 00 00 48 8b 4b 08 48
0x00007ffbc2d06750:   85 c9 74 0d e8 37 c8 ff ff 48 c7 43 08 00 00 00
0x00007ffbc2d06760:   00 ba 18 00 00 00 48 8b cb e8 22 c8 ff ff 48 c7
0x00007ffbc2d06770:   05 3f 65 01 00 00 00 00 00 48 83 c4 20 5b c3 cc
0x00007ffbc2d06780:   40 53 48 83 ec 20 48 8b 1d 0b 65 01 00 48 85 db
0x00007ffbc2d06790:   74 57 b8 ff ff ff ff f0 0f c1 43 10 83 f8 01 75
0x00007ffbc2d067a0:   3d 48 85 db 74 38 48 8b 0b 48 85 c9 74 0d ff 15
0x00007ffbc2d067b0:   f4 0a 00 00 48 c7 03 00 00 00 00 48 8b 4b 08 48
0x00007ffbc2d067c0:   85 c9 74 0d e8 c7 c7 ff ff 48 c7 43 08 00 00 00
0x00007ffbc2d067d0:   00 ba 18 00 00 00 48 8b cb e8 b2 c7 ff ff 48 c7
0x00007ffbc2d067e0:   05 af 64 01 00 00 00 00 00 48 83 c4 20 5b c3 cc 


Stack slot to memory mapping:
stack at sp + 0 slots: 0x0 is NULL
stack at sp + 1 slots: 0x00007ffbe653f05b ucrtbase.dll
stack at sp + 2 slots: 0x000001db5eb05d60 points into unknown readable memory: 0x000061f4ea027460 | 60 74 02 ea f4 61 00 00
stack at sp + 3 slots: 0x000001db5eb05d50 points into unknown readable memory: 0xc2d05798ea020b9b | 9b 0b 02 ea 98 57 d0 c2
stack at sp + 4 slots: 0xfffffffffffffffe is an unknown value
stack at sp + 5 slots: 0x00007ffbc2d03b84 glass.dll
stack at sp + 6 slots: 0x000001db5eb05d58 points into unknown readable memory: 0x000061f4ea027460 | 60 74 02 ea f4 61 00 00
stack at sp + 7 slots: 0x00007ffbe65442d6 ucrtbase.dll

VM_Operation (0x0000000552cfc090): Exit, mode: safepoint, requested by thread 0x000001db5eb32800


---------------  P R O C E S S  ---------------

Threads class SMR info:
_java_thread_list=0x000001db5ee93ba0, length=19, elements={
0x000001db3b51d080, 0x000001db59d78260, 0x000001db59d79050, 0x000001db59d7b880,
0x000001db59d7e440, 0x000001db59d7ed70, 0x000001db59d7f7e0, 0x000001db59d83a80,
0x000001db59d905a0, 0x000001db59d9e750, 0x000001db5e0d0ad0, 0x000001db5e438fd0,
0x000001db5e6cd510, 0x000001db5eb16240, 0x000001db5eb32800, 0x000001db5ee4a2b0,
0x000001db5eddbd00, 0x000001db5efff960, 0x000001db5f0013f0
}

Java Threads: ( => current thread )
  0x000001db3b51d080 JavaThread "main" [_thread_blocked, id=3816, stack(0x0000000551500000,0x0000000551600000)]
  0x000001db59d78260 JavaThread "Reference Handler" daemon [_thread_blocked, id=20140, stack(0x0000000551c00000,0x0000000551d00000)]
  0x000001db59d79050 JavaThread "Finalizer" daemon [_thread_blocked, id=11216, stack(0x0000000551d00000,0x0000000551e00000)]
  0x000001db59d7b880 JavaThread "Signal Dispatcher" daemon [_thread_blocked, id=5752, stack(0x0000000551e00000,0x0000000551f00000)]
  0x000001db59d7e440 JavaThread "Attach Listener" daemon [_thread_blocked, id=4208, stack(0x0000000551f00000,0x0000000552000000)]
  0x000001db59d7ed70 JavaThread "Service Thread" daemon [_thread_blocked, id=11420, stack(0x0000000552000000,0x0000000552100000)]
  0x000001db59d7f7e0 JavaThread "Monitor Deflation Thread" daemon [_thread_blocked, id=5460, stack(0x0000000552100000,0x0000000552200000)]
  0x000001db59d83a80 JavaThread "C2 CompilerThread0" daemon [_thread_blocked, id=15036, stack(0x0000000552200000,0x0000000552300000)]
  0x000001db59d905a0 JavaThread "C1 CompilerThread0" daemon [_thread_blocked, id=23340, stack(0x0000000552300000,0x0000000552400000)]
  0x000001db59d9e750 JavaThread "Sweeper thread" daemon [_thread_blocked, id=4840, stack(0x0000000552400000,0x0000000552500000)]
  0x000001db5e0d0ad0 JavaThread "Common-Cleaner" daemon [_thread_blocked, id=10068, stack(0x0000000552500000,0x0000000552600000)]
  0x000001db5e438fd0 JavaThread "Notification Thread" daemon [_thread_blocked, id=18580, stack(0x0000000552800000,0x0000000552900000)]
  0x000001db5e6cd510 JavaThread "QuantumRenderer-0" daemon [_thread_blocked, id=7836, stack(0x0000000552a00000,0x0000000552b00000)]
  0x000001db5eb16240 JavaThread "InvokeLaterDispatcher" daemon [_thread_blocked, id=9620, stack(0x0000000552b00000,0x0000000552c00000)]
  0x000001db5eb32800 JavaThread "JavaFX Application Thread" [_thread_blocked, id=14012, stack(0x0000000552c00000,0x0000000552d00000)]
  0x000001db5ee4a2b0 JavaThread "Thread-1" daemon [_thread_in_native, id=22472, stack(0x0000000553000000,0x0000000553100000)]
  0x000001db5eddbd00 JavaThread "JavaFX-Launcher" [_thread_blocked, id=22060, stack(0x0000000553100000,0x0000000553200000)]
  0x000001db5efff960 JavaThread "Prism Font Disposer" daemon [_thread_blocked, id=4544, stack(0x0000000553a00000,0x0000000553b00000)]
  0x000001db5f0013f0 JavaThread "Cleaner-0" daemon [_thread_blocked, id=6512, stack(0x0000000552700000,0x0000000552800000)]

Other Threads:
=>0x000001db59d5f510 VMThread "VM Thread" [stack: 0x0000000551b00000,0x0000000551c00000] [id=23440]
  0x000001db3b57c4c0 WorkerThread "GC Thread#0" [stack: 0x0000000551600000,0x0000000551700000] [id=14128]
  0x000001db5ee35ed0 WorkerThread "GC Thread#1" [stack: 0x0000000553200000,0x0000000553300000] [id=21932]
  0x000001db5ee29180 WorkerThread "GC Thread#2" [stack: 0x0000000553300000,0x0000000553400000] [id=1636]
  0x000001db5ee99730 WorkerThread "GC Thread#3" [stack: 0x0000000553400000,0x0000000553500000] [id=22444]
  0x000001db5ee98920 WorkerThread "GC Thread#4" [stack: 0x0000000553500000,0x0000000553600000] [id=6876]
  0x000001db5ee99cd0 WorkerThread "GC Thread#5" [stack: 0x0000000553600000,0x0000000553700000] [id=21236]
  0x000001db5ee98380 WorkerThread "GC Thread#6" [stack: 0x0000000552600000,0x0000000552700000] [id=11384]
  0x000001db5ee98650 WorkerThread "GC Thread#7" [stack: 0x0000000553b00000,0x0000000553c00000] [id=8000]
  0x000001db3b58d380 ConcurrentGCThread "G1 Main Marker" terminated
  0x000001db3b58e550 WorkerThread "G1 Conc#0" [stack: 0x0000000551800000,0x0000000551900000] [id=15252]
  0x000001db3b5ee590 ConcurrentGCThread "G1 Refine#0" terminated
  0x000001db59c1a2c0 ConcurrentGCThread "G1 Service" terminated

Threads with active compile tasks:
C1 CompilerThread0  
[error occurred during error reporting (printing all threads), id 0xc0000005, EXCEPTION_ACCESS_VIOLATION (0xc0000005) at pc=0x00007ffbb8220753]

VM state: at safepoint (shutting down)

VM Mutex/Monitor currently owned by a thread:  ([mutex/lock_event])
[0x000001db3b518ed0] Threads_lock - owner thread: 0x000001db59d5f510
[0x000001db3b51a790] Heap_lock - owner thread: 0x000001db5eb32800

Heap address: 0x0000000081200000, size: 2030 MB, Compressed Oops mode: 32-bit

CDS archive(s) mapped at: [0x0000000800000000-0x0000000800c40000-0x0000000800c40000), size 12845056, SharedBaseAddress: 0x0000000800000000, ArchiveRelocationMode: 0.
Compressed class space mapped at: 0x0000000801000000-0x0000000841000000, reserved size: 1073741824
Narrow klass base: 0x0000000800000000, Narrow klass shift: 0, Narrow klass range: 0x100000000

GC Precious Log:
 CardTable entry size: 512
 Card Set container configuration: InlinePtr #cards 5 size 8 Array Of Cards #cards 12 size 40 Howl #buckets 4 coarsen threshold 1843 Howl Bitmap #cards 512 size 80 coarsen threshold 460 Card regions per heap region 1 cards per card region 2048
 CPUs: 8 total, 8 available
 Memory: 8112M
 Large Page Support: Disabled
 NUMA Support: Disabled
 Compressed Oops: Enabled (32-bit)
 Heap Region Size: 1M
 Heap Min Capacity: 8M
 Heap Initial Capacity: 128M
 Heap Max Capacity: 2030M
 Pre-touch: Disabled
 Parallel Workers: 8
 Concurrent Workers: 2
 Concurrent Refinement Workers: 8
 Periodic GC: Disabled

Heap:
 garbage-first heap   total 131072K, used 28685K [0x0000000081200000, 0x0000000100000000)
  region size 1024K, 13 young (13312K), 5 survivors (5120K)
 Metaspace       used 16165K, committed 16512K, reserved 1114112K
  class space    used 2360K, committed 2496K, reserved 1048576K

Heap Regions: E=young(eden), S=young(survivor), O=old, HS=humongous(starts), HC=humongous(continues), CS=collection set, F=free, OA=open archive, CA=closed archive, TAMS=top-at-mark-start (previous, next)
|   0|0x0000000081200000, 0x0000000081300000, 0x0000000081300000|100%|HS|  |TAMS 0x0000000081200000, 0x0000000081200000| Complete 
|   1|0x0000000081300000, 0x0000000081400000, 0x0000000081400000|100%|HC|  |TAMS 0x0000000081300000, 0x0000000081300000| Complete 
|   2|0x0000000081400000, 0x0000000081500000, 0x0000000081500000|100%|HC|  |TAMS 0x0000000081400000, 0x0000000081400000| Complete 
|   3|0x0000000081500000, 0x0000000081600000, 0x0000000081600000|100%|HC|  |TAMS 0x0000000081500000, 0x0000000081500000| Complete 
|   4|0x0000000081600000, 0x0000000081700000, 0x0000000081700000|100%|HC|  |TAMS 0x0000000081600000, 0x0000000081600000| Complete 
|   5|0x0000000081700000, 0x0000000081800000, 0x0000000081800000|100%|HC|  |TAMS 0x0000000081700000, 0x0000000081700000| Complete 
|   6|0x0000000081800000, 0x0000000081900000, 0x0000000081900000|100%|HS|  |TAMS 0x0000000081800000, 0x0000000081800000| Complete 
|   7|0x0000000081900000, 0x0000000081a00000, 0x0000000081a00000|100%|HC|  |TAMS 0x0000000081900000, 0x0000000081900000| Complete 
|   8|0x0000000081a00000, 0x0000000081b00000, 0x0000000081b00000|100%|HS|  |TAMS 0x0000000081a00000, 0x0000000081a00000| Complete 
|   9|0x0000000081b00000, 0x0000000081c00000, 0x0000000081c00000|100%|HC|  |TAMS 0x0000000081b00000, 0x0000000081b00000| Complete 
|  10|0x0000000081c00000, 0x0000000081d00000, 0x0000000081d00000|100%|HC|  |TAMS 0x0000000081c00000, 0x0000000081c00000| Complete 
|  11|0x0000000081d00000, 0x0000000081e00000, 0x0000000081e00000|100%|HS|  |TAMS 0x0000000081d00000, 0x0000000081d00000| Complete 
|  12|0x0000000081e00000, 0x0000000081f00000, 0x0000000081f00000|100%|HC|  |TAMS 0x0000000081e00000, 0x0000000081e00000| Complete 
|  13|0x0000000081f00000, 0x0000000082000000, 0x0000000082000000|100%|HC|  |TAMS 0x0000000081f00000, 0x0000000081f00000| Complete 
|  14|0x0000000082000000, 0x0000000082100000, 0x0000000082100000|100%| O|  |TAMS 0x0000000082000000, 0x0000000082000000| Untracked 
|  15|0x0000000082100000, 0x0000000082200000, 0x0000000082200000|100%| O|  |TAMS 0x0000000082100000, 0x0000000082100000| Untracked 
|  16|0x0000000082200000, 0x000000008228da00, 0x0000000082300000| 55%| O|  |TAMS 0x0000000082200000, 0x0000000082200000| Untracked 
|  17|0x0000000082300000, 0x0000000082300000, 0x0000000082400000|  0%| F|  |TAMS 0x0000000082300000, 0x0000000082300000| Untracked 
|  18|0x0000000082400000, 0x0000000082400000, 0x0000000082500000|  0%| F|  |TAMS 0x0000000082400000, 0x0000000082400000| Untracked 
|  19|0x0000000082500000, 0x0000000082500000, 0x0000000082600000|  0%| F|  |TAMS 0x0000000082500000, 0x0000000082500000| Untracked 
|  20|0x0000000082600000, 0x0000000082600000, 0x0000000082700000|  0%| F|  |TAMS 0x0000000082600000, 0x0000000082600000| Untracked 
|  21|0x0000000082700000, 0x0000000082700000, 0x0000000082800000|  0%| F|  |TAMS 0x0000000082700000, 0x0000000082700000| Untracked 
|  22|0x0000000082800000, 0x0000000082800000, 0x0000000082900000|  0%| F|  |TAMS 0x0000000082800000, 0x0000000082800000| Untracked 
|  23|0x0000000082900000, 0x0000000082900000, 0x0000000082a00000|  0%| F|  |TAMS 0x0000000082900000, 0x0000000082900000| Untracked 
|  24|0x0000000082a00000, 0x0000000082a00000, 0x0000000082b00000|  0%| F|  |TAMS 0x0000000082a00000, 0x0000000082a00000| Untracked 
|  25|0x0000000082b00000, 0x0000000082b00000, 0x0000000082c00000|  0%| F|  |TAMS 0x0000000082b00000, 0x0000000082b00000| Untracked 
|  26|0x0000000082c00000, 0x0000000082c00000, 0x0000000082d00000|  0%| F|  |TAMS 0x0000000082c00000, 0x0000000082c00000| Untracked 
|  27|0x0000000082d00000, 0x0000000082d00000, 0x0000000082e00000|  0%| F|  |TAMS 0x0000000082d00000, 0x0000000082d00000| Untracked 
|  28|0x0000000082e00000, 0x0000000082e00000, 0x0000000082f00000|  0%| F|  |TAMS 0x0000000082e00000, 0x0000000082e00000| Untracked 
|  29|0x0000000082f00000, 0x0000000082f00000, 0x0000000083000000|  0%| F|  |TAMS 0x0000000082f00000, 0x0000000082f00000| Untracked 
|  30|0x0000000083000000, 0x0000000083000000, 0x0000000083100000|  0%| F|  |TAMS 0x0000000083000000, 0x0000000083000000| Untracked 
|  31|0x0000000083100000, 0x0000000083100000, 0x0000000083200000|  0%| F|  |TAMS 0x0000000083100000, 0x0000000083100000| Untracked 
|  32|0x0000000083200000, 0x0000000083200000, 0x0000000083300000|  0%| F|  |TAMS 0x0000000083200000, 0x0000000083200000| Untracked 
|  33|0x0000000083300000, 0x0000000083300000, 0x0000000083400000|  0%| F|  |TAMS 0x0000000083300000, 0x0000000083300000| Untracked 
|  34|0x0000000083400000, 0x0000000083400000, 0x0000000083500000|  0%| F|  |TAMS 0x0000000083400000, 0x0000000083400000| Untracked 
|  35|0x0000000083500000, 0x0000000083500000, 0x0000000083600000|  0%| F|  |TAMS 0x0000000083500000, 0x0000000083500000| Untracked 
|  36|0x0000000083600000, 0x0000000083600000, 0x0000000083700000|  0%| F|  |TAMS 0x0000000083600000, 0x0000000083600000| Untracked 
|  37|0x0000000083700000, 0x0000000083700000, 0x0000000083800000|  0%| F|  |TAMS 0x0000000083700000, 0x0000000083700000| Untracked 
|  38|0x0000000083800000, 0x0000000083800000, 0x0000000083900000|  0%| F|  |TAMS 0x0000000083800000, 0x0000000083800000| Untracked 
|  39|0x0000000083900000, 0x0000000083900000, 0x0000000083a00000|  0%| F|  |TAMS 0x0000000083900000, 0x0000000083900000| Untracked 
|  40|0x0000000083a00000, 0x0000000083a00000, 0x0000000083b00000|  0%| F|  |TAMS 0x0000000083a00000, 0x0000000083a00000| Untracked 
|  41|0x0000000083b00000, 0x0000000083b00000, 0x0000000083c00000|  0%| F|  |TAMS 0x0000000083b00000, 0x0000000083b00000| Untracked 
|  42|0x0000000083c00000, 0x0000000083c00000, 0x0000000083d00000|  0%| F|  |TAMS 0x0000000083c00000, 0x0000000083c00000| Untracked 
|  43|0x0000000083d00000, 0x0000000083d00000, 0x0000000083e00000|  0%| F|  |TAMS 0x0000000083d00000, 0x0000000083d00000| Untracked 
|  44|0x0000000083e00000, 0x0000000083e00000, 0x0000000083f00000|  0%| F|  |TAMS 0x0000000083e00000, 0x0000000083e00000| Untracked 
|  45|0x0000000083f00000, 0x0000000083f00000, 0x0000000084000000|  0%| F|  |TAMS 0x0000000083f00000, 0x0000000083f00000| Untracked 
|  46|0x0000000084000000, 0x0000000084000000, 0x0000000084100000|  0%| F|  |TAMS 0x0000000084000000, 0x0000000084000000| Untracked 
|  47|0x0000000084100000, 0x0000000084100000, 0x0000000084200000|  0%| F|  |TAMS 0x0000000084100000, 0x0000000084100000| Untracked 
|  48|0x0000000084200000, 0x0000000084200000, 0x0000000084300000|  0%| F|  |TAMS 0x0000000084200000, 0x0000000084200000| Untracked 
|  49|0x0000000084300000, 0x0000000084300000, 0x0000000084400000|  0%| F|  |TAMS 0x0000000084300000, 0x0000000084300000| Untracked 
|  50|0x0000000084400000, 0x0000000084400000, 0x0000000084500000|  0%| F|  |TAMS 0x0000000084400000, 0x0000000084400000| Untracked 
|  51|0x0000000084500000, 0x0000000084500000, 0x0000000084600000|  0%| F|  |TAMS 0x0000000084500000, 0x0000000084500000| Untracked 
|  52|0x0000000084600000, 0x0000000084600000, 0x0000000084700000|  0%| F|  |TAMS 0x0000000084600000, 0x0000000084600000| Untracked 
|  53|0x0000000084700000, 0x0000000084700000, 0x0000000084800000|  0%| F|  |TAMS 0x0000000084700000, 0x0000000084700000| Untracked 
|  54|0x0000000084800000, 0x0000000084800000, 0x0000000084900000|  0%| F|  |TAMS 0x0000000084800000, 0x0000000084800000| Untracked 
|  55|0x0000000084900000, 0x0000000084900000, 0x0000000084a00000|  0%| F|  |TAMS 0x0000000084900000, 0x0000000084900000| Untracked 
|  56|0x0000000084a00000, 0x0000000084a00000, 0x0000000084b00000|  0%| F|  |TAMS 0x0000000084a00000, 0x0000000084a00000| Untracked 
|  57|0x0000000084b00000, 0x0000000084b00000, 0x0000000084c00000|  0%| F|  |TAMS 0x0000000084b00000, 0x0000000084b00000| Untracked 
|  58|0x0000000084c00000, 0x0000000084c00000, 0x0000000084d00000|  0%| F|  |TAMS 0x0000000084c00000, 0x0000000084c00000| Untracked 
|  59|0x0000000084d00000, 0x0000000084d00000, 0x0000000084e00000|  0%| F|  |TAMS 0x0000000084d00000, 0x0000000084d00000| Untracked 
|  60|0x0000000084e00000, 0x0000000084e00000, 0x0000000084f00000|  0%| F|  |TAMS 0x0000000084e00000, 0x0000000084e00000| Untracked 
|  61|0x0000000084f00000, 0x0000000084f00000, 0x0000000085000000|  0%| F|  |TAMS 0x0000000084f00000, 0x0000000084f00000| Untracked 
|  62|0x0000000085000000, 0x0000000085000000, 0x0000000085100000|  0%| F|  |TAMS 0x0000000085000000, 0x0000000085000000| Untracked 
|  63|0x0000000085100000, 0x0000000085100000, 0x0000000085200000|  0%| F|  |TAMS 0x0000000085100000, 0x0000000085100000| Untracked 
|  64|0x0000000085200000, 0x0000000085200000, 0x0000000085300000|  0%| F|  |TAMS 0x0000000085200000, 0x0000000085200000| Untracked 
|  65|0x0000000085300000, 0x0000000085300000, 0x0000000085400000|  0%| F|  |TAMS 0x0000000085300000, 0x0000000085300000| Untracked 
|  66|0x0000000085400000, 0x0000000085400000, 0x0000000085500000|  0%| F|  |TAMS 0x0000000085400000, 0x0000000085400000| Untracked 
|  67|0x0000000085500000, 0x0000000085500000, 0x0000000085600000|  0%| F|  |TAMS 0x0000000085500000, 0x0000000085500000| Untracked 
|  68|0x0000000085600000, 0x0000000085600000, 0x0000000085700000|  0%| F|  |TAMS 0x0000000085600000, 0x0000000085600000| Untracked 
|  69|0x0000000085700000, 0x0000000085700000, 0x0000000085800000|  0%| F|  |TAMS 0x0000000085700000, 0x0000000085700000| Untracked 
|  70|0x0000000085800000, 0x0000000085800000, 0x0000000085900000|  0%| F|  |TAMS 0x0000000085800000, 0x0000000085800000| Untracked 
|  71|0x0000000085900000, 0x0000000085900000, 0x0000000085a00000|  0%| F|  |TAMS 0x0000000085900000, 0x0000000085900000| Untracked 
|  72|0x0000000085a00000, 0x0000000085a00000, 0x0000000085b00000|  0%| F|  |TAMS 0x0000000085a00000, 0x0000000085a00000| Untracked 
|  73|0x0000000085b00000, 0x0000000085b00000, 0x0000000085c00000|  0%| F|  |TAMS 0x0000000085b00000, 0x0000000085b00000| Untracked 
|  74|0x0000000085c00000, 0x0000000085c00000, 0x0000000085d00000|  0%| F|  |TAMS 0x0000000085c00000, 0x0000000085c00000| Untracked 
|  75|0x0000000085d00000, 0x0000000085d00000, 0x0000000085e00000|  0%| F|  |TAMS 0x0000000085d00000, 0x0000000085d00000| Untracked 
|  76|0x0000000085e00000, 0x0000000085e00000, 0x0000000085f00000|  0%| F|  |TAMS 0x0000000085e00000, 0x0000000085e00000| Untracked 
|  77|0x0000000085f00000, 0x0000000085f00000, 0x0000000086000000|  0%| F|  |TAMS 0x0000000085f00000, 0x0000000085f00000| Untracked 
|  78|0x0000000086000000, 0x0000000086000000, 0x0000000086100000|  0%| F|  |TAMS 0x0000000086000000, 0x0000000086000000| Untracked 
|  79|0x0000000086100000, 0x0000000086100000, 0x0000000086200000|  0%| F|  |TAMS 0x0000000086100000, 0x0000000086100000| Untracked 
|  80|0x0000000086200000, 0x0000000086200000, 0x0000000086300000|  0%| F|  |TAMS 0x0000000086200000, 0x0000000086200000| Untracked 
|  81|0x0000000086300000, 0x0000000086300000, 0x0000000086400000|  0%| F|  |TAMS 0x0000000086300000, 0x0000000086300000| Untracked 
|  82|0x0000000086400000, 0x0000000086400000, 0x0000000086500000|  0%| F|  |TAMS 0x0000000086400000, 0x0000000086400000| Untracked 
|  83|0x0000000086500000, 0x0000000086500000, 0x0000000086600000|  0%| F|  |TAMS 0x0000000086500000, 0x0000000086500000| Untracked 
|  84|0x0000000086600000, 0x0000000086600000, 0x0000000086700000|  0%| F|  |TAMS 0x0000000086600000, 0x0000000086600000| Untracked 
|  85|0x0000000086700000, 0x0000000086700000, 0x0000000086800000|  0%| F|  |TAMS 0x0000000086700000, 0x0000000086700000| Untracked 
|  86|0x0000000086800000, 0x0000000086875c18, 0x0000000086900000| 45%| S|CS|TAMS 0x0000000086800000, 0x0000000086800000| Complete 
|  87|0x0000000086900000, 0x0000000086a00000, 0x0000000086a00000|100%| S|CS|TAMS 0x0000000086900000, 0x0000000086900000| Complete 
|  88|0x0000000086a00000, 0x0000000086b00000, 0x0000000086b00000|100%| S|CS|TAMS 0x0000000086a00000, 0x0000000086a00000| Complete 
|  89|0x0000000086b00000, 0x0000000086c00000, 0x0000000086c00000|100%| S|CS|TAMS 0x0000000086b00000, 0x0000000086b00000| Complete 
|  90|0x0000000086c00000, 0x0000000086d00000, 0x0000000086d00000|100%| S|CS|TAMS 0x0000000086c00000, 0x0000000086c00000| Complete 
|  91|0x0000000086d00000, 0x0000000086d00000, 0x0000000086e00000|  0%| F|  |TAMS 0x0000000086d00000, 0x0000000086d00000| Untracked 
|  92|0x0000000086e00000, 0x0000000086e00000, 0x0000000086f00000|  0%| F|  |TAMS 0x0000000086e00000, 0x0000000086e00000| Untracked 
|  93|0x0000000086f00000, 0x0000000086f00000, 0x0000000087000000|  0%| F|  |TAMS 0x0000000086f00000, 0x0000000086f00000| Untracked 
|  94|0x0000000087000000, 0x0000000087000000, 0x0000000087100000|  0%| F|  |TAMS 0x0000000087000000, 0x0000000087000000| Untracked 
|  95|0x0000000087100000, 0x0000000087100000, 0x0000000087200000|  0%| F|  |TAMS 0x0000000087100000, 0x0000000087100000| Untracked 
|  96|0x0000000087200000, 0x0000000087200000, 0x0000000087300000|  0%| F|  |TAMS 0x0000000087200000, 0x0000000087200000| Untracked 
|  97|0x0000000087300000, 0x0000000087300000, 0x0000000087400000|  0%| F|  |TAMS 0x0000000087300000, 0x0000000087300000| Untracked 
|  98|0x0000000087400000, 0x0000000087400000, 0x0000000087500000|  0%| F|  |TAMS 0x0000000087400000, 0x0000000087400000| Untracked 
|  99|0x0000000087500000, 0x0000000087500000, 0x0000000087600000|  0%| F|  |TAMS 0x0000000087500000, 0x0000000087500000| Untracked 
| 100|0x0000000087600000, 0x0000000087600000, 0x0000000087700000|  0%| F|  |TAMS 0x0000000087600000, 0x0000000087600000| Untracked 
| 101|0x0000000087700000, 0x0000000087700000, 0x0000000087800000|  0%| F|  |TAMS 0x0000000087700000, 0x0000000087700000| Untracked 
| 102|0x0000000087800000, 0x0000000087800000, 0x0000000087900000|  0%| F|  |TAMS 0x0000000087800000, 0x0000000087800000| Untracked 
| 103|0x0000000087900000, 0x0000000087900000, 0x0000000087a00000|  0%| F|  |TAMS 0x0000000087900000, 0x0000000087900000| Untracked 
| 104|0x0000000087a00000, 0x0000000087a00000, 0x0000000087b00000|  0%| F|  |TAMS 0x0000000087a00000, 0x0000000087a00000| Untracked 
| 105|0x0000000087b00000, 0x0000000087b00000, 0x0000000087c00000|  0%| F|  |TAMS 0x0000000087b00000, 0x0000000087b00000| Untracked 
| 106|0x0000000087c00000, 0x0000000087c00000, 0x0000000087d00000|  0%| F|  |TAMS 0x0000000087c00000, 0x0000000087c00000| Untracked 
| 107|0x0000000087d00000, 0x0000000087d00000, 0x0000000087e00000|  0%| F|  |TAMS 0x0000000087d00000, 0x0000000087d00000| Untracked 
| 108|0x0000000087e00000, 0x0000000087e00000, 0x0000000087f00000|  0%| F|  |TAMS 0x0000000087e00000, 0x0000000087e00000| Untracked 
| 109|0x0000000087f00000, 0x0000000087f00000, 0x0000000088000000|  0%| F|  |TAMS 0x0000000087f00000, 0x0000000087f00000| Untracked 
| 110|0x0000000088000000, 0x0000000088000000, 0x0000000088100000|  0%| F|  |TAMS 0x0000000088000000, 0x0000000088000000| Untracked 
| 111|0x0000000088100000, 0x0000000088100000, 0x0000000088200000|  0%| F|  |TAMS 0x0000000088100000, 0x0000000088100000| Untracked 
| 112|0x0000000088200000, 0x0000000088200000, 0x0000000088300000|  0%| F|  |TAMS 0x0000000088200000, 0x0000000088200000| Untracked 
| 113|0x0000000088300000, 0x0000000088300000, 0x0000000088400000|  0%| F|  |TAMS 0x0000000088300000, 0x0000000088300000| Untracked 
| 114|0x0000000088400000, 0x0000000088400000, 0x0000000088500000|  0%| F|  |TAMS 0x0000000088400000, 0x0000000088400000| Untracked 
| 115|0x0000000088500000, 0x0000000088500000, 0x0000000088600000|  0%| F|  |TAMS 0x0000000088500000, 0x0000000088500000| Untracked 
| 116|0x0000000088600000, 0x0000000088600000, 0x0000000088700000|  0%| F|  |TAMS 0x0000000088600000, 0x0000000088600000| Untracked 
| 117|0x0000000088700000, 0x0000000088700000, 0x0000000088800000|  0%| F|  |TAMS 0x0000000088700000, 0x0000000088700000| Untracked 
| 118|0x0000000088800000, 0x0000000088800000, 0x0000000088900000|  0%| F|  |TAMS 0x0000000088800000, 0x0000000088800000| Untracked 
| 119|0x0000000088900000, 0x0000000088900000, 0x0000000088a00000|  0%| F|  |TAMS 0x0000000088900000, 0x0000000088900000| Untracked 
| 120|0x0000000088a00000, 0x0000000088aa8500, 0x0000000088b00000| 65%| E|  |TAMS 0x0000000088a00000, 0x0000000088a00000| Complete 
| 121|0x0000000088b00000, 0x0000000088c00000, 0x0000000088c00000|100%| E|CS|TAMS 0x0000000088b00000, 0x0000000088b00000| Complete 
| 122|0x0000000088c00000, 0x0000000088d00000, 0x0000000088d00000|100%| E|CS|TAMS 0x0000000088c00000, 0x0000000088c00000| Complete 
| 123|0x0000000088d00000, 0x0000000088e00000, 0x0000000088e00000|100%| E|CS|TAMS 0x0000000088d00000, 0x0000000088d00000| Complete 
| 124|0x0000000088e00000, 0x0000000088f00000, 0x0000000088f00000|100%| E|CS|TAMS 0x0000000088e00000, 0x0000000088e00000| Complete 
| 125|0x0000000088f00000, 0x0000000089000000, 0x0000000089000000|100%| E|CS|TAMS 0x0000000088f00000, 0x0000000088f00000| Complete 
| 126|0x0000000089000000, 0x0000000089100000, 0x0000000089100000|100%| E|CS|TAMS 0x0000000089000000, 0x0000000089000000| Complete 
| 127|0x0000000089100000, 0x0000000089200000, 0x0000000089200000|100%| E|CS|TAMS 0x0000000089100000, 0x0000000089100000| Complete 

Card table byte_map: [0x000001db52bc0000,0x000001db52fc0000] _byte_map_base: 0x000001db527b7000

Marking Bits (Prev, Next): (CMBitMap*) 0x000001db3b57caf0, (CMBitMap*) 0x000001db3b57cb30
 Prev Bits: [0x000001db533c0000, 0x000001db55378000)
 Next Bits: [0x000001db55380000, 0x000001db57338000)

Polling page: 0x000001db3acf0000

Metaspace:

Usage:
  Non-class:     13.48 MB used.
      Class:      2.31 MB used.
       Both:     15.79 MB used.

Virtual space:
  Non-class space:       64.00 MB reserved,      13.69 MB ( 21%) committed,  1 nodes.
      Class space:        1.00 GB reserved,       2.44 MB ( <1%) committed,  1 nodes.
             Both:        1.06 GB reserved,      16.12 MB (  1%) committed. 

Chunk freelists:
   Non-Class:  1.73 MB
       Class:  1.41 MB
        Both:  3.14 MB

MaxMetaspaceSize: unlimited
CompressedClassSpaceSize: 1.00 GB
Initial GC threshold: 21.00 MB
Current GC threshold: 21.00 MB
CDS: on
MetaspaceReclaimPolicy: balanced
 - commit_granule_bytes: 65536.
 - commit_granule_words: 8192.
 - virtual_space_node_default_size: 8388608.
 - enlarge_chunks_in_place: 1.
 - new_chunks_are_fully_committed: 0.
 - uncommit_free_chunks: 1.
 - use_allocation_guard: 0.


Internal statistics:

num_allocs_failed_limit: 0.
num_arena_births: 308.
num_arena_deaths: 0.
num_vsnodes_births: 2.
num_vsnodes_deaths: 0.
num_space_committed: 258.
num_space_uncommitted: 0.
num_chunks_returned_to_freelist: 0.
num_chunks_taken_from_freelist: 838.
num_chunk_merges: 0.
num_chunk_splits: 608.
num_chunks_enlarged: 480.
num_inconsistent_stats: 0.

CodeHeap 'non-profiled nmethods': size=120000Kb used=1363Kb max_used=1363Kb free=118636Kb
 bounds [0x000001db4af60000, 0x000001db4b1d0000, 0x000001db52490000]
CodeHeap 'profiled nmethods': size=120000Kb used=5937Kb max_used=5937Kb free=114062Kb
 bounds [0x000001db43490000, 0x000001db43a60000, 0x000001db4a9c0000]
CodeHeap 'non-nmethods': size=5760Kb used=1540Kb max_used=1599Kb free=4219Kb
 bounds [0x000001db4a9c0000, 0x000001db4ac30000, 0x000001db4af60000]
 total_blobs=3890 nmethods=3065 adapters=735
 compilation: enabled
              stopped_count=0, restarted_count=0
 full_count=0

Compilation events (20 events):
Event: 23.043 Thread 0x000001db59d83a80 3063       4       java.lang.StrictMath::floorOrCeil (128 bytes)
Event: 23.044 Thread 0x000001db59d83a80 nmethod 3063 0x000001db4b0b4710 code [0x000001db4b0b48c0, 0x000001db4b0b49b8]
Event: 23.050 Thread 0x000001db59d905a0 nmethod 3057 0x000001db43a4d710 code [0x000001db43a4e1e0, 0x000001db43a55a98]
Event: 23.050 Thread 0x000001db59d905a0 3060       3       javafx.scene.layout.Region::snapPosition (14 bytes)
Event: 23.051 Thread 0x000001db59d905a0 nmethod 3060 0x000001db43a57a10 code [0x000001db43a57bc0, 0x000001db43a57da8]
Event: 23.051 Thread 0x000001db59d905a0 3062       3       com.sun.javafx.geom.RectBounds::intersects (98 bytes)
Event: 23.052 Thread 0x000001db59d905a0 nmethod 3062 0x000001db43a57e90 code [0x000001db43a580e0, 0x000001db43a58ca8]
Event: 23.052 Thread 0x000001db59d905a0 3058       3       javafx.scene.control.skin.LabeledSkinBase::rightLabelPadding (18 bytes)
Event: 23.054 Thread 0x000001db59d905a0 nmethod 3058 0x000001db43a58e90 code [0x000001db43a59100, 0x000001db43a59db8]
Event: 23.054 Thread 0x000001db59d905a0 3061       3       java.util.concurrent.locks.AbstractQueuedSynchronizer::casTail (13 bytes)
Event: 23.054 Thread 0x000001db59d905a0 nmethod 3061 0x000001db43a5a190 code [0x000001db43a5a320, 0x000001db43a5a498]
Event: 23.054 Thread 0x000001db59d905a0 3059       3       java.util.concurrent.LinkedBlockingDeque$Node::<init> (10 bytes)
Event: 23.055 Thread 0x000001db59d905a0 nmethod 3059 0x000001db43a5a510 code [0x000001db43a5a6c0, 0x000001db43a5a878]
Event: 23.055 Thread 0x000001db59d905a0 3064       1       com.sun.javafx.sg.prism.NGShape::getMode (5 bytes)
Event: 23.055 Thread 0x000001db59d905a0 nmethod 3064 0x000001db4b0b4a10 code [0x000001db4b0b4ba0, 0x000001db4b0b4c78]
Event: 23.120 Thread 0x000001db59d905a0 3065       3       java.util.ArrayList::fastRemove (44 bytes)
Event: 23.120 Thread 0x000001db59d905a0 nmethod 3065 0x000001db43a5a910 code [0x000001db43a5aae0, 0x000001db43a5aee8]
Event: 23.130 Thread 0x000001db59d905a0 3066       3       javafx.scene.Node$$Lambda$107/0x00000008010bfb38::changed (17 bytes)
Event: 23.131 Thread 0x000001db59d905a0 nmethod 3066 0x000001db43a5b010 code [0x000001db43a5b280, 0x000001db43a5c058]
Event: 23.131 Thread 0x000001db59d905a0 3067       3       javafx.scene.Node::lambda$new$2 (5 bytes)

GC Heap History (4 events):
Event: 0.767 GC heap before
{Heap before GC invocations=0 (full 0):
 garbage-first heap   total 131072K, used 22528K [0x0000000081200000, 0x0000000100000000)
  region size 1024K, 23 young (23552K), 0 survivors (0K)
 Metaspace       used 5821K, committed 6016K, reserved 1114112K
  class space    used 712K, committed 832K, reserved 1048576K
}
Event: 0.771 GC heap after
{Heap after GC invocations=1 (full 0):
 garbage-first heap   total 131072K, used 2746K [0x0000000081200000, 0x0000000100000000)
  region size 1024K, 3 young (3072K), 3 survivors (3072K)
 Metaspace       used 5821K, committed 6016K, reserved 1114112K
  class space    used 712K, committed 832K, reserved 1048576K
}
Event: 7.343 GC heap before
{Heap before GC invocations=1 (full 0):
 garbage-first heap   total 131072K, used 51898K [0x0000000081200000, 0x0000000100000000)
  region size 1024K, 37 young (37888K), 3 survivors (3072K)
 Metaspace       used 14715K, committed 15040K, reserved 1114112K
  class space    used 2115K, committed 2240K, reserved 1048576K
}
Event: 7.350 GC heap after
{Heap after GC invocations=2 (full 0):
 garbage-first heap   total 131072K, used 21517K [0x0000000081200000, 0x0000000100000000)
  region size 1024K, 5 young (5120K), 5 survivors (5120K)
 Metaspace       used 14715K, committed 15040K, reserved 1114112K
  class space    used 2115K, committed 2240K, reserved 1048576K
}

Dll operation events (20 events):
Event: 0.428 Loaded shared library C:\Users\Gabriel\.openjfx\cache\13\api-ms-win-crt-filesystem-l1-1-0.dll
Event: 0.431 Loaded shared library C:\Users\Gabriel\.openjfx\cache\13\api-ms-win-crt-heap-l1-1-0.dll
Event: 0.434 Loaded shared library C:\Users\Gabriel\.openjfx\cache\13\api-ms-win-crt-locale-l1-1-0.dll
Event: 0.438 Loaded shared library C:\Users\Gabriel\.openjfx\cache\13\api-ms-win-crt-math-l1-1-0.dll
Event: 0.442 Loaded shared library C:\Users\Gabriel\.openjfx\cache\13\api-ms-win-crt-multibyte-l1-1-0.dll
Event: 0.446 Loaded shared library C:\Users\Gabriel\.openjfx\cache\13\api-ms-win-crt-private-l1-1-0.dll
Event: 0.449 Loaded shared library C:\Users\Gabriel\.openjfx\cache\13\api-ms-win-crt-process-l1-1-0.dll
Event: 0.453 Loaded shared library C:\Users\Gabriel\.openjfx\cache\13\api-ms-win-crt-runtime-l1-1-0.dll
Event: 0.456 Loaded shared library C:\Users\Gabriel\.openjfx\cache\13\api-ms-win-crt-stdio-l1-1-0.dll
Event: 0.459 Loaded shared library C:\Users\Gabriel\.openjfx\cache\13\api-ms-win-crt-string-l1-1-0.dll
Event: 0.463 Loaded shared library C:\Users\Gabriel\.openjfx\cache\13\api-ms-win-crt-time-l1-1-0.dll
Event: 0.466 Loaded shared library C:\Users\Gabriel\.openjfx\cache\13\api-ms-win-crt-utility-l1-1-0.dll
Event: 0.483 Loaded shared library C:\Users\Gabriel\.openjfx\cache\13\ucrtbase.dll
Event: 0.487 Loaded shared library C:\Users\Gabriel\.openjfx\cache\13\vcruntime140.dll
Event: 0.497 Loaded shared library C:\Users\Gabriel\.openjfx\cache\13\msvcp140.dll
Event: 0.503 Loaded shared library C:\Users\Gabriel\.openjfx\cache\13\concrt140.dll
Event: 0.542 Loaded shared library C:\Users\Gabriel\.openjfx\cache\13\prism_d3d.dll
Event: 0.593 Loaded shared library C:\Users\Gabriel\.openjfx\cache\13\glass.dll
Event: 0.796 Loaded shared library C:\Users\Gabriel\.openjfx\cache\13\javafx_font.dll
Event: 1.167 Loaded shared library C:\Program Files\Java\jdk-19\bin\jimage.dll

Deoptimization events (20 events):
Event: 7.498 Thread 0x000001db5eb32800 Uncommon trap: trap_request=0xffffffd6 fr.pc=0x000001db4b075570 relative=0x00000000000002b0
Event: 7.498 Thread 0x000001db5eb32800 Uncommon trap: reason=array_check action=maybe_recompile pc=0x000001db4b075570 method=javafx.css.SimpleSelector.applies(Ljavafx/css/Styleable;[Ljava/util/Set;I)Z @ 37 c2
Event: 7.498 Thread 0x000001db5eb32800 DEOPT PACKING pc=0x000001db4b075570 sp=0x0000000552cfcb00
Event: 7.498 Thread 0x000001db5eb32800 DEOPT UNPACKING pc=0x000001db4aa26da3 sp=0x0000000552cfcaa8 mode 2
Event: 7.498 Thread 0x000001db5eb32800 Uncommon trap: trap_request=0xffffffd6 fr.pc=0x000001db4b075570 relative=0x00000000000002b0
Event: 7.498 Thread 0x000001db5eb32800 Uncommon trap: reason=array_check action=maybe_recompile pc=0x000001db4b075570 method=javafx.css.SimpleSelector.applies(Ljavafx/css/Styleable;[Ljava/util/Set;I)Z @ 37 c2
Event: 7.498 Thread 0x000001db5eb32800 DEOPT PACKING pc=0x000001db4b075570 sp=0x0000000552cfca70
Event: 7.498 Thread 0x000001db5eb32800 DEOPT UNPACKING pc=0x000001db4aa26da3 sp=0x0000000552cfca18 mode 2
Event: 7.582 Thread 0x000001db5e6cd510 Uncommon trap: trap_request=0xffffff45 fr.pc=0x000001db4b069118 relative=0x0000000000002338
Event: 7.582 Thread 0x000001db5e6cd510 Uncommon trap: reason=unstable_if action=reinterpret pc=0x000001db4b069118 method=com.sun.marlin.DRenderer._endRendering(IILcom/sun/marlin/MarlinAlphaConsumer;)V @ 325 c2
Event: 7.582 Thread 0x000001db5e6cd510 DEOPT PACKING pc=0x000001db4b069118 sp=0x0000000552afe260
Event: 7.582 Thread 0x000001db5e6cd510 DEOPT UNPACKING pc=0x000001db4aa26da3 sp=0x0000000552afe0b8 mode 2
Event: 7.616 Thread 0x000001db5e6cd510 DEOPT PACKING pc=0x000001db439d26da sp=0x0000000552afe180
Event: 7.617 Thread 0x000001db5e6cd510 DEOPT UNPACKING pc=0x000001db4aa27543 sp=0x0000000552afd5b8 mode 0
Event: 7.620 Thread 0x000001db5e6cd510 DEOPT PACKING pc=0x000001db439d26da sp=0x0000000552afe180
Event: 7.620 Thread 0x000001db5e6cd510 DEOPT UNPACKING pc=0x000001db4aa27543 sp=0x0000000552afd5b8 mode 0
Event: 7.626 Thread 0x000001db5e6cd510 DEOPT PACKING pc=0x000001db439d2be9 sp=0x0000000552afe470
Event: 7.626 Thread 0x000001db5e6cd510 DEOPT UNPACKING pc=0x000001db4aa27543 sp=0x0000000552afd8a8 mode 0
Event: 9.951 Thread 0x000001db5e6cd510 DEOPT PACKING pc=0x000001db439d2b7c sp=0x0000000552afe180
Event: 9.951 Thread 0x000001db5e6cd510 DEOPT UNPACKING pc=0x000001db4aa27543 sp=0x0000000552afd5b8 mode 0

Classes loaded (20 events):
Event: 4.411 Loading class sun/util/resources/Bundles$2
Event: 4.411 Loading class sun/util/resources/Bundles$2 done
Event: 4.412 Loading class sun/text/RuleBasedBreakIterator
Event: 4.413 Loading class sun/text/RuleBasedBreakIterator done
Event: 4.413 Loading class sun/text/CompactByteArray
Event: 4.413 Loading class sun/text/CompactByteArray done
Event: 4.414 Loading class sun/text/SupplementaryCharacterData
Event: 4.414 Loading class sun/text/SupplementaryCharacterData done
Event: 4.414 Loading class java/text/BreakIterator$BreakIteratorCache
Event: 4.414 Loading class java/text/BreakIterator$BreakIteratorCache done
Event: 6.280 Loading class java/util/BitSet
Event: 6.280 Loading class java/util/BitSet done
Event: 7.442 Loading class java/util/BitSet$1BitSetSpliterator
Event: 7.442 Loading class java/util/BitSet$1BitSetSpliterator done
Event: 7.443 Loading class java/util/stream/IntPipeline$1
Event: 7.443 Loading class java/util/stream/IntPipeline$1 done
Event: 7.443 Loading class java/util/stream/IntPipeline$1$1
Event: 7.443 Loading class java/util/stream/IntPipeline$1$1 done
Event: 23.132 Loading class java/util/LinkedList$ListItr
Event: 23.133 Loading class java/util/LinkedList$ListItr done

Classes unloaded (0 events):
No events

Classes redefined (0 events):
No events

Internal exceptions (20 events):
Event: 1.334 Thread 0x000001db5eb32800 Implicit null exception at 0x000001db4afb6712 to 0x000001db4afb6dc0
Event: 1.424 Thread 0x000001db5eb32800 Exception <a 'java/lang/NoSuchMethodError'{0x00000000880f4fb0}: 'java.lang.Object java.lang.invoke.DirectMethodHandle$Holder.invokeInterface(java.lang.Object, java.lang.Object, java.lang.Object)'> (0x00000000880f4fb0) 
thrown [s\open\src\hotspot\share\interpreter\linkResolver.cpp, line 774]
Event: 1.425 Thread 0x000001db5eb32800 Exception <a 'java/lang/IncompatibleClassChangeError'{0x00000000880f8940}: Found class java.lang.Object, but interface was expected> (0x00000000880f8940) 
thrown [s\open\src\hotspot\share\interpreter\linkResolver.cpp, line 841]
Event: 1.485 Thread 0x000001db5eb32800 Exception <a 'java/lang/NoSuchMethodError'{0x0000000087e39de0}: 'int java.lang.invoke.DirectMethodHandle$Holder.invokeSpecial(java.lang.Object, java.lang.Object, int)'> (0x0000000087e39de0) 
thrown [s\open\src\hotspot\share\interpreter\linkResolver.cpp, line 774]
Event: 1.487 Thread 0x000001db5eb32800 Exception <a 'java/lang/NoSuchMethodError'{0x0000000087e55a30}: 'int java.lang.invoke.DirectMethodHandle$Holder.invokeSpecial(java.lang.Object, java.lang.Object, java.lang.Object, int)'> (0x0000000087e55a30) 
thrown [s\open\src\hotspot\share\interpreter\linkResolver.cpp, line 774]
Event: 1.489 Thread 0x000001db5eb32800 Exception <a 'java/lang/NoSuchMethodError'{0x0000000087e67e58}: 'java.lang.Object java.lang.invoke.DirectMethodHandle$Holder.invokeStatic(java.lang.Object, java.lang.Object, java.lang.Object, java.lang.Object, int)'> (0x0000000087e67e58) 
thrown [s\open\src\hotspot\share\interpreter\linkResolver.cpp, line 774]
Event: 1.491 Thread 0x000001db5eb32800 Exception <a 'java/lang/NoSuchMethodError'{0x0000000087e70888}: 'int java.lang.invoke.DirectMethodHandle$Holder.invokeSpecial(java.lang.Object, java.lang.Object, java.lang.Object)'> (0x0000000087e70888) 
thrown [s\open\src\hotspot\share\interpreter\linkResolver.cpp, line 774]
Event: 1.530 Thread 0x000001db5eb32800 Exception <a 'java/lang/NoSuchMethodError'{0x0000000087d28628}: 'java.lang.Object java.lang.invoke.DirectMethodHandle$Holder.newInvokeSpecial(java.lang.Object, java.lang.Object, int)'> (0x0000000087d28628) 
thrown [s\open\src\hotspot\share\interpreter\linkResolver.cpp, line 774]
Event: 1.625 Thread 0x000001db5eb32800 Exception <a 'java/lang/ClassNotFoundException'{0x0000000087b82070}: com/sun/javafx/scene/control/skin/resources/controls> (0x0000000087b82070) 
thrown [s\open\src\hotspot\share\prims\jni.cpp, line 536]
Event: 1.628 Thread 0x000001db5eb32800 Exception <a 'java/lang/ClassNotFoundException'{0x0000000087b8f9a8}: com/sun/javafx/scene/control/skin/resources/controls_pt> (0x0000000087b8f9a8) 
thrown [s\open\src\hotspot\share\prims\jni.cpp, line 536]
Event: 1.628 Thread 0x000001db5eb32800 Exception <a 'java/lang/ClassNotFoundException'{0x0000000087b90950}: com/sun/javafx/scene/control/skin/resources/controls_pt_BR> (0x0000000087b90950) 
thrown [s\open\src\hotspot\share\prims\jni.cpp, line 536]
Event: 1.686 Thread 0x000001db5eb32800 Exception <a 'java/lang/NoSuchMethodError'{0x0000000087611650}: 'void java.lang.invoke.DirectMethodHandle$Holder.invokeSpecial(java.lang.Object, java.lang.Object, java.lang.Object, java.lang.Object, java.lang.Object, java.lang.Object)'> (0x0000000087611650) 
thrown [s\open\src\hotspot\share\interpreter\linkResolver.cpp, line 774]
Event: 1.776 Thread 0x000001db5e6cd510 Exception <a 'java/lang/NoSuchMethodError'{0x000000008734f4b0}: 'int java.lang.invoke.DirectMethodHandle$Holder.invokeStaticInit(java.lang.Object, java.lang.Object)'> (0x000000008734f4b0) 
thrown [s\open\src\hotspot\share\interpreter\linkResolver.cpp, line 774]
Event: 1.797 Thread 0x000001db5e6cd510 Exception <a 'java/lang/NoSuchMethodError'{0x00000000873d3d18}: 'java.lang.Object java.lang.invoke.Invokers$Holder.invokeExact_MT(java.lang.Object, java.lang.Object, java.lang.Object, java.lang.Object, java.lang.Object)'> (0x00000000873d3d18) 
thrown [s\open\src\hotspot\share\interpreter\linkResolver.cpp, line 774]
Event: 4.417 Thread 0x000001db5eb32800 Exception <a 'java/lang/NoSuchMethodError'{0x00000000870ce850}: 'long java.lang.invoke.DirectMethodHandle$Holder.invokeStatic(java.lang.Object, java.lang.Object, java.lang.Object)'> (0x00000000870ce850) 
thrown [s\open\src\hotspot\share\interpreter\linkResolver.cpp, line 774]
Event: 4.417 Thread 0x000001db5eb32800 Exception <a 'java/lang/NoSuchMethodError'{0x00000000870d2178}: 'long java.lang.invoke.DirectMethodHandle$Holder.invokeStaticInit(java.lang.Object, java.lang.Object, java.lang.Object)'> (0x00000000870d2178) 
thrown [s\open\src\hotspot\share\interpreter\linkResolver.cpp, line 774]
Event: 4.419 Thread 0x000001db5eb32800 Exception <a 'java/lang/NoSuchMethodError'{0x00000000870ea8c8}: 'java.lang.Object java.lang.invoke.DirectMethodHandle$Holder.newInvokeSpecial(java.lang.Object, java.lang.Object, long)'> (0x00000000870ea8c8) 
thrown [s\open\src\hotspot\share\interpreter\linkResolver.cpp, line 774]
Event: 4.419 Thread 0x000001db5eb32800 Exception <a 'java/lang/NoSuchMethodError'{0x00000000870ee450}: 'java.lang.Object java.lang.invoke.Invokers$Holder.linkToTargetMethod(java.lang.Object, long, java.lang.Object)'> (0x00000000870ee450) 
thrown [s\open\src\hotspot\share\interpreter\linkResolver.cpp, line 774]
Event: 6.322 Thread 0x000001db5eb32800 Implicit null exception at 0x000001db4b043680 to 0x000001db4b0439dc
Event: 7.454 Thread 0x000001db5eb32800 Exception <a 'java/lang/NoSuchMethodError'{0x0000000088f67d30}: 'void java.lang.invoke.DirectMethodHandle$Holder.invokeSpecialIFC(java.lang.Object, java.lang.Object, java.lang.Object, java.lang.Object)'> (0x0000000088f67d30) 
thrown [s\open\src\hotspot\share\interpreter\linkResolver.cpp, line 774]

VM Operations (20 events):
Event: 4.683 Executing VM operation: Cleanup done
Event: 5.683 Executing VM operation: Cleanup
Event: 5.683 Executing VM operation: Cleanup done
Event: 6.308 Executing VM operation: HandshakeAllThreads
Event: 6.308 Executing VM operation: HandshakeAllThreads done
Event: 7.308 Executing VM operation: Cleanup
Event: 7.309 Executing VM operation: Cleanup done
Event: 7.343 Executing VM operation: G1CollectForAllocation
Event: 7.350 Executing VM operation: G1CollectForAllocation done
Event: 7.443 Executing VM operation: HandshakeAllThreads
Event: 7.443 Executing VM operation: HandshakeAllThreads done
Event: 8.442 Executing VM operation: Cleanup
Event: 8.443 Executing VM operation: Cleanup done
Event: 9.443 Executing VM operation: Cleanup
Event: 9.443 Executing VM operation: Cleanup done
Event: 10.443 Executing VM operation: Cleanup
Event: 10.443 Executing VM operation: Cleanup done
Event: 20.446 Executing VM operation: Cleanup
Event: 20.446 Executing VM operation: Cleanup done
Event: 23.132 Executing VM operation: Exit

Events (20 events):
Event: 0.671 Thread 0x000001db5ee4a2b0 Thread added: 0x000001db5ee4a2b0
Event: 0.689 Thread 0x000001db5eddbd00 Thread added: 0x000001db5eddbd00
Event: 1.415 Thread 0x000001db5efff960 Thread added: 0x000001db5efff960
Event: 1.655 Thread 0x000001db5e159e40 Thread exited: 0x000001db5e159e40
Event: 1.856 Thread 0x000001db5f0013f0 Thread added: 0x000001db5f0013f0
Event: 1.857 Thread 0x000001db5e156e90 Thread exited: 0x000001db5e156e90
Event: 4.423 Thread 0x000001db5f37b6b0 Thread added: 0x000001db5f37b6b0
Event: 4.543 Thread 0x000001db5f37b6b0 Thread exited: 0x000001db5f37b6b0
Event: 6.360 Thread 0x000001db5ede78c0 Thread added: 0x000001db5ede78c0
Event: 6.687 Thread 0x000001db5ede78c0 Thread exited: 0x000001db5ede78c0
Event: 7.522 Thread 0x000001db5edfc0d0 Thread added: 0x000001db5edfc0d0
Event: 7.601 Thread 0x000001db5f05b6b0 Thread added: 0x000001db5f05b6b0
Event: 7.823 Thread 0x000001db5f05b6b0 Thread exited: 0x000001db5f05b6b0
Event: 7.903 Thread 0x000001db5edfc0d0 Thread exited: 0x000001db5edfc0d0
Event: 8.194 Thread 0x000001db6958c010 Thread added: 0x000001db6958c010
Event: 8.543 Thread 0x000001db6958c010 Thread exited: 0x000001db6958c010
Event: 23.130 Thread 0x000001db5efff410 Thread added: 0x000001db5efff410
Event: 23.131 Thread 0x000001db5effded0 Thread added: 0x000001db5effded0
Event: 23.131 Thread 0x000001db5effded0 Thread exited: 0x000001db5effded0
Event: 23.132 Thread 0x000001db5efff410 Thread exited: 0x000001db5efff410


Dynamic libraries:
0x00007ff6bc370000 - 0x00007ff6bc380000 	C:\Program Files\Java\jdk-19\bin\java.exe
0x00007ffbe8630000 - 0x00007ffbe8828000 	C:\Windows\SYSTEM32\ntdll.dll
0x00007ffbe69e0000 - 0x00007ffbe6a9f000 	C:\Windows\System32\KERNEL32.DLL
0x00007ffbe6170000 - 0x00007ffbe6442000 	C:\Windows\System32\KERNELBASE.dll
0x00007ffbe6530000 - 0x00007ffbe6630000 	C:\Windows\System32\ucrtbase.dll
0x00007ffbdeda0000 - 0x00007ffbdedbb000 	C:\Program Files\Java\jdk-19\bin\VCRUNTIME140.dll
0x00007ffbd41f0000 - 0x00007ffbd4208000 	C:\Program Files\Java\jdk-19\bin\jli.dll
0x00007ffbe6bd0000 - 0x00007ffbe6c7e000 	C:\Windows\System32\ADVAPI32.dll
0x00007ffbe8420000 - 0x00007ffbe84be000 	C:\Windows\System32\msvcrt.dll
0x00007ffbe6fb0000 - 0x00007ffbe704c000 	C:\Windows\System32\sechost.dll
0x00007ffbe84c0000 - 0x00007ffbe85e5000 	C:\Windows\System32\RPCRT4.dll
0x00007ffbe8200000 - 0x00007ffbe839d000 	C:\Windows\System32\USER32.dll
0x00007ffbe6450000 - 0x00007ffbe6472000 	C:\Windows\System32\win32u.dll
0x00007ffbd70e0000 - 0x00007ffbd737a000 	C:\Windows\WinSxS\amd64_microsoft.windows.common-controls_6595b64144ccf1df_6.0.19041.1110_none_60b5254171f9507e\COMCTL32.dll
0x00007ffbe81d0000 - 0x00007ffbe81fb000 	C:\Windows\System32\GDI32.dll
0x00007ffbe5f20000 - 0x00007ffbe602f000 	C:\Windows\System32\gdi32full.dll
0x00007ffbe6060000 - 0x00007ffbe60fd000 	C:\Windows\System32\msvcp_win.dll
0x00007ffbdde50000 - 0x00007ffbdde5a000 	C:\Windows\SYSTEM32\VERSION.dll
0x00007ffbe6dc0000 - 0x00007ffbe6df2000 	C:\Windows\System32\IMM32.DLL
0x00007ffbded50000 - 0x00007ffbded5c000 	C:\Program Files\Java\jdk-19\bin\vcruntime140_1.dll
0x00007ffbc6420000 - 0x00007ffbc64ae000 	C:\Program Files\Java\jdk-19\bin\msvcp140.dll
0x00007ffbb7a10000 - 0x00007ffbb86d0000 	C:\Program Files\Java\jdk-19\bin\server\jvm.dll
0x00007ffbd8810000 - 0x00007ffbd8837000 	C:\Windows\SYSTEM32\WINMM.dll
0x00007ffbe0400000 - 0x00007ffbe0409000 	C:\Windows\SYSTEM32\WSOCK32.dll
0x00007ffbe83a0000 - 0x00007ffbe840b000 	C:\Windows\System32\WS2_32.dll
0x00007ffbe4570000 - 0x00007ffbe4582000 	C:\Windows\SYSTEM32\kernel.appcore.dll
0x00007ffbd41e0000 - 0x00007ffbd41ea000 	C:\Program Files\Java\jdk-19\bin\jimage.dll
0x00007ffbd2850000 - 0x00007ffbd2a34000 	C:\Windows\SYSTEM32\DBGHELP.DLL
0x00007ffbd23f0000 - 0x00007ffbd241c000 	C:\Windows\SYSTEM32\dbgcore.DLL
0x00007ffbe5d30000 - 0x00007ffbe5db2000 	C:\Windows\System32\bcryptPrimitives.dll
0x00007ffbd21f0000 - 0x00007ffbd2216000 	C:\Program Files\Java\jdk-19\bin\java.dll
0x00007ffbc3690000 - 0x00007ffbc3767000 	C:\Program Files\Java\jdk-19\bin\jsvml.dll
0x00007ffbe7810000 - 0x00007ffbe7f53000 	C:\Windows\System32\SHELL32.dll
0x00007ffbe3dd0000 - 0x00007ffbe4562000 	C:\Windows\SYSTEM32\windows.storage.dll
0x00007ffbe6680000 - 0x00007ffbe69d4000 	C:\Windows\System32\combase.dll
0x00007ffbe5790000 - 0x00007ffbe57c0000 	C:\Windows\SYSTEM32\Wldp.dll
0x00007ffbe6d10000 - 0x00007ffbe6dbd000 	C:\Windows\System32\SHCORE.dll
0x00007ffbe8090000 - 0x00007ffbe80e5000 	C:\Windows\System32\shlwapi.dll
0x00007ffbe5c70000 - 0x00007ffbe5c8f000 	C:\Windows\SYSTEM32\profapi.dll
0x00007ffbd3f70000 - 0x00007ffbd3f83000 	C:\Program Files\Java\jdk-19\bin\net.dll
0x00007ffbd9bd0000 - 0x00007ffbd9cdc000 	C:\Windows\SYSTEM32\WINHTTP.dll
0x00007ffbe54f0000 - 0x00007ffbe555a000 	C:\Windows\system32\mswsock.dll
0x00007ffbd2150000 - 0x00007ffbd2166000 	C:\Program Files\Java\jdk-19\bin\nio.dll
0x00007ffbd2130000 - 0x00007ffbd2148000 	C:\Program Files\Java\jdk-19\bin\zip.dll
0x000001db59f00000 - 0x000001db59f03000 	C:\Users\Gabriel\.openjfx\cache\13\api-ms-win-core-console-l1-1-0.dll
0x000001db59f10000 - 0x000001db59f13000 	C:\Users\Gabriel\.openjfx\cache\13\api-ms-win-core-datetime-l1-1-0.dll
0x000001db59f20000 - 0x000001db59f23000 	C:\Users\Gabriel\.openjfx\cache\13\api-ms-win-core-debug-l1-1-0.dll
0x000001db59f30000 - 0x000001db59f33000 	C:\Users\Gabriel\.openjfx\cache\13\api-ms-win-core-errorhandling-l1-1-0.dll
0x000001db59f40000 - 0x000001db59f44000 	C:\Users\Gabriel\.openjfx\cache\13\api-ms-win-core-file-l1-1-0.dll
0x000001db59f50000 - 0x000001db59f53000 	C:\Users\Gabriel\.openjfx\cache\13\api-ms-win-core-file-l1-2-0.dll
0x000001db59f60000 - 0x000001db59f63000 	C:\Users\Gabriel\.openjfx\cache\13\api-ms-win-core-file-l2-1-0.dll
0x000001db59f70000 - 0x000001db59f73000 	C:\Users\Gabriel\.openjfx\cache\13\api-ms-win-core-handle-l1-1-0.dll
0x000001db59f80000 - 0x000001db59f83000 	C:\Users\Gabriel\.openjfx\cache\13\api-ms-win-core-heap-l1-1-0.dll
0x000001db59f90000 - 0x000001db59f93000 	C:\Users\Gabriel\.openjfx\cache\13\api-ms-win-core-interlocked-l1-1-0.dll
0x000001db59fa0000 - 0x000001db59fa3000 	C:\Users\Gabriel\.openjfx\cache\13\api-ms-win-core-libraryloader-l1-1-0.dll
0x000001db59fb0000 - 0x000001db59fb3000 	C:\Users\Gabriel\.openjfx\cache\13\api-ms-win-core-localization-l1-2-0.dll
0x000001db59fc0000 - 0x000001db59fc3000 	C:\Users\Gabriel\.openjfx\cache\13\api-ms-win-core-memory-l1-1-0.dll
0x000001db59fd0000 - 0x000001db59fd3000 	C:\Users\Gabriel\.openjfx\cache\13\api-ms-win-core-namedpipe-l1-1-0.dll
0x000001db59fe0000 - 0x000001db59fe3000 	C:\Users\Gabriel\.openjfx\cache\13\api-ms-win-core-processenvironment-l1-1-0.dll
0x000001db59ff0000 - 0x000001db59ff3000 	C:\Users\Gabriel\.openjfx\cache\13\api-ms-win-core-processthreads-l1-1-0.dll
0x000001db5fbd0000 - 0x000001db5fbd3000 	C:\Users\Gabriel\.openjfx\cache\13\api-ms-win-core-processthreads-l1-1-1.dll
0x000001db5fbe0000 - 0x000001db5fbe3000 	C:\Users\Gabriel\.openjfx\cache\13\api-ms-win-core-profile-l1-1-0.dll
0x000001db5fbf0000 - 0x000001db5fbf3000 	C:\Users\Gabriel\.openjfx\cache\13\api-ms-win-core-rtlsupport-l1-1-0.dll
0x000001db5fc00000 - 0x000001db5fc03000 	C:\Users\Gabriel\.openjfx\cache\13\api-ms-win-core-string-l1-1-0.dll
0x000001db5fc10000 - 0x000001db5fc13000 	C:\Users\Gabriel\.openjfx\cache\13\api-ms-win-core-synch-l1-1-0.dll
0x000001db5fc20000 - 0x000001db5fc23000 	C:\Users\Gabriel\.openjfx\cache\13\api-ms-win-core-synch-l1-2-0.dll
0x000001db5fc30000 - 0x000001db5fc33000 	C:\Users\Gabriel\.openjfx\cache\13\api-ms-win-core-sysinfo-l1-1-0.dll
0x000001db5fc40000 - 0x000001db5fc43000 	C:\Users\Gabriel\.openjfx\cache\13\api-ms-win-core-timezone-l1-1-0.dll
0x000001db5fc50000 - 0x000001db5fc53000 	C:\Users\Gabriel\.openjfx\cache\13\api-ms-win-core-util-l1-1-0.dll
0x000001db5fc60000 - 0x000001db5fc63000 	C:\Users\Gabriel\.openjfx\cache\13\api-ms-win-crt-conio-l1-1-0.dll
0x000001db5fc70000 - 0x000001db5fc74000 	C:\Users\Gabriel\.openjfx\cache\13\api-ms-win-crt-convert-l1-1-0.dll
0x000001db5fc80000 - 0x000001db5fc83000 	C:\Users\Gabriel\.openjfx\cache\13\api-ms-win-crt-environment-l1-1-0.dll
0x000001db5fc90000 - 0x000001db5fc93000 	C:\Users\Gabriel\.openjfx\cache\13\api-ms-win-crt-filesystem-l1-1-0.dll
0x000001db5fca0000 - 0x000001db5fca3000 	C:\Users\Gabriel\.openjfx\cache\13\api-ms-win-crt-heap-l1-1-0.dll
0x000001db5fcb0000 - 0x000001db5fcb3000 	C:\Users\Gabriel\.openjfx\cache\13\api-ms-win-crt-locale-l1-1-0.dll
0x000001db5fcc0000 - 0x000001db5fcc5000 	C:\Users\Gabriel\.openjfx\cache\13\api-ms-win-crt-math-l1-1-0.dll
0x000001db5fcd0000 - 0x000001db5fcd5000 	C:\Users\Gabriel\.openjfx\cache\13\api-ms-win-crt-multibyte-l1-1-0.dll
0x000001db5fce0000 - 0x000001db5fcf0000 	C:\Users\Gabriel\.openjfx\cache\13\api-ms-win-crt-private-l1-1-0.dll
0x000001db5fcf0000 - 0x000001db5fcf3000 	C:\Users\Gabriel\.openjfx\cache\13\api-ms-win-crt-process-l1-1-0.dll
0x000001db5fd00000 - 0x000001db5fd04000 	C:\Users\Gabriel\.openjfx\cache\13\api-ms-win-crt-runtime-l1-1-0.dll
0x000001db5fd10000 - 0x000001db5fd14000 	C:\Users\Gabriel\.openjfx\cache\13\api-ms-win-crt-stdio-l1-1-0.dll
0x000001db5fd20000 - 0x000001db5fd24000 	C:\Users\Gabriel\.openjfx\cache\13\api-ms-win-crt-string-l1-1-0.dll
0x000001db5fd30000 - 0x000001db5fd33000 	C:\Users\Gabriel\.openjfx\cache\13\api-ms-win-crt-time-l1-1-0.dll
0x000001db5fd40000 - 0x000001db5fd43000 	C:\Users\Gabriel\.openjfx\cache\13\api-ms-win-crt-utility-l1-1-0.dll
0x00007ffbba890000 - 0x00007ffbba98c000 	C:\Users\Gabriel\.openjfx\cache\13\ucrtbase.dll
0x00007ffbe17c0000 - 0x00007ffbe17d5000 	C:\Users\Gabriel\.openjfx\cache\13\vcruntime140.dll
0x00007ffbc91a0000 - 0x00007ffbc923b000 	C:\Users\Gabriel\.openjfx\cache\13\msvcp140.dll
0x00007ffbc3630000 - 0x00007ffbc3681000 	C:\Users\Gabriel\.openjfx\cache\13\concrt140.dll
0x00007ffbc63f0000 - 0x00007ffbc6413000 	C:\Users\Gabriel\.openjfx\cache\13\prism_d3d.dll
0x00007ffbd2220000 - 0x00007ffbd23ef000 	C:\Windows\system32\d3d9.dll
0x00007ffbe3900000 - 0x00007ffbe392f000 	C:\Windows\SYSTEM32\dwmapi.dll
0x00007ffbe3720000 - 0x00007ffbe37be000 	C:\Windows\system32\uxtheme.dll
0x00007ffb65c40000 - 0x00007ffb6b44d000 	C:\Windows\System32\DriverStore\FileRepository\igdlh64.inf_amd64_6d1fd205efa7f979\igdumdim64.dll
0x00007ffbe7f60000 - 0x00007ffbe802d000 	C:\Windows\System32\OLEAUT32.dll
0x00007ffbe7060000 - 0x00007ffbe718a000 	C:\Windows\System32\ole32.dll
0x00007ffbe7280000 - 0x00007ffbe76e8000 	C:\Windows\System32\SETUPAPI.dll
0x00007ffbe6630000 - 0x00007ffbe667e000 	C:\Windows\System32\cfgmgr32.dll
0x00007ffbe6030000 - 0x00007ffbe6057000 	C:\Windows\System32\bcrypt.dll
0x00007ffbc2ce0000 - 0x00007ffbc2d25000 	C:\Users\Gabriel\.openjfx\cache\13\glass.dll
0x00007ffbe7190000 - 0x00007ffbe726a000 	C:\Windows\System32\COMDLG32.dll
0x00007ffbe76f0000 - 0x00007ffbe7805000 	C:\Windows\System32\MSCTF.dll
0x00007ffbd8840000 - 0x00007ffbd999e000 	C:\Windows\System32\DriverStore\FileRepository\igdlh64.inf_amd64_6d1fd205efa7f979\igc64.dll
0x00007ffbdb820000 - 0x00007ffbdb85b000 	C:\Windows\SYSTEM32\dxcore.dll
0x00007ffbdedc0000 - 0x00007ffbdedd4000 	C:\Users\Gabriel\.openjfx\cache\13\javafx_font.dll
0x00007ffbca680000 - 0x00007ffbca8ff000 	C:\Windows\SYSTEM32\dwrite.dll
0x00007ffbe6aa0000 - 0x00007ffbe6b4f000 	C:\Windows\System32\clbcatq.dll
0x00007ffbde9d0000 - 0x00007ffbdeb84000 	C:\Windows\SYSTEM32\WindowsCodecs.dll
0x00007ffbc8420000 - 0x00007ffbc845e000 	C:\Windows\system32\dataexchange.dll
0x00007ffbe2780000 - 0x00007ffbe2963000 	C:\Windows\system32\dcomp.dll
0x00007ffbe1af0000 - 0x00007ffbe1d53000 	C:\Windows\system32\d3d11.dll
0x00007ffbe45f0000 - 0x00007ffbe46e3000 	C:\Windows\system32\dxgi.dll
0x00007ffbdef60000 - 0x00007ffbdf160000 	C:\Windows\system32\twinapi.appcore.dll
0x00007ffbc35f0000 - 0x00007ffbc3624000 	C:\Program Files\Common Files\Microsoft Shared\Ink\rtscom.dll
0x00007ffbce590000 - 0x00007ffbce689000 	C:\Windows\SYSTEM32\textinputframework.dll
0x00007ffbe3050000 - 0x00007ffbe3142000 	C:\Windows\System32\CoreMessaging.dll
0x00007ffbe2970000 - 0x00007ffbe2cce000 	C:\Windows\System32\CoreUIComponents.dll
0x00007ffbe4ec0000 - 0x00007ffbe4ef3000 	C:\Windows\SYSTEM32\ntmarta.dll
0x00007ffbe1990000 - 0x00007ffbe1ae4000 	C:\Windows\SYSTEM32\wintypes.dll
0x00007ffbd86f0000 - 0x00007ffbd8756000 	C:\Windows\system32\Oleacc.dll

dbghelp: loaded successfully - version: 4.0.5 - missing functions: none
symbol engine: initialized successfully - sym options: 0x614 - pdb path: .;C:\Program Files\Java\jdk-19\bin;C:\Windows\SYSTEM32;C:\Windows\WinSxS\amd64_microsoft.windows.common-controls_6595b64144ccf1df_6.0.19041.1110_none_60b5254171f9507e;C:\Program Files\Java\jdk-19\bin\server;C:\Users\Gabriel\.openjfx\cache\13;C:\Windows\System32\DriverStore\FileRepository\igdlh64.inf_amd64_6d1fd205efa7f979;C:\Program Files\Common Files\Microsoft Shared\Ink

VM Arguments:
jvm_args: --module-path=C:\Users\Gabriel\Downloads\teste4\Trabalho-Final-POO\batalha-pokemon\target\classes;C:\Users\Gabriel\.m2\repository\org\openjfx\javafx-base\13\javafx-base-13-win.jar;C:\Users\Gabriel\.m2\repository\org\openjfx\javafx-controls\13\javafx-controls-13-win.jar;C:\Users\Gabriel\.m2\repository\org\openjfx\javafx-fxml\13\javafx-fxml-13-win.jar;C:\Users\Gabriel\.m2\repository\org\openjfx\javafx-graphics\13\javafx-graphics-13-win.jar --add-modules=poo -Djdk.module.main=poo 
java_command: poo/poo.App
java_class_path (initial): C:\Users\Gabriel\.m2\repository\org\openjfx\javafx-base\13\javafx-base-13.jar;C:\Users\Gabriel\.m2\repository\org\openjfx\javafx-controls\13\javafx-controls-13.jar;C:\Users\Gabriel\.m2\repository\org\openjfx\javafx-fxml\13\javafx-fxml-13.jar;C:\Users\Gabriel\.m2\repository\org\openjfx\javafx-graphics\13\javafx-graphics-13.jar
Launcher Type: SUN_STANDARD

[Global flags]
     intx CICompilerCount                          = 4                                         {product} {ergonomic}
     uint ConcGCThreads                            = 2                                         {product} {ergonomic}
     uint G1ConcRefinementThreads                  = 8                                         {product} {ergonomic}
   size_t G1HeapRegionSize                         = 1048576                                   {product} {ergonomic}
    uintx GCDrainStackTargetSize                   = 64                                        {product} {ergonomic}
   size_t InitialHeapSize                          = 134217728                                 {product} {ergonomic}
   size_t MarkStackSize                            = 4194304                                   {product} {ergonomic}
   size_t MaxHeapSize                              = 2128609280                                {product} {ergonomic}
   size_t MaxNewSize                               = 1277165568                                {product} {ergonomic}
   size_t MinHeapDeltaBytes                        = 1048576                                   {product} {ergonomic}
   size_t MinHeapSize                              = 8388608                                   {product} {ergonomic}
    uintx NonNMethodCodeHeapSize                   = 5839372                                {pd product} {ergonomic}
    uintx NonProfiledCodeHeapSize                  = 122909434                              {pd product} {ergonomic}
    uintx ProfiledCodeHeapSize                     = 122909434                              {pd product} {ergonomic}
    uintx ReservedCodeCacheSize                    = 251658240                              {pd product} {ergonomic}
     bool SegmentedCodeCache                       = true                                      {product} {ergonomic}
   size_t SoftMaxHeapSize                          = 2128609280                             {manageable} {ergonomic}
     bool UseCompressedClassPointers               = true                           {product lp64_product} {ergonomic}
     bool UseCompressedOops                        = true                           {product lp64_product} {ergonomic}
     bool UseG1GC                                  = true                                      {product} {ergonomic}
     bool UseLargePagesIndividualAllocation        = false                                  {pd product} {ergonomic}

Logging:
Log output configuration:
 #0: stdout all=off uptime,level,tags foldmultilines=false
 #1: stderr all=off uptime,level,tags foldmultilines=false

Environment Variables:
JAVA_HOME=C:\Program Files\Java\jdk-19
PATH=C:\Program Files\Common Files\Oracle\Java\javapath;C:\Program Files\Eclipse Adoptium\jdk-17.0.4.101-hotspot\bin;C:\Program Files (x86)\Common Files\Oracle\Java\javapath;C:\Windows\system32;C:\Windows;C:\Windows\System32\Wbem;C:\Windows\System32\WindowsPowerShell\v1.0\;C:\Windows\System32\OpenSSH\;C:\Program Files\Git\cmd;C:\Users\Gabriel\AppData\Local\Microsoft\WindowsApps;C:\Users\Gabriel\AppData\Local\Programs\Microsoft VS Code\bin;C:\Users\Gabriel\AppData\Local\GitHubDesktop\bin;C:\Program Files (x86)\Maven\apache-maven-3.8.6\bin;C:\Program Files\Java\jdk-19\bin;
USERNAME=Gabriel
LANG=pt_BR.UTF-8
OS=Windows_NT
PROCESSOR_IDENTIFIER=Intel64 Family 6 Model 94 Stepping 3, GenuineIntel
TMP=C:\Users\Gabriel\AppData\Local\Temp
TEMP=C:\Users\Gabriel\AppData\Local\Temp



---------------  S Y S T E M  ---------------

OS:
 Windows 10 , 64 bit Build 19041 (10.0.19041.2251)
OS uptime: 2 days 9:26 hours

CPU: total 8 (initial active 8) (4 cores per cpu, 2 threads per core) family 6 model 94 stepping 3 microcode 0xcc, cx8, cmov, fxsr, ht, mmx, 3dnowpref, sse, sse2, sse3, ssse3, sse4.1, sse4.2, popcnt, lzcnt, tsc, tscinvbit, avx, avx2, aes, erms, clmul, bmi1, bmi2, rtm, adx, fma, vzeroupper, clflush, clflushopt, rdtscp

Memory: 4k page, system-wide physical 8112M (1589M free)
TotalPageFile size 19888M (AvailPageFile size 2995M)
current process WorkingSet (physical memory assigned to process): 194M, peak: 217M
current process commit charge ("private bytes"): 317M, peak: 341M

vm_info: Java HotSpot(TM) 64-Bit Server VM (19.0.1+10-21) for windows-amd64 JRE (19.0.1+10-21), built on 2022-09-14T12:45:06Z by "mach5one" with MS VC++ 17.1 (VS2022)

END.
