#
# A fatal error has been detected by the Java Runtime Environment:
#
#  EXCEPTION_ACCESS_VIOLATION (0xc0000005) at pc=0x00007ffbc2cd66f0, pid=24180, tid=21492
#
# JRE version: Java(TM) SE Runtime Environment (19.0.1+10) (build 19.0.1+10-21)
# Java VM: Java HotSpot(TM) 64-Bit Server VM (19.0.1+10-21, mixed mode, sharing, tiered, compressed oops, compressed class ptrs, g1 gc, windows-amd64)
# Problematic frame:
# C  [glass.dll+0x266f0]
#
# No core dump will be written. Minidumps are not enabled by default on client versions of Windows
#
# If you would like to submit a bug report, please visit:
#   https://bugreport.java.com/bugreport/crash.jsp
#

---------------  S U M M A R Y ------------

Command Line: --module-path=C:\Users\Gabriel\Downloads\teste4\Trabalho-Final-POO\batalha-pokemon\target\classes;C:\Users\Gabriel\.m2\repository\org\openjfx\javafx-base\13\javafx-base-13-win.jar;C:\Users\Gabriel\.m2\repository\org\openjfx\javafx-controls\13\javafx-controls-13-win.jar;C:\Users\Gabriel\.m2\repository\org\openjfx\javafx-fxml\13\javafx-fxml-13-win.jar;C:\Users\Gabriel\.m2\repository\org\openjfx\javafx-graphics\13\javafx-graphics-13-win.jar --add-modules=poo -Djdk.module.main=poo poo/poo.App

Host: Intel(R) Core(TM) i7-6700HQ CPU @ 2.60GHz, 8 cores, 7G,  Windows 10 , 64 bit Build 19041 (10.0.19041.2251)
Time: Wed Nov 30 11:25:00 2022 Hora oficial do Brasil elapsed time: 15.598792 seconds (0d 0h 0m 15s)

---------------  T H R E A D  ---------------

Current thread (0x00000192ffc2a210):  VMThread "VM Thread" [stack: 0x000000507f500000,0x000000507f600000] [id=21492]

Stack: [0x000000507f500000,0x000000507f600000],  sp=0x000000507f5fed80,  free space=1019k
Native frames: (J=compiled Java code, j=interpreted, Vv=VM code, C=native code)
C  [glass.dll+0x266f0]


siginfo: EXCEPTION_ACCESS_VIOLATION (0xc0000005), reading address 0x0000000000000000


Registers:
RAX=0x0000000000000000, RBX=0x00000192940ad340, RCX=0x00000192ffc2a210, RDX=0x000000507f5fed80
RSP=0x000000507f5fed80, RBP=0x0000019293b689a8, RSI=0x0000019293b68980, RDI=0x000095caf79eb050
R8 =0x0000000000010002, R9 =0x000095caf79eb050, R10=0x0000000000008000, R11=0x000000507f5fed20
R12=0x00007ffbc2cd3b84, R13=0x00007ffbb84772a0, R14=0x000000507f5fee88, R15=0x0000019293b68980
RIP=0x00007ffbc2cd66f0, EFLAGS=0x0000000000010206


Register to memory mapping:

RIP=0x00007ffbc2cd66f0 glass.dll
RAX=0x0 is NULL
RBX=0x00000192940ad340 is a global jni handle
RCX=0x00000192ffc2a210 points into unknown readable memory: 0x00007ffbb82845e8 | e8 45 28 b8 fb 7f 00 00
RDX=0x000000507f5fed80 points into unknown readable memory: 0x0000000000000000 | 00 00 00 00 00 00 00 00
RSP=0x000000507f5fed80 points into unknown readable memory: 0x0000000000000000 | 00 00 00 00 00 00 00 00
RBP=0x0000019293b689a8 points into unknown readable memory: 0x000095caf79eb050 | 50 b0 9e f7 ca 95 00 00
RSI=0x0000019293b68980 points into unknown readable memory: 0x7ffb5707c1f2b050 | 50 b0 f2 c1 07 57 fb 7f
RDI=0x000095caf79eb050 is an unknown value
R8 =0x0000000000010002 is an unknown value
R9 =0x000095caf79eb050 is an unknown value
R10=0x0000000000008000 is an unknown value
R11=0x000000507f5fed20 points into unknown readable memory: 0x0000019293b68980 | 80 89 b6 93 92 01 00 00
R12=0x00007ffbc2cd3b84 glass.dll
R13=0x00007ffbb84772a0 jvm.dll
R14=0x000000507f5fee88 points into unknown readable memory: 0x000000507f5fee70 | 70 ee 5f 7f 50 00 00 00
R15=0x0000019293b68980 points into unknown readable memory: 0x7ffb5707c1f2b050 | 50 b0 f2 c1 07 57 fb 7f


Top of Stack: (sp=0x000000507f5fed80)
0x000000507f5fed80:   0000000000000000 00007ffbe653f05b
0x000000507f5fed90:   0000019293b68990 0000019293b68980
0x000000507f5feda0:   fffffffffffffffe 00007ffbc2cd3b84
0x000000507f5fedb0:   0000019293b68988 00007ffbe65442d6
0x000000507f5fedc0:   0000019293b68990 0000019200000000
0x000000507f5fedd0:   0000019293b689a8 0000019293b68980
0x000000507f5fede0:   fffffffffffffffe 0000000000000000
0x000000507f5fedf0:   0000000000000001 00007ffbc2cb0000
0x000000507f5fee00:   000000507f5fee78 00007ffbe65441fb
0x000000507f5fee10:   0000000000000000 000000507f5fee88
0x000000507f5fee20:   000000507f5ff140 00007ffbe6620e40
0x000000507f5fee30:   0000000000000000 00007ffbe65441b4
0x000000507f5fee40:   0000000000000000 0000000000000001
0x000000507f5fee50:   0000000000000001 000000507f5fee78
0x000000507f5fee60:   0000000000000006 00007ffbc2cd3a12
0x000000507f5fee70:   00007ffbc2ced118 0000005000000002 

Instructions: (pc=0x00007ffbc2cd66f0)
0x00007ffbc2cd65f0:   8b 4d 60 e8 98 c9 ff ff 48 8b 55 68 48 8b 8d 08
0x00007ffbc2cd6600:   01 00 00 e8 49 be ff ff 33 d2 33 c9 e8 49 de ff
0x00007ffbc2cd6610:   ff 90 cc cc cc cc cc cc cc cc cc cc cc cc cc cc
0x00007ffbc2cd6620:   48 8d 8a 80 00 00 00 e9 14 e9 fe ff 48 89 54 24
0x00007ffbc2cd6630:   10 55 48 83 ec 20 48 8b ea 48 8d 05 dd ca ff ff
0x00007ffbc2cd6640:   48 83 c4 20 5d c3 cc 40 55 48 8b ea 48 8b 01 33
0x00007ffbc2cd6650:   c9 81 38 05 00 00 c0 0f 94 c1 8b c1 5d c3 cc 40
0x00007ffbc2cd6660:   55 48 83 ec 20 48 8b ea 8a 4d 40 48 83 c4 20 5d
0x00007ffbc2cd6670:   e9 df cd ff ff cc 40 55 48 83 ec 20 48 8b ea e8
0x00007ffbc2cd6680:   fc cb ff ff 8a 4d 38 48 83 c4 20 5d e9 c3 cd ff
0x00007ffbc2cd6690:   ff cc 40 55 48 83 ec 30 48 8b ea 48 8b 01 8b 10
0x00007ffbc2cd66a0:   48 89 4c 24 28 89 54 24 20 4c 8d 0d a4 d1 ff ff
0x00007ffbc2cd66b0:   4c 8b 45 70 8b 55 68 48 8b 4d 60 e8 30 cb ff ff
0x00007ffbc2cd66c0:   90 48 83 c4 30 5d c3 cc cc cc cc cc cc cc cc cc
0x00007ffbc2cd66d0:   40 53 48 83 ec 30 48 c7 44 24 20 fe ff ff ff 48
0x00007ffbc2cd66e0:   8b 1d 2a 64 01 00 48 85 db 74 16 e8 90 85 ff ff
0x00007ffbc2cd66f0:   4c 8b 00 48 8b d3 48 8b c8 41 ff 90 b0 00 00 00
0x00007ffbc2cd6700:   90 48 83 c4 30 5b c3 cc cc cc cc cc cc cc cc cc
0x00007ffbc2cd6710:   40 53 48 83 ec 20 48 8b 1d 9b 65 01 00 48 85 db
0x00007ffbc2cd6720:   74 57 b8 ff ff ff ff f0 0f c1 43 10 83 f8 01 75
0x00007ffbc2cd6730:   3d 48 85 db 74 38 48 8b 0b 48 85 c9 74 0d ff 15
0x00007ffbc2cd6740:   64 0b 00 00 48 c7 03 00 00 00 00 48 8b 4b 08 48
0x00007ffbc2cd6750:   85 c9 74 0d e8 37 c8 ff ff 48 c7 43 08 00 00 00
0x00007ffbc2cd6760:   00 ba 18 00 00 00 48 8b cb e8 22 c8 ff ff 48 c7
0x00007ffbc2cd6770:   05 3f 65 01 00 00 00 00 00 48 83 c4 20 5b c3 cc
0x00007ffbc2cd6780:   40 53 48 83 ec 20 48 8b 1d 0b 65 01 00 48 85 db
0x00007ffbc2cd6790:   74 57 b8 ff ff ff ff f0 0f c1 43 10 83 f8 01 75
0x00007ffbc2cd67a0:   3d 48 85 db 74 38 48 8b 0b 48 85 c9 74 0d ff 15
0x00007ffbc2cd67b0:   f4 0a 00 00 48 c7 03 00 00 00 00 48 8b 4b 08 48
0x00007ffbc2cd67c0:   85 c9 74 0d e8 c7 c7 ff ff 48 c7 43 08 00 00 00
0x00007ffbc2cd67d0:   00 ba 18 00 00 00 48 8b cb e8 b2 c7 ff ff 48 c7
0x00007ffbc2cd67e0:   05 af 64 01 00 00 00 00 00 48 83 c4 20 5b c3 cc 


Stack slot to memory mapping:
stack at sp + 0 slots: 0x0 is NULL
stack at sp + 1 slots: 0x00007ffbe653f05b ucrtbase.dll
stack at sp + 2 slots: 0x0000019293b68990 points into unknown readable memory: 0x000095caf79eb050 | 50 b0 9e f7 ca 95 00 00
stack at sp + 3 slots: 0x0000019293b68980 points into unknown readable memory: 0x7ffb5707c1f2b050 | 50 b0 f2 c1 07 57 fb 7f
stack at sp + 4 slots: 0xfffffffffffffffe is an unknown value
stack at sp + 5 slots: 0x00007ffbc2cd3b84 glass.dll
stack at sp + 6 slots: 0x0000019293b68988 points into unknown readable memory: 0x000095caf79eb050 | 50 b0 9e f7 ca 95 00 00
stack at sp + 7 slots: 0x00007ffbe65442d6 ucrtbase.dll

VM_Operation (0x00000050005dee60): Exit, mode: safepoint, requested by thread 0x0000019293b69950


---------------  P R O C E S S  ---------------

Threads class SMR info:
_java_thread_list=0x00000192937b52f0, length=19, elements={
0x00000192ee46cbe0, 0x00000192ffc41c80, 0x00000192ffc42a70, 0x00000192ffc4ba50,
0x00000192ffc49a30, 0x00000192ffc4bf90, 0x00000192ffc548d0, 0x00000192ffc5aa40,
0x00000192ffc5b3b0, 0x00000192ffc66910, 0x00000192ffc1a260, 0x00000192934674c0,
0x0000019293830340, 0x0000019293acc7e0, 0x0000019293b69950, 0x0000019293ce33b0,
0x0000019293ce38f0, 0x0000019293f41070, 0x0000019293f40b20
}

Java Threads: ( => current thread )
  0x00000192ee46cbe0 JavaThread "main" [_thread_blocked, id=12744, stack(0x000000507ef00000,0x000000507f000000)]
  0x00000192ffc41c80 JavaThread "Reference Handler" daemon [_thread_blocked, id=9352, stack(0x000000507f600000,0x000000507f700000)]
  0x00000192ffc42a70 JavaThread "Finalizer" daemon [_thread_blocked, id=15192, stack(0x000000507f700000,0x000000507f800000)]
  0x00000192ffc4ba50 JavaThread "Signal Dispatcher" daemon [_thread_blocked, id=20412, stack(0x000000507f800000,0x000000507f900000)]
  0x00000192ffc49a30 JavaThread "Attach Listener" daemon [_thread_blocked, id=17876, stack(0x000000507f900000,0x000000507fa00000)]
  0x00000192ffc4bf90 JavaThread "Service Thread" daemon [_thread_blocked, id=18744, stack(0x000000507fa00000,0x000000507fb00000)]
  0x00000192ffc548d0 JavaThread "Monitor Deflation Thread" daemon [_thread_blocked, id=24196, stack(0x000000507fb00000,0x000000507fc00000)]
  0x00000192ffc5aa40 JavaThread "C2 CompilerThread0" daemon [_thread_blocked, id=144, stack(0x000000507fc00000,0x000000507fd00000)]
  0x00000192ffc5b3b0 JavaThread "C1 CompilerThread0" daemon [_thread_blocked, id=22704, stack(0x000000507fd00000,0x000000507fe00000)]
  0x00000192ffc66910 JavaThread "Sweeper thread" daemon [_thread_blocked, id=23772, stack(0x000000507fe00000,0x000000507ff00000)]
  0x00000192ffc1a260 JavaThread "Common-Cleaner" daemon [_thread_blocked, id=12600, stack(0x000000507ff00000,0x0000005080000000)]
  0x00000192934674c0 JavaThread "Notification Thread" daemon [_thread_blocked, id=23848, stack(0x0000005000200000,0x0000005000300000)]
  0x0000019293830340 JavaThread "QuantumRenderer-0" daemon [_thread_blocked, id=23212, stack(0x0000005000100000,0x0000005000200000)]
  0x0000019293acc7e0 JavaThread "InvokeLaterDispatcher" daemon [_thread_blocked, id=21824, stack(0x0000005000400000,0x0000005000500000)]
  0x0000019293b69950 JavaThread "JavaFX Application Thread" [_thread_blocked, id=10276, stack(0x0000005000500000,0x0000005000600000)]
  0x0000019293ce33b0 JavaThread "Thread-1" daemon [_thread_in_native, id=13336, stack(0x0000005000900000,0x0000005000a00000)]
  0x0000019293ce38f0 JavaThread "JavaFX-Launcher" [_thread_blocked, id=22268, stack(0x0000005000a00000,0x0000005000b00000)]
  0x0000019293f41070 JavaThread "Prism Font Disposer" daemon [_thread_blocked, id=18604, stack(0x0000005001300000,0x0000005001400000)]
  0x0000019293f40b20 JavaThread "Cleaner-0" daemon [_thread_blocked, id=13044, stack(0x0000005001400000,0x0000005001500000)]

Other Threads:
=>0x00000192ffc2a210 VMThread "VM Thread" [stack: 0x000000507f500000,0x000000507f600000] [id=21492]
  0x00000192ee4cc370 WorkerThread "GC Thread#0" [stack: 0x000000507f000000,0x000000507f100000] [id=21656]
  0x0000019293cf3670 WorkerThread "GC Thread#1" [stack: 0x0000005000b00000,0x0000005000c00000] [id=14116]
  0x0000019293cf3940 WorkerThread "GC Thread#2" [stack: 0x0000005000c00000,0x0000005000d00000] [id=16276]
  0x0000019293eec0b0 WorkerThread "GC Thread#3" [stack: 0x0000005000d00000,0x0000005000e00000] [id=24476]
  0x0000019293eeafd0 WorkerThread "GC Thread#4" [stack: 0x0000005000e00000,0x0000005000f00000] [id=23528]
  0x0000019293eea490 WorkerThread "GC Thread#5" [stack: 0x0000005000f00000,0x0000005001000000] [id=9688]
  0x0000019293eebde0 WorkerThread "GC Thread#6" [stack: 0x0000005000000000,0x0000005000100000] [id=10436]
  0x0000019293eeaa30 WorkerThread "GC Thread#7" [stack: 0x0000005001500000,0x0000005001600000] [id=15212]
  0x00000192ee4dd230 ConcurrentGCThread "G1 Main Marker" terminated
  0x00000192ee4de400 WorkerThread "G1 Conc#0" [stack: 0x000000507f200000,0x000000507f300000] [id=3064]
  0x00000192ee53e410 ConcurrentGCThread "G1 Refine#0" terminated
  0x00000192ffaea100 ConcurrentGCThread "G1 Service" terminated

Threads with active compile tasks:

VM state: at safepoint (shutting down)

VM Mutex/Monitor currently owned by a thread:  ([mutex/lock_event])
[0x00000192ee469130] Threads_lock - owner thread: 0x00000192ffc2a210
[0x00000192ee467870] Heap_lock - owner thread: 0x0000019293b69950

Heap address: 0x0000000081200000, size: 2030 MB, Compressed Oops mode: 32-bit

CDS archive(s) mapped at: [0x0000000800000000-0x0000000800c40000-0x0000000800c40000), size 12845056, SharedBaseAddress: 0x0000000800000000, ArchiveRelocationMode: 0.
Compressed class space mapped at: 0x0000000801000000-0x0000000841000000, reserved size: 1073741824
Narrow klass base: 0x0000000800000000, Narrow klass shift: 0, Narrow klass range: 0x100000000

GC Precious Log:
 CardTable entry size: 512
 Card Set container configuration: InlinePtr #cards 5 size 8 Array Of Cards #cards 12 size 40 Howl #buckets 4 coarsen threshold 1843 Howl Bitmap #cards 512 size 80 coarsen threshold 460 Card regions per heap region 1 cards per card region 2048
 CPUs: 8 total, 8 available
 Memory: 8112M
 Large Page Support: Disabled
 NUMA Support: Disabled
 Compressed Oops: Enabled (32-bit)
 Heap Region Size: 1M
 Heap Min Capacity: 8M
 Heap Initial Capacity: 128M
 Heap Max Capacity: 2030M
 Pre-touch: Disabled
 Parallel Workers: 8
 Concurrent Workers: 2
 Concurrent Refinement Workers: 8
 Periodic GC: Disabled

Heap:
 garbage-first heap   total 131072K, used 22613K [0x0000000081200000, 0x0000000100000000)
  region size 1024K, 13 young (13312K), 5 survivors (5120K)
 Metaspace       used 15100K, committed 15360K, reserved 1114112K
  class space    used 2044K, committed 2176K, reserved 1048576K

Heap Regions: E=young(eden), S=young(survivor), O=old, HS=humongous(starts), HC=humongous(continues), CS=collection set, F=free, OA=open archive, CA=closed archive, TAMS=top-at-mark-start (previous, next)
|   0|0x0000000081200000, 0x0000000081300000, 0x0000000081300000|100%|HS|  |TAMS 0x0000000081200000, 0x0000000081200000| Complete 
|   1|0x0000000081300000, 0x0000000081400000, 0x0000000081400000|100%|HC|  |TAMS 0x0000000081300000, 0x0000000081300000| Complete 
|   2|0x0000000081400000, 0x0000000081500000, 0x0000000081500000|100%|HC|  |TAMS 0x0000000081400000, 0x0000000081400000| Complete 
|   3|0x0000000081500000, 0x0000000081600000, 0x0000000081600000|100%|HC|  |TAMS 0x0000000081500000, 0x0000000081500000| Complete 
|   4|0x0000000081600000, 0x0000000081700000, 0x0000000081700000|100%|HC|  |TAMS 0x0000000081600000, 0x0000000081600000| Complete 
|   5|0x0000000081700000, 0x0000000081800000, 0x0000000081800000|100%|HC|  |TAMS 0x0000000081700000, 0x0000000081700000| Complete 
|   6|0x0000000081800000, 0x0000000081900000, 0x0000000081900000|100%|HS|  |TAMS 0x0000000081800000, 0x0000000081800000| Complete 
|   7|0x0000000081900000, 0x0000000081a00000, 0x0000000081a00000|100%|HC|  |TAMS 0x0000000081900000, 0x0000000081900000| Complete 
|   8|0x0000000081a00000, 0x0000000081b00000, 0x0000000081b00000|100%| O|  |TAMS 0x0000000081a00000, 0x0000000081a00000| Untracked 
|   9|0x0000000081b00000, 0x0000000081c00000, 0x0000000081c00000|100%| O|  |TAMS 0x0000000081b00000, 0x0000000081b00000| Untracked 
|  10|0x0000000081c00000, 0x0000000081c8cc00, 0x0000000081d00000| 54%| O|  |TAMS 0x0000000081c00000, 0x0000000081c00000| Untracked 
|  11|0x0000000081d00000, 0x0000000081d00000, 0x0000000081e00000|  0%| F|  |TAMS 0x0000000081d00000, 0x0000000081d00000| Untracked 
|  12|0x0000000081e00000, 0x0000000081e00000, 0x0000000081f00000|  0%| F|  |TAMS 0x0000000081e00000, 0x0000000081e00000| Untracked 
|  13|0x0000000081f00000, 0x0000000081f00000, 0x0000000082000000|  0%| F|  |TAMS 0x0000000081f00000, 0x0000000081f00000| Untracked 
|  14|0x0000000082000000, 0x0000000082000000, 0x0000000082100000|  0%| F|  |TAMS 0x0000000082000000, 0x0000000082000000| Untracked 
|  15|0x0000000082100000, 0x0000000082100000, 0x0000000082200000|  0%| F|  |TAMS 0x0000000082100000, 0x0000000082100000| Untracked 
|  16|0x0000000082200000, 0x0000000082200000, 0x0000000082300000|  0%| F|  |TAMS 0x0000000082200000, 0x0000000082200000| Untracked 
|  17|0x0000000082300000, 0x0000000082300000, 0x0000000082400000|  0%| F|  |TAMS 0x0000000082300000, 0x0000000082300000| Untracked 
|  18|0x0000000082400000, 0x0000000082400000, 0x0000000082500000|  0%| F|  |TAMS 0x0000000082400000, 0x0000000082400000| Untracked 
|  19|0x0000000082500000, 0x0000000082500000, 0x0000000082600000|  0%| F|  |TAMS 0x0000000082500000, 0x0000000082500000| Untracked 
|  20|0x0000000082600000, 0x0000000082600000, 0x0000000082700000|  0%| F|  |TAMS 0x0000000082600000, 0x0000000082600000| Untracked 
|  21|0x0000000082700000, 0x0000000082700000, 0x0000000082800000|  0%| F|  |TAMS 0x0000000082700000, 0x0000000082700000| Untracked 
|  22|0x0000000082800000, 0x0000000082800000, 0x0000000082900000|  0%| F|  |TAMS 0x0000000082800000, 0x0000000082800000| Untracked 
|  23|0x0000000082900000, 0x0000000082900000, 0x0000000082a00000|  0%| F|  |TAMS 0x0000000082900000, 0x0000000082900000| Untracked 
|  24|0x0000000082a00000, 0x0000000082a00000, 0x0000000082b00000|  0%| F|  |TAMS 0x0000000082a00000, 0x0000000082a00000| Untracked 
|  25|0x0000000082b00000, 0x0000000082b00000, 0x0000000082c00000|  0%| F|  |TAMS 0x0000000082b00000, 0x0000000082b00000| Untracked 
|  26|0x0000000082c00000, 0x0000000082c00000, 0x0000000082d00000|  0%| F|  |TAMS 0x0000000082c00000, 0x0000000082c00000| Untracked 
|  27|0x0000000082d00000, 0x0000000082d00000, 0x0000000082e00000|  0%| F|  |TAMS 0x0000000082d00000, 0x0000000082d00000| Untracked 
|  28|0x0000000082e00000, 0x0000000082e00000, 0x0000000082f00000|  0%| F|  |TAMS 0x0000000082e00000, 0x0000000082e00000| Untracked 
|  29|0x0000000082f00000, 0x0000000082f00000, 0x0000000083000000|  0%| F|  |TAMS 0x0000000082f00000, 0x0000000082f00000| Untracked 
|  30|0x0000000083000000, 0x0000000083000000, 0x0000000083100000|  0%| F|  |TAMS 0x0000000083000000, 0x0000000083000000| Untracked 
|  31|0x0000000083100000, 0x0000000083100000, 0x0000000083200000|  0%| F|  |TAMS 0x0000000083100000, 0x0000000083100000| Untracked 
|  32|0x0000000083200000, 0x0000000083200000, 0x0000000083300000|  0%| F|  |TAMS 0x0000000083200000, 0x0000000083200000| Untracked 
|  33|0x0000000083300000, 0x0000000083300000, 0x0000000083400000|  0%| F|  |TAMS 0x0000000083300000, 0x0000000083300000| Untracked 
|  34|0x0000000083400000, 0x0000000083400000, 0x0000000083500000|  0%| F|  |TAMS 0x0000000083400000, 0x0000000083400000| Untracked 
|  35|0x0000000083500000, 0x0000000083500000, 0x0000000083600000|  0%| F|  |TAMS 0x0000000083500000, 0x0000000083500000| Untracked 
|  36|0x0000000083600000, 0x0000000083600000, 0x0000000083700000|  0%| F|  |TAMS 0x0000000083600000, 0x0000000083600000| Untracked 
|  37|0x0000000083700000, 0x0000000083700000, 0x0000000083800000|  0%| F|  |TAMS 0x0000000083700000, 0x0000000083700000| Untracked 
|  38|0x0000000083800000, 0x0000000083800000, 0x0000000083900000|  0%| F|  |TAMS 0x0000000083800000, 0x0000000083800000| Untracked 
|  39|0x0000000083900000, 0x0000000083900000, 0x0000000083a00000|  0%| F|  |TAMS 0x0000000083900000, 0x0000000083900000| Untracked 
|  40|0x0000000083a00000, 0x0000000083a00000, 0x0000000083b00000|  0%| F|  |TAMS 0x0000000083a00000, 0x0000000083a00000| Untracked 
|  41|0x0000000083b00000, 0x0000000083b00000, 0x0000000083c00000|  0%| F|  |TAMS 0x0000000083b00000, 0x0000000083b00000| Untracked 
|  42|0x0000000083c00000, 0x0000000083c00000, 0x0000000083d00000|  0%| F|  |TAMS 0x0000000083c00000, 0x0000000083c00000| Untracked 
|  43|0x0000000083d00000, 0x0000000083d00000, 0x0000000083e00000|  0%| F|  |TAMS 0x0000000083d00000, 0x0000000083d00000| Untracked 
|  44|0x0000000083e00000, 0x0000000083e00000, 0x0000000083f00000|  0%| F|  |TAMS 0x0000000083e00000, 0x0000000083e00000| Untracked 
|  45|0x0000000083f00000, 0x0000000083f00000, 0x0000000084000000|  0%| F|  |TAMS 0x0000000083f00000, 0x0000000083f00000| Untracked 
|  46|0x0000000084000000, 0x0000000084000000, 0x0000000084100000|  0%| F|  |TAMS 0x0000000084000000, 0x0000000084000000| Untracked 
|  47|0x0000000084100000, 0x0000000084100000, 0x0000000084200000|  0%| F|  |TAMS 0x0000000084100000, 0x0000000084100000| Untracked 
|  48|0x0000000084200000, 0x0000000084200000, 0x0000000084300000|  0%| F|  |TAMS 0x0000000084200000, 0x0000000084200000| Untracked 
|  49|0x0000000084300000, 0x0000000084300000, 0x0000000084400000|  0%| F|  |TAMS 0x0000000084300000, 0x0000000084300000| Untracked 
|  50|0x0000000084400000, 0x0000000084400000, 0x0000000084500000|  0%| F|  |TAMS 0x0000000084400000, 0x0000000084400000| Untracked 
|  51|0x0000000084500000, 0x0000000084500000, 0x0000000084600000|  0%| F|  |TAMS 0x0000000084500000, 0x0000000084500000| Untracked 
|  52|0x0000000084600000, 0x0000000084600000, 0x0000000084700000|  0%| F|  |TAMS 0x0000000084600000, 0x0000000084600000| Untracked 
|  53|0x0000000084700000, 0x0000000084700000, 0x0000000084800000|  0%| F|  |TAMS 0x0000000084700000, 0x0000000084700000| Untracked 
|  54|0x0000000084800000, 0x0000000084800000, 0x0000000084900000|  0%| F|  |TAMS 0x0000000084800000, 0x0000000084800000| Untracked 
|  55|0x0000000084900000, 0x0000000084900000, 0x0000000084a00000|  0%| F|  |TAMS 0x0000000084900000, 0x0000000084900000| Untracked 
|  56|0x0000000084a00000, 0x0000000084a00000, 0x0000000084b00000|  0%| F|  |TAMS 0x0000000084a00000, 0x0000000084a00000| Untracked 
|  57|0x0000000084b00000, 0x0000000084b00000, 0x0000000084c00000|  0%| F|  |TAMS 0x0000000084b00000, 0x0000000084b00000| Untracked 
|  58|0x0000000084c00000, 0x0000000084c00000, 0x0000000084d00000|  0%| F|  |TAMS 0x0000000084c00000, 0x0000000084c00000| Untracked 
|  59|0x0000000084d00000, 0x0000000084d00000, 0x0000000084e00000|  0%| F|  |TAMS 0x0000000084d00000, 0x0000000084d00000| Untracked 
|  60|0x0000000084e00000, 0x0000000084e00000, 0x0000000084f00000|  0%| F|  |TAMS 0x0000000084e00000, 0x0000000084e00000| Untracked 
|  61|0x0000000084f00000, 0x0000000084f00000, 0x0000000085000000|  0%| F|  |TAMS 0x0000000084f00000, 0x0000000084f00000| Untracked 
|  62|0x0000000085000000, 0x0000000085000000, 0x0000000085100000|  0%| F|  |TAMS 0x0000000085000000, 0x0000000085000000| Untracked 
|  63|0x0000000085100000, 0x0000000085100000, 0x0000000085200000|  0%| F|  |TAMS 0x0000000085100000, 0x0000000085100000| Untracked 
|  64|0x0000000085200000, 0x0000000085200000, 0x0000000085300000|  0%| F|  |TAMS 0x0000000085200000, 0x0000000085200000| Untracked 
|  65|0x0000000085300000, 0x0000000085300000, 0x0000000085400000|  0%| F|  |TAMS 0x0000000085300000, 0x0000000085300000| Untracked 
|  66|0x0000000085400000, 0x0000000085400000, 0x0000000085500000|  0%| F|  |TAMS 0x0000000085400000, 0x0000000085400000| Untracked 
|  67|0x0000000085500000, 0x0000000085500000, 0x0000000085600000|  0%| F|  |TAMS 0x0000000085500000, 0x0000000085500000| Untracked 
|  68|0x0000000085600000, 0x0000000085600000, 0x0000000085700000|  0%| F|  |TAMS 0x0000000085600000, 0x0000000085600000| Untracked 
|  69|0x0000000085700000, 0x0000000085700000, 0x0000000085800000|  0%| F|  |TAMS 0x0000000085700000, 0x0000000085700000| Untracked 
|  70|0x0000000085800000, 0x0000000085800000, 0x0000000085900000|  0%| F|  |TAMS 0x0000000085800000, 0x0000000085800000| Untracked 
|  71|0x0000000085900000, 0x0000000085900000, 0x0000000085a00000|  0%| F|  |TAMS 0x0000000085900000, 0x0000000085900000| Untracked 
|  72|0x0000000085a00000, 0x0000000085a00000, 0x0000000085b00000|  0%| F|  |TAMS 0x0000000085a00000, 0x0000000085a00000| Untracked 
|  73|0x0000000085b00000, 0x0000000085b00000, 0x0000000085c00000|  0%| F|  |TAMS 0x0000000085b00000, 0x0000000085b00000| Untracked 
|  74|0x0000000085c00000, 0x0000000085c00000, 0x0000000085d00000|  0%| F|  |TAMS 0x0000000085c00000, 0x0000000085c00000| Untracked 
|  75|0x0000000085d00000, 0x0000000085d00000, 0x0000000085e00000|  0%| F|  |TAMS 0x0000000085d00000, 0x0000000085d00000| Untracked 
|  76|0x0000000085e00000, 0x0000000085e00000, 0x0000000085f00000|  0%| F|  |TAMS 0x0000000085e00000, 0x0000000085e00000| Untracked 
|  77|0x0000000085f00000, 0x0000000085f00000, 0x0000000086000000|  0%| F|  |TAMS 0x0000000085f00000, 0x0000000085f00000| Untracked 
|  78|0x0000000086000000, 0x0000000086000000, 0x0000000086100000|  0%| F|  |TAMS 0x0000000086000000, 0x0000000086000000| Untracked 
|  79|0x0000000086100000, 0x0000000086100000, 0x0000000086200000|  0%| F|  |TAMS 0x0000000086100000, 0x0000000086100000| Untracked 
|  80|0x0000000086200000, 0x0000000086200000, 0x0000000086300000|  0%| F|  |TAMS 0x0000000086200000, 0x0000000086200000| Untracked 
|  81|0x0000000086300000, 0x0000000086300000, 0x0000000086400000|  0%| F|  |TAMS 0x0000000086300000, 0x0000000086300000| Untracked 
|  82|0x0000000086400000, 0x0000000086400000, 0x0000000086500000|  0%| F|  |TAMS 0x0000000086400000, 0x0000000086400000| Untracked 
|  83|0x0000000086500000, 0x0000000086500000, 0x0000000086600000|  0%| F|  |TAMS 0x0000000086500000, 0x0000000086500000| Untracked 
|  84|0x0000000086600000, 0x0000000086600000, 0x0000000086700000|  0%| F|  |TAMS 0x0000000086600000, 0x0000000086600000| Untracked 
|  85|0x0000000086700000, 0x0000000086700000, 0x0000000086800000|  0%| F|  |TAMS 0x0000000086700000, 0x0000000086700000| Untracked 
|  86|0x0000000086800000, 0x0000000086888bf8, 0x0000000086900000| 53%| S|CS|TAMS 0x0000000086800000, 0x0000000086800000| Complete 
|  87|0x0000000086900000, 0x0000000086a00000, 0x0000000086a00000|100%| S|CS|TAMS 0x0000000086900000, 0x0000000086900000| Complete 
|  88|0x0000000086a00000, 0x0000000086b00000, 0x0000000086b00000|100%| S|CS|TAMS 0x0000000086a00000, 0x0000000086a00000| Complete 
|  89|0x0000000086b00000, 0x0000000086c00000, 0x0000000086c00000|100%| S|CS|TAMS 0x0000000086b00000, 0x0000000086b00000| Complete 
|  90|0x0000000086c00000, 0x0000000086d00000, 0x0000000086d00000|100%| S|CS|TAMS 0x0000000086c00000, 0x0000000086c00000| Complete 
|  91|0x0000000086d00000, 0x0000000086d00000, 0x0000000086e00000|  0%| F|  |TAMS 0x0000000086d00000, 0x0000000086d00000| Untracked 
|  92|0x0000000086e00000, 0x0000000086e00000, 0x0000000086f00000|  0%| F|  |TAMS 0x0000000086e00000, 0x0000000086e00000| Untracked 
|  93|0x0000000086f00000, 0x0000000086f00000, 0x0000000087000000|  0%| F|  |TAMS 0x0000000086f00000, 0x0000000086f00000| Untracked 
|  94|0x0000000087000000, 0x0000000087000000, 0x0000000087100000|  0%| F|  |TAMS 0x0000000087000000, 0x0000000087000000| Untracked 
|  95|0x0000000087100000, 0x0000000087100000, 0x0000000087200000|  0%| F|  |TAMS 0x0000000087100000, 0x0000000087100000| Untracked 
|  96|0x0000000087200000, 0x0000000087200000, 0x0000000087300000|  0%| F|  |TAMS 0x0000000087200000, 0x0000000087200000| Untracked 
|  97|0x0000000087300000, 0x0000000087300000, 0x0000000087400000|  0%| F|  |TAMS 0x0000000087300000, 0x0000000087300000| Untracked 
|  98|0x0000000087400000, 0x0000000087400000, 0x0000000087500000|  0%| F|  |TAMS 0x0000000087400000, 0x0000000087400000| Untracked 
|  99|0x0000000087500000, 0x0000000087500000, 0x0000000087600000|  0%| F|  |TAMS 0x0000000087500000, 0x0000000087500000| Untracked 
| 100|0x0000000087600000, 0x0000000087600000, 0x0000000087700000|  0%| F|  |TAMS 0x0000000087600000, 0x0000000087600000| Untracked 
| 101|0x0000000087700000, 0x0000000087700000, 0x0000000087800000|  0%| F|  |TAMS 0x0000000087700000, 0x0000000087700000| Untracked 
| 102|0x0000000087800000, 0x0000000087800000, 0x0000000087900000|  0%| F|  |TAMS 0x0000000087800000, 0x0000000087800000| Untracked 
| 103|0x0000000087900000, 0x0000000087900000, 0x0000000087a00000|  0%| F|  |TAMS 0x0000000087900000, 0x0000000087900000| Untracked 
| 104|0x0000000087a00000, 0x0000000087a00000, 0x0000000087b00000|  0%| F|  |TAMS 0x0000000087a00000, 0x0000000087a00000| Untracked 
| 105|0x0000000087b00000, 0x0000000087b00000, 0x0000000087c00000|  0%| F|  |TAMS 0x0000000087b00000, 0x0000000087b00000| Untracked 
| 106|0x0000000087c00000, 0x0000000087c00000, 0x0000000087d00000|  0%| F|  |TAMS 0x0000000087c00000, 0x0000000087c00000| Untracked 
| 107|0x0000000087d00000, 0x0000000087d00000, 0x0000000087e00000|  0%| F|  |TAMS 0x0000000087d00000, 0x0000000087d00000| Untracked 
| 108|0x0000000087e00000, 0x0000000087e00000, 0x0000000087f00000|  0%| F|  |TAMS 0x0000000087e00000, 0x0000000087e00000| Untracked 
| 109|0x0000000087f00000, 0x0000000087f00000, 0x0000000088000000|  0%| F|  |TAMS 0x0000000087f00000, 0x0000000087f00000| Untracked 
| 110|0x0000000088000000, 0x0000000088000000, 0x0000000088100000|  0%| F|  |TAMS 0x0000000088000000, 0x0000000088000000| Untracked 
| 111|0x0000000088100000, 0x0000000088100000, 0x0000000088200000|  0%| F|  |TAMS 0x0000000088100000, 0x0000000088100000| Untracked 
| 112|0x0000000088200000, 0x0000000088200000, 0x0000000088300000|  0%| F|  |TAMS 0x0000000088200000, 0x0000000088200000| Untracked 
| 113|0x0000000088300000, 0x0000000088300000, 0x0000000088400000|  0%| F|  |TAMS 0x0000000088300000, 0x0000000088300000| Untracked 
| 114|0x0000000088400000, 0x0000000088400000, 0x0000000088500000|  0%| F|  |TAMS 0x0000000088400000, 0x0000000088400000| Untracked 
| 115|0x0000000088500000, 0x0000000088500000, 0x0000000088600000|  0%| F|  |TAMS 0x0000000088500000, 0x0000000088500000| Untracked 
| 116|0x0000000088600000, 0x0000000088600000, 0x0000000088700000|  0%| F|  |TAMS 0x0000000088600000, 0x0000000088600000| Untracked 
| 117|0x0000000088700000, 0x0000000088700000, 0x0000000088800000|  0%| F|  |TAMS 0x0000000088700000, 0x0000000088700000| Untracked 
| 118|0x0000000088800000, 0x0000000088800000, 0x0000000088900000|  0%| F|  |TAMS 0x0000000088800000, 0x0000000088800000| Untracked 
| 119|0x0000000088900000, 0x0000000088900000, 0x0000000088a00000|  0%| F|  |TAMS 0x0000000088900000, 0x0000000088900000| Untracked 
| 120|0x0000000088a00000, 0x0000000088ae17d8, 0x0000000088b00000| 88%| E|  |TAMS 0x0000000088a00000, 0x0000000088a00000| Complete 
| 121|0x0000000088b00000, 0x0000000088c00000, 0x0000000088c00000|100%| E|CS|TAMS 0x0000000088b00000, 0x0000000088b00000| Complete 
| 122|0x0000000088c00000, 0x0000000088d00000, 0x0000000088d00000|100%| E|CS|TAMS 0x0000000088c00000, 0x0000000088c00000| Complete 
| 123|0x0000000088d00000, 0x0000000088e00000, 0x0000000088e00000|100%| E|CS|TAMS 0x0000000088d00000, 0x0000000088d00000| Complete 
| 124|0x0000000088e00000, 0x0000000088f00000, 0x0000000088f00000|100%| E|CS|TAMS 0x0000000088e00000, 0x0000000088e00000| Complete 
| 125|0x0000000088f00000, 0x0000000089000000, 0x0000000089000000|100%| E|CS|TAMS 0x0000000088f00000, 0x0000000088f00000| Complete 
| 126|0x0000000089000000, 0x0000000089100000, 0x0000000089100000|100%| E|CS|TAMS 0x0000000089000000, 0x0000000089000000| Complete 
| 127|0x0000000089100000, 0x0000000089200000, 0x0000000089200000|100%| E|CS|TAMS 0x0000000089100000, 0x0000000089100000| Complete 

Card table byte_map: [0x00000192f8a20000,0x00000192f8e20000] _byte_map_base: 0x00000192f8617000

Marking Bits (Prev, Next): (CMBitMap*) 0x00000192ee4cc9a0, (CMBitMap*) 0x00000192ee4cc9e0
 Prev Bits: [0x00000192f9220000, 0x00000192fb1d8000)
 Next Bits: [0x00000192fb1e0000, 0x00000192fd198000)

Polling page: 0x00000192ee540000

Metaspace:

Usage:
  Non-class:     12.75 MB used.
      Class:      2.00 MB used.
       Both:     14.75 MB used.

Virtual space:
  Non-class space:       64.00 MB reserved,      12.88 MB ( 20%) committed,  1 nodes.
      Class space:        1.00 GB reserved,       2.12 MB ( <1%) committed,  1 nodes.
             Both:        1.06 GB reserved,      15.00 MB (  1%) committed. 

Chunk freelists:
   Non-Class:  2.44 MB
       Class:  1.70 MB
        Both:  4.14 MB

MaxMetaspaceSize: unlimited
CompressedClassSpaceSize: 1.00 GB
Initial GC threshold: 21.00 MB
Current GC threshold: 21.00 MB
CDS: on
MetaspaceReclaimPolicy: balanced
 - commit_granule_bytes: 65536.
 - commit_granule_words: 8192.
 - virtual_space_node_default_size: 8388608.
 - enlarge_chunks_in_place: 1.
 - new_chunks_are_fully_committed: 0.
 - uncommit_free_chunks: 1.
 - use_allocation_guard: 0.


Internal statistics:

num_allocs_failed_limit: 0.
num_arena_births: 310.
num_arena_deaths: 0.
num_vsnodes_births: 2.
num_vsnodes_deaths: 0.
num_space_committed: 240.
num_space_uncommitted: 0.
num_chunks_returned_to_freelist: 0.
num_chunks_taken_from_freelist: 810.
num_chunk_merges: 0.
num_chunk_splits: 580.
num_chunks_enlarged: 451.
num_inconsistent_stats: 0.

CodeHeap 'non-profiled nmethods': size=120000Kb used=1383Kb max_used=1383Kb free=118616Kb
 bounds [0x0000019287ad0000, 0x0000019287d40000, 0x000001928f000000]
CodeHeap 'profiled nmethods': size=120000Kb used=7274Kb max_used=7274Kb free=112726Kb
 bounds [0x0000019280000000, 0x0000019280720000, 0x0000019287530000]
CodeHeap 'non-nmethods': size=5760Kb used=1526Kb max_used=1568Kb free=4233Kb
 bounds [0x0000019287530000, 0x00000192877a0000, 0x0000019287ad0000]
 total_blobs=4377 nmethods=3563 adapters=722
 compilation: enabled
              stopped_count=0, restarted_count=0
 full_count=0

Compilation events (20 events):
Event: 15.004 Thread 0x00000192ffc5b3b0 3553       3       com.sun.prism.d3d.D3DSwapChain::getPhysicalWidth (11 bytes)
Event: 15.005 Thread 0x00000192ffc5b3b0 nmethod 3553 0x000001928070fc10 code [0x000001928070fdc0, 0x000001928070ffa8]
Event: 15.005 Thread 0x00000192ffc5b3b0 3554       3       com.sun.prism.d3d.D3DSwapChain::getPhysicalHeight (11 bytes)
Event: 15.005 Thread 0x00000192ffc5b3b0 nmethod 3554 0x0000019280710090 code [0x0000019280710240, 0x0000019280710428]
Event: 15.133 Thread 0x00000192ffc5b3b0 3556   !   3       com.sun.javafx.sg.prism.NGGroup::renderContent (422 bytes)
Event: 15.137 Thread 0x00000192ffc5b3b0 nmethod 3556 0x0000019280710510 code [0x0000019280710a80, 0x0000019280713e18]
Event: 15.174 Thread 0x00000192ffc5b3b0 3557       3       com.sun.javafx.css.BitSet::contains (63 bytes)
Event: 15.175 Thread 0x00000192ffc5b3b0 nmethod 3557 0x0000019280715010 code [0x0000019280715200, 0x00000192807156e8]
Event: 15.175 Thread 0x00000192ffc5b3b0 3558       3       java.util.ArrayDeque::remove (5 bytes)
Event: 15.175 Thread 0x00000192ffc5b3b0 nmethod 3558 0x0000019280715890 code [0x0000019280715a60, 0x0000019280715d18]
Event: 15.179 Thread 0x00000192ffc5b3b0 3559   !   3       java.util.concurrent.ConcurrentHashMap::replaceNode (437 bytes)
Event: 15.180 Thread 0x00000192ffc5aa40 3560       4       java.util.concurrent.ConcurrentHashMap::addCount (280 bytes)
Event: 15.181 Thread 0x00000192ffc5b3b0 nmethod 3559 0x0000019280715e90 code [0x0000019280716200, 0x0000019280717af8]
Event: 15.181 Thread 0x00000192ffc5b3b0 3561       3       javafx.stage.Window::getScene (11 bytes)
Event: 15.181 Thread 0x00000192ffc5b3b0 nmethod 3561 0x0000019280718810 code [0x00000192807189e0, 0x0000019280718de8]
Event: 15.183 Thread 0x00000192ffc5aa40 nmethod 3560 0x0000019287c29710 code [0x0000019287c298c0, 0x0000019287c29b28]
Event: 15.196 Thread 0x00000192ffc5b3b0 3562       3       com.sun.javafx.tk.quantum.PaintCollector::setDirty (19 bytes)
Event: 15.196 Thread 0x00000192ffc5b3b0 nmethod 3562 0x0000019280718f10 code [0x0000019280719100, 0x0000019280719848]
Event: 15.197 Thread 0x00000192ffc5b3b0 3563       3       jdk.internal.loader.NativeLibraries::find (70 bytes)
Event: 15.197 Thread 0x00000192ffc5b3b0 nmethod 3563 0x0000019280719b10 code [0x0000019280719d40, 0x000001928071a578]

GC Heap History (4 events):
Event: 0.838 GC heap before
{Heap before GC invocations=0 (full 0):
 garbage-first heap   total 131072K, used 22528K [0x0000000081200000, 0x0000000100000000)
  region size 1024K, 23 young (23552K), 0 survivors (0K)
 Metaspace       used 5820K, committed 6016K, reserved 1114112K
  class space    used 712K, committed 832K, reserved 1048576K
}
Event: 0.842 GC heap after
{Heap after GC invocations=1 (full 0):
 garbage-first heap   total 131072K, used 2815K [0x0000000081200000, 0x0000000100000000)
  region size 1024K, 3 young (3072K), 3 survivors (3072K)
 Metaspace       used 5820K, committed 6016K, reserved 1114112K
  class space    used 712K, committed 832K, reserved 1048576K
}
Event: 10.366 GC heap before
{Heap before GC invocations=1 (full 0):
 garbage-first heap   total 131072K, used 45823K [0x0000000081200000, 0x0000000100000000)
  region size 1024K, 37 young (37888K), 3 survivors (3072K)
 Metaspace       used 14592K, committed 14912K, reserved 1114112K
  class space    used 2040K, committed 2176K, reserved 1048576K
}
Event: 10.375 GC heap after
{Heap after GC invocations=2 (full 0):
 garbage-first heap   total 131072K, used 15445K [0x0000000081200000, 0x0000000100000000)
  region size 1024K, 5 young (5120K), 5 survivors (5120K)
 Metaspace       used 14592K, committed 14912K, reserved 1114112K
  class space    used 2040K, committed 2176K, reserved 1048576K
}

Dll operation events (20 events):
Event: 0.491 Loaded shared library C:\Users\Gabriel\.openjfx\cache\13\api-ms-win-crt-filesystem-l1-1-0.dll
Event: 0.495 Loaded shared library C:\Users\Gabriel\.openjfx\cache\13\api-ms-win-crt-heap-l1-1-0.dll
Event: 0.501 Loaded shared library C:\Users\Gabriel\.openjfx\cache\13\api-ms-win-crt-locale-l1-1-0.dll
Event: 0.505 Loaded shared library C:\Users\Gabriel\.openjfx\cache\13\api-ms-win-crt-math-l1-1-0.dll
Event: 0.509 Loaded shared library C:\Users\Gabriel\.openjfx\cache\13\api-ms-win-crt-multibyte-l1-1-0.dll
Event: 0.513 Loaded shared library C:\Users\Gabriel\.openjfx\cache\13\api-ms-win-crt-private-l1-1-0.dll
Event: 0.517 Loaded shared library C:\Users\Gabriel\.openjfx\cache\13\api-ms-win-crt-process-l1-1-0.dll
Event: 0.521 Loaded shared library C:\Users\Gabriel\.openjfx\cache\13\api-ms-win-crt-runtime-l1-1-0.dll
Event: 0.525 Loaded shared library C:\Users\Gabriel\.openjfx\cache\13\api-ms-win-crt-stdio-l1-1-0.dll
Event: 0.528 Loaded shared library C:\Users\Gabriel\.openjfx\cache\13\api-ms-win-crt-string-l1-1-0.dll
Event: 0.532 Loaded shared library C:\Users\Gabriel\.openjfx\cache\13\api-ms-win-crt-time-l1-1-0.dll
Event: 0.537 Loaded shared library C:\Users\Gabriel\.openjfx\cache\13\api-ms-win-crt-utility-l1-1-0.dll
Event: 0.555 Loaded shared library C:\Users\Gabriel\.openjfx\cache\13\ucrtbase.dll
Event: 0.559 Loaded shared library C:\Users\Gabriel\.openjfx\cache\13\vcruntime140.dll
Event: 0.569 Loaded shared library C:\Users\Gabriel\.openjfx\cache\13\msvcp140.dll
Event: 0.576 Loaded shared library C:\Users\Gabriel\.openjfx\cache\13\concrt140.dll
Event: 0.615 Loaded shared library C:\Users\Gabriel\.openjfx\cache\13\prism_d3d.dll
Event: 0.660 Loaded shared library C:\Users\Gabriel\.openjfx\cache\13\glass.dll
Event: 0.866 Loaded shared library C:\Users\Gabriel\.openjfx\cache\13\javafx_font.dll
Event: 1.253 Loaded shared library C:\Program Files\Java\jdk-19\bin\jimage.dll

Deoptimization events (20 events):
Event: 4.674 Thread 0x0000019293830340 DEOPT PACKING pc=0x000001928041dada sp=0x00000050001fdf40
Event: 4.674 Thread 0x0000019293830340 DEOPT UNPACKING pc=0x0000019287597543 sp=0x00000050001fd378 mode 0
Event: 4.680 Thread 0x0000019293830340 DEOPT PACKING pc=0x000001928041dada sp=0x00000050001fdc50
Event: 4.680 Thread 0x0000019293830340 DEOPT UNPACKING pc=0x0000019287597543 sp=0x00000050001fd088 mode 0
Event: 7.137 Thread 0x0000019293b69950 Uncommon trap: trap_request=0xffffffd6 fr.pc=0x0000019287bdbd70 relative=0x00000000000002b0
Event: 7.137 Thread 0x0000019293b69950 Uncommon trap: reason=array_check action=maybe_recompile pc=0x0000019287bdbd70 method=javafx.css.SimpleSelector.applies(Ljavafx/css/Styleable;[Ljava/util/Set;I)Z @ 37 c2
Event: 7.137 Thread 0x0000019293b69950 DEOPT PACKING pc=0x0000019287bdbd70 sp=0x00000050005f8e90
Event: 7.137 Thread 0x0000019293b69950 DEOPT UNPACKING pc=0x0000019287596da3 sp=0x00000050005f8e38 mode 2
Event: 7.137 Thread 0x0000019293b69950 Uncommon trap: trap_request=0xffffffd6 fr.pc=0x0000019287bdbd70 relative=0x00000000000002b0
Event: 7.137 Thread 0x0000019293b69950 Uncommon trap: reason=array_check action=maybe_recompile pc=0x0000019287bdbd70 method=javafx.css.SimpleSelector.applies(Ljavafx/css/Styleable;[Ljava/util/Set;I)Z @ 37 c2
Event: 7.137 Thread 0x0000019293b69950 DEOPT PACKING pc=0x0000019287bdbd70 sp=0x00000050005f8d90
Event: 7.137 Thread 0x0000019293b69950 DEOPT UNPACKING pc=0x0000019287596da3 sp=0x00000050005f8d38 mode 2
Event: 7.137 Thread 0x0000019293b69950 Uncommon trap: trap_request=0xffffffd6 fr.pc=0x0000019287bdbd70 relative=0x00000000000002b0
Event: 7.137 Thread 0x0000019293b69950 Uncommon trap: reason=array_check action=maybe_recompile pc=0x0000019287bdbd70 method=javafx.css.SimpleSelector.applies(Ljavafx/css/Styleable;[Ljava/util/Set;I)Z @ 37 c2
Event: 7.137 Thread 0x0000019293b69950 DEOPT PACKING pc=0x0000019287bdbd70 sp=0x00000050005f8d90
Event: 7.137 Thread 0x0000019293b69950 DEOPT UNPACKING pc=0x0000019287596da3 sp=0x00000050005f8d38 mode 2
Event: 7.137 Thread 0x0000019293b69950 Uncommon trap: trap_request=0xffffffd6 fr.pc=0x0000019287bdbd70 relative=0x00000000000002b0
Event: 7.137 Thread 0x0000019293b69950 Uncommon trap: reason=array_check action=maybe_recompile pc=0x0000019287bdbd70 method=javafx.css.SimpleSelector.applies(Ljavafx/css/Styleable;[Ljava/util/Set;I)Z @ 37 c2
Event: 7.137 Thread 0x0000019293b69950 DEOPT PACKING pc=0x0000019287bdbd70 sp=0x00000050005f8e00
Event: 7.137 Thread 0x0000019293b69950 DEOPT UNPACKING pc=0x0000019287596da3 sp=0x00000050005f8da8 mode 2

Classes loaded (20 events):
Event: 2.833 Loading class sun/util/resources/LocaleData$LocaleDataResourceBundleProvider done
Event: 2.833 Loading class sun/util/resources/LocaleData$CommonResourceBundleProvider done
Event: 2.834 Loading class sun/text/resources/BreakIteratorInfo
Event: 2.834 Loading class sun/text/resources/BreakIteratorInfo done
Event: 2.834 Loading class sun/text/resources/BreakIteratorResources
Event: 2.834 Loading class sun/util/resources/BreakIteratorResourceBundle
Event: 2.835 Loading class sun/util/resources/BreakIteratorResourceBundle done
Event: 2.835 Loading class sun/text/resources/BreakIteratorResources done
Event: 2.835 Loading class sun/util/resources/Bundles$2
Event: 2.835 Loading class sun/util/resources/Bundles$2 done
Event: 2.836 Loading class sun/text/RuleBasedBreakIterator
Event: 2.836 Loading class sun/text/RuleBasedBreakIterator done
Event: 2.837 Loading class sun/text/CompactByteArray
Event: 2.837 Loading class sun/text/CompactByteArray done
Event: 2.837 Loading class sun/text/SupplementaryCharacterData
Event: 2.837 Loading class sun/text/SupplementaryCharacterData done
Event: 2.837 Loading class java/text/BreakIterator$BreakIteratorCache
Event: 2.837 Loading class java/text/BreakIterator$BreakIteratorCache done
Event: 15.199 Loading class java/util/LinkedList$ListItr
Event: 15.199 Loading class java/util/LinkedList$ListItr done

Classes unloaded (0 events):
No events

Classes redefined (0 events):
No events

Internal exceptions (20 events):
Event: 1.255 Thread 0x0000019293b69950 Exception <a 'sun/nio/fs/WindowsException'{0x000000008877f2a0}> (0x000000008877f2a0) 
thrown [s\open\src\hotspot\share\prims\jni.cpp, line 517]
Event: 1.289 Thread 0x0000019293b69950 Implicit null exception at 0x0000019287b2f92c to 0x0000019287b2fbb8
Event: 1.415 Thread 0x0000019293b69950 Implicit null exception at 0x0000019287b28712 to 0x0000019287b28dc0
Event: 1.487 Thread 0x0000019293b69950 Exception <a 'java/lang/NoSuchMethodError'{0x00000000880ef738}: 'java.lang.Object java.lang.invoke.DirectMethodHandle$Holder.invokeInterface(java.lang.Object, java.lang.Object, java.lang.Object)'> (0x00000000880ef738) 
thrown [s\open\src\hotspot\share\interpreter\linkResolver.cpp, line 774]
Event: 1.487 Thread 0x0000019293b69950 Exception <a 'java/lang/IncompatibleClassChangeError'{0x00000000880f30c8}: Found class java.lang.Object, but interface was expected> (0x00000000880f30c8) 
thrown [s\open\src\hotspot\share\interpreter\linkResolver.cpp, line 841]
Event: 1.538 Thread 0x0000019293b69950 Exception <a 'java/lang/NoSuchMethodError'{0x0000000087e3a400}: 'int java.lang.invoke.DirectMethodHandle$Holder.invokeSpecial(java.lang.Object, java.lang.Object, int)'> (0x0000000087e3a400) 
thrown [s\open\src\hotspot\share\interpreter\linkResolver.cpp, line 774]
Event: 1.539 Thread 0x0000019293b69950 Exception <a 'java/lang/NoSuchMethodError'{0x0000000087e42968}: 'int java.lang.invoke.DirectMethodHandle$Holder.invokeSpecial(java.lang.Object, java.lang.Object, java.lang.Object, int)'> (0x0000000087e42968) 
thrown [s\open\src\hotspot\share\interpreter\linkResolver.cpp, line 774]
Event: 1.540 Thread 0x0000019293b69950 Exception <a 'java/lang/NoSuchMethodError'{0x0000000087e54d90}: 'java.lang.Object java.lang.invoke.DirectMethodHandle$Holder.invokeStatic(java.lang.Object, java.lang.Object, java.lang.Object, java.lang.Object, int)'> (0x0000000087e54d90) 
thrown [s\open\src\hotspot\share\interpreter\linkResolver.cpp, line 774]
Event: 1.541 Thread 0x0000019293b69950 Exception <a 'java/lang/NoSuchMethodError'{0x0000000087e5d7c0}: 'int java.lang.invoke.DirectMethodHandle$Holder.invokeSpecial(java.lang.Object, java.lang.Object, java.lang.Object)'> (0x0000000087e5d7c0) 
thrown [s\open\src\hotspot\share\interpreter\linkResolver.cpp, line 774]
Event: 1.567 Thread 0x0000019293b69950 Exception <a 'java/lang/NoSuchMethodError'{0x0000000087d10028}: 'java.lang.Object java.lang.invoke.DirectMethodHandle$Holder.newInvokeSpecial(java.lang.Object, java.lang.Object, int)'> (0x0000000087d10028) 
thrown [s\open\src\hotspot\share\interpreter\linkResolver.cpp, line 774]
Event: 1.663 Thread 0x0000019293b69950 Exception <a 'java/lang/ClassNotFoundException'{0x0000000087b7d640}: com/sun/javafx/scene/control/skin/resources/controls> (0x0000000087b7d640) 
thrown [s\open\src\hotspot\share\prims\jni.cpp, line 536]
Event: 1.664 Thread 0x0000019293b69950 Exception <a 'java/lang/ClassNotFoundException'{0x0000000087b8af78}: com/sun/javafx/scene/control/skin/resources/controls_pt> (0x0000000087b8af78) 
thrown [s\open\src\hotspot\share\prims\jni.cpp, line 536]
Event: 1.664 Thread 0x0000019293b69950 Exception <a 'java/lang/ClassNotFoundException'{0x0000000087b8bf20}: com/sun/javafx/scene/control/skin/resources/controls_pt_BR> (0x0000000087b8bf20) 
thrown [s\open\src\hotspot\share\prims\jni.cpp, line 536]
Event: 1.713 Thread 0x0000019293b69950 Exception <a 'java/lang/NoSuchMethodError'{0x000000008760d1d8}: 'void java.lang.invoke.DirectMethodHandle$Holder.invokeSpecial(java.lang.Object, java.lang.Object, java.lang.Object, java.lang.Object, java.lang.Object, java.lang.Object)'> (0x000000008760d1d8) 
thrown [s\open\src\hotspot\share\interpreter\linkResolver.cpp, line 774]
Event: 1.812 Thread 0x0000019293830340 Exception <a 'java/lang/NoSuchMethodError'{0x000000008734a050}: 'int java.lang.invoke.DirectMethodHandle$Holder.invokeStaticInit(java.lang.Object, java.lang.Object)'> (0x000000008734a050) 
thrown [s\open\src\hotspot\share\interpreter\linkResolver.cpp, line 774]
Event: 1.839 Thread 0x0000019293830340 Exception <a 'java/lang/NoSuchMethodError'{0x00000000873cdae0}: 'java.lang.Object java.lang.invoke.Invokers$Holder.invokeExact_MT(java.lang.Object, java.lang.Object, java.lang.Object, java.lang.Object, java.lang.Object)'> (0x00000000873cdae0) 
thrown [s\open\src\hotspot\share\interpreter\linkResolver.cpp, line 774]
Event: 2.839 Thread 0x0000019293b69950 Exception <a 'java/lang/NoSuchMethodError'{0x00000000870bb588}: 'long java.lang.invoke.DirectMethodHandle$Holder.invokeStatic(java.lang.Object, java.lang.Object, java.lang.Object)'> (0x00000000870bb588) 
thrown [s\open\src\hotspot\share\interpreter\linkResolver.cpp, line 774]
Event: 2.840 Thread 0x0000019293b69950 Exception <a 'java/lang/NoSuchMethodError'{0x00000000870beeb0}: 'long java.lang.invoke.DirectMethodHandle$Holder.invokeStaticInit(java.lang.Object, java.lang.Object, java.lang.Object)'> (0x00000000870beeb0) 
thrown [s\open\src\hotspot\share\interpreter\linkResolver.cpp, line 774]
Event: 2.841 Thread 0x0000019293b69950 Exception <a 'java/lang/NoSuchMethodError'{0x00000000870d7600}: 'java.lang.Object java.lang.invoke.DirectMethodHandle$Holder.newInvokeSpecial(java.lang.Object, java.lang.Object, long)'> (0x00000000870d7600) 
thrown [s\open\src\hotspot\share\interpreter\linkResolver.cpp, line 774]
Event: 2.841 Thread 0x0000019293b69950 Exception <a 'java/lang/NoSuchMethodError'{0x00000000870db188}: 'java.lang.Object java.lang.invoke.Invokers$Holder.linkToTargetMethod(java.lang.Object, long, java.lang.Object)'> (0x00000000870db188) 
thrown [s\open\src\hotspot\share\interpreter\linkResolver.cpp, line 774]

VM Operations (20 events):
Event: 5.803 Executing VM operation: Cleanup done
Event: 6.803 Executing VM operation: Cleanup
Event: 6.803 Executing VM operation: Cleanup done
Event: 7.803 Executing VM operation: Cleanup
Event: 7.803 Executing VM operation: Cleanup done
Event: 8.803 Executing VM operation: Cleanup
Event: 8.804 Executing VM operation: Cleanup done
Event: 10.366 Executing VM operation: G1CollectForAllocation
Event: 10.375 Executing VM operation: G1CollectForAllocation done
Event: 10.975 Executing VM operation: ICBufferFull
Event: 10.975 Executing VM operation: ICBufferFull done
Event: 11.646 Executing VM operation: ICBufferFull
Event: 11.646 Executing VM operation: ICBufferFull done
Event: 12.647 Executing VM operation: Cleanup
Event: 12.647 Executing VM operation: Cleanup done
Event: 13.647 Executing VM operation: Cleanup
Event: 13.647 Executing VM operation: Cleanup done
Event: 14.647 Executing VM operation: Cleanup
Event: 14.647 Executing VM operation: Cleanup done
Event: 15.199 Executing VM operation: Exit

Events (20 events):
Event: 0.232 Thread 0x00000192934674c0 Thread added: 0x00000192934674c0
Event: 0.550 Thread 0x00000192931b52c0 Thread exited: 0x00000192931b52c0
Event: 0.606 Thread 0x0000019293830340 Thread added: 0x0000019293830340
Event: 0.662 Thread 0x0000019293acc7e0 Thread added: 0x0000019293acc7e0
Event: 0.665 Thread 0x0000019293b69950 Thread added: 0x0000019293b69950
Event: 0.732 Thread 0x0000019293ce33b0 Thread added: 0x0000019293ce33b0
Event: 0.751 Thread 0x0000019293ce38f0 Thread added: 0x0000019293ce38f0
Event: 1.483 Thread 0x0000019293f41070 Thread added: 0x0000019293f41070
Event: 1.885 Thread 0x0000019293f40b20 Thread added: 0x0000019293f40b20
Event: 2.150 Thread 0x000001929315bd90 Thread exited: 0x000001929315bd90
Event: 4.639 Thread 0x000001929423ce20 Thread added: 0x000001929423ce20
Event: 4.982 Thread 0x000001929423ce20 Thread exited: 0x000001929423ce20
Event: 7.144 Thread 0x0000019294143820 Thread added: 0x0000019294143820
Event: 7.358 Thread 0x0000019294143820 Thread exited: 0x0000019294143820
Event: 10.557 Thread 0x0000019293e3d960 Thread added: 0x0000019293e3d960
Event: 11.750 Thread 0x0000019293e3d960 Thread exited: 0x0000019293e3d960
Event: 15.197 Thread 0x0000019293f40080 Thread added: 0x0000019293f40080
Event: 15.197 Thread 0x0000019293f3e0a0 Thread added: 0x0000019293f3e0a0
Event: 15.198 Thread 0x0000019293f40080 Thread exited: 0x0000019293f40080
Event: 15.199 Thread 0x0000019293f3e0a0 Thread exited: 0x0000019293f3e0a0


Dynamic libraries:
0x00007ff6bc370000 - 0x00007ff6bc380000 	C:\Program Files\Java\jdk-19\bin\java.exe
0x00007ffbe8630000 - 0x00007ffbe8828000 	C:\Windows\SYSTEM32\ntdll.dll
0x00007ffbe69e0000 - 0x00007ffbe6a9f000 	C:\Windows\System32\KERNEL32.DLL
0x00007ffbe6170000 - 0x00007ffbe6442000 	C:\Windows\System32\KERNELBASE.dll
0x00007ffbe6530000 - 0x00007ffbe6630000 	C:\Windows\System32\ucrtbase.dll
0x00007ffbd40c0000 - 0x00007ffbd40db000 	C:\Program Files\Java\jdk-19\bin\VCRUNTIME140.dll
0x00007ffbd41f0000 - 0x00007ffbd4208000 	C:\Program Files\Java\jdk-19\bin\jli.dll
0x00007ffbe6bd0000 - 0x00007ffbe6c7e000 	C:\Windows\System32\ADVAPI32.dll
0x00007ffbe8420000 - 0x00007ffbe84be000 	C:\Windows\System32\msvcrt.dll
0x00007ffbe6fb0000 - 0x00007ffbe704c000 	C:\Windows\System32\sechost.dll
0x00007ffbe84c0000 - 0x00007ffbe85e5000 	C:\Windows\System32\RPCRT4.dll
0x00007ffbe8200000 - 0x00007ffbe839d000 	C:\Windows\System32\USER32.dll
0x00007ffbd70e0000 - 0x00007ffbd737a000 	C:\Windows\WinSxS\amd64_microsoft.windows.common-controls_6595b64144ccf1df_6.0.19041.1110_none_60b5254171f9507e\COMCTL32.dll
0x00007ffbe6450000 - 0x00007ffbe6472000 	C:\Windows\System32\win32u.dll
0x00007ffbe81d0000 - 0x00007ffbe81fb000 	C:\Windows\System32\GDI32.dll
0x00007ffbe5f20000 - 0x00007ffbe602f000 	C:\Windows\System32\gdi32full.dll
0x00007ffbe6060000 - 0x00007ffbe60fd000 	C:\Windows\System32\msvcp_win.dll
0x00007ffbdde50000 - 0x00007ffbdde5a000 	C:\Windows\SYSTEM32\VERSION.dll
0x00007ffbe6dc0000 - 0x00007ffbe6df2000 	C:\Windows\System32\IMM32.DLL
0x00007ffbdfd00000 - 0x00007ffbdfd0c000 	C:\Program Files\Java\jdk-19\bin\vcruntime140_1.dll
0x00007ffbc6420000 - 0x00007ffbc64ae000 	C:\Program Files\Java\jdk-19\bin\msvcp140.dll
0x00007ffbb7860000 - 0x00007ffbb8520000 	C:\Program Files\Java\jdk-19\bin\server\jvm.dll
0x00007ffbe0400000 - 0x00007ffbe0409000 	C:\Windows\SYSTEM32\WSOCK32.dll
0x00007ffbd8810000 - 0x00007ffbd8837000 	C:\Windows\SYSTEM32\WINMM.dll
0x00007ffbe83a0000 - 0x00007ffbe840b000 	C:\Windows\System32\WS2_32.dll
0x00007ffbe4570000 - 0x00007ffbe4582000 	C:\Windows\SYSTEM32\kernel.appcore.dll
0x00007ffbdfca0000 - 0x00007ffbdfcaa000 	C:\Program Files\Java\jdk-19\bin\jimage.dll
0x00007ffbd2850000 - 0x00007ffbd2a34000 	C:\Windows\SYSTEM32\DBGHELP.DLL
0x00007ffbd23f0000 - 0x00007ffbd241c000 	C:\Windows\SYSTEM32\dbgcore.DLL
0x00007ffbe5d30000 - 0x00007ffbe5db2000 	C:\Windows\System32\bcryptPrimitives.dll
0x00007ffbd21f0000 - 0x00007ffbd2216000 	C:\Program Files\Java\jdk-19\bin\java.dll
0x00007ffbc3690000 - 0x00007ffbc3767000 	C:\Program Files\Java\jdk-19\bin\jsvml.dll
0x00007ffbe7810000 - 0x00007ffbe7f53000 	C:\Windows\System32\SHELL32.dll
0x00007ffbe3dd0000 - 0x00007ffbe4562000 	C:\Windows\SYSTEM32\windows.storage.dll
0x00007ffbe6680000 - 0x00007ffbe69d4000 	C:\Windows\System32\combase.dll
0x00007ffbe5790000 - 0x00007ffbe57c0000 	C:\Windows\SYSTEM32\Wldp.dll
0x00007ffbe6d10000 - 0x00007ffbe6dbd000 	C:\Windows\System32\SHCORE.dll
0x00007ffbe8090000 - 0x00007ffbe80e5000 	C:\Windows\System32\shlwapi.dll
0x00007ffbe5c70000 - 0x00007ffbe5c8f000 	C:\Windows\SYSTEM32\profapi.dll
0x00007ffbd3f70000 - 0x00007ffbd3f83000 	C:\Program Files\Java\jdk-19\bin\net.dll
0x00007ffbd9bd0000 - 0x00007ffbd9cdc000 	C:\Windows\SYSTEM32\WINHTTP.dll
0x00007ffbe54f0000 - 0x00007ffbe555a000 	C:\Windows\system32\mswsock.dll
0x00007ffbd2150000 - 0x00007ffbd2166000 	C:\Program Files\Java\jdk-19\bin\nio.dll
0x00007ffbd2130000 - 0x00007ffbd2148000 	C:\Program Files\Java\jdk-19\bin\zip.dll
0x00000192ffe00000 - 0x00000192ffe03000 	C:\Users\Gabriel\.openjfx\cache\13\api-ms-win-core-console-l1-1-0.dll
0x00000192ffe10000 - 0x00000192ffe13000 	C:\Users\Gabriel\.openjfx\cache\13\api-ms-win-core-datetime-l1-1-0.dll
0x00000192ffe20000 - 0x00000192ffe23000 	C:\Users\Gabriel\.openjfx\cache\13\api-ms-win-core-debug-l1-1-0.dll
0x00000192ffe30000 - 0x00000192ffe33000 	C:\Users\Gabriel\.openjfx\cache\13\api-ms-win-core-errorhandling-l1-1-0.dll
0x00000192ffe40000 - 0x00000192ffe44000 	C:\Users\Gabriel\.openjfx\cache\13\api-ms-win-core-file-l1-1-0.dll
0x00000192ffe50000 - 0x00000192ffe53000 	C:\Users\Gabriel\.openjfx\cache\13\api-ms-win-core-file-l1-2-0.dll
0x00000192ffe60000 - 0x00000192ffe63000 	C:\Users\Gabriel\.openjfx\cache\13\api-ms-win-core-file-l2-1-0.dll
0x00000192ffe70000 - 0x00000192ffe73000 	C:\Users\Gabriel\.openjfx\cache\13\api-ms-win-core-handle-l1-1-0.dll
0x00000192ffe80000 - 0x00000192ffe83000 	C:\Users\Gabriel\.openjfx\cache\13\api-ms-win-core-heap-l1-1-0.dll
0x00000192ffe90000 - 0x00000192ffe93000 	C:\Users\Gabriel\.openjfx\cache\13\api-ms-win-core-interlocked-l1-1-0.dll
0x00000192ffea0000 - 0x00000192ffea3000 	C:\Users\Gabriel\.openjfx\cache\13\api-ms-win-core-libraryloader-l1-1-0.dll
0x00000192ffeb0000 - 0x00000192ffeb3000 	C:\Users\Gabriel\.openjfx\cache\13\api-ms-win-core-localization-l1-2-0.dll
0x00000192ffec0000 - 0x00000192ffec3000 	C:\Users\Gabriel\.openjfx\cache\13\api-ms-win-core-memory-l1-1-0.dll
0x00000192ffed0000 - 0x00000192ffed3000 	C:\Users\Gabriel\.openjfx\cache\13\api-ms-win-core-namedpipe-l1-1-0.dll
0x00000192ffee0000 - 0x00000192ffee3000 	C:\Users\Gabriel\.openjfx\cache\13\api-ms-win-core-processenvironment-l1-1-0.dll
0x00000192ffef0000 - 0x00000192ffef3000 	C:\Users\Gabriel\.openjfx\cache\13\api-ms-win-core-processthreads-l1-1-0.dll
0x00000192fff00000 - 0x00000192fff03000 	C:\Users\Gabriel\.openjfx\cache\13\api-ms-win-core-processthreads-l1-1-1.dll
0x00000192fff10000 - 0x00000192fff13000 	C:\Users\Gabriel\.openjfx\cache\13\api-ms-win-core-profile-l1-1-0.dll
0x00000192fff20000 - 0x00000192fff23000 	C:\Users\Gabriel\.openjfx\cache\13\api-ms-win-core-rtlsupport-l1-1-0.dll
0x00000192fff30000 - 0x00000192fff33000 	C:\Users\Gabriel\.openjfx\cache\13\api-ms-win-core-string-l1-1-0.dll
0x00000192fff40000 - 0x00000192fff43000 	C:\Users\Gabriel\.openjfx\cache\13\api-ms-win-core-synch-l1-1-0.dll
0x00000192fff50000 - 0x00000192fff53000 	C:\Users\Gabriel\.openjfx\cache\13\api-ms-win-core-synch-l1-2-0.dll
0x00000192fff60000 - 0x00000192fff63000 	C:\Users\Gabriel\.openjfx\cache\13\api-ms-win-core-sysinfo-l1-1-0.dll
0x00000192fff70000 - 0x00000192fff73000 	C:\Users\Gabriel\.openjfx\cache\13\api-ms-win-core-timezone-l1-1-0.dll
0x00000192fff80000 - 0x00000192fff83000 	C:\Users\Gabriel\.openjfx\cache\13\api-ms-win-core-util-l1-1-0.dll
0x00000192fff90000 - 0x00000192fff93000 	C:\Users\Gabriel\.openjfx\cache\13\api-ms-win-crt-conio-l1-1-0.dll
0x00000192fffa0000 - 0x00000192fffa4000 	C:\Users\Gabriel\.openjfx\cache\13\api-ms-win-crt-convert-l1-1-0.dll
0x00000192fffb0000 - 0x00000192fffb3000 	C:\Users\Gabriel\.openjfx\cache\13\api-ms-win-crt-environment-l1-1-0.dll
0x00000192fffc0000 - 0x00000192fffc3000 	C:\Users\Gabriel\.openjfx\cache\13\api-ms-win-crt-filesystem-l1-1-0.dll
0x00000192fffd0000 - 0x00000192fffd3000 	C:\Users\Gabriel\.openjfx\cache\13\api-ms-win-crt-heap-l1-1-0.dll
0x00000192fffe0000 - 0x00000192fffe3000 	C:\Users\Gabriel\.openjfx\cache\13\api-ms-win-crt-locale-l1-1-0.dll
0x00000192ffff0000 - 0x00000192ffff5000 	C:\Users\Gabriel\.openjfx\cache\13\api-ms-win-crt-math-l1-1-0.dll
0x0000019294bd0000 - 0x0000019294bd5000 	C:\Users\Gabriel\.openjfx\cache\13\api-ms-win-crt-multibyte-l1-1-0.dll
0x0000019294be0000 - 0x0000019294bf0000 	C:\Users\Gabriel\.openjfx\cache\13\api-ms-win-crt-private-l1-1-0.dll
0x0000019294bf0000 - 0x0000019294bf3000 	C:\Users\Gabriel\.openjfx\cache\13\api-ms-win-crt-process-l1-1-0.dll
0x0000019294c00000 - 0x0000019294c04000 	C:\Users\Gabriel\.openjfx\cache\13\api-ms-win-crt-runtime-l1-1-0.dll
0x0000019294c10000 - 0x0000019294c14000 	C:\Users\Gabriel\.openjfx\cache\13\api-ms-win-crt-stdio-l1-1-0.dll
0x0000019294c20000 - 0x0000019294c24000 	C:\Users\Gabriel\.openjfx\cache\13\api-ms-win-crt-string-l1-1-0.dll
0x0000019294c30000 - 0x0000019294c33000 	C:\Users\Gabriel\.openjfx\cache\13\api-ms-win-crt-time-l1-1-0.dll
0x0000019294c40000 - 0x0000019294c43000 	C:\Users\Gabriel\.openjfx\cache\13\api-ms-win-crt-utility-l1-1-0.dll
0x00007ffbbf640000 - 0x00007ffbbf73c000 	C:\Users\Gabriel\.openjfx\cache\13\ucrtbase.dll
0x00007ffbcbd80000 - 0x00007ffbcbd95000 	C:\Users\Gabriel\.openjfx\cache\13\vcruntime140.dll
0x00007ffbc35f0000 - 0x00007ffbc368b000 	C:\Users\Gabriel\.openjfx\cache\13\msvcp140.dll
0x00007ffbc63c0000 - 0x00007ffbc6411000 	C:\Users\Gabriel\.openjfx\cache\13\concrt140.dll
0x00007ffbc2d00000 - 0x00007ffbc2d23000 	C:\Users\Gabriel\.openjfx\cache\13\prism_d3d.dll
0x00007ffbd2220000 - 0x00007ffbd23ef000 	C:\Windows\system32\d3d9.dll
0x00007ffbe3900000 - 0x00007ffbe392f000 	C:\Windows\SYSTEM32\dwmapi.dll
0x00007ffbe3720000 - 0x00007ffbe37be000 	C:\Windows\system32\uxtheme.dll
0x00007ffb65c40000 - 0x00007ffb6b44d000 	C:\Windows\System32\DriverStore\FileRepository\igdlh64.inf_amd64_6d1fd205efa7f979\igdumdim64.dll
0x00007ffbe7f60000 - 0x00007ffbe802d000 	C:\Windows\System32\OLEAUT32.dll
0x00007ffbe7060000 - 0x00007ffbe718a000 	C:\Windows\System32\ole32.dll
0x00007ffbe7280000 - 0x00007ffbe76e8000 	C:\Windows\System32\SETUPAPI.dll
0x00007ffbe6630000 - 0x00007ffbe667e000 	C:\Windows\System32\cfgmgr32.dll
0x00007ffbe6030000 - 0x00007ffbe6057000 	C:\Windows\System32\bcrypt.dll
0x00007ffbc2cb0000 - 0x00007ffbc2cf5000 	C:\Users\Gabriel\.openjfx\cache\13\glass.dll
0x00007ffbe7190000 - 0x00007ffbe726a000 	C:\Windows\System32\COMDLG32.dll
0x00007ffbe76f0000 - 0x00007ffbe7805000 	C:\Windows\System32\MSCTF.dll
0x00007ffbd8840000 - 0x00007ffbd999e000 	C:\Windows\System32\DriverStore\FileRepository\igdlh64.inf_amd64_6d1fd205efa7f979\igc64.dll
0x00007ffbdb820000 - 0x00007ffbdb85b000 	C:\Windows\SYSTEM32\dxcore.dll
0x00007ffbcbd60000 - 0x00007ffbcbd74000 	C:\Users\Gabriel\.openjfx\cache\13\javafx_font.dll
0x00007ffbca680000 - 0x00007ffbca8ff000 	C:\Windows\SYSTEM32\dwrite.dll
0x00007ffbe6aa0000 - 0x00007ffbe6b4f000 	C:\Windows\System32\clbcatq.dll
0x00007ffbde9d0000 - 0x00007ffbdeb84000 	C:\Windows\SYSTEM32\WindowsCodecs.dll
0x00007ffbc8420000 - 0x00007ffbc845e000 	C:\Windows\system32\dataexchange.dll
0x00007ffbe2780000 - 0x00007ffbe2963000 	C:\Windows\system32\dcomp.dll
0x00007ffbe1af0000 - 0x00007ffbe1d53000 	C:\Windows\system32\d3d11.dll
0x00007ffbe45f0000 - 0x00007ffbe46e3000 	C:\Windows\system32\dxgi.dll
0x00007ffbdef60000 - 0x00007ffbdf160000 	C:\Windows\system32\twinapi.appcore.dll
0x00007ffbc1930000 - 0x00007ffbc1964000 	C:\Program Files\Common Files\Microsoft Shared\Ink\rtscom.dll
0x00007ffbce590000 - 0x00007ffbce689000 	C:\Windows\SYSTEM32\textinputframework.dll
0x00007ffbe3050000 - 0x00007ffbe3142000 	C:\Windows\System32\CoreMessaging.dll
0x00007ffbe2970000 - 0x00007ffbe2cce000 	C:\Windows\System32\CoreUIComponents.dll
0x00007ffbe4ec0000 - 0x00007ffbe4ef3000 	C:\Windows\SYSTEM32\ntmarta.dll
0x00007ffbe1990000 - 0x00007ffbe1ae4000 	C:\Windows\SYSTEM32\wintypes.dll
0x00007ffbd86f0000 - 0x00007ffbd8756000 	C:\Windows\system32\Oleacc.dll

dbghelp: loaded successfully - version: 4.0.5 - missing functions: none
symbol engine: initialized successfully - sym options: 0x614 - pdb path: .;C:\Program Files\Java\jdk-19\bin;C:\Windows\SYSTEM32;C:\Windows\WinSxS\amd64_microsoft.windows.common-controls_6595b64144ccf1df_6.0.19041.1110_none_60b5254171f9507e;C:\Program Files\Java\jdk-19\bin\server;C:\Users\Gabriel\.openjfx\cache\13;C:\Windows\System32\DriverStore\FileRepository\igdlh64.inf_amd64_6d1fd205efa7f979;C:\Program Files\Common Files\Microsoft Shared\Ink

VM Arguments:
jvm_args: --module-path=C:\Users\Gabriel\Downloads\teste4\Trabalho-Final-POO\batalha-pokemon\target\classes;C:\Users\Gabriel\.m2\repository\org\openjfx\javafx-base\13\javafx-base-13-win.jar;C:\Users\Gabriel\.m2\repository\org\openjfx\javafx-controls\13\javafx-controls-13-win.jar;C:\Users\Gabriel\.m2\repository\org\openjfx\javafx-fxml\13\javafx-fxml-13-win.jar;C:\Users\Gabriel\.m2\repository\org\openjfx\javafx-graphics\13\javafx-graphics-13-win.jar --add-modules=poo -Djdk.module.main=poo 
java_command: poo/poo.App
java_class_path (initial): C:\Users\Gabriel\.m2\repository\org\openjfx\javafx-base\13\javafx-base-13.jar;C:\Users\Gabriel\.m2\repository\org\openjfx\javafx-controls\13\javafx-controls-13.jar;C:\Users\Gabriel\.m2\repository\org\openjfx\javafx-fxml\13\javafx-fxml-13.jar;C:\Users\Gabriel\.m2\repository\org\openjfx\javafx-graphics\13\javafx-graphics-13.jar
Launcher Type: SUN_STANDARD

[Global flags]
     intx CICompilerCount                          = 4                                         {product} {ergonomic}
     uint ConcGCThreads                            = 2                                         {product} {ergonomic}
     uint G1ConcRefinementThreads                  = 8                                         {product} {ergonomic}
   size_t G1HeapRegionSize                         = 1048576                                   {product} {ergonomic}
    uintx GCDrainStackTargetSize                   = 64                                        {product} {ergonomic}
   size_t InitialHeapSize                          = 134217728                                 {product} {ergonomic}
   size_t MarkStackSize                            = 4194304                                   {product} {ergonomic}
   size_t MaxHeapSize                              = 2128609280                                {product} {ergonomic}
   size_t MaxNewSize                               = 1277165568                                {product} {ergonomic}
   size_t MinHeapDeltaBytes                        = 1048576                                   {product} {ergonomic}
   size_t MinHeapSize                              = 8388608                                   {product} {ergonomic}
    uintx NonNMethodCodeHeapSize                   = 5839372                                {pd product} {ergonomic}
    uintx NonProfiledCodeHeapSize                  = 122909434                              {pd product} {ergonomic}
    uintx ProfiledCodeHeapSize                     = 122909434                              {pd product} {ergonomic}
    uintx ReservedCodeCacheSize                    = 251658240                              {pd product} {ergonomic}
     bool SegmentedCodeCache                       = true                                      {product} {ergonomic}
   size_t SoftMaxHeapSize                          = 2128609280                             {manageable} {ergonomic}
     bool UseCompressedClassPointers               = true                           {product lp64_product} {ergonomic}
     bool UseCompressedOops                        = true                           {product lp64_product} {ergonomic}
     bool UseG1GC                                  = true                                      {product} {ergonomic}
     bool UseLargePagesIndividualAllocation        = false                                  {pd product} {ergonomic}

Logging:
Log output configuration:
 #0: stdout all=off uptime,level,tags foldmultilines=false
 #1: stderr all=off uptime,level,tags foldmultilines=false

Environment Variables:
JAVA_HOME=C:\Program Files\Java\jdk-19
PATH=C:\Program Files\Common Files\Oracle\Java\javapath;C:\Program Files\Eclipse Adoptium\jdk-17.0.4.101-hotspot\bin;C:\Program Files (x86)\Common Files\Oracle\Java\javapath;C:\Windows\system32;C:\Windows;C:\Windows\System32\Wbem;C:\Windows\System32\WindowsPowerShell\v1.0\;C:\Windows\System32\OpenSSH\;C:\Program Files\Git\cmd;C:\Users\Gabriel\AppData\Local\Microsoft\WindowsApps;C:\Users\Gabriel\AppData\Local\Programs\Microsoft VS Code\bin;C:\Users\Gabriel\AppData\Local\GitHubDesktop\bin;C:\Program Files (x86)\Maven\apache-maven-3.8.6\bin;C:\Program Files\Java\jdk-19\bin;
USERNAME=Gabriel
LANG=pt_BR.UTF-8
OS=Windows_NT
PROCESSOR_IDENTIFIER=Intel64 Family 6 Model 94 Stepping 3, GenuineIntel
TMP=C:\Users\Gabriel\AppData\Local\Temp
TEMP=C:\Users\Gabriel\AppData\Local\Temp



---------------  S Y S T E M  ---------------

OS:
 Windows 10 , 64 bit Build 19041 (10.0.19041.2251)
OS uptime: 2 days 10:23 hours

CPU: total 8 (initial active 8) (4 cores per cpu, 2 threads per core) family 6 model 94 stepping 3 microcode 0xcc, cx8, cmov, fxsr, ht, mmx, 3dnowpref, sse, sse2, sse3, ssse3, sse4.1, sse4.2, popcnt, lzcnt, tsc, tscinvbit, avx, avx2, aes, erms, clmul, bmi1, bmi2, rtm, adx, fma, vzeroupper, clflush, clflushopt, rdtscp

Memory: 4k page, system-wide physical 8112M (983M free)
TotalPageFile size 19930M (AvailPageFile size 2279M)
current process WorkingSet (physical memory assigned to process): 192M, peak: 195M
current process commit charge ("private bytes"): 320M, peak: 322M

vm_info: Java HotSpot(TM) 64-Bit Server VM (19.0.1+10-21) for windows-amd64 JRE (19.0.1+10-21), built on 2022-09-14T12:45:06Z by "mach5one" with MS VC++ 17.1 (VS2022)

END.
