#
# A fatal error has been detected by the Java Runtime Environment:
#
#  EXCEPTION_ACCESS_VIOLATION (0xc0000005) at pc=0x00007ffbc02866f0, pid=7844, tid=17844
#
# JRE version: Java(TM) SE Runtime Environment (19.0.1+10) (build 19.0.1+10-21)
# Java VM: Java HotSpot(TM) 64-Bit Server VM (19.0.1+10-21, mixed mode, sharing, tiered, compressed oops, compressed class ptrs, g1 gc, windows-amd64)
# Problematic frame:
# C  [glass.dll+0x266f0]
#
# No core dump will be written. Minidumps are not enabled by default on client versions of Windows
#
# If you would like to submit a bug report, please visit:
#   https://bugreport.java.com/bugreport/crash.jsp
#

---------------  S U M M A R Y ------------

Command Line: --module-path=C:\Users\Gabriel\Downloads\teste4\Trabalho-Final-POO\batalha-pokemon\target\classes;C:\Users\Gabriel\.m2\repository\org\openjfx\javafx-base\13\javafx-base-13-win.jar;C:\Users\Gabriel\.m2\repository\org\openjfx\javafx-controls\13\javafx-controls-13-win.jar;C:\Users\Gabriel\.m2\repository\org\openjfx\javafx-fxml\13\javafx-fxml-13-win.jar;C:\Users\Gabriel\.m2\repository\org\openjfx\javafx-graphics\13\javafx-graphics-13-win.jar --add-modules=poo -Djdk.module.main=poo poo/poo.App

Host: Intel(R) Core(TM) i7-6700HQ CPU @ 2.60GHz, 8 cores, 7G,  Windows 10 , 64 bit Build 19041 (10.0.19041.2251)
Time: Wed Nov 30 02:27:48 2022 Hora oficial do Brasil elapsed time: 355.146844 seconds (0d 0h 5m 55s)

---------------  T H R E A D  ---------------

Current thread (0x000002135b56e700):  VMThread "VM Thread" [stack: 0x0000002d5fe00000,0x0000002d5ff00000] [id=17844]

Stack: [0x0000002d5fe00000,0x0000002d5ff00000],  sp=0x0000002d5fefedc0,  free space=1019k
Native frames: (J=compiled Java code, j=interpreted, Vv=VM code, C=native code)
C  [glass.dll+0x266f0]


siginfo: EXCEPTION_ACCESS_VIOLATION (0xc0000005), reading address 0x0000000000000000


Registers:
RAX=0x0000000000000000, RBX=0x000002135b575880, RCX=0x000002135b56e700, RDX=0x0000002d5fefedc0
RSP=0x0000002d5fefedc0, RBP=0x000002136041f938, RSI=0x000002136041f910, RDI=0x000055c524389056
R8 =0x0000000000010002, R9 =0x000055c524389056, R10=0x0000000000008000, R11=0x0000002d5fefed60
R12=0x00007ffbc0283b84, R13=0x00007ffb761172a0, R14=0x0000002d5fefeec8, R15=0x000002136041f910
RIP=0x00007ffbc02866f0, EFLAGS=0x0000000000010206


Register to memory mapping:

RIP=0x00007ffbc02866f0 glass.dll
RAX=0x0 is NULL
RBX=0x000002135b575880 is a global jni handle
RCX=0x000002135b56e700 points into unknown readable memory: 0x00007ffb75f245e8 | e8 45 f2 75 fb 7f 00 00
RDX=0x0000002d5fefedc0 points into unknown readable memory: 0x0000000000000000 | 00 00 00 00 00 00 00 00
RSP=0x0000002d5fefedc0 points into unknown readable memory: 0x0000000000000000 | 00 00 00 00 00 00 00 00
RBP=0x000002136041f938 points into unknown readable memory: 0x000055c524389056 | 56 90 38 24 c5 55 00 00
RSI=0x000002136041f910 points into unknown readable memory: 0xfef05fc8bf389049 | 49 90 38 bf c8 5f f0 fe
RDI=0x000055c524389056 is an unknown value
R8 =0x0000000000010002 is an unknown value
R9 =0x000055c524389056 is an unknown value
R10=0x0000000000008000 is an unknown value
R11=0x0000002d5fefed60 points into unknown readable memory: 0x000002136041f910 | 10 f9 41 60 13 02 00 00
R12=0x00007ffbc0283b84 glass.dll
R13=0x00007ffb761172a0 jvm.dll
R14=0x0000002d5fefeec8 points into unknown readable memory: 0x0000002d5fefeeb0 | b0 ee ef 5f 2d 00 00 00
R15=0x000002136041f910 points into unknown readable memory: 0xfef05fc8bf389049 | 49 90 38 bf c8 5f f0 fe


Top of Stack: (sp=0x0000002d5fefedc0)
0x0000002d5fefedc0:   0000000000000000 00007ffbe653f05b
0x0000002d5fefedd0:   000002136041f920 000002136041f910
0x0000002d5fefede0:   fffffffffffffffe 00007ffbc0283b84
0x0000002d5fefedf0:   000002136041f918 00007ffbe65442d6
0x0000002d5fefee00:   000002136041f920 0000021300000000
0x0000002d5fefee10:   000002136041f938 000002136041f910
0x0000002d5fefee20:   fffffffffffffffe 0000000000000000
0x0000002d5fefee30:   0000000000000001 00007ffbc0260000
0x0000002d5fefee40:   0000002d5fefeeb8 00007ffbe65441fb
0x0000002d5fefee50:   0000000000000000 0000002d5fefeec8
0x0000002d5fefee60:   0000002d5feff180 00007ffbe6620e40
0x0000002d5fefee70:   0000000000000000 00007ffbe65441b4
0x0000002d5fefee80:   0000000000000000 0000000000000001
0x0000002d5fefee90:   0000000000000001 0000002d5fefeeb8
0x0000002d5fefeea0:   0000000000000006 00007ffbc0283a12
0x0000002d5fefeeb0:   00007ffbc029d118 0000002d00000002 

Instructions: (pc=0x00007ffbc02866f0)
0x00007ffbc02865f0:   8b 4d 60 e8 98 c9 ff ff 48 8b 55 68 48 8b 8d 08
0x00007ffbc0286600:   01 00 00 e8 49 be ff ff 33 d2 33 c9 e8 49 de ff
0x00007ffbc0286610:   ff 90 cc cc cc cc cc cc cc cc cc cc cc cc cc cc
0x00007ffbc0286620:   48 8d 8a 80 00 00 00 e9 14 e9 fe ff 48 89 54 24
0x00007ffbc0286630:   10 55 48 83 ec 20 48 8b ea 48 8d 05 dd ca ff ff
0x00007ffbc0286640:   48 83 c4 20 5d c3 cc 40 55 48 8b ea 48 8b 01 33
0x00007ffbc0286650:   c9 81 38 05 00 00 c0 0f 94 c1 8b c1 5d c3 cc 40
0x00007ffbc0286660:   55 48 83 ec 20 48 8b ea 8a 4d 40 48 83 c4 20 5d
0x00007ffbc0286670:   e9 df cd ff ff cc 40 55 48 83 ec 20 48 8b ea e8
0x00007ffbc0286680:   fc cb ff ff 8a 4d 38 48 83 c4 20 5d e9 c3 cd ff
0x00007ffbc0286690:   ff cc 40 55 48 83 ec 30 48 8b ea 48 8b 01 8b 10
0x00007ffbc02866a0:   48 89 4c 24 28 89 54 24 20 4c 8d 0d a4 d1 ff ff
0x00007ffbc02866b0:   4c 8b 45 70 8b 55 68 48 8b 4d 60 e8 30 cb ff ff
0x00007ffbc02866c0:   90 48 83 c4 30 5d c3 cc cc cc cc cc cc cc cc cc
0x00007ffbc02866d0:   40 53 48 83 ec 30 48 c7 44 24 20 fe ff ff ff 48
0x00007ffbc02866e0:   8b 1d 2a 64 01 00 48 85 db 74 16 e8 90 85 ff ff
0x00007ffbc02866f0:   4c 8b 00 48 8b d3 48 8b c8 41 ff 90 b0 00 00 00
0x00007ffbc0286700:   90 48 83 c4 30 5b c3 cc cc cc cc cc cc cc cc cc
0x00007ffbc0286710:   40 53 48 83 ec 20 48 8b 1d 9b 65 01 00 48 85 db
0x00007ffbc0286720:   74 57 b8 ff ff ff ff f0 0f c1 43 10 83 f8 01 75
0x00007ffbc0286730:   3d 48 85 db 74 38 48 8b 0b 48 85 c9 74 0d ff 15
0x00007ffbc0286740:   64 0b 00 00 48 c7 03 00 00 00 00 48 8b 4b 08 48
0x00007ffbc0286750:   85 c9 74 0d e8 37 c8 ff ff 48 c7 43 08 00 00 00
0x00007ffbc0286760:   00 ba 18 00 00 00 48 8b cb e8 22 c8 ff ff 48 c7
0x00007ffbc0286770:   05 3f 65 01 00 00 00 00 00 48 83 c4 20 5b c3 cc
0x00007ffbc0286780:   40 53 48 83 ec 20 48 8b 1d 0b 65 01 00 48 85 db
0x00007ffbc0286790:   74 57 b8 ff ff ff ff f0 0f c1 43 10 83 f8 01 75
0x00007ffbc02867a0:   3d 48 85 db 74 38 48 8b 0b 48 85 c9 74 0d ff 15
0x00007ffbc02867b0:   f4 0a 00 00 48 c7 03 00 00 00 00 48 8b 4b 08 48
0x00007ffbc02867c0:   85 c9 74 0d e8 c7 c7 ff ff 48 c7 43 08 00 00 00
0x00007ffbc02867d0:   00 ba 18 00 00 00 48 8b cb e8 b2 c7 ff ff 48 c7
0x00007ffbc02867e0:   05 af 64 01 00 00 00 00 00 48 83 c4 20 5b c3 cc 


Stack slot to memory mapping:
stack at sp + 0 slots: 0x0 is NULL
stack at sp + 1 slots: 0x00007ffbe653f05b ucrtbase.dll
stack at sp + 2 slots: 0x000002136041f920 points into unknown readable memory: 0x000055c524389056 | 56 90 38 24 c5 55 00 00
stack at sp + 3 slots: 0x000002136041f910 points into unknown readable memory: 0xfef05fc8bf389049 | 49 90 38 bf c8 5f f0 fe
stack at sp + 4 slots: 0xfffffffffffffffe is an unknown value
stack at sp + 5 slots: 0x00007ffbc0283b84 glass.dll
stack at sp + 6 slots: 0x000002136041f918 points into unknown readable memory: 0x000055c524389056 | 56 90 38 24 c5 55 00 00
stack at sp + 7 slots: 0x00007ffbe65442d6 ucrtbase.dll

VM_Operation (0x0000002d60dfcac0): Exit, mode: safepoint, requested by thread 0x0000021360447580


---------------  P R O C E S S  ---------------

Threads class SMR info:
_java_thread_list=0x00000213606276a0, length=19, elements={
0x000002133ab9e790, 0x000002135b587190, 0x000002135b587e80, 0x000002135b58ba30,
0x000002135b58c360, 0x000002135b58cc90, 0x000002135b58d5c0, 0x000002135b58e220,
0x000002135b590f60, 0x000002135b5938e0, 0x000002135b55e370, 0x000002135ff5b190,
0x0000021360400080, 0x00000213604453a0, 0x0000021360447580, 0x0000021360577b20,
0x0000021360353720, 0x00000213608fb650, 0x00000213608fc0f0
}

Java Threads: ( => current thread )
  0x000002133ab9e790 JavaThread "main" [_thread_blocked, id=7936, stack(0x0000002d5f800000,0x0000002d5f900000)]
  0x000002135b587190 JavaThread "Reference Handler" daemon [_thread_blocked, id=15400, stack(0x0000002d5ff00000,0x0000002d60000000)]
  0x000002135b587e80 JavaThread "Finalizer" daemon [_thread_blocked, id=10356, stack(0x0000002d60000000,0x0000002d60100000)]
  0x000002135b58ba30 JavaThread "Signal Dispatcher" daemon [_thread_blocked, id=9160, stack(0x0000002d60100000,0x0000002d60200000)]
  0x000002135b58c360 JavaThread "Attach Listener" daemon [_thread_blocked, id=11460, stack(0x0000002d60200000,0x0000002d60300000)]
  0x000002135b58cc90 JavaThread "Service Thread" daemon [_thread_blocked, id=19896, stack(0x0000002d60300000,0x0000002d60400000)]
  0x000002135b58d5c0 JavaThread "Monitor Deflation Thread" daemon [_thread_blocked, id=22260, stack(0x0000002d60400000,0x0000002d60500000)]
  0x000002135b58e220 JavaThread "C2 CompilerThread0" daemon [_thread_blocked, id=9508, stack(0x0000002d60500000,0x0000002d60600000)]
  0x000002135b590f60 JavaThread "C1 CompilerThread0" daemon [_thread_blocked, id=5524, stack(0x0000002d60600000,0x0000002d60700000)]
  0x000002135b5938e0 JavaThread "Sweeper thread" daemon [_thread_blocked, id=2932, stack(0x0000002d60700000,0x0000002d60800000)]
  0x000002135b55e370 JavaThread "Common-Cleaner" daemon [_thread_blocked, id=14016, stack(0x0000002d60800000,0x0000002d60900000)]
  0x000002135ff5b190 JavaThread "Notification Thread" daemon [_thread_blocked, id=5552, stack(0x0000002d60b00000,0x0000002d60c00000)]
  0x0000021360400080 JavaThread "QuantumRenderer-0" daemon [_thread_blocked, id=13276, stack(0x0000002d60900000,0x0000002d60a00000)]
  0x00000213604453a0 JavaThread "InvokeLaterDispatcher" daemon [_thread_blocked, id=22236, stack(0x0000002d60a00000,0x0000002d60b00000)]
  0x0000021360447580 JavaThread "JavaFX Application Thread" [_thread_blocked, id=12312, stack(0x0000002d60d00000,0x0000002d60e00000)]
  0x0000021360577b20 JavaThread "Thread-1" daemon [_thread_in_native, id=20576, stack(0x0000002d61100000,0x0000002d61200000)]
  0x0000021360353720 JavaThread "JavaFX-Launcher" [_thread_blocked, id=5932, stack(0x0000002d61200000,0x0000002d61300000)]
  0x00000213608fb650 JavaThread "Prism Font Disposer" daemon [_thread_blocked, id=14112, stack(0x0000002d61d00000,0x0000002d61e00000)]
  0x00000213608fc0f0 JavaThread "Cleaner-0" daemon [_thread_blocked, id=11452, stack(0x0000002d61800000,0x0000002d61900000)]

Other Threads:
=>0x000002135b56e700 VMThread "VM Thread" [stack: 0x0000002d5fe00000,0x0000002d5ff00000] [id=17844]
  0x000002133ad7bf40 WorkerThread "GC Thread#0" [stack: 0x0000002d5f900000,0x0000002d5fa00000] [id=16500]
  0x00000213605c4890 WorkerThread "GC Thread#1" [stack: 0x0000002d61300000,0x0000002d61400000] [id=17924]
  0x00000213605c3a80 WorkerThread "GC Thread#2" [stack: 0x0000002d61400000,0x0000002d61500000] [id=21808]
  0x00000213605c3d50 WorkerThread "GC Thread#3" [stack: 0x0000002d61500000,0x0000002d61600000] [id=20836]
  0x00000213605c5100 WorkerThread "GC Thread#4" [stack: 0x0000002d61600000,0x0000002d61700000] [id=3356]
  0x00000213605c34e0 WorkerThread "GC Thread#5" [stack: 0x0000002d61700000,0x0000002d61800000] [id=10848]
  0x00000213605c4b60 WorkerThread "GC Thread#6" [stack: 0x0000002d61900000,0x0000002d61a00000] [id=23080]
  0x00000213605c4e30 WorkerThread "GC Thread#7" [stack: 0x0000002d61e00000,0x0000002d61f00000] [id=20780]
  0x000002133ad8ce00 ConcurrentGCThread "G1 Main Marker" terminated
  0x000002133ad8dfd0 WorkerThread "G1 Conc#0" [stack: 0x0000002d5fb00000,0x0000002d5fc00000] [id=5856]
  0x000002135b42b570 ConcurrentGCThread "G1 Refine#0" terminated
  0x000002135b42c0b0 ConcurrentGCThread "G1 Service" terminated

Threads with active compile tasks:

VM state: at safepoint (shutting down)

VM Mutex/Monitor currently owned by a thread:  ([mutex/lock_event])
[0x000002133ab9a5e0] Threads_lock - owner thread: 0x000002135b56e700
[0x000002133ab9b7e0] Heap_lock - owner thread: 0x0000021360447580

Heap address: 0x0000000081200000, size: 2030 MB, Compressed Oops mode: 32-bit

CDS archive(s) mapped at: [0x0000000800000000-0x0000000800c40000-0x0000000800c40000), size 12845056, SharedBaseAddress: 0x0000000800000000, ArchiveRelocationMode: 0.
Compressed class space mapped at: 0x0000000801000000-0x0000000841000000, reserved size: 1073741824
Narrow klass base: 0x0000000800000000, Narrow klass shift: 0, Narrow klass range: 0x100000000

GC Precious Log:
 CardTable entry size: 512
 Card Set container configuration: InlinePtr #cards 5 size 8 Array Of Cards #cards 12 size 40 Howl #buckets 4 coarsen threshold 1843 Howl Bitmap #cards 512 size 80 coarsen threshold 460 Card regions per heap region 1 cards per card region 2048
 CPUs: 8 total, 8 available
 Memory: 8112M
 Large Page Support: Disabled
 NUMA Support: Disabled
 Compressed Oops: Enabled (32-bit)
 Heap Region Size: 1M
 Heap Min Capacity: 8M
 Heap Initial Capacity: 128M
 Heap Max Capacity: 2030M
 Pre-touch: Disabled
 Parallel Workers: 8
 Concurrent Workers: 2
 Concurrent Refinement Workers: 8
 Periodic GC: Disabled

Heap:
 garbage-first heap   total 131072K, used 105185K [0x0000000081200000, 0x0000000100000000)
  region size 1024K, 67 young (68608K), 5 survivors (5120K)
 Metaspace       used 18101K, committed 18368K, reserved 1114112K
  class space    used 2421K, committed 2560K, reserved 1048576K

Heap Regions: E=young(eden), S=young(survivor), O=old, HS=humongous(starts), HC=humongous(continues), CS=collection set, F=free, OA=open archive, CA=closed archive, TAMS=top-at-mark-start (previous, next)
|   0|0x0000000081200000, 0x0000000081300000, 0x0000000081300000|100%|HS|  |TAMS 0x0000000081200000, 0x0000000081200000| Complete 
|   1|0x0000000081300000, 0x0000000081400000, 0x0000000081400000|100%|HC|  |TAMS 0x0000000081300000, 0x0000000081300000| Complete 
|   2|0x0000000081400000, 0x0000000081500000, 0x0000000081500000|100%|HC|  |TAMS 0x0000000081400000, 0x0000000081400000| Complete 
|   3|0x0000000081500000, 0x0000000081600000, 0x0000000081600000|100%|HC|  |TAMS 0x0000000081500000, 0x0000000081500000| Complete 
|   4|0x0000000081600000, 0x0000000081700000, 0x0000000081700000|100%|HC|  |TAMS 0x0000000081600000, 0x0000000081600000| Complete 
|   5|0x0000000081700000, 0x0000000081800000, 0x0000000081800000|100%|HC|  |TAMS 0x0000000081700000, 0x0000000081700000| Complete 
|   6|0x0000000081800000, 0x0000000081900000, 0x0000000081900000|100%|HS|  |TAMS 0x0000000081800000, 0x0000000081800000| Complete 
|   7|0x0000000081900000, 0x0000000081a00000, 0x0000000081a00000|100%|HC|  |TAMS 0x0000000081900000, 0x0000000081900000| Complete 
|   8|0x0000000081a00000, 0x0000000081b00000, 0x0000000081b00000|100%|HC|  |TAMS 0x0000000081a00000, 0x0000000081a00000| Complete 
|   9|0x0000000081b00000, 0x0000000081c00000, 0x0000000081c00000|100%|HS|  |TAMS 0x0000000081b00000, 0x0000000081b00000| Complete 
|  10|0x0000000081c00000, 0x0000000081d00000, 0x0000000081d00000|100%|HC|  |TAMS 0x0000000081c00000, 0x0000000081c00000| Complete 
|  11|0x0000000081d00000, 0x0000000081e00000, 0x0000000081e00000|100%| O|  |TAMS 0x0000000081d00000, 0x0000000081d00000| Untracked 
|  12|0x0000000081e00000, 0x0000000081f00000, 0x0000000081f00000|100%| O|  |TAMS 0x0000000081e00000, 0x0000000081e00000| Untracked 
|  13|0x0000000081f00000, 0x0000000081f9d200, 0x0000000082000000| 61%| O|  |TAMS 0x0000000081f00000, 0x0000000081f00000| Untracked 
|  14|0x0000000082000000, 0x0000000082100000, 0x0000000082100000|100%|HS|  |TAMS 0x0000000082000000, 0x0000000082000000| Complete 
|  15|0x0000000082100000, 0x0000000082200000, 0x0000000082200000|100%|HC|  |TAMS 0x0000000082100000, 0x0000000082100000| Complete 
|  16|0x0000000082200000, 0x0000000082300000, 0x0000000082300000|100%|HC|  |TAMS 0x0000000082200000, 0x0000000082200000| Complete 
|  17|0x0000000082300000, 0x0000000082400000, 0x0000000082400000|100%|HS|  |TAMS 0x0000000082300000, 0x0000000082300000| Complete 
|  18|0x0000000082400000, 0x0000000082500000, 0x0000000082500000|100%|HC|  |TAMS 0x0000000082400000, 0x0000000082400000| Complete 
|  19|0x0000000082500000, 0x0000000082600000, 0x0000000082600000|100%|HC|  |TAMS 0x0000000082500000, 0x0000000082500000| Complete 
|  20|0x0000000082600000, 0x0000000082700000, 0x0000000082700000|100%|HS|  |TAMS 0x0000000082600000, 0x0000000082600000| Complete 
|  21|0x0000000082700000, 0x0000000082800000, 0x0000000082800000|100%|HS|  |TAMS 0x0000000082700000, 0x0000000082700000| Complete 
|  22|0x0000000082800000, 0x0000000082900000, 0x0000000082900000|100%|HC|  |TAMS 0x0000000082800000, 0x0000000082800000| Complete 
|  23|0x0000000082900000, 0x0000000082a00000, 0x0000000082a00000|100%|HC|  |TAMS 0x0000000082900000, 0x0000000082900000| Complete 
|  24|0x0000000082a00000, 0x0000000082b00000, 0x0000000082b00000|100%|HS|  |TAMS 0x0000000082a00000, 0x0000000082a00000| Complete 
|  25|0x0000000082b00000, 0x0000000082c00000, 0x0000000082c00000|100%|HC|  |TAMS 0x0000000082b00000, 0x0000000082b00000| Complete 
|  26|0x0000000082c00000, 0x0000000082d00000, 0x0000000082d00000|100%|HC|  |TAMS 0x0000000082c00000, 0x0000000082c00000| Complete 
|  27|0x0000000082d00000, 0x0000000082e00000, 0x0000000082e00000|100%|HS|  |TAMS 0x0000000082d00000, 0x0000000082d00000| Complete 
|  28|0x0000000082e00000, 0x0000000082f00000, 0x0000000082f00000|100%|HC|  |TAMS 0x0000000082e00000, 0x0000000082e00000| Complete 
|  29|0x0000000082f00000, 0x0000000083000000, 0x0000000083000000|100%|HC|  |TAMS 0x0000000082f00000, 0x0000000082f00000| Complete 
|  30|0x0000000083000000, 0x0000000083100000, 0x0000000083100000|100%|HS|  |TAMS 0x0000000083000000, 0x0000000083000000| Complete 
|  31|0x0000000083100000, 0x0000000083200000, 0x0000000083200000|100%|HC|  |TAMS 0x0000000083100000, 0x0000000083100000| Complete 
|  32|0x0000000083200000, 0x0000000083300000, 0x0000000083300000|100%|HC|  |TAMS 0x0000000083200000, 0x0000000083200000| Complete 
|  33|0x0000000083300000, 0x0000000083400000, 0x0000000083400000|100%|HS|  |TAMS 0x0000000083300000, 0x0000000083300000| Complete 
|  34|0x0000000083400000, 0x0000000083500000, 0x0000000083500000|100%|HC|  |TAMS 0x0000000083400000, 0x0000000083400000| Complete 
|  35|0x0000000083500000, 0x0000000083600000, 0x0000000083600000|100%|HC|  |TAMS 0x0000000083500000, 0x0000000083500000| Complete 
|  36|0x0000000083600000, 0x0000000083700000, 0x0000000083700000|100%|HS|  |TAMS 0x0000000083600000, 0x0000000083600000| Complete 
|  37|0x0000000083700000, 0x0000000083800000, 0x0000000083800000|100%|HC|  |TAMS 0x0000000083700000, 0x0000000083700000| Complete 
|  38|0x0000000083800000, 0x0000000083900000, 0x0000000083900000|100%|HC|  |TAMS 0x0000000083800000, 0x0000000083800000| Complete 
|  39|0x0000000083900000, 0x0000000083900000, 0x0000000083a00000|  0%| F|  |TAMS 0x0000000083900000, 0x0000000083900000| Untracked 
|  40|0x0000000083a00000, 0x0000000083a00000, 0x0000000083b00000|  0%| F|  |TAMS 0x0000000083a00000, 0x0000000083a00000| Untracked 
|  41|0x0000000083b00000, 0x0000000083b00000, 0x0000000083c00000|  0%| F|  |TAMS 0x0000000083b00000, 0x0000000083b00000| Untracked 
|  42|0x0000000083c00000, 0x0000000083c00000, 0x0000000083d00000|  0%| F|  |TAMS 0x0000000083c00000, 0x0000000083c00000| Untracked 
|  43|0x0000000083d00000, 0x0000000083d00000, 0x0000000083e00000|  0%| F|  |TAMS 0x0000000083d00000, 0x0000000083d00000| Untracked 
|  44|0x0000000083e00000, 0x0000000083e00000, 0x0000000083f00000|  0%| F|  |TAMS 0x0000000083e00000, 0x0000000083e00000| Untracked 
|  45|0x0000000083f00000, 0x0000000083f00000, 0x0000000084000000|  0%| F|  |TAMS 0x0000000083f00000, 0x0000000083f00000| Untracked 
|  46|0x0000000084000000, 0x0000000084000000, 0x0000000084100000|  0%| F|  |TAMS 0x0000000084000000, 0x0000000084000000| Untracked 
|  47|0x0000000084100000, 0x0000000084100000, 0x0000000084200000|  0%| F|  |TAMS 0x0000000084100000, 0x0000000084100000| Untracked 
|  48|0x0000000084200000, 0x0000000084200000, 0x0000000084300000|  0%| F|  |TAMS 0x0000000084200000, 0x0000000084200000| Untracked 
|  49|0x0000000084300000, 0x0000000084300000, 0x0000000084400000|  0%| F|  |TAMS 0x0000000084300000, 0x0000000084300000| Untracked 
|  50|0x0000000084400000, 0x0000000084400000, 0x0000000084500000|  0%| F|  |TAMS 0x0000000084400000, 0x0000000084400000| Untracked 
|  51|0x0000000084500000, 0x0000000084500000, 0x0000000084600000|  0%| F|  |TAMS 0x0000000084500000, 0x0000000084500000| Untracked 
|  52|0x0000000084600000, 0x0000000084600000, 0x0000000084700000|  0%| F|  |TAMS 0x0000000084600000, 0x0000000084600000| Untracked 
|  53|0x0000000084700000, 0x0000000084700000, 0x0000000084800000|  0%| F|  |TAMS 0x0000000084700000, 0x0000000084700000| Untracked 
|  54|0x0000000084800000, 0x0000000084800000, 0x0000000084900000|  0%| F|  |TAMS 0x0000000084800000, 0x0000000084800000| Untracked 
|  55|0x0000000084900000, 0x0000000084900000, 0x0000000084a00000|  0%| F|  |TAMS 0x0000000084900000, 0x0000000084900000| Untracked 
|  56|0x0000000084a00000, 0x0000000084a00000, 0x0000000084b00000|  0%| F|  |TAMS 0x0000000084a00000, 0x0000000084a00000| Untracked 
|  57|0x0000000084b00000, 0x0000000084b00000, 0x0000000084c00000|  0%| F|  |TAMS 0x0000000084b00000, 0x0000000084b00000| Untracked 
|  58|0x0000000084c00000, 0x0000000084c00000, 0x0000000084d00000|  0%| F|  |TAMS 0x0000000084c00000, 0x0000000084c00000| Untracked 
|  59|0x0000000084d00000, 0x0000000084d00000, 0x0000000084e00000|  0%| F|  |TAMS 0x0000000084d00000, 0x0000000084d00000| Untracked 
|  60|0x0000000084e00000, 0x0000000084e00000, 0x0000000084f00000|  0%| F|  |TAMS 0x0000000084e00000, 0x0000000084e00000| Untracked 
|  61|0x0000000084f00000, 0x0000000084fe15b0, 0x0000000085000000| 88%| E|  |TAMS 0x0000000084f00000, 0x0000000084f00000| Complete 
|  62|0x0000000085000000, 0x0000000085100000, 0x0000000085100000|100%| E|CS|TAMS 0x0000000085000000, 0x0000000085000000| Complete 
|  63|0x0000000085100000, 0x0000000085200000, 0x0000000085200000|100%| E|CS|TAMS 0x0000000085100000, 0x0000000085100000| Complete 
|  64|0x0000000085200000, 0x0000000085300000, 0x0000000085300000|100%| E|CS|TAMS 0x0000000085200000, 0x0000000085200000| Complete 
|  65|0x0000000085300000, 0x0000000085400000, 0x0000000085400000|100%| E|CS|TAMS 0x0000000085300000, 0x0000000085300000| Complete 
|  66|0x0000000085400000, 0x0000000085500000, 0x0000000085500000|100%| E|CS|TAMS 0x0000000085400000, 0x0000000085400000| Complete 
|  67|0x0000000085500000, 0x0000000085600000, 0x0000000085600000|100%| E|CS|TAMS 0x0000000085500000, 0x0000000085500000| Complete 
|  68|0x0000000085600000, 0x0000000085700000, 0x0000000085700000|100%| E|CS|TAMS 0x0000000085600000, 0x0000000085600000| Complete 
|  69|0x0000000085700000, 0x0000000085800000, 0x0000000085800000|100%| E|CS|TAMS 0x0000000085700000, 0x0000000085700000| Complete 
|  70|0x0000000085800000, 0x0000000085900000, 0x0000000085900000|100%| E|CS|TAMS 0x0000000085800000, 0x0000000085800000| Complete 
|  71|0x0000000085900000, 0x0000000085a00000, 0x0000000085a00000|100%| E|CS|TAMS 0x0000000085900000, 0x0000000085900000| Complete 
|  72|0x0000000085a00000, 0x0000000085b00000, 0x0000000085b00000|100%| E|CS|TAMS 0x0000000085a00000, 0x0000000085a00000| Complete 
|  73|0x0000000085b00000, 0x0000000085c00000, 0x0000000085c00000|100%| E|CS|TAMS 0x0000000085b00000, 0x0000000085b00000| Complete 
|  74|0x0000000085c00000, 0x0000000085d00000, 0x0000000085d00000|100%| E|CS|TAMS 0x0000000085c00000, 0x0000000085c00000| Complete 
|  75|0x0000000085d00000, 0x0000000085e00000, 0x0000000085e00000|100%| E|CS|TAMS 0x0000000085d00000, 0x0000000085d00000| Complete 
|  76|0x0000000085e00000, 0x0000000085f00000, 0x0000000085f00000|100%| E|CS|TAMS 0x0000000085e00000, 0x0000000085e00000| Complete 
|  77|0x0000000085f00000, 0x0000000086000000, 0x0000000086000000|100%| E|CS|TAMS 0x0000000085f00000, 0x0000000085f00000| Complete 
|  78|0x0000000086000000, 0x0000000086100000, 0x0000000086100000|100%| E|CS|TAMS 0x0000000086000000, 0x0000000086000000| Complete 
|  79|0x0000000086100000, 0x0000000086200000, 0x0000000086200000|100%| E|CS|TAMS 0x0000000086100000, 0x0000000086100000| Complete 
|  80|0x0000000086200000, 0x0000000086300000, 0x0000000086300000|100%| E|CS|TAMS 0x0000000086200000, 0x0000000086200000| Complete 
|  81|0x0000000086300000, 0x0000000086400000, 0x0000000086400000|100%| E|CS|TAMS 0x0000000086300000, 0x0000000086300000| Complete 
|  82|0x0000000086400000, 0x0000000086500000, 0x0000000086500000|100%| E|CS|TAMS 0x0000000086400000, 0x0000000086400000| Complete 
|  83|0x0000000086500000, 0x0000000086600000, 0x0000000086600000|100%| E|CS|TAMS 0x0000000086500000, 0x0000000086500000| Complete 
|  84|0x0000000086600000, 0x0000000086700000, 0x0000000086700000|100%| E|CS|TAMS 0x0000000086600000, 0x0000000086600000| Complete 
|  85|0x0000000086700000, 0x0000000086800000, 0x0000000086800000|100%| E|CS|TAMS 0x0000000086700000, 0x0000000086700000| Complete 
|  86|0x0000000086800000, 0x000000008681b288, 0x0000000086900000| 10%| S|CS|TAMS 0x0000000086800000, 0x0000000086800000| Complete 
|  87|0x0000000086900000, 0x0000000086a00000, 0x0000000086a00000|100%| S|CS|TAMS 0x0000000086900000, 0x0000000086900000| Complete 
|  88|0x0000000086a00000, 0x0000000086b00000, 0x0000000086b00000|100%| S|CS|TAMS 0x0000000086a00000, 0x0000000086a00000| Complete 
|  89|0x0000000086b00000, 0x0000000086c00000, 0x0000000086c00000|100%| S|CS|TAMS 0x0000000086b00000, 0x0000000086b00000| Complete 
|  90|0x0000000086c00000, 0x0000000086d00000, 0x0000000086d00000|100%| S|CS|TAMS 0x0000000086c00000, 0x0000000086c00000| Complete 
|  91|0x0000000086d00000, 0x0000000086e00000, 0x0000000086e00000|100%| E|CS|TAMS 0x0000000086d00000, 0x0000000086d00000| Complete 
|  92|0x0000000086e00000, 0x0000000086f00000, 0x0000000086f00000|100%| E|CS|TAMS 0x0000000086e00000, 0x0000000086e00000| Complete 
|  93|0x0000000086f00000, 0x0000000087000000, 0x0000000087000000|100%| E|CS|TAMS 0x0000000086f00000, 0x0000000086f00000| Complete 
|  94|0x0000000087000000, 0x0000000087100000, 0x0000000087100000|100%| E|CS|TAMS 0x0000000087000000, 0x0000000087000000| Complete 
|  95|0x0000000087100000, 0x0000000087200000, 0x0000000087200000|100%| E|CS|TAMS 0x0000000087100000, 0x0000000087100000| Complete 
|  96|0x0000000087200000, 0x0000000087300000, 0x0000000087300000|100%| E|CS|TAMS 0x0000000087200000, 0x0000000087200000| Complete 
|  97|0x0000000087300000, 0x0000000087400000, 0x0000000087400000|100%| E|CS|TAMS 0x0000000087300000, 0x0000000087300000| Complete 
|  98|0x0000000087400000, 0x0000000087500000, 0x0000000087500000|100%| E|CS|TAMS 0x0000000087400000, 0x0000000087400000| Complete 
|  99|0x0000000087500000, 0x0000000087600000, 0x0000000087600000|100%| E|CS|TAMS 0x0000000087500000, 0x0000000087500000| Complete 
| 100|0x0000000087600000, 0x0000000087700000, 0x0000000087700000|100%| E|CS|TAMS 0x0000000087600000, 0x0000000087600000| Complete 
| 101|0x0000000087700000, 0x0000000087800000, 0x0000000087800000|100%| E|CS|TAMS 0x0000000087700000, 0x0000000087700000| Complete 
| 102|0x0000000087800000, 0x0000000087900000, 0x0000000087900000|100%| E|CS|TAMS 0x0000000087800000, 0x0000000087800000| Complete 
| 103|0x0000000087900000, 0x0000000087a00000, 0x0000000087a00000|100%| E|CS|TAMS 0x0000000087900000, 0x0000000087900000| Complete 
| 104|0x0000000087a00000, 0x0000000087b00000, 0x0000000087b00000|100%| E|CS|TAMS 0x0000000087a00000, 0x0000000087a00000| Complete 
| 105|0x0000000087b00000, 0x0000000087c00000, 0x0000000087c00000|100%| E|CS|TAMS 0x0000000087b00000, 0x0000000087b00000| Complete 
| 106|0x0000000087c00000, 0x0000000087d00000, 0x0000000087d00000|100%| E|CS|TAMS 0x0000000087c00000, 0x0000000087c00000| Complete 
| 107|0x0000000087d00000, 0x0000000087e00000, 0x0000000087e00000|100%| E|CS|TAMS 0x0000000087d00000, 0x0000000087d00000| Complete 
| 108|0x0000000087e00000, 0x0000000087f00000, 0x0000000087f00000|100%| E|CS|TAMS 0x0000000087e00000, 0x0000000087e00000| Complete 
| 109|0x0000000087f00000, 0x0000000088000000, 0x0000000088000000|100%| E|CS|TAMS 0x0000000087f00000, 0x0000000087f00000| Complete 
| 110|0x0000000088000000, 0x0000000088100000, 0x0000000088100000|100%| E|CS|TAMS 0x0000000088000000, 0x0000000088000000| Complete 
| 111|0x0000000088100000, 0x0000000088200000, 0x0000000088200000|100%| E|CS|TAMS 0x0000000088100000, 0x0000000088100000| Complete 
| 112|0x0000000088200000, 0x0000000088300000, 0x0000000088300000|100%| E|CS|TAMS 0x0000000088200000, 0x0000000088200000| Complete 
| 113|0x0000000088300000, 0x0000000088400000, 0x0000000088400000|100%| E|CS|TAMS 0x0000000088300000, 0x0000000088300000| Complete 
| 114|0x0000000088400000, 0x0000000088500000, 0x0000000088500000|100%| E|CS|TAMS 0x0000000088400000, 0x0000000088400000| Complete 
| 115|0x0000000088500000, 0x0000000088600000, 0x0000000088600000|100%| E|CS|TAMS 0x0000000088500000, 0x0000000088500000| Complete 
| 116|0x0000000088600000, 0x0000000088700000, 0x0000000088700000|100%| E|CS|TAMS 0x0000000088600000, 0x0000000088600000| Complete 
| 117|0x0000000088700000, 0x0000000088800000, 0x0000000088800000|100%| E|CS|TAMS 0x0000000088700000, 0x0000000088700000| Complete 
| 118|0x0000000088800000, 0x0000000088900000, 0x0000000088900000|100%| E|CS|TAMS 0x0000000088800000, 0x0000000088800000| Complete 
| 119|0x0000000088900000, 0x0000000088a00000, 0x0000000088a00000|100%| E|  |TAMS 0x0000000088900000, 0x0000000088900000| Complete 
| 120|0x0000000088a00000, 0x0000000088b00000, 0x0000000088b00000|100%| E|CS|TAMS 0x0000000088a00000, 0x0000000088a00000| Complete 
| 121|0x0000000088b00000, 0x0000000088c00000, 0x0000000088c00000|100%| E|CS|TAMS 0x0000000088b00000, 0x0000000088b00000| Complete 
| 122|0x0000000088c00000, 0x0000000088d00000, 0x0000000088d00000|100%| E|CS|TAMS 0x0000000088c00000, 0x0000000088c00000| Complete 
| 123|0x0000000088d00000, 0x0000000088e00000, 0x0000000088e00000|100%| E|CS|TAMS 0x0000000088d00000, 0x0000000088d00000| Complete 
| 124|0x0000000088e00000, 0x0000000088f00000, 0x0000000088f00000|100%| E|CS|TAMS 0x0000000088e00000, 0x0000000088e00000| Complete 
| 125|0x0000000088f00000, 0x0000000089000000, 0x0000000089000000|100%| E|CS|TAMS 0x0000000088f00000, 0x0000000088f00000| Complete 
| 126|0x0000000089000000, 0x0000000089100000, 0x0000000089100000|100%| E|CS|TAMS 0x0000000089000000, 0x0000000089000000| Complete 
| 127|0x0000000089100000, 0x0000000089200000, 0x0000000089200000|100%| E|CS|TAMS 0x0000000089100000, 0x0000000089100000| Complete 

Card table byte_map: [0x0000021354320000,0x0000021354720000] _byte_map_base: 0x0000021353f17000

Marking Bits (Prev, Next): (CMBitMap*) 0x000002133ad7c570, (CMBitMap*) 0x000002133ad7c5b0
 Prev Bits: [0x0000021354b20000, 0x0000021356ad8000)
 Next Bits: [0x0000021356ae0000, 0x0000021358a98000)

Polling page: 0x000002133adf0000

Metaspace:

Usage:
  Non-class:     15.31 MB used.
      Class:      2.36 MB used.
       Both:     17.68 MB used.

Virtual space:
  Non-class space:       64.00 MB reserved,      15.44 MB ( 24%) committed,  1 nodes.
      Class space:        1.00 GB reserved,       2.50 MB ( <1%) committed,  1 nodes.
             Both:        1.06 GB reserved,      17.94 MB (  2%) committed. 

Chunk freelists:
   Non-Class:  192.00 KB
       Class:  1.35 MB
        Both:  1.54 MB

MaxMetaspaceSize: unlimited
CompressedClassSpaceSize: 1.00 GB
Initial GC threshold: 21.00 MB
Current GC threshold: 21.00 MB
CDS: on
MetaspaceReclaimPolicy: balanced
 - commit_granule_bytes: 65536.
 - commit_granule_words: 8192.
 - virtual_space_node_default_size: 8388608.
 - enlarge_chunks_in_place: 1.
 - new_chunks_are_fully_committed: 0.
 - uncommit_free_chunks: 1.
 - use_allocation_guard: 0.


Internal statistics:

num_allocs_failed_limit: 0.
num_arena_births: 336.
num_arena_deaths: 0.
num_vsnodes_births: 2.
num_vsnodes_deaths: 0.
num_space_committed: 287.
num_space_uncommitted: 0.
num_chunks_returned_to_freelist: 0.
num_chunks_taken_from_freelist: 946.
num_chunk_merges: 0.
num_chunk_splits: 682.
num_chunks_enlarged: 535.
num_inconsistent_stats: 0.

CodeHeap 'non-profiled nmethods': size=120000Kb used=2947Kb max_used=3116Kb free=117053Kb
 bounds [0x000002134bf80000, 0x000002134c290000, 0x00000213534b0000]
CodeHeap 'profiled nmethods': size=120000Kb used=9507Kb max_used=11366Kb free=110493Kb
 bounds [0x00000213444b0000, 0x0000021344fd0000, 0x000002134b9e0000]
CodeHeap 'non-nmethods': size=5760Kb used=1546Kb max_used=1667Kb free=4213Kb
 bounds [0x000002134b9e0000, 0x000002134bc50000, 0x000002134bf80000]
 total_blobs=5623 nmethods=4790 adapters=742
 compilation: enabled
              stopped_count=0, restarted_count=0
 full_count=0

Compilation events (20 events):
Event: 230.524 Thread 0x000002135b590f60 5556       3       java.lang.Character::isLetterOrDigit (19 bytes)
Event: 230.524 Thread 0x000002135b590f60 nmethod 5556 0x0000021344904e90 code [0x0000021344905060, 0x0000021344905318]
Event: 230.525 Thread 0x000002135b58e220 5557       4       java.util.Collections::unmodifiableList (51 bytes)
Event: 230.529 Thread 0x000002135b58e220 nmethod 5557 0x000002134c215a10 code [0x000002134c215ba0, 0x000002134c215d98]
Event: 230.530 Thread 0x000002135b58e220 5558       4       javafx.scene.layout.GridPane::computeGridMetrics (967 bytes)
Event: 231.007 Thread 0x000002135b58e220 nmethod 5558 0x000002134c12b090 code [0x000002134c12b7a0, 0x000002134c1313c0]
Event: 231.008 Thread 0x000002135b58e220 5559       4       javafx.scene.control.Labeled::getContentBias (15 bytes)
Event: 231.010 Thread 0x000002135b58e220 nmethod 5559 0x000002134c12ab90 code [0x000002134c12ad40, 0x000002134c12aeb8]
Event: 352.747 Thread 0x000002135b590f60 5560       3       javafx.scene.control.DialogEvent::getEventType (5 bytes)
Event: 352.747 Thread 0x000002135b590f60 nmethod 5560 0x0000021344810e10 code [0x0000021344810fa0, 0x00000213448110b8]
Event: 352.754 Thread 0x000002135b590f60 5561       3       com.sun.javafx.scene.KeyboardShortcutsHandler$CopyOnWriteMap$1$1::checkCoMod (26 bytes)
Event: 352.755 Thread 0x000002135b590f60 nmethod 5561 0x0000021344925510 code [0x00000213449256c0, 0x00000213449258e8]
Event: 352.756 Thread 0x000002135b590f60 5562       3       javafx.scene.image.ImageView::getCssMetaData (4 bytes)
Event: 352.756 Thread 0x000002135b590f60 nmethod 5562 0x00000213449b4f10 code [0x00000213449b50c0, 0x00000213449b5238]
Event: 352.756 Thread 0x000002135b590f60 5563       3       javafx.scene.image.ImageView::getClassCssMetaData (4 bytes)
Event: 352.756 Thread 0x000002135b590f60 nmethod 5563 0x00000213444eae90 code [0x00000213444eb020, 0x00000213444eb118]
Event: 354.147 Thread 0x000002135b58e220 5564       4       javafx.scene.Node::pseudoClassStateChanged (59 bytes)
Event: 354.184 Thread 0x000002135b58e220 nmethod 5564 0x000002134c213e90 code [0x000002134c2140c0, 0x000002134c214ff8]
Event: 354.644 Thread 0x000002135b590f60 5565       3       javafx.scene.Parent::createCachedBounds (458 bytes)
Event: 354.648 Thread 0x000002135b590f60 nmethod 5565 0x000002134480cd10 code [0x000002134480d100, 0x000002134480f9a8]

GC Heap History (4 events):
Event: 1.526 GC heap before
{Heap before GC invocations=0 (full 0):
 garbage-first heap   total 131072K, used 22528K [0x0000000081200000, 0x0000000100000000)
  region size 1024K, 23 young (23552K), 0 survivors (0K)
 Metaspace       used 5813K, committed 6016K, reserved 1114112K
  class space    used 704K, committed 832K, reserved 1048576K
}
Event: 1.530 GC heap after
{Heap after GC invocations=1 (full 0):
 garbage-first heap   total 131072K, used 3072K [0x0000000081200000, 0x0000000100000000)
  region size 1024K, 3 young (3072K), 3 survivors (3072K)
 Metaspace       used 5813K, committed 6016K, reserved 1114112K
  class space    used 704K, committed 832K, reserved 1048576K
}
Event: 7.212 GC heap before
{Heap before GC invocations=1 (full 0):
 garbage-first heap   total 131072K, used 48128K [0x0000000081200000, 0x0000000100000000)
  region size 1024K, 37 young (37888K), 3 survivors (3072K)
 Metaspace       used 14693K, committed 14976K, reserved 1114112K
  class space    used 2158K, committed 2304K, reserved 1048576K
}
Event: 7.225 GC heap after
{Heap after GC invocations=2 (full 0):
 garbage-first heap   total 131072K, used 18145K [0x0000000081200000, 0x0000000100000000)
  region size 1024K, 5 young (5120K), 5 survivors (5120K)
 Metaspace       used 14693K, committed 14976K, reserved 1114112K
  class space    used 2158K, committed 2304K, reserved 1048576K
}

Dll operation events (20 events):
Event: 0.997 Loaded shared library C:\Users\Gabriel\.openjfx\cache\13\api-ms-win-crt-heap-l1-1-0.dll
Event: 1.002 Loaded shared library C:\Users\Gabriel\.openjfx\cache\13\api-ms-win-crt-locale-l1-1-0.dll
Event: 1.012 Loaded shared library C:\Users\Gabriel\.openjfx\cache\13\api-ms-win-crt-math-l1-1-0.dll
Event: 1.016 Loaded shared library C:\Users\Gabriel\.openjfx\cache\13\api-ms-win-crt-multibyte-l1-1-0.dll
Event: 1.025 Loaded shared library C:\Users\Gabriel\.openjfx\cache\13\api-ms-win-crt-private-l1-1-0.dll
Event: 1.030 Loaded shared library C:\Users\Gabriel\.openjfx\cache\13\api-ms-win-crt-process-l1-1-0.dll
Event: 1.033 Loaded shared library C:\Users\Gabriel\.openjfx\cache\13\api-ms-win-crt-runtime-l1-1-0.dll
Event: 1.041 Loaded shared library C:\Users\Gabriel\.openjfx\cache\13\api-ms-win-crt-stdio-l1-1-0.dll
Event: 1.046 Loaded shared library C:\Users\Gabriel\.openjfx\cache\13\api-ms-win-crt-string-l1-1-0.dll
Event: 1.049 Loaded shared library C:\Users\Gabriel\.openjfx\cache\13\api-ms-win-crt-time-l1-1-0.dll
Event: 1.057 Loaded shared library C:\Users\Gabriel\.openjfx\cache\13\api-ms-win-crt-utility-l1-1-0.dll
Event: 1.082 Loaded shared library C:\Users\Gabriel\.openjfx\cache\13\ucrtbase.dll
Event: 1.092 Loaded shared library C:\Users\Gabriel\.openjfx\cache\13\vcruntime140.dll
Event: 1.110 Loaded shared library C:\Users\Gabriel\.openjfx\cache\13\msvcp140.dll
Event: 1.118 Loaded shared library C:\Users\Gabriel\.openjfx\cache\13\concrt140.dll
Event: 1.180 Loaded shared library C:\Users\Gabriel\.openjfx\cache\13\prism_d3d.dll
Event: 1.251 Loaded shared library C:\Users\Gabriel\.openjfx\cache\13\glass.dll
Event: 1.574 Loaded shared library C:\Users\Gabriel\.openjfx\cache\13\javafx_font.dll
Event: 2.200 Loaded shared library C:\Program Files\Java\jdk-19\bin\jimage.dll
Event: 53.017 Loaded shared library C:\Users\Gabriel\.openjfx\cache\13\javafx_iio.dll

Deoptimization events (20 events):
Event: 171.799 Thread 0x0000021360447580 Uncommon trap: trap_request=0xffffffbe fr.pc=0x000002134c27229c relative=0x0000000000000d1c
Event: 171.799 Thread 0x0000021360447580 Uncommon trap: reason=profile_predicate action=maybe_recompile pc=0x000002134c27229c method=java.util.TimSort.binarySort([Ljava/lang/Object;IIILjava/util/Comparator;)V @ 34 c2
Event: 171.799 Thread 0x0000021360447580 DEOPT PACKING pc=0x000002134c27229c sp=0x0000002d60dfd9a0
Event: 171.799 Thread 0x0000021360447580 DEOPT UNPACKING pc=0x000002134ba46da3 sp=0x0000002d60dfd970 mode 2
Event: 176.283 Thread 0x0000021360447580 Uncommon trap: trap_request=0xffffffbe fr.pc=0x000002134c224478 relative=0x0000000000004638
Event: 176.283 Thread 0x0000021360447580 Uncommon trap: reason=profile_predicate action=maybe_recompile pc=0x000002134c224478 method=javafx.scene.CssStyleHelper$CacheContainer.<init>(Ljavafx/scene/Node;Lcom/sun/javafx/css/StyleMap;I)V @ 164 c2
Event: 176.283 Thread 0x0000021360447580 DEOPT PACKING pc=0x000002134c224478 sp=0x0000002d60dfc710
Event: 176.283 Thread 0x0000021360447580 DEOPT UNPACKING pc=0x000002134ba46da3 sp=0x0000002d60dfc620 mode 2
Event: 176.284 Thread 0x0000021360447580 Uncommon trap: trap_request=0xffffffbe fr.pc=0x000002134c224478 relative=0x0000000000004638
Event: 176.284 Thread 0x0000021360447580 Uncommon trap: reason=profile_predicate action=maybe_recompile pc=0x000002134c224478 method=javafx.scene.CssStyleHelper$CacheContainer.<init>(Ljavafx/scene/Node;Lcom/sun/javafx/css/StyleMap;I)V @ 164 c2
Event: 176.285 Thread 0x0000021360447580 DEOPT PACKING pc=0x000002134c224478 sp=0x0000002d60dfc9b0
Event: 176.285 Thread 0x0000021360447580 DEOPT UNPACKING pc=0x000002134ba46da3 sp=0x0000002d60dfc8c0 mode 2
Event: 176.287 Thread 0x0000021360447580 Uncommon trap: trap_request=0xffffffbe fr.pc=0x000002134c224478 relative=0x0000000000004638
Event: 176.287 Thread 0x0000021360447580 Uncommon trap: reason=profile_predicate action=maybe_recompile pc=0x000002134c224478 method=javafx.scene.CssStyleHelper$CacheContainer.<init>(Ljavafx/scene/Node;Lcom/sun/javafx/css/StyleMap;I)V @ 164 c2
Event: 176.287 Thread 0x0000021360447580 DEOPT PACKING pc=0x000002134c224478 sp=0x0000002d60dfc6b0
Event: 176.287 Thread 0x0000021360447580 DEOPT UNPACKING pc=0x000002134ba46da3 sp=0x0000002d60dfc5c0 mode 2
Event: 176.288 Thread 0x0000021360447580 Uncommon trap: trap_request=0xffffffbe fr.pc=0x000002134c224478 relative=0x0000000000004638
Event: 176.288 Thread 0x0000021360447580 Uncommon trap: reason=profile_predicate action=maybe_recompile pc=0x000002134c224478 method=javafx.scene.CssStyleHelper$CacheContainer.<init>(Ljavafx/scene/Node;Lcom/sun/javafx/css/StyleMap;I)V @ 164 c2
Event: 176.288 Thread 0x0000021360447580 DEOPT PACKING pc=0x000002134c224478 sp=0x0000002d60dfc950
Event: 176.288 Thread 0x0000021360447580 DEOPT UNPACKING pc=0x000002134ba46da3 sp=0x0000002d60dfc860 mode 2

Classes loaded (20 events):
Event: 59.317 Loading class java/util/stream/Nodes$IntSpinedNodeBuilder
Event: 59.318 Loading class java/util/stream/Node$Builder$OfInt
Event: 59.318 Loading class java/util/stream/Node$Builder$OfInt done
Event: 59.318 Loading class java/util/stream/SpinedBuffer$OfInt
Event: 59.318 Loading class java/util/stream/SpinedBuffer$OfPrimitive
Event: 59.319 Loading class java/util/stream/AbstractSpinedBuffer
Event: 59.319 Loading class java/util/stream/AbstractSpinedBuffer done
Event: 59.319 Loading class java/util/stream/SpinedBuffer$OfPrimitive done
Event: 59.319 Loading class java/util/stream/SpinedBuffer$OfInt done
Event: 59.319 Loading class java/util/stream/Nodes$IntSpinedNodeBuilder done
Event: 59.320 Loading class java/util/stream/ReferencePipeline$4
Event: 59.320 Loading class java/util/stream/ReferencePipeline$4 done
Event: 59.321 Loading class java/util/function/IntBinaryOperator
Event: 59.321 Loading class java/util/function/IntBinaryOperator done
Event: 59.321 Loading class java/util/stream/ReduceOps$6
Event: 59.322 Loading class java/util/stream/ReduceOps$6 done
Event: 59.322 Loading class java/util/stream/ReduceOps$5ReducingSink
Event: 59.323 Loading class java/util/stream/ReduceOps$5ReducingSink done
Event: 59.323 Loading class java/util/stream/ReferencePipeline$4$1
Event: 59.323 Loading class java/util/stream/ReferencePipeline$4$1 done

Classes unloaded (0 events):
No events

Classes redefined (0 events):
No events

Internal exceptions (20 events):
Event: 3.036 Thread 0x0000021360447580 Exception <a 'java/lang/ClassNotFoundException'{0x0000000087ba7b08}: com/sun/javafx/scene/control/skin/resources/controls> (0x0000000087ba7b08) 
thrown [s\open\src\hotspot\share\prims\jni.cpp, line 536]
Event: 3.039 Thread 0x0000021360447580 Exception <a 'java/lang/ClassNotFoundException'{0x0000000087bb5440}: com/sun/javafx/scene/control/skin/resources/controls_pt> (0x0000000087bb5440) 
thrown [s\open\src\hotspot\share\prims\jni.cpp, line 536]
Event: 3.039 Thread 0x0000021360447580 Exception <a 'java/lang/ClassNotFoundException'{0x0000000087bb63e8}: com/sun/javafx/scene/control/skin/resources/controls_pt_BR> (0x0000000087bb63e8) 
thrown [s\open\src\hotspot\share\prims\jni.cpp, line 536]
Event: 3.178 Thread 0x0000021360447580 Exception <a 'java/lang/NoSuchMethodError'{0x0000000087637958}: 'void java.lang.invoke.DirectMethodHandle$Holder.invokeSpecial(java.lang.Object, java.lang.Object, java.lang.Object, java.lang.Object, java.lang.Object, java.lang.Object)'> (0x0000000087637958) 
thrown [s\open\src\hotspot\share\interpreter\linkResolver.cpp, line 774]
Event: 3.650 Thread 0x0000021360400080 Exception <a 'java/lang/NoSuchMethodError'{0x0000000087110d18}: 'int java.lang.invoke.DirectMethodHandle$Holder.invokeStaticInit(java.lang.Object, java.lang.Object)'> (0x0000000087110d18) 
thrown [s\open\src\hotspot\share\interpreter\linkResolver.cpp, line 774]
Event: 3.687 Thread 0x0000021360400080 Exception <a 'java/lang/NoSuchMethodError'{0x0000000087194ba0}: 'java.lang.Object java.lang.invoke.Invokers$Holder.invokeExact_MT(java.lang.Object, java.lang.Object, java.lang.Object, java.lang.Object, java.lang.Object)'> (0x0000000087194ba0) 
thrown [s\open\src\hotspot\share\interpreter\linkResolver.cpp, line 774]
Event: 7.076 Thread 0x0000021360447580 Exception <a 'java/lang/NoSuchMethodError'{0x0000000086e99a68}: 'long java.lang.invoke.DirectMethodHandle$Holder.invokeStatic(java.lang.Object, java.lang.Object, java.lang.Object)'> (0x0000000086e99a68) 
thrown [s\open\src\hotspot\share\interpreter\linkResolver.cpp, line 774]
Event: 7.077 Thread 0x0000021360447580 Exception <a 'java/lang/NoSuchMethodError'{0x0000000086e9d390}: 'long java.lang.invoke.DirectMethodHandle$Holder.invokeStaticInit(java.lang.Object, java.lang.Object, java.lang.Object)'> (0x0000000086e9d390) 
thrown [s\open\src\hotspot\share\interpreter\linkResolver.cpp, line 774]
Event: 7.079 Thread 0x0000021360447580 Exception <a 'java/lang/NoSuchMethodError'{0x0000000086eb5d38}: 'java.lang.Object java.lang.invoke.DirectMethodHandle$Holder.newInvokeSpecial(java.lang.Object, java.lang.Object, long)'> (0x0000000086eb5d38) 
thrown [s\open\src\hotspot\share\interpreter\linkResolver.cpp, line 774]
Event: 7.079 Thread 0x0000021360447580 Exception <a 'java/lang/NoSuchMethodError'{0x0000000086eb98c0}: 'java.lang.Object java.lang.invoke.Invokers$Holder.linkToTargetMethod(java.lang.Object, long, java.lang.Object)'> (0x0000000086eb98c0) 
thrown [s\open\src\hotspot\share\interpreter\linkResolver.cpp, line 774]
Event: 7.266 Thread 0x0000021360447580 Exception <a 'java/lang/NoSuchMethodError'{0x0000000089000b38}: 'void java.lang.invoke.DirectMethodHandle$Holder.invokeSpecialIFC(java.lang.Object, java.lang.Object, java.lang.Object, java.lang.Object)'> (0x0000000089000b38) 
thrown [s\open\src\hotspot\share\interpreter\linkResolver.cpp, line 774]
Event: 13.124 Thread 0x0000021360400080 Exception <a 'java/lang/NoSuchMethodError'{0x000000008898ce38}: 'java.lang.Object java.lang.invoke.DirectMethodHandle$Holder.invokeStaticInit(java.lang.Object, int)'> (0x000000008898ce38) 
thrown [s\open\src\hotspot\share\interpreter\linkResolver.cpp, line 774]
Event: 13.217 Thread 0x0000021360447580 Implicit null exception at 0x000002134c0b9100 to 0x000002134c0b94e8
Event: 17.218 Thread 0x0000021360447580 Implicit null exception at 0x000002134c0c0b20 to 0x000002134c0c5608
Event: 58.067 Thread 0x0000021360447580 Implicit null exception at 0x000002134c0cf022 to 0x000002134c0cf7a8
Event: 58.068 Thread 0x0000021360447580 Implicit null exception at 0x000002134c0f69c9 to 0x000002134c0f6a7c
Event: 65.667 Thread 0x0000021360447580 Exception <a 'java/lang/NoSuchMethodError'{0x0000000087c5d778}: 'java.lang.Object java.lang.invoke.DirectMethodHandle$Holder.newInvokeSpecial(java.lang.Object, java.lang.Object, int, int, int, int, int, java.lang.Object)'> (0x0000000087c5d778) 
thrown [s\open\src\hotspot\share\interpreter\linkResolver.cpp, line 774]
Event: 65.669 Thread 0x0000021360447580 Exception <a 'java/lang/NoSuchMethodError'{0x0000000087c70cc0}: 'java.lang.Object java.lang.invoke.DirectMethodHandle$Holder.newInvokeSpecial(java.lang.Object, java.lang.Object, java.lang.Object, int, int, int, int, int)'> (0x0000000087c70cc0) 
thrown [s\open\src\hotspot\share\interpreter\linkResolver.cpp, line 774]
Event: 65.669 Thread 0x0000021360447580 Exception <a 'java/lang/NoSuchMethodError'{0x0000000087c78d40}: 'java.lang.Object java.lang.invoke.Invokers$Holder.linkToTargetMethod(java.lang.Object, java.lang.Object, int, int, int, int, int, java.lang.Object)'> (0x0000000087c78d40) 
thrown [s\open\src\hotspot\share\interpreter\linkResolver.cpp, line 774]
Event: 85.036 Thread 0x0000021360447580 Implicit null exception at 0x000002134c1a05ac to 0x000002134c1a06b8

VM Operations (20 events):
Event: 212.092 Executing VM operation: Cleanup done
Event: 213.092 Executing VM operation: Cleanup
Event: 213.092 Executing VM operation: Cleanup done
Event: 214.093 Executing VM operation: Cleanup
Event: 214.093 Executing VM operation: Cleanup done
Event: 216.093 Executing VM operation: Cleanup
Event: 216.093 Executing VM operation: Cleanup done
Event: 217.094 Executing VM operation: Cleanup
Event: 217.094 Executing VM operation: Cleanup done
Event: 224.097 Executing VM operation: Cleanup
Event: 224.097 Executing VM operation: Cleanup done
Event: 226.098 Executing VM operation: Cleanup
Event: 226.098 Executing VM operation: Cleanup done
Event: 227.098 Executing VM operation: Cleanup
Event: 227.098 Executing VM operation: Cleanup done
Event: 231.101 Executing VM operation: Cleanup
Event: 231.101 Executing VM operation: Cleanup done
Event: 353.185 Executing VM operation: Cleanup
Event: 353.186 Executing VM operation: Cleanup done
Event: 354.751 Executing VM operation: Exit

Events (20 events):
Event: 177.076 Thread 0x000002135b5938e0 flushing nmethod 0x0000021344b08e90
Event: 177.076 Thread 0x000002135b5938e0 flushing nmethod 0x0000021344b16810
Event: 177.076 Thread 0x000002135b5938e0 flushing nmethod 0x0000021344b33c10
Event: 177.076 Thread 0x000002135b5938e0 flushing nmethod 0x0000021344b50f90
Event: 177.076 Thread 0x000002135b5938e0 flushing nmethod 0x0000021344b65510
Event: 177.076 Thread 0x000002135b5938e0 flushing nmethod 0x0000021344b71b10
Event: 177.077 Thread 0x000002135b5938e0 flushing nmethod 0x0000021344bdc090
Event: 177.077 Thread 0x000002135b5938e0 flushing nmethod 0x0000021344bf2690
Event: 177.077 Thread 0x000002135b5938e0 flushing nmethod 0x0000021344c37010
Event: 177.077 Thread 0x000002135b5938e0 flushing nmethod 0x0000021344c46c90
Event: 177.077 Thread 0x000002135b5938e0 flushing nmethod 0x0000021344cedd10
Event: 177.077 Thread 0x000002135b5938e0 flushing nmethod 0x0000021344cf9d90
Event: 177.077 Thread 0x000002135b5938e0 flushing nmethod 0x0000021344d05510
Event: 177.077 Thread 0x000002135b5938e0 flushing nmethod 0x0000021344d06990
Event: 177.077 Thread 0x000002135b5938e0 flushing nmethod 0x0000021344d17390
Event: 177.078 Thread 0x000002135b5938e0 flushing nmethod 0x0000021344df3e10
Event: 354.721 Thread 0x00000213608fcb90 Thread added: 0x00000213608fcb90
Event: 354.723 Thread 0x00000213608fd0e0 Thread added: 0x00000213608fd0e0
Event: 354.741 Thread 0x00000213608fcb90 Thread exited: 0x00000213608fcb90
Event: 354.751 Thread 0x00000213608fd0e0 Thread exited: 0x00000213608fd0e0


Dynamic libraries:
0x00007ff6bc370000 - 0x00007ff6bc380000 	C:\Program Files\Java\jdk-19\bin\java.exe
0x00007ffbe8630000 - 0x00007ffbe8828000 	C:\Windows\SYSTEM32\ntdll.dll
0x00007ffbe69e0000 - 0x00007ffbe6a9f000 	C:\Windows\System32\KERNEL32.DLL
0x00007ffbe6170000 - 0x00007ffbe6442000 	C:\Windows\System32\KERNELBASE.dll
0x00007ffbe6530000 - 0x00007ffbe6630000 	C:\Windows\System32\ucrtbase.dll
0x00007ffbd3e90000 - 0x00007ffbd3ea8000 	C:\Program Files\Java\jdk-19\bin\jli.dll
0x00007ffbe6bd0000 - 0x00007ffbe6c7e000 	C:\Windows\System32\ADVAPI32.dll
0x00007ffbe8420000 - 0x00007ffbe84be000 	C:\Windows\System32\msvcrt.dll
0x00007ffbe6fb0000 - 0x00007ffbe704c000 	C:\Windows\System32\sechost.dll
0x00007ffbe84c0000 - 0x00007ffbe85e5000 	C:\Windows\System32\RPCRT4.dll
0x00007ffbe8200000 - 0x00007ffbe839d000 	C:\Windows\System32\USER32.dll
0x00007ffbe6450000 - 0x00007ffbe6472000 	C:\Windows\System32\win32u.dll
0x00007ffbe81d0000 - 0x00007ffbe81fb000 	C:\Windows\System32\GDI32.dll
0x00007ffbe5f20000 - 0x00007ffbe602f000 	C:\Windows\System32\gdi32full.dll
0x00007ffbd3f70000 - 0x00007ffbd3f8b000 	C:\Program Files\Java\jdk-19\bin\VCRUNTIME140.dll
0x00007ffbe6060000 - 0x00007ffbe60fd000 	C:\Windows\System32\msvcp_win.dll
0x00007ffbd70e0000 - 0x00007ffbd737a000 	C:\Windows\WinSxS\amd64_microsoft.windows.common-controls_6595b64144ccf1df_6.0.19041.1110_none_60b5254171f9507e\COMCTL32.dll
0x00007ffbdde50000 - 0x00007ffbdde5a000 	C:\Windows\SYSTEM32\VERSION.dll
0x00007ffbe6dc0000 - 0x00007ffbe6df2000 	C:\Windows\System32\IMM32.DLL
0x00007ffbdfd00000 - 0x00007ffbdfd0c000 	C:\Program Files\Java\jdk-19\bin\vcruntime140_1.dll
0x00007ffbc2ca0000 - 0x00007ffbc2d2e000 	C:\Program Files\Java\jdk-19\bin\msvcp140.dll
0x00007ffb75500000 - 0x00007ffb761c0000 	C:\Program Files\Java\jdk-19\bin\server\jvm.dll
0x00007ffbd8810000 - 0x00007ffbd8837000 	C:\Windows\SYSTEM32\WINMM.dll
0x00007ffbe0400000 - 0x00007ffbe0409000 	C:\Windows\SYSTEM32\WSOCK32.dll
0x00007ffbe83a0000 - 0x00007ffbe840b000 	C:\Windows\System32\WS2_32.dll
0x00007ffbe4570000 - 0x00007ffbe4582000 	C:\Windows\SYSTEM32\kernel.appcore.dll
0x00007ffbdfca0000 - 0x00007ffbdfcaa000 	C:\Program Files\Java\jdk-19\bin\jimage.dll
0x00007ffbd2850000 - 0x00007ffbd2a34000 	C:\Windows\SYSTEM32\DBGHELP.DLL
0x00007ffbd23f0000 - 0x00007ffbd241c000 	C:\Windows\SYSTEM32\dbgcore.DLL
0x00007ffbe5d30000 - 0x00007ffbe5db2000 	C:\Windows\System32\bcryptPrimitives.dll
0x00007ffbd21f0000 - 0x00007ffbd2216000 	C:\Program Files\Java\jdk-19\bin\java.dll
0x00007ffbc19d0000 - 0x00007ffbc1aa7000 	C:\Program Files\Java\jdk-19\bin\jsvml.dll
0x00007ffbe7810000 - 0x00007ffbe7f53000 	C:\Windows\System32\SHELL32.dll
0x00007ffbe3dd0000 - 0x00007ffbe4562000 	C:\Windows\SYSTEM32\windows.storage.dll
0x00007ffbe6680000 - 0x00007ffbe69d4000 	C:\Windows\System32\combase.dll
0x00007ffbe5790000 - 0x00007ffbe57c0000 	C:\Windows\SYSTEM32\Wldp.dll
0x00007ffbe6d10000 - 0x00007ffbe6dbd000 	C:\Windows\System32\SHCORE.dll
0x00007ffbe8090000 - 0x00007ffbe80e5000 	C:\Windows\System32\shlwapi.dll
0x00007ffbe5c70000 - 0x00007ffbe5c8f000 	C:\Windows\SYSTEM32\profapi.dll
0x00007ffbd3e70000 - 0x00007ffbd3e83000 	C:\Program Files\Java\jdk-19\bin\net.dll
0x00007ffbd9bd0000 - 0x00007ffbd9cdc000 	C:\Windows\SYSTEM32\WINHTTP.dll
0x00007ffbe54f0000 - 0x00007ffbe555a000 	C:\Windows\system32\mswsock.dll
0x00007ffbd2150000 - 0x00007ffbd2166000 	C:\Program Files\Java\jdk-19\bin\nio.dll
0x00007ffbd2130000 - 0x00007ffbd2148000 	C:\Program Files\Java\jdk-19\bin\zip.dll
0x000002133ae50000 - 0x000002133ae53000 	C:\Users\Gabriel\.openjfx\cache\13\api-ms-win-core-console-l1-1-0.dll
0x000002135b6f0000 - 0x000002135b6f3000 	C:\Users\Gabriel\.openjfx\cache\13\api-ms-win-core-datetime-l1-1-0.dll
0x000002135b700000 - 0x000002135b703000 	C:\Users\Gabriel\.openjfx\cache\13\api-ms-win-core-debug-l1-1-0.dll
0x000002135b710000 - 0x000002135b713000 	C:\Users\Gabriel\.openjfx\cache\13\api-ms-win-core-errorhandling-l1-1-0.dll
0x000002135b720000 - 0x000002135b724000 	C:\Users\Gabriel\.openjfx\cache\13\api-ms-win-core-file-l1-1-0.dll
0x000002135b730000 - 0x000002135b733000 	C:\Users\Gabriel\.openjfx\cache\13\api-ms-win-core-file-l1-2-0.dll
0x000002135b740000 - 0x000002135b743000 	C:\Users\Gabriel\.openjfx\cache\13\api-ms-win-core-file-l2-1-0.dll
0x000002135b750000 - 0x000002135b753000 	C:\Users\Gabriel\.openjfx\cache\13\api-ms-win-core-handle-l1-1-0.dll
0x000002135b760000 - 0x000002135b763000 	C:\Users\Gabriel\.openjfx\cache\13\api-ms-win-core-heap-l1-1-0.dll
0x000002135b770000 - 0x000002135b773000 	C:\Users\Gabriel\.openjfx\cache\13\api-ms-win-core-interlocked-l1-1-0.dll
0x000002135b780000 - 0x000002135b783000 	C:\Users\Gabriel\.openjfx\cache\13\api-ms-win-core-libraryloader-l1-1-0.dll
0x000002135b790000 - 0x000002135b793000 	C:\Users\Gabriel\.openjfx\cache\13\api-ms-win-core-localization-l1-2-0.dll
0x000002135b7a0000 - 0x000002135b7a3000 	C:\Users\Gabriel\.openjfx\cache\13\api-ms-win-core-memory-l1-1-0.dll
0x000002135b7b0000 - 0x000002135b7b3000 	C:\Users\Gabriel\.openjfx\cache\13\api-ms-win-core-namedpipe-l1-1-0.dll
0x000002135b7c0000 - 0x000002135b7c3000 	C:\Users\Gabriel\.openjfx\cache\13\api-ms-win-core-processenvironment-l1-1-0.dll
0x000002135b7d0000 - 0x000002135b7d3000 	C:\Users\Gabriel\.openjfx\cache\13\api-ms-win-core-processthreads-l1-1-0.dll
0x000002135b7e0000 - 0x000002135b7e3000 	C:\Users\Gabriel\.openjfx\cache\13\api-ms-win-core-processthreads-l1-1-1.dll
0x000002135b7f0000 - 0x000002135b7f3000 	C:\Users\Gabriel\.openjfx\cache\13\api-ms-win-core-profile-l1-1-0.dll
0x00000213613d0000 - 0x00000213613d3000 	C:\Users\Gabriel\.openjfx\cache\13\api-ms-win-core-rtlsupport-l1-1-0.dll
0x00000213613e0000 - 0x00000213613e3000 	C:\Users\Gabriel\.openjfx\cache\13\api-ms-win-core-string-l1-1-0.dll
0x00000213613f0000 - 0x00000213613f3000 	C:\Users\Gabriel\.openjfx\cache\13\api-ms-win-core-synch-l1-1-0.dll
0x0000021361400000 - 0x0000021361403000 	C:\Users\Gabriel\.openjfx\cache\13\api-ms-win-core-synch-l1-2-0.dll
0x0000021361410000 - 0x0000021361413000 	C:\Users\Gabriel\.openjfx\cache\13\api-ms-win-core-sysinfo-l1-1-0.dll
0x0000021361420000 - 0x0000021361423000 	C:\Users\Gabriel\.openjfx\cache\13\api-ms-win-core-timezone-l1-1-0.dll
0x0000021361430000 - 0x0000021361433000 	C:\Users\Gabriel\.openjfx\cache\13\api-ms-win-core-util-l1-1-0.dll
0x0000021361440000 - 0x0000021361443000 	C:\Users\Gabriel\.openjfx\cache\13\api-ms-win-crt-conio-l1-1-0.dll
0x0000021361450000 - 0x0000021361454000 	C:\Users\Gabriel\.openjfx\cache\13\api-ms-win-crt-convert-l1-1-0.dll
0x0000021361460000 - 0x0000021361463000 	C:\Users\Gabriel\.openjfx\cache\13\api-ms-win-crt-environment-l1-1-0.dll
0x0000021361470000 - 0x0000021361473000 	C:\Users\Gabriel\.openjfx\cache\13\api-ms-win-crt-filesystem-l1-1-0.dll
0x0000021361480000 - 0x0000021361483000 	C:\Users\Gabriel\.openjfx\cache\13\api-ms-win-crt-heap-l1-1-0.dll
0x0000021361490000 - 0x0000021361493000 	C:\Users\Gabriel\.openjfx\cache\13\api-ms-win-crt-locale-l1-1-0.dll
0x00000213614a0000 - 0x00000213614a5000 	C:\Users\Gabriel\.openjfx\cache\13\api-ms-win-crt-math-l1-1-0.dll
0x00000213614b0000 - 0x00000213614b5000 	C:\Users\Gabriel\.openjfx\cache\13\api-ms-win-crt-multibyte-l1-1-0.dll
0x00000213614c0000 - 0x00000213614d0000 	C:\Users\Gabriel\.openjfx\cache\13\api-ms-win-crt-private-l1-1-0.dll
0x00000213614d0000 - 0x00000213614d3000 	C:\Users\Gabriel\.openjfx\cache\13\api-ms-win-crt-process-l1-1-0.dll
0x00000213614e0000 - 0x00000213614e4000 	C:\Users\Gabriel\.openjfx\cache\13\api-ms-win-crt-runtime-l1-1-0.dll
0x00000213614f0000 - 0x00000213614f4000 	C:\Users\Gabriel\.openjfx\cache\13\api-ms-win-crt-stdio-l1-1-0.dll
0x0000021361500000 - 0x0000021361504000 	C:\Users\Gabriel\.openjfx\cache\13\api-ms-win-crt-string-l1-1-0.dll
0x0000021361510000 - 0x0000021361513000 	C:\Users\Gabriel\.openjfx\cache\13\api-ms-win-crt-time-l1-1-0.dll
0x0000021361520000 - 0x0000021361523000 	C:\Users\Gabriel\.openjfx\cache\13\api-ms-win-crt-utility-l1-1-0.dll
0x00007ffbc18d0000 - 0x00007ffbc19cc000 	C:\Users\Gabriel\.openjfx\cache\13\ucrtbase.dll
0x00007ffbc8700000 - 0x00007ffbc8715000 	C:\Users\Gabriel\.openjfx\cache\13\vcruntime140.dll
0x00007ffbbf6a0000 - 0x00007ffbbf73b000 	C:\Users\Gabriel\.openjfx\cache\13\msvcp140.dll
0x00007ffbc6400000 - 0x00007ffbc6451000 	C:\Users\Gabriel\.openjfx\cache\13\concrt140.dll
0x00007ffbc0c60000 - 0x00007ffbc0c83000 	C:\Users\Gabriel\.openjfx\cache\13\prism_d3d.dll
0x00007ffbd2220000 - 0x00007ffbd23ef000 	C:\Windows\system32\d3d9.dll
0x00007ffbe3900000 - 0x00007ffbe392f000 	C:\Windows\SYSTEM32\dwmapi.dll
0x00007ffbe3720000 - 0x00007ffbe37be000 	C:\Windows\system32\uxtheme.dll
0x00007ffb65c40000 - 0x00007ffb6b44d000 	C:\Windows\System32\DriverStore\FileRepository\igdlh64.inf_amd64_6d1fd205efa7f979\igdumdim64.dll
0x00007ffbe7f60000 - 0x00007ffbe802d000 	C:\Windows\System32\OLEAUT32.dll
0x00007ffbe7060000 - 0x00007ffbe718a000 	C:\Windows\System32\ole32.dll
0x00007ffbe7280000 - 0x00007ffbe76e8000 	C:\Windows\System32\SETUPAPI.dll
0x00007ffbe6630000 - 0x00007ffbe667e000 	C:\Windows\System32\cfgmgr32.dll
0x00007ffbe6030000 - 0x00007ffbe6057000 	C:\Windows\System32\bcrypt.dll
0x00007ffbc0260000 - 0x00007ffbc02a5000 	C:\Users\Gabriel\.openjfx\cache\13\glass.dll
0x00007ffbe7190000 - 0x00007ffbe726a000 	C:\Windows\System32\COMDLG32.dll
0x00007ffbe76f0000 - 0x00007ffbe7805000 	C:\Windows\System32\MSCTF.dll
0x00007ffbd8840000 - 0x00007ffbd999e000 	C:\Windows\System32\DriverStore\FileRepository\igdlh64.inf_amd64_6d1fd205efa7f979\igc64.dll
0x00007ffbdb820000 - 0x00007ffbdb85b000 	C:\Windows\SYSTEM32\dxcore.dll
0x00007ffbc7e60000 - 0x00007ffbc7e74000 	C:\Users\Gabriel\.openjfx\cache\13\javafx_font.dll
0x00007ffbca680000 - 0x00007ffbca8ff000 	C:\Windows\SYSTEM32\dwrite.dll
0x00007ffbe6aa0000 - 0x00007ffbe6b4f000 	C:\Windows\System32\clbcatq.dll
0x00007ffbde9d0000 - 0x00007ffbdeb84000 	C:\Windows\SYSTEM32\WindowsCodecs.dll
0x00007ffbc8420000 - 0x00007ffbc845e000 	C:\Windows\system32\dataexchange.dll
0x00007ffbe1af0000 - 0x00007ffbe1d53000 	C:\Windows\system32\d3d11.dll
0x00007ffbe2780000 - 0x00007ffbe2963000 	C:\Windows\system32\dcomp.dll
0x00007ffbe45f0000 - 0x00007ffbe46e3000 	C:\Windows\system32\dxgi.dll
0x00007ffbdef60000 - 0x00007ffbdf160000 	C:\Windows\system32\twinapi.appcore.dll
0x00007ffbdeda0000 - 0x00007ffbdedd4000 	C:\Program Files\Common Files\Microsoft Shared\Ink\rtscom.dll
0x00007ffbce590000 - 0x00007ffbce689000 	C:\Windows\SYSTEM32\textinputframework.dll
0x00007ffbe2970000 - 0x00007ffbe2cce000 	C:\Windows\System32\CoreUIComponents.dll
0x00007ffbe3050000 - 0x00007ffbe3142000 	C:\Windows\System32\CoreMessaging.dll
0x00007ffbe4ec0000 - 0x00007ffbe4ef3000 	C:\Windows\SYSTEM32\ntmarta.dll
0x00007ffbe1990000 - 0x00007ffbe1ae4000 	C:\Windows\SYSTEM32\wintypes.dll
0x00007ffbd86f0000 - 0x00007ffbd8756000 	C:\Windows\system32\Oleacc.dll
0x00007ffbd4200000 - 0x00007ffbd422c000 	C:\Users\Gabriel\.openjfx\cache\13\javafx_iio.dll

dbghelp: loaded successfully - version: 4.0.5 - missing functions: none
symbol engine: initialized successfully - sym options: 0x614 - pdb path: .;C:\Program Files\Java\jdk-19\bin;C:\Windows\SYSTEM32;C:\Windows\WinSxS\amd64_microsoft.windows.common-controls_6595b64144ccf1df_6.0.19041.1110_none_60b5254171f9507e;C:\Program Files\Java\jdk-19\bin\server;C:\Users\Gabriel\.openjfx\cache\13;C:\Windows\System32\DriverStore\FileRepository\igdlh64.inf_amd64_6d1fd205efa7f979;C:\Program Files\Common Files\Microsoft Shared\Ink

VM Arguments:
jvm_args: --module-path=C:\Users\Gabriel\Downloads\teste4\Trabalho-Final-POO\batalha-pokemon\target\classes;C:\Users\Gabriel\.m2\repository\org\openjfx\javafx-base\13\javafx-base-13-win.jar;C:\Users\Gabriel\.m2\repository\org\openjfx\javafx-controls\13\javafx-controls-13-win.jar;C:\Users\Gabriel\.m2\repository\org\openjfx\javafx-fxml\13\javafx-fxml-13-win.jar;C:\Users\Gabriel\.m2\repository\org\openjfx\javafx-graphics\13\javafx-graphics-13-win.jar --add-modules=poo -Djdk.module.main=poo 
java_command: poo/poo.App
java_class_path (initial): C:\Users\Gabriel\.m2\repository\org\openjfx\javafx-base\13\javafx-base-13.jar;C:\Users\Gabriel\.m2\repository\org\openjfx\javafx-controls\13\javafx-controls-13.jar;C:\Users\Gabriel\.m2\repository\org\openjfx\javafx-fxml\13\javafx-fxml-13.jar;C:\Users\Gabriel\.m2\repository\org\openjfx\javafx-graphics\13\javafx-graphics-13.jar
Launcher Type: SUN_STANDARD

[Global flags]
     intx CICompilerCount                          = 4                                         {product} {ergonomic}
     uint ConcGCThreads                            = 2                                         {product} {ergonomic}
     uint G1ConcRefinementThreads                  = 8                                         {product} {ergonomic}
   size_t G1HeapRegionSize                         = 1048576                                   {product} {ergonomic}
    uintx GCDrainStackTargetSize                   = 64                                        {product} {ergonomic}
   size_t InitialHeapSize                          = 134217728                                 {product} {ergonomic}
   size_t MarkStackSize                            = 4194304                                   {product} {ergonomic}
   size_t MaxHeapSize                              = 2128609280                                {product} {ergonomic}
   size_t MaxNewSize                               = 1277165568                                {product} {ergonomic}
   size_t MinHeapDeltaBytes                        = 1048576                                   {product} {ergonomic}
   size_t MinHeapSize                              = 8388608                                   {product} {ergonomic}
    uintx NonNMethodCodeHeapSize                   = 5839372                                {pd product} {ergonomic}
    uintx NonProfiledCodeHeapSize                  = 122909434                              {pd product} {ergonomic}
    uintx ProfiledCodeHeapSize                     = 122909434                              {pd product} {ergonomic}
    uintx ReservedCodeCacheSize                    = 251658240                              {pd product} {ergonomic}
     bool SegmentedCodeCache                       = true                                      {product} {ergonomic}
   size_t SoftMaxHeapSize                          = 2128609280                             {manageable} {ergonomic}
     bool UseCompressedClassPointers               = true                           {product lp64_product} {ergonomic}
     bool UseCompressedOops                        = true                           {product lp64_product} {ergonomic}
     bool UseG1GC                                  = true                                      {product} {ergonomic}
     bool UseLargePagesIndividualAllocation        = false                                  {pd product} {ergonomic}

Logging:
Log output configuration:
 #0: stdout all=off uptime,level,tags foldmultilines=false
 #1: stderr all=off uptime,level,tags foldmultilines=false

Environment Variables:
JAVA_HOME=C:\Program Files\Java\jdk-19
PATH=C:\Program Files\Common Files\Oracle\Java\javapath;C:\Program Files\Eclipse Adoptium\jdk-17.0.4.101-hotspot\bin;C:\Program Files (x86)\Common Files\Oracle\Java\javapath;C:\Windows\system32;C:\Windows;C:\Windows\System32\Wbem;C:\Windows\System32\WindowsPowerShell\v1.0\;C:\Windows\System32\OpenSSH\;C:\Program Files\Git\cmd;C:\Users\Gabriel\AppData\Local\Microsoft\WindowsApps;C:\Users\Gabriel\AppData\Local\Programs\Microsoft VS Code\bin;C:\Users\Gabriel\AppData\Local\GitHubDesktop\bin;C:\Program Files (x86)\Maven\apache-maven-3.8.6\bin;C:\Program Files\Java\jdk-19\bin;
USERNAME=Gabriel
LANG=pt_BR.UTF-8
OS=Windows_NT
PROCESSOR_IDENTIFIER=Intel64 Family 6 Model 94 Stepping 3, GenuineIntel
TMP=C:\Users\Gabriel\AppData\Local\Temp
TEMP=C:\Users\Gabriel\AppData\Local\Temp



---------------  S Y S T E M  ---------------

OS:
 Windows 10 , 64 bit Build 19041 (10.0.19041.2251)
OS uptime: 2 days 1:26 hours

CPU: total 8 (initial active 8) (4 cores per cpu, 2 threads per core) family 6 model 94 stepping 3 microcode 0xcc, cx8, cmov, fxsr, ht, mmx, 3dnowpref, sse, sse2, sse3, ssse3, sse4.1, sse4.2, popcnt, lzcnt, tsc, tscinvbit, avx, avx2, aes, erms, clmul, bmi1, bmi2, rtm, adx, fma, vzeroupper, clflush, clflushopt, rdtscp

Memory: 4k page, system-wide physical 8112M (860M free)
TotalPageFile size 19888M (AvailPageFile size 7851M)
current process WorkingSet (physical memory assigned to process): 285M, peak: 306M
current process commit charge ("private bytes"): 368M, peak: 390M

vm_info: Java HotSpot(TM) 64-Bit Server VM (19.0.1+10-21) for windows-amd64 JRE (19.0.1+10-21), built on 2022-09-14T12:45:06Z by "mach5one" with MS VC++ 17.1 (VS2022)

END.
