#
# A fatal error has been detected by the Java Runtime Environment:
#
#  EXCEPTION_ACCESS_VIOLATION (0xc0000005) at pc=0x00007ffbc2d066f0, pid=6972, tid=15204
#
# JRE version: Java(TM) SE Runtime Environment (19.0.1+10) (build 19.0.1+10-21)
# Java VM: Java HotSpot(TM) 64-Bit Server VM (19.0.1+10-21, mixed mode, sharing, tiered, compressed oops, compressed class ptrs, g1 gc, windows-amd64)
# Problematic frame:
# C  [glass.dll+0x266f0]
#
# No core dump will be written. Minidumps are not enabled by default on client versions of Windows
#
# If you would like to submit a bug report, please visit:
#   https://bugreport.java.com/bugreport/crash.jsp
#

---------------  S U M M A R Y ------------

Command Line: --module-path=C:\Users\Gabriel\Downloads\teste4\Trabalho-Final-POO\batalha-pokemon\target\classes;C:\Users\Gabriel\.m2\repository\org\openjfx\javafx-base\13\javafx-base-13-win.jar;C:\Users\Gabriel\.m2\repository\org\openjfx\javafx-controls\13\javafx-controls-13-win.jar;C:\Users\Gabriel\.m2\repository\org\openjfx\javafx-fxml\13\javafx-fxml-13-win.jar;C:\Users\Gabriel\.m2\repository\org\openjfx\javafx-graphics\13\javafx-graphics-13-win.jar --add-modules=poo -Djdk.module.main=poo poo/poo.App

Host: Intel(R) Core(TM) i7-6700HQ CPU @ 2.60GHz, 8 cores, 7G,  Windows 10 , 64 bit Build 19041 (10.0.19041.2251)
Time: Wed Nov 30 11:27:07 2022 Hora oficial do Brasil elapsed time: 31.635280 seconds (0d 0h 0m 31s)

---------------  T H R E A D  ---------------

Current thread (0x0000016b59a6a360):  VMThread "VM Thread" [stack: 0x0000004b6ad00000,0x0000004b6ae00000] [id=15204]

Stack: [0x0000004b6ad00000,0x0000004b6ae00000],  sp=0x0000004b6adfef70,  free space=1019k
Native frames: (J=compiled Java code, j=interpreted, Vv=VM code, C=native code)
C  [glass.dll+0x266f0]


siginfo: EXCEPTION_ACCESS_VIOLATION (0xc0000005), reading address 0x0000000000000000


Registers:
RAX=0x0000000000000000, RBX=0x0000016b59a7ca80, RCX=0x0000016b59a6a360, RDX=0x0000004b6adfef70
RSP=0x0000004b6adfef70, RBP=0x0000016b5e87eb18, RSI=0x0000016b5e87eaf0, RDI=0x00005dc9438c370d
R8 =0x0000000000010002, R9 =0x00005dc9438c370d, R10=0x0000000000008000, R11=0x0000004b6adfef10
R12=0x00007ffbc2d03b84, R13=0x00007ffbb88472a0, R14=0x0000004b6adff078, R15=0x0000016b5e87eaf0
RIP=0x00007ffbc2d066f0, EFLAGS=0x0000000000010202


Register to memory mapping:

RIP=0x00007ffbc2d066f0 glass.dll
RAX=0x0 is NULL
RBX=0x0000016b59a7ca80 is a global jni handle
RCX=0x0000016b59a6a360 points into unknown readable memory: 0x00007ffbb86545e8 | e8 45 65 b8 fb 7f 00 00
RDX=0x0000004b6adfef70 points into unknown readable memory: 0x0000000000000000 | 00 00 00 00 00 00 00 00
RSP=0x0000004b6adfef70 points into unknown readable memory: 0x0000000000000000 | 00 00 00 00 00 00 00 00
RBP=0x0000016b5e87eb18 points into unknown readable memory: 0x00005dc9438c370d | 0d 37 8c 43 c9 5d 00 00
RSI=0x0000016b5e87eaf0 points into unknown readable memory: 0x0fff25934541b70d | 0d b7 41 45 93 25 ff 0f
RDI=0x00005dc9438c370d is an unknown value
R8 =0x0000000000010002 is an unknown value
R9 =0x00005dc9438c370d is an unknown value
R10=0x0000000000008000 is an unknown value
R11=0x0000004b6adfef10 points into unknown readable memory: 0x0000016b5e87eaf0 | f0 ea 87 5e 6b 01 00 00
R12=0x00007ffbc2d03b84 glass.dll
R13=0x00007ffbb88472a0 jvm.dll
R14=0x0000004b6adff078 points into unknown readable memory: 0x0000004b6adff060 | 60 f0 df 6a 4b 00 00 00
R15=0x0000016b5e87eaf0 points into unknown readable memory: 0x0fff25934541b70d | 0d b7 41 45 93 25 ff 0f


Top of Stack: (sp=0x0000004b6adfef70)
0x0000004b6adfef70:   0000000000000000 00007ffbe653f05b
0x0000004b6adfef80:   0000016b5e87eb00 0000016b5e87eaf0
0x0000004b6adfef90:   fffffffffffffffe 00007ffbc2d03b84
0x0000004b6adfefa0:   0000016b5e87eaf8 00007ffbe65442d6
0x0000004b6adfefb0:   0000016b5e87eb00 0000016b00000000
0x0000004b6adfefc0:   0000016b5e87eb18 0000016b5e87eaf0
0x0000004b6adfefd0:   fffffffffffffffe 0000000000000000
0x0000004b6adfefe0:   0000000000000001 00007ffbc2ce0000
0x0000004b6adfeff0:   0000004b6adff068 00007ffbe65441fb
0x0000004b6adff000:   0000000000000000 0000004b6adff078
0x0000004b6adff010:   0000004b6adff330 00007ffbe6620e40
0x0000004b6adff020:   0000000000000000 00007ffbe65441b4
0x0000004b6adff030:   0000000000000000 0000000000000001
0x0000004b6adff040:   0000000000000001 0000004b6adff068
0x0000004b6adff050:   0000000000000006 00007ffbc2d03a12
0x0000004b6adff060:   00007ffbc2d1d118 0000004b00000002 

Instructions: (pc=0x00007ffbc2d066f0)
0x00007ffbc2d065f0:   8b 4d 60 e8 98 c9 ff ff 48 8b 55 68 48 8b 8d 08
0x00007ffbc2d06600:   01 00 00 e8 49 be ff ff 33 d2 33 c9 e8 49 de ff
0x00007ffbc2d06610:   ff 90 cc cc cc cc cc cc cc cc cc cc cc cc cc cc
0x00007ffbc2d06620:   48 8d 8a 80 00 00 00 e9 14 e9 fe ff 48 89 54 24
0x00007ffbc2d06630:   10 55 48 83 ec 20 48 8b ea 48 8d 05 dd ca ff ff
0x00007ffbc2d06640:   48 83 c4 20 5d c3 cc 40 55 48 8b ea 48 8b 01 33
0x00007ffbc2d06650:   c9 81 38 05 00 00 c0 0f 94 c1 8b c1 5d c3 cc 40
0x00007ffbc2d06660:   55 48 83 ec 20 48 8b ea 8a 4d 40 48 83 c4 20 5d
0x00007ffbc2d06670:   e9 df cd ff ff cc 40 55 48 83 ec 20 48 8b ea e8
0x00007ffbc2d06680:   fc cb ff ff 8a 4d 38 48 83 c4 20 5d e9 c3 cd ff
0x00007ffbc2d06690:   ff cc 40 55 48 83 ec 30 48 8b ea 48 8b 01 8b 10
0x00007ffbc2d066a0:   48 89 4c 24 28 89 54 24 20 4c 8d 0d a4 d1 ff ff
0x00007ffbc2d066b0:   4c 8b 45 70 8b 55 68 48 8b 4d 60 e8 30 cb ff ff
0x00007ffbc2d066c0:   90 48 83 c4 30 5d c3 cc cc cc cc cc cc cc cc cc
0x00007ffbc2d066d0:   40 53 48 83 ec 30 48 c7 44 24 20 fe ff ff ff 48
0x00007ffbc2d066e0:   8b 1d 2a 64 01 00 48 85 db 74 16 e8 90 85 ff ff
0x00007ffbc2d066f0:   4c 8b 00 48 8b d3 48 8b c8 41 ff 90 b0 00 00 00
0x00007ffbc2d06700:   90 48 83 c4 30 5b c3 cc cc cc cc cc cc cc cc cc
0x00007ffbc2d06710:   40 53 48 83 ec 20 48 8b 1d 9b 65 01 00 48 85 db
0x00007ffbc2d06720:   74 57 b8 ff ff ff ff f0 0f c1 43 10 83 f8 01 75
0x00007ffbc2d06730:   3d 48 85 db 74 38 48 8b 0b 48 85 c9 74 0d ff 15
0x00007ffbc2d06740:   64 0b 00 00 48 c7 03 00 00 00 00 48 8b 4b 08 48
0x00007ffbc2d06750:   85 c9 74 0d e8 37 c8 ff ff 48 c7 43 08 00 00 00
0x00007ffbc2d06760:   00 ba 18 00 00 00 48 8b cb e8 22 c8 ff ff 48 c7
0x00007ffbc2d06770:   05 3f 65 01 00 00 00 00 00 48 83 c4 20 5b c3 cc
0x00007ffbc2d06780:   40 53 48 83 ec 20 48 8b 1d 0b 65 01 00 48 85 db
0x00007ffbc2d06790:   74 57 b8 ff ff ff ff f0 0f c1 43 10 83 f8 01 75
0x00007ffbc2d067a0:   3d 48 85 db 74 38 48 8b 0b 48 85 c9 74 0d ff 15
0x00007ffbc2d067b0:   f4 0a 00 00 48 c7 03 00 00 00 00 48 8b 4b 08 48
0x00007ffbc2d067c0:   85 c9 74 0d e8 c7 c7 ff ff 48 c7 43 08 00 00 00
0x00007ffbc2d067d0:   00 ba 18 00 00 00 48 8b cb e8 b2 c7 ff ff 48 c7
0x00007ffbc2d067e0:   05 af 64 01 00 00 00 00 00 48 83 c4 20 5b c3 cc 


Stack slot to memory mapping:
stack at sp + 0 slots: 0x0 is NULL
stack at sp + 1 slots: 0x00007ffbe653f05b ucrtbase.dll
stack at sp + 2 slots: 0x0000016b5e87eb00 points into unknown readable memory: 0x00005dc9438c370d | 0d 37 8c 43 c9 5d 00 00
stack at sp + 3 slots: 0x0000016b5e87eaf0 points into unknown readable memory: 0x0fff25934541b70d | 0d b7 41 45 93 25 ff 0f
stack at sp + 4 slots: 0xfffffffffffffffe is an unknown value
stack at sp + 5 slots: 0x00007ffbc2d03b84 glass.dll
stack at sp + 6 slots: 0x0000016b5e87eaf8 points into unknown readable memory: 0x00005dc9438c370d | 0d 37 8c 43 c9 5d 00 00
stack at sp + 7 slots: 0x00007ffbe65442d6 ucrtbase.dll

VM_Operation (0x0000004b6beec940): Exit, mode: safepoint, requested by thread 0x0000016b5e1a4670


---------------  P R O C E S S  ---------------

Threads class SMR info:
_java_thread_list=0x0000016b5e9b2b70, length=19, elements={
0x0000016b3912dfc0, 0x0000016b59a81a10, 0x0000016b59a82800, 0x0000016b59a88dc0,
0x0000016b59a896f0, 0x0000016b59a8a160, 0x0000016b59a8aa90, 0x0000016b59a8f400,
0x0000016b59aa47b0, 0x0000016b59aa9b10, 0x0000016b59a5a4e0, 0x0000016b5de2fec0,
0x0000016b5e8d4a90, 0x0000016b5ea7c9e0, 0x0000016b5e1a4670, 0x0000016b5ebeaa10,
0x0000016b5ebc4450, 0x0000016b5ecbcda0, 0x0000016b5ecbbdb0
}

Java Threads: ( => current thread )
  0x0000016b3912dfc0 JavaThread "main" [_thread_blocked, id=20036, stack(0x0000004b6a700000,0x0000004b6a800000)]
  0x0000016b59a81a10 JavaThread "Reference Handler" daemon [_thread_blocked, id=15364, stack(0x0000004b6ae00000,0x0000004b6af00000)]
  0x0000016b59a82800 JavaThread "Finalizer" daemon [_thread_blocked, id=23728, stack(0x0000004b6af00000,0x0000004b6b000000)]
  0x0000016b59a88dc0 JavaThread "Signal Dispatcher" daemon [_thread_blocked, id=19236, stack(0x0000004b6b000000,0x0000004b6b100000)]
  0x0000016b59a896f0 JavaThread "Attach Listener" daemon [_thread_blocked, id=12260, stack(0x0000004b6b100000,0x0000004b6b200000)]
  0x0000016b59a8a160 JavaThread "Service Thread" daemon [_thread_blocked, id=8140, stack(0x0000004b6b200000,0x0000004b6b300000)]
  0x0000016b59a8aa90 JavaThread "Monitor Deflation Thread" daemon [_thread_blocked, id=13124, stack(0x0000004b6b300000,0x0000004b6b400000)]
  0x0000016b59a8f400 JavaThread "C2 CompilerThread0" daemon [_thread_blocked, id=23484, stack(0x0000004b6b400000,0x0000004b6b500000)]
  0x0000016b59aa47b0 JavaThread "C1 CompilerThread0" daemon [_thread_blocked, id=9864, stack(0x0000004b6b500000,0x0000004b6b600000)]
  0x0000016b59aa9b10 JavaThread "Sweeper thread" daemon [_thread_blocked, id=22480, stack(0x0000004b6b600000,0x0000004b6b700000)]
  0x0000016b59a5a4e0 JavaThread "Common-Cleaner" daemon [_thread_blocked, id=24288, stack(0x0000004b6b700000,0x0000004b6b800000)]
  0x0000016b5de2fec0 JavaThread "Notification Thread" daemon [_thread_blocked, id=11296, stack(0x0000004b6ba00000,0x0000004b6bb00000)]
  0x0000016b5e8d4a90 JavaThread "QuantumRenderer-0" daemon [_thread_blocked, id=5616, stack(0x0000004b6bc00000,0x0000004b6bd00000)]
  0x0000016b5ea7c9e0 JavaThread "InvokeLaterDispatcher" daemon [_thread_blocked, id=6964, stack(0x0000004b6bd00000,0x0000004b6be00000)]
  0x0000016b5e1a4670 JavaThread "JavaFX Application Thread" [_thread_blocked, id=16692, stack(0x0000004b6be00000,0x0000004b6bf00000)]
  0x0000016b5ebeaa10 JavaThread "Thread-1" daemon [_thread_in_native, id=10056, stack(0x0000004b6c200000,0x0000004b6c300000)]
  0x0000016b5ebc4450 JavaThread "JavaFX-Launcher" [_thread_blocked, id=17176, stack(0x0000004b6c300000,0x0000004b6c400000)]
  0x0000016b5ecbcda0 JavaThread "Prism Font Disposer" daemon [_thread_blocked, id=13164, stack(0x0000004b6b900000,0x0000004b6ba00000)]
  0x0000016b5ecbbdb0 JavaThread "Cleaner-0" daemon [_thread_blocked, id=2700, stack(0x0000004b6b800000,0x0000004b6b900000)]

Other Threads:
=>0x0000016b59a6a360 VMThread "VM Thread" [stack: 0x0000004b6ad00000,0x0000004b6ae00000] [id=15204]
  0x0000016b3b29e240 WorkerThread "GC Thread#0" [stack: 0x0000004b6a800000,0x0000004b6a900000] [id=4780]
  0x0000016b5ecea830 WorkerThread "GC Thread#1" [stack: 0x0000004b6c400000,0x0000004b6c500000] [id=3576]
  0x0000016b5ec0bbb0 WorkerThread "GC Thread#2" [stack: 0x0000004b6c500000,0x0000004b6c600000] [id=4240]
  0x0000016b5ec17e10 WorkerThread "GC Thread#3" [stack: 0x0000004b6c600000,0x0000004b6c700000] [id=21788]
  0x0000016b5ec161f0 WorkerThread "GC Thread#4" [stack: 0x0000004b6c700000,0x0000004b6c800000] [id=21592]
  0x0000016b5ec164c0 WorkerThread "GC Thread#5" [stack: 0x0000004b6c800000,0x0000004b6c900000] [id=24028]
  0x0000016b5ec172d0 WorkerThread "GC Thread#6" [stack: 0x0000004b6cc00000,0x0000004b6cd00000] [id=23700]
  0x0000016b5ec16790 WorkerThread "GC Thread#7" [stack: 0x0000004b6cd00000,0x0000004b6ce00000] [id=23836]
  0x0000016b3b2af110 ConcurrentGCThread "G1 Main Marker" terminated
  0x0000016b3b2b02e0 WorkerThread "G1 Conc#0" [stack: 0x0000004b6aa00000,0x0000004b6ab00000] [id=10992]
  0x0000016b3b30e7d0 ConcurrentGCThread "G1 Refine#0" terminated
  0x0000016b59926430 ConcurrentGCThread "G1 Service" terminated

Threads with active compile tasks:

VM state: at safepoint (shutting down)

VM Mutex/Monitor currently owned by a thread:  ([mutex/lock_event])
[0x0000016b3912ac50] Threads_lock - owner thread: 0x0000016b59a6a360
[0x0000016b3912bca0] Heap_lock - owner thread: 0x0000016b5e1a4670

Heap address: 0x0000000081200000, size: 2030 MB, Compressed Oops mode: 32-bit

CDS archive(s) mapped at: [0x0000000800000000-0x0000000800c40000-0x0000000800c40000), size 12845056, SharedBaseAddress: 0x0000000800000000, ArchiveRelocationMode: 0.
Compressed class space mapped at: 0x0000000801000000-0x0000000841000000, reserved size: 1073741824
Narrow klass base: 0x0000000800000000, Narrow klass shift: 0, Narrow klass range: 0x100000000

GC Precious Log:
 CardTable entry size: 512
 Card Set container configuration: InlinePtr #cards 5 size 8 Array Of Cards #cards 12 size 40 Howl #buckets 4 coarsen threshold 1843 Howl Bitmap #cards 512 size 80 coarsen threshold 460 Card regions per heap region 1 cards per card region 2048
 CPUs: 8 total, 8 available
 Memory: 8112M
 Large Page Support: Disabled
 NUMA Support: Disabled
 Compressed Oops: Enabled (32-bit)
 Heap Region Size: 1M
 Heap Min Capacity: 8M
 Heap Initial Capacity: 128M
 Heap Max Capacity: 2030M
 Pre-touch: Disabled
 Parallel Workers: 8
 Concurrent Workers: 2
 Concurrent Refinement Workers: 8
 Periodic GC: Disabled

Heap:
 garbage-first heap   total 131072K, used 37476K [0x0000000081200000, 0x0000000100000000)
  region size 1024K, 22 young (22528K), 5 survivors (5120K)
 Metaspace       used 16818K, committed 17152K, reserved 1114112K
  class space    used 2368K, committed 2496K, reserved 1048576K

Heap Regions: E=young(eden), S=young(survivor), O=old, HS=humongous(starts), HC=humongous(continues), CS=collection set, F=free, OA=open archive, CA=closed archive, TAMS=top-at-mark-start (previous, next)
|   0|0x0000000081200000, 0x0000000081300000, 0x0000000081300000|100%|HS|  |TAMS 0x0000000081200000, 0x0000000081200000| Complete 
|   1|0x0000000081300000, 0x0000000081400000, 0x0000000081400000|100%|HC|  |TAMS 0x0000000081300000, 0x0000000081300000| Complete 
|   2|0x0000000081400000, 0x0000000081500000, 0x0000000081500000|100%|HC|  |TAMS 0x0000000081400000, 0x0000000081400000| Complete 
|   3|0x0000000081500000, 0x0000000081600000, 0x0000000081600000|100%|HC|  |TAMS 0x0000000081500000, 0x0000000081500000| Complete 
|   4|0x0000000081600000, 0x0000000081700000, 0x0000000081700000|100%|HC|  |TAMS 0x0000000081600000, 0x0000000081600000| Complete 
|   5|0x0000000081700000, 0x0000000081800000, 0x0000000081800000|100%|HC|  |TAMS 0x0000000081700000, 0x0000000081700000| Complete 
|   6|0x0000000081800000, 0x0000000081900000, 0x0000000081900000|100%|HS|  |TAMS 0x0000000081800000, 0x0000000081800000| Complete 
|   7|0x0000000081900000, 0x0000000081a00000, 0x0000000081a00000|100%|HC|  |TAMS 0x0000000081900000, 0x0000000081900000| Complete 
|   8|0x0000000081a00000, 0x0000000081b00000, 0x0000000081b00000|100%|HS|  |TAMS 0x0000000081a00000, 0x0000000081a00000| Complete 
|   9|0x0000000081b00000, 0x0000000081c00000, 0x0000000081c00000|100%|HC|  |TAMS 0x0000000081b00000, 0x0000000081b00000| Complete 
|  10|0x0000000081c00000, 0x0000000081d00000, 0x0000000081d00000|100%|HC|  |TAMS 0x0000000081c00000, 0x0000000081c00000| Complete 
|  11|0x0000000081d00000, 0x0000000081e00000, 0x0000000081e00000|100%|HS|  |TAMS 0x0000000081d00000, 0x0000000081d00000| Complete 
|  12|0x0000000081e00000, 0x0000000081f00000, 0x0000000081f00000|100%|HC|  |TAMS 0x0000000081e00000, 0x0000000081e00000| Complete 
|  13|0x0000000081f00000, 0x0000000082000000, 0x0000000082000000|100%|HC|  |TAMS 0x0000000081f00000, 0x0000000081f00000| Complete 
|  14|0x0000000082000000, 0x0000000082100000, 0x0000000082100000|100%| O|  |TAMS 0x0000000082000000, 0x0000000082000000| Untracked 
|  15|0x0000000082100000, 0x0000000082200000, 0x0000000082200000|100%| O|  |TAMS 0x0000000082100000, 0x0000000082100000| Untracked 
|  16|0x0000000082200000, 0x000000008228ca00, 0x0000000082300000| 54%| O|  |TAMS 0x0000000082200000, 0x0000000082200000| Untracked 
|  17|0x0000000082300000, 0x0000000082300000, 0x0000000082400000|  0%| F|  |TAMS 0x0000000082300000, 0x0000000082300000| Untracked 
|  18|0x0000000082400000, 0x0000000082400000, 0x0000000082500000|  0%| F|  |TAMS 0x0000000082400000, 0x0000000082400000| Untracked 
|  19|0x0000000082500000, 0x0000000082500000, 0x0000000082600000|  0%| F|  |TAMS 0x0000000082500000, 0x0000000082500000| Untracked 
|  20|0x0000000082600000, 0x0000000082600000, 0x0000000082700000|  0%| F|  |TAMS 0x0000000082600000, 0x0000000082600000| Untracked 
|  21|0x0000000082700000, 0x0000000082700000, 0x0000000082800000|  0%| F|  |TAMS 0x0000000082700000, 0x0000000082700000| Untracked 
|  22|0x0000000082800000, 0x0000000082800000, 0x0000000082900000|  0%| F|  |TAMS 0x0000000082800000, 0x0000000082800000| Untracked 
|  23|0x0000000082900000, 0x0000000082900000, 0x0000000082a00000|  0%| F|  |TAMS 0x0000000082900000, 0x0000000082900000| Untracked 
|  24|0x0000000082a00000, 0x0000000082a00000, 0x0000000082b00000|  0%| F|  |TAMS 0x0000000082a00000, 0x0000000082a00000| Untracked 
|  25|0x0000000082b00000, 0x0000000082b00000, 0x0000000082c00000|  0%| F|  |TAMS 0x0000000082b00000, 0x0000000082b00000| Untracked 
|  26|0x0000000082c00000, 0x0000000082c00000, 0x0000000082d00000|  0%| F|  |TAMS 0x0000000082c00000, 0x0000000082c00000| Untracked 
|  27|0x0000000082d00000, 0x0000000082d00000, 0x0000000082e00000|  0%| F|  |TAMS 0x0000000082d00000, 0x0000000082d00000| Untracked 
|  28|0x0000000082e00000, 0x0000000082e00000, 0x0000000082f00000|  0%| F|  |TAMS 0x0000000082e00000, 0x0000000082e00000| Untracked 
|  29|0x0000000082f00000, 0x0000000082f00000, 0x0000000083000000|  0%| F|  |TAMS 0x0000000082f00000, 0x0000000082f00000| Untracked 
|  30|0x0000000083000000, 0x0000000083000000, 0x0000000083100000|  0%| F|  |TAMS 0x0000000083000000, 0x0000000083000000| Untracked 
|  31|0x0000000083100000, 0x0000000083100000, 0x0000000083200000|  0%| F|  |TAMS 0x0000000083100000, 0x0000000083100000| Untracked 
|  32|0x0000000083200000, 0x0000000083200000, 0x0000000083300000|  0%| F|  |TAMS 0x0000000083200000, 0x0000000083200000| Untracked 
|  33|0x0000000083300000, 0x0000000083300000, 0x0000000083400000|  0%| F|  |TAMS 0x0000000083300000, 0x0000000083300000| Untracked 
|  34|0x0000000083400000, 0x0000000083400000, 0x0000000083500000|  0%| F|  |TAMS 0x0000000083400000, 0x0000000083400000| Untracked 
|  35|0x0000000083500000, 0x0000000083500000, 0x0000000083600000|  0%| F|  |TAMS 0x0000000083500000, 0x0000000083500000| Untracked 
|  36|0x0000000083600000, 0x0000000083600000, 0x0000000083700000|  0%| F|  |TAMS 0x0000000083600000, 0x0000000083600000| Untracked 
|  37|0x0000000083700000, 0x0000000083700000, 0x0000000083800000|  0%| F|  |TAMS 0x0000000083700000, 0x0000000083700000| Untracked 
|  38|0x0000000083800000, 0x0000000083800000, 0x0000000083900000|  0%| F|  |TAMS 0x0000000083800000, 0x0000000083800000| Untracked 
|  39|0x0000000083900000, 0x0000000083900000, 0x0000000083a00000|  0%| F|  |TAMS 0x0000000083900000, 0x0000000083900000| Untracked 
|  40|0x0000000083a00000, 0x0000000083a00000, 0x0000000083b00000|  0%| F|  |TAMS 0x0000000083a00000, 0x0000000083a00000| Untracked 
|  41|0x0000000083b00000, 0x0000000083b00000, 0x0000000083c00000|  0%| F|  |TAMS 0x0000000083b00000, 0x0000000083b00000| Untracked 
|  42|0x0000000083c00000, 0x0000000083c00000, 0x0000000083d00000|  0%| F|  |TAMS 0x0000000083c00000, 0x0000000083c00000| Untracked 
|  43|0x0000000083d00000, 0x0000000083d00000, 0x0000000083e00000|  0%| F|  |TAMS 0x0000000083d00000, 0x0000000083d00000| Untracked 
|  44|0x0000000083e00000, 0x0000000083e00000, 0x0000000083f00000|  0%| F|  |TAMS 0x0000000083e00000, 0x0000000083e00000| Untracked 
|  45|0x0000000083f00000, 0x0000000083f00000, 0x0000000084000000|  0%| F|  |TAMS 0x0000000083f00000, 0x0000000083f00000| Untracked 
|  46|0x0000000084000000, 0x0000000084000000, 0x0000000084100000|  0%| F|  |TAMS 0x0000000084000000, 0x0000000084000000| Untracked 
|  47|0x0000000084100000, 0x0000000084100000, 0x0000000084200000|  0%| F|  |TAMS 0x0000000084100000, 0x0000000084100000| Untracked 
|  48|0x0000000084200000, 0x0000000084200000, 0x0000000084300000|  0%| F|  |TAMS 0x0000000084200000, 0x0000000084200000| Untracked 
|  49|0x0000000084300000, 0x0000000084300000, 0x0000000084400000|  0%| F|  |TAMS 0x0000000084300000, 0x0000000084300000| Untracked 
|  50|0x0000000084400000, 0x0000000084400000, 0x0000000084500000|  0%| F|  |TAMS 0x0000000084400000, 0x0000000084400000| Untracked 
|  51|0x0000000084500000, 0x0000000084500000, 0x0000000084600000|  0%| F|  |TAMS 0x0000000084500000, 0x0000000084500000| Untracked 
|  52|0x0000000084600000, 0x0000000084600000, 0x0000000084700000|  0%| F|  |TAMS 0x0000000084600000, 0x0000000084600000| Untracked 
|  53|0x0000000084700000, 0x0000000084700000, 0x0000000084800000|  0%| F|  |TAMS 0x0000000084700000, 0x0000000084700000| Untracked 
|  54|0x0000000084800000, 0x0000000084800000, 0x0000000084900000|  0%| F|  |TAMS 0x0000000084800000, 0x0000000084800000| Untracked 
|  55|0x0000000084900000, 0x0000000084900000, 0x0000000084a00000|  0%| F|  |TAMS 0x0000000084900000, 0x0000000084900000| Untracked 
|  56|0x0000000084a00000, 0x0000000084a00000, 0x0000000084b00000|  0%| F|  |TAMS 0x0000000084a00000, 0x0000000084a00000| Untracked 
|  57|0x0000000084b00000, 0x0000000084b00000, 0x0000000084c00000|  0%| F|  |TAMS 0x0000000084b00000, 0x0000000084b00000| Untracked 
|  58|0x0000000084c00000, 0x0000000084c00000, 0x0000000084d00000|  0%| F|  |TAMS 0x0000000084c00000, 0x0000000084c00000| Untracked 
|  59|0x0000000084d00000, 0x0000000084d00000, 0x0000000084e00000|  0%| F|  |TAMS 0x0000000084d00000, 0x0000000084d00000| Untracked 
|  60|0x0000000084e00000, 0x0000000084e00000, 0x0000000084f00000|  0%| F|  |TAMS 0x0000000084e00000, 0x0000000084e00000| Untracked 
|  61|0x0000000084f00000, 0x0000000084f00000, 0x0000000085000000|  0%| F|  |TAMS 0x0000000084f00000, 0x0000000084f00000| Untracked 
|  62|0x0000000085000000, 0x0000000085000000, 0x0000000085100000|  0%| F|  |TAMS 0x0000000085000000, 0x0000000085000000| Untracked 
|  63|0x0000000085100000, 0x0000000085100000, 0x0000000085200000|  0%| F|  |TAMS 0x0000000085100000, 0x0000000085100000| Untracked 
|  64|0x0000000085200000, 0x0000000085200000, 0x0000000085300000|  0%| F|  |TAMS 0x0000000085200000, 0x0000000085200000| Untracked 
|  65|0x0000000085300000, 0x0000000085300000, 0x0000000085400000|  0%| F|  |TAMS 0x0000000085300000, 0x0000000085300000| Untracked 
|  66|0x0000000085400000, 0x0000000085400000, 0x0000000085500000|  0%| F|  |TAMS 0x0000000085400000, 0x0000000085400000| Untracked 
|  67|0x0000000085500000, 0x0000000085500000, 0x0000000085600000|  0%| F|  |TAMS 0x0000000085500000, 0x0000000085500000| Untracked 
|  68|0x0000000085600000, 0x0000000085600000, 0x0000000085700000|  0%| F|  |TAMS 0x0000000085600000, 0x0000000085600000| Untracked 
|  69|0x0000000085700000, 0x0000000085700000, 0x0000000085800000|  0%| F|  |TAMS 0x0000000085700000, 0x0000000085700000| Untracked 
|  70|0x0000000085800000, 0x0000000085800000, 0x0000000085900000|  0%| F|  |TAMS 0x0000000085800000, 0x0000000085800000| Untracked 
|  71|0x0000000085900000, 0x0000000085900000, 0x0000000085a00000|  0%| F|  |TAMS 0x0000000085900000, 0x0000000085900000| Untracked 
|  72|0x0000000085a00000, 0x0000000085a00000, 0x0000000085b00000|  0%| F|  |TAMS 0x0000000085a00000, 0x0000000085a00000| Untracked 
|  73|0x0000000085b00000, 0x0000000085b00000, 0x0000000085c00000|  0%| F|  |TAMS 0x0000000085b00000, 0x0000000085b00000| Untracked 
|  74|0x0000000085c00000, 0x0000000085c00000, 0x0000000085d00000|  0%| F|  |TAMS 0x0000000085c00000, 0x0000000085c00000| Untracked 
|  75|0x0000000085d00000, 0x0000000085d00000, 0x0000000085e00000|  0%| F|  |TAMS 0x0000000085d00000, 0x0000000085d00000| Untracked 
|  76|0x0000000085e00000, 0x0000000085e00000, 0x0000000085f00000|  0%| F|  |TAMS 0x0000000085e00000, 0x0000000085e00000| Untracked 
|  77|0x0000000085f00000, 0x0000000085f00000, 0x0000000086000000|  0%| F|  |TAMS 0x0000000085f00000, 0x0000000085f00000| Untracked 
|  78|0x0000000086000000, 0x0000000086000000, 0x0000000086100000|  0%| F|  |TAMS 0x0000000086000000, 0x0000000086000000| Untracked 
|  79|0x0000000086100000, 0x0000000086100000, 0x0000000086200000|  0%| F|  |TAMS 0x0000000086100000, 0x0000000086100000| Untracked 
|  80|0x0000000086200000, 0x0000000086200000, 0x0000000086300000|  0%| F|  |TAMS 0x0000000086200000, 0x0000000086200000| Untracked 
|  81|0x0000000086300000, 0x0000000086300000, 0x0000000086400000|  0%| F|  |TAMS 0x0000000086300000, 0x0000000086300000| Untracked 
|  82|0x0000000086400000, 0x0000000086400000, 0x0000000086500000|  0%| F|  |TAMS 0x0000000086400000, 0x0000000086400000| Untracked 
|  83|0x0000000086500000, 0x0000000086500000, 0x0000000086600000|  0%| F|  |TAMS 0x0000000086500000, 0x0000000086500000| Untracked 
|  84|0x0000000086600000, 0x0000000086600000, 0x0000000086700000|  0%| F|  |TAMS 0x0000000086600000, 0x0000000086600000| Untracked 
|  85|0x0000000086700000, 0x0000000086700000, 0x0000000086800000|  0%| F|  |TAMS 0x0000000086700000, 0x0000000086700000| Untracked 
|  86|0x0000000086800000, 0x000000008680c720, 0x0000000086900000|  4%| S|CS|TAMS 0x0000000086800000, 0x0000000086800000| Complete 
|  87|0x0000000086900000, 0x0000000086a00000, 0x0000000086a00000|100%| S|CS|TAMS 0x0000000086900000, 0x0000000086900000| Complete 
|  88|0x0000000086a00000, 0x0000000086b00000, 0x0000000086b00000|100%| S|CS|TAMS 0x0000000086a00000, 0x0000000086a00000| Complete 
|  89|0x0000000086b00000, 0x0000000086c00000, 0x0000000086c00000|100%| S|CS|TAMS 0x0000000086b00000, 0x0000000086b00000| Complete 
|  90|0x0000000086c00000, 0x0000000086d00000, 0x0000000086d00000|100%| S|CS|TAMS 0x0000000086c00000, 0x0000000086c00000| Complete 
|  91|0x0000000086d00000, 0x0000000086d00000, 0x0000000086e00000|  0%| F|  |TAMS 0x0000000086d00000, 0x0000000086d00000| Untracked 
|  92|0x0000000086e00000, 0x0000000086e00000, 0x0000000086f00000|  0%| F|  |TAMS 0x0000000086e00000, 0x0000000086e00000| Untracked 
|  93|0x0000000086f00000, 0x0000000086f00000, 0x0000000087000000|  0%| F|  |TAMS 0x0000000086f00000, 0x0000000086f00000| Untracked 
|  94|0x0000000087000000, 0x0000000087000000, 0x0000000087100000|  0%| F|  |TAMS 0x0000000087000000, 0x0000000087000000| Untracked 
|  95|0x0000000087100000, 0x0000000087100000, 0x0000000087200000|  0%| F|  |TAMS 0x0000000087100000, 0x0000000087100000| Untracked 
|  96|0x0000000087200000, 0x0000000087200000, 0x0000000087300000|  0%| F|  |TAMS 0x0000000087200000, 0x0000000087200000| Untracked 
|  97|0x0000000087300000, 0x0000000087300000, 0x0000000087400000|  0%| F|  |TAMS 0x0000000087300000, 0x0000000087300000| Untracked 
|  98|0x0000000087400000, 0x0000000087400000, 0x0000000087500000|  0%| F|  |TAMS 0x0000000087400000, 0x0000000087400000| Untracked 
|  99|0x0000000087500000, 0x0000000087500000, 0x0000000087600000|  0%| F|  |TAMS 0x0000000087500000, 0x0000000087500000| Untracked 
| 100|0x0000000087600000, 0x0000000087600000, 0x0000000087700000|  0%| F|  |TAMS 0x0000000087600000, 0x0000000087600000| Untracked 
| 101|0x0000000087700000, 0x0000000087700000, 0x0000000087800000|  0%| F|  |TAMS 0x0000000087700000, 0x0000000087700000| Untracked 
| 102|0x0000000087800000, 0x0000000087800000, 0x0000000087900000|  0%| F|  |TAMS 0x0000000087800000, 0x0000000087800000| Untracked 
| 103|0x0000000087900000, 0x0000000087900000, 0x0000000087a00000|  0%| F|  |TAMS 0x0000000087900000, 0x0000000087900000| Untracked 
| 104|0x0000000087a00000, 0x0000000087a00000, 0x0000000087b00000|  0%| F|  |TAMS 0x0000000087a00000, 0x0000000087a00000| Untracked 
| 105|0x0000000087b00000, 0x0000000087b00000, 0x0000000087c00000|  0%| F|  |TAMS 0x0000000087b00000, 0x0000000087b00000| Untracked 
| 106|0x0000000087c00000, 0x0000000087c00000, 0x0000000087d00000|  0%| F|  |TAMS 0x0000000087c00000, 0x0000000087c00000| Untracked 
| 107|0x0000000087d00000, 0x0000000087d00000, 0x0000000087e00000|  0%| F|  |TAMS 0x0000000087d00000, 0x0000000087d00000| Untracked 
| 108|0x0000000087e00000, 0x0000000087e00000, 0x0000000087f00000|  0%| F|  |TAMS 0x0000000087e00000, 0x0000000087e00000| Untracked 
| 109|0x0000000087f00000, 0x0000000087f00000, 0x0000000088000000|  0%| F|  |TAMS 0x0000000087f00000, 0x0000000087f00000| Untracked 
| 110|0x0000000088000000, 0x0000000088000000, 0x0000000088100000|  0%| F|  |TAMS 0x0000000088000000, 0x0000000088000000| Untracked 
| 111|0x0000000088100000, 0x00000000881e1540, 0x0000000088200000| 88%| E|  |TAMS 0x0000000088100000, 0x0000000088100000| Complete 
| 112|0x0000000088200000, 0x0000000088300000, 0x0000000088300000|100%| E|CS|TAMS 0x0000000088200000, 0x0000000088200000| Complete 
| 113|0x0000000088300000, 0x0000000088400000, 0x0000000088400000|100%| E|CS|TAMS 0x0000000088300000, 0x0000000088300000| Complete 
| 114|0x0000000088400000, 0x0000000088500000, 0x0000000088500000|100%| E|CS|TAMS 0x0000000088400000, 0x0000000088400000| Complete 
| 115|0x0000000088500000, 0x0000000088600000, 0x0000000088600000|100%| E|CS|TAMS 0x0000000088500000, 0x0000000088500000| Complete 
| 116|0x0000000088600000, 0x0000000088700000, 0x0000000088700000|100%| E|CS|TAMS 0x0000000088600000, 0x0000000088600000| Complete 
| 117|0x0000000088700000, 0x0000000088800000, 0x0000000088800000|100%| E|CS|TAMS 0x0000000088700000, 0x0000000088700000| Complete 
| 118|0x0000000088800000, 0x0000000088900000, 0x0000000088900000|100%| E|CS|TAMS 0x0000000088800000, 0x0000000088800000| Complete 
| 119|0x0000000088900000, 0x0000000088a00000, 0x0000000088a00000|100%| E|CS|TAMS 0x0000000088900000, 0x0000000088900000| Complete 
| 120|0x0000000088a00000, 0x0000000088b00000, 0x0000000088b00000|100%| E|CS|TAMS 0x0000000088a00000, 0x0000000088a00000| Complete 
| 121|0x0000000088b00000, 0x0000000088c00000, 0x0000000088c00000|100%| E|CS|TAMS 0x0000000088b00000, 0x0000000088b00000| Complete 
| 122|0x0000000088c00000, 0x0000000088d00000, 0x0000000088d00000|100%| E|CS|TAMS 0x0000000088c00000, 0x0000000088c00000| Complete 
| 123|0x0000000088d00000, 0x0000000088e00000, 0x0000000088e00000|100%| E|CS|TAMS 0x0000000088d00000, 0x0000000088d00000| Complete 
| 124|0x0000000088e00000, 0x0000000088f00000, 0x0000000088f00000|100%| E|CS|TAMS 0x0000000088e00000, 0x0000000088e00000| Complete 
| 125|0x0000000088f00000, 0x0000000089000000, 0x0000000089000000|100%| E|CS|TAMS 0x0000000088f00000, 0x0000000088f00000| Complete 
| 126|0x0000000089000000, 0x0000000089100000, 0x0000000089100000|100%| E|CS|TAMS 0x0000000089000000, 0x0000000089000000| Complete 
| 127|0x0000000089100000, 0x0000000089200000, 0x0000000089200000|100%| E|CS|TAMS 0x0000000089100000, 0x0000000089100000| Complete 

Card table byte_map: [0x0000016b528e0000,0x0000016b52ce0000] _byte_map_base: 0x0000016b524d7000

Marking Bits (Prev, Next): (CMBitMap*) 0x0000016b3b29e870, (CMBitMap*) 0x0000016b3b29e8b0
 Prev Bits: [0x0000016b530e0000, 0x0000016b55098000)
 Next Bits: [0x0000016b550a0000, 0x0000016b57058000)

Polling page: 0x0000016b393c0000

Metaspace:

Usage:
  Non-class:     14.11 MB used.
      Class:      2.31 MB used.
       Both:     16.42 MB used.

Virtual space:
  Non-class space:       64.00 MB reserved,      14.31 MB ( 22%) committed,  1 nodes.
      Class space:        1.00 GB reserved,       2.44 MB ( <1%) committed,  1 nodes.
             Both:        1.06 GB reserved,      16.75 MB (  2%) committed. 

Chunk freelists:
   Non-Class:  1.17 MB
       Class:  1.39 MB
        Both:  2.56 MB

MaxMetaspaceSize: unlimited
CompressedClassSpaceSize: 1.00 GB
Initial GC threshold: 21.00 MB
Current GC threshold: 21.00 MB
CDS: on
MetaspaceReclaimPolicy: balanced
 - commit_granule_bytes: 65536.
 - commit_granule_words: 8192.
 - virtual_space_node_default_size: 8388608.
 - enlarge_chunks_in_place: 1.
 - new_chunks_are_fully_committed: 0.
 - uncommit_free_chunks: 1.
 - use_allocation_guard: 0.


Internal statistics:

num_allocs_failed_limit: 0.
num_arena_births: 328.
num_arena_deaths: 0.
num_vsnodes_births: 2.
num_vsnodes_deaths: 0.
num_space_committed: 268.
num_space_uncommitted: 0.
num_chunks_returned_to_freelist: 0.
num_chunks_taken_from_freelist: 885.
num_chunk_merges: 0.
num_chunk_splits: 640.
num_chunks_enlarged: 504.
num_inconsistent_stats: 0.

CodeHeap 'non-profiled nmethods': size=120000Kb used=1621Kb max_used=1621Kb free=118378Kb
 bounds [0x0000016b4ac80000, 0x0000016b4aef0000, 0x0000016b521b0000]
CodeHeap 'profiled nmethods': size=120000Kb used=8060Kb max_used=8060Kb free=111939Kb
 bounds [0x0000016b431b0000, 0x0000016b43990000, 0x0000016b4a6e0000]
CodeHeap 'non-nmethods': size=5760Kb used=1540Kb max_used=1608Kb free=4219Kb
 bounds [0x0000016b4a6e0000, 0x0000016b4a950000, 0x0000016b4ac80000]
 total_blobs=4744 nmethods=3915 adapters=738
 compilation: enabled
              stopped_count=0, restarted_count=0
 full_count=0

Compilation events (20 events):
Event: 30.556 Thread 0x0000016b59aa47b0 3904       1       com.sun.prism.Image::getScanlineStride (5 bytes)
Event: 30.556 Thread 0x0000016b59aa47b0 nmethod 3904 0x0000016b4ae12510 code [0x0000016b4ae126a0, 0x0000016b4ae12758]
Event: 30.788 Thread 0x0000016b59a8f400 3905       4       com.sun.javafx.scene.layout.RegionHelper::pickNodeLocalImpl (12 bytes)
Event: 30.810 Thread 0x0000016b59a8f400 nmethod 3905 0x0000016b4ae12810 code [0x0000016b4ae12ac0, 0x0000016b4ae13910]
Event: 30.851 Thread 0x0000016b59aa47b0 3906       3       javafx.scene.Node$15::invalidated (43 bytes)
Event: 30.852 Thread 0x0000016b59aa47b0 nmethod 3906 0x0000016b43984a90 code [0x0000016b43984d00, 0x0000016b439857b8]
Event: 31.057 Thread 0x0000016b59a8f400 3909       4       jdk.internal.misc.Unsafe::putReferenceOpaque (9 bytes)
Event: 31.060 Thread 0x0000016b59a8f400 nmethod 3909 0x0000016b4ae15110 code [0x0000016b4ae15280, 0x0000016b4ae153d8]
Event: 31.153 Thread 0x0000016b59aa47b0 3910       3       javafx.scene.control.Labeled$StyleableProperties$9::isSettable (9 bytes)
Event: 31.154 Thread 0x0000016b59aa47b0 nmethod 3910 0x0000016b43985b10 code [0x0000016b43985ce0, 0x0000016b43986138]
Event: 31.154 Thread 0x0000016b59aa47b0 3913       3       com.sun.javafx.scene.layout.RegionHelper::updatePeerImpl (15 bytes)
Event: 31.155 Thread 0x0000016b59aa47b0 nmethod 3913 0x0000016b43986290 code [0x0000016b439864c0, 0x0000016b43986b48]
Event: 31.155 Thread 0x0000016b59aa47b0 3914       3       javafx.scene.layout.Region$1::doUpdatePeer (8 bytes)
Event: 31.155 Thread 0x0000016b59aa47b0 nmethod 3914 0x0000016b43986e90 code [0x0000016b43987040, 0x0000016b43987288]
Event: 31.155 Thread 0x0000016b59aa47b0 3915       3       javafx.scene.layout.Region::doUpdatePeer (536 bytes)
Event: 31.162 Thread 0x0000016b59aa47b0 nmethod 3915 0x0000016b43987390 code [0x0000016b43987b00, 0x0000016b4398cc58]
Event: 31.162 Thread 0x0000016b59aa47b0 3911       3       javafx.scene.control.Labeled$StyleableProperties$9::isSettable (23 bytes)
Event: 31.162 Thread 0x0000016b59aa47b0 nmethod 3911 0x0000016b4398e410 code [0x0000016b4398e5c0, 0x0000016b4398e8b8]
Event: 31.162 Thread 0x0000016b59aa47b0 3912       3       javafx.scene.control.Labeled$StyleableProperties$1::isSettable (9 bytes)
Event: 31.162 Thread 0x0000016b59aa47b0 nmethod 3912 0x0000016b4398ea10 code [0x0000016b4398ebe0, 0x0000016b4398f038]

GC Heap History (4 events):
Event: 0.781 GC heap before
{Heap before GC invocations=0 (full 0):
 garbage-first heap   total 131072K, used 22528K [0x0000000081200000, 0x0000000100000000)
  region size 1024K, 23 young (23552K), 0 survivors (0K)
 Metaspace       used 5799K, committed 6016K, reserved 1114112K
  class space    used 704K, committed 832K, reserved 1048576K
}
Event: 0.784 GC heap after
{Heap after GC invocations=1 (full 0):
 garbage-first heap   total 131072K, used 2874K [0x0000000081200000, 0x0000000100000000)
  region size 1024K, 3 young (3072K), 3 survivors (3072K)
 Metaspace       used 5799K, committed 6016K, reserved 1114112K
  class space    used 704K, committed 832K, reserved 1048576K
}
Event: 8.743 GC heap before
{Heap before GC invocations=1 (full 0):
 garbage-first heap   total 131072K, used 51002K [0x0000000081200000, 0x0000000100000000)
  region size 1024K, 37 young (37888K), 3 survivors (3072K)
 Metaspace       used 14836K, committed 15104K, reserved 1114112K
  class space    used 2128K, committed 2240K, reserved 1048576K
}
Event: 8.752 GC heap after
{Heap after GC invocations=2 (full 0):
 garbage-first heap   total 131072K, used 21092K [0x0000000081200000, 0x0000000100000000)
  region size 1024K, 5 young (5120K), 5 survivors (5120K)
 Metaspace       used 14836K, committed 15104K, reserved 1114112K
  class space    used 2128K, committed 2240K, reserved 1048576K
}

Dll operation events (20 events):
Event: 0.443 Loaded shared library C:\Users\Gabriel\.openjfx\cache\13\api-ms-win-crt-filesystem-l1-1-0.dll
Event: 0.446 Loaded shared library C:\Users\Gabriel\.openjfx\cache\13\api-ms-win-crt-heap-l1-1-0.dll
Event: 0.449 Loaded shared library C:\Users\Gabriel\.openjfx\cache\13\api-ms-win-crt-locale-l1-1-0.dll
Event: 0.451 Loaded shared library C:\Users\Gabriel\.openjfx\cache\13\api-ms-win-crt-math-l1-1-0.dll
Event: 0.454 Loaded shared library C:\Users\Gabriel\.openjfx\cache\13\api-ms-win-crt-multibyte-l1-1-0.dll
Event: 0.458 Loaded shared library C:\Users\Gabriel\.openjfx\cache\13\api-ms-win-crt-private-l1-1-0.dll
Event: 0.461 Loaded shared library C:\Users\Gabriel\.openjfx\cache\13\api-ms-win-crt-process-l1-1-0.dll
Event: 0.464 Loaded shared library C:\Users\Gabriel\.openjfx\cache\13\api-ms-win-crt-runtime-l1-1-0.dll
Event: 0.467 Loaded shared library C:\Users\Gabriel\.openjfx\cache\13\api-ms-win-crt-stdio-l1-1-0.dll
Event: 0.469 Loaded shared library C:\Users\Gabriel\.openjfx\cache\13\api-ms-win-crt-string-l1-1-0.dll
Event: 0.472 Loaded shared library C:\Users\Gabriel\.openjfx\cache\13\api-ms-win-crt-time-l1-1-0.dll
Event: 0.475 Loaded shared library C:\Users\Gabriel\.openjfx\cache\13\api-ms-win-crt-utility-l1-1-0.dll
Event: 0.492 Loaded shared library C:\Users\Gabriel\.openjfx\cache\13\ucrtbase.dll
Event: 0.495 Loaded shared library C:\Users\Gabriel\.openjfx\cache\13\vcruntime140.dll
Event: 0.504 Loaded shared library C:\Users\Gabriel\.openjfx\cache\13\msvcp140.dll
Event: 0.511 Loaded shared library C:\Users\Gabriel\.openjfx\cache\13\concrt140.dll
Event: 0.549 Loaded shared library C:\Users\Gabriel\.openjfx\cache\13\prism_d3d.dll
Event: 0.597 Loaded shared library C:\Users\Gabriel\.openjfx\cache\13\glass.dll
Event: 0.812 Loaded shared library C:\Users\Gabriel\.openjfx\cache\13\javafx_font.dll
Event: 1.194 Loaded shared library C:\Program Files\Java\jdk-19\bin\jimage.dll

Deoptimization events (20 events):
Event: 9.653 Thread 0x0000016b5e1a4670 Uncommon trap: trap_request=0xffffffd6 fr.pc=0x0000016b4ad99270 relative=0x00000000000002b0
Event: 9.653 Thread 0x0000016b5e1a4670 Uncommon trap: reason=array_check action=maybe_recompile pc=0x0000016b4ad99270 method=javafx.css.SimpleSelector.applies(Ljavafx/css/Styleable;[Ljava/util/Set;I)Z @ 37 c2
Event: 9.653 Thread 0x0000016b5e1a4670 DEOPT PACKING pc=0x0000016b4ad99270 sp=0x0000004b6befb3d0
Event: 9.653 Thread 0x0000016b5e1a4670 DEOPT UNPACKING pc=0x0000016b4a746da3 sp=0x0000004b6befb378 mode 2
Event: 9.653 Thread 0x0000016b5e1a4670 Uncommon trap: trap_request=0xffffffd6 fr.pc=0x0000016b4ad9f558 relative=0x0000000000001eb8
Event: 9.653 Thread 0x0000016b5e1a4670 Uncommon trap: reason=array_check action=maybe_recompile pc=0x0000016b4ad9f558 method=javafx.css.SimpleSelector.applies(Ljavafx/css/Styleable;[Ljava/util/Set;I)Z @ 37 c2
Event: 9.653 Thread 0x0000016b5e1a4670 DEOPT PACKING pc=0x0000016b4ad9f558 sp=0x0000004b6befb2d0
Event: 9.653 Thread 0x0000016b5e1a4670 DEOPT UNPACKING pc=0x0000016b4a746da3 sp=0x0000004b6befb260 mode 2
Event: 9.653 Thread 0x0000016b5e1a4670 Uncommon trap: trap_request=0xffffffd6 fr.pc=0x0000016b4ad9f558 relative=0x0000000000001eb8
Event: 9.653 Thread 0x0000016b5e1a4670 Uncommon trap: reason=array_check action=maybe_recompile pc=0x0000016b4ad9f558 method=javafx.css.SimpleSelector.applies(Ljavafx/css/Styleable;[Ljava/util/Set;I)Z @ 37 c2
Event: 9.653 Thread 0x0000016b5e1a4670 DEOPT PACKING pc=0x0000016b4ad9f558 sp=0x0000004b6befb2d0
Event: 9.653 Thread 0x0000016b5e1a4670 DEOPT UNPACKING pc=0x0000016b4a746da3 sp=0x0000004b6befb260 mode 2
Event: 9.653 Thread 0x0000016b5e1a4670 Uncommon trap: trap_request=0xffffffd6 fr.pc=0x0000016b4ad9f558 relative=0x0000000000001eb8
Event: 9.653 Thread 0x0000016b5e1a4670 Uncommon trap: reason=array_check action=maybe_recompile pc=0x0000016b4ad9f558 method=javafx.css.SimpleSelector.applies(Ljavafx/css/Styleable;[Ljava/util/Set;I)Z @ 37 c2
Event: 9.653 Thread 0x0000016b5e1a4670 DEOPT PACKING pc=0x0000016b4ad9f558 sp=0x0000004b6befb2d0
Event: 9.653 Thread 0x0000016b5e1a4670 DEOPT UNPACKING pc=0x0000016b4a746da3 sp=0x0000004b6befb260 mode 2
Event: 9.653 Thread 0x0000016b5e1a4670 Uncommon trap: trap_request=0xffffffd6 fr.pc=0x0000016b4ad99270 relative=0x00000000000002b0
Event: 9.653 Thread 0x0000016b5e1a4670 Uncommon trap: reason=array_check action=maybe_recompile pc=0x0000016b4ad99270 method=javafx.css.SimpleSelector.applies(Ljavafx/css/Styleable;[Ljava/util/Set;I)Z @ 37 c2
Event: 9.653 Thread 0x0000016b5e1a4670 DEOPT PACKING pc=0x0000016b4ad99270 sp=0x0000004b6befb290
Event: 9.653 Thread 0x0000016b5e1a4670 DEOPT UNPACKING pc=0x0000016b4a746da3 sp=0x0000004b6befb258 mode 2

Classes loaded (20 events):
Event: 2.834 Loading class sun/text/RuleBasedBreakIterator
Event: 2.834 Loading class sun/text/RuleBasedBreakIterator done
Event: 2.835 Loading class sun/text/CompactByteArray
Event: 2.835 Loading class sun/text/CompactByteArray done
Event: 2.835 Loading class sun/text/SupplementaryCharacterData
Event: 2.835 Loading class sun/text/SupplementaryCharacterData done
Event: 2.835 Loading class java/text/BreakIterator$BreakIteratorCache
Event: 2.836 Loading class java/text/BreakIterator$BreakIteratorCache done
Event: 4.422 Loading class java/text/StringCharacterIterator
Event: 4.422 Loading class java/text/StringCharacterIterator done
Event: 5.448 Loading class java/util/BitSet
Event: 5.448 Loading class java/util/BitSet done
Event: 8.775 Loading class java/util/BitSet$1BitSetSpliterator
Event: 8.776 Loading class java/util/BitSet$1BitSetSpliterator done
Event: 8.777 Loading class java/util/stream/IntPipeline$1
Event: 8.777 Loading class java/util/stream/IntPipeline$1 done
Event: 8.777 Loading class java/util/stream/IntPipeline$1$1
Event: 8.778 Loading class java/util/stream/IntPipeline$1$1 done
Event: 31.244 Loading class java/util/LinkedList$ListItr
Event: 31.244 Loading class java/util/LinkedList$ListItr done

Classes unloaded (0 events):
No events

Classes redefined (0 events):
No events

Internal exceptions (20 events):
Event: 1.449 Thread 0x0000016b5e1a4670 Exception <a 'java/lang/IncompatibleClassChangeError'{0x0000000087f03d18}: Found class java.lang.Object, but interface was expected> (0x0000000087f03d18) 
thrown [s\open\src\hotspot\share\interpreter\linkResolver.cpp, line 841]
Event: 1.506 Thread 0x0000016b5e1a4670 Exception <a 'java/lang/NoSuchMethodError'{0x0000000087e3a018}: 'int java.lang.invoke.DirectMethodHandle$Holder.invokeSpecial(java.lang.Object, java.lang.Object, int)'> (0x0000000087e3a018) 
thrown [s\open\src\hotspot\share\interpreter\linkResolver.cpp, line 774]
Event: 1.508 Thread 0x0000016b5e1a4670 Exception <a 'java/lang/NoSuchMethodError'{0x0000000087e4f190}: 'int java.lang.invoke.DirectMethodHandle$Holder.invokeSpecial(java.lang.Object, java.lang.Object, java.lang.Object, int)'> (0x0000000087e4f190) 
thrown [s\open\src\hotspot\share\interpreter\linkResolver.cpp, line 774]
Event: 1.510 Thread 0x0000016b5e1a4670 Exception <a 'java/lang/NoSuchMethodError'{0x0000000087e615b8}: 'java.lang.Object java.lang.invoke.DirectMethodHandle$Holder.invokeStatic(java.lang.Object, java.lang.Object, java.lang.Object, java.lang.Object, int)'> (0x0000000087e615b8) 
thrown [s\open\src\hotspot\share\interpreter\linkResolver.cpp, line 774]
Event: 1.512 Thread 0x0000016b5e1a4670 Exception <a 'java/lang/NoSuchMethodError'{0x0000000087e69fe8}: 'int java.lang.invoke.DirectMethodHandle$Holder.invokeSpecial(java.lang.Object, java.lang.Object, java.lang.Object)'> (0x0000000087e69fe8) 
thrown [s\open\src\hotspot\share\interpreter\linkResolver.cpp, line 774]
Event: 1.544 Thread 0x0000016b5e1a4670 Exception <a 'java/lang/NoSuchMethodError'{0x0000000087d1c468}: 'java.lang.Object java.lang.invoke.DirectMethodHandle$Holder.newInvokeSpecial(java.lang.Object, java.lang.Object, int)'> (0x0000000087d1c468) 
thrown [s\open\src\hotspot\share\interpreter\linkResolver.cpp, line 774]
Event: 1.646 Thread 0x0000016b5e1a4670 Exception <a 'java/lang/ClassNotFoundException'{0x0000000087b89e78}: com/sun/javafx/scene/control/skin/resources/controls> (0x0000000087b89e78) 
thrown [s\open\src\hotspot\share\prims\jni.cpp, line 536]
Event: 1.648 Thread 0x0000016b5e1a4670 Exception <a 'java/lang/ClassNotFoundException'{0x0000000087b977b0}: com/sun/javafx/scene/control/skin/resources/controls_pt> (0x0000000087b977b0) 
thrown [s\open\src\hotspot\share\prims\jni.cpp, line 536]
Event: 1.648 Thread 0x0000016b5e1a4670 Exception <a 'java/lang/ClassNotFoundException'{0x0000000087b98758}: com/sun/javafx/scene/control/skin/resources/controls_pt_BR> (0x0000000087b98758) 
thrown [s\open\src\hotspot\share\prims\jni.cpp, line 536]
Event: 1.705 Thread 0x0000016b5e1a4670 Exception <a 'java/lang/NoSuchMethodError'{0x000000008761acc8}: 'void java.lang.invoke.DirectMethodHandle$Holder.invokeSpecial(java.lang.Object, java.lang.Object, java.lang.Object, java.lang.Object, java.lang.Object, java.lang.Object)'> (0x000000008761acc8) 
thrown [s\open\src\hotspot\share\interpreter\linkResolver.cpp, line 774]
Event: 1.804 Thread 0x0000016b5e8d4a90 Exception <a 'java/lang/NoSuchMethodError'{0x0000000087358f30}: 'int java.lang.invoke.DirectMethodHandle$Holder.invokeStaticInit(java.lang.Object, java.lang.Object)'> (0x0000000087358f30) 
thrown [s\open\src\hotspot\share\interpreter\linkResolver.cpp, line 774]
Event: 1.828 Thread 0x0000016b5e8d4a90 Exception <a 'java/lang/NoSuchMethodError'{0x00000000873dc418}: 'java.lang.Object java.lang.invoke.Invokers$Holder.invokeExact_MT(java.lang.Object, java.lang.Object, java.lang.Object, java.lang.Object, java.lang.Object)'> (0x00000000873dc418) 
thrown [s\open\src\hotspot\share\interpreter\linkResolver.cpp, line 774]
Event: 2.837 Thread 0x0000016b5e1a4670 Exception <a 'java/lang/NoSuchMethodError'{0x00000000870ace60}: 'long java.lang.invoke.DirectMethodHandle$Holder.invokeStatic(java.lang.Object, java.lang.Object, java.lang.Object)'> (0x00000000870ace60) 
thrown [s\open\src\hotspot\share\interpreter\linkResolver.cpp, line 774]
Event: 2.838 Thread 0x0000016b5e1a4670 Exception <a 'java/lang/NoSuchMethodError'{0x00000000870b0788}: 'long java.lang.invoke.DirectMethodHandle$Holder.invokeStaticInit(java.lang.Object, java.lang.Object, java.lang.Object)'> (0x00000000870b0788) 
thrown [s\open\src\hotspot\share\interpreter\linkResolver.cpp, line 774]
Event: 2.840 Thread 0x0000016b5e1a4670 Exception <a 'java/lang/NoSuchMethodError'{0x00000000870c9120}: 'java.lang.Object java.lang.invoke.DirectMethodHandle$Holder.newInvokeSpecial(java.lang.Object, java.lang.Object, long)'> (0x00000000870c9120) 
thrown [s\open\src\hotspot\share\interpreter\linkResolver.cpp, line 774]
Event: 2.840 Thread 0x0000016b5e1a4670 Exception <a 'java/lang/NoSuchMethodError'{0x00000000870ccca8}: 'java.lang.Object java.lang.invoke.Invokers$Holder.linkToTargetMethod(java.lang.Object, long, java.lang.Object)'> (0x00000000870ccca8) 
thrown [s\open\src\hotspot\share\interpreter\linkResolver.cpp, line 774]
Event: 2.844 Thread 0x0000016b5e1a4670 Exception <a 'java/lang/NoSuchMethodError'{0x00000000870dcb40}: 'java.lang.Object java.lang.invoke.DirectMethodHandle$Holder.newInvokeSpecial(java.lang.Object, java.lang.Object, int, int, int, int, int, java.lang.Object)'> (0x00000000870dcb40) 
thrown [s\open\src\hotspot\share\interpreter\linkResolver.cpp, line 774]
Event: 2.845 Thread 0x0000016b5e1a4670 Exception <a 'java/lang/NoSuchMethodError'{0x00000000870efdd8}: 'java.lang.Object java.lang.invoke.DirectMethodHandle$Holder.newInvokeSpecial(java.lang.Object, java.lang.Object, java.lang.Object, int, int, int, int, int)'> (0x00000000870efdd8) 
thrown [s\open\src\hotspot\share\interpreter\linkResolver.cpp, line 774]
Event: 2.846 Thread 0x0000016b5e1a4670 Exception <a 'java/lang/NoSuchMethodError'{0x00000000870f7b50}: 'java.lang.Object java.lang.invoke.Invokers$Holder.linkToTargetMethod(java.lang.Object, java.lang.Object, int, int, int, int, int, java.lang.Object)'> (0x00000000870f7b50) 
thrown [s\open\src\hotspot\share\interpreter\linkResolver.cpp, line 774]
Event: 8.788 Thread 0x0000016b5e1a4670 Exception <a 'java/lang/NoSuchMethodError'{0x00000000890dc3b0}: 'void java.lang.invoke.DirectMethodHandle$Holder.invokeSpecialIFC(java.lang.Object, java.lang.Object, java.lang.Object, java.lang.Object)'> (0x00000000890dc3b0) 
thrown [s\open\src\hotspot\share\interpreter\linkResolver.cpp, line 774]

VM Operations (20 events):
Event: 15.693 Executing VM operation: Cleanup done
Event: 16.693 Executing VM operation: Cleanup
Event: 16.693 Executing VM operation: Cleanup done
Event: 17.693 Executing VM operation: Cleanup
Event: 17.694 Executing VM operation: Cleanup done
Event: 18.694 Executing VM operation: Cleanup
Event: 18.694 Executing VM operation: Cleanup done
Event: 19.694 Executing VM operation: Cleanup
Event: 19.694 Executing VM operation: Cleanup done
Event: 20.694 Executing VM operation: Cleanup
Event: 20.694 Executing VM operation: Cleanup done
Event: 21.695 Executing VM operation: Cleanup
Event: 21.695 Executing VM operation: Cleanup done
Event: 22.695 Executing VM operation: Cleanup
Event: 22.695 Executing VM operation: Cleanup done
Event: 23.695 Executing VM operation: Cleanup
Event: 23.696 Executing VM operation: Cleanup done
Event: 30.698 Executing VM operation: Cleanup
Event: 30.698 Executing VM operation: Cleanup done
Event: 31.244 Executing VM operation: Exit

Events (20 events):
Event: 1.402 Thread 0x0000016b59aa2be0 Thread exited: 0x0000016b59aa2be0
Event: 1.445 Thread 0x0000016b5ecbcda0 Thread added: 0x0000016b5ecbcda0
Event: 1.876 Thread 0x0000016b59aa4d40 Thread exited: 0x0000016b59aa4d40
Event: 1.879 Thread 0x0000016b5ecbbdb0 Thread added: 0x0000016b5ecbbdb0
Event: 5.479 Thread 0x0000016b59aa1b30 Thread added: 0x0000016b59aa1b30
Event: 7.073 Thread 0x0000016b59aa1b30 Thread exited: 0x0000016b59aa1b30
Event: 8.856 Thread 0x0000016b59aa2650 Thread added: 0x0000016b59aa2650
Event: 9.460 Thread 0x0000016b59aa2650 Thread exited: 0x0000016b59aa2650
Event: 9.655 Thread 0x0000016b59aa3170 Thread added: 0x0000016b59aa3170
Event: 9.688 Thread 0x0000016b59aa4220 Thread added: 0x0000016b59aa4220
Event: 9.906 Thread 0x0000016b59aa4220 Thread exited: 0x0000016b59aa4220
Event: 9.956 Thread 0x0000016b59aa3170 Thread exited: 0x0000016b59aa3170
Event: 11.187 Thread 0x0000016b59aa4220 Thread added: 0x0000016b59aa4220
Event: 11.371 Thread 0x0000016b59aa4220 Thread exited: 0x0000016b59aa4220
Event: 22.328 Thread 0x0000016b59aa4d40 Thread added: 0x0000016b59aa4d40
Event: 22.757 Thread 0x0000016b59aa4d40 Thread exited: 0x0000016b59aa4d40
Event: 31.241 Thread 0x0000016b5ecbb860 Thread added: 0x0000016b5ecbb860
Event: 31.241 Thread 0x0000016b5ecbdd90 Thread added: 0x0000016b5ecbdd90
Event: 31.242 Thread 0x0000016b5ecbb860 Thread exited: 0x0000016b5ecbb860
Event: 31.244 Thread 0x0000016b5ecbdd90 Thread exited: 0x0000016b5ecbdd90


Dynamic libraries:
0x00007ff6bc370000 - 0x00007ff6bc380000 	C:\Program Files\Java\jdk-19\bin\java.exe
0x00007ffbe8630000 - 0x00007ffbe8828000 	C:\Windows\SYSTEM32\ntdll.dll
0x00007ffbe69e0000 - 0x00007ffbe6a9f000 	C:\Windows\System32\KERNEL32.DLL
0x00007ffbe6170000 - 0x00007ffbe6442000 	C:\Windows\System32\KERNELBASE.dll
0x00007ffbe6530000 - 0x00007ffbe6630000 	C:\Windows\System32\ucrtbase.dll
0x00007ffbd40c0000 - 0x00007ffbd40db000 	C:\Program Files\Java\jdk-19\bin\VCRUNTIME140.dll
0x00007ffbd41f0000 - 0x00007ffbd4208000 	C:\Program Files\Java\jdk-19\bin\jli.dll
0x00007ffbe6bd0000 - 0x00007ffbe6c7e000 	C:\Windows\System32\ADVAPI32.dll
0x00007ffbe8420000 - 0x00007ffbe84be000 	C:\Windows\System32\msvcrt.dll
0x00007ffbe6fb0000 - 0x00007ffbe704c000 	C:\Windows\System32\sechost.dll
0x00007ffbe84c0000 - 0x00007ffbe85e5000 	C:\Windows\System32\RPCRT4.dll
0x00007ffbe8200000 - 0x00007ffbe839d000 	C:\Windows\System32\USER32.dll
0x00007ffbd70e0000 - 0x00007ffbd737a000 	C:\Windows\WinSxS\amd64_microsoft.windows.common-controls_6595b64144ccf1df_6.0.19041.1110_none_60b5254171f9507e\COMCTL32.dll
0x00007ffbe6450000 - 0x00007ffbe6472000 	C:\Windows\System32\win32u.dll
0x00007ffbe81d0000 - 0x00007ffbe81fb000 	C:\Windows\System32\GDI32.dll
0x00007ffbe5f20000 - 0x00007ffbe602f000 	C:\Windows\System32\gdi32full.dll
0x00007ffbe6060000 - 0x00007ffbe60fd000 	C:\Windows\System32\msvcp_win.dll
0x00007ffbdde50000 - 0x00007ffbdde5a000 	C:\Windows\SYSTEM32\VERSION.dll
0x00007ffbe6dc0000 - 0x00007ffbe6df2000 	C:\Windows\System32\IMM32.DLL
0x00007ffbdfd00000 - 0x00007ffbdfd0c000 	C:\Program Files\Java\jdk-19\bin\vcruntime140_1.dll
0x00007ffbc6420000 - 0x00007ffbc64ae000 	C:\Program Files\Java\jdk-19\bin\msvcp140.dll
0x00007ffbb7c30000 - 0x00007ffbb88f0000 	C:\Program Files\Java\jdk-19\bin\server\jvm.dll
0x00007ffbe0400000 - 0x00007ffbe0409000 	C:\Windows\SYSTEM32\WSOCK32.dll
0x00007ffbe83a0000 - 0x00007ffbe840b000 	C:\Windows\System32\WS2_32.dll
0x00007ffbd8810000 - 0x00007ffbd8837000 	C:\Windows\SYSTEM32\WINMM.dll
0x00007ffbe4570000 - 0x00007ffbe4582000 	C:\Windows\SYSTEM32\kernel.appcore.dll
0x00007ffbdfca0000 - 0x00007ffbdfcaa000 	C:\Program Files\Java\jdk-19\bin\jimage.dll
0x00007ffbd2850000 - 0x00007ffbd2a34000 	C:\Windows\SYSTEM32\DBGHELP.DLL
0x00007ffbd23f0000 - 0x00007ffbd241c000 	C:\Windows\SYSTEM32\dbgcore.DLL
0x00007ffbe5d30000 - 0x00007ffbe5db2000 	C:\Windows\System32\bcryptPrimitives.dll
0x00007ffbd21f0000 - 0x00007ffbd2216000 	C:\Program Files\Java\jdk-19\bin\java.dll
0x00007ffbc3690000 - 0x00007ffbc3767000 	C:\Program Files\Java\jdk-19\bin\jsvml.dll
0x00007ffbe7810000 - 0x00007ffbe7f53000 	C:\Windows\System32\SHELL32.dll
0x00007ffbe3dd0000 - 0x00007ffbe4562000 	C:\Windows\SYSTEM32\windows.storage.dll
0x00007ffbe6680000 - 0x00007ffbe69d4000 	C:\Windows\System32\combase.dll
0x00007ffbe5790000 - 0x00007ffbe57c0000 	C:\Windows\SYSTEM32\Wldp.dll
0x00007ffbe6d10000 - 0x00007ffbe6dbd000 	C:\Windows\System32\SHCORE.dll
0x00007ffbe8090000 - 0x00007ffbe80e5000 	C:\Windows\System32\shlwapi.dll
0x00007ffbe5c70000 - 0x00007ffbe5c8f000 	C:\Windows\SYSTEM32\profapi.dll
0x00007ffbd3f70000 - 0x00007ffbd3f83000 	C:\Program Files\Java\jdk-19\bin\net.dll
0x00007ffbd9bd0000 - 0x00007ffbd9cdc000 	C:\Windows\SYSTEM32\WINHTTP.dll
0x00007ffbe54f0000 - 0x00007ffbe555a000 	C:\Windows\system32\mswsock.dll
0x00007ffbd2150000 - 0x00007ffbd2166000 	C:\Program Files\Java\jdk-19\bin\nio.dll
0x00007ffbd2130000 - 0x00007ffbd2148000 	C:\Program Files\Java\jdk-19\bin\zip.dll
0x0000016b3b200000 - 0x0000016b3b203000 	C:\Users\Gabriel\.openjfx\cache\13\api-ms-win-core-console-l1-1-0.dll
0x0000016b59af0000 - 0x0000016b59af3000 	C:\Users\Gabriel\.openjfx\cache\13\api-ms-win-core-datetime-l1-1-0.dll
0x0000016b59b00000 - 0x0000016b59b03000 	C:\Users\Gabriel\.openjfx\cache\13\api-ms-win-core-debug-l1-1-0.dll
0x0000016b59b10000 - 0x0000016b59b13000 	C:\Users\Gabriel\.openjfx\cache\13\api-ms-win-core-errorhandling-l1-1-0.dll
0x0000016b59b20000 - 0x0000016b59b24000 	C:\Users\Gabriel\.openjfx\cache\13\api-ms-win-core-file-l1-1-0.dll
0x0000016b59b30000 - 0x0000016b59b33000 	C:\Users\Gabriel\.openjfx\cache\13\api-ms-win-core-file-l1-2-0.dll
0x0000016b59b40000 - 0x0000016b59b43000 	C:\Users\Gabriel\.openjfx\cache\13\api-ms-win-core-file-l2-1-0.dll
0x0000016b59b50000 - 0x0000016b59b53000 	C:\Users\Gabriel\.openjfx\cache\13\api-ms-win-core-handle-l1-1-0.dll
0x0000016b59b60000 - 0x0000016b59b63000 	C:\Users\Gabriel\.openjfx\cache\13\api-ms-win-core-heap-l1-1-0.dll
0x0000016b59b70000 - 0x0000016b59b73000 	C:\Users\Gabriel\.openjfx\cache\13\api-ms-win-core-interlocked-l1-1-0.dll
0x0000016b59b80000 - 0x0000016b59b83000 	C:\Users\Gabriel\.openjfx\cache\13\api-ms-win-core-libraryloader-l1-1-0.dll
0x0000016b59b90000 - 0x0000016b59b93000 	C:\Users\Gabriel\.openjfx\cache\13\api-ms-win-core-localization-l1-2-0.dll
0x0000016b59ba0000 - 0x0000016b59ba3000 	C:\Users\Gabriel\.openjfx\cache\13\api-ms-win-core-memory-l1-1-0.dll
0x0000016b59bb0000 - 0x0000016b59bb3000 	C:\Users\Gabriel\.openjfx\cache\13\api-ms-win-core-namedpipe-l1-1-0.dll
0x0000016b59bc0000 - 0x0000016b59bc3000 	C:\Users\Gabriel\.openjfx\cache\13\api-ms-win-core-processenvironment-l1-1-0.dll
0x0000016b59bd0000 - 0x0000016b59bd3000 	C:\Users\Gabriel\.openjfx\cache\13\api-ms-win-core-processthreads-l1-1-0.dll
0x0000016b59be0000 - 0x0000016b59be3000 	C:\Users\Gabriel\.openjfx\cache\13\api-ms-win-core-processthreads-l1-1-1.dll
0x0000016b59bf0000 - 0x0000016b59bf3000 	C:\Users\Gabriel\.openjfx\cache\13\api-ms-win-core-profile-l1-1-0.dll
0x0000016b5f8f0000 - 0x0000016b5f8f3000 	C:\Users\Gabriel\.openjfx\cache\13\api-ms-win-core-rtlsupport-l1-1-0.dll
0x0000016b5f900000 - 0x0000016b5f903000 	C:\Users\Gabriel\.openjfx\cache\13\api-ms-win-core-string-l1-1-0.dll
0x0000016b5f910000 - 0x0000016b5f913000 	C:\Users\Gabriel\.openjfx\cache\13\api-ms-win-core-synch-l1-1-0.dll
0x0000016b5f920000 - 0x0000016b5f923000 	C:\Users\Gabriel\.openjfx\cache\13\api-ms-win-core-synch-l1-2-0.dll
0x0000016b5f930000 - 0x0000016b5f933000 	C:\Users\Gabriel\.openjfx\cache\13\api-ms-win-core-sysinfo-l1-1-0.dll
0x0000016b5f940000 - 0x0000016b5f943000 	C:\Users\Gabriel\.openjfx\cache\13\api-ms-win-core-timezone-l1-1-0.dll
0x0000016b5f950000 - 0x0000016b5f953000 	C:\Users\Gabriel\.openjfx\cache\13\api-ms-win-core-util-l1-1-0.dll
0x0000016b5f960000 - 0x0000016b5f963000 	C:\Users\Gabriel\.openjfx\cache\13\api-ms-win-crt-conio-l1-1-0.dll
0x0000016b5f970000 - 0x0000016b5f974000 	C:\Users\Gabriel\.openjfx\cache\13\api-ms-win-crt-convert-l1-1-0.dll
0x0000016b5f980000 - 0x0000016b5f983000 	C:\Users\Gabriel\.openjfx\cache\13\api-ms-win-crt-environment-l1-1-0.dll
0x0000016b5f990000 - 0x0000016b5f993000 	C:\Users\Gabriel\.openjfx\cache\13\api-ms-win-crt-filesystem-l1-1-0.dll
0x0000016b5f9a0000 - 0x0000016b5f9a3000 	C:\Users\Gabriel\.openjfx\cache\13\api-ms-win-crt-heap-l1-1-0.dll
0x0000016b5f9b0000 - 0x0000016b5f9b3000 	C:\Users\Gabriel\.openjfx\cache\13\api-ms-win-crt-locale-l1-1-0.dll
0x0000016b5f9c0000 - 0x0000016b5f9c5000 	C:\Users\Gabriel\.openjfx\cache\13\api-ms-win-crt-math-l1-1-0.dll
0x0000016b5f9d0000 - 0x0000016b5f9d5000 	C:\Users\Gabriel\.openjfx\cache\13\api-ms-win-crt-multibyte-l1-1-0.dll
0x0000016b5f9e0000 - 0x0000016b5f9f0000 	C:\Users\Gabriel\.openjfx\cache\13\api-ms-win-crt-private-l1-1-0.dll
0x0000016b5f9f0000 - 0x0000016b5f9f3000 	C:\Users\Gabriel\.openjfx\cache\13\api-ms-win-crt-process-l1-1-0.dll
0x0000016b5fa00000 - 0x0000016b5fa04000 	C:\Users\Gabriel\.openjfx\cache\13\api-ms-win-crt-runtime-l1-1-0.dll
0x0000016b5fa10000 - 0x0000016b5fa14000 	C:\Users\Gabriel\.openjfx\cache\13\api-ms-win-crt-stdio-l1-1-0.dll
0x0000016b5fa20000 - 0x0000016b5fa24000 	C:\Users\Gabriel\.openjfx\cache\13\api-ms-win-crt-string-l1-1-0.dll
0x0000016b5fa30000 - 0x0000016b5fa33000 	C:\Users\Gabriel\.openjfx\cache\13\api-ms-win-crt-time-l1-1-0.dll
0x0000016b5fa40000 - 0x0000016b5fa43000 	C:\Users\Gabriel\.openjfx\cache\13\api-ms-win-crt-utility-l1-1-0.dll
0x00007ffbbf640000 - 0x00007ffbbf73c000 	C:\Users\Gabriel\.openjfx\cache\13\ucrtbase.dll
0x00007ffbcbd80000 - 0x00007ffbcbd95000 	C:\Users\Gabriel\.openjfx\cache\13\vcruntime140.dll
0x00007ffbc35f0000 - 0x00007ffbc368b000 	C:\Users\Gabriel\.openjfx\cache\13\msvcp140.dll
0x00007ffbc9190000 - 0x00007ffbc91e1000 	C:\Users\Gabriel\.openjfx\cache\13\concrt140.dll
0x00007ffbc63f0000 - 0x00007ffbc6413000 	C:\Users\Gabriel\.openjfx\cache\13\prism_d3d.dll
0x00007ffbd2220000 - 0x00007ffbd23ef000 	C:\Windows\system32\d3d9.dll
0x00007ffbe3900000 - 0x00007ffbe392f000 	C:\Windows\SYSTEM32\dwmapi.dll
0x00007ffbe3720000 - 0x00007ffbe37be000 	C:\Windows\system32\uxtheme.dll
0x00007ffb65c40000 - 0x00007ffb6b44d000 	C:\Windows\System32\DriverStore\FileRepository\igdlh64.inf_amd64_6d1fd205efa7f979\igdumdim64.dll
0x00007ffbe7f60000 - 0x00007ffbe802d000 	C:\Windows\System32\OLEAUT32.dll
0x00007ffbe7060000 - 0x00007ffbe718a000 	C:\Windows\System32\ole32.dll
0x00007ffbe7280000 - 0x00007ffbe76e8000 	C:\Windows\System32\SETUPAPI.dll
0x00007ffbe6630000 - 0x00007ffbe667e000 	C:\Windows\System32\cfgmgr32.dll
0x00007ffbe6030000 - 0x00007ffbe6057000 	C:\Windows\System32\bcrypt.dll
0x00007ffbc2ce0000 - 0x00007ffbc2d25000 	C:\Users\Gabriel\.openjfx\cache\13\glass.dll
0x00007ffbe7190000 - 0x00007ffbe726a000 	C:\Windows\System32\COMDLG32.dll
0x00007ffbe76f0000 - 0x00007ffbe7805000 	C:\Windows\System32\MSCTF.dll
0x00007ffbd8840000 - 0x00007ffbd999e000 	C:\Windows\System32\DriverStore\FileRepository\igdlh64.inf_amd64_6d1fd205efa7f979\igc64.dll
0x00007ffbdb820000 - 0x00007ffbdb85b000 	C:\Windows\SYSTEM32\dxcore.dll
0x00007ffbcbd60000 - 0x00007ffbcbd74000 	C:\Users\Gabriel\.openjfx\cache\13\javafx_font.dll
0x00007ffbca680000 - 0x00007ffbca8ff000 	C:\Windows\SYSTEM32\dwrite.dll
0x00007ffbe6aa0000 - 0x00007ffbe6b4f000 	C:\Windows\System32\clbcatq.dll
0x00007ffbde9d0000 - 0x00007ffbdeb84000 	C:\Windows\SYSTEM32\WindowsCodecs.dll
0x00007ffbc8420000 - 0x00007ffbc845e000 	C:\Windows\system32\dataexchange.dll
0x00007ffbe2780000 - 0x00007ffbe2963000 	C:\Windows\system32\dcomp.dll
0x00007ffbe1af0000 - 0x00007ffbe1d53000 	C:\Windows\system32\d3d11.dll
0x00007ffbe45f0000 - 0x00007ffbe46e3000 	C:\Windows\system32\dxgi.dll
0x00007ffbdef60000 - 0x00007ffbdf160000 	C:\Windows\system32\twinapi.appcore.dll
0x00007ffbc2ca0000 - 0x00007ffbc2cd4000 	C:\Program Files\Common Files\Microsoft Shared\Ink\rtscom.dll
0x00007ffbce590000 - 0x00007ffbce689000 	C:\Windows\SYSTEM32\textinputframework.dll
0x00007ffbe3050000 - 0x00007ffbe3142000 	C:\Windows\System32\CoreMessaging.dll
0x00007ffbe2970000 - 0x00007ffbe2cce000 	C:\Windows\System32\CoreUIComponents.dll
0x00007ffbe4ec0000 - 0x00007ffbe4ef3000 	C:\Windows\SYSTEM32\ntmarta.dll
0x00007ffbe1990000 - 0x00007ffbe1ae4000 	C:\Windows\SYSTEM32\wintypes.dll
0x00007ffbd86f0000 - 0x00007ffbd8756000 	C:\Windows\system32\Oleacc.dll

dbghelp: loaded successfully - version: 4.0.5 - missing functions: none
symbol engine: initialized successfully - sym options: 0x614 - pdb path: .;C:\Program Files\Java\jdk-19\bin;C:\Windows\SYSTEM32;C:\Windows\WinSxS\amd64_microsoft.windows.common-controls_6595b64144ccf1df_6.0.19041.1110_none_60b5254171f9507e;C:\Program Files\Java\jdk-19\bin\server;C:\Users\Gabriel\.openjfx\cache\13;C:\Windows\System32\DriverStore\FileRepository\igdlh64.inf_amd64_6d1fd205efa7f979;C:\Program Files\Common Files\Microsoft Shared\Ink

VM Arguments:
jvm_args: --module-path=C:\Users\Gabriel\Downloads\teste4\Trabalho-Final-POO\batalha-pokemon\target\classes;C:\Users\Gabriel\.m2\repository\org\openjfx\javafx-base\13\javafx-base-13-win.jar;C:\Users\Gabriel\.m2\repository\org\openjfx\javafx-controls\13\javafx-controls-13-win.jar;C:\Users\Gabriel\.m2\repository\org\openjfx\javafx-fxml\13\javafx-fxml-13-win.jar;C:\Users\Gabriel\.m2\repository\org\openjfx\javafx-graphics\13\javafx-graphics-13-win.jar --add-modules=poo -Djdk.module.main=poo 
java_command: poo/poo.App
java_class_path (initial): C:\Users\Gabriel\.m2\repository\org\openjfx\javafx-base\13\javafx-base-13.jar;C:\Users\Gabriel\.m2\repository\org\openjfx\javafx-controls\13\javafx-controls-13.jar;C:\Users\Gabriel\.m2\repository\org\openjfx\javafx-fxml\13\javafx-fxml-13.jar;C:\Users\Gabriel\.m2\repository\org\openjfx\javafx-graphics\13\javafx-graphics-13.jar
Launcher Type: SUN_STANDARD

[Global flags]
     intx CICompilerCount                          = 4                                         {product} {ergonomic}
     uint ConcGCThreads                            = 2                                         {product} {ergonomic}
     uint G1ConcRefinementThreads                  = 8                                         {product} {ergonomic}
   size_t G1HeapRegionSize                         = 1048576                                   {product} {ergonomic}
    uintx GCDrainStackTargetSize                   = 64                                        {product} {ergonomic}
   size_t InitialHeapSize                          = 134217728                                 {product} {ergonomic}
   size_t MarkStackSize                            = 4194304                                   {product} {ergonomic}
   size_t MaxHeapSize                              = 2128609280                                {product} {ergonomic}
   size_t MaxNewSize                               = 1277165568                                {product} {ergonomic}
   size_t MinHeapDeltaBytes                        = 1048576                                   {product} {ergonomic}
   size_t MinHeapSize                              = 8388608                                   {product} {ergonomic}
    uintx NonNMethodCodeHeapSize                   = 5839372                                {pd product} {ergonomic}
    uintx NonProfiledCodeHeapSize                  = 122909434                              {pd product} {ergonomic}
    uintx ProfiledCodeHeapSize                     = 122909434                              {pd product} {ergonomic}
    uintx ReservedCodeCacheSize                    = 251658240                              {pd product} {ergonomic}
     bool SegmentedCodeCache                       = true                                      {product} {ergonomic}
   size_t SoftMaxHeapSize                          = 2128609280                             {manageable} {ergonomic}
     bool UseCompressedClassPointers               = true                           {product lp64_product} {ergonomic}
     bool UseCompressedOops                        = true                           {product lp64_product} {ergonomic}
     bool UseG1GC                                  = true                                      {product} {ergonomic}
     bool UseLargePagesIndividualAllocation        = false                                  {pd product} {ergonomic}

Logging:
Log output configuration:
 #0: stdout all=off uptime,level,tags foldmultilines=false
 #1: stderr all=off uptime,level,tags foldmultilines=false

Environment Variables:
JAVA_HOME=C:\Program Files\Java\jdk-19
PATH=C:\Program Files\Common Files\Oracle\Java\javapath;C:\Program Files\Eclipse Adoptium\jdk-17.0.4.101-hotspot\bin;C:\Program Files (x86)\Common Files\Oracle\Java\javapath;C:\Windows\system32;C:\Windows;C:\Windows\System32\Wbem;C:\Windows\System32\WindowsPowerShell\v1.0\;C:\Windows\System32\OpenSSH\;C:\Program Files\Git\cmd;C:\Users\Gabriel\AppData\Local\Microsoft\WindowsApps;C:\Users\Gabriel\AppData\Local\Programs\Microsoft VS Code\bin;C:\Users\Gabriel\AppData\Local\GitHubDesktop\bin;C:\Program Files (x86)\Maven\apache-maven-3.8.6\bin;C:\Program Files\Java\jdk-19\bin;
USERNAME=Gabriel
LANG=pt_BR.UTF-8
OS=Windows_NT
PROCESSOR_IDENTIFIER=Intel64 Family 6 Model 94 Stepping 3, GenuineIntel
TMP=C:\Users\Gabriel\AppData\Local\Temp
TEMP=C:\Users\Gabriel\AppData\Local\Temp



---------------  S Y S T E M  ---------------

OS:
 Windows 10 , 64 bit Build 19041 (10.0.19041.2251)
OS uptime: 2 days 10:25 hours

CPU: total 8 (initial active 8) (4 cores per cpu, 2 threads per core) family 6 model 94 stepping 3 microcode 0xcc, cx8, cmov, fxsr, ht, mmx, 3dnowpref, sse, sse2, sse3, ssse3, sse4.1, sse4.2, popcnt, lzcnt, tsc, tscinvbit, avx, avx2, aes, erms, clmul, bmi1, bmi2, rtm, adx, fma, vzeroupper, clflush, clflushopt, rdtscp

Memory: 4k page, system-wide physical 8112M (1101M free)
TotalPageFile size 19930M (AvailPageFile size 2667M)
current process WorkingSet (physical memory assigned to process): 198M, peak: 218M
current process commit charge ("private bytes"): 322M, peak: 343M

vm_info: Java HotSpot(TM) 64-Bit Server VM (19.0.1+10-21) for windows-amd64 JRE (19.0.1+10-21), built on 2022-09-14T12:45:06Z by "mach5one" with MS VC++ 17.1 (VS2022)

END.
