#
# A fatal error has been detected by the Java Runtime Environment:
#
#  EXCEPTION_ACCESS_VIOLATION (0xc0000005) at pc=0x00007ffbc2d066f0, pid=23256, tid=14480
#
# JRE version: Java(TM) SE Runtime Environment (19.0.1+10) (build 19.0.1+10-21)
# Java VM: Java HotSpot(TM) 64-Bit Server VM (19.0.1+10-21, mixed mode, sharing, tiered, compressed oops, compressed class ptrs, g1 gc, windows-amd64)
# Problematic frame:
# C  [glass.dll+0x266f0]
#
# No core dump will be written. Minidumps are not enabled by default on client versions of Windows
#
# If you would like to submit a bug report, please visit:
#   https://bugreport.java.com/bugreport/crash.jsp
#

---------------  S U M M A R Y ------------

Command Line: --module-path=C:\Users\Gabriel\Downloads\teste4\Trabalho-Final-POO\batalha-pokemon\target\classes;C:\Users\Gabriel\.m2\repository\org\openjfx\javafx-base\13\javafx-base-13-win.jar;C:\Users\Gabriel\.m2\repository\org\openjfx\javafx-controls\13\javafx-controls-13-win.jar;C:\Users\Gabriel\.m2\repository\org\openjfx\javafx-fxml\13\javafx-fxml-13-win.jar;C:\Users\Gabriel\.m2\repository\org\openjfx\javafx-graphics\13\javafx-graphics-13-win.jar --add-modules=poo -Djdk.module.main=poo poo/poo.App

Host: Intel(R) Core(TM) i7-6700HQ CPU @ 2.60GHz, 8 cores, 7G,  Windows 10 , 64 bit Build 19041 (10.0.19041.2251)
Time: Wed Nov 30 12:13:15 2022 Hora oficial do Brasil elapsed time: 2021.930466 seconds (0d 0h 33m 41s)

---------------  T H R E A D  ---------------

Current thread (0x00000180ff74a450):  VMThread "VM Thread" [stack: 0x000000636dd00000,0x000000636de00000] [id=14480]

Stack: [0x000000636dd00000,0x000000636de00000],  sp=0x000000636ddfef90,  free space=1019k
Native frames: (J=compiled Java code, j=interpreted, Vv=VM code, C=native code)
C  [glass.dll+0x266f0]


siginfo: EXCEPTION_ACCESS_VIOLATION (0xc0000005), reading address 0x0000000000000000


Registers:
RAX=0x0000000000000000, RBX=0x00000180ff754c00, RCX=0x00000180ff74a450, RDX=0x000000636ddfef90
RSP=0x000000636ddfef90, RBP=0x00000180998c1f98, RSI=0x00000180998c1f70, RDI=0x00000cccb12088b7
R8 =0x0000000000010002, R9 =0x00000cccb12088b7, R10=0x0000000000008000, R11=0x000000636ddfef30
R12=0x00007ffbc2d03b84, R13=0x00007ffbb88472a0, R14=0x000000636ddff098, R15=0x00000180998c1f70
RIP=0x00007ffbc2d066f0, EFLAGS=0x0000000000010206


Register to memory mapping:

RIP=0x00007ffbc2d066f0 glass.dll
RAX=0x0 is NULL
RBX=0x00000180ff754c00 is a global jni handle
RCX=0x00000180ff74a450 points into unknown readable memory: 0x00007ffbb86545e8 | e8 45 65 b8 fb 7f 00 00
RDX=0x000000636ddfef90 points into unknown readable memory: 0x0000000000000000 | 00 00 00 00 00 00 00 00
RSP=0x000000636ddfef90 points into unknown readable memory: 0x0000000000000000 | 00 00 00 00 00 00 00 00
RBP=0x00000180998c1f98 points into unknown readable memory: 0x00000cccb12088b7 | b7 88 20 b1 cc 0c 00 00
RSI=0x00000180998c1f70 points into unknown readable memory: 0x36000cf34cc1e0ac | ac e0 c1 4c f3 0c 00 36
RDI=0x00000cccb12088b7 is an unknown value
R8 =0x0000000000010002 is an unknown value
R9 =0x00000cccb12088b7 is an unknown value
R10=0x0000000000008000 is an unknown value
R11=0x000000636ddfef30 points into unknown readable memory: 0x00000180998c1f70 | 70 1f 8c 99 80 01 00 00
R12=0x00007ffbc2d03b84 glass.dll
R13=0x00007ffbb88472a0 jvm.dll
R14=0x000000636ddff098 points into unknown readable memory: 0x000000636ddff080 | 80 f0 df 6d 63 00 00 00
R15=0x00000180998c1f70 points into unknown readable memory: 0x36000cf34cc1e0ac | ac e0 c1 4c f3 0c 00 36


Top of Stack: (sp=0x000000636ddfef90)
0x000000636ddfef90:   0000000000000000 00007ffbe653f05b
0x000000636ddfefa0:   00000180998c1f80 00000180998c1f70
0x000000636ddfefb0:   fffffffffffffffe 00007ffbc2d03b84
0x000000636ddfefc0:   00000180998c1f78 00007ffbe65442d6
0x000000636ddfefd0:   00000180998c1f80 0000018000000000
0x000000636ddfefe0:   00000180998c1f98 00000180998c1f70
0x000000636ddfeff0:   fffffffffffffffe 0000000000000000
0x000000636ddff000:   0000000000000001 00007ffbc2ce0000
0x000000636ddff010:   000000636ddff088 00007ffbe65441fb
0x000000636ddff020:   0000000000000000 000000636ddff098
0x000000636ddff030:   000000636ddff350 00007ffbe6620e40
0x000000636ddff040:   0000000000000000 00007ffbe65441b4
0x000000636ddff050:   0000000000000000 0000000000000001
0x000000636ddff060:   0000000000000001 000000636ddff088
0x000000636ddff070:   0000000000000006 00007ffbc2d03a12
0x000000636ddff080:   00007ffbc2d1d118 0000006300000002 

Instructions: (pc=0x00007ffbc2d066f0)
0x00007ffbc2d065f0:   8b 4d 60 e8 98 c9 ff ff 48 8b 55 68 48 8b 8d 08
0x00007ffbc2d06600:   01 00 00 e8 49 be ff ff 33 d2 33 c9 e8 49 de ff
0x00007ffbc2d06610:   ff 90 cc cc cc cc cc cc cc cc cc cc cc cc cc cc
0x00007ffbc2d06620:   48 8d 8a 80 00 00 00 e9 14 e9 fe ff 48 89 54 24
0x00007ffbc2d06630:   10 55 48 83 ec 20 48 8b ea 48 8d 05 dd ca ff ff
0x00007ffbc2d06640:   48 83 c4 20 5d c3 cc 40 55 48 8b ea 48 8b 01 33
0x00007ffbc2d06650:   c9 81 38 05 00 00 c0 0f 94 c1 8b c1 5d c3 cc 40
0x00007ffbc2d06660:   55 48 83 ec 20 48 8b ea 8a 4d 40 48 83 c4 20 5d
0x00007ffbc2d06670:   e9 df cd ff ff cc 40 55 48 83 ec 20 48 8b ea e8
0x00007ffbc2d06680:   fc cb ff ff 8a 4d 38 48 83 c4 20 5d e9 c3 cd ff
0x00007ffbc2d06690:   ff cc 40 55 48 83 ec 30 48 8b ea 48 8b 01 8b 10
0x00007ffbc2d066a0:   48 89 4c 24 28 89 54 24 20 4c 8d 0d a4 d1 ff ff
0x00007ffbc2d066b0:   4c 8b 45 70 8b 55 68 48 8b 4d 60 e8 30 cb ff ff
0x00007ffbc2d066c0:   90 48 83 c4 30 5d c3 cc cc cc cc cc cc cc cc cc
0x00007ffbc2d066d0:   40 53 48 83 ec 30 48 c7 44 24 20 fe ff ff ff 48
0x00007ffbc2d066e0:   8b 1d 2a 64 01 00 48 85 db 74 16 e8 90 85 ff ff
0x00007ffbc2d066f0:   4c 8b 00 48 8b d3 48 8b c8 41 ff 90 b0 00 00 00
0x00007ffbc2d06700:   90 48 83 c4 30 5b c3 cc cc cc cc cc cc cc cc cc
0x00007ffbc2d06710:   40 53 48 83 ec 20 48 8b 1d 9b 65 01 00 48 85 db
0x00007ffbc2d06720:   74 57 b8 ff ff ff ff f0 0f c1 43 10 83 f8 01 75
0x00007ffbc2d06730:   3d 48 85 db 74 38 48 8b 0b 48 85 c9 74 0d ff 15
0x00007ffbc2d06740:   64 0b 00 00 48 c7 03 00 00 00 00 48 8b 4b 08 48
0x00007ffbc2d06750:   85 c9 74 0d e8 37 c8 ff ff 48 c7 43 08 00 00 00
0x00007ffbc2d06760:   00 ba 18 00 00 00 48 8b cb e8 22 c8 ff ff 48 c7
0x00007ffbc2d06770:   05 3f 65 01 00 00 00 00 00 48 83 c4 20 5b c3 cc
0x00007ffbc2d06780:   40 53 48 83 ec 20 48 8b 1d 0b 65 01 00 48 85 db
0x00007ffbc2d06790:   74 57 b8 ff ff ff ff f0 0f c1 43 10 83 f8 01 75
0x00007ffbc2d067a0:   3d 48 85 db 74 38 48 8b 0b 48 85 c9 74 0d ff 15
0x00007ffbc2d067b0:   f4 0a 00 00 48 c7 03 00 00 00 00 48 8b 4b 08 48
0x00007ffbc2d067c0:   85 c9 74 0d e8 c7 c7 ff ff 48 c7 43 08 00 00 00
0x00007ffbc2d067d0:   00 ba 18 00 00 00 48 8b cb e8 b2 c7 ff ff 48 c7
0x00007ffbc2d067e0:   05 af 64 01 00 00 00 00 00 48 83 c4 20 5b c3 cc 


Stack slot to memory mapping:
stack at sp + 0 slots: 0x0 is NULL
stack at sp + 1 slots: 0x00007ffbe653f05b ucrtbase.dll
stack at sp + 2 slots: 0x00000180998c1f80 points into unknown readable memory: 0x00000cccb12088b7 | b7 88 20 b1 cc 0c 00 00
stack at sp + 3 slots: 0x00000180998c1f70 points into unknown readable memory: 0x36000cf34cc1e0ac | ac e0 c1 4c f3 0c 00 36
stack at sp + 4 slots: 0xfffffffffffffffe is an unknown value
stack at sp + 5 slots: 0x00007ffbc2d03b84 glass.dll
stack at sp + 6 slots: 0x00000180998c1f78 points into unknown readable memory: 0x00000cccb12088b7 | b7 88 20 b1 cc 0c 00 00
stack at sp + 7 slots: 0x00007ffbe65442d6 ucrtbase.dll

VM_Operation (0x000000636eefc8a0): Exit, mode: safepoint, requested by thread 0x00000180999067a0


---------------  P R O C E S S  ---------------

Threads class SMR info:
_java_thread_list=0x000001809eb4b050, length=19, elements={
0x00000180f5eaacd0, 0x00000180ff763cf0, 0x00000180ff7646f0, 0x00000180ff7669a0,
0x00000180ff768ef0, 0x00000180ff769430, 0x00000180ff773ad0, 0x00000180ff7a1330,
0x00000180ff7a28c0, 0x00000180ff7a4e50, 0x00000180ff73a600, 0x00000180994a4050,
0x0000018099716410, 0x0000018099905de0, 0x00000180999067a0, 0x0000018099a36d90,
0x0000018099b60bb0, 0x0000018099c9f880, 0x0000018099c9e890
}

Java Threads: ( => current thread )
  0x00000180f5eaacd0 JavaThread "main" [_thread_blocked, id=7684, stack(0x000000636d700000,0x000000636d800000)]
  0x00000180ff763cf0 JavaThread "Reference Handler" daemon [_thread_blocked, id=11704, stack(0x000000636de00000,0x000000636df00000)]
  0x00000180ff7646f0 JavaThread "Finalizer" daemon [_thread_blocked, id=22756, stack(0x000000636df00000,0x000000636e000000)]
  0x00000180ff7669a0 JavaThread "Signal Dispatcher" daemon [_thread_blocked, id=12808, stack(0x000000636e000000,0x000000636e100000)]
  0x00000180ff768ef0 JavaThread "Attach Listener" daemon [_thread_blocked, id=15820, stack(0x000000636e100000,0x000000636e200000)]
  0x00000180ff769430 JavaThread "Service Thread" daemon [_thread_blocked, id=3272, stack(0x000000636e200000,0x000000636e300000)]
  0x00000180ff773ad0 JavaThread "Monitor Deflation Thread" daemon [_thread_blocked, id=23852, stack(0x000000636e300000,0x000000636e400000)]
  0x00000180ff7a1330 JavaThread "C2 CompilerThread0" daemon [_thread_blocked, id=16228, stack(0x000000636e400000,0x000000636e500000)]
  0x00000180ff7a28c0 JavaThread "C1 CompilerThread0" daemon [_thread_blocked, id=14764, stack(0x000000636e500000,0x000000636e600000)]
  0x00000180ff7a4e50 JavaThread "Sweeper thread" daemon [_thread_blocked, id=15008, stack(0x000000636e600000,0x000000636e700000)]
  0x00000180ff73a600 JavaThread "Common-Cleaner" daemon [_thread_blocked, id=15316, stack(0x000000636e700000,0x000000636e800000)]
  0x00000180994a4050 JavaThread "Notification Thread" daemon [_thread_blocked, id=18404, stack(0x000000636ea00000,0x000000636eb00000)]
  0x0000018099716410 JavaThread "QuantumRenderer-0" daemon [_thread_blocked, id=17252, stack(0x000000636ec00000,0x000000636ed00000)]
  0x0000018099905de0 JavaThread "InvokeLaterDispatcher" daemon [_thread_blocked, id=20452, stack(0x000000636ed00000,0x000000636ee00000)]
  0x00000180999067a0 JavaThread "JavaFX Application Thread" [_thread_blocked, id=24492, stack(0x000000636ee00000,0x000000636ef00000)]
  0x0000018099a36d90 JavaThread "Thread-1" daemon [_thread_in_native, id=21656, stack(0x000000636f200000,0x000000636f300000)]
  0x0000018099b60bb0 JavaThread "JavaFX-Launcher" [_thread_blocked, id=12668, stack(0x000000636f300000,0x000000636f400000)]
  0x0000018099c9f880 JavaThread "Prism Font Disposer" daemon [_thread_blocked, id=13756, stack(0x000000636e900000,0x000000636ea00000)]
  0x0000018099c9e890 JavaThread "Cleaner-0" daemon [_thread_blocked, id=22356, stack(0x000000636e800000,0x000000636e900000)]

Other Threads:
=>0x00000180ff74a450 VMThread "VM Thread" [stack: 0x000000636dd00000,0x000000636de00000] [id=14480]
  0x00000180f5f0c730 WorkerThread "GC Thread#0" [stack: 0x000000636d800000,0x000000636d900000] [id=4320]
  0x0000018099a372d0 WorkerThread "GC Thread#1" [stack: 0x000000636f400000,0x000000636f500000] [id=8200]
  0x0000018099bb5080 WorkerThread "GC Thread#2" [stack: 0x000000636f500000,0x000000636f600000] [id=24056]
  0x0000018099d19390 WorkerThread "GC Thread#3" [stack: 0x000000636f600000,0x000000636f700000] [id=4780]
  0x0000018099ba2310 WorkerThread "GC Thread#4" [stack: 0x000000636f700000,0x000000636f800000] [id=23696]
  0x0000018099b26d00 WorkerThread "GC Thread#5" [stack: 0x000000636f800000,0x000000636f900000] [id=10540]
  0x0000018099b26a30 WorkerThread "GC Thread#6" [stack: 0x000000636fc00000,0x000000636fd00000] [id=3784]
  0x0000018099b253b0 WorkerThread "GC Thread#7" [stack: 0x000000636fd00000,0x000000636fe00000] [id=536]
  0x00000180f5f1dd90 ConcurrentGCThread "G1 Main Marker" terminated
  0x00000180f5f1e7c0 WorkerThread "G1 Conc#0" [stack: 0x000000636da00000,0x000000636db00000] [id=20048]
  0x00000180ff6080f0 ConcurrentGCThread "G1 Refine#0" terminated
  0x00000180ff60a760 ConcurrentGCThread "G1 Service" terminated

Threads with active compile tasks:

VM state: at safepoint (shutting down)

VM Mutex/Monitor currently owned by a thread:  ([mutex/lock_event])
[0x00000180f3c8be10] Threads_lock - owner thread: 0x00000180ff74a450
[0x00000180f3c8b090] Heap_lock - owner thread: 0x00000180999067a0

Heap address: 0x0000000081200000, size: 2030 MB, Compressed Oops mode: 32-bit

CDS archive(s) mapped at: [0x0000000800000000-0x0000000800c40000-0x0000000800c40000), size 12845056, SharedBaseAddress: 0x0000000800000000, ArchiveRelocationMode: 0.
Compressed class space mapped at: 0x0000000801000000-0x0000000841000000, reserved size: 1073741824
Narrow klass base: 0x0000000800000000, Narrow klass shift: 0, Narrow klass range: 0x100000000

GC Precious Log:
 CardTable entry size: 512
 Card Set container configuration: InlinePtr #cards 5 size 8 Array Of Cards #cards 12 size 40 Howl #buckets 4 coarsen threshold 1843 Howl Bitmap #cards 512 size 80 coarsen threshold 460 Card regions per heap region 1 cards per card region 2048
 CPUs: 8 total, 8 available
 Memory: 8112M
 Large Page Support: Disabled
 NUMA Support: Disabled
 Compressed Oops: Enabled (32-bit)
 Heap Region Size: 1M
 Heap Min Capacity: 8M
 Heap Initial Capacity: 128M
 Heap Max Capacity: 2030M
 Pre-touch: Disabled
 Parallel Workers: 8
 Concurrent Workers: 2
 Concurrent Refinement Workers: 8
 Periodic GC: Disabled

Heap:
 garbage-first heap   total 131072K, used 85530K [0x0000000081200000, 0x0000000100000000)
  region size 1024K, 57 young (58368K), 4 survivors (4096K)
 Metaspace       used 17941K, committed 18240K, reserved 1114112K
  class space    used 2410K, committed 2560K, reserved 1048576K

Heap Regions: E=young(eden), S=young(survivor), O=old, HS=humongous(starts), HC=humongous(continues), CS=collection set, F=free, OA=open archive, CA=closed archive, TAMS=top-at-mark-start (previous, next)
|   0|0x0000000081200000, 0x0000000081300000, 0x0000000081300000|100%|HS|  |TAMS 0x0000000081200000, 0x0000000081200000| Complete 
|   1|0x0000000081300000, 0x0000000081400000, 0x0000000081400000|100%|HC|  |TAMS 0x0000000081300000, 0x0000000081300000| Complete 
|   2|0x0000000081400000, 0x0000000081500000, 0x0000000081500000|100%|HC|  |TAMS 0x0000000081400000, 0x0000000081400000| Complete 
|   3|0x0000000081500000, 0x0000000081600000, 0x0000000081600000|100%|HC|  |TAMS 0x0000000081500000, 0x0000000081500000| Complete 
|   4|0x0000000081600000, 0x0000000081700000, 0x0000000081700000|100%|HC|  |TAMS 0x0000000081600000, 0x0000000081600000| Complete 
|   5|0x0000000081700000, 0x0000000081800000, 0x0000000081800000|100%|HC|  |TAMS 0x0000000081700000, 0x0000000081700000| Complete 
|   6|0x0000000081800000, 0x0000000081900000, 0x0000000081900000|100%|HS|  |TAMS 0x0000000081800000, 0x0000000081800000| Complete 
|   7|0x0000000081900000, 0x0000000081a00000, 0x0000000081a00000|100%|HC|  |TAMS 0x0000000081900000, 0x0000000081900000| Complete 
|   8|0x0000000081a00000, 0x0000000081b00000, 0x0000000081b00000|100%|HS|  |TAMS 0x0000000081a00000, 0x0000000081a00000| Complete 
|   9|0x0000000081b00000, 0x0000000081c00000, 0x0000000081c00000|100%|HC|  |TAMS 0x0000000081b00000, 0x0000000081b00000| Complete 
|  10|0x0000000081c00000, 0x0000000081d00000, 0x0000000081d00000|100%|HC|  |TAMS 0x0000000081c00000, 0x0000000081c00000| Complete 
|  11|0x0000000081d00000, 0x0000000081e00000, 0x0000000081e00000|100%|HS|  |TAMS 0x0000000081d00000, 0x0000000081d00000| Complete 
|  12|0x0000000081e00000, 0x0000000081f00000, 0x0000000081f00000|100%|HC|  |TAMS 0x0000000081e00000, 0x0000000081e00000| Complete 
|  13|0x0000000081f00000, 0x0000000082000000, 0x0000000082000000|100%|HC|  |TAMS 0x0000000081f00000, 0x0000000081f00000| Complete 
|  14|0x0000000082000000, 0x0000000082100000, 0x0000000082100000|100%| O|  |TAMS 0x0000000082000000, 0x0000000082000000| Untracked 
|  15|0x0000000082100000, 0x0000000082200000, 0x0000000082200000|100%| O|  |TAMS 0x0000000082100000, 0x0000000082100000| Untracked 
|  16|0x0000000082200000, 0x0000000082286800, 0x0000000082300000| 52%| O|  |TAMS 0x0000000082200000, 0x0000000082200000| Untracked 
|  17|0x0000000082300000, 0x0000000082400000, 0x0000000082400000|100%|HS|  |TAMS 0x0000000082300000, 0x0000000082300000| Complete 
|  18|0x0000000082400000, 0x0000000082500000, 0x0000000082500000|100%|HC|  |TAMS 0x0000000082400000, 0x0000000082400000| Complete 
|  19|0x0000000082500000, 0x0000000082600000, 0x0000000082600000|100%|HC|  |TAMS 0x0000000082500000, 0x0000000082500000| Complete 
|  20|0x0000000082600000, 0x0000000082700000, 0x0000000082700000|100%|HS|  |TAMS 0x0000000082600000, 0x0000000082600000| Complete 
|  21|0x0000000082700000, 0x0000000082800000, 0x0000000082800000|100%|HC|  |TAMS 0x0000000082700000, 0x0000000082700000| Complete 
|  22|0x0000000082800000, 0x0000000082900000, 0x0000000082900000|100%|HC|  |TAMS 0x0000000082800000, 0x0000000082800000| Complete 
|  23|0x0000000082900000, 0x0000000082a00000, 0x0000000082a00000|100%|HS|  |TAMS 0x0000000082900000, 0x0000000082900000| Complete 
|  24|0x0000000082a00000, 0x0000000082b00000, 0x0000000082b00000|100%|HC|  |TAMS 0x0000000082a00000, 0x0000000082a00000| Complete 
|  25|0x0000000082b00000, 0x0000000082c00000, 0x0000000082c00000|100%|HC|  |TAMS 0x0000000082b00000, 0x0000000082b00000| Complete 
|  26|0x0000000082c00000, 0x0000000082d00000, 0x0000000082d00000|100%|HS|  |TAMS 0x0000000082c00000, 0x0000000082c00000| Complete 
|  27|0x0000000082d00000, 0x0000000082e00000, 0x0000000082e00000|100%|HC|  |TAMS 0x0000000082d00000, 0x0000000082d00000| Complete 
|  28|0x0000000082e00000, 0x0000000082f00000, 0x0000000082f00000|100%|HC|  |TAMS 0x0000000082e00000, 0x0000000082e00000| Complete 
|  29|0x0000000082f00000, 0x0000000082f00000, 0x0000000083000000|  0%| F|  |TAMS 0x0000000082f00000, 0x0000000082f00000| Untracked 
|  30|0x0000000083000000, 0x0000000083000000, 0x0000000083100000|  0%| F|  |TAMS 0x0000000083000000, 0x0000000083000000| Untracked 
|  31|0x0000000083100000, 0x0000000083100000, 0x0000000083200000|  0%| F|  |TAMS 0x0000000083100000, 0x0000000083100000| Untracked 
|  32|0x0000000083200000, 0x0000000083200000, 0x0000000083300000|  0%| F|  |TAMS 0x0000000083200000, 0x0000000083200000| Untracked 
|  33|0x0000000083300000, 0x0000000083300000, 0x0000000083400000|  0%| F|  |TAMS 0x0000000083300000, 0x0000000083300000| Untracked 
|  34|0x0000000083400000, 0x0000000083400000, 0x0000000083500000|  0%| F|  |TAMS 0x0000000083400000, 0x0000000083400000| Untracked 
|  35|0x0000000083500000, 0x0000000083500000, 0x0000000083600000|  0%| F|  |TAMS 0x0000000083500000, 0x0000000083500000| Untracked 
|  36|0x0000000083600000, 0x0000000083600000, 0x0000000083700000|  0%| F|  |TAMS 0x0000000083600000, 0x0000000083600000| Untracked 
|  37|0x0000000083700000, 0x0000000083700000, 0x0000000083800000|  0%| F|  |TAMS 0x0000000083700000, 0x0000000083700000| Untracked 
|  38|0x0000000083800000, 0x0000000083800000, 0x0000000083900000|  0%| F|  |TAMS 0x0000000083800000, 0x0000000083800000| Untracked 
|  39|0x0000000083900000, 0x0000000083900000, 0x0000000083a00000|  0%| F|  |TAMS 0x0000000083900000, 0x0000000083900000| Untracked 
|  40|0x0000000083a00000, 0x0000000083a00000, 0x0000000083b00000|  0%| F|  |TAMS 0x0000000083a00000, 0x0000000083a00000| Untracked 
|  41|0x0000000083b00000, 0x0000000083b00000, 0x0000000083c00000|  0%| F|  |TAMS 0x0000000083b00000, 0x0000000083b00000| Untracked 
|  42|0x0000000083c00000, 0x0000000083c00000, 0x0000000083d00000|  0%| F|  |TAMS 0x0000000083c00000, 0x0000000083c00000| Untracked 
|  43|0x0000000083d00000, 0x0000000083d00000, 0x0000000083e00000|  0%| F|  |TAMS 0x0000000083d00000, 0x0000000083d00000| Untracked 
|  44|0x0000000083e00000, 0x0000000083e00000, 0x0000000083f00000|  0%| F|  |TAMS 0x0000000083e00000, 0x0000000083e00000| Untracked 
|  45|0x0000000083f00000, 0x0000000083f00000, 0x0000000084000000|  0%| F|  |TAMS 0x0000000083f00000, 0x0000000083f00000| Untracked 
|  46|0x0000000084000000, 0x0000000084000000, 0x0000000084100000|  0%| F|  |TAMS 0x0000000084000000, 0x0000000084000000| Untracked 
|  47|0x0000000084100000, 0x0000000084100000, 0x0000000084200000|  0%| F|  |TAMS 0x0000000084100000, 0x0000000084100000| Untracked 
|  48|0x0000000084200000, 0x0000000084200000, 0x0000000084300000|  0%| F|  |TAMS 0x0000000084200000, 0x0000000084200000| Untracked 
|  49|0x0000000084300000, 0x0000000084300000, 0x0000000084400000|  0%| F|  |TAMS 0x0000000084300000, 0x0000000084300000| Untracked 
|  50|0x0000000084400000, 0x0000000084400000, 0x0000000084500000|  0%| F|  |TAMS 0x0000000084400000, 0x0000000084400000| Untracked 
|  51|0x0000000084500000, 0x0000000084500000, 0x0000000084600000|  0%| F|  |TAMS 0x0000000084500000, 0x0000000084500000| Untracked 
|  52|0x0000000084600000, 0x0000000084600000, 0x0000000084700000|  0%| F|  |TAMS 0x0000000084600000, 0x0000000084600000| Untracked 
|  53|0x0000000084700000, 0x0000000084700000, 0x0000000084800000|  0%| F|  |TAMS 0x0000000084700000, 0x0000000084700000| Untracked 
|  54|0x0000000084800000, 0x0000000084800000, 0x0000000084900000|  0%| F|  |TAMS 0x0000000084800000, 0x0000000084800000| Untracked 
|  55|0x0000000084900000, 0x0000000084900000, 0x0000000084a00000|  0%| F|  |TAMS 0x0000000084900000, 0x0000000084900000| Untracked 
|  56|0x0000000084a00000, 0x0000000084a00000, 0x0000000084b00000|  0%| F|  |TAMS 0x0000000084a00000, 0x0000000084a00000| Untracked 
|  57|0x0000000084b00000, 0x0000000084b00000, 0x0000000084c00000|  0%| F|  |TAMS 0x0000000084b00000, 0x0000000084b00000| Untracked 
|  58|0x0000000084c00000, 0x0000000084c00000, 0x0000000084d00000|  0%| F|  |TAMS 0x0000000084c00000, 0x0000000084c00000| Untracked 
|  59|0x0000000084d00000, 0x0000000084d00000, 0x0000000084e00000|  0%| F|  |TAMS 0x0000000084d00000, 0x0000000084d00000| Untracked 
|  60|0x0000000084e00000, 0x0000000084e00000, 0x0000000084f00000|  0%| F|  |TAMS 0x0000000084e00000, 0x0000000084e00000| Untracked 
|  61|0x0000000084f00000, 0x0000000084f00000, 0x0000000085000000|  0%| F|  |TAMS 0x0000000084f00000, 0x0000000084f00000| Untracked 
|  62|0x0000000085000000, 0x0000000085000000, 0x0000000085100000|  0%| F|  |TAMS 0x0000000085000000, 0x0000000085000000| Untracked 
|  63|0x0000000085100000, 0x0000000085100000, 0x0000000085200000|  0%| F|  |TAMS 0x0000000085100000, 0x0000000085100000| Untracked 
|  64|0x0000000085200000, 0x0000000085200000, 0x0000000085300000|  0%| F|  |TAMS 0x0000000085200000, 0x0000000085200000| Untracked 
|  65|0x0000000085300000, 0x0000000085300000, 0x0000000085400000|  0%| F|  |TAMS 0x0000000085300000, 0x0000000085300000| Untracked 
|  66|0x0000000085400000, 0x0000000085400000, 0x0000000085500000|  0%| F|  |TAMS 0x0000000085400000, 0x0000000085400000| Untracked 
|  67|0x0000000085500000, 0x0000000085500000, 0x0000000085600000|  0%| F|  |TAMS 0x0000000085500000, 0x0000000085500000| Untracked 
|  68|0x0000000085600000, 0x0000000085600000, 0x0000000085700000|  0%| F|  |TAMS 0x0000000085600000, 0x0000000085600000| Untracked 
|  69|0x0000000085700000, 0x0000000085700000, 0x0000000085800000|  0%| F|  |TAMS 0x0000000085700000, 0x0000000085700000| Untracked 
|  70|0x0000000085800000, 0x0000000085800000, 0x0000000085900000|  0%| F|  |TAMS 0x0000000085800000, 0x0000000085800000| Untracked 
|  71|0x0000000085900000, 0x00000000859e2bc0, 0x0000000085a00000| 88%| E|  |TAMS 0x0000000085900000, 0x0000000085900000| Complete 
|  72|0x0000000085a00000, 0x0000000085b00000, 0x0000000085b00000|100%| E|CS|TAMS 0x0000000085a00000, 0x0000000085a00000| Complete 
|  73|0x0000000085b00000, 0x0000000085c00000, 0x0000000085c00000|100%| E|CS|TAMS 0x0000000085b00000, 0x0000000085b00000| Complete 
|  74|0x0000000085c00000, 0x0000000085d00000, 0x0000000085d00000|100%| E|CS|TAMS 0x0000000085c00000, 0x0000000085c00000| Complete 
|  75|0x0000000085d00000, 0x0000000085e00000, 0x0000000085e00000|100%| E|CS|TAMS 0x0000000085d00000, 0x0000000085d00000| Complete 
|  76|0x0000000085e00000, 0x0000000085f00000, 0x0000000085f00000|100%| E|CS|TAMS 0x0000000085e00000, 0x0000000085e00000| Complete 
|  77|0x0000000085f00000, 0x0000000086000000, 0x0000000086000000|100%| E|CS|TAMS 0x0000000085f00000, 0x0000000085f00000| Complete 
|  78|0x0000000086000000, 0x0000000086100000, 0x0000000086100000|100%| E|CS|TAMS 0x0000000086000000, 0x0000000086000000| Complete 
|  79|0x0000000086100000, 0x0000000086200000, 0x0000000086200000|100%| E|CS|TAMS 0x0000000086100000, 0x0000000086100000| Complete 
|  80|0x0000000086200000, 0x0000000086300000, 0x0000000086300000|100%| E|CS|TAMS 0x0000000086200000, 0x0000000086200000| Complete 
|  81|0x0000000086300000, 0x0000000086400000, 0x0000000086400000|100%| E|CS|TAMS 0x0000000086300000, 0x0000000086300000| Complete 
|  82|0x0000000086400000, 0x0000000086500000, 0x0000000086500000|100%| E|CS|TAMS 0x0000000086400000, 0x0000000086400000| Complete 
|  83|0x0000000086500000, 0x0000000086600000, 0x0000000086600000|100%| E|CS|TAMS 0x0000000086500000, 0x0000000086500000| Complete 
|  84|0x0000000086600000, 0x0000000086700000, 0x0000000086700000|100%| E|CS|TAMS 0x0000000086600000, 0x0000000086600000| Complete 
|  85|0x0000000086700000, 0x0000000086800000, 0x0000000086800000|100%| E|CS|TAMS 0x0000000086700000, 0x0000000086700000| Complete 
|  86|0x0000000086800000, 0x0000000086900000, 0x0000000086900000|100%| E|CS|TAMS 0x0000000086800000, 0x0000000086800000| Complete 
|  87|0x0000000086900000, 0x0000000086a00000, 0x0000000086a00000|100%| S|CS|TAMS 0x0000000086900000, 0x0000000086900000| Complete 
|  88|0x0000000086a00000, 0x0000000086b00000, 0x0000000086b00000|100%| S|CS|TAMS 0x0000000086a00000, 0x0000000086a00000| Complete 
|  89|0x0000000086b00000, 0x0000000086c00000, 0x0000000086c00000|100%| S|CS|TAMS 0x0000000086b00000, 0x0000000086b00000| Complete 
|  90|0x0000000086c00000, 0x0000000086d00000, 0x0000000086d00000|100%| S|CS|TAMS 0x0000000086c00000, 0x0000000086c00000| Complete 
|  91|0x0000000086d00000, 0x0000000086e00000, 0x0000000086e00000|100%| E|CS|TAMS 0x0000000086d00000, 0x0000000086d00000| Complete 
|  92|0x0000000086e00000, 0x0000000086f00000, 0x0000000086f00000|100%| E|CS|TAMS 0x0000000086e00000, 0x0000000086e00000| Complete 
|  93|0x0000000086f00000, 0x0000000087000000, 0x0000000087000000|100%| E|CS|TAMS 0x0000000086f00000, 0x0000000086f00000| Complete 
|  94|0x0000000087000000, 0x0000000087100000, 0x0000000087100000|100%| E|CS|TAMS 0x0000000087000000, 0x0000000087000000| Complete 
|  95|0x0000000087100000, 0x0000000087200000, 0x0000000087200000|100%| E|CS|TAMS 0x0000000087100000, 0x0000000087100000| Complete 
|  96|0x0000000087200000, 0x0000000087300000, 0x0000000087300000|100%| E|CS|TAMS 0x0000000087200000, 0x0000000087200000| Complete 
|  97|0x0000000087300000, 0x0000000087400000, 0x0000000087400000|100%| E|CS|TAMS 0x0000000087300000, 0x0000000087300000| Complete 
|  98|0x0000000087400000, 0x0000000087500000, 0x0000000087500000|100%| E|CS|TAMS 0x0000000087400000, 0x0000000087400000| Complete 
|  99|0x0000000087500000, 0x0000000087600000, 0x0000000087600000|100%| E|CS|TAMS 0x0000000087500000, 0x0000000087500000| Complete 
| 100|0x0000000087600000, 0x0000000087700000, 0x0000000087700000|100%| E|CS|TAMS 0x0000000087600000, 0x0000000087600000| Complete 
| 101|0x0000000087700000, 0x0000000087800000, 0x0000000087800000|100%| E|CS|TAMS 0x0000000087700000, 0x0000000087700000| Complete 
| 102|0x0000000087800000, 0x0000000087900000, 0x0000000087900000|100%| E|CS|TAMS 0x0000000087800000, 0x0000000087800000| Complete 
| 103|0x0000000087900000, 0x0000000087a00000, 0x0000000087a00000|100%| E|CS|TAMS 0x0000000087900000, 0x0000000087900000| Complete 
| 104|0x0000000087a00000, 0x0000000087b00000, 0x0000000087b00000|100%| E|CS|TAMS 0x0000000087a00000, 0x0000000087a00000| Complete 
| 105|0x0000000087b00000, 0x0000000087c00000, 0x0000000087c00000|100%| E|CS|TAMS 0x0000000087b00000, 0x0000000087b00000| Complete 
| 106|0x0000000087c00000, 0x0000000087d00000, 0x0000000087d00000|100%| E|CS|TAMS 0x0000000087c00000, 0x0000000087c00000| Complete 
| 107|0x0000000087d00000, 0x0000000087e00000, 0x0000000087e00000|100%| E|CS|TAMS 0x0000000087d00000, 0x0000000087d00000| Complete 
| 108|0x0000000087e00000, 0x0000000087f00000, 0x0000000087f00000|100%| E|CS|TAMS 0x0000000087e00000, 0x0000000087e00000| Complete 
| 109|0x0000000087f00000, 0x0000000088000000, 0x0000000088000000|100%| E|CS|TAMS 0x0000000087f00000, 0x0000000087f00000| Complete 
| 110|0x0000000088000000, 0x0000000088100000, 0x0000000088100000|100%| E|CS|TAMS 0x0000000088000000, 0x0000000088000000| Complete 
| 111|0x0000000088100000, 0x0000000088200000, 0x0000000088200000|100%| E|CS|TAMS 0x0000000088100000, 0x0000000088100000| Complete 
| 112|0x0000000088200000, 0x0000000088300000, 0x0000000088300000|100%| E|CS|TAMS 0x0000000088200000, 0x0000000088200000| Complete 
| 113|0x0000000088300000, 0x0000000088400000, 0x0000000088400000|100%| E|CS|TAMS 0x0000000088300000, 0x0000000088300000| Complete 
| 114|0x0000000088400000, 0x0000000088500000, 0x0000000088500000|100%| E|CS|TAMS 0x0000000088400000, 0x0000000088400000| Complete 
| 115|0x0000000088500000, 0x0000000088600000, 0x0000000088600000|100%| E|CS|TAMS 0x0000000088500000, 0x0000000088500000| Complete 
| 116|0x0000000088600000, 0x0000000088700000, 0x0000000088700000|100%| E|CS|TAMS 0x0000000088600000, 0x0000000088600000| Complete 
| 117|0x0000000088700000, 0x0000000088800000, 0x0000000088800000|100%| E|CS|TAMS 0x0000000088700000, 0x0000000088700000| Complete 
| 118|0x0000000088800000, 0x0000000088900000, 0x0000000088900000|100%| E|CS|TAMS 0x0000000088800000, 0x0000000088800000| Complete 
| 119|0x0000000088900000, 0x0000000088a00000, 0x0000000088a00000|100%| E|CS|TAMS 0x0000000088900000, 0x0000000088900000| Complete 
| 120|0x0000000088a00000, 0x0000000088b00000, 0x0000000088b00000|100%| E|CS|TAMS 0x0000000088a00000, 0x0000000088a00000| Complete 
| 121|0x0000000088b00000, 0x0000000088c00000, 0x0000000088c00000|100%| E|CS|TAMS 0x0000000088b00000, 0x0000000088b00000| Complete 
| 122|0x0000000088c00000, 0x0000000088d00000, 0x0000000088d00000|100%| E|CS|TAMS 0x0000000088c00000, 0x0000000088c00000| Complete 
| 123|0x0000000088d00000, 0x0000000088e00000, 0x0000000088e00000|100%| E|CS|TAMS 0x0000000088d00000, 0x0000000088d00000| Complete 
| 124|0x0000000088e00000, 0x0000000088f00000, 0x0000000088f00000|100%| E|  |TAMS 0x0000000088e00000, 0x0000000088e00000| Complete 
| 125|0x0000000088f00000, 0x0000000089000000, 0x0000000089000000|100%| E|CS|TAMS 0x0000000088f00000, 0x0000000088f00000| Complete 
| 126|0x0000000089000000, 0x0000000089100000, 0x0000000089100000|100%| E|CS|TAMS 0x0000000089000000, 0x0000000089000000| Complete 
| 127|0x0000000089100000, 0x0000000089200000, 0x0000000089200000|100%| E|CS|TAMS 0x0000000089100000, 0x0000000089100000| Complete 

Card table byte_map: [0x00000180fe550000,0x00000180fe950000] _byte_map_base: 0x00000180fe147000

Marking Bits (Prev, Next): (CMBitMap*) 0x00000180f5f0cd60, (CMBitMap*) 0x00000180f5f0cda0
 Prev Bits: [0x000001808f000000, 0x0000018090fb8000)
 Next Bits: [0x0000018090fc0000, 0x0000018092f78000)

Polling page: 0x00000180f3e20000

Metaspace:

Usage:
  Non-class:     15.17 MB used.
      Class:      2.35 MB used.
       Both:     17.52 MB used.

Virtual space:
  Non-class space:       64.00 MB reserved,      15.31 MB ( 24%) committed,  1 nodes.
      Class space:        1.00 GB reserved,       2.50 MB ( <1%) committed,  1 nodes.
             Both:        1.06 GB reserved,      17.81 MB (  2%) committed. 

Chunk freelists:
   Non-Class:  288.00 KB
       Class:  1.36 MB
        Both:  1.64 MB

MaxMetaspaceSize: unlimited
CompressedClassSpaceSize: 1.00 GB
Initial GC threshold: 21.00 MB
Current GC threshold: 21.00 MB
CDS: on
MetaspaceReclaimPolicy: balanced
 - commit_granule_bytes: 65536.
 - commit_granule_words: 8192.
 - virtual_space_node_default_size: 8388608.
 - enlarge_chunks_in_place: 1.
 - new_chunks_are_fully_committed: 0.
 - uncommit_free_chunks: 1.
 - use_allocation_guard: 0.


Internal statistics:

num_allocs_failed_limit: 0.
num_arena_births: 318.
num_arena_deaths: 0.
num_vsnodes_births: 2.
num_vsnodes_deaths: 0.
num_space_committed: 285.
num_space_uncommitted: 0.
num_chunks_returned_to_freelist: 0.
num_chunks_taken_from_freelist: 909.
num_chunk_merges: 0.
num_chunk_splits: 665.
num_chunks_enlarged: 531.
num_inconsistent_stats: 0.

CodeHeap 'non-profiled nmethods': size=120000Kb used=2759Kb max_used=3221Kb free=117240Kb
 bounds [0x0000018087ad0000, 0x0000018087e00000, 0x000001808f000000]
CodeHeap 'profiled nmethods': size=120000Kb used=8983Kb max_used=11276Kb free=111016Kb
 bounds [0x0000018080000000, 0x0000018080b10000, 0x0000018087530000]
CodeHeap 'non-nmethods': size=5760Kb used=1543Kb max_used=1698Kb free=4216Kb
 bounds [0x0000018087530000, 0x00000180877a0000, 0x0000018087ad0000]
 total_blobs=5372 nmethods=4543 adapters=739
 compilation: enabled
              stopped_count=0, restarted_count=0
 full_count=0

Compilation events (20 events):
Event: 282.918 Thread 0x00000180ff7a28c0 nmethod 5319 0x0000018087b37490 code [0x0000018087b37620, 0x0000018087b376d8]
Event: 282.922 Thread 0x00000180ff7a1330 nmethod 5318 0x0000018087b04b90 code [0x0000018087b04d20, 0x0000018087b04f38]
Event: 283.121 Thread 0x00000180ff7a1330 5320       4       com.sun.scenario.animation.AbstractMasterTimer::nanos (37 bytes)
Event: 283.122 Thread 0x00000180ff7a1330 nmethod 5320 0x0000018087b37190 code [0x0000018087b37320, 0x0000018087b373f8]
Event: 322.161 Thread 0x00000180ff7a1330 5321       4       com.sun.javafx.tk.quantum.QuantumToolkit$$Lambda$79/0x0000000801039778::run (8 bytes)
Event: 322.215 Thread 0x00000180ff7a1330 nmethod 5321 0x0000018087b24090 code [0x0000018087b242e0, 0x0000018087b25770]
Event: 841.845 Thread 0x00000180ff7a28c0 5322       3       java.util.concurrent.locks.LockSupport::setBlocker (12 bytes)
Event: 841.845 Thread 0x00000180ff7a28c0 nmethod 5322 0x00000180800d2410 code [0x00000180800d25c0, 0x00000180800d27c8]
Event: 1501.859 Thread 0x00000180ff7a28c0 5323   !   3       java.lang.ref.ReferenceQueue::remove (61 bytes)
Event: 1501.860 Thread 0x00000180ff7a28c0 nmethod 5323 0x00000180800e5d90 code [0x00000180800e6000, 0x00000180800e6bc8]
Event: 1501.860 Thread 0x00000180ff7a28c0 5324       3       java.lang.ref.ReferenceQueue::remove0 (64 bytes)
Event: 1501.860 Thread 0x00000180ff7a28c0 nmethod 5324 0x00000180800e1d10 code [0x00000180800e1f00, 0x00000180800e23a8]
Event: 2021.442 Thread 0x00000180ff7a1330 5325       4       com.sun.javafx.sg.prism.NGGroup::computeRenderRoot (398 bytes)
Event: 2021.459 Thread 0x00000180ff7a1330 nmethod 5325 0x0000018087aedc90 code [0x0000018087aedf80, 0x0000018087aeec80]
Event: 2021.517 Thread 0x00000180ff7a28c0 5326   !   3       com.sun.javafx.tk.quantum.QuantumToolkit::runWithRenderLock (30 bytes)
Event: 2021.518 Thread 0x00000180ff7a28c0 nmethod 5326 0x000001808005fa90 code [0x000001808005fce0, 0x0000018080060688]
Event: 2021.540 Thread 0x00000180ff7a28c0 5327       3       java.util.concurrent.AbstractExecutorService::submit (26 bytes)
Event: 2021.541 Thread 0x00000180ff7a28c0 nmethod 5327 0x0000018080402590 code [0x0000018080402760, 0x0000018080402b08]
Event: 2021.541 Thread 0x00000180ff7a28c0 5328       3       com.sun.javafx.tk.quantum.QuantumRenderer::newTaskFor (5 bytes)
Event: 2021.541 Thread 0x00000180ff7a28c0 nmethod 5328 0x00000180801aed90 code [0x00000180801aef40, 0x00000180801af158]

GC Heap History (4 events):
Event: 0.733 GC heap before
{Heap before GC invocations=0 (full 0):
 garbage-first heap   total 131072K, used 23552K [0x0000000081200000, 0x0000000100000000)
  region size 1024K, 23 young (23552K), 0 survivors (0K)
 Metaspace       used 5697K, committed 5952K, reserved 1114112K
  class space    used 670K, committed 832K, reserved 1048576K
}
Event: 0.737 GC heap after
{Heap after GC invocations=1 (full 0):
 garbage-first heap   total 131072K, used 2769K [0x0000000081200000, 0x0000000100000000)
  region size 1024K, 3 young (3072K), 3 survivors (3072K)
 Metaspace       used 5697K, committed 5952K, reserved 1114112K
  class space    used 670K, committed 832K, reserved 1048576K
}
Event: 13.503 GC heap before
{Heap before GC invocations=1 (full 0):
 garbage-first heap   total 131072K, used 50897K [0x0000000081200000, 0x0000000100000000)
  region size 1024K, 37 young (37888K), 3 survivors (3072K)
 Metaspace       used 14565K, committed 14912K, reserved 1114112K
  class space    used 2097K, committed 2240K, reserved 1048576K
}
Event: 13.512 GC heap after
{Heap after GC invocations=2 (full 0):
 garbage-first heap   total 131072K, used 21018K [0x0000000081200000, 0x0000000100000000)
  region size 1024K, 4 young (4096K), 4 survivors (4096K)
 Metaspace       used 14565K, committed 14912K, reserved 1114112K
  class space    used 2097K, committed 2240K, reserved 1048576K
}

Dll operation events (20 events):
Event: 0.411 Loaded shared library C:\Users\Gabriel\.openjfx\cache\13\api-ms-win-crt-filesystem-l1-1-0.dll
Event: 0.414 Loaded shared library C:\Users\Gabriel\.openjfx\cache\13\api-ms-win-crt-heap-l1-1-0.dll
Event: 0.417 Loaded shared library C:\Users\Gabriel\.openjfx\cache\13\api-ms-win-crt-locale-l1-1-0.dll
Event: 0.420 Loaded shared library C:\Users\Gabriel\.openjfx\cache\13\api-ms-win-crt-math-l1-1-0.dll
Event: 0.423 Loaded shared library C:\Users\Gabriel\.openjfx\cache\13\api-ms-win-crt-multibyte-l1-1-0.dll
Event: 0.426 Loaded shared library C:\Users\Gabriel\.openjfx\cache\13\api-ms-win-crt-private-l1-1-0.dll
Event: 0.429 Loaded shared library C:\Users\Gabriel\.openjfx\cache\13\api-ms-win-crt-process-l1-1-0.dll
Event: 0.432 Loaded shared library C:\Users\Gabriel\.openjfx\cache\13\api-ms-win-crt-runtime-l1-1-0.dll
Event: 0.435 Loaded shared library C:\Users\Gabriel\.openjfx\cache\13\api-ms-win-crt-stdio-l1-1-0.dll
Event: 0.438 Loaded shared library C:\Users\Gabriel\.openjfx\cache\13\api-ms-win-crt-string-l1-1-0.dll
Event: 0.441 Loaded shared library C:\Users\Gabriel\.openjfx\cache\13\api-ms-win-crt-time-l1-1-0.dll
Event: 0.443 Loaded shared library C:\Users\Gabriel\.openjfx\cache\13\api-ms-win-crt-utility-l1-1-0.dll
Event: 0.459 Loaded shared library C:\Users\Gabriel\.openjfx\cache\13\ucrtbase.dll
Event: 0.463 Loaded shared library C:\Users\Gabriel\.openjfx\cache\13\vcruntime140.dll
Event: 0.473 Loaded shared library C:\Users\Gabriel\.openjfx\cache\13\msvcp140.dll
Event: 0.479 Loaded shared library C:\Users\Gabriel\.openjfx\cache\13\concrt140.dll
Event: 0.520 Loaded shared library C:\Users\Gabriel\.openjfx\cache\13\prism_d3d.dll
Event: 0.568 Loaded shared library C:\Users\Gabriel\.openjfx\cache\13\glass.dll
Event: 0.773 Loaded shared library C:\Users\Gabriel\.openjfx\cache\13\javafx_font.dll
Event: 1.155 Loaded shared library C:\Program Files\Java\jdk-19\bin\jimage.dll

Deoptimization events (20 events):
Event: 261.938 Thread 0x00000180999067a0 Uncommon trap: trap_request=0xffffffde fr.pc=0x0000018087dbbc20 relative=0x0000000000000080
Event: 261.938 Thread 0x00000180999067a0 Uncommon trap: reason=class_check action=maybe_recompile pc=0x0000018087dbbc20 method=java.util.Collections$UnmodifiableCollection$1.hasNext()Z @ 4 c2
Event: 261.938 Thread 0x00000180999067a0 DEOPT PACKING pc=0x0000018087dbbc20 sp=0x000000636eefc5b0
Event: 261.938 Thread 0x00000180999067a0 DEOPT UNPACKING pc=0x0000018087596da3 sp=0x000000636eefc540 mode 2
Event: 261.938 Thread 0x00000180999067a0 Uncommon trap: trap_request=0xffffffde fr.pc=0x0000018087dbbc20 relative=0x0000000000000080
Event: 261.938 Thread 0x00000180999067a0 Uncommon trap: reason=class_check action=maybe_recompile pc=0x0000018087dbbc20 method=java.util.Collections$UnmodifiableCollection$1.hasNext()Z @ 4 c2
Event: 261.938 Thread 0x00000180999067a0 DEOPT PACKING pc=0x0000018087dbbc20 sp=0x000000636eefc5b0
Event: 261.938 Thread 0x00000180999067a0 DEOPT UNPACKING pc=0x0000018087596da3 sp=0x000000636eefc540 mode 2
Event: 261.946 Thread 0x00000180999067a0 Uncommon trap: trap_request=0xffffffde fr.pc=0x0000018087dbbc20 relative=0x0000000000000080
Event: 261.946 Thread 0x00000180999067a0 Uncommon trap: reason=class_check action=maybe_recompile pc=0x0000018087dbbc20 method=java.util.Collections$UnmodifiableCollection$1.hasNext()Z @ 4 c2
Event: 261.946 Thread 0x00000180999067a0 DEOPT PACKING pc=0x0000018087dbbc20 sp=0x000000636eefc5b0
Event: 261.946 Thread 0x00000180999067a0 DEOPT UNPACKING pc=0x0000018087596da3 sp=0x000000636eefc540 mode 2
Event: 266.804 Thread 0x00000180999067a0 Uncommon trap: trap_request=0xffffffbe fr.pc=0x0000018087dd5664 relative=0x00000000000001a4
Event: 266.804 Thread 0x00000180999067a0 Uncommon trap: reason=profile_predicate action=maybe_recompile pc=0x0000018087dd5664 method=com.sun.javafx.event.CompositeEventHandler.dispatchBubblingEvent(Ljavafx/event/Event;)V @ 8 c2
Event: 266.804 Thread 0x00000180999067a0 DEOPT PACKING pc=0x0000018087dd5664 sp=0x000000636eefc7b0
Event: 266.804 Thread 0x00000180999067a0 DEOPT UNPACKING pc=0x0000018087596da3 sp=0x000000636eefc740 mode 2
Event: 268.012 Thread 0x00000180999067a0 Uncommon trap: trap_request=0xffffffbe fr.pc=0x0000018087dd5664 relative=0x00000000000001a4
Event: 268.012 Thread 0x00000180999067a0 Uncommon trap: reason=profile_predicate action=maybe_recompile pc=0x0000018087dd5664 method=com.sun.javafx.event.CompositeEventHandler.dispatchBubblingEvent(Ljavafx/event/Event;)V @ 8 c2
Event: 268.012 Thread 0x00000180999067a0 DEOPT PACKING pc=0x0000018087dd5664 sp=0x000000636eefcbc0
Event: 268.012 Thread 0x00000180999067a0 DEOPT UNPACKING pc=0x0000018087596da3 sp=0x000000636eefcb50 mode 2

Classes loaded (20 events):
Event: 152.876 Loading class java/util/stream/ReduceOps$9
Event: 152.876 Loading class java/util/stream/ReduceOps$9 done
Event: 152.876 Loading class java/util/stream/ReduceOps$CountingSink$OfInt
Event: 152.877 Loading class java/util/stream/ReduceOps$CountingSink
Event: 152.877 Loading class java/util/stream/ReduceOps$CountingSink done
Event: 152.877 Loading class java/util/stream/ReduceOps$CountingSink$OfInt done
Event: 152.879 Loading class java/util/stream/Nodes$IntSpinedNodeBuilder
Event: 152.879 Loading class java/util/stream/Node$Builder$OfInt
Event: 152.880 Loading class java/util/stream/Node$Builder$OfInt done
Event: 152.880 Loading class java/util/stream/SpinedBuffer$OfInt
Event: 152.880 Loading class java/util/stream/SpinedBuffer$OfPrimitive
Event: 152.881 Loading class java/util/stream/AbstractSpinedBuffer
Event: 152.882 Loading class java/util/stream/AbstractSpinedBuffer done
Event: 152.882 Loading class java/util/stream/SpinedBuffer$OfPrimitive done
Event: 152.882 Loading class java/util/stream/SpinedBuffer$OfInt done
Event: 152.883 Loading class java/util/stream/Nodes$IntSpinedNodeBuilder done
Event: 186.114 Loading class java/lang/Math$RandomNumberGeneratorHolder
Event: 186.119 Loading class java/lang/Math$RandomNumberGeneratorHolder done
Event: 2021.554 Loading class java/util/LinkedList$ListItr
Event: 2021.555 Loading class java/util/LinkedList$ListItr done

Classes unloaded (0 events):
No events

Classes redefined (0 events):
No events

Internal exceptions (20 events):
Event: 1.466 Thread 0x00000180999067a0 Exception <a 'java/lang/NoSuchMethodError'{0x0000000087d3cd38}: 'int java.lang.invoke.DirectMethodHandle$Holder.invokeSpecial(java.lang.Object, java.lang.Object, java.lang.Object, int)'> (0x0000000087d3cd38) 
thrown [s\open\src\hotspot\share\interpreter\linkResolver.cpp, line 774]
Event: 1.468 Thread 0x00000180999067a0 Exception <a 'java/lang/NoSuchMethodError'{0x0000000087d4f160}: 'java.lang.Object java.lang.invoke.DirectMethodHandle$Holder.invokeStatic(java.lang.Object, java.lang.Object, java.lang.Object, java.lang.Object, int)'> (0x0000000087d4f160) 
thrown [s\open\src\hotspot\share\interpreter\linkResolver.cpp, line 774]
Event: 1.469 Thread 0x00000180999067a0 Exception <a 'java/lang/NoSuchMethodError'{0x0000000087d57b90}: 'int java.lang.invoke.DirectMethodHandle$Holder.invokeSpecial(java.lang.Object, java.lang.Object, java.lang.Object)'> (0x0000000087d57b90) 
thrown [s\open\src\hotspot\share\interpreter\linkResolver.cpp, line 774]
Event: 1.495 Thread 0x00000180999067a0 Exception <a 'java/lang/NoSuchMethodError'{0x0000000087c0a2f0}: 'java.lang.Object java.lang.invoke.DirectMethodHandle$Holder.newInvokeSpecial(java.lang.Object, java.lang.Object, int)'> (0x0000000087c0a2f0) 
thrown [s\open\src\hotspot\share\interpreter\linkResolver.cpp, line 774]
Event: 1.587 Thread 0x00000180999067a0 Exception <a 'java/lang/ClassNotFoundException'{0x0000000087765ea0}: com/sun/javafx/scene/control/skin/resources/controls> (0x0000000087765ea0) 
thrown [s\open\src\hotspot\share\prims\jni.cpp, line 536]
Event: 1.590 Thread 0x00000180999067a0 Exception <a 'java/lang/ClassNotFoundException'{0x00000000877737d8}: com/sun/javafx/scene/control/skin/resources/controls_pt> (0x00000000877737d8) 
thrown [s\open\src\hotspot\share\prims\jni.cpp, line 536]
Event: 1.590 Thread 0x00000180999067a0 Exception <a 'java/lang/ClassNotFoundException'{0x0000000087774780}: com/sun/javafx/scene/control/skin/resources/controls_pt_BR> (0x0000000087774780) 
thrown [s\open\src\hotspot\share\prims\jni.cpp, line 536]
Event: 1.644 Thread 0x00000180999067a0 Exception <a 'java/lang/NoSuchMethodError'{0x00000000876f4570}: 'void java.lang.invoke.DirectMethodHandle$Holder.invokeSpecial(java.lang.Object, java.lang.Object, java.lang.Object, java.lang.Object, java.lang.Object, java.lang.Object)'> (0x00000000876f4570) 
thrown [s\open\src\hotspot\share\interpreter\linkResolver.cpp, line 774]
Event: 1.749 Thread 0x0000018099716410 Exception <a 'java/lang/NoSuchMethodError'{0x0000000087202160}: 'int java.lang.invoke.DirectMethodHandle$Holder.invokeStaticInit(java.lang.Object, java.lang.Object)'> (0x0000000087202160) 
thrown [s\open\src\hotspot\share\interpreter\linkResolver.cpp, line 774]
Event: 1.777 Thread 0x0000018099716410 Exception <a 'java/lang/NoSuchMethodError'{0x00000000872862c8}: 'java.lang.Object java.lang.invoke.Invokers$Holder.invokeExact_MT(java.lang.Object, java.lang.Object, java.lang.Object, java.lang.Object, java.lang.Object)'> (0x00000000872862c8) 
thrown [s\open\src\hotspot\share\interpreter\linkResolver.cpp, line 774]
Event: 8.269 Thread 0x00000180999067a0 Exception <a 'java/lang/NoSuchMethodError'{0x0000000086f9d3b8}: 'long java.lang.invoke.DirectMethodHandle$Holder.invokeStatic(java.lang.Object, java.lang.Object, java.lang.Object)'> (0x0000000086f9d3b8) 
thrown [s\open\src\hotspot\share\interpreter\linkResolver.cpp, line 774]
Event: 8.269 Thread 0x00000180999067a0 Exception <a 'java/lang/NoSuchMethodError'{0x0000000086fa0ce0}: 'long java.lang.invoke.DirectMethodHandle$Holder.invokeStaticInit(java.lang.Object, java.lang.Object, java.lang.Object)'> (0x0000000086fa0ce0) 
thrown [s\open\src\hotspot\share\interpreter\linkResolver.cpp, line 774]
Event: 8.271 Thread 0x00000180999067a0 Exception <a 'java/lang/NoSuchMethodError'{0x0000000086fb9678}: 'java.lang.Object java.lang.invoke.DirectMethodHandle$Holder.newInvokeSpecial(java.lang.Object, java.lang.Object, long)'> (0x0000000086fb9678) 
thrown [s\open\src\hotspot\share\interpreter\linkResolver.cpp, line 774]
Event: 8.271 Thread 0x00000180999067a0 Exception <a 'java/lang/NoSuchMethodError'{0x0000000086fbd200}: 'java.lang.Object java.lang.invoke.Invokers$Holder.linkToTargetMethod(java.lang.Object, long, java.lang.Object)'> (0x0000000086fbd200) 
thrown [s\open\src\hotspot\share\interpreter\linkResolver.cpp, line 774]
Event: 14.454 Thread 0x00000180999067a0 Exception <a 'java/lang/NoSuchMethodError'{0x0000000088e9f9a0}: 'void java.lang.invoke.DirectMethodHandle$Holder.invokeSpecialIFC(java.lang.Object, java.lang.Object, java.lang.Object, java.lang.Object)'> (0x0000000088e9f9a0) 
thrown [s\open\src\hotspot\share\interpreter\linkResolver.cpp, line 774]
Event: 151.182 Thread 0x0000018099716410 Exception <a 'java/lang/NoSuchMethodError'{0x0000000088881550}: 'java.lang.Object java.lang.invoke.DirectMethodHandle$Holder.invokeStaticInit(java.lang.Object, int)'> (0x0000000088881550) 
thrown [s\open\src\hotspot\share\interpreter\linkResolver.cpp, line 774]
Event: 152.178 Thread 0x00000180999067a0 Implicit null exception at 0x0000018087c119b2 to 0x0000018087c11a00
Event: 159.324 Thread 0x00000180999067a0 Implicit null exception at 0x0000018087c2cd35 to 0x0000018087c2d598
Event: 159.324 Thread 0x00000180999067a0 Implicit null exception at 0x0000018087c3f4a9 to 0x0000018087c3f500
Event: 180.955 Thread 0x00000180999067a0 Implicit null exception at 0x0000018087cb99ac to 0x0000018087cb9ab8

VM Operations (20 events):
Event: 267.495 Executing VM operation: Cleanup done
Event: 267.694 Executing VM operation: HandshakeAllThreads
Event: 267.694 Executing VM operation: HandshakeAllThreads done
Event: 268.012 Executing VM operation: HandshakeAllThreads
Event: 268.012 Executing VM operation: HandshakeAllThreads done
Event: 268.123 Executing VM operation: HandshakeAllThreads
Event: 268.123 Executing VM operation: HandshakeAllThreads done
Event: 269.122 Executing VM operation: Cleanup
Event: 269.122 Executing VM operation: Cleanup done
Event: 272.123 Executing VM operation: Cleanup
Event: 272.123 Executing VM operation: Cleanup done
Event: 274.124 Executing VM operation: Cleanup
Event: 274.124 Executing VM operation: Cleanup done
Event: 275.124 Executing VM operation: Cleanup
Event: 275.124 Executing VM operation: Cleanup done
Event: 277.125 Executing VM operation: Cleanup
Event: 277.126 Executing VM operation: Cleanup done
Event: 1513.868 Executing VM operation: Cleanup
Event: 1513.868 Executing VM operation: Cleanup done
Event: 2021.555 Executing VM operation: Exit

Events (20 events):
Event: 268.133 Thread 0x00000180ff7a4e50 flushing nmethod 0x000001808067fe90
Event: 268.133 Thread 0x00000180ff7a4e50 flushing nmethod 0x000001808068c690
Event: 268.134 Thread 0x00000180ff7a4e50 flushing nmethod 0x00000180806de090
Event: 268.134 Thread 0x00000180ff7a4e50 flushing nmethod 0x00000180806e2490
Event: 268.134 Thread 0x00000180ff7a4e50 flushing nmethod 0x0000018080715e10
Event: 268.134 Thread 0x00000180ff7a4e50 flushing nmethod 0x0000018080734790
Event: 268.134 Thread 0x00000180ff7a4e50 flushing nmethod 0x0000018080763890
Event: 268.134 Thread 0x00000180ff7a4e50 flushing nmethod 0x0000018080765b90
Event: 268.134 Thread 0x00000180ff7a4e50 flushing nmethod 0x0000018080774c10
Event: 268.134 Thread 0x00000180ff7a4e50 flushing nmethod 0x00000180807a9410
Event: 268.134 Thread 0x00000180ff7a4e50 flushing nmethod 0x00000180807e4990
Event: 268.134 Thread 0x00000180ff7a4e50 flushing nmethod 0x00000180807e6610
Event: 268.135 Thread 0x00000180ff7a4e50 flushing nmethod 0x00000180808a9710
Event: 268.135 Thread 0x00000180ff7a4e50 flushing nmethod 0x00000180808d7390
Event: 268.135 Thread 0x00000180ff7a4e50 flushing nmethod 0x00000180808d8c10
Event: 268.135 Thread 0x00000180ff7a4e50 flushing nmethod 0x00000180808e1d90
Event: 2021.544 Thread 0x0000018099c9f330 Thread added: 0x0000018099c9f330
Event: 2021.544 Thread 0x0000018099ca0dc0 Thread added: 0x0000018099ca0dc0
Event: 2021.552 Thread 0x0000018099c9f330 Thread exited: 0x0000018099c9f330
Event: 2021.554 Thread 0x0000018099ca0dc0 Thread exited: 0x0000018099ca0dc0


Dynamic libraries:
0x00007ff6bc370000 - 0x00007ff6bc380000 	C:\Program Files\Java\jdk-19\bin\java.exe
0x00007ffbe8630000 - 0x00007ffbe8828000 	C:\Windows\SYSTEM32\ntdll.dll
0x00007ffbe69e0000 - 0x00007ffbe6a9f000 	C:\Windows\System32\KERNEL32.DLL
0x00007ffbe6170000 - 0x00007ffbe6442000 	C:\Windows\System32\KERNELBASE.dll
0x00007ffbe6530000 - 0x00007ffbe6630000 	C:\Windows\System32\ucrtbase.dll
0x00007ffbd41f0000 - 0x00007ffbd4208000 	C:\Program Files\Java\jdk-19\bin\jli.dll
0x00007ffbd40c0000 - 0x00007ffbd40db000 	C:\Program Files\Java\jdk-19\bin\VCRUNTIME140.dll
0x00007ffbe6bd0000 - 0x00007ffbe6c7e000 	C:\Windows\System32\ADVAPI32.dll
0x00007ffbe8420000 - 0x00007ffbe84be000 	C:\Windows\System32\msvcrt.dll
0x00007ffbe6fb0000 - 0x00007ffbe704c000 	C:\Windows\System32\sechost.dll
0x00007ffbe84c0000 - 0x00007ffbe85e5000 	C:\Windows\System32\RPCRT4.dll
0x00007ffbe8200000 - 0x00007ffbe839d000 	C:\Windows\System32\USER32.dll
0x00007ffbe6450000 - 0x00007ffbe6472000 	C:\Windows\System32\win32u.dll
0x00007ffbd70e0000 - 0x00007ffbd737a000 	C:\Windows\WinSxS\amd64_microsoft.windows.common-controls_6595b64144ccf1df_6.0.19041.1110_none_60b5254171f9507e\COMCTL32.dll
0x00007ffbe81d0000 - 0x00007ffbe81fb000 	C:\Windows\System32\GDI32.dll
0x00007ffbe5f20000 - 0x00007ffbe602f000 	C:\Windows\System32\gdi32full.dll
0x00007ffbe6060000 - 0x00007ffbe60fd000 	C:\Windows\System32\msvcp_win.dll
0x00007ffbdde50000 - 0x00007ffbdde5a000 	C:\Windows\SYSTEM32\VERSION.dll
0x00007ffbe6dc0000 - 0x00007ffbe6df2000 	C:\Windows\System32\IMM32.DLL
0x00007ffbdfd00000 - 0x00007ffbdfd0c000 	C:\Program Files\Java\jdk-19\bin\vcruntime140_1.dll
0x00007ffbc6420000 - 0x00007ffbc64ae000 	C:\Program Files\Java\jdk-19\bin\msvcp140.dll
0x00007ffbb7c30000 - 0x00007ffbb88f0000 	C:\Program Files\Java\jdk-19\bin\server\jvm.dll
0x00007ffbd8810000 - 0x00007ffbd8837000 	C:\Windows\SYSTEM32\WINMM.dll
0x00007ffbe0400000 - 0x00007ffbe0409000 	C:\Windows\SYSTEM32\WSOCK32.dll
0x00007ffbe83a0000 - 0x00007ffbe840b000 	C:\Windows\System32\WS2_32.dll
0x00007ffbe4570000 - 0x00007ffbe4582000 	C:\Windows\SYSTEM32\kernel.appcore.dll
0x00007ffbdfca0000 - 0x00007ffbdfcaa000 	C:\Program Files\Java\jdk-19\bin\jimage.dll
0x00007ffbd2850000 - 0x00007ffbd2a34000 	C:\Windows\SYSTEM32\DBGHELP.DLL
0x00007ffbd23f0000 - 0x00007ffbd241c000 	C:\Windows\SYSTEM32\dbgcore.DLL
0x00007ffbe5d30000 - 0x00007ffbe5db2000 	C:\Windows\System32\bcryptPrimitives.dll
0x00007ffbd21f0000 - 0x00007ffbd2216000 	C:\Program Files\Java\jdk-19\bin\java.dll
0x00007ffbc3690000 - 0x00007ffbc3767000 	C:\Program Files\Java\jdk-19\bin\jsvml.dll
0x00007ffbe7810000 - 0x00007ffbe7f53000 	C:\Windows\System32\SHELL32.dll
0x00007ffbe3dd0000 - 0x00007ffbe4562000 	C:\Windows\SYSTEM32\windows.storage.dll
0x00007ffbe6680000 - 0x00007ffbe69d4000 	C:\Windows\System32\combase.dll
0x00007ffbe5790000 - 0x00007ffbe57c0000 	C:\Windows\SYSTEM32\Wldp.dll
0x00007ffbe6d10000 - 0x00007ffbe6dbd000 	C:\Windows\System32\SHCORE.dll
0x00007ffbe8090000 - 0x00007ffbe80e5000 	C:\Windows\System32\shlwapi.dll
0x00007ffbe5c70000 - 0x00007ffbe5c8f000 	C:\Windows\SYSTEM32\profapi.dll
0x00007ffbd3f70000 - 0x00007ffbd3f83000 	C:\Program Files\Java\jdk-19\bin\net.dll
0x00007ffbd9bd0000 - 0x00007ffbd9cdc000 	C:\Windows\SYSTEM32\WINHTTP.dll
0x00007ffbe54f0000 - 0x00007ffbe555a000 	C:\Windows\system32\mswsock.dll
0x00007ffbd2150000 - 0x00007ffbd2166000 	C:\Program Files\Java\jdk-19\bin\nio.dll
0x00007ffbd2130000 - 0x00007ffbd2148000 	C:\Program Files\Java\jdk-19\bin\zip.dll
0x0000018094fb0000 - 0x0000018094fb3000 	C:\Users\Gabriel\.openjfx\cache\13\api-ms-win-core-console-l1-1-0.dll
0x0000018094fc0000 - 0x0000018094fc3000 	C:\Users\Gabriel\.openjfx\cache\13\api-ms-win-core-datetime-l1-1-0.dll
0x0000018094fd0000 - 0x0000018094fd3000 	C:\Users\Gabriel\.openjfx\cache\13\api-ms-win-core-debug-l1-1-0.dll
0x0000018094fe0000 - 0x0000018094fe3000 	C:\Users\Gabriel\.openjfx\cache\13\api-ms-win-core-errorhandling-l1-1-0.dll
0x0000018094ff0000 - 0x0000018094ff4000 	C:\Users\Gabriel\.openjfx\cache\13\api-ms-win-core-file-l1-1-0.dll
0x0000018099d20000 - 0x0000018099d23000 	C:\Users\Gabriel\.openjfx\cache\13\api-ms-win-core-file-l1-2-0.dll
0x0000018099d30000 - 0x0000018099d33000 	C:\Users\Gabriel\.openjfx\cache\13\api-ms-win-core-file-l2-1-0.dll
0x0000018099d40000 - 0x0000018099d43000 	C:\Users\Gabriel\.openjfx\cache\13\api-ms-win-core-handle-l1-1-0.dll
0x0000018099d50000 - 0x0000018099d53000 	C:\Users\Gabriel\.openjfx\cache\13\api-ms-win-core-heap-l1-1-0.dll
0x0000018099d60000 - 0x0000018099d63000 	C:\Users\Gabriel\.openjfx\cache\13\api-ms-win-core-interlocked-l1-1-0.dll
0x0000018099d70000 - 0x0000018099d73000 	C:\Users\Gabriel\.openjfx\cache\13\api-ms-win-core-libraryloader-l1-1-0.dll
0x0000018099d80000 - 0x0000018099d83000 	C:\Users\Gabriel\.openjfx\cache\13\api-ms-win-core-localization-l1-2-0.dll
0x0000018099d90000 - 0x0000018099d93000 	C:\Users\Gabriel\.openjfx\cache\13\api-ms-win-core-memory-l1-1-0.dll
0x0000018099da0000 - 0x0000018099da3000 	C:\Users\Gabriel\.openjfx\cache\13\api-ms-win-core-namedpipe-l1-1-0.dll
0x0000018099db0000 - 0x0000018099db3000 	C:\Users\Gabriel\.openjfx\cache\13\api-ms-win-core-processenvironment-l1-1-0.dll
0x0000018099dc0000 - 0x0000018099dc3000 	C:\Users\Gabriel\.openjfx\cache\13\api-ms-win-core-processthreads-l1-1-0.dll
0x0000018099dd0000 - 0x0000018099dd3000 	C:\Users\Gabriel\.openjfx\cache\13\api-ms-win-core-processthreads-l1-1-1.dll
0x0000018099de0000 - 0x0000018099de3000 	C:\Users\Gabriel\.openjfx\cache\13\api-ms-win-core-profile-l1-1-0.dll
0x0000018099df0000 - 0x0000018099df3000 	C:\Users\Gabriel\.openjfx\cache\13\api-ms-win-core-rtlsupport-l1-1-0.dll
0x0000018099e00000 - 0x0000018099e03000 	C:\Users\Gabriel\.openjfx\cache\13\api-ms-win-core-string-l1-1-0.dll
0x0000018099e10000 - 0x0000018099e13000 	C:\Users\Gabriel\.openjfx\cache\13\api-ms-win-core-synch-l1-1-0.dll
0x0000018099e20000 - 0x0000018099e23000 	C:\Users\Gabriel\.openjfx\cache\13\api-ms-win-core-synch-l1-2-0.dll
0x0000018099e30000 - 0x0000018099e33000 	C:\Users\Gabriel\.openjfx\cache\13\api-ms-win-core-sysinfo-l1-1-0.dll
0x0000018099e40000 - 0x0000018099e43000 	C:\Users\Gabriel\.openjfx\cache\13\api-ms-win-core-timezone-l1-1-0.dll
0x0000018099e50000 - 0x0000018099e53000 	C:\Users\Gabriel\.openjfx\cache\13\api-ms-win-core-util-l1-1-0.dll
0x0000018099e60000 - 0x0000018099e63000 	C:\Users\Gabriel\.openjfx\cache\13\api-ms-win-crt-conio-l1-1-0.dll
0x0000018099e70000 - 0x0000018099e74000 	C:\Users\Gabriel\.openjfx\cache\13\api-ms-win-crt-convert-l1-1-0.dll
0x0000018099e80000 - 0x0000018099e83000 	C:\Users\Gabriel\.openjfx\cache\13\api-ms-win-crt-environment-l1-1-0.dll
0x0000018099e90000 - 0x0000018099e93000 	C:\Users\Gabriel\.openjfx\cache\13\api-ms-win-crt-filesystem-l1-1-0.dll
0x0000018099ea0000 - 0x0000018099ea3000 	C:\Users\Gabriel\.openjfx\cache\13\api-ms-win-crt-heap-l1-1-0.dll
0x0000018099eb0000 - 0x0000018099eb3000 	C:\Users\Gabriel\.openjfx\cache\13\api-ms-win-crt-locale-l1-1-0.dll
0x0000018099ec0000 - 0x0000018099ec5000 	C:\Users\Gabriel\.openjfx\cache\13\api-ms-win-crt-math-l1-1-0.dll
0x0000018099ed0000 - 0x0000018099ed5000 	C:\Users\Gabriel\.openjfx\cache\13\api-ms-win-crt-multibyte-l1-1-0.dll
0x0000018099ee0000 - 0x0000018099ef0000 	C:\Users\Gabriel\.openjfx\cache\13\api-ms-win-crt-private-l1-1-0.dll
0x0000018099ef0000 - 0x0000018099ef3000 	C:\Users\Gabriel\.openjfx\cache\13\api-ms-win-crt-process-l1-1-0.dll
0x0000018099f00000 - 0x0000018099f04000 	C:\Users\Gabriel\.openjfx\cache\13\api-ms-win-crt-runtime-l1-1-0.dll
0x0000018099f10000 - 0x0000018099f14000 	C:\Users\Gabriel\.openjfx\cache\13\api-ms-win-crt-stdio-l1-1-0.dll
0x0000018099f20000 - 0x0000018099f24000 	C:\Users\Gabriel\.openjfx\cache\13\api-ms-win-crt-string-l1-1-0.dll
0x0000018099f30000 - 0x0000018099f33000 	C:\Users\Gabriel\.openjfx\cache\13\api-ms-win-crt-time-l1-1-0.dll
0x0000018099f40000 - 0x0000018099f43000 	C:\Users\Gabriel\.openjfx\cache\13\api-ms-win-crt-utility-l1-1-0.dll
0x00007ffbbf640000 - 0x00007ffbbf73c000 	C:\Users\Gabriel\.openjfx\cache\13\ucrtbase.dll
0x00007ffbcbd80000 - 0x00007ffbcbd95000 	C:\Users\Gabriel\.openjfx\cache\13\vcruntime140.dll
0x00007ffbc35f0000 - 0x00007ffbc368b000 	C:\Users\Gabriel\.openjfx\cache\13\msvcp140.dll
0x00007ffbc9190000 - 0x00007ffbc91e1000 	C:\Users\Gabriel\.openjfx\cache\13\concrt140.dll
0x00007ffbc63f0000 - 0x00007ffbc6413000 	C:\Users\Gabriel\.openjfx\cache\13\prism_d3d.dll
0x00007ffbd2220000 - 0x00007ffbd23ef000 	C:\Windows\system32\d3d9.dll
0x00007ffbe3900000 - 0x00007ffbe392f000 	C:\Windows\SYSTEM32\dwmapi.dll
0x00007ffbe3720000 - 0x00007ffbe37be000 	C:\Windows\system32\uxtheme.dll
0x00007ffb65c40000 - 0x00007ffb6b44d000 	C:\Windows\System32\DriverStore\FileRepository\igdlh64.inf_amd64_6d1fd205efa7f979\igdumdim64.dll
0x00007ffbe7f60000 - 0x00007ffbe802d000 	C:\Windows\System32\OLEAUT32.dll
0x00007ffbe7060000 - 0x00007ffbe718a000 	C:\Windows\System32\ole32.dll
0x00007ffbe7280000 - 0x00007ffbe76e8000 	C:\Windows\System32\SETUPAPI.dll
0x00007ffbe6630000 - 0x00007ffbe667e000 	C:\Windows\System32\cfgmgr32.dll
0x00007ffbe6030000 - 0x00007ffbe6057000 	C:\Windows\System32\bcrypt.dll
0x00007ffbc2ce0000 - 0x00007ffbc2d25000 	C:\Users\Gabriel\.openjfx\cache\13\glass.dll
0x00007ffbe7190000 - 0x00007ffbe726a000 	C:\Windows\System32\COMDLG32.dll
0x00007ffbe76f0000 - 0x00007ffbe7805000 	C:\Windows\System32\MSCTF.dll
0x00007ffbd8840000 - 0x00007ffbd999e000 	C:\Windows\System32\DriverStore\FileRepository\igdlh64.inf_amd64_6d1fd205efa7f979\igc64.dll
0x00007ffbdb820000 - 0x00007ffbdb85b000 	C:\Windows\SYSTEM32\dxcore.dll
0x00007ffbcbd60000 - 0x00007ffbcbd74000 	C:\Users\Gabriel\.openjfx\cache\13\javafx_font.dll
0x00007ffbca680000 - 0x00007ffbca8ff000 	C:\Windows\SYSTEM32\dwrite.dll
0x00007ffbe6aa0000 - 0x00007ffbe6b4f000 	C:\Windows\System32\clbcatq.dll
0x00007ffbde9d0000 - 0x00007ffbdeb84000 	C:\Windows\SYSTEM32\WindowsCodecs.dll
0x00007ffbc8420000 - 0x00007ffbc845e000 	C:\Windows\system32\dataexchange.dll
0x00007ffbe1af0000 - 0x00007ffbe1d53000 	C:\Windows\system32\d3d11.dll
0x00007ffbe2780000 - 0x00007ffbe2963000 	C:\Windows\system32\dcomp.dll
0x00007ffbe45f0000 - 0x00007ffbe46e3000 	C:\Windows\system32\dxgi.dll
0x00007ffbdef60000 - 0x00007ffbdf160000 	C:\Windows\system32\twinapi.appcore.dll
0x00007ffbc2ca0000 - 0x00007ffbc2cd4000 	C:\Program Files\Common Files\Microsoft Shared\Ink\rtscom.dll
0x00007ffbce590000 - 0x00007ffbce689000 	C:\Windows\SYSTEM32\textinputframework.dll
0x00007ffbe2970000 - 0x00007ffbe2cce000 	C:\Windows\System32\CoreUIComponents.dll
0x00007ffbe3050000 - 0x00007ffbe3142000 	C:\Windows\System32\CoreMessaging.dll
0x00007ffbe4ec0000 - 0x00007ffbe4ef3000 	C:\Windows\SYSTEM32\ntmarta.dll
0x00007ffbe1990000 - 0x00007ffbe1ae4000 	C:\Windows\SYSTEM32\wintypes.dll
0x00007ffbd86f0000 - 0x00007ffbd8756000 	C:\Windows\system32\Oleacc.dll

dbghelp: loaded successfully - version: 4.0.5 - missing functions: none
symbol engine: initialized successfully - sym options: 0x614 - pdb path: .;C:\Program Files\Java\jdk-19\bin;C:\Windows\SYSTEM32;C:\Windows\WinSxS\amd64_microsoft.windows.common-controls_6595b64144ccf1df_6.0.19041.1110_none_60b5254171f9507e;C:\Program Files\Java\jdk-19\bin\server;C:\Users\Gabriel\.openjfx\cache\13;C:\Windows\System32\DriverStore\FileRepository\igdlh64.inf_amd64_6d1fd205efa7f979;C:\Program Files\Common Files\Microsoft Shared\Ink

VM Arguments:
jvm_args: --module-path=C:\Users\Gabriel\Downloads\teste4\Trabalho-Final-POO\batalha-pokemon\target\classes;C:\Users\Gabriel\.m2\repository\org\openjfx\javafx-base\13\javafx-base-13-win.jar;C:\Users\Gabriel\.m2\repository\org\openjfx\javafx-controls\13\javafx-controls-13-win.jar;C:\Users\Gabriel\.m2\repository\org\openjfx\javafx-fxml\13\javafx-fxml-13-win.jar;C:\Users\Gabriel\.m2\repository\org\openjfx\javafx-graphics\13\javafx-graphics-13-win.jar --add-modules=poo -Djdk.module.main=poo 
java_command: poo/poo.App
java_class_path (initial): C:\Users\Gabriel\.m2\repository\org\openjfx\javafx-base\13\javafx-base-13.jar;C:\Users\Gabriel\.m2\repository\org\openjfx\javafx-controls\13\javafx-controls-13.jar;C:\Users\Gabriel\.m2\repository\org\openjfx\javafx-fxml\13\javafx-fxml-13.jar;C:\Users\Gabriel\.m2\repository\org\openjfx\javafx-graphics\13\javafx-graphics-13.jar
Launcher Type: SUN_STANDARD

[Global flags]
     intx CICompilerCount                          = 4                                         {product} {ergonomic}
     uint ConcGCThreads                            = 2                                         {product} {ergonomic}
     uint G1ConcRefinementThreads                  = 8                                         {product} {ergonomic}
   size_t G1HeapRegionSize                         = 1048576                                   {product} {ergonomic}
    uintx GCDrainStackTargetSize                   = 64                                        {product} {ergonomic}
   size_t InitialHeapSize                          = 134217728                                 {product} {ergonomic}
   size_t MarkStackSize                            = 4194304                                   {product} {ergonomic}
   size_t MaxHeapSize                              = 2128609280                                {product} {ergonomic}
   size_t MaxNewSize                               = 1277165568                                {product} {ergonomic}
   size_t MinHeapDeltaBytes                        = 1048576                                   {product} {ergonomic}
   size_t MinHeapSize                              = 8388608                                   {product} {ergonomic}
    uintx NonNMethodCodeHeapSize                   = 5839372                                {pd product} {ergonomic}
    uintx NonProfiledCodeHeapSize                  = 122909434                              {pd product} {ergonomic}
    uintx ProfiledCodeHeapSize                     = 122909434                              {pd product} {ergonomic}
    uintx ReservedCodeCacheSize                    = 251658240                              {pd product} {ergonomic}
     bool SegmentedCodeCache                       = true                                      {product} {ergonomic}
   size_t SoftMaxHeapSize                          = 2128609280                             {manageable} {ergonomic}
     bool UseCompressedClassPointers               = true                           {product lp64_product} {ergonomic}
     bool UseCompressedOops                        = true                           {product lp64_product} {ergonomic}
     bool UseG1GC                                  = true                                      {product} {ergonomic}
     bool UseLargePagesIndividualAllocation        = false                                  {pd product} {ergonomic}

Logging:
Log output configuration:
 #0: stdout all=off uptime,level,tags foldmultilines=false
 #1: stderr all=off uptime,level,tags foldmultilines=false

Environment Variables:
JAVA_HOME=C:\Program Files\Java\jdk-19
PATH=C:\Program Files\Common Files\Oracle\Java\javapath;C:\Program Files\Eclipse Adoptium\jdk-17.0.4.101-hotspot\bin;C:\Program Files (x86)\Common Files\Oracle\Java\javapath;C:\Windows\system32;C:\Windows;C:\Windows\System32\Wbem;C:\Windows\System32\WindowsPowerShell\v1.0\;C:\Windows\System32\OpenSSH\;C:\Program Files\Git\cmd;C:\Users\Gabriel\AppData\Local\Microsoft\WindowsApps;C:\Users\Gabriel\AppData\Local\Programs\Microsoft VS Code\bin;C:\Users\Gabriel\AppData\Local\GitHubDesktop\bin;C:\Program Files (x86)\Maven\apache-maven-3.8.6\bin;C:\Program Files\Java\jdk-19\bin;
USERNAME=Gabriel
LANG=pt_BR.UTF-8
OS=Windows_NT
PROCESSOR_IDENTIFIER=Intel64 Family 6 Model 94 Stepping 3, GenuineIntel
TMP=C:\Users\Gabriel\AppData\Local\Temp
TEMP=C:\Users\Gabriel\AppData\Local\Temp



---------------  S Y S T E M  ---------------

OS:
 Windows 10 , 64 bit Build 19041 (10.0.19041.2251)
OS uptime: 2 days 11:11 hours

CPU: total 8 (initial active 8) (4 cores per cpu, 2 threads per core) family 6 model 94 stepping 3 microcode 0xcc, cx8, cmov, fxsr, ht, mmx, 3dnowpref, sse, sse2, sse3, ssse3, sse4.1, sse4.2, popcnt, lzcnt, tsc, tscinvbit, avx, avx2, aes, erms, clmul, bmi1, bmi2, rtm, adx, fma, vzeroupper, clflush, clflushopt, rdtscp

Memory: 4k page, system-wide physical 8112M (1169M free)
TotalPageFile size 22017M (AvailPageFile size 3262M)
current process WorkingSet (physical memory assigned to process): 241M, peak: 308M
current process commit charge ("private bytes"): 362M, peak: 427M

vm_info: Java HotSpot(TM) 64-Bit Server VM (19.0.1+10-21) for windows-amd64 JRE (19.0.1+10-21), built on 2022-09-14T12:45:06Z by "mach5one" with MS VC++ 17.1 (VS2022)

END.
