#
# A fatal error has been detected by the Java Runtime Environment:
#
#  EXCEPTION_ACCESS_VIOLATION (0xc0000005) at pc=0x00007ffbc02866f0, pid=23364, tid=21668
#
# JRE version: Java(TM) SE Runtime Environment (19.0.1+10) (build 19.0.1+10-21)
# Java VM: Java HotSpot(TM) 64-Bit Server VM (19.0.1+10-21, mixed mode, sharing, tiered, compressed oops, compressed class ptrs, g1 gc, windows-amd64)
# Problematic frame:
# C  [glass.dll+0x266f0]
#
# No core dump will be written. Minidumps are not enabled by default on client versions of Windows
#
# If you would like to submit a bug report, please visit:
#   https://bugreport.java.com/bugreport/crash.jsp
#

---------------  S U M M A R Y ------------

Command Line: --module-path=C:\Users\Gabriel\Downloads\teste4\Trabalho-Final-POO\batalha-pokemon\target\classes;C:\Users\Gabriel\.m2\repository\org\openjfx\javafx-base\13\javafx-base-13-win.jar;C:\Users\Gabriel\.m2\repository\org\openjfx\javafx-controls\13\javafx-controls-13-win.jar;C:\Users\Gabriel\.m2\repository\org\openjfx\javafx-fxml\13\javafx-fxml-13-win.jar;C:\Users\Gabriel\.m2\repository\org\openjfx\javafx-graphics\13\javafx-graphics-13-win.jar --add-modules=poo -Djdk.module.main=poo poo/poo.App

Host: Intel(R) Core(TM) i7-6700HQ CPU @ 2.60GHz, 8 cores, 7G,  Windows 10 , 64 bit Build 19041 (10.0.19041.2251)
Time: Wed Nov 30 02:16:22 2022 Hora oficial do Brasil elapsed time: 18.516703 seconds (0d 0h 0m 18s)

---------------  T H R E A D  ---------------

Current thread (0x0000022953db8c90):  VMThread "VM Thread" [stack: 0x000000e19ee00000,0x000000e19ef00000] [id=21668]

Stack: [0x000000e19ee00000,0x000000e19ef00000],  sp=0x000000e19eeff380,  free space=1020k
Native frames: (J=compiled Java code, j=interpreted, Vv=VM code, C=native code)
C  [glass.dll+0x266f0]


siginfo: EXCEPTION_ACCESS_VIOLATION (0xc0000005), reading address 0x0000000000000000


Registers:
RAX=0x0000000000000000, RBX=0x0000022953dc2b10, RCX=0x0000022953db8c90, RDX=0x000000e19eeff380
RSP=0x000000e19eeff380, RBP=0x0000022958dd73f8, RSI=0x0000022958dd73d0, RDI=0x0000c081a0d24dd4
R8 =0x0000000000010002, R9 =0x0000c081a0d24dd4, R10=0x0000000000008000, R11=0x000000e19eeff320
R12=0x00007ffbc0283b84, R13=0x00007ffb761172a0, R14=0x000000e19eeff488, R15=0x0000022958dd73d0
RIP=0x00007ffbc02866f0, EFLAGS=0x0000000000010206


Register to memory mapping:

RIP=0x00007ffbc02866f0 glass.dll
RAX=0x0 is NULL
RBX=0x0000022953dc2b10 is a global jni handle
RCX=0x0000022953db8c90 points into unknown readable memory: 0x00007ffb75f245e8 | e8 45 f2 75 fb 7f 00 00
RDX=0x000000e19eeff380 points into unknown readable memory: 0x0000000000000000 | 00 00 00 00 00 00 00 00
RSP=0x000000e19eeff380 points into unknown readable memory: 0x0000000000000000 | 00 00 00 00 00 00 00 00
RBP=0x0000022958dd73f8 points into unknown readable memory: 0x0000c081a0d24dd4 | d4 4d d2 a0 81 c0 00 00
RSI=0x0000022958dd73d0 points into unknown readable memory: 0xffbcc202c6124dd3 | d3 4d 12 c6 02 c2 bc ff
RDI=0x0000c081a0d24dd4 is an unknown value
R8 =0x0000000000010002 is an unknown value
R9 =0x0000c081a0d24dd4 is an unknown value
R10=0x0000000000008000 is an unknown value
R11=0x000000e19eeff320 points into unknown readable memory: 0x0000022958dd73d0 | d0 73 dd 58 29 02 00 00
R12=0x00007ffbc0283b84 glass.dll
R13=0x00007ffb761172a0 jvm.dll
R14=0x000000e19eeff488 points into unknown readable memory: 0x000000e19eeff470 | 70 f4 ef 9e e1 00 00 00
R15=0x0000022958dd73d0 points into unknown readable memory: 0xffbcc202c6124dd3 | d3 4d 12 c6 02 c2 bc ff


Top of Stack: (sp=0x000000e19eeff380)
0x000000e19eeff380:   0000000000000000 00007ffbe653f05b
0x000000e19eeff390:   0000022958dd73e0 0000022958dd73d0
0x000000e19eeff3a0:   fffffffffffffffe 00007ffbc0283b84
0x000000e19eeff3b0:   0000022958dd73d8 00007ffbe65442d6
0x000000e19eeff3c0:   0000022958dd73e0 0000022900000000
0x000000e19eeff3d0:   0000022958dd73f8 0000022958dd73d0
0x000000e19eeff3e0:   fffffffffffffffe 0000000000000000
0x000000e19eeff3f0:   0000000000000001 00007ffbc0260000
0x000000e19eeff400:   000000e19eeff478 00007ffbe65441fb
0x000000e19eeff410:   0000000000000000 000000e19eeff488
0x000000e19eeff420:   000000e19eeff740 00007ffbe6620e40
0x000000e19eeff430:   0000000000000000 00007ffbe65441b4
0x000000e19eeff440:   0000000000000000 0000000000000001
0x000000e19eeff450:   0000000000000001 000000e19eeff478
0x000000e19eeff460:   0000000000000006 00007ffbc0283a12
0x000000e19eeff470:   00007ffbc029d118 000000e100000002 

Instructions: (pc=0x00007ffbc02866f0)
0x00007ffbc02865f0:   8b 4d 60 e8 98 c9 ff ff 48 8b 55 68 48 8b 8d 08
0x00007ffbc0286600:   01 00 00 e8 49 be ff ff 33 d2 33 c9 e8 49 de ff
0x00007ffbc0286610:   ff 90 cc cc cc cc cc cc cc cc cc cc cc cc cc cc
0x00007ffbc0286620:   48 8d 8a 80 00 00 00 e9 14 e9 fe ff 48 89 54 24
0x00007ffbc0286630:   10 55 48 83 ec 20 48 8b ea 48 8d 05 dd ca ff ff
0x00007ffbc0286640:   48 83 c4 20 5d c3 cc 40 55 48 8b ea 48 8b 01 33
0x00007ffbc0286650:   c9 81 38 05 00 00 c0 0f 94 c1 8b c1 5d c3 cc 40
0x00007ffbc0286660:   55 48 83 ec 20 48 8b ea 8a 4d 40 48 83 c4 20 5d
0x00007ffbc0286670:   e9 df cd ff ff cc 40 55 48 83 ec 20 48 8b ea e8
0x00007ffbc0286680:   fc cb ff ff 8a 4d 38 48 83 c4 20 5d e9 c3 cd ff
0x00007ffbc0286690:   ff cc 40 55 48 83 ec 30 48 8b ea 48 8b 01 8b 10
0x00007ffbc02866a0:   48 89 4c 24 28 89 54 24 20 4c 8d 0d a4 d1 ff ff
0x00007ffbc02866b0:   4c 8b 45 70 8b 55 68 48 8b 4d 60 e8 30 cb ff ff
0x00007ffbc02866c0:   90 48 83 c4 30 5d c3 cc cc cc cc cc cc cc cc cc
0x00007ffbc02866d0:   40 53 48 83 ec 30 48 c7 44 24 20 fe ff ff ff 48
0x00007ffbc02866e0:   8b 1d 2a 64 01 00 48 85 db 74 16 e8 90 85 ff ff
0x00007ffbc02866f0:   4c 8b 00 48 8b d3 48 8b c8 41 ff 90 b0 00 00 00
0x00007ffbc0286700:   90 48 83 c4 30 5b c3 cc cc cc cc cc cc cc cc cc
0x00007ffbc0286710:   40 53 48 83 ec 20 48 8b 1d 9b 65 01 00 48 85 db
0x00007ffbc0286720:   74 57 b8 ff ff ff ff f0 0f c1 43 10 83 f8 01 75
0x00007ffbc0286730:   3d 48 85 db 74 38 48 8b 0b 48 85 c9 74 0d ff 15
0x00007ffbc0286740:   64 0b 00 00 48 c7 03 00 00 00 00 48 8b 4b 08 48
0x00007ffbc0286750:   85 c9 74 0d e8 37 c8 ff ff 48 c7 43 08 00 00 00
0x00007ffbc0286760:   00 ba 18 00 00 00 48 8b cb e8 22 c8 ff ff 48 c7
0x00007ffbc0286770:   05 3f 65 01 00 00 00 00 00 48 83 c4 20 5b c3 cc
0x00007ffbc0286780:   40 53 48 83 ec 20 48 8b 1d 0b 65 01 00 48 85 db
0x00007ffbc0286790:   74 57 b8 ff ff ff ff f0 0f c1 43 10 83 f8 01 75
0x00007ffbc02867a0:   3d 48 85 db 74 38 48 8b 0b 48 85 c9 74 0d ff 15
0x00007ffbc02867b0:   f4 0a 00 00 48 c7 03 00 00 00 00 48 8b 4b 08 48
0x00007ffbc02867c0:   85 c9 74 0d e8 c7 c7 ff ff 48 c7 43 08 00 00 00
0x00007ffbc02867d0:   00 ba 18 00 00 00 48 8b cb e8 b2 c7 ff ff 48 c7
0x00007ffbc02867e0:   05 af 64 01 00 00 00 00 00 48 83 c4 20 5b c3 cc 


Stack slot to memory mapping:
stack at sp + 0 slots: 0x0 is NULL
stack at sp + 1 slots: 0x00007ffbe653f05b ucrtbase.dll
stack at sp + 2 slots: 0x0000022958dd73e0 points into unknown readable memory: 0x0000c081a0d24dd4 | d4 4d d2 a0 81 c0 00 00
stack at sp + 3 slots: 0x0000022958dd73d0 points into unknown readable memory: 0xffbcc202c6124dd3 | d3 4d 12 c6 02 c2 bc ff
stack at sp + 4 slots: 0xfffffffffffffffe is an unknown value
stack at sp + 5 slots: 0x00007ffbc0283b84 glass.dll
stack at sp + 6 slots: 0x0000022958dd73d8 points into unknown readable memory: 0x0000c081a0d24dd4 | d4 4d d2 a0 81 c0 00 00
stack at sp + 7 slots: 0x00007ffbe65442d6 ucrtbase.dll

VM_Operation (0x000000e19fdfc040): Exit, mode: safepoint, requested by thread 0x00000229580ac490


---------------  P R O C E S S  ---------------

Threads class SMR info:
_java_thread_list=0x00000229593469b0, length=18, elements={
0x000002293558bcd0, 0x0000022953dcfe40, 0x0000022953dd0dd0, 0x0000022953ddbaa0,
0x0000022953ddc3d0, 0x0000022953ddd040, 0x0000022953de1a60, 0x0000022953de2570,
0x0000022953def920, 0x00000229580ab4a0, 0x00000229580acf30, 0x00000229580aaf50,
0x00000229580abf40, 0x00000229580ac490, 0x00000229580ad480, 0x00000229580a9f60,
0x00000229580aa4b0, 0x00000229580ab9f0
}

Java Threads: ( => current thread )
  0x000002293558bcd0 JavaThread "main" [_thread_blocked, id=7364, stack(0x000000e19e800000,0x000000e19e900000)]
  0x0000022953dcfe40 JavaThread "Reference Handler" daemon [_thread_blocked, id=22340, stack(0x000000e19ef00000,0x000000e19f000000)]
  0x0000022953dd0dd0 JavaThread "Finalizer" daemon [_thread_blocked, id=23256, stack(0x000000e19f000000,0x000000e19f100000)]
  0x0000022953ddbaa0 JavaThread "Attach Listener" daemon [_thread_blocked, id=18280, stack(0x000000e19f200000,0x000000e19f300000)]
  0x0000022953ddc3d0 JavaThread "Service Thread" daemon [_thread_blocked, id=4804, stack(0x000000e19f300000,0x000000e19f400000)]
  0x0000022953ddd040 JavaThread "Monitor Deflation Thread" daemon [_thread_blocked, id=3708, stack(0x000000e19f400000,0x000000e19f500000)]
  0x0000022953de1a60 JavaThread "C2 CompilerThread0" daemon [_thread_blocked, id=19728, stack(0x000000e19f500000,0x000000e19f600000)]
  0x0000022953de2570 JavaThread "C1 CompilerThread0" daemon [_thread_blocked, id=21892, stack(0x000000e19f600000,0x000000e19f700000)]
  0x0000022953def920 JavaThread "Sweeper thread" daemon [_thread_blocked, id=15628, stack(0x000000e19f700000,0x000000e19f800000)]
  0x00000229580ab4a0 JavaThread "Common-Cleaner" daemon [_thread_blocked, id=5820, stack(0x000000e19f800000,0x000000e19f900000)]
  0x00000229580acf30 JavaThread "Notification Thread" daemon [_thread_blocked, id=20720, stack(0x000000e19fb00000,0x000000e19fc00000)]
  0x00000229580aaf50 JavaThread "QuantumRenderer-0" daemon [_thread_blocked, id=9588, stack(0x000000e19f900000,0x000000e19fa00000)]
  0x00000229580abf40 JavaThread "InvokeLaterDispatcher" daemon [_thread_blocked, id=22404, stack(0x000000e19fa00000,0x000000e19fb00000)]
  0x00000229580ac490 JavaThread "JavaFX Application Thread" [_thread_blocked, id=3628, stack(0x000000e19fd00000,0x000000e19fe00000)]
  0x00000229580ad480 JavaThread "Thread-1" daemon [_thread_in_native, id=14820, stack(0x000000e1a0100000,0x000000e1a0200000)]
  0x00000229580a9f60 JavaThread "JavaFX-Launcher" [_thread_blocked, id=19724, stack(0x000000e1a0200000,0x000000e1a0300000)]
  0x00000229580aa4b0 JavaThread "Prism Font Disposer" daemon [_thread_blocked, id=12668, stack(0x000000e1a0900000,0x000000e1a0a00000)]
  0x00000229580ab9f0 JavaThread "Cleaner-0" daemon [_thread_blocked, id=22872, stack(0x000000e1a0800000,0x000000e1a0900000)]

Other Threads:
=>0x0000022953db8c90 VMThread "VM Thread" [stack: 0x000000e19ee00000,0x000000e19ef00000] [id=21668]
  0x00000229355ea630 WorkerThread "GC Thread#0" [stack: 0x000000e19e900000,0x000000e19ea00000] [id=7908]
  0x00000229590a3390 WorkerThread "GC Thread#1" [stack: 0x000000e1a0300000,0x000000e1a0400000] [id=18648]
  0x00000229590c2b30 WorkerThread "GC Thread#2" [stack: 0x000000e1a0400000,0x000000e1a0500000] [id=10248]
  0x00000229590e8b60 WorkerThread "GC Thread#3" [stack: 0x000000e1a0500000,0x000000e1a0600000] [id=11536]
  0x00000229590e7a80 WorkerThread "GC Thread#4" [stack: 0x000000e1a0600000,0x000000e1a0700000] [id=10128]
  0x00000229590e8020 WorkerThread "GC Thread#5" [stack: 0x000000e1a0700000,0x000000e1a0800000] [id=11740]
  0x00000229590e74e0 WorkerThread "GC Thread#6" [stack: 0x000000e1a0d00000,0x000000e1a0e00000] [id=9960]
  0x00000229590e85c0 WorkerThread "GC Thread#7" [stack: 0x000000e1a0e00000,0x000000e1a0f00000] [id=23060]
  0x00000229355fb4f0 ConcurrentGCThread "G1 Main Marker" terminated
  0x00000229355fc6c0 WorkerThread "G1 Conc#0" [stack: 0x000000e19eb00000,0x000000e19ec00000] [id=7420]
  0x000002293565d8b0 ConcurrentGCThread "G1 Refine#0" terminated
  0x000002293565e3f0 ConcurrentGCThread "G1 Service" terminated

Threads with active compile tasks:

VM state: at safepoint (shutting down)

VM Mutex/Monitor currently owned by a thread:  ([mutex/lock_event])
[0x0000022935586b10] Threads_lock - owner thread: 0x0000022953db8c90
[0x0000022935587da0] Heap_lock - owner thread: 0x00000229580ac490

Heap address: 0x0000000081200000, size: 2030 MB, Compressed Oops mode: 32-bit

CDS archive(s) mapped at: [0x0000000800000000-0x0000000800c40000-0x0000000800c40000), size 12845056, SharedBaseAddress: 0x0000000800000000, ArchiveRelocationMode: 0.
Compressed class space mapped at: 0x0000000801000000-0x0000000841000000, reserved size: 1073741824
Narrow klass base: 0x0000000800000000, Narrow klass shift: 0, Narrow klass range: 0x100000000

GC Precious Log:
 CardTable entry size: 512
 Card Set container configuration: InlinePtr #cards 5 size 8 Array Of Cards #cards 12 size 40 Howl #buckets 4 coarsen threshold 1843 Howl Bitmap #cards 512 size 80 coarsen threshold 460 Card regions per heap region 1 cards per card region 2048
 CPUs: 8 total, 8 available
 Memory: 8112M
 Large Page Support: Disabled
 NUMA Support: Disabled
 Compressed Oops: Enabled (32-bit)
 Heap Region Size: 1M
 Heap Min Capacity: 8M
 Heap Initial Capacity: 128M
 Heap Max Capacity: 2030M
 Pre-touch: Disabled
 Parallel Workers: 8
 Concurrent Workers: 2
 Concurrent Refinement Workers: 8
 Periodic GC: Disabled

Heap:
 garbage-first heap   total 131072K, used 26425K [0x0000000081200000, 0x0000000100000000)
  region size 1024K, 14 young (14336K), 5 survivors (5120K)
 Metaspace       used 16041K, committed 16384K, reserved 1114112K
  class space    used 2357K, committed 2496K, reserved 1048576K

Heap Regions: E=young(eden), S=young(survivor), O=old, HS=humongous(starts), HC=humongous(continues), CS=collection set, F=free, OA=open archive, CA=closed archive, TAMS=top-at-mark-start (previous, next)
|   0|0x0000000081200000, 0x0000000081300000, 0x0000000081300000|100%|HS|  |TAMS 0x0000000081200000, 0x0000000081200000| Complete 
|   1|0x0000000081300000, 0x0000000081400000, 0x0000000081400000|100%|HC|  |TAMS 0x0000000081300000, 0x0000000081300000| Complete 
|   2|0x0000000081400000, 0x0000000081500000, 0x0000000081500000|100%|HC|  |TAMS 0x0000000081400000, 0x0000000081400000| Complete 
|   3|0x0000000081500000, 0x0000000081600000, 0x0000000081600000|100%|HC|  |TAMS 0x0000000081500000, 0x0000000081500000| Complete 
|   4|0x0000000081600000, 0x0000000081700000, 0x0000000081700000|100%|HC|  |TAMS 0x0000000081600000, 0x0000000081600000| Complete 
|   5|0x0000000081700000, 0x0000000081800000, 0x0000000081800000|100%|HC|  |TAMS 0x0000000081700000, 0x0000000081700000| Complete 
|   6|0x0000000081800000, 0x0000000081900000, 0x0000000081900000|100%|HS|  |TAMS 0x0000000081800000, 0x0000000081800000| Complete 
|   7|0x0000000081900000, 0x0000000081a00000, 0x0000000081a00000|100%|HC|  |TAMS 0x0000000081900000, 0x0000000081900000| Complete 
|   8|0x0000000081a00000, 0x0000000081b00000, 0x0000000081b00000|100%|HC|  |TAMS 0x0000000081a00000, 0x0000000081a00000| Complete 
|   9|0x0000000081b00000, 0x0000000081c00000, 0x0000000081c00000|100%|HS|  |TAMS 0x0000000081b00000, 0x0000000081b00000| Complete 
|  10|0x0000000081c00000, 0x0000000081d00000, 0x0000000081d00000|100%|HC|  |TAMS 0x0000000081c00000, 0x0000000081c00000| Complete 
|  11|0x0000000081d00000, 0x0000000081e00000, 0x0000000081e00000|100%| O|  |TAMS 0x0000000081d00000, 0x0000000081d00000| Untracked 
|  12|0x0000000081e00000, 0x0000000081f00000, 0x0000000081f00000|100%| O|  |TAMS 0x0000000081e00000, 0x0000000081e00000| Untracked 
|  13|0x0000000081f00000, 0x0000000081f8cc00, 0x0000000082000000| 54%| O|  |TAMS 0x0000000081f00000, 0x0000000081f00000| Untracked 
|  14|0x0000000082000000, 0x0000000082000000, 0x0000000082100000|  0%| F|  |TAMS 0x0000000082000000, 0x0000000082000000| Untracked 
|  15|0x0000000082100000, 0x0000000082100000, 0x0000000082200000|  0%| F|  |TAMS 0x0000000082100000, 0x0000000082100000| Untracked 
|  16|0x0000000082200000, 0x0000000082200000, 0x0000000082300000|  0%| F|  |TAMS 0x0000000082200000, 0x0000000082200000| Untracked 
|  17|0x0000000082300000, 0x0000000082300000, 0x0000000082400000|  0%| F|  |TAMS 0x0000000082300000, 0x0000000082300000| Untracked 
|  18|0x0000000082400000, 0x0000000082400000, 0x0000000082500000|  0%| F|  |TAMS 0x0000000082400000, 0x0000000082400000| Untracked 
|  19|0x0000000082500000, 0x0000000082500000, 0x0000000082600000|  0%| F|  |TAMS 0x0000000082500000, 0x0000000082500000| Untracked 
|  20|0x0000000082600000, 0x0000000082600000, 0x0000000082700000|  0%| F|  |TAMS 0x0000000082600000, 0x0000000082600000| Untracked 
|  21|0x0000000082700000, 0x0000000082700000, 0x0000000082800000|  0%| F|  |TAMS 0x0000000082700000, 0x0000000082700000| Untracked 
|  22|0x0000000082800000, 0x0000000082800000, 0x0000000082900000|  0%| F|  |TAMS 0x0000000082800000, 0x0000000082800000| Untracked 
|  23|0x0000000082900000, 0x0000000082900000, 0x0000000082a00000|  0%| F|  |TAMS 0x0000000082900000, 0x0000000082900000| Untracked 
|  24|0x0000000082a00000, 0x0000000082a00000, 0x0000000082b00000|  0%| F|  |TAMS 0x0000000082a00000, 0x0000000082a00000| Untracked 
|  25|0x0000000082b00000, 0x0000000082b00000, 0x0000000082c00000|  0%| F|  |TAMS 0x0000000082b00000, 0x0000000082b00000| Untracked 
|  26|0x0000000082c00000, 0x0000000082c00000, 0x0000000082d00000|  0%| F|  |TAMS 0x0000000082c00000, 0x0000000082c00000| Untracked 
|  27|0x0000000082d00000, 0x0000000082d00000, 0x0000000082e00000|  0%| F|  |TAMS 0x0000000082d00000, 0x0000000082d00000| Untracked 
|  28|0x0000000082e00000, 0x0000000082e00000, 0x0000000082f00000|  0%| F|  |TAMS 0x0000000082e00000, 0x0000000082e00000| Untracked 
|  29|0x0000000082f00000, 0x0000000082f00000, 0x0000000083000000|  0%| F|  |TAMS 0x0000000082f00000, 0x0000000082f00000| Untracked 
|  30|0x0000000083000000, 0x0000000083000000, 0x0000000083100000|  0%| F|  |TAMS 0x0000000083000000, 0x0000000083000000| Untracked 
|  31|0x0000000083100000, 0x0000000083100000, 0x0000000083200000|  0%| F|  |TAMS 0x0000000083100000, 0x0000000083100000| Untracked 
|  32|0x0000000083200000, 0x0000000083200000, 0x0000000083300000|  0%| F|  |TAMS 0x0000000083200000, 0x0000000083200000| Untracked 
|  33|0x0000000083300000, 0x0000000083300000, 0x0000000083400000|  0%| F|  |TAMS 0x0000000083300000, 0x0000000083300000| Untracked 
|  34|0x0000000083400000, 0x0000000083400000, 0x0000000083500000|  0%| F|  |TAMS 0x0000000083400000, 0x0000000083400000| Untracked 
|  35|0x0000000083500000, 0x0000000083500000, 0x0000000083600000|  0%| F|  |TAMS 0x0000000083500000, 0x0000000083500000| Untracked 
|  36|0x0000000083600000, 0x0000000083600000, 0x0000000083700000|  0%| F|  |TAMS 0x0000000083600000, 0x0000000083600000| Untracked 
|  37|0x0000000083700000, 0x0000000083700000, 0x0000000083800000|  0%| F|  |TAMS 0x0000000083700000, 0x0000000083700000| Untracked 
|  38|0x0000000083800000, 0x0000000083800000, 0x0000000083900000|  0%| F|  |TAMS 0x0000000083800000, 0x0000000083800000| Untracked 
|  39|0x0000000083900000, 0x0000000083900000, 0x0000000083a00000|  0%| F|  |TAMS 0x0000000083900000, 0x0000000083900000| Untracked 
|  40|0x0000000083a00000, 0x0000000083a00000, 0x0000000083b00000|  0%| F|  |TAMS 0x0000000083a00000, 0x0000000083a00000| Untracked 
|  41|0x0000000083b00000, 0x0000000083b00000, 0x0000000083c00000|  0%| F|  |TAMS 0x0000000083b00000, 0x0000000083b00000| Untracked 
|  42|0x0000000083c00000, 0x0000000083c00000, 0x0000000083d00000|  0%| F|  |TAMS 0x0000000083c00000, 0x0000000083c00000| Untracked 
|  43|0x0000000083d00000, 0x0000000083d00000, 0x0000000083e00000|  0%| F|  |TAMS 0x0000000083d00000, 0x0000000083d00000| Untracked 
|  44|0x0000000083e00000, 0x0000000083e00000, 0x0000000083f00000|  0%| F|  |TAMS 0x0000000083e00000, 0x0000000083e00000| Untracked 
|  45|0x0000000083f00000, 0x0000000083f00000, 0x0000000084000000|  0%| F|  |TAMS 0x0000000083f00000, 0x0000000083f00000| Untracked 
|  46|0x0000000084000000, 0x0000000084000000, 0x0000000084100000|  0%| F|  |TAMS 0x0000000084000000, 0x0000000084000000| Untracked 
|  47|0x0000000084100000, 0x0000000084100000, 0x0000000084200000|  0%| F|  |TAMS 0x0000000084100000, 0x0000000084100000| Untracked 
|  48|0x0000000084200000, 0x0000000084200000, 0x0000000084300000|  0%| F|  |TAMS 0x0000000084200000, 0x0000000084200000| Untracked 
|  49|0x0000000084300000, 0x0000000084300000, 0x0000000084400000|  0%| F|  |TAMS 0x0000000084300000, 0x0000000084300000| Untracked 
|  50|0x0000000084400000, 0x0000000084400000, 0x0000000084500000|  0%| F|  |TAMS 0x0000000084400000, 0x0000000084400000| Untracked 
|  51|0x0000000084500000, 0x0000000084500000, 0x0000000084600000|  0%| F|  |TAMS 0x0000000084500000, 0x0000000084500000| Untracked 
|  52|0x0000000084600000, 0x0000000084600000, 0x0000000084700000|  0%| F|  |TAMS 0x0000000084600000, 0x0000000084600000| Untracked 
|  53|0x0000000084700000, 0x0000000084700000, 0x0000000084800000|  0%| F|  |TAMS 0x0000000084700000, 0x0000000084700000| Untracked 
|  54|0x0000000084800000, 0x0000000084800000, 0x0000000084900000|  0%| F|  |TAMS 0x0000000084800000, 0x0000000084800000| Untracked 
|  55|0x0000000084900000, 0x0000000084900000, 0x0000000084a00000|  0%| F|  |TAMS 0x0000000084900000, 0x0000000084900000| Untracked 
|  56|0x0000000084a00000, 0x0000000084a00000, 0x0000000084b00000|  0%| F|  |TAMS 0x0000000084a00000, 0x0000000084a00000| Untracked 
|  57|0x0000000084b00000, 0x0000000084b00000, 0x0000000084c00000|  0%| F|  |TAMS 0x0000000084b00000, 0x0000000084b00000| Untracked 
|  58|0x0000000084c00000, 0x0000000084c00000, 0x0000000084d00000|  0%| F|  |TAMS 0x0000000084c00000, 0x0000000084c00000| Untracked 
|  59|0x0000000084d00000, 0x0000000084d00000, 0x0000000084e00000|  0%| F|  |TAMS 0x0000000084d00000, 0x0000000084d00000| Untracked 
|  60|0x0000000084e00000, 0x0000000084e00000, 0x0000000084f00000|  0%| F|  |TAMS 0x0000000084e00000, 0x0000000084e00000| Untracked 
|  61|0x0000000084f00000, 0x0000000084f00000, 0x0000000085000000|  0%| F|  |TAMS 0x0000000084f00000, 0x0000000084f00000| Untracked 
|  62|0x0000000085000000, 0x0000000085000000, 0x0000000085100000|  0%| F|  |TAMS 0x0000000085000000, 0x0000000085000000| Untracked 
|  63|0x0000000085100000, 0x0000000085100000, 0x0000000085200000|  0%| F|  |TAMS 0x0000000085100000, 0x0000000085100000| Untracked 
|  64|0x0000000085200000, 0x0000000085200000, 0x0000000085300000|  0%| F|  |TAMS 0x0000000085200000, 0x0000000085200000| Untracked 
|  65|0x0000000085300000, 0x0000000085300000, 0x0000000085400000|  0%| F|  |TAMS 0x0000000085300000, 0x0000000085300000| Untracked 
|  66|0x0000000085400000, 0x0000000085400000, 0x0000000085500000|  0%| F|  |TAMS 0x0000000085400000, 0x0000000085400000| Untracked 
|  67|0x0000000085500000, 0x0000000085500000, 0x0000000085600000|  0%| F|  |TAMS 0x0000000085500000, 0x0000000085500000| Untracked 
|  68|0x0000000085600000, 0x0000000085600000, 0x0000000085700000|  0%| F|  |TAMS 0x0000000085600000, 0x0000000085600000| Untracked 
|  69|0x0000000085700000, 0x0000000085700000, 0x0000000085800000|  0%| F|  |TAMS 0x0000000085700000, 0x0000000085700000| Untracked 
|  70|0x0000000085800000, 0x0000000085800000, 0x0000000085900000|  0%| F|  |TAMS 0x0000000085800000, 0x0000000085800000| Untracked 
|  71|0x0000000085900000, 0x0000000085900000, 0x0000000085a00000|  0%| F|  |TAMS 0x0000000085900000, 0x0000000085900000| Untracked 
|  72|0x0000000085a00000, 0x0000000085a00000, 0x0000000085b00000|  0%| F|  |TAMS 0x0000000085a00000, 0x0000000085a00000| Untracked 
|  73|0x0000000085b00000, 0x0000000085b00000, 0x0000000085c00000|  0%| F|  |TAMS 0x0000000085b00000, 0x0000000085b00000| Untracked 
|  74|0x0000000085c00000, 0x0000000085c00000, 0x0000000085d00000|  0%| F|  |TAMS 0x0000000085c00000, 0x0000000085c00000| Untracked 
|  75|0x0000000085d00000, 0x0000000085d00000, 0x0000000085e00000|  0%| F|  |TAMS 0x0000000085d00000, 0x0000000085d00000| Untracked 
|  76|0x0000000085e00000, 0x0000000085e00000, 0x0000000085f00000|  0%| F|  |TAMS 0x0000000085e00000, 0x0000000085e00000| Untracked 
|  77|0x0000000085f00000, 0x0000000085f00000, 0x0000000086000000|  0%| F|  |TAMS 0x0000000085f00000, 0x0000000085f00000| Untracked 
|  78|0x0000000086000000, 0x0000000086000000, 0x0000000086100000|  0%| F|  |TAMS 0x0000000086000000, 0x0000000086000000| Untracked 
|  79|0x0000000086100000, 0x0000000086100000, 0x0000000086200000|  0%| F|  |TAMS 0x0000000086100000, 0x0000000086100000| Untracked 
|  80|0x0000000086200000, 0x0000000086200000, 0x0000000086300000|  0%| F|  |TAMS 0x0000000086200000, 0x0000000086200000| Untracked 
|  81|0x0000000086300000, 0x0000000086300000, 0x0000000086400000|  0%| F|  |TAMS 0x0000000086300000, 0x0000000086300000| Untracked 
|  82|0x0000000086400000, 0x0000000086400000, 0x0000000086500000|  0%| F|  |TAMS 0x0000000086400000, 0x0000000086400000| Untracked 
|  83|0x0000000086500000, 0x0000000086500000, 0x0000000086600000|  0%| F|  |TAMS 0x0000000086500000, 0x0000000086500000| Untracked 
|  84|0x0000000086600000, 0x0000000086600000, 0x0000000086700000|  0%| F|  |TAMS 0x0000000086600000, 0x0000000086600000| Untracked 
|  85|0x0000000086700000, 0x0000000086700000, 0x0000000086800000|  0%| F|  |TAMS 0x0000000086700000, 0x0000000086700000| Untracked 
|  86|0x0000000086800000, 0x0000000086800000, 0x0000000086900000|  0%| F|  |TAMS 0x0000000086800000, 0x0000000086800000| Untracked 
|  87|0x0000000086900000, 0x0000000086941be0, 0x0000000086a00000| 25%| S|CS|TAMS 0x0000000086900000, 0x0000000086900000| Complete 
|  88|0x0000000086a00000, 0x0000000086b00000, 0x0000000086b00000|100%| S|CS|TAMS 0x0000000086a00000, 0x0000000086a00000| Complete 
|  89|0x0000000086b00000, 0x0000000086c00000, 0x0000000086c00000|100%| S|CS|TAMS 0x0000000086b00000, 0x0000000086b00000| Complete 
|  90|0x0000000086c00000, 0x0000000086d00000, 0x0000000086d00000|100%| S|CS|TAMS 0x0000000086c00000, 0x0000000086c00000| Complete 
|  91|0x0000000086d00000, 0x0000000086e00000, 0x0000000086e00000|100%| S|CS|TAMS 0x0000000086d00000, 0x0000000086d00000| Complete 
|  92|0x0000000086e00000, 0x0000000086e00000, 0x0000000086f00000|  0%| F|  |TAMS 0x0000000086e00000, 0x0000000086e00000| Untracked 
|  93|0x0000000086f00000, 0x0000000086f00000, 0x0000000087000000|  0%| F|  |TAMS 0x0000000086f00000, 0x0000000086f00000| Untracked 
|  94|0x0000000087000000, 0x0000000087000000, 0x0000000087100000|  0%| F|  |TAMS 0x0000000087000000, 0x0000000087000000| Untracked 
|  95|0x0000000087100000, 0x0000000087100000, 0x0000000087200000|  0%| F|  |TAMS 0x0000000087100000, 0x0000000087100000| Untracked 
|  96|0x0000000087200000, 0x0000000087200000, 0x0000000087300000|  0%| F|  |TAMS 0x0000000087200000, 0x0000000087200000| Untracked 
|  97|0x0000000087300000, 0x0000000087300000, 0x0000000087400000|  0%| F|  |TAMS 0x0000000087300000, 0x0000000087300000| Untracked 
|  98|0x0000000087400000, 0x0000000087400000, 0x0000000087500000|  0%| F|  |TAMS 0x0000000087400000, 0x0000000087400000| Untracked 
|  99|0x0000000087500000, 0x0000000087500000, 0x0000000087600000|  0%| F|  |TAMS 0x0000000087500000, 0x0000000087500000| Untracked 
| 100|0x0000000087600000, 0x0000000087600000, 0x0000000087700000|  0%| F|  |TAMS 0x0000000087600000, 0x0000000087600000| Untracked 
| 101|0x0000000087700000, 0x0000000087700000, 0x0000000087800000|  0%| F|  |TAMS 0x0000000087700000, 0x0000000087700000| Untracked 
| 102|0x0000000087800000, 0x0000000087800000, 0x0000000087900000|  0%| F|  |TAMS 0x0000000087800000, 0x0000000087800000| Untracked 
| 103|0x0000000087900000, 0x0000000087900000, 0x0000000087a00000|  0%| F|  |TAMS 0x0000000087900000, 0x0000000087900000| Untracked 
| 104|0x0000000087a00000, 0x0000000087a00000, 0x0000000087b00000|  0%| F|  |TAMS 0x0000000087a00000, 0x0000000087a00000| Untracked 
| 105|0x0000000087b00000, 0x0000000087b00000, 0x0000000087c00000|  0%| F|  |TAMS 0x0000000087b00000, 0x0000000087b00000| Untracked 
| 106|0x0000000087c00000, 0x0000000087c00000, 0x0000000087d00000|  0%| F|  |TAMS 0x0000000087c00000, 0x0000000087c00000| Untracked 
| 107|0x0000000087d00000, 0x0000000087d00000, 0x0000000087e00000|  0%| F|  |TAMS 0x0000000087d00000, 0x0000000087d00000| Untracked 
| 108|0x0000000087e00000, 0x0000000087e00000, 0x0000000087f00000|  0%| F|  |TAMS 0x0000000087e00000, 0x0000000087e00000| Untracked 
| 109|0x0000000087f00000, 0x0000000087f00000, 0x0000000088000000|  0%| F|  |TAMS 0x0000000087f00000, 0x0000000087f00000| Untracked 
| 110|0x0000000088000000, 0x0000000088000000, 0x0000000088100000|  0%| F|  |TAMS 0x0000000088000000, 0x0000000088000000| Untracked 
| 111|0x0000000088100000, 0x0000000088100000, 0x0000000088200000|  0%| F|  |TAMS 0x0000000088100000, 0x0000000088100000| Untracked 
| 112|0x0000000088200000, 0x0000000088200000, 0x0000000088300000|  0%| F|  |TAMS 0x0000000088200000, 0x0000000088200000| Untracked 
| 113|0x0000000088300000, 0x0000000088300000, 0x0000000088400000|  0%| F|  |TAMS 0x0000000088300000, 0x0000000088300000| Untracked 
| 114|0x0000000088400000, 0x0000000088400000, 0x0000000088500000|  0%| F|  |TAMS 0x0000000088400000, 0x0000000088400000| Untracked 
| 115|0x0000000088500000, 0x0000000088500000, 0x0000000088600000|  0%| F|  |TAMS 0x0000000088500000, 0x0000000088500000| Untracked 
| 116|0x0000000088600000, 0x0000000088600000, 0x0000000088700000|  0%| F|  |TAMS 0x0000000088600000, 0x0000000088600000| Untracked 
| 117|0x0000000088700000, 0x0000000088700000, 0x0000000088800000|  0%| F|  |TAMS 0x0000000088700000, 0x0000000088700000| Untracked 
| 118|0x0000000088800000, 0x0000000088800000, 0x0000000088900000|  0%| F|  |TAMS 0x0000000088800000, 0x0000000088800000| Untracked 
| 119|0x0000000088900000, 0x0000000088968618, 0x0000000088a00000| 40%| E|  |TAMS 0x0000000088900000, 0x0000000088900000| Complete 
| 120|0x0000000088a00000, 0x0000000088b00000, 0x0000000088b00000|100%| E|CS|TAMS 0x0000000088a00000, 0x0000000088a00000| Complete 
| 121|0x0000000088b00000, 0x0000000088c00000, 0x0000000088c00000|100%| E|CS|TAMS 0x0000000088b00000, 0x0000000088b00000| Complete 
| 122|0x0000000088c00000, 0x0000000088d00000, 0x0000000088d00000|100%| E|CS|TAMS 0x0000000088c00000, 0x0000000088c00000| Complete 
| 123|0x0000000088d00000, 0x0000000088e00000, 0x0000000088e00000|100%| E|CS|TAMS 0x0000000088d00000, 0x0000000088d00000| Complete 
| 124|0x0000000088e00000, 0x0000000088f00000, 0x0000000088f00000|100%| E|CS|TAMS 0x0000000088e00000, 0x0000000088e00000| Complete 
| 125|0x0000000088f00000, 0x0000000089000000, 0x0000000089000000|100%| E|CS|TAMS 0x0000000088f00000, 0x0000000088f00000| Complete 
| 126|0x0000000089000000, 0x0000000089100000, 0x0000000089100000|100%| E|CS|TAMS 0x0000000089000000, 0x0000000089000000| Complete 
| 127|0x0000000089100000, 0x0000000089200000, 0x0000000089200000|100%| E|CS|TAMS 0x0000000089100000, 0x0000000089100000| Complete 

Card table byte_map: [0x000002294cc30000,0x000002294d030000] _byte_map_base: 0x000002294c827000

Marking Bits (Prev, Next): (CMBitMap*) 0x00000229355eac60, (CMBitMap*) 0x00000229355eaca0
 Prev Bits: [0x000002294d430000, 0x000002294f3e8000)
 Next Bits: [0x000002294f3f0000, 0x00000229513a8000)

Polling page: 0x00000229334c0000

Metaspace:

Usage:
  Non-class:     13.36 MB used.
      Class:      2.30 MB used.
       Both:     15.67 MB used.

Virtual space:
  Non-class space:       64.00 MB reserved,      13.56 MB ( 21%) committed,  1 nodes.
      Class space:        1.00 GB reserved,       2.44 MB ( <1%) committed,  1 nodes.
             Both:        1.06 GB reserved,      16.00 MB (  1%) committed. 

Chunk freelists:
   Non-Class:  1.84 MB
       Class:  1.40 MB
        Both:  3.24 MB

MaxMetaspaceSize: unlimited
CompressedClassSpaceSize: 1.00 GB
Initial GC threshold: 21.00 MB
Current GC threshold: 21.00 MB
CDS: on
MetaspaceReclaimPolicy: balanced
 - commit_granule_bytes: 65536.
 - commit_granule_words: 8192.
 - virtual_space_node_default_size: 8388608.
 - enlarge_chunks_in_place: 1.
 - new_chunks_are_fully_committed: 0.
 - uncommit_free_chunks: 1.
 - use_allocation_guard: 0.


Internal statistics:

num_allocs_failed_limit: 0.
num_arena_births: 328.
num_arena_deaths: 0.
num_vsnodes_births: 2.
num_vsnodes_deaths: 0.
num_space_committed: 256.
num_space_uncommitted: 0.
num_chunks_returned_to_freelist: 0.
num_chunks_taken_from_freelist: 851.
num_chunk_merges: 0.
num_chunk_splits: 619.
num_chunks_enlarged: 487.
num_inconsistent_stats: 0.

CodeHeap 'non-profiled nmethods': size=120000Kb used=1265Kb max_used=1265Kb free=118734Kb
 bounds [0x0000022944fd0000, 0x0000022945240000, 0x000002294c500000]
CodeHeap 'profiled nmethods': size=120000Kb used=5616Kb max_used=5616Kb free=114384Kb
 bounds [0x000002293d500000, 0x000002293da80000, 0x0000022944a30000]
CodeHeap 'non-nmethods': size=5760Kb used=1543Kb max_used=1613Kb free=4216Kb
 bounds [0x0000022944a30000, 0x0000022944ca0000, 0x0000022944fd0000]
 total_blobs=3762 nmethods=2934 adapters=737
 compilation: enabled
              stopped_count=0, restarted_count=0
 full_count=0

Compilation events (20 events):
Event: 18.010 Thread 0x0000022953de2570 nmethod 2928 0x000002293da77b90 code [0x000002293da77d60, 0x000002293da780b8]
Event: 18.010 Thread 0x0000022953de1a60 nmethod 2913 0x0000022945109d90 code [0x0000022945109fa0, 0x000002294510a780]
Event: 18.011 Thread 0x0000022953de1a60 2924       4       javafx.scene.layout.Pane::getConstraint (26 bytes)
Event: 18.029 Thread 0x0000022953de1a60 nmethod 2924 0x000002294510ae90 code [0x000002294510b060, 0x000002294510b438]
Event: 18.029 Thread 0x0000022953de1a60 2914       4       com.sun.javafx.css.ParsedValueImpl::convert (24 bytes)
Event: 18.030 Thread 0x0000022953de1a60 nmethod 2914 0x000002294510b810 code [0x000002294510b9a0, 0x000002294510ba58]
Event: 18.030 Thread 0x0000022953de1a60 2923       4       javafx.scene.Node::hasProperties (25 bytes)
Event: 18.031 Thread 0x0000022953de1a60 nmethod 2923 0x000002294510bb10 code [0x000002294510bca0, 0x000002294510bdb8]
Event: 18.052 Thread 0x0000022953de2570 2929       3       javafx.beans.property.ReadOnlyBooleanWrapper::fireValueChangedEvent (19 bytes)
Event: 18.053 Thread 0x0000022953de2570 nmethod 2929 0x000002293da78190 code [0x000002293da78380, 0x000002293da788d8]
Event: 18.054 Thread 0x0000022953de2570 2930       3       com.sun.prism.impl.BaseResourcePool$WeakLinkedList::getResource (11 bytes)
Event: 18.055 Thread 0x0000022953de2570 nmethod 2930 0x000002293da78a90 code [0x000002293da78c40, 0x000002293da78f18]
Event: 18.094 Thread 0x0000022953de2570 2932       3       jdk.internal.misc.Unsafe::putIntOpaque (9 bytes)
Event: 18.094 Thread 0x0000022953de2570 nmethod 2932 0x000002293da79010 code [0x000002293da791a0, 0x000002293da792b8]
Event: 18.103 Thread 0x0000022953de2570 2934       3       javafx.scene.Node$$Lambda$107/0x00000008010bfb38::changed (17 bytes)
Event: 18.105 Thread 0x0000022953de2570 nmethod 2934 0x000002293da79390 code [0x000002293da79600, 0x000002293da7a3d8]
Event: 18.105 Thread 0x0000022953de2570 2935       3       javafx.scene.Node::lambda$new$2 (5 bytes)
Event: 18.107 Thread 0x0000022953de2570 nmethod 2935 0x000002293da7a810 code [0x000002293da7aa60, 0x000002293da7b5f8]
Event: 18.121 Thread 0x0000022953de2570 2936       3       java.security.AccessController::doPrivileged (9 bytes)
Event: 18.122 Thread 0x0000022953de2570 nmethod 2936 0x000002293da7b990 code [0x000002293da7bb60, 0x000002293da7be98]

GC Heap History (4 events):
Event: 1.516 GC heap before
{Heap before GC invocations=0 (full 0):
 garbage-first heap   total 131072K, used 22528K [0x0000000081200000, 0x0000000100000000)
  region size 1024K, 23 young (23552K), 0 survivors (0K)
 Metaspace       used 5796K, committed 6016K, reserved 1114112K
  class space    used 696K, committed 832K, reserved 1048576K
}
Event: 1.521 GC heap after
{Heap after GC invocations=1 (full 0):
 garbage-first heap   total 131072K, used 3020K [0x0000000081200000, 0x0000000100000000)
  region size 1024K, 3 young (3072K), 3 survivors (3072K)
 Metaspace       used 5796K, committed 6016K, reserved 1114112K
  class space    used 696K, committed 832K, reserved 1048576K
}
Event: 6.476 GC heap before
{Heap before GC invocations=1 (full 0):
 garbage-first heap   total 131072K, used 47052K [0x0000000081200000, 0x0000000100000000)
  region size 1024K, 36 young (36864K), 3 survivors (3072K)
 Metaspace       used 14435K, committed 14720K, reserved 1114112K
  class space    used 2107K, committed 2240K, reserved 1048576K
}
Event: 6.489 GC heap after
{Heap after GC invocations=2 (full 0):
 garbage-first heap   total 131072K, used 18233K [0x0000000081200000, 0x0000000100000000)
  region size 1024K, 5 young (5120K), 5 survivors (5120K)
 Metaspace       used 14435K, committed 14720K, reserved 1114112K
  class space    used 2107K, committed 2240K, reserved 1048576K
}

Dll operation events (20 events):
Event: 0.875 Loaded shared library C:\Users\Gabriel\.openjfx\cache\13\api-ms-win-crt-filesystem-l1-1-0.dll
Event: 0.883 Loaded shared library C:\Users\Gabriel\.openjfx\cache\13\api-ms-win-crt-heap-l1-1-0.dll
Event: 0.887 Loaded shared library C:\Users\Gabriel\.openjfx\cache\13\api-ms-win-crt-locale-l1-1-0.dll
Event: 0.891 Loaded shared library C:\Users\Gabriel\.openjfx\cache\13\api-ms-win-crt-math-l1-1-0.dll
Event: 0.900 Loaded shared library C:\Users\Gabriel\.openjfx\cache\13\api-ms-win-crt-multibyte-l1-1-0.dll
Event: 0.908 Loaded shared library C:\Users\Gabriel\.openjfx\cache\13\api-ms-win-crt-private-l1-1-0.dll
Event: 0.915 Loaded shared library C:\Users\Gabriel\.openjfx\cache\13\api-ms-win-crt-process-l1-1-0.dll
Event: 0.921 Loaded shared library C:\Users\Gabriel\.openjfx\cache\13\api-ms-win-crt-runtime-l1-1-0.dll
Event: 0.925 Loaded shared library C:\Users\Gabriel\.openjfx\cache\13\api-ms-win-crt-stdio-l1-1-0.dll
Event: 0.932 Loaded shared library C:\Users\Gabriel\.openjfx\cache\13\api-ms-win-crt-string-l1-1-0.dll
Event: 0.937 Loaded shared library C:\Users\Gabriel\.openjfx\cache\13\api-ms-win-crt-time-l1-1-0.dll
Event: 0.940 Loaded shared library C:\Users\Gabriel\.openjfx\cache\13\api-ms-win-crt-utility-l1-1-0.dll
Event: 0.970 Loaded shared library C:\Users\Gabriel\.openjfx\cache\13\ucrtbase.dll
Event: 0.974 Loaded shared library C:\Users\Gabriel\.openjfx\cache\13\vcruntime140.dll
Event: 0.992 Loaded shared library C:\Users\Gabriel\.openjfx\cache\13\msvcp140.dll
Event: 1.005 Loaded shared library C:\Users\Gabriel\.openjfx\cache\13\concrt140.dll
Event: 1.073 Loaded shared library C:\Users\Gabriel\.openjfx\cache\13\prism_d3d.dll
Event: 1.155 Loaded shared library C:\Users\Gabriel\.openjfx\cache\13\glass.dll
Event: 1.574 Loaded shared library C:\Users\Gabriel\.openjfx\cache\13\javafx_font.dll
Event: 2.373 Loaded shared library C:\Program Files\Java\jdk-19\bin\jimage.dll

Deoptimization events (20 events):
Event: 3.757 Thread 0x00000229580aaf50 DEOPT PACKING pc=0x000002294503bcc8 sp=0x000000e19f9fda70
Event: 3.757 Thread 0x00000229580aaf50 DEOPT UNPACKING pc=0x0000022944a96da3 sp=0x000000e19f9fd978 mode 2
Event: 3.757 Thread 0x00000229580aaf50 Uncommon trap: trap_request=0xffffff45 fr.pc=0x00000229450397d8 relative=0x0000000000000418
Event: 3.757 Thread 0x00000229580aaf50 Uncommon trap: reason=unstable_if action=reinterpret pc=0x00000229450397d8 method=java.io.BufferedInputStream.fill()V @ 189 c2
Event: 3.757 Thread 0x00000229580aaf50 DEOPT PACKING pc=0x00000229450397d8 sp=0x000000e19f9fd980
Event: 3.757 Thread 0x00000229580aaf50 DEOPT UNPACKING pc=0x0000022944a96da3 sp=0x000000e19f9fd8d8 mode 2
Event: 4.005 Thread 0x00000229580aaf50 DEOPT PACKING pc=0x000002293d8a95c4 sp=0x000000e19f9fdcf0
Event: 4.005 Thread 0x00000229580aaf50 DEOPT UNPACKING pc=0x0000022944a97543 sp=0x000000e19f9fd148 mode 0
Event: 4.009 Thread 0x00000229580aaf50 DEOPT PACKING pc=0x000002293d8a95c4 sp=0x000000e19f9fd720
Event: 4.009 Thread 0x00000229580aaf50 DEOPT UNPACKING pc=0x0000022944a97543 sp=0x000000e19f9fcb78 mode 0
Event: 4.011 Thread 0x00000229580aaf50 DEOPT PACKING pc=0x000002293d8a95c4 sp=0x000000e19f9fd720
Event: 4.011 Thread 0x00000229580aaf50 DEOPT UNPACKING pc=0x0000022944a97543 sp=0x000000e19f9fcb78 mode 0
Event: 6.955 Thread 0x00000229580aaf50 DEOPT PACKING pc=0x000002293d8bb477 sp=0x000000e19f9fe050
Event: 6.955 Thread 0x00000229580aaf50 DEOPT UNPACKING pc=0x0000022944a97543 sp=0x000000e19f9fd470 mode 0
Event: 6.989 Thread 0x00000229580aaf50 DEOPT PACKING pc=0x000002293d8b8bc2 sp=0x000000e19f9fdd30
Event: 6.989 Thread 0x00000229580aaf50 DEOPT UNPACKING pc=0x0000022944a97543 sp=0x000000e19f9fd1c0 mode 0
Event: 6.998 Thread 0x00000229580aaf50 DEOPT PACKING pc=0x000002293d8ba4fb sp=0x000000e19f9fdae0
Event: 6.998 Thread 0x00000229580aaf50 DEOPT UNPACKING pc=0x0000022944a97543 sp=0x000000e19f9fcea8 mode 0
Event: 7.286 Thread 0x00000229580aaf50 DEOPT PACKING pc=0x000002293d99abfc sp=0x000000e19f9fdc10
Event: 7.286 Thread 0x00000229580aaf50 DEOPT UNPACKING pc=0x0000022944a97543 sp=0x000000e19f9fd048 mode 0

Classes loaded (20 events):
Event: 3.823 Loading class jdk/internal/ref/CleanerImpl$InnocuousThreadFactory
Event: 3.823 Loading class jdk/internal/ref/CleanerImpl$InnocuousThreadFactory done
Event: 3.837 Loading class sun/misc/Unsafe
Event: 3.838 Loading class sun/misc/Unsafe done
Event: 3.838 Loading class java/lang/invoke/DirectMethodHandle$StaticAccessor
Event: 3.838 Loading class java/lang/invoke/DirectMethodHandle$StaticAccessor done
Event: 3.911 Loading class java/util/EnumMap$Values
Event: 3.911 Loading class java/util/EnumMap$Values done
Event: 3.911 Loading class java/util/EnumMap$ValueIterator
Event: 3.911 Loading class java/util/EnumMap$EnumMapIterator
Event: 3.911 Loading class java/util/EnumMap$EnumMapIterator done
Event: 3.911 Loading class java/util/EnumMap$ValueIterator done
Event: 6.363 Loading class java/io/UnsupportedEncodingException
Event: 6.363 Loading class java/io/UnsupportedEncodingException done
Event: 6.546 Loading class java/util/BitSet$1BitSetSpliterator
Event: 6.546 Loading class java/util/BitSet$1BitSetSpliterator done
Event: 6.548 Loading class java/util/stream/IntPipeline$1
Event: 6.548 Loading class java/util/stream/IntPipeline$1 done
Event: 6.548 Loading class java/util/stream/IntPipeline$1$1
Event: 6.549 Loading class java/util/stream/IntPipeline$1$1 done

Classes unloaded (0 events):
No events

Classes redefined (0 events):
No events

Internal exceptions (20 events):
Event: 2.771 Thread 0x00000229580ac490 Exception <a 'java/lang/IncompatibleClassChangeError'{0x0000000087f140f8}: Found class java.lang.Object, but interface was expected> (0x0000000087f140f8) 
thrown [s\open\src\hotspot\share\interpreter\linkResolver.cpp, line 841]
Event: 2.879 Thread 0x00000229580ac490 Exception <a 'java/lang/NoSuchMethodError'{0x0000000087e63e00}: 'int java.lang.invoke.DirectMethodHandle$Holder.invokeSpecial(java.lang.Object, java.lang.Object, int)'> (0x0000000087e63e00) 
thrown [s\open\src\hotspot\share\interpreter\linkResolver.cpp, line 774]
Event: 2.886 Thread 0x00000229580ac490 Exception <a 'java/lang/NoSuchMethodError'{0x0000000087e6bdb8}: 'int java.lang.invoke.DirectMethodHandle$Holder.invokeSpecial(java.lang.Object, java.lang.Object, java.lang.Object, int)'> (0x0000000087e6bdb8) 
thrown [s\open\src\hotspot\share\interpreter\linkResolver.cpp, line 774]
Event: 2.888 Thread 0x00000229580ac490 Exception <a 'java/lang/NoSuchMethodError'{0x0000000087e7e1e0}: 'java.lang.Object java.lang.invoke.DirectMethodHandle$Holder.invokeStatic(java.lang.Object, java.lang.Object, java.lang.Object, java.lang.Object, int)'> (0x0000000087e7e1e0) 
thrown [s\open\src\hotspot\share\interpreter\linkResolver.cpp, line 774]
Event: 2.889 Thread 0x00000229580ac490 Exception <a 'java/lang/NoSuchMethodError'{0x0000000087e87000}: 'int java.lang.invoke.DirectMethodHandle$Holder.invokeSpecial(java.lang.Object, java.lang.Object, java.lang.Object)'> (0x0000000087e87000) 
thrown [s\open\src\hotspot\share\interpreter\linkResolver.cpp, line 774]
Event: 2.951 Thread 0x00000229580ac490 Exception <a 'java/lang/NoSuchMethodError'{0x0000000087d3e300}: 'java.lang.Object java.lang.invoke.DirectMethodHandle$Holder.newInvokeSpecial(java.lang.Object, java.lang.Object, int)'> (0x0000000087d3e300) 
thrown [s\open\src\hotspot\share\interpreter\linkResolver.cpp, line 774]
Event: 3.130 Thread 0x00000229580ac490 Exception <a 'java/lang/ClassNotFoundException'{0x0000000087b98050}: com/sun/javafx/scene/control/skin/resources/controls> (0x0000000087b98050) 
thrown [s\open\src\hotspot\share\prims\jni.cpp, line 536]
Event: 3.135 Thread 0x00000229580ac490 Exception <a 'java/lang/ClassNotFoundException'{0x0000000087ba5988}: com/sun/javafx/scene/control/skin/resources/controls_pt> (0x0000000087ba5988) 
thrown [s\open\src\hotspot\share\prims\jni.cpp, line 536]
Event: 3.136 Thread 0x00000229580ac490 Exception <a 'java/lang/ClassNotFoundException'{0x0000000087ba6930}: com/sun/javafx/scene/control/skin/resources/controls_pt_BR> (0x0000000087ba6930) 
thrown [s\open\src\hotspot\share\prims\jni.cpp, line 536]
Event: 3.243 Thread 0x00000229580ac490 Exception <a 'java/lang/NoSuchMethodError'{0x0000000087626270}: 'void java.lang.invoke.DirectMethodHandle$Holder.invokeSpecial(java.lang.Object, java.lang.Object, java.lang.Object, java.lang.Object, java.lang.Object, java.lang.Object)'> (0x0000000087626270) 
thrown [s\open\src\hotspot\share\interpreter\linkResolver.cpp, line 774]
Event: 3.721 Thread 0x00000229580aaf50 Exception <a 'java/lang/NoSuchMethodError'{0x00000000872d2d10}: 'int java.lang.invoke.DirectMethodHandle$Holder.invokeStaticInit(java.lang.Object, java.lang.Object)'> (0x00000000872d2d10) 
thrown [s\open\src\hotspot\share\interpreter\linkResolver.cpp, line 774]
Event: 3.756 Thread 0x00000229580aaf50 Exception <a 'java/lang/NoSuchMethodError'{0x0000000087157090}: 'java.lang.Object java.lang.invoke.Invokers$Holder.invokeExact_MT(java.lang.Object, java.lang.Object, java.lang.Object, java.lang.Object, java.lang.Object)'> (0x0000000087157090) 
thrown [s\open\src\hotspot\share\interpreter\linkResolver.cpp, line 774]
Event: 6.381 Thread 0x00000229580ac490 Exception <a 'java/lang/NoSuchMethodError'{0x0000000086ea5b28}: 'long java.lang.invoke.DirectMethodHandle$Holder.invokeStatic(java.lang.Object, java.lang.Object, java.lang.Object)'> (0x0000000086ea5b28) 
thrown [s\open\src\hotspot\share\interpreter\linkResolver.cpp, line 774]
Event: 6.382 Thread 0x00000229580ac490 Exception <a 'java/lang/NoSuchMethodError'{0x0000000086ea9450}: 'long java.lang.invoke.DirectMethodHandle$Holder.invokeStaticInit(java.lang.Object, java.lang.Object, java.lang.Object)'> (0x0000000086ea9450) 
thrown [s\open\src\hotspot\share\interpreter\linkResolver.cpp, line 774]
Event: 6.385 Thread 0x00000229580ac490 Exception <a 'java/lang/NoSuchMethodError'{0x0000000086ec1df0}: 'java.lang.Object java.lang.invoke.DirectMethodHandle$Holder.newInvokeSpecial(java.lang.Object, java.lang.Object, long)'> (0x0000000086ec1df0) 
thrown [s\open\src\hotspot\share\interpreter\linkResolver.cpp, line 774]
Event: 6.386 Thread 0x00000229580ac490 Exception <a 'java/lang/NoSuchMethodError'{0x0000000086ec5978}: 'java.lang.Object java.lang.invoke.Invokers$Holder.linkToTargetMethod(java.lang.Object, long, java.lang.Object)'> (0x0000000086ec5978) 
thrown [s\open\src\hotspot\share\interpreter\linkResolver.cpp, line 774]
Event: 6.580 Thread 0x00000229580ac490 Exception <a 'java/lang/NoSuchMethodError'{0x0000000088f01380}: 'void java.lang.invoke.DirectMethodHandle$Holder.invokeSpecialIFC(java.lang.Object, java.lang.Object, java.lang.Object, java.lang.Object)'> (0x0000000088f01380) 
thrown [s\open\src\hotspot\share\interpreter\linkResolver.cpp, line 774]
Event: 7.834 Thread 0x00000229580ac490 Exception <a 'java/lang/NoSuchMethodError'{0x0000000088b97188}: 'java.lang.Object java.lang.invoke.DirectMethodHandle$Holder.newInvokeSpecial(java.lang.Object, java.lang.Object, int, int, int, int, int, java.lang.Object)'> (0x0000000088b97188) 
thrown [s\open\src\hotspot\share\interpreter\linkResolver.cpp, line 774]
Event: 7.837 Thread 0x00000229580ac490 Exception <a 'java/lang/NoSuchMethodError'{0x0000000088baa420}: 'java.lang.Object java.lang.invoke.DirectMethodHandle$Holder.newInvokeSpecial(java.lang.Object, java.lang.Object, java.lang.Object, int, int, int, int, int)'> (0x0000000088baa420) 
thrown [s\open\src\hotspot\share\interpreter\linkResolver.cpp, line 774]
Event: 7.838 Thread 0x00000229580ac490 Exception <a 'java/lang/NoSuchMethodError'{0x0000000088bb1f40}: 'java.lang.Object java.lang.invoke.Invokers$Holder.linkToTargetMethod(java.lang.Object, java.lang.Object, int, int, int, int, int, java.lang.Object)'> (0x0000000088bb1f40) 
thrown [s\open\src\hotspot\share\interpreter\linkResolver.cpp, line 774]

VM Operations (20 events):
Event: 6.548 Executing VM operation: HandshakeAllThreads done
Event: 7.548 Executing VM operation: Cleanup
Event: 7.548 Executing VM operation: Cleanup done
Event: 8.548 Executing VM operation: Cleanup
Event: 8.549 Executing VM operation: Cleanup done
Event: 9.549 Executing VM operation: Cleanup
Event: 9.549 Executing VM operation: Cleanup done
Event: 10.549 Executing VM operation: Cleanup
Event: 10.549 Executing VM operation: Cleanup done
Event: 11.550 Executing VM operation: Cleanup
Event: 11.550 Executing VM operation: Cleanup done
Event: 14.552 Executing VM operation: Cleanup
Event: 14.552 Executing VM operation: Cleanup done
Event: 15.553 Executing VM operation: Cleanup
Event: 15.553 Executing VM operation: Cleanup done
Event: 16.553 Executing VM operation: Cleanup
Event: 16.553 Executing VM operation: Cleanup done
Event: 17.554 Executing VM operation: Cleanup
Event: 17.554 Executing VM operation: Cleanup done
Event: 18.122 Executing VM operation: Exit

Events (20 events):
Event: 1.058 Thread 0x00000229580aaf50 Thread added: 0x00000229580aaf50
Event: 1.157 Thread 0x00000229580abf40 Thread added: 0x00000229580abf40
Event: 1.166 Thread 0x00000229580ac490 Thread added: 0x00000229580ac490
Event: 1.274 Thread 0x00000229580ad480 Thread added: 0x00000229580ad480
Event: 1.339 Thread 0x00000229580a9f60 Thread added: 0x00000229580a9f60
Event: 1.616 Thread 0x000002295911b010 Thread added: 0x000002295911b010
Event: 1.621 Thread 0x00000229591e5ed0 Thread added: 0x00000229591e5ed0
Event: 2.635 Thread 0x00000229591e5ed0 Thread exited: 0x00000229591e5ed0
Event: 2.764 Thread 0x00000229580aa4b0 Thread added: 0x00000229580aa4b0
Event: 3.310 Thread 0x000002295911b010 Thread exited: 0x000002295911b010
Event: 3.823 Thread 0x00000229580ab9f0 Thread added: 0x00000229580ab9f0
Event: 6.490 Thread 0x00000229593488b0 Thread added: 0x00000229593488b0
Event: 6.787 Thread 0x0000022958f96c10 Thread added: 0x0000022958f96c10
Event: 7.767 Thread 0x0000022958f96c10 Thread exited: 0x0000022958f96c10
Event: 7.767 Thread 0x00000229593488b0 Thread exited: 0x00000229593488b0
Event: 18.104 Thread 0x000002295933ecc0 Thread added: 0x000002295933ecc0
Event: 18.104 Thread 0x000002295933e770 Thread added: 0x000002295933e770
Event: 18.106 Thread 0x000002295933ecc0 Thread exited: 0x000002295933ecc0
Event: 18.122 Thread 0x000002295933e770 Thread exited: 0x000002295933e770
Event: 18.122 Thread 0x0000022953dd8c60 Thread exited: 0x0000022953dd8c60


Dynamic libraries:
0x00007ff6bc370000 - 0x00007ff6bc380000 	C:\Program Files\Java\jdk-19\bin\java.exe
0x00007ffbe8630000 - 0x00007ffbe8828000 	C:\Windows\SYSTEM32\ntdll.dll
0x00007ffbe69e0000 - 0x00007ffbe6a9f000 	C:\Windows\System32\KERNEL32.DLL
0x00007ffbe6170000 - 0x00007ffbe6442000 	C:\Windows\System32\KERNELBASE.dll
0x00007ffbe6530000 - 0x00007ffbe6630000 	C:\Windows\System32\ucrtbase.dll
0x00007ffbd2200000 - 0x00007ffbd221b000 	C:\Program Files\Java\jdk-19\bin\VCRUNTIME140.dll
0x00007ffbcbd70000 - 0x00007ffbcbd88000 	C:\Program Files\Java\jdk-19\bin\jli.dll
0x00007ffbe6bd0000 - 0x00007ffbe6c7e000 	C:\Windows\System32\ADVAPI32.dll
0x00007ffbe8420000 - 0x00007ffbe84be000 	C:\Windows\System32\msvcrt.dll
0x00007ffbe6fb0000 - 0x00007ffbe704c000 	C:\Windows\System32\sechost.dll
0x00007ffbe84c0000 - 0x00007ffbe85e5000 	C:\Windows\System32\RPCRT4.dll
0x00007ffbe8200000 - 0x00007ffbe839d000 	C:\Windows\System32\USER32.dll
0x00007ffbd70e0000 - 0x00007ffbd737a000 	C:\Windows\WinSxS\amd64_microsoft.windows.common-controls_6595b64144ccf1df_6.0.19041.1110_none_60b5254171f9507e\COMCTL32.dll
0x00007ffbe6450000 - 0x00007ffbe6472000 	C:\Windows\System32\win32u.dll
0x00007ffbe81d0000 - 0x00007ffbe81fb000 	C:\Windows\System32\GDI32.dll
0x00007ffbe5f20000 - 0x00007ffbe602f000 	C:\Windows\System32\gdi32full.dll
0x00007ffbe6060000 - 0x00007ffbe60fd000 	C:\Windows\System32\msvcp_win.dll
0x00007ffbdde50000 - 0x00007ffbdde5a000 	C:\Windows\SYSTEM32\VERSION.dll
0x00007ffbe6dc0000 - 0x00007ffbe6df2000 	C:\Windows\System32\IMM32.DLL
0x00007ffbdfca0000 - 0x00007ffbdfcac000 	C:\Program Files\Java\jdk-19\bin\vcruntime140_1.dll
0x00007ffbb8ab0000 - 0x00007ffbb8b3e000 	C:\Program Files\Java\jdk-19\bin\msvcp140.dll
0x00007ffb75500000 - 0x00007ffb761c0000 	C:\Program Files\Java\jdk-19\bin\server\jvm.dll
0x00007ffbe0400000 - 0x00007ffbe0409000 	C:\Windows\SYSTEM32\WSOCK32.dll
0x00007ffbd8810000 - 0x00007ffbd8837000 	C:\Windows\SYSTEM32\WINMM.dll
0x00007ffbe83a0000 - 0x00007ffbe840b000 	C:\Windows\System32\WS2_32.dll
0x00007ffbe4570000 - 0x00007ffbe4582000 	C:\Windows\SYSTEM32\kernel.appcore.dll
0x00007ffbded50000 - 0x00007ffbded5a000 	C:\Program Files\Java\jdk-19\bin\jimage.dll
0x00007ffbd2850000 - 0x00007ffbd2a34000 	C:\Windows\SYSTEM32\DBGHELP.DLL
0x00007ffbd23f0000 - 0x00007ffbd241c000 	C:\Windows\SYSTEM32\dbgcore.DLL
0x00007ffbe5d30000 - 0x00007ffbe5db2000 	C:\Windows\System32\bcryptPrimitives.dll
0x00007ffbc1920000 - 0x00007ffbc1946000 	C:\Program Files\Java\jdk-19\bin\java.dll
0x00007ffbb7a00000 - 0x00007ffbb7ad7000 	C:\Program Files\Java\jdk-19\bin\jsvml.dll
0x00007ffbe7810000 - 0x00007ffbe7f53000 	C:\Windows\System32\SHELL32.dll
0x00007ffbe3dd0000 - 0x00007ffbe4562000 	C:\Windows\SYSTEM32\windows.storage.dll
0x00007ffbe6680000 - 0x00007ffbe69d4000 	C:\Windows\System32\combase.dll
0x00007ffbe5790000 - 0x00007ffbe57c0000 	C:\Windows\SYSTEM32\Wldp.dll
0x00007ffbe6d10000 - 0x00007ffbe6dbd000 	C:\Windows\System32\SHCORE.dll
0x00007ffbe8090000 - 0x00007ffbe80e5000 	C:\Windows\System32\shlwapi.dll
0x00007ffbe5c70000 - 0x00007ffbe5c8f000 	C:\Windows\SYSTEM32\profapi.dll
0x00007ffbc8700000 - 0x00007ffbc8713000 	C:\Program Files\Java\jdk-19\bin\net.dll
0x00007ffbd9bd0000 - 0x00007ffbd9cdc000 	C:\Windows\SYSTEM32\WINHTTP.dll
0x00007ffbe54f0000 - 0x00007ffbe555a000 	C:\Windows\system32\mswsock.dll
0x00007ffbc7e60000 - 0x00007ffbc7e76000 	C:\Program Files\Java\jdk-19\bin\nio.dll
0x00007ffbc1900000 - 0x00007ffbc1918000 	C:\Program Files\Java\jdk-19\bin\zip.dll
0x00000229354a0000 - 0x00000229354a3000 	C:\Users\Gabriel\.openjfx\cache\13\api-ms-win-core-console-l1-1-0.dll
0x00000229354b0000 - 0x00000229354b3000 	C:\Users\Gabriel\.openjfx\cache\13\api-ms-win-core-datetime-l1-1-0.dll
0x00000229354c0000 - 0x00000229354c3000 	C:\Users\Gabriel\.openjfx\cache\13\api-ms-win-core-debug-l1-1-0.dll
0x00000229354d0000 - 0x00000229354d3000 	C:\Users\Gabriel\.openjfx\cache\13\api-ms-win-core-errorhandling-l1-1-0.dll
0x00000229354e0000 - 0x00000229354e4000 	C:\Users\Gabriel\.openjfx\cache\13\api-ms-win-core-file-l1-1-0.dll
0x00000229354f0000 - 0x00000229354f3000 	C:\Users\Gabriel\.openjfx\cache\13\api-ms-win-core-file-l1-2-0.dll
0x0000022935500000 - 0x0000022935503000 	C:\Users\Gabriel\.openjfx\cache\13\api-ms-win-core-file-l2-1-0.dll
0x0000022935510000 - 0x0000022935513000 	C:\Users\Gabriel\.openjfx\cache\13\api-ms-win-core-handle-l1-1-0.dll
0x0000022935520000 - 0x0000022935523000 	C:\Users\Gabriel\.openjfx\cache\13\api-ms-win-core-heap-l1-1-0.dll
0x0000022935530000 - 0x0000022935533000 	C:\Users\Gabriel\.openjfx\cache\13\api-ms-win-core-interlocked-l1-1-0.dll
0x0000022935540000 - 0x0000022935543000 	C:\Users\Gabriel\.openjfx\cache\13\api-ms-win-core-libraryloader-l1-1-0.dll
0x0000022935550000 - 0x0000022935553000 	C:\Users\Gabriel\.openjfx\cache\13\api-ms-win-core-localization-l1-2-0.dll
0x0000022953f60000 - 0x0000022953f63000 	C:\Users\Gabriel\.openjfx\cache\13\api-ms-win-core-memory-l1-1-0.dll
0x0000022953f70000 - 0x0000022953f73000 	C:\Users\Gabriel\.openjfx\cache\13\api-ms-win-core-namedpipe-l1-1-0.dll
0x0000022953f80000 - 0x0000022953f83000 	C:\Users\Gabriel\.openjfx\cache\13\api-ms-win-core-processenvironment-l1-1-0.dll
0x0000022953f90000 - 0x0000022953f93000 	C:\Users\Gabriel\.openjfx\cache\13\api-ms-win-core-processthreads-l1-1-0.dll
0x0000022953fa0000 - 0x0000022953fa3000 	C:\Users\Gabriel\.openjfx\cache\13\api-ms-win-core-processthreads-l1-1-1.dll
0x0000022953fb0000 - 0x0000022953fb3000 	C:\Users\Gabriel\.openjfx\cache\13\api-ms-win-core-profile-l1-1-0.dll
0x0000022953fc0000 - 0x0000022953fc3000 	C:\Users\Gabriel\.openjfx\cache\13\api-ms-win-core-rtlsupport-l1-1-0.dll
0x0000022953fd0000 - 0x0000022953fd3000 	C:\Users\Gabriel\.openjfx\cache\13\api-ms-win-core-string-l1-1-0.dll
0x0000022953fe0000 - 0x0000022953fe3000 	C:\Users\Gabriel\.openjfx\cache\13\api-ms-win-core-synch-l1-1-0.dll
0x0000022953ff0000 - 0x0000022953ff3000 	C:\Users\Gabriel\.openjfx\cache\13\api-ms-win-core-synch-l1-2-0.dll
0x0000022959bd0000 - 0x0000022959bd3000 	C:\Users\Gabriel\.openjfx\cache\13\api-ms-win-core-sysinfo-l1-1-0.dll
0x0000022959be0000 - 0x0000022959be3000 	C:\Users\Gabriel\.openjfx\cache\13\api-ms-win-core-timezone-l1-1-0.dll
0x0000022959bf0000 - 0x0000022959bf3000 	C:\Users\Gabriel\.openjfx\cache\13\api-ms-win-core-util-l1-1-0.dll
0x0000022959c00000 - 0x0000022959c03000 	C:\Users\Gabriel\.openjfx\cache\13\api-ms-win-crt-conio-l1-1-0.dll
0x0000022959c10000 - 0x0000022959c14000 	C:\Users\Gabriel\.openjfx\cache\13\api-ms-win-crt-convert-l1-1-0.dll
0x0000022959c20000 - 0x0000022959c23000 	C:\Users\Gabriel\.openjfx\cache\13\api-ms-win-crt-environment-l1-1-0.dll
0x0000022959c30000 - 0x0000022959c33000 	C:\Users\Gabriel\.openjfx\cache\13\api-ms-win-crt-filesystem-l1-1-0.dll
0x0000022959c40000 - 0x0000022959c43000 	C:\Users\Gabriel\.openjfx\cache\13\api-ms-win-crt-heap-l1-1-0.dll
0x0000022959c50000 - 0x0000022959c53000 	C:\Users\Gabriel\.openjfx\cache\13\api-ms-win-crt-locale-l1-1-0.dll
0x0000022959c60000 - 0x0000022959c65000 	C:\Users\Gabriel\.openjfx\cache\13\api-ms-win-crt-math-l1-1-0.dll
0x0000022959c70000 - 0x0000022959c75000 	C:\Users\Gabriel\.openjfx\cache\13\api-ms-win-crt-multibyte-l1-1-0.dll
0x0000022959c80000 - 0x0000022959c90000 	C:\Users\Gabriel\.openjfx\cache\13\api-ms-win-crt-private-l1-1-0.dll
0x0000022959c90000 - 0x0000022959c93000 	C:\Users\Gabriel\.openjfx\cache\13\api-ms-win-crt-process-l1-1-0.dll
0x0000022959ca0000 - 0x0000022959ca4000 	C:\Users\Gabriel\.openjfx\cache\13\api-ms-win-crt-runtime-l1-1-0.dll
0x0000022959cb0000 - 0x0000022959cb4000 	C:\Users\Gabriel\.openjfx\cache\13\api-ms-win-crt-stdio-l1-1-0.dll
0x0000022959cc0000 - 0x0000022959cc4000 	C:\Users\Gabriel\.openjfx\cache\13\api-ms-win-crt-string-l1-1-0.dll
0x0000022959cd0000 - 0x0000022959cd3000 	C:\Users\Gabriel\.openjfx\cache\13\api-ms-win-crt-time-l1-1-0.dll
0x0000022959ce0000 - 0x0000022959ce3000 	C:\Users\Gabriel\.openjfx\cache\13\api-ms-win-crt-utility-l1-1-0.dll
0x00007ffbba890000 - 0x00007ffbba98c000 	C:\Users\Gabriel\.openjfx\cache\13\ucrtbase.dll
0x00007ffbd3e70000 - 0x00007ffbd3e85000 	C:\Users\Gabriel\.openjfx\cache\13\vcruntime140.dll
0x00007ffbbf6a0000 - 0x00007ffbbf73b000 	C:\Users\Gabriel\.openjfx\cache\13\msvcp140.dll
0x00007ffbc1980000 - 0x00007ffbc19d1000 	C:\Users\Gabriel\.openjfx\cache\13\concrt140.dll
0x00007ffbc2ca0000 - 0x00007ffbc2cc3000 	C:\Users\Gabriel\.openjfx\cache\13\prism_d3d.dll
0x00007ffbd2220000 - 0x00007ffbd23ef000 	C:\Windows\system32\d3d9.dll
0x00007ffbe3900000 - 0x00007ffbe392f000 	C:\Windows\SYSTEM32\dwmapi.dll
0x00007ffbe3720000 - 0x00007ffbe37be000 	C:\Windows\system32\uxtheme.dll
0x00007ffb65c40000 - 0x00007ffb6b44d000 	C:\Windows\System32\DriverStore\FileRepository\igdlh64.inf_amd64_6d1fd205efa7f979\igdumdim64.dll
0x00007ffbe7f60000 - 0x00007ffbe802d000 	C:\Windows\System32\OLEAUT32.dll
0x00007ffbe7060000 - 0x00007ffbe718a000 	C:\Windows\System32\ole32.dll
0x00007ffbe7280000 - 0x00007ffbe76e8000 	C:\Windows\System32\SETUPAPI.dll
0x00007ffbe6630000 - 0x00007ffbe667e000 	C:\Windows\System32\cfgmgr32.dll
0x00007ffbe6030000 - 0x00007ffbe6057000 	C:\Windows\System32\bcrypt.dll
0x00007ffbc0260000 - 0x00007ffbc02a5000 	C:\Users\Gabriel\.openjfx\cache\13\glass.dll
0x00007ffbe7190000 - 0x00007ffbe726a000 	C:\Windows\System32\COMDLG32.dll
0x00007ffbe76f0000 - 0x00007ffbe7805000 	C:\Windows\System32\MSCTF.dll
0x00007ffbd8840000 - 0x00007ffbd999e000 	C:\Windows\System32\DriverStore\FileRepository\igdlh64.inf_amd64_6d1fd205efa7f979\igc64.dll
0x00007ffbdb820000 - 0x00007ffbdb85b000 	C:\Windows\SYSTEM32\dxcore.dll
0x00007ffbc1960000 - 0x00007ffbc1974000 	C:\Users\Gabriel\.openjfx\cache\13\javafx_font.dll
0x00007ffbca680000 - 0x00007ffbca8ff000 	C:\Windows\SYSTEM32\dwrite.dll
0x00007ffbe6aa0000 - 0x00007ffbe6b4f000 	C:\Windows\System32\clbcatq.dll
0x00007ffbde9d0000 - 0x00007ffbdeb84000 	C:\Windows\SYSTEM32\WindowsCodecs.dll
0x00007ffbc8420000 - 0x00007ffbc845e000 	C:\Windows\system32\dataexchange.dll
0x00007ffbe1af0000 - 0x00007ffbe1d53000 	C:\Windows\system32\d3d11.dll
0x00007ffbe2780000 - 0x00007ffbe2963000 	C:\Windows\system32\dcomp.dll
0x00007ffbe45f0000 - 0x00007ffbe46e3000 	C:\Windows\system32\dxgi.dll
0x00007ffbdef60000 - 0x00007ffbdf160000 	C:\Windows\system32\twinapi.appcore.dll
0x00007ffbdeda0000 - 0x00007ffbdedd4000 	C:\Program Files\Common Files\Microsoft Shared\Ink\rtscom.dll
0x00007ffbce590000 - 0x00007ffbce689000 	C:\Windows\SYSTEM32\textinputframework.dll
0x00007ffbe2970000 - 0x00007ffbe2cce000 	C:\Windows\System32\CoreUIComponents.dll
0x00007ffbe3050000 - 0x00007ffbe3142000 	C:\Windows\System32\CoreMessaging.dll
0x00007ffbe4ec0000 - 0x00007ffbe4ef3000 	C:\Windows\SYSTEM32\ntmarta.dll
0x00007ffbe1990000 - 0x00007ffbe1ae4000 	C:\Windows\SYSTEM32\wintypes.dll
0x00007ffbd86f0000 - 0x00007ffbd8756000 	C:\Windows\system32\Oleacc.dll

dbghelp: loaded successfully - version: 4.0.5 - missing functions: none
symbol engine: initialized successfully - sym options: 0x614 - pdb path: .;C:\Program Files\Java\jdk-19\bin;C:\Windows\SYSTEM32;C:\Windows\WinSxS\amd64_microsoft.windows.common-controls_6595b64144ccf1df_6.0.19041.1110_none_60b5254171f9507e;C:\Program Files\Java\jdk-19\bin\server;C:\Users\Gabriel\.openjfx\cache\13;C:\Windows\System32\DriverStore\FileRepository\igdlh64.inf_amd64_6d1fd205efa7f979;C:\Program Files\Common Files\Microsoft Shared\Ink

VM Arguments:
jvm_args: --module-path=C:\Users\Gabriel\Downloads\teste4\Trabalho-Final-POO\batalha-pokemon\target\classes;C:\Users\Gabriel\.m2\repository\org\openjfx\javafx-base\13\javafx-base-13-win.jar;C:\Users\Gabriel\.m2\repository\org\openjfx\javafx-controls\13\javafx-controls-13-win.jar;C:\Users\Gabriel\.m2\repository\org\openjfx\javafx-fxml\13\javafx-fxml-13-win.jar;C:\Users\Gabriel\.m2\repository\org\openjfx\javafx-graphics\13\javafx-graphics-13-win.jar --add-modules=poo -Djdk.module.main=poo 
java_command: poo/poo.App
java_class_path (initial): C:\Users\Gabriel\.m2\repository\org\openjfx\javafx-base\13\javafx-base-13.jar;C:\Users\Gabriel\.m2\repository\org\openjfx\javafx-controls\13\javafx-controls-13.jar;C:\Users\Gabriel\.m2\repository\org\openjfx\javafx-fxml\13\javafx-fxml-13.jar;C:\Users\Gabriel\.m2\repository\org\openjfx\javafx-graphics\13\javafx-graphics-13.jar
Launcher Type: SUN_STANDARD

[Global flags]
     intx CICompilerCount                          = 4                                         {product} {ergonomic}
     uint ConcGCThreads                            = 2                                         {product} {ergonomic}
     uint G1ConcRefinementThreads                  = 8                                         {product} {ergonomic}
   size_t G1HeapRegionSize                         = 1048576                                   {product} {ergonomic}
    uintx GCDrainStackTargetSize                   = 64                                        {product} {ergonomic}
   size_t InitialHeapSize                          = 134217728                                 {product} {ergonomic}
   size_t MarkStackSize                            = 4194304                                   {product} {ergonomic}
   size_t MaxHeapSize                              = 2128609280                                {product} {ergonomic}
   size_t MaxNewSize                               = 1277165568                                {product} {ergonomic}
   size_t MinHeapDeltaBytes                        = 1048576                                   {product} {ergonomic}
   size_t MinHeapSize                              = 8388608                                   {product} {ergonomic}
    uintx NonNMethodCodeHeapSize                   = 5839372                                {pd product} {ergonomic}
    uintx NonProfiledCodeHeapSize                  = 122909434                              {pd product} {ergonomic}
    uintx ProfiledCodeHeapSize                     = 122909434                              {pd product} {ergonomic}
    uintx ReservedCodeCacheSize                    = 251658240                              {pd product} {ergonomic}
     bool SegmentedCodeCache                       = true                                      {product} {ergonomic}
   size_t SoftMaxHeapSize                          = 2128609280                             {manageable} {ergonomic}
     bool UseCompressedClassPointers               = true                           {product lp64_product} {ergonomic}
     bool UseCompressedOops                        = true                           {product lp64_product} {ergonomic}
     bool UseG1GC                                  = true                                      {product} {ergonomic}
     bool UseLargePagesIndividualAllocation        = false                                  {pd product} {ergonomic}

Logging:
Log output configuration:
 #0: stdout all=off uptime,level,tags foldmultilines=false
 #1: stderr all=off uptime,level,tags foldmultilines=false

Environment Variables:
JAVA_HOME=C:\Program Files\Java\jdk-19
PATH=C:\Program Files\Common Files\Oracle\Java\javapath;C:\Program Files\Eclipse Adoptium\jdk-17.0.4.101-hotspot\bin;C:\Program Files (x86)\Common Files\Oracle\Java\javapath;C:\Windows\system32;C:\Windows;C:\Windows\System32\Wbem;C:\Windows\System32\WindowsPowerShell\v1.0\;C:\Windows\System32\OpenSSH\;C:\Program Files\Git\cmd;C:\Users\Gabriel\AppData\Local\Microsoft\WindowsApps;C:\Users\Gabriel\AppData\Local\Programs\Microsoft VS Code\bin;C:\Users\Gabriel\AppData\Local\GitHubDesktop\bin;C:\Program Files (x86)\Maven\apache-maven-3.8.6\bin;C:\Program Files\Java\jdk-19\bin;
USERNAME=Gabriel
LANG=pt_BR.UTF-8
OS=Windows_NT
PROCESSOR_IDENTIFIER=Intel64 Family 6 Model 94 Stepping 3, GenuineIntel
TMP=C:\Users\Gabriel\AppData\Local\Temp
TEMP=C:\Users\Gabriel\AppData\Local\Temp



---------------  S Y S T E M  ---------------

OS:
 Windows 10 , 64 bit Build 19041 (10.0.19041.2251)
OS uptime: 2 days 1:14 hours

CPU: total 8 (initial active 8) (4 cores per cpu, 2 threads per core) family 6 model 94 stepping 3 microcode 0xcc, cx8, cmov, fxsr, ht, mmx, 3dnowpref, sse, sse2, sse3, ssse3, sse4.1, sse4.2, popcnt, lzcnt, tsc, tscinvbit, avx, avx2, aes, erms, clmul, bmi1, bmi2, rtm, adx, fma, vzeroupper, clflush, clflushopt, rdtscp

Memory: 4k page, system-wide physical 8112M (843M free)
TotalPageFile size 19888M (AvailPageFile size 7919M)
current process WorkingSet (physical memory assigned to process): 181M, peak: 205M
current process commit charge ("private bytes"): 309M, peak: 334M

vm_info: Java HotSpot(TM) 64-Bit Server VM (19.0.1+10-21) for windows-amd64 JRE (19.0.1+10-21), built on 2022-09-14T12:45:06Z by "mach5one" with MS VC++ 17.1 (VS2022)

END.
